0 1 38 42 1 0
0 1 50 39 0 0
0 1 14 5 1 4
0 1 98 16 0 3
0 1 138 34 0 1
0 1 49 9 0 3
0 1 31 27 0 5
0 1 111 16 0 2
0 1 4 10 1 2
0 1 68 4 0 4
0 1 7 41 1 0
0 1 135 33 1 1
0 1 36 1 0 0
0 1 37 30 1 4
0 1 53 9 1 0
0 1 2 2 0 1
0 1 1 11 0 1
0 1 61 22 1 5
0 1 128 43 0 3
0 1 46 48 1 1
0 1 140 19 1 2
0 1 1 49 1 5
0 1 74 2 1 2
0 1 73 18 0 5
0 1 42 25 0 5
0 1 98 25 1 4
0 1 96 17 1 1
0 1 97 18 0 4
0 1 12 3 1 5
0 1 51 12 0 4
0 1 112 13 1 2
0 1 87 3 0 3
0 1 95 9 0 1
0 1 148 47 0 2
0 1 13 39 1 3
0 1 136 34 0 3
0 1 0 45 1 5
0 1 94 0 1 5
0 1 89 30 0 0
0 1 5 46 1 1
0 1 40 15 0 5
0 1 63 31 1 3
0 1 11 0 0 0
0 1 22 24 0 2
0 1 17 36 1 5
0 1 145 11 0 4
0 1 129 33 1 3
0 1 104 21 1 1
0 1 16 11 0 2
0 1 101 8 0 1
0 1 23 5 1 5
0 1 125 22 0 2
0 1 117 47 0 4
0 1 21 20 0 5
0 1 90 19 0 5
0 1 27 33 1 2
0 1 37 42 0 3
0 1 30 31 0 5
0 1 53 29 0 3
0 1 73 24 1 0
0 1 0 30 0 3
0 1 54 36 1 4
0 1 100 1 1 5
0 1 35 32 1 2
0 1 9 14 0 3
0 1 32 40 0 0
0 1 48 7 0 3
0 1 58 17 0 2
0 1 69 8 0 0
0 1 87 28 1 2
0 1 101 35 1 3
0 1 77 13 1 3
0 1 52 33 0 5
0 1 20 38 1 0
0 1 28 6 0 4
0 1 123 29 1 0
0 1 114 44 0 3
0 1 123 23 0 5
0 1 52 26 1 3
0 1 32 36 1 0
0 1 76 17 0 3
0 1 72 21 1 3
0 1 28 16 1 1
0 1 26 11 1 0
0 1 64 46 1 0
0 1 99 35 1 2
0 1 42 22 1 1
0 1 78 19 0 1
0 1 61 26 0 4
0 1 91 7 1 5
0 1 70 31 1 1
0 1 57 20 0 2
0 1 17 40 0 3
0 1 74 11 0 5
0 1 143 42 1 2
0 1 12 0 0 3
0 1 22 43 1 2
0 1 36 38 1 4
0 1 112 14 0 4
0 1 147 32 1 4
0 1 65 48 1 0
0 1 54 1 0 3
0 1 88 47 0 1
0 1 31 7 1 4
0 1 109 13 0 1
0 1 93 48 1 5
0 1 72 21 0 2
0 1 79 12 0 2
0 1 21 23 1 2
0 1 60 46 1 2
0 1 139 34 0 2
0 1 140 44 0 2
0 1 126 5 0 1
0 1 113 40 1 5
0 1 58 7 1 2
0 1 5 45 0 3
0 1 83 43 1 5
0 1 56 37 1 4
0 1 84 18 1 3
0 1 14 6 0 0
0 1 60 26 0 1
0 1 107 43 1 1
0 1 15 25 1 3
0 1 71 20 1 4
0 1 146 4 1 2
0 1 25 4 1 5
0 1 130 29 1 5
0 1 124 34 1 5
0 1 19 10 1 0
0 1 10 32 0 3
0 1 118 28 1 4
0 1 76 2 1 3
0 1 78 25 1 2
0 1 103 13 0 0
0 1 59 35 0 4
0 1 80 37 1 0
0 1 89 8 1 3
0 1 57 8 1 5
0 1 56 18 0 0
0 1 130 6 0 1
0 1 109 17 1 0
0 1 131 0 0 2
0 1 115 45 0 0
0 1 99 32 0 0
0 1 25 45 0 2
0 1 93 12 0 5
0 1 26 25 0 1
0 1 24 42 1 5
0 1 126 36 1 1
0 1 121 2 1 4
0 1 141 18 1 1
0 1 120 24 1 1
0 1 46 28 0 3
0 1 9 49 1 4
0 1 35 41 0 5
0 1 85 27 0 0
0 1 107 3 0 4
0 1 108 41 1 1
0 1 44 31 1 4
0 1 3 8 0 2
0 1 55 6 0 3
0 1 34 23 0 3
0 1 8 37 1 3
0 1 90 37 1 1
0 1 134 46 1 5
0 1 45 29 0 2
0 1 135 19 0 4
0 1 45 40 1 4
0 1 97 21 1 4
0 1 23 30 0 5
0 1 41 12 0 1
0 1 8 20 0 1
0 1 117 5 1 0
0 1 6 28 0 5
0 1 69 46 1 3
0 1 120 16 0 4
0 1 38 1 0 1
0 1 47 35 0 1
0 1 143 22 0 0
0 1 116 47 1 3
0 1 144 3 0 0
0 1 146 47 0 5
0 1 81 17 0 4
0 1 82 41 0 3
0 1 138 42 1 1
0 1 148 3 1 2
0 1 10 21 1 0
0 1 96 31 0 0
0 1 92 49 1 3
0 1 27 37 0 5
0 1 49 34 1 0
0 1 39 14 0 2
0 1 119 48 1 3
0 1 50 26 1 2
0 1 34 23 1 0
0 1 30 7 1 0
0 1 62 27 1 4
0 1 139 36 1 2
0 1 20 38 0 1
0 1 142 24 1 4
0 1 102 9 0 2
0 1 77 49 0 1
0 1 59 39 1 4
0 1 94 20 0 0
0 1 86 33 0 0
0 1 11 15 1 4
0 1 3 10 1 3
0 1 119 2 0 0
0 1 83 32 0 5
0 1 147 13 0 4
0 1 149 15 1 0
0 1 2 47 1 0
0 1 55 28 1 0
0 1 136 10 1 4
0 1 110 14 1 5
0 1 62 27 0 2
0 1 51 4 1 1
0 1 80 35 0 0
0 1 106 9 0 5
0 1 91 27 0 1
0 1 142 12 0 3
0 1 6 38 1 3
0 1 68 41 1 4
0 1 144 49 1 2
0 1 134 38 0 2
0 1 122 40 0 1
0 1 48 23 1 4
0 1 7 1 0 4
0 1 65 4 0 3
0 1 114 22 1 3
0 1 111 18 1 2
0 1 19 11 0 3
0 1 106 6 1 5
0 1 66 45 0 1
0 1 39 19 1 0
0 1 64 45 0 4
0 1 141 30 0 2
0 1 63 48 0 4
0 1 75 39 0 2
0 1 82 44 1 1
0 1 133 0 0 1
0 1 118 44 0 5
0 1 132 9 0 4
0 1 137 29 1 4
0 1 29 7 0 1
0 1 92 6 0 2
0 1 81 2 1 5
0 1 67 15 1 1
0 1 13 10 0 5
0 1 15 24 0 3
0 1 149 26 0 5
0 1 132 21 1 5
0 1 105 43 1 4
0 1 43 35 1 5
0 1 84 16 0 0
0 1 71 15 0 2
0 1 108 22 0 4
0 1 104 44 0 4
0 1 70 4 0 0
0 1 105 39 0 5
0 1 131 34 1 4
0 1 66 5 1 3
0 1 88 3 1 1
0 1 40 46 1 4
0 1 67 28 0 1
0 1 18 14 1 1
0 1 24 49 0 0
0 1 75 5 1 2
0 1 47 27 1 3
0 1 110 33 0 4
