0 1 118 5 0 3
0 1 29 29 1 2
0 1 20 24 1 2
0 1 23 34 1 0
0 1 32 38 1 0
0 1 18 29 1 1
0 1 95 28 0 3
0 1 126 11 0 5
0 1 2 47 0 3
0 1 138 29 0 4
0 1 128 34 1 1
0 1 53 19 1 4
0 1 34 36 0 0
0 1 33 46 1 1
0 1 59 11 1 1
0 1 107 41 0 4
0 1 134 24 1 4
0 1 142 16 0 3
0 1 61 44 1 3
0 1 82 31 0 5
0 1 124 32 0 5
0 1 141 10 0 1
0 1 29 17 0 5
0 1 149 46 1 4
0 1 110 17 1 1
0 1 115 6 1 2
0 1 1 47 0 2
0 1 44 5 0 4
0 1 54 37 1 0
0 1 60 26 0 0
0 1 97 27 1 2
0 1 67 11 0 2
0 1 131 31 0 1
0 1 147 14 0 4
0 1 45 30 1 3
0 1 98 23 0 2
0 1 57 39 0 3
0 1 19 42 0 2
0 1 35 8 1 2
0 1 62 12 1 2
0 1 76 40 0 5
0 1 79 33 0 5
0 1 36 43 0 0
0 1 117 36 1 1
0 1 105 2 0 0
0 1 88 1 1 5
0 1 25 32 1 4
0 1 91 12 0 1
0 1 66 38 0 2
0 1 93 34 1 5
0 1 52 35 0 5
0 1 72 44 1 4
0 1 147 30 1 2
0 1 70 3 1 5
0 1 5 9 0 4
0 1 39 21 0 4
0 1 6 9 0 5
0 1 85 37 1 2
0 1 114 19 1 5
0 1 72 6 0 1
0 1 21 3 0 3
0 1 63 7 0 1
0 1 1 48 1 0
0 1 113 18 0 5
0 1 120 15 1 0
0 1 61 5 0 5
0 1 50 22 1 3
0 1 55 32 1 3
0 1 38 27 0 1
0 1 40 30 1 1
0 1 47 23 1 3
0 1 42 35 1 2
0 1 99 37 0 4
0 1 4 4 0 4
0 1 52 41 1 2
0 1 121 45 1 3
0 1 116 8 1 5
0 1 62 16 0 2
0 1 116 22 0 1
0 1 41 39 1 4
0 1 30 9 1 0
0 1 46 0 0 0
0 1 141 26 1 1
0 1 130 49 0 3
0 1 53 0 0 3
0 1 40 10 0 3
0 1 10 33 0 2
0 1 137 13 1 2
0 1 104 41 1 3
0 1 102 3 1 2
0 1 9 48 1 5
0 1 85 39 0 2
0 1 60 18 1 3
0 1 132 49 0 1
0 1 145 13 0 4
0 1 149 20 0 5
0 1 43 24 0 5
0 1 22 25 1 2
0 1 106 2 0 2
0 1 3 33 0 4
0 1 26 15 1 4
0 1 122 44 0 2
0 1 5 17 1 3
0 1 19 17 1 2
0 1 94 1 1 0
0 1 74 20 1 3
0 1 121 9 0 1
0 1 146 31 0 2
0 1 55 20 0 2
0 1 112 25 0 1
0 1 14 32 1 1
0 1 27 38 0 1
0 1 71 23 1 1
0 1 146 33 1 1
0 1 31 8 0 3
0 1 13 41 0 1
0 1 89 26 1 5
0 1 144 45 1 2
0 1 137 40 0 0
0 1 123 7 1 3
0 1 50 29 0 5
0 1 125 43 0 4
0 1 71 2 0 4
0 1 14 21 0 2
0 1 113 16 1 0
0 1 69 28 0 4
0 1 126 4 1 5
0 1 77 15 1 2
0 1 142 31 1 3
0 1 148 42 0 0
0 1 3 36 1 4
0 1 101 13 1 0
0 1 140 15 0 1
0 1 10 30 1 5
0 1 91 13 1 5
0 1 70 25 0 3
0 1 63 26 1 2
0 1 143 4 0 3
0 1 118 43 1 3
0 1 31 8 1 1
0 1 111 26 0 3
0 1 134 18 0 2
0 1 23 3 0 4
0 1 119 42 0 4
0 1 96 25 0 0
0 1 135 44 1 5
0 1 133 38 0 3
0 1 127 38 1 4
0 1 11 27 1 3
0 1 7 22 1 4
0 1 117 45 0 4
0 1 27 36 1 5
0 1 124 21 1 0
0 1 119 18 1 1
0 1 111 46 1 5
0 1 39 49 1 5
0 1 87 28 0 1
0 1 87 45 1 1
0 1 22 48 0 2
0 1 122 12 1 0
0 1 24 36 1 3
0 1 69 3 1 0
0 1 80 16 1 1
0 1 109 24 0 1
0 1 6 0 1 4
0 1 26 28 0 5
0 1 82 37 1 3
0 1 54 45 0 5
0 1 37 13 0 1
0 1 96 48 1 3
0 1 114 39 0 0
0 1 129 6 0 0
0 1 100 20 0 1
0 1 120 33 0 0
0 1 73 19 0 3
0 1 66 10 1 0
0 1 123 47 0 4
0 1 127 32 0 0
0 1 108 5 0 1
0 1 77 11 0 3
0 1 135 23 0 5
0 1 15 34 0 3
0 1 132 47 1 5
0 1 9 30 0 4
0 1 44 4 1 2
0 1 130 49 1 0
0 1 25 24 0 3
0 1 95 37 1 1
0 1 86 35 1 4
0 1 56 6 0 3
0 1 58 35 0 0
0 1 136 20 0 0
0 1 36 1 1 3
0 1 107 17 1 4
0 1 13 8 1 0
0 1 49 14 0 5
0 1 48 7 0 4
0 1 144 0 0 1
0 1 41 27 0 4
0 1 15 14 1 2
0 1 59 49 0 2
0 1 79 37 1 5
0 1 76 40 1 3
0 1 102 2 0 1
0 1 17 2 1 3
0 1 136 22 1 5
0 1 89 40 0 4
0 1 93 6 0 5
0 1 65 28 1 0
0 1 0 35 0 1
0 1 16 46 1 0
0 1 67 12 1 3
0 1 12 7 1 5
0 1 83 48 0 4
0 1 129 12 1 5
0 1 97 29 0 0
0 1 109 41 1 5
0 1 139 43 0 1
0 1 65 5 0 0
0 1 45 31 0 4
0 1 105 10 1 4
0 1 37 16 1 4
0 1 42 42 0 3
0 1 94 27 0 5
0 1 30 0 0 5
0 1 28 23 1 0
0 1 115 20 0 4
0 1 81 44 0 0
0 1 4 43 1 5
0 1 20 34 0 2
0 1 75 25 1 4
0 1 106 21 1 5
0 1 83 19 1 2
0 1 11 47 0 1
0 1 133 34 1 4
0 1 90 9 1 2
0 1 104 15 0 3
0 1 145 10 1 5
0 1 138 1 1 4
0 1 101 21 0 3
0 1 64 14 1 1
0 1 49 4 1 0
0 1 98 14 1 3
0 1 103 18 1 0
0 1 28 1 0 2
0 1 112 7 1 0
0 1 12 49 0 4
0 1 73 11 1 0
0 1 108 29 1 3
0 1 84 42 0 5
0 1 81 46 1 3
0 1 92 18 1 4
0 1 16 39 0 1
0 1 128 45 0 0
0 1 78 17 0 0
0 1 92 11 0 4
0 1 131 23 1 4
0 1 74 40 0 2
0 1 34 22 1 2
0 1 139 2 1 5
0 1 58 25 1 5
0 1 7 19 0 0
0 1 80 39 0 5
0 1 21 30 1 0
0 1 99 4 1 1
0 1 84 13 1 3
0 1 35 19 0 1
0 1 86 3 0 1
0 1 56 8 1 4
0 1 51 22 1 0
