0 1 6 42 0 0
0 1 84 47 0 4
0 1 79 4 0 2
0 1 2 38 0 3
0 1 140 44 0 4
0 1 96 30 1 0
0 1 29 6 1 2
0 1 133 25 1 5
0 1 131 2 0 1
0 1 51 40 1 2
0 1 97 3 0 4
0 1 71 38 0 5
0 1 111 39 0 4
0 1 86 9 0 4
0 1 75 43 0 4
0 1 73 10 1 5
0 1 43 12 0 3
0 1 25 24 0 5
0 1 104 44 0 2
0 1 118 35 1 1
0 1 147 43 1 0
0 1 123 39 1 3
0 1 55 25 0 4
0 1 38 2 0 2
0 1 59 11 1 3
0 1 137 7 0 5
0 1 93 45 1 3
0 1 141 28 0 5
0 1 44 5 1 3
0 1 24 8 1 1
0 1 74 19 0 1
0 1 52 22 1 1
0 1 148 1 1 2
0 1 127 0 1 1
0 1 81 24 1 0
0 1 63 23 1 3
0 1 70 35 0 5
0 1 45 48 0 1
0 1 21 4 1 4
0 1 39 7 0 0
0 1 27 7 1 3
0 1 60 17 0 1
0 1 4 12 0 1
0 1 57 37 0 1
0 1 38 18 1 3
0 1 129 40 0 0
0 1 78 43 1 3
0 1 34 27 0 2
0 1 102 46 0 4
0 1 110 5 1 4
0 1 54 10 0 4
0 1 64 46 1 5
0 1 98 3 1 5
0 1 45 37 1 0
0 1 145 10 0 3
0 1 122 10 1 1
0 1 143 32 0 1
0 1 7 48 0 4
0 1 138 34 0 5
0 1 86 31 1 4
0 1 54 41 1 5
0 1 68 12 0 4
0 1 88 16 1 3
0 1 13 20 1 2
0 1 92 33 0 5
0 1 1 8 1 5
0 1 129 22 1 4
0 1 28 15 0 3
0 1 93 39 0 0
0 1 114 29 1 1
0 1 70 9 1 0
0 1 114 17 0 3
0 1 101 47 0 0
0 1 53 5 0 5
0 1 121 14 1 3
0 1 143 37 1 2
0 1 111 20 1 1
0 1 66 13 0 5
0 1 116 36 0 3
0 1 77 41 0 1
0 1 94 10 0 2
0 1 61 35 1 3
0 1 98 36 0 5
0 1 138 49 1 5
0 1 103 27 0 3
0 1 52 27 0 1
0 1 33 19 0 2
0 1 99 45 0 0
0 1 139 3 1 3
0 1 94 29 1 5
0 1 49 30 1 1
0 1 126 21 0 4
0 1 20 41 0 2
0 1 110 0 0 4
0 1 109 33 0 0
0 1 147 32 0 5
0 1 146 21 1 5
0 1 26 1 1 0
0 1 100 21 1 0
0 1 112 14 1 2
0 1 62 39 1 2
0 1 67 7 1 4
0 1 124 42 1 4
0 1 137 43 1 2
0 1 30 27 0 4
0 1 77 40 1 3
0 1 106 33 0 3
0 1 99 15 1 0
0 1 5 35 0 4
0 1 10 48 0 5
0 1 144 26 0 4
0 1 122 26 0 5
0 1 119 18 0 0
0 1 65 38 0 0
0 1 46 37 1 3
0 1 26 29 0 0
0 1 106 49 1 3
0 1 56 39 1 5
0 1 131 14 1 5
0 1 113 23 1 4
0 1 82 45 0 2
0 1 3 20 1 5
0 1 47 16 0 2
0 1 78 0 0 2
0 1 117 1 1 3
0 1 41 25 1 3
0 1 134 6 1 4
0 1 107 40 0 5
0 1 62 11 0 4
0 1 149 31 1 5
0 1 91 49 0 1
0 1 119 22 1 3
0 1 124 32 0 4
0 1 49 24 0 2
0 1 148 36 0 1
0 1 50 45 1 1
0 1 105 31 1 3
0 1 48 44 1 3
0 1 42 24 0 3
0 1 109 45 1 5
0 1 42 6 1 0
0 1 89 2 1 5
0 1 58 19 0 0
0 1 66 26 1 0
0 1 141 31 1 0
0 1 22 44 0 1
0 1 17 35 1 0
0 1 117 5 0 1
0 1 142 29 1 2
0 1 105 12 0 2
0 1 48 17 0 5
0 1 3 32 0 3
0 1 121 11 0 2
0 1 7 28 1 0
0 1 31 49 0 4
0 1 72 25 1 0
0 1 115 23 0 2
0 1 41 46 0 1
0 1 4 26 1 2
0 1 36 3 1 2
0 1 28 46 1 2
0 1 75 12 1 5
0 1 29 22 0 0
0 1 59 9 0 2
0 1 61 23 0 0
0 1 17 28 0 2
0 1 64 4 0 5
0 1 146 2 0 3
0 1 79 38 1 1
0 1 35 18 0 5
0 1 55 11 1 0
0 1 95 40 0 4
0 1 37 15 0 2
0 1 142 30 0 3
0 1 33 1 1 4
0 1 43 48 1 3
0 1 71 27 1 0
0 1 18 13 0 4
0 1 118 23 0 1
0 1 96 32 0 0
0 1 126 19 1 4
0 1 44 26 0 1
0 1 19 34 0 3
0 1 82 8 1 4
0 1 85 18 1 2
0 1 76 37 1 5
0 1 34 3 1 0
0 1 31 47 1 1
0 1 32 33 1 4
0 1 37 15 1 4
0 1 13 13 0 3
0 1 123 37 0 4
0 1 91 0 1 5
0 1 27 3 0 1
0 1 21 41 0 0
0 1 115 4 1 0
0 1 101 13 1 1
0 1 5 11 1 5
0 1 68 9 1 5
0 1 103 5 1 0
0 1 15 43 1 5
0 1 140 16 1 1
0 1 80 21 1 2
0 1 134 34 0 2
0 1 149 25 0 2
0 1 11 28 1 3
0 1 81 28 0 1
0 1 74 38 1 2
0 1 6 42 1 2
0 1 132 41 1 3
0 1 47 0 1 3
0 1 128 17 0 2
0 1 144 16 1 0
0 1 135 13 0 2
0 1 9 34 0 1
0 1 69 31 0 1
0 1 108 39 1 1
0 1 9 1 1 1
0 1 25 36 1 0
0 1 53 29 1 4
0 1 32 17 0 0
0 1 30 33 1 1
0 1 67 24 0 1
0 1 125 42 1 1
0 1 63 2 0 4
0 1 1 6 0 5
0 1 39 46 1 0
0 1 50 22 0 2
0 1 56 18 0 4
0 1 60 14 1 1
0 1 87 49 0 2
0 1 83 15 0 1
0 1 89 8 0 0
0 1 125 24 0 4
0 1 85 8 0 2
0 1 83 30 1 2
0 1 80 6 0 1
0 1 112 7 0 2
0 1 100 30 0 4
0 1 35 4 1 3
0 1 87 44 1 0
0 1 23 16 1 5
0 1 130 48 1 0
0 1 16 19 0 5
0 1 90 47 1 5
0 1 136 47 0 2
0 1 84 15 1 5
0 1 15 2 0 0
0 1 139 33 0 2
0 1 0 36 0 2
0 1 132 34 0 0
0 1 108 41 0 4
0 1 18 48 1 2
0 1 97 42 1 5
0 1 72 20 0 3
0 1 130 34 0 4
0 1 135 42 1 3
0 1 120 20 0 0
0 1 88 0 0 0
0 1 24 12 0 0
0 1 14 21 0 1
0 1 133 9 0 3
0 1 73 30 0 5
0 1 90 43 0 1
0 1 113 23 0 5
0 1 46 14 0 4
0 1 19 25 1 1
0 1 65 38 1 4
0 1 12 32 1 2
0 1 12 17 0 4
