0 1 124 27 1 3
0 1 39 15 0 2
0 1 8 16 1 1
0 1 58 37 0 5
0 1 137 16 1 4
0 1 114 32 1 3
0 1 74 44 0 4
0 1 40 47 1 0
0 1 110 36 1 0
0 1 98 48 0 1
0 1 138 33 0 1
0 1 102 37 1 3
0 1 140 25 0 0
0 1 51 17 1 1
0 1 100 44 1 0
0 1 13 17 0 3
0 1 139 36 1 2
0 1 45 12 0 3
0 1 108 46 0 4
0 1 26 22 1 4
0 1 44 26 0 4
0 1 113 21 0 5
0 1 53 1 1 0
0 1 33 42 0 3
0 1 49 25 0 5
0 1 62 0 0 3
0 1 115 38 1 0
0 1 76 38 1 5
0 1 38 26 1 3
0 1 84 30 0 4
0 1 82 29 1 1
0 1 61 21 1 2
0 1 110 29 0 3
0 1 141 11 0 2
0 1 0 45 1 2
0 1 0 41 0 0
0 1 13 4 1 0
0 1 20 4 0 3
0 1 122 0 1 0
0 1 80 20 0 4
0 1 123 14 1 1
0 1 127 32 0 4
0 1 135 13 0 5
0 1 38 22 0 1
0 1 102 14 0 3
0 1 80 18 1 0
0 1 86 46 1 3
0 1 123 24 0 1
0 1 16 0 0 1
0 1 28 49 1 4
0 1 17 36 0 3
0 1 42 2 0 0
0 1 4 9 0 2
0 1 63 3 1 2
0 1 130 46 0 1
0 1 64 13 1 0
0 1 85 49 0 0
0 1 125 49 0 1
0 1 103 14 1 0
0 1 57 10 1 4
0 1 56 6 0 0
0 1 55 26 0 2
0 1 135 26 1 1
0 1 104 7 0 2
0 1 30 47 1 2
0 1 137 27 0 1
0 1 109 7 0 4
0 1 92 8 1 2
0 1 59 20 1 2
0 1 58 4 1 5
0 1 105 40 1 5
0 1 34 45 0 1
0 1 104 31 1 0
0 1 73 35 0 3
0 1 26 24 0 2
0 1 9 29 1 5
0 1 52 30 1 2
0 1 92 48 0 4
0 1 78 2 0 1
0 1 24 19 1 4
0 1 41 39 1 4
0 1 32 20 0 0
0 1 86 8 0 5
0 1 136 18 1 1
0 1 36 28 0 1
0 1 144 29 1 4
0 1 106 12 0 1
0 1 8 3 0 4
0 1 121 42 1 0
0 1 149 5 1 3
0 1 43 5 0 2
0 1 48 25 0 1
0 1 68 19 0 2
0 1 21 9 1 4
0 1 69 4 0 2
0 1 21 31 0 5
0 1 37 20 1 5
0 1 148 39 1 2
0 1 145 5 1 0
0 1 93 11 0 4
0 1 57 28 0 2
0 1 119 42 0 1
0 1 59 27 0 2
0 1 78 43 1 4
0 1 39 13 1 1
0 1 51 32 0 5
0 1 52 35 0 5
0 1 136 33 0 5
0 1 50 10 0 1
0 1 44 34 1 4
0 1 87 31 0 4
0 1 79 37 0 1
0 1 45 17 1 2
0 1 19 47 0 3
0 1 72 45 1 0
0 1 121 44 0 1
0 1 118 44 0 3
0 1 19 13 1 4
0 1 97 19 1 5
0 1 120 3 0 3
0 1 66 7 1 1
0 1 10 33 0 4
0 1 117 43 0 0
0 1 48 28 1 0
0 1 46 23 1 0
0 1 28 33 0 2
0 1 27 34 0 2
0 1 67 6 0 5
0 1 96 42 1 2
0 1 7 23 1 3
0 1 120 34 1 0
0 1 23 18 1 4
0 1 138 40 1 4
0 1 7 0 0 5
0 1 67 41 1 1
0 1 84 48 1 0
0 1 49 46 1 0
0 1 115 21 0 1
0 1 61 5 0 1
0 1 31 40 0 2
0 1 126 8 1 3
0 1 107 23 1 5
0 1 127 13 1 3
0 1 146 17 0 0
0 1 90 28 0 4
0 1 134 38 0 4
0 1 147 12 1 5
0 1 82 27 0 4
0 1 143 31 1 1
0 1 5 24 1 3
0 1 24 43 0 2
0 1 12 11 0 3
0 1 47 3 0 1
0 1 2 37 1 2
0 1 90 35 1 4
0 1 117 2 1 4
0 1 3 48 0 2
0 1 88 33 0 0
0 1 96 9 0 3
0 1 11 11 1 1
0 1 99 30 1 0
0 1 95 9 1 5
0 1 100 22 0 5
0 1 54 15 1 5
0 1 73 15 1 1
0 1 134 36 1 1
0 1 89 39 1 0
0 1 60 16 0 0
0 1 126 2 0 3
0 1 77 24 0 4
0 1 23 14 0 4
0 1 142 47 1 5
0 1 128 26 0 5
0 1 76 15 0 0
0 1 109 4 1 4
0 1 56 14 1 2
0 1 144 45 0 4
0 1 1 18 1 2
0 1 83 28 1 5
0 1 43 1 1 5
0 1 106 10 1 3
0 1 75 10 1 2
0 1 81 40 0 0
0 1 143 3 0 0
0 1 108 21 1 4
0 1 87 0 1 4
0 1 70 49 0 3
0 1 37 41 0 5
0 1 91 9 0 0
0 1 32 16 1 2
0 1 64 44 0 5
0 1 54 12 0 4
0 1 128 27 1 5
0 1 17 26 1 0
0 1 133 35 1 1
0 1 22 29 0 2
0 1 35 1 0 4
0 1 34 16 1 3
0 1 145 48 0 5
0 1 60 41 1 3
0 1 35 1 1 1
0 1 14 16 1 5
0 1 98 34 1 3
0 1 71 15 0 3
0 1 46 10 0 5
0 1 22 36 1 4
0 1 72 22 0 3
0 1 25 18 1 3
0 1 148 30 0 3
0 1 111 38 0 2
0 1 139 7 0 3
0 1 15 25 0 2
0 1 93 1 1 2
0 1 18 12 1 0
0 1 15 39 1 3
0 1 140 36 1 5
0 1 118 8 1 4
0 1 132 32 1 2
0 1 16 37 1 4
0 1 53 6 0 2
0 1 42 32 1 0
0 1 77 42 1 5
0 1 129 6 1 4
0 1 146 40 1 3
0 1 70 22 1 2
0 1 27 43 1 5
0 1 91 19 1 0
0 1 66 8 0 0
0 1 74 25 1 3
0 1 113 49 1 5
0 1 62 47 1 1
0 1 10 21 1 0
0 1 14 39 0 5
0 1 50 24 1 5
0 1 30 2 0 5
0 1 114 5 0 5
0 1 47 20 1 3
0 1 3 34 1 5
0 1 112 11 1 0
0 1 131 17 1 5
0 1 5 23 0 4
0 1 69 46 1 5
0 1 4 28 1 3
0 1 107 45 0 3
0 1 85 10 1 0
0 1 63 23 0 2
0 1 41 31 0 3
0 1 36 41 1 2
0 1 25 43 0 1
0 1 119 21 1 3
0 1 125 7 1 5
0 1 105 20 0 1
0 1 9 35 0 2
0 1 101 30 0 1
0 1 141 32 1 1
0 1 33 2 1 2
0 1 6 6 0 3
0 1 55 29 1 0
0 1 99 0 0 2
0 1 83 12 0 2
0 1 20 7 1 0
0 1 129 19 0 3
0 1 81 39 1 1
0 1 132 17 0 4
0 1 68 41 1 4
0 1 29 6 0 1
0 1 65 25 0 4
0 1 18 46 0 2
0 1 71 9 1 1
0 1 2 22 0 0
