0 1 47 49 0 4
0 1 1 32 0 3
0 1 40 40 1 0
0 1 125 5 1 4
0 1 26 46 1 2
0 1 116 27 0 2
0 1 141 1 0 3
0 1 18 9 0 5
0 1 3 20 1 1
0 1 13 47 0 4
0 1 25 33 1 4
0 1 145 3 0 5
0 1 35 7 1 0
0 1 111 8 1 1
0 1 140 38 1 3
0 1 66 10 1 2
0 1 118 37 1 2
0 1 88 37 0 0
0 1 75 13 0 2
0 1 2 24 1 0
0 1 122 12 1 3
0 1 9 44 1 1
0 1 61 31 0 5
0 1 132 6 1 2
0 1 51 17 0 0
0 1 11 6 0 4
0 1 143 34 1 1
0 1 131 45 1 5
0 1 104 9 1 1
0 1 5 16 0 0
0 1 114 22 0 2
0 1 99 14 0 4
0 1 38 46 0 3
0 1 71 37 1 4
0 1 112 47 0 5
0 1 85 29 1 1
0 1 105 28 0 4
0 1 132 37 0 1
0 1 10 38 1 1
0 1 97 10 1 4
0 1 142 17 0 5
0 1 19 43 0 0
0 1 148 41 1 3
0 1 119 46 1 4
0 1 126 22 1 1
0 1 27 6 1 5
0 1 33 36 1 1
0 1 74 18 1 1
0 1 59 43 0 2
0 1 98 48 1 4
0 1 86 31 0 0
0 1 97 44 0 2
0 1 65 24 0 4
0 1 71 41 0 5
0 1 128 43 0 5
0 1 41 25 0 4
0 1 34 35 1 2
0 1 34 2 0 1
0 1 25 5 0 3
0 1 13 35 1 1
0 1 82 39 0 5
0 1 96 15 0 0
0 1 12 0 1 1
0 1 113 5 1 2
0 1 45 19 1 3
0 1 89 13 1 0
0 1 146 27 0 0
0 1 12 49 0 5
0 1 53 32 0 5
0 1 28 34 1 2
0 1 68 10 0 0
0 1 122 41 0 1
0 1 103 16 1 1
0 1 22 21 1 2
0 1 32 4 1 1
0 1 78 42 0 5
0 1 70 45 0 4
0 1 80 47 0 1
0 1 126 0 0 0
0 1 32 26 0 3
0 1 42 49 0 1
0 1 76 30 0 1
0 1 143 20 0 3
0 1 79 21 1 4
0 1 24 11 0 3
0 1 61 19 1 2
0 1 29 7 1 5
0 1 60 33 1 2
0 1 135 25 1 5
0 1 115 18 1 4
0 1 107 26 1 0
0 1 91 38 0 4
0 1 121 1 1 2
0 1 17 12 1 5
0 1 15 19 0 1
0 1 7 23 0 4
0 1 108 27 0 1
0 1 104 23 0 0
0 1 100 29 1 2
0 1 79 48 0 2
0 1 55 8 0 4
0 1 48 45 0 3
0 1 20 31 1 1
0 1 144 40 1 4
0 1 100 28 0 0
0 1 14 35 1 3
0 1 60 48 0 3
0 1 95 11 1 1
0 1 62 43 0 3
0 1 149 9 1 4
0 1 67 4 1 3
0 1 20 6 0 0
0 1 55 24 1 1
0 1 6 11 1 4
0 1 64 4 1 4
0 1 7 12 1 1
0 1 75 25 1 2
0 1 136 39 0 1
0 1 57 21 1 1
0 1 127 28 1 3
0 1 77 30 1 2
0 1 21 10 1 1
0 1 118 3 0 4
0 1 41 16 1 5
0 1 131 13 0 4
0 1 145 26 1 5
0 1 129 42 1 0
0 1 3 31 0 3
0 1 73 23 0 3
0 1 101 29 1 4
0 1 137 13 1 3
0 1 123 2 0 5
0 1 15 25 1 0
0 1 59 44 1 4
0 1 54 1 1 0
0 1 128 19 1 4
0 1 39 32 1 2
0 1 47 24 1 5
0 1 4 29 0 5
0 1 84 0 1 3
0 1 138 7 1 4
0 1 58 30 1 5
0 1 16 8 0 0
0 1 96 12 1 0
0 1 103 49 0 0
0 1 120 32 1 0
0 1 36 38 0 0
0 1 18 23 1 5
0 1 121 28 0 1
0 1 139 33 0 0
0 1 44 16 0 2
0 1 21 15 0 5
0 1 106 40 0 5
0 1 48 27 1 5
0 1 113 9 0 2
0 1 139 33 1 1
0 1 144 26 0 4
0 1 68 41 1 4
0 1 19 39 1 4
0 1 30 3 0 2
0 1 84 40 0 2
0 1 10 29 0 0
0 1 147 15 1 2
0 1 2 20 0 5
0 1 23 15 1 3
0 1 119 36 0 3
0 1 29 2 0 0
0 1 63 18 0 2
0 1 11 30 1 3
0 1 35 46 0 5
0 1 124 20 1 2
0 1 37 7 0 3
0 1 146 34 1 0
0 1 86 0 1 4
0 1 83 13 0 5
0 1 85 1 0 1
0 1 40 4 0 5
0 1 98 41 0 2
0 1 94 9 0 3
0 1 111 3 0 3
0 1 70 23 1 1
0 1 42 10 1 3
0 1 53 31 1 4
0 1 133 14 0 3
0 1 110 47 1 2
0 1 134 5 1 1
0 1 91 46 1 0
0 1 149 15 0 4
0 1 78 7 1 2
0 1 8 39 0 0
0 1 64 2 0 4
0 1 52 38 0 2
0 1 130 1 1 4
0 1 133 2 1 3
0 1 129 21 0 0
0 1 31 42 1 3
0 1 50 36 1 4
0 1 92 16 1 3
0 1 49 6 1 1
0 1 89 35 0 5
0 1 4 22 1 4
0 1 63 34 1 5
0 1 82 24 1 2
0 1 43 18 0 3
0 1 116 12 1 2
0 1 147 34 0 4
0 1 62 37 1 3
0 1 31 0 0 5
0 1 114 36 1 0
0 1 142 11 1 2
0 1 107 14 0 5
0 1 117 12 1 4
0 1 5 18 1 0
0 1 50 31 0 2
0 1 120 45 0 1
0 1 52 49 1 3
0 1 17 22 0 0
0 1 67 42 0 1
0 1 23 8 0 3
0 1 112 47 1 0
0 1 123 48 1 5
0 1 81 30 0 4
0 1 9 25 0 1
0 1 69 19 0 0
0 1 8 22 1 5
0 1 33 17 0 1
0 1 141 36 1 2
0 1 58 14 0 1
0 1 6 4 0 0
0 1 109 44 1 5
0 1 101 39 0 2
0 1 106 5 1 0
0 1 0 27 0 3
0 1 127 28 0 2
0 1 115 40 0 3
0 1 46 32 1 1
0 1 135 9 0 0
0 1 124 23 0 2
0 1 134 33 0 3
0 1 1 21 1 3
0 1 49 17 0 3
0 1 110 14 0 0
0 1 117 38 0 5
0 1 39 8 0 5
0 1 125 45 0 0
0 1 28 17 0 2
0 1 138 42 0 4
0 1 74 35 0 0
0 1 43 48 1 1
0 1 16 44 1 3
0 1 95 3 0 0
0 1 66 29 0 3
0 1 136 18 1 5
0 1 108 2 1 2
0 1 102 24 1 3
0 1 57 34 0 3
0 1 90 39 0 3
0 1 22 26 0 2
0 1 90 11 1 0
0 1 87 40 1 1
0 1 37 43 1 1
0 1 56 20 0 4
0 1 73 11 1 5
0 1 81 5 1 5
0 1 72 0 0 2
0 1 26 33 0 5
0 1 130 47 0 3
0 1 92 19 0 5
0 1 56 15 1 1
0 1 44 49 1 2
