0 1 80 28 1 2
0 1 3 42 0 3
0 1 68 12 1 1
0 1 105 8 1 3
0 1 20 23 0 1
0 1 147 9 1 1
0 1 85 7 0 4
0 1 73 1 0 5
0 1 24 49 0 0
0 1 47 18 0 1
0 1 117 30 0 0
0 1 119 42 1 1
0 1 76 24 0 0
0 1 139 21 1 5
0 1 68 31 0 2
0 1 136 31 0 0
0 1 51 17 1 1
0 1 46 38 1 5
0 1 5 20 0 1
0 1 103 48 1 4
0 1 120 17 0 5
0 1 84 0 1 2
0 1 0 39 0 1
0 1 74 46 0 3
0 1 116 32 1 2
0 1 120 40 1 2
0 1 25 35 1 3
0 1 67 46 0 1
0 1 35 2 0 5
0 1 10 26 0 0
0 1 108 6 1 1
0 1 118 8 1 0
0 1 92 28 0 4
0 1 135 45 0 1
0 1 139 45 0 3
0 1 9 15 1 4
0 1 12 16 1 0
0 1 113 3 1 5
0 1 145 48 1 2
0 1 133 24 0 3
0 1 7 22 1 0
0 1 33 25 1 3
0 1 114 24 1 1
0 1 15 1 1 2
0 1 32 36 0 2
0 1 119 47 0 5
0 1 81 3 1 3
0 1 11 2 1 1
0 1 106 37 1 0
0 1 135 12 1 2
0 1 26 12 0 3
0 1 46 4 0 0
0 1 1 0 1 1
0 1 115 27 0 0
0 1 126 46 0 4
0 1 96 11 0 0
0 1 58 7 1 2
0 1 54 42 1 0
0 1 101 18 1 2
0 1 94 19 1 5
0 1 37 11 1 2
0 1 45 37 0 4
0 1 90 6 1 3
0 1 51 26 0 5
0 1 126 18 1 4
0 1 124 31 0 3
0 1 121 41 0 2
0 1 86 23 1 5
0 1 56 43 0 1
0 1 87 16 1 1
0 1 12 14 0 4
0 1 108 28 0 1
0 1 112 29 1 2
0 1 29 44 0 5
0 1 102 0 1 5
0 1 133 2 1 4
0 1 102 20 0 0
0 1 3 36 1 4
0 1 10 33 1 0
0 1 107 45 0 4
0 1 111 33 1 4
0 1 39 20 0 3
0 1 28 4 1 4
0 1 89 21 1 1
0 1 23 9 1 0
0 1 25 21 0 4
0 1 121 25 1 4
0 1 78 34 1 2
0 1 91 47 0 4
0 1 129 15 1 1
0 1 61 14 1 3
0 1 92 24 1 2
0 1 131 33 1 3
0 1 48 13 1 4
0 1 134 34 1 0
0 1 63 26 0 2
0 1 71 13 1 2
0 1 145 16 0 3
0 1 33 33 0 2
0 1 144 35 0 5
0 1 20 5 1 2
0 1 14 47 1 2
0 1 148 41 1 0
0 1 103 10 0 0
0 1 42 46 1 0
0 1 2 34 1 4
0 1 16 14 1 5
0 1 2 10 0 5
0 1 60 36 1 1
0 1 50 22 1 1
0 1 57 37 1 5
0 1 56 19 1 0
0 1 146 32 1 5
0 1 52 5 1 0
0 1 132 19 1 1
0 1 140 49 0 4
0 1 87 38 0 4
0 1 79 48 0 5
0 1 9 47 0 1
0 1 130 23 0 4
0 1 48 16 0 2
0 1 104 30 1 1
0 1 138 38 1 1
0 1 55 21 1 3
0 1 36 14 1 0
0 1 49 35 1 1
0 1 128 49 0 1
0 1 85 3 1 0
0 1 81 28 0 3
0 1 22 40 0 3
0 1 125 40 1 4
0 1 64 5 0 5
0 1 99 9 0 2
0 1 50 39 0 2
0 1 54 2 0 0
0 1 65 29 1 5
0 1 122 44 0 3
0 1 1 27 0 1
0 1 45 1 1 3
0 1 16 43 0 4
0 1 41 46 0 2
0 1 75 18 1 3
0 1 8 40 1 5
0 1 136 14 1 2
0 1 22 39 1 3
0 1 30 40 1 0
0 1 66 1 1 4
0 1 143 5 1 3
0 1 84 13 0 3
0 1 83 0 0 4
0 1 39 10 1 2
0 1 74 22 1 2
0 1 83 0 1 0
0 1 18 28 1 5
0 1 80 48 0 0
0 1 27 8 1 5
0 1 44 39 1 4
0 1 29 11 1 4
0 1 88 7 0 5
0 1 65 32 0 1
0 1 37 44 0 4
0 1 35 4 1 5
0 1 141 10 1 3
0 1 110 39 1 0
0 1 137 36 1 0
0 1 52 23 0 2
0 1 27 49 0 2
0 1 77 11 1 3
0 1 140 20 1 5
0 1 112 31 0 5
0 1 90 24 0 4
0 1 114 9 0 5
0 1 71 41 0 4
0 1 34 25 0 1
0 1 70 29 0 3
0 1 109 13 1 5
0 1 67 3 1 2
0 1 53 26 0 3
0 1 32 19 1 3
0 1 43 15 0 0
0 1 128 45 1 5
0 1 115 4 1 3
0 1 21 6 1 5
0 1 149 38 0 2
0 1 75 49 0 3
0 1 82 42 1 2
0 1 24 29 1 4
0 1 18 15 0 5
0 1 73 48 1 1
0 1 105 16 0 4
0 1 69 45 1 0
0 1 26 29 1 1
0 1 117 15 1 2
0 1 111 35 0 4
0 1 129 44 0 0
0 1 97 48 1 3
0 1 57 9 0 3
0 1 30 25 0 0
0 1 89 35 0 0
0 1 62 11 1 1
0 1 47 37 1 2
0 1 63 43 1 0
0 1 7 27 0 3
0 1 137 26 0 4
0 1 36 2 0 2
0 1 86 8 0 4
0 1 93 12 1 0
0 1 100 23 0 3
0 1 132 6 0 4
0 1 78 36 0 3
0 1 34 34 1 3
0 1 96 44 1 1
0 1 107 46 1 5
0 1 72 25 0 5
0 1 53 10 1 1
0 1 70 8 1 2
0 1 59 6 0 2
0 1 138 42 0 4
0 1 4 34 0 5
0 1 95 30 0 4
0 1 0 17 1 4
0 1 6 47 0 0
0 1 95 4 1 2
0 1 62 17 0 2
0 1 147 1 0 1
0 1 17 22 0 5
0 1 69 34 0 1
0 1 72 37 1 1
0 1 131 30 0 2
0 1 149 22 1 3
0 1 19 20 1 4
0 1 23 33 0 5
0 1 31 43 0 3
0 1 104 12 0 5
0 1 59 41 1 1
0 1 127 7 0 3
0 1 60 32 0 0
0 1 76 31 1 4
0 1 142 7 1 0
0 1 142 17 0 0
0 1 58 21 0 2
0 1 94 38 0 3
0 1 141 3 0 1
0 1 41 5 1 1
0 1 144 13 1 1
0 1 98 14 1 1
0 1 124 18 1 5
0 1 148 19 0 2
0 1 42 41 0 5
0 1 4 27 1 2
0 1 17 30 1 5
0 1 100 36 1 5
0 1 79 24 1 5
0 1 91 43 1 2
0 1 49 27 0 5
0 1 122 19 1 4
0 1 146 18 0 0
0 1 125 20 0 2
0 1 93 9 0 4
0 1 97 8 0 1
0 1 61 32 0 4
0 1 106 32 0 3
0 1 134 37 0 3
0 1 8 41 0 3
0 1 116 25 0 2
0 1 15 17 0 3
0 1 64 7 1 1
0 1 101 23 0 0
0 1 43 38 1 0
0 1 6 6 1 0
