0 1 97 32 1 4
0 1 121 19 1 2
0 1 102 35 1 3
0 1 27 20 1 1
0 1 28 21 1 5
0 1 118 8 1 0
0 1 117 31 1 5
0 1 140 15 1 0
0 1 63 47 0 4
0 1 107 20 0 2
0 1 22 49 1 2
0 1 134 28 0 3
0 1 53 12 1 2
0 1 80 3 1 1
0 1 46 41 1 5
0 1 126 46 0 2
0 1 73 4 1 5
0 1 100 30 1 4
0 1 65 48 1 4
0 1 49 40 1 3
0 1 66 38 1 1
0 1 105 2 0 3
0 1 10 21 1 4
0 1 123 49 0 0
0 1 64 38 1 2
0 1 132 37 1 2
0 1 44 23 1 5
0 1 1 31 0 3
0 1 24 24 0 2
0 1 33 16 1 4
0 1 13 45 1 5
0 1 7 42 0 0
0 1 112 27 0 3
0 1 40 25 1 4
0 1 95 24 1 3
0 1 137 32 0 2
0 1 96 14 1 1
0 1 16 45 1 0
0 1 57 13 1 1
0 1 103 42 1 3
0 1 113 4 1 4
0 1 47 38 0 0
0 1 41 13 0 2
0 1 79 5 0 3
0 1 53 12 0 4
0 1 96 7 0 4
0 1 116 39 1 3
0 1 27 36 0 3
0 1 148 5 0 2
0 1 10 9 0 1
0 1 25 44 0 2
0 1 146 11 0 1
0 1 18 22 0 1
0 1 88 9 0 4
0 1 47 29 1 4
0 1 107 26 1 3
0 1 110 3 1 3
0 1 139 41 1 1
0 1 16 16 0 5
0 1 114 16 0 2
0 1 77 33 0 4
0 1 86 27 0 2
0 1 1 12 1 0
0 1 69 36 1 5
0 1 70 35 0 2
0 1 28 24 0 0
0 1 39 43 1 0
0 1 4 26 0 1
0 1 67 17 0 4
0 1 21 39 1 2
0 1 99 3 0 0
0 1 52 19 0 0
0 1 70 15 1 5
0 1 109 1 0 3
0 1 113 0 0 1
0 1 18 1 1 0
0 1 62 15 0 1
0 1 140 10 0 2
0 1 20 28 1 0
0 1 69 29 0 5
0 1 134 8 1 3
0 1 110 18 0 1
0 1 86 35 1 5
0 1 145 47 1 0
0 1 45 25 0 3
0 1 38 17 0 3
0 1 109 32 1 0
0 1 37 28 0 1
0 1 68 6 0 0
0 1 55 47 1 3
0 1 35 21 0 0
0 1 149 32 1 3
0 1 52 48 1 3
0 1 83 43 0 4
0 1 95 43 0 5
0 1 111 23 0 0
0 1 2 39 1 5
0 1 84 1 0 4
0 1 6 9 1 3
0 1 3 26 0 5
0 1 111 6 1 3
0 1 8 29 1 3
0 1 125 13 0 0
0 1 48 16 0 1
0 1 22 45 0 4
0 1 144 8 1 1
0 1 136 14 1 5
0 1 76 39 1 0
0 1 85 1 1 5
0 1 89 17 0 0
0 1 56 17 1 5
0 1 62 18 1 3
0 1 92 30 0 5
0 1 129 34 1 4
0 1 148 29 1 0
0 1 76 18 0 0
0 1 137 0 1 3
0 1 32 40 1 2
0 1 21 18 0 4
0 1 71 44 1 0
0 1 72 36 0 4
0 1 143 34 1 5
0 1 130 37 1 4
0 1 50 36 1 2
0 1 149 37 0 1
0 1 78 8 1 2
0 1 2 30 0 2
0 1 24 44 1 3
0 1 84 13 1 3
0 1 90 35 1 1
0 1 142 45 1 1
0 1 42 34 0 2
0 1 20 31 0 4
0 1 97 1 0 2
0 1 146 10 1 5
0 1 55 10 0 4
0 1 94 34 1 1
0 1 101 4 0 0
0 1 120 2 0 0
0 1 141 9 1 2
0 1 42 18 1 5
0 1 100 37 0 0
0 1 147 36 1 1
0 1 14 33 1 0
0 1 50 19 0 3
0 1 61 14 0 4
0 1 89 7 1 3
0 1 126 42 1 5
0 1 11 20 0 5
0 1 104 27 0 0
0 1 61 0 1 0
0 1 131 40 1 5
0 1 93 28 1 4
0 1 41 11 1 3
0 1 14 5 0 5
0 1 101 17 1 2
0 1 3 2 1 2
0 1 59 22 1 4
0 1 104 26 1 4
0 1 35 7 1 1
0 1 130 33 0 5
0 1 125 19 1 1
0 1 121 9 0 5
0 1 143 1 0 1
0 1 19 14 0 3
0 1 25 5 1 4
0 1 127 0 0 5
0 1 135 44 1 1
0 1 122 7 1 2
0 1 56 0 0 4
0 1 118 28 0 2
0 1 60 46 0 0
0 1 59 3 0 5
0 1 33 24 0 4
0 1 115 22 1 3
0 1 85 2 0 1
0 1 98 32 1 5
0 1 9 11 1 5
0 1 83 47 1 1
0 1 72 29 1 2
0 1 51 22 1 5
0 1 43 10 0 3
0 1 141 41 0 4
0 1 94 16 0 0
0 1 48 11 1 2
0 1 102 45 0 3
0 1 144 4 0 1
0 1 58 23 0 2
0 1 15 42 0 4
0 1 12 46 0 1
0 1 81 48 1 0
0 1 87 27 0 5
0 1 23 15 0 4
0 1 38 6 1 2
0 1 63 40 1 4
0 1 119 4 1 2
0 1 145 49 0 5
0 1 13 13 0 4
0 1 45 17 1 1
0 1 9 3 0 2
0 1 80 23 0 4
0 1 34 22 0 2
0 1 31 6 1 5
0 1 139 49 0 3
0 1 31 48 0 2
0 1 12 33 1 1
0 1 46 15 0 3
0 1 119 49 0 1
0 1 5 34 1 3
0 1 114 38 1 5
0 1 36 14 1 0
0 1 103 48 0 1
0 1 138 38 1 4
0 1 39 25 0 2
0 1 87 39 1 4
0 1 128 6 1 4
0 1 5 25 0 5
0 1 112 24 1 5
0 1 98 37 0 3
0 1 11 41 1 3
0 1 15 40 1 1
0 1 30 20 0 4
0 1 64 20 0 3
0 1 44 30 0 3
0 1 132 33 0 3
0 1 73 42 0 2
0 1 135 21 0 1
0 1 7 8 1 4
0 1 54 26 1 0
0 1 122 10 0 0
0 1 19 10 1 1
0 1 65 8 0 5
0 1 108 25 1 0
0 1 123 34 1 0
0 1 60 21 1 2
0 1 82 12 1 3
0 1 81 35 0 4
0 1 108 46 0 4
0 1 43 22 1 0
0 1 116 43 0 1
0 1 133 27 1 1
0 1 37 47 1 2
0 1 93 28 0 5
0 1 78 23 0 1
0 1 68 12 1 1
0 1 117 31 0 0
0 1 127 43 1 3
0 1 115 44 0 4
0 1 74 2 0 4
0 1 147 46 0 3
0 1 0 0 1 2
0 1 36 41 0 0
0 1 30 30 1 0
0 1 4 7 1 5
0 1 0 5 0 0
0 1 131 27 0 4
0 1 49 11 0 0
0 1 91 31 1 2
0 1 142 49 0 4
0 1 133 16 0 3
0 1 71 14 0 2
0 1 51 33 0 2
0 1 106 3 0 4
0 1 67 35 1 0
0 1 75 6 0 1
0 1 91 37 0 5
0 1 54 19 0 5
0 1 105 19 1 4
0 1 128 11 0 4
0 1 74 25 1 1
