0 1 77 21 0 1
0 1 63 7 0 5
0 1 86 18 1 4
0 1 87 40 0 2
0 1 4 47 1 5
0 1 109 48 0 3
0 1 69 8 1 4
0 1 98 41 1 3
0 1 127 11 0 1
0 1 123 49 1 5
0 1 68 9 0 4
0 1 132 11 1 5
0 1 71 24 1 3
0 1 84 22 1 0
0 1 26 47 1 2
0 1 90 5 0 2
0 1 81 45 1 2
0 1 124 35 0 2
0 1 32 48 0 5
0 1 16 6 0 4
0 1 51 19 0 5
0 1 75 43 0 0
0 1 87 13 1 0
0 1 11 29 1 0
0 1 27 6 0 2
0 1 125 1 1 5
0 1 142 22 0 5
0 1 97 33 0 3
0 1 23 33 1 4
0 1 120 39 0 2
0 1 145 49 1 4
0 1 77 2 1 4
0 1 103 47 1 4
0 1 127 15 1 3
0 1 12 40 0 3
0 1 1 8 0 2
0 1 142 41 1 4
0 1 62 4 0 2
0 1 79 35 0 0
0 1 80 16 1 0
0 1 105 22 0 1
0 1 29 1 1 3
0 1 89 18 0 3
0 1 31 3 0 4
0 1 149 19 0 0
0 1 121 27 0 5
0 1 34 8 1 1
0 1 6 36 0 0
0 1 36 31 1 1
0 1 95 46 0 2
0 1 101 30 1 5
0 1 92 39 1 1
0 1 134 18 1 5
0 1 119 32 1 2
0 1 33 43 0 1
0 1 16 23 1 0
0 1 4 1 0 1
0 1 114 10 1 0
0 1 135 33 1 5
0 1 134 41 0 1
0 1 50 28 0 4
0 1 110 38 0 1
0 1 108 12 1 1
0 1 78 38 0 0
0 1 105 3 1 5
0 1 96 28 1 1
0 1 104 44 0 2
0 1 39 5 0 0
0 1 106 39 1 5
0 1 111 37 1 1
0 1 118 37 1 4
0 1 116 17 1 4
0 1 95 30 1 0
0 1 49 28 0 0
0 1 22 14 0 5
0 1 13 10 0 4
0 1 117 13 1 2
0 1 14 6 0 3
0 1 18 45 0 0
0 1 38 16 0 1
0 1 56 24 1 1
0 1 65 42 0 3
0 1 126 12 1 5
0 1 138 36 1 2
0 1 35 46 0 1
0 1 36 5 0 3
0 1 84 25 0 1
0 1 120 36 1 1
0 1 64 26 0 0
0 1 110 25 1 0
0 1 76 12 0 3
0 1 51 10 1 3
0 1 92 23 0 3
0 1 24 4 0 0
0 1 25 7 1 4
0 1 25 34 0 0
0 1 37 15 0 4
0 1 3 34 0 1
0 1 59 42 0 1
0 1 49 27 1 1
0 1 96 25 0 4
0 1 138 20 0 5
0 1 85 46 1 4
0 1 107 5 0 5
0 1 31 21 1 0
0 1 55 22 1 2
0 1 93 2 1 2
0 1 5 0 0 5
0 1 147 43 0 4
0 1 112 44 1 0
0 1 122 0 1 3
0 1 72 32 0 1
0 1 30 9 0 2
0 1 119 49 0 0
0 1 139 17 1 3
0 1 129 2 1 1
0 1 79 26 1 2
0 1 48 17 0 2
0 1 148 47 0 1
0 1 28 48 0 2
0 1 1 29 1 1
0 1 66 41 0 5
0 1 97 15 1 2
0 1 137 14 1 2
0 1 55 37 0 0
0 1 19 14 0 3
0 1 80 26 0 3
0 1 143 7 1 1
0 1 94 11 0 0
0 1 53 40 0 5
0 1 121 4 1 1
0 1 113 28 1 5
0 1 125 47 0 0
0 1 112 12 0 2
0 1 29 32 0 5
0 1 82 34 0 5
0 1 64 19 1 3
0 1 24 35 1 4
0 1 88 35 0 1
0 1 94 41 1 0
0 1 91 15 1 0
0 1 41 34 1 2
0 1 0 33 0 0
0 1 26 44 0 1
0 1 8 2 1 5
0 1 45 8 1 5
0 1 46 23 1 1
0 1 33 48 1 4
0 1 100 18 1 0
0 1 17 4 1 4
0 1 124 22 1 3
0 1 44 27 0 3
0 1 23 23 0 2
0 1 19 49 1 3
0 1 10 35 0 3
0 1 67 39 0 3
0 1 148 13 1 1
0 1 68 29 1 4
0 1 130 32 0 4
0 1 100 31 0 4
0 1 129 41 0 2
0 1 45 9 0 5
0 1 135 14 0 4
0 1 54 40 0 0
0 1 115 25 0 3
0 1 133 7 0 2
0 1 82 45 1 4
0 1 85 18 0 2
0 1 117 13 0 3
0 1 2 19 0 2
0 1 57 30 0 1
0 1 131 13 0 4
0 1 147 39 1 0
0 1 139 12 0 0
0 1 71 15 0 1
0 1 73 1 0 2
0 1 81 3 0 3
0 1 126 21 0 5
0 1 6 8 1 0
0 1 144 46 1 5
0 1 140 9 1 3
0 1 50 45 1 1
0 1 60 28 1 2
0 1 149 49 1 1
0 1 40 6 0 5
0 1 21 21 1 2
0 1 32 38 1 4
0 1 101 30 0 2
0 1 128 0 0 1
0 1 140 11 0 2
0 1 74 10 0 5
0 1 21 16 0 4
0 1 141 17 1 0
0 1 146 42 1 0
0 1 14 16 1 2
0 1 5 46 1 3
0 1 58 33 1 1
0 1 2 38 1 2
0 1 9 20 0 2
0 1 74 44 1 3
0 1 37 48 1 0
0 1 47 25 0 2
0 1 99 3 1 0
0 1 20 42 0 2
0 1 38 44 1 4
0 1 103 37 0 3
0 1 61 17 0 1
0 1 54 29 1 5
0 1 73 31 1 5
0 1 65 45 1 5
0 1 116 16 0 3
0 1 28 43 1 5
0 1 59 27 1 4
0 1 137 3 0 1
0 1 0 24 1 5
0 1 118 38 0 3
0 1 131 10 1 2
0 1 40 32 1 0
0 1 104 14 1 1
0 1 102 43 0 3
0 1 143 37 0 5
0 1 58 4 0 3
0 1 136 36 1 3
0 1 52 21 0 3
0 1 146 34 0 3
0 1 106 36 0 5
0 1 122 0 0 0
0 1 42 30 0 4
0 1 113 10 0 1
0 1 18 24 1 4
0 1 8 20 0 3
0 1 144 24 0 2
0 1 34 2 0 0
0 1 60 1 0 4
0 1 3 26 1 5
0 1 115 40 1 1
0 1 61 43 1 2
0 1 67 27 1 0
0 1 70 29 1 2
0 1 47 31 1 2
0 1 108 5 0 4
0 1 78 26 1 4
0 1 52 7 1 3
0 1 76 0 1 2
0 1 56 2 0 3
0 1 66 23 1 5
0 1 111 1 0 0
0 1 43 11 0 3
0 1 7 9 1 0
0 1 91 40 0 4
0 1 46 31 0 0
0 1 136 42 0 5
0 1 72 19 1 4
0 1 130 20 1 4
0 1 83 35 1 5
0 1 53 4 1 5
0 1 145 44 0 5
0 1 109 6 1 1
0 1 57 6 1 0
0 1 48 20 1 1
0 1 22 22 1 4
0 1 30 8 1 3
0 1 7 25 0 5
0 1 123 49 0 2
0 1 89 9 1 1
0 1 20 11 1 4
0 1 62 3 1 2
0 1 83 24 0 0
0 1 86 34 0 4
0 1 69 5 0 1
