0 1 76 47 1 5
0 1 129 2 0 3
0 1 90 48 0 4
0 1 36 1 0 5
0 1 10 28 0 4
0 1 101 44 0 3
0 1 50 33 1 1
0 1 115 10 0 0
0 1 54 8 1 0
0 1 142 35 1 5
0 1 8 16 1 0
0 1 145 1 0 3
0 1 10 2 1 1
0 1 60 5 0 0
0 1 48 13 1 2
0 1 55 22 0 3
0 1 98 49 0 2
0 1 111 30 0 0
0 1 17 16 1 1
0 1 124 42 1 0
0 1 56 45 0 0
0 1 3 43 0 0
0 1 58 2 0 2
0 1 146 49 0 0
0 1 73 0 0 4
0 1 25 3 1 5
0 1 143 34 1 2
0 1 138 21 0 4
0 1 118 41 1 0
0 1 82 11 0 3
0 1 42 41 1 1
0 1 79 32 0 5
0 1 105 25 0 4
0 1 44 32 0 1
0 1 7 27 1 3
0 1 27 15 1 2
0 1 147 23 1 0
0 1 119 7 1 0
0 1 109 9 0 2
0 1 104 18 1 5
0 1 123 45 1 5
0 1 134 10 0 2
0 1 93 4 0 3
0 1 20 23 0 4
0 1 107 34 0 4
0 1 31 48 1 5
0 1 127 26 0 0
0 1 24 12 0 1
0 1 52 5 1 2
0 1 74 15 0 3
0 1 110 31 1 4
0 1 141 35 0 2
0 1 35 22 1 5
0 1 94 0 1 5
0 1 91 4 0 4
0 1 124 27 0 0
0 1 9 1 0 2
0 1 115 18 1 2
0 1 19 41 0 4
0 1 41 7 1 1
0 1 12 13 1 4
0 1 41 44 0 2
0 1 37 14 0 4
0 1 144 42 1 2
0 1 102 46 1 4
0 1 83 39 1 0
0 1 82 15 1 0
0 1 108 0 1 2
0 1 54 34 0 1
0 1 0 17 0 0
0 1 81 36 0 1
0 1 131 2 1 5
0 1 114 35 0 0
0 1 110 37 0 2
0 1 98 19 1 5
0 1 50 21 0 3
0 1 106 33 1 3
0 1 15 8 1 2
0 1 104 32 0 4
0 1 93 48 1 0
0 1 132 14 0 3
0 1 139 5 1 5
0 1 16 6 0 5
0 1 63 8 0 4
0 1 133 39 0 1
0 1 52 29 0 0
0 1 112 26 1 5
0 1 95 23 1 5
0 1 142 3 0 4
0 1 147 40 0 3
0 1 57 25 0 0
0 1 130 7 0 4
0 1 71 29 0 5
0 1 2 43 0 5
0 1 79 20 1 1
0 1 34 9 1 5
0 1 37 21 1 2
0 1 65 43 0 3
0 1 122 24 0 3
0 1 61 10 0 4
0 1 80 3 1 1
0 1 148 29 1 1
0 1 18 38 0 4
0 1 20 11 1 0
0 1 90 45 1 4
0 1 141 16 1 2
0 1 70 46 0 0
0 1 148 2 0 4
0 1 113 20 1 0
0 1 22 25 1 3
0 1 47 31 1 1
0 1 103 24 0 4
0 1 102 36 0 3
0 1 66 12 1 3
0 1 24 47 1 3
0 1 96 1 1 1
0 1 138 47 1 0
0 1 143 49 0 1
0 1 122 42 1 3
0 1 60 29 1 2
0 1 40 24 1 2
0 1 39 30 0 5
0 1 19 22 1 2
0 1 125 0 1 0
0 1 27 38 0 5
0 1 75 10 0 5
0 1 77 21 1 5
0 1 56 19 1 2
0 1 7 7 0 5
0 1 111 14 1 0
0 1 72 26 1 3
0 1 85 44 1 0
0 1 100 4 0 2
0 1 100 9 1 3
0 1 146 18 1 4
0 1 70 17 1 1
0 1 11 13 1 0
0 1 44 16 1 5
0 1 128 40 0 5
0 1 92 46 1 5
0 1 39 40 1 0
0 1 18 39 1 3
0 1 121 3 0 2
0 1 32 47 0 4
0 1 29 6 0 4
0 1 5 38 1 1
0 1 48 11 0 1
0 1 123 45 0 3
0 1 8 44 0 5
0 1 25 22 0 0
0 1 13 13 0 1
0 1 53 11 1 2
0 1 72 16 0 4
0 1 14 8 1 3
0 1 26 46 0 2
0 1 49 0 0 1
0 1 58 26 1 1
0 1 95 19 0 3
0 1 140 49 1 3
0 1 112 31 0 0
0 1 59 25 0 2
0 1 134 31 1 3
0 1 5 19 0 0
0 1 86 5 0 4
0 1 120 20 1 5
0 1 28 42 0 1
0 1 43 49 0 5
0 1 6 43 1 4
0 1 89 12 0 0
0 1 139 25 0 5
0 1 74 42 1 5
0 1 92 17 0 5
0 1 83 35 0 1
0 1 13 11 1 4
0 1 135 18 1 0
0 1 23 27 1 2
0 1 88 39 0 2
0 1 80 48 0 1
0 1 63 26 1 2
0 1 2 20 1 3
0 1 99 38 0 0
0 1 114 41 1 2
0 1 53 6 0 1
0 1 78 33 0 0
0 1 42 31 0 2
0 1 149 37 1 1
0 1 33 6 0 0
0 1 145 9 1 1
0 1 105 28 1 3
0 1 62 45 1 1
0 1 116 30 1 4
0 1 69 33 0 5
0 1 6 24 0 0
0 1 99 23 1 3
0 1 51 21 1 0
0 1 119 44 0 4
0 1 43 37 1 5
0 1 97 28 0 5
0 1 103 29 1 3
0 1 12 20 0 2
0 1 64 19 0 4
0 1 3 37 1 3
0 1 117 35 0 4
0 1 149 5 0 1
0 1 67 4 1 5
0 1 137 22 0 4
0 1 116 14 0 1
0 1 109 4 1 1
0 1 88 35 1 3
0 1 57 18 1 1
0 1 64 40 1 1
0 1 71 12 1 4
0 1 120 10 0 1
0 1 81 47 1 1
0 1 36 46 1 1
0 1 4 36 0 2
0 1 17 11 0 5
0 1 136 2 1 0
0 1 68 34 0 5
0 1 132 7 1 2
0 1 1 1 0 0
0 1 129 33 1 2
0 1 76 37 0 0
0 1 62 48 0 2
0 1 136 40 0 2
0 1 91 15 1 4
0 1 137 12 1 5
0 1 96 44 0 1
0 1 11 32 0 2
0 1 113 36 0 0
0 1 16 14 1 5
0 1 32 27 1 1
0 1 86 9 1 4
0 1 78 39 1 4
0 1 55 39 1 5
0 1 66 43 0 1
0 1 84 34 1 3
0 1 47 36 0 5
0 1 75 17 1 3
0 1 106 17 0 2
0 1 30 24 1 5
0 1 117 23 1 2
0 1 127 28 1 0
0 1 30 38 0 3
0 1 21 43 1 2
0 1 126 3 0 0
0 1 130 28 1 1
0 1 29 18 1 3
0 1 38 32 1 3
0 1 38 1 0 4
0 1 35 41 0 3
0 1 45 27 1 4
0 1 23 13 0 3
0 1 73 15 1 1
0 1 40 40 0 4
0 1 68 8 1 5
0 1 26 22 1 1
0 1 85 30 0 2
0 1 128 46 1 3
0 1 140 15 0 5
0 1 118 38 0 2
0 1 87 24 0 1
0 1 89 30 1 1
0 1 101 0 1 3
0 1 34 8 0 1
0 1 131 45 0 2
0 1 61 42 1 4
0 1 125 17 0 4
0 1 1 20 1 4
0 1 65 26 1 4
