0 1 45 37 1 0
0 1 34 36 0 1
0 1 97 40 1 1
0 1 30 23 1 5
0 1 64 48 0 1
0 1 138 7 1 1
0 1 117 34 1 0
0 1 22 38 1 1
0 1 36 44 1 3
0 1 69 6 0 5
0 1 74 12 1 2
0 1 112 49 0 3
0 1 96 45 1 4
0 1 74 14 0 5
0 1 116 6 1 1
0 1 72 7 0 5
0 1 119 7 0 4
0 1 79 17 0 1
0 1 89 29 1 3
0 1 85 43 0 5
0 1 47 33 1 3
0 1 147 27 0 1
0 1 135 48 1 3
0 1 128 39 0 0
0 1 71 9 0 5
0 1 99 15 1 5
0 1 17 48 0 4
0 1 143 5 1 0
0 1 60 26 1 0
0 1 133 8 0 4
0 1 6 21 0 4
0 1 146 19 0 2
0 1 52 17 1 4
0 1 21 28 0 3
0 1 28 20 0 2
0 1 26 13 0 1
0 1 7 2 1 3
0 1 50 39 1 4
0 1 123 20 0 4
0 1 98 49 1 1
0 1 80 11 1 0
0 1 66 24 0 2
0 1 145 44 0 4
0 1 78 46 1 3
0 1 9 47 1 2
0 1 28 2 1 5
0 1 139 1 1 2
0 1 113 34 1 2
0 1 75 25 1 0
0 1 148 15 0 2
0 1 134 4 1 5
0 1 144 36 0 0
0 1 110 25 0 2
0 1 2 33 1 5
0 1 132 22 1 1
0 1 1 32 0 0
0 1 77 26 1 3
0 1 97 20 0 1
0 1 133 42 1 1
0 1 134 41 0 1
0 1 40 2 1 0
0 1 122 17 1 5
0 1 27 14 0 1
0 1 30 8 0 0
0 1 20 35 0 2
0 1 38 9 1 4
0 1 142 29 0 2
0 1 111 47 0 3
0 1 126 4 0 1
0 1 72 32 1 3
0 1 127 11 0 1
0 1 104 21 1 0
0 1 80 37 0 2
0 1 22 22 0 3
0 1 124 31 1 0
0 1 55 28 0 2
0 1 0 0 1 2
0 1 24 30 0 4
0 1 26 41 1 0
0 1 93 35 0 5
0 1 18 16 1 3
0 1 107 7 0 3
0 1 19 34 1 5
0 1 48 10 1 2
0 1 85 35 1 4
0 1 35 11 1 2
0 1 90 16 1 0
0 1 109 11 1 4
0 1 107 46 1 1
0 1 44 44 1 2
0 1 121 6 0 0
0 1 38 4 0 3
0 1 52 1 0 1
0 1 101 20 0 0
0 1 115 0 0 5
0 1 91 5 0 2
0 1 124 12 0 3
0 1 5 8 1 1
0 1 14 9 0 0
0 1 57 3 1 5
0 1 127 20 1 3
0 1 56 3 1 1
0 1 71 47 1 4
0 1 36 31 0 4
0 1 94 43 1 4
0 1 138 0 0 3
0 1 58 1 0 4
0 1 100 10 1 3
0 1 21 13 1 5
0 1 136 18 0 4
0 1 102 26 0 4
0 1 121 42 1 2
0 1 115 38 1 3
0 1 96 40 0 4
0 1 25 15 1 3
0 1 136 8 1 2
0 1 34 39 1 1
0 1 123 45 1 5
0 1 19 24 0 0
0 1 87 16 0 5
0 1 42 49 0 0
0 1 122 22 0 0
0 1 37 38 1 5
0 1 125 27 0 0
0 1 141 0 0 1
0 1 73 49 1 2
0 1 102 45 1 2
0 1 33 18 0 2
0 1 140 26 1 5
0 1 18 12 0 0
0 1 84 46 1 0
0 1 111 26 1 2
0 1 62 36 1 2
0 1 5 34 0 3
0 1 103 32 0 4
0 1 112 24 1 1
0 1 98 45 0 0
0 1 20 24 1 4
0 1 81 17 0 0
0 1 105 49 1 4
0 1 108 33 0 0
0 1 25 27 0 2
0 1 7 4 0 2
0 1 1 39 1 2
0 1 126 3 1 2
0 1 67 30 1 1
0 1 3 46 0 5
0 1 65 41 0 5
0 1 87 15 1 0
0 1 49 23 1 4
0 1 137 31 1 3
0 1 13 29 1 0
0 1 47 5 0 1
0 1 116 12 0 5
0 1 148 5 1 5
0 1 86 14 0 3
0 1 13 9 0 3
0 1 10 15 0 4
0 1 135 0 0 0
0 1 67 32 0 2
0 1 117 37 0 3
0 1 149 6 1 4
0 1 131 5 0 4
0 1 4 28 1 4
0 1 105 44 0 5
0 1 68 42 1 0
0 1 120 46 1 4
0 1 104 22 0 5
0 1 143 18 0 5
0 1 31 31 1 2
0 1 99 0 0 4
0 1 91 9 1 2
0 1 130 14 0 0
0 1 61 23 1 0
0 1 144 3 1 0
0 1 129 37 1 5
0 1 16 42 0 5
0 1 131 22 1 4
0 1 39 28 1 5
0 1 53 2 1 4
0 1 37 23 0 3
0 1 53 32 0 1
0 1 58 16 1 2
0 1 119 48 1 2
0 1 149 19 0 1
0 1 43 3 1 3
0 1 106 21 1 2
0 1 113 18 0 1
0 1 6 25 1 4
0 1 50 34 0 1
0 1 23 12 1 1
0 1 17 25 1 5
0 1 40 42 0 3
0 1 32 38 1 0
0 1 95 13 1 2
0 1 68 13 0 0
0 1 66 10 1 0
0 1 114 36 0 4
0 1 62 43 0 3
0 1 24 31 1 5
0 1 92 23 0 2
0 1 48 2 0 2
0 1 76 27 1 3
0 1 89 29 0 1
0 1 57 41 0 4
0 1 59 24 0 3
0 1 46 40 0 3
0 1 44 9 0 1
0 1 79 8 1 5
0 1 88 43 1 0
0 1 94 44 0 1
0 1 83 38 1 2
0 1 129 17 0 2
0 1 73 19 0 0
0 1 41 4 0 4
0 1 9 14 0 4
0 1 146 6 1 3
0 1 130 39 1 3
0 1 39 27 0 5
0 1 59 48 1 5
0 1 100 37 0 1
0 1 93 10 1 4
0 1 114 43 1 1
0 1 92 16 1 4
0 1 75 40 0 2
0 1 35 45 0 3
0 1 86 30 1 2
0 1 61 29 0 5
0 1 77 19 0 5
0 1 4 27 0 4
0 1 16 1 1 0
0 1 12 19 1 4
0 1 82 28 1 0
0 1 132 18 0 0
0 1 82 36 0 3
0 1 106 44 0 0
0 1 139 47 0 0
0 1 65 30 1 3
0 1 63 33 1 4
0 1 95 21 0 5
0 1 42 41 1 3
0 1 60 37 0 4
0 1 29 1 0 5
0 1 56 7 0 0
0 1 103 30 1 5
0 1 27 21 1 3
0 1 76 13 0 3
0 1 2 35 0 3
0 1 43 47 0 5
0 1 118 24 0 5
0 1 63 10 0 5
0 1 110 45 1 1
0 1 88 49 0 5
0 1 23 1 0 3
0 1 81 14 1 2
0 1 145 18 1 3
0 1 64 33 1 1
0 1 33 11 1 5
0 1 31 38 0 4
0 1 15 13 0 4
0 1 70 40 0 5
0 1 140 25 0 3
0 1 108 21 1 1
0 1 54 28 1 1
0 1 70 15 1 1
0 1 8 34 0 4
0 1 101 39 1 5
0 1 83 31 0 1
0 1 14 35 1 1
0 1 11 36 1 5
