0 1 50 30 0 1
0 1 136 30 0 3
0 1 71 36 1 2
0 1 97 20 1 4
0 1 148 18 0 1
0 1 62 48 1 4
0 1 130 31 1 1
0 1 39 32 0 5
0 1 28 29 1 5
0 1 102 23 1 5
0 1 67 39 1 3
0 1 37 2 1 0
0 1 48 45 0 0
0 1 146 22 1 5
0 1 22 37 1 4
0 1 83 42 0 2
0 1 15 8 0 4
0 1 78 2 0 4
0 1 25 27 1 0
0 1 62 49 0 0
0 1 4 8 1 0
0 1 48 9 1 1
0 1 113 39 1 1
0 1 39 6 1 4
0 1 47 19 0 5
0 1 54 21 1 3
0 1 63 34 0 2
0 1 17 33 1 5
0 1 14 32 0 3
0 1 133 5 1 3
0 1 108 3 0 4
0 1 94 11 0 1
0 1 84 17 0 0
0 1 66 16 1 4
0 1 77 31 0 0
0 1 2 7 0 1
0 1 23 6 0 5
0 1 15 15 1 1
0 1 5 12 1 3
0 1 116 23 0 2
0 1 73 16 1 1
0 1 115 40 0 4
0 1 114 11 0 3
0 1 45 13 1 5
0 1 3 17 0 1
0 1 50 7 1 0
0 1 45 45 0 3
0 1 1 27 1 1
0 1 10 8 1 1
0 1 35 35 1 1
0 1 139 44 0 3
0 1 52 25 1 2
0 1 141 46 1 1
0 1 110 14 1 1
0 1 79 49 0 4
0 1 70 25 0 4
0 1 31 34 0 3
0 1 123 42 1 3
0 1 43 0 0 0
0 1 49 48 0 3
0 1 20 45 1 1
0 1 9 46 1 3
0 1 22 6 0 0
0 1 63 40 1 2
0 1 72 11 0 2
0 1 118 1 0 0
0 1 130 20 0 0
0 1 3 42 1 4
0 1 88 1 1 1
0 1 0 18 1 0
0 1 104 41 1 2
0 1 118 20 1 2
0 1 84 38 1 0
0 1 106 49 0 2
0 1 116 40 1 0
0 1 81 5 0 5
0 1 19 47 1 1
0 1 44 47 1 4
0 1 76 25 1 1
0 1 123 23 0 3
0 1 122 43 1 1
0 1 38 9 0 2
0 1 67 29 0 3
0 1 103 36 1 1
0 1 82 33 0 3
0 1 78 26 1 4
0 1 59 20 1 3
0 1 74 13 0 0
0 1 124 37 0 0
0 1 46 4 0 2
0 1 36 21 1 0
0 1 133 22 0 3
0 1 98 41 0 5
0 1 11 14 1 5
0 1 109 29 0 1
0 1 7 14 1 4
0 1 69 3 1 5
0 1 149 26 1 2
0 1 134 19 0 2
0 1 90 33 1 2
0 1 142 43 1 4
0 1 40 44 0 4
0 1 29 44 0 1
0 1 80 41 0 4
0 1 93 27 1 5
0 1 146 11 0 5
0 1 66 28 0 3
0 1 21 4 0 3
0 1 82 41 1 3
0 1 65 10 1 0
0 1 112 9 1 4
0 1 72 24 1 1
0 1 26 28 1 4
0 1 86 36 1 3
0 1 114 22 1 4
0 1 85 6 0 2
0 1 121 5 1 0
0 1 51 18 1 3
0 1 143 34 1 4
0 1 142 25 0 0
0 1 91 35 1 0
0 1 121 0 0 2
0 1 6 43 1 5
0 1 57 4 0 5
0 1 115 26 1 0
0 1 69 23 0 0
0 1 54 7 0 4
0 1 131 14 0 3
0 1 16 27 0 3
0 1 132 31 1 3
0 1 108 17 1 4
0 1 19 43 0 3
0 1 113 26 0 1
0 1 96 30 1 0
0 1 88 48 0 2
0 1 92 42 1 5
0 1 51 21 0 1
0 1 8 15 0 3
0 1 60 39 1 0
0 1 55 13 1 3
0 1 89 24 1 3
0 1 103 28 0 2
0 1 61 32 1 2
0 1 97 49 0 1
0 1 24 19 1 0
0 1 58 4 1 0
0 1 42 18 0 4
0 1 95 22 1 1
0 1 96 17 0 3
0 1 33 28 0 1
0 1 135 26 1 3
0 1 140 47 1 3
0 1 0 49 0 5
0 1 32 35 1 2
0 1 138 3 0 3
0 1 37 13 0 2
0 1 18 8 0 2
0 1 17 17 0 5
0 1 20 40 0 3
0 1 107 48 0 0
0 1 91 21 0 4
0 1 41 37 1 3
0 1 111 42 0 1
0 1 41 31 0 5
0 1 85 35 1 5
0 1 102 45 0 4
0 1 13 0 1 1
0 1 95 34 0 5
0 1 14 29 1 2
0 1 101 37 0 5
0 1 117 9 0 5
0 1 117 47 1 5
0 1 127 33 1 0
0 1 32 24 0 5
0 1 64 36 1 5
0 1 132 7 0 3
0 1 147 44 1 5
0 1 28 5 0 1
0 1 38 38 1 5
0 1 24 16 0 2
0 1 30 46 0 0
0 1 120 15 1 4
0 1 143 35 0 4
0 1 77 44 1 0
0 1 148 32 1 4
0 1 4 1 0 5
0 1 99 16 0 5
0 1 126 30 1 2
0 1 73 33 0 4
0 1 40 40 1 5
0 1 124 38 1 4
0 1 71 24 0 4
0 1 110 10 0 1
0 1 31 24 1 0
0 1 100 45 1 5
0 1 86 12 0 2
0 1 25 11 0 4
0 1 18 12 1 1
0 1 12 10 0 4
0 1 6 34 0 0
0 1 76 7 0 5
0 1 68 6 0 3
0 1 47 38 1 1
0 1 55 29 0 4
0 1 98 15 1 2
0 1 44 32 0 1
0 1 104 48 0 1
0 1 129 12 0 4
0 1 81 14 1 2
0 1 87 4 1 4
0 1 64 43 0 2
0 1 5 38 0 3
0 1 138 39 1 4
0 1 60 12 0 0
0 1 58 2 0 1
0 1 149 19 0 4
0 1 12 37 1 2
0 1 90 2 0 2
0 1 61 1 0 4
0 1 105 47 0 2
0 1 99 18 1 2
0 1 126 21 0 2
0 1 56 10 0 3
0 1 145 39 1 2
0 1 144 15 1 5
0 1 65 10 0 2
0 1 101 20 1 1
0 1 120 9 0 0
0 1 70 8 1 3
0 1 105 30 1 5
0 1 128 46 0 2
0 1 2 45 1 2
0 1 27 0 0 5
0 1 109 35 1 3
0 1 145 2 0 3
0 1 8 36 1 0
0 1 53 41 0 0
0 1 125 2 1 5
0 1 129 31 1 2
0 1 107 3 1 0
0 1 29 28 1 0
0 1 112 49 0 3
0 1 94 19 1 3
0 1 10 11 0 0
0 1 1 22 0 0
0 1 87 13 0 1
0 1 13 5 0 4
0 1 75 24 1 2
0 1 134 23 1 1
0 1 119 3 1 2
0 1 53 39 1 5
0 1 43 27 1 4
0 1 127 25 0 5
0 1 30 46 1 5
0 1 35 1 0 3
0 1 21 26 1 5
0 1 100 40 0 1
0 1 128 41 1 1
0 1 56 16 1 3
0 1 68 1 1 2
0 1 147 19 0 1
0 1 33 0 1 3
0 1 137 12 0 5
0 1 131 44 1 2
0 1 9 29 0 0
0 1 136 37 1 1
0 1 42 28 1 5
0 1 125 30 0 4
0 1 52 18 0 5
0 1 36 5 0 2
