0 1 63 45 0 1
0 1 54 31 0 4
0 1 127 13 0 3
0 1 120 36 0 0
0 1 27 32 0 2
0 1 43 42 1 0
0 1 97 39 0 1
0 1 23 13 0 0
0 1 116 26 0 2
0 1 73 47 0 3
0 1 52 28 0 3
0 1 109 2 1 2
0 1 28 24 1 4
0 1 140 9 0 4
0 1 97 0 1 5
0 1 1 35 0 0
0 1 96 22 0 1
0 1 129 31 0 1
0 1 65 46 0 4
0 1 49 6 1 3
0 1 75 33 1 0
0 1 119 30 0 2
0 1 50 16 1 0
0 1 57 5 0 0
0 1 88 49 0 4
0 1 40 34 0 5
0 1 79 18 1 0
0 1 46 22 1 0
0 1 87 7 1 5
0 1 7 37 0 1
0 1 111 14 0 1
0 1 33 1 0 0
0 1 76 21 1 3
0 1 102 48 1 0
0 1 121 12 0 4
0 1 8 24 0 5
0 1 113 32 1 4
0 1 48 35 1 3
0 1 70 0 0 1
0 1 134 49 0 1
0 1 139 25 1 5
0 1 72 12 0 5
0 1 142 23 1 4
0 1 35 27 0 0
0 1 51 20 0 3
0 1 107 37 0 0
0 1 128 17 1 1
0 1 111 13 1 5
0 1 20 8 1 5
0 1 5 4 0 3
0 1 73 30 1 0
0 1 137 14 1 2
0 1 135 15 1 3
0 1 26 49 0 2
0 1 90 41 0 4
0 1 148 14 1 0
0 1 98 25 1 3
0 1 123 26 0 4
0 1 74 26 1 5
0 1 131 29 1 3
0 1 5 30 1 5
0 1 24 42 0 4
0 1 86 17 0 0
0 1 112 9 0 1
0 1 45 41 1 0
0 1 85 44 1 0
0 1 107 3 1 2
0 1 64 24 1 0
0 1 77 11 1 2
0 1 16 27 0 5
0 1 108 39 1 0
0 1 82 10 1 4
0 1 38 20 0 0
0 1 24 38 1 4
0 1 93 40 1 4
0 1 147 43 0 0
0 1 41 12 0 3
0 1 12 34 1 3
0 1 39 2 0 0
0 1 10 27 1 1
0 1 95 42 0 1
0 1 0 41 1 2
0 1 122 35 1 1
0 1 69 15 0 1
0 1 84 16 1 2
0 1 141 3 1 5
0 1 100 14 0 3
0 1 94 38 0 0
0 1 3 19 0 1
0 1 36 46 0 0
0 1 122 43 0 2
0 1 146 10 1 1
0 1 130 11 1 5
0 1 114 1 1 5
0 1 78 25 0 4
0 1 32 4 1 4
0 1 110 20 1 2
0 1 60 1 1 4
0 1 120 16 1 3
0 1 38 37 1 4
0 1 28 32 0 1
0 1 105 8 1 2
0 1 54 48 1 3
0 1 147 46 1 1
0 1 109 44 0 4
0 1 8 10 1 5
0 1 118 40 0 2
0 1 39 0 1 2
0 1 93 33 0 4
0 1 21 35 1 2
0 1 101 9 1 2
0 1 145 19 1 5
0 1 76 28 0 4
0 1 103 48 0 1
0 1 55 11 1 1
0 1 41 6 1 4
0 1 80 5 0 1
0 1 84 4 0 0
0 1 14 47 0 5
0 1 65 2 1 5
0 1 61 9 1 3
0 1 4 21 0 4
0 1 77 23 0 2
0 1 44 1 0 3
0 1 47 25 0 0
0 1 69 29 1 2
0 1 68 22 0 2
0 1 134 34 1 1
0 1 56 37 1 3
0 1 146 43 0 3
0 1 96 19 1 2
0 1 67 10 0 2
0 1 63 3 1 3
0 1 75 10 0 3
0 1 26 9 1 5
0 1 14 0 1 0
0 1 53 4 1 2
0 1 142 20 0 1
0 1 53 40 0 1
0 1 3 13 1 4
0 1 104 36 1 1
0 1 92 33 1 2
0 1 58 35 0 5
0 1 13 31 0 5
0 1 29 22 1 4
0 1 137 39 0 3
0 1 49 0 0 3
0 1 149 45 0 0
0 1 60 23 0 1
0 1 17 15 0 2
0 1 33 12 1 0
0 1 62 18 0 1
0 1 132 33 0 1
0 1 71 40 1 3
0 1 114 22 0 3
0 1 115 43 0 4
0 1 113 9 0 0
0 1 7 36 1 5
0 1 62 44 1 3
0 1 1 38 1 3
0 1 21 38 0 5
0 1 42 3 0 0
0 1 89 7 0 0
0 1 11 27 1 3
0 1 51 33 1 5
0 1 50 45 0 3
0 1 90 7 1 2
0 1 108 11 0 3
0 1 20 46 0 2
0 1 112 21 1 0
0 1 67 29 1 5
0 1 131 47 0 0
0 1 136 28 1 5
0 1 25 7 0 4
0 1 92 42 0 2
0 1 140 49 1 5
0 1 116 15 1 0
0 1 128 26 0 1
0 1 29 18 0 4
0 1 133 49 0 3
0 1 40 44 1 1
0 1 95 18 1 5
0 1 71 19 0 4
0 1 34 16 0 4
0 1 148 21 0 1
0 1 12 31 0 0
0 1 79 29 0 0
0 1 37 8 1 0
0 1 9 5 0 4
0 1 59 47 0 4
0 1 48 16 0 5
0 1 138 5 1 2
0 1 125 35 0 4
0 1 32 5 0 3
0 1 2 42 0 3
0 1 61 49 0 0
0 1 66 38 0 2
0 1 126 41 0 1
0 1 25 14 1 5
0 1 31 8 1 3
0 1 23 21 1 5
0 1 19 1 1 1
0 1 10 23 0 0
0 1 143 45 1 2
0 1 13 15 1 4
0 1 82 41 0 5
0 1 136 17 0 2
0 1 105 3 0 1
0 1 117 2 0 3
0 1 27 36 1 2
0 1 144 36 0 4
0 1 127 34 1 0
0 1 2 32 1 0
0 1 130 39 0 4
0 1 22 31 1 2
0 1 94 34 1 4
0 1 22 8 0 1
0 1 87 40 0 0
0 1 125 39 1 5
0 1 59 48 1 4
0 1 30 26 0 3
0 1 138 5 0 5
0 1 30 30 1 3
0 1 58 19 1 0
0 1 56 23 0 3
0 1 68 48 1 2
0 1 141 17 0 3
0 1 88 2 1 4
0 1 78 11 1 0
0 1 70 24 1 1
0 1 6 27 1 2
0 1 64 47 0 1
0 1 100 4 1 5
0 1 37 17 0 4
0 1 124 26 0 0
0 1 18 12 1 2
0 1 135 28 0 1
0 1 102 18 0 2
0 1 83 0 1 4
0 1 99 27 0 4
0 1 119 32 1 5
0 1 43 20 0 4
0 1 115 46 1 3
0 1 66 25 1 1
0 1 117 19 1 3
0 1 81 6 1 5
0 1 126 43 1 5
0 1 35 7 1 1
0 1 139 13 0 1
0 1 144 13 1 2
0 1 47 20 1 5
0 1 129 44 1 5
0 1 15 45 1 5
0 1 34 29 1 1
0 1 91 28 0 2
0 1 80 18 1 3
0 1 101 14 0 4
0 1 55 30 0 4
0 1 124 38 1 1
0 1 6 43 0 1
0 1 72 24 1 3
0 1 4 36 1 3
0 1 104 45 0 4
0 1 132 40 1 5
0 1 118 30 1 1
0 1 99 6 1 0
0 1 143 24 0 2
0 1 52 42 1 5
0 1 121 6 1 2
0 1 74 25 0 2
