0 1 137 28 0 3
0 1 99 28 0 4
0 1 34 18 0 4
0 1 39 15 1 0
0 1 58 43 1 2
0 1 106 40 0 2
0 1 62 3 0 5
0 1 69 44 0 3
0 1 0 24 1 1
0 1 13 17 1 1
0 1 83 49 1 3
0 1 88 4 0 4
0 1 128 0 1 2
0 1 108 38 0 0
0 1 41 46 1 2
0 1 55 36 0 5
0 1 49 41 0 0
0 1 123 46 1 1
0 1 63 20 1 1
0 1 17 37 1 3
0 1 35 48 0 2
0 1 45 35 1 3
0 1 1 21 0 0
0 1 101 39 0 0
0 1 7 47 0 2
0 1 10 41 1 5
0 1 61 10 1 4
0 1 109 32 0 3
0 1 50 35 0 1
0 1 21 3 1 3
0 1 139 3 1 0
0 1 8 20 0 4
0 1 25 31 1 3
0 1 30 23 1 0
0 1 28 23 1 1
0 1 48 15 1 4
0 1 96 46 0 3
0 1 54 39 0 2
0 1 112 34 0 1
0 1 131 0 0 4
0 1 132 12 1 4
0 1 18 15 1 5
0 1 15 5 0 0
0 1 137 22 1 5
0 1 45 34 0 3
0 1 55 26 1 2
0 1 119 33 1 3
0 1 14 38 1 1
0 1 146 8 1 1
0 1 117 44 0 0
0 1 134 42 0 5
0 1 36 29 1 4
0 1 68 35 1 0
0 1 92 48 1 3
0 1 143 38 0 3
0 1 16 30 1 4
0 1 60 38 0 2
0 1 89 10 0 1
0 1 130 25 1 5
0 1 76 16 1 2
0 1 47 2 1 1
0 1 58 19 0 4
0 1 75 0 1 0
0 1 34 24 1 4
0 1 135 33 1 2
0 1 43 34 0 4
0 1 33 4 0 3
0 1 13 1 0 0
0 1 104 9 0 2
0 1 116 45 0 2
0 1 103 47 1 4
0 1 144 2 0 4
0 1 47 9 0 3
0 1 59 34 0 5
0 1 74 7 0 0
0 1 139 7 0 3
0 1 9 41 0 4
0 1 136 18 0 0
0 1 4 12 1 3
0 1 17 21 0 5
0 1 15 16 1 3
0 1 37 39 0 4
0 1 71 22 1 3
0 1 128 11 0 3
0 1 74 11 1 4
0 1 112 36 1 3
0 1 33 39 1 5
0 1 97 10 1 3
0 1 96 27 1 1
0 1 49 14 1 4
0 1 125 17 0 3
0 1 51 35 1 5
0 1 52 5 1 4
0 1 20 8 1 2
0 1 81 22 0 0
0 1 67 37 1 1
0 1 40 14 0 0
0 1 133 25 0 3
0 1 99 18 1 2
0 1 129 6 1 2
0 1 133 33 1 1
0 1 77 29 1 2
0 1 67 47 0 5
0 1 29 23 1 4
0 1 104 19 1 1
0 1 93 8 1 0
0 1 6 2 0 5
0 1 37 23 1 5
0 1 114 6 1 5
0 1 29 25 0 1
0 1 93 40 0 0
0 1 101 16 1 5
0 1 149 0 0 5
0 1 19 27 1 2
0 1 51 4 0 1
0 1 60 31 1 0
0 1 24 18 1 1
0 1 73 9 0 0
0 1 23 34 1 2
0 1 68 17 0 4
0 1 90 41 1 3
0 1 77 13 0 2
0 1 79 7 1 4
0 1 46 23 1 3
0 1 141 49 1 0
0 1 111 16 0 1
0 1 30 21 0 1
0 1 65 25 0 2
0 1 43 37 1 4
0 1 130 27 0 3
0 1 78 8 0 4
0 1 136 32 1 5
0 1 75 16 0 4
0 1 72 29 1 3
0 1 147 30 0 1
0 1 86 36 0 4
0 1 145 15 0 2
0 1 61 13 0 0
0 1 73 10 1 2
0 1 12 46 1 4
0 1 36 7 0 5
0 1 80 38 1 4
0 1 100 36 0 0
0 1 27 31 0 5
0 1 127 11 0 5
0 1 123 12 0 0
0 1 142 6 1 0
0 1 56 31 0 1
0 1 84 10 1 0
0 1 44 32 0 2
0 1 66 45 0 5
0 1 21 48 0 4
0 1 32 14 1 3
0 1 66 3 1 1
0 1 78 37 1 2
0 1 131 4 1 5
0 1 147 17 1 5
0 1 129 20 0 5
0 1 76 49 0 4
0 1 148 30 1 5
0 1 26 33 1 5
0 1 4 11 0 1
0 1 94 27 0 0
0 1 5 5 1 2
0 1 148 43 0 1
0 1 91 30 1 3
0 1 145 32 1 4
0 1 69 2 1 3
0 1 105 25 1 4
0 1 88 40 1 3
0 1 14 49 0 2
0 1 8 45 1 3
0 1 50 40 1 5
0 1 16 14 0 1
0 1 85 7 0 2
0 1 27 12 1 5
0 1 6 24 1 0
0 1 113 47 0 0
0 1 107 40 1 4
0 1 59 19 1 0
0 1 115 20 1 2
0 1 115 42 0 2
0 1 92 13 0 4
0 1 52 48 0 0
0 1 87 19 1 3
0 1 63 5 0 3
0 1 0 44 0 2
0 1 35 18 1 3
0 1 90 31 0 4
0 1 1 19 1 2
0 1 144 42 1 4
0 1 122 1 0 4
0 1 11 2 1 2
0 1 149 14 1 5
0 1 44 12 1 1
0 1 65 41 1 1
0 1 118 26 1 1
0 1 64 29 0 5
0 1 25 45 0 0
0 1 41 28 0 0
0 1 85 32 1 1
0 1 18 6 0 4
0 1 124 46 1 5
0 1 105 1 0 1
0 1 39 9 0 1
0 1 143 13 1 3
0 1 28 24 0 5
0 1 138 0 1 3
0 1 46 6 0 1
0 1 124 45 0 1
0 1 97 39 0 3
0 1 102 36 1 1
0 1 120 26 1 4
0 1 126 43 1 4
0 1 64 11 1 0
0 1 138 15 0 3
0 1 95 39 1 1
0 1 91 1 0 3
0 1 132 26 0 3
0 1 94 24 1 3
0 1 53 37 1 5
0 1 80 21 0 4
0 1 107 20 0 0
0 1 86 35 1 2
0 1 82 28 0 5
0 1 103 43 0 0
0 1 24 26 0 0
0 1 110 15 0 1
0 1 2 32 0 0
0 1 142 17 0 2
0 1 57 22 0 2
0 1 120 42 0 3
0 1 56 44 1 5
0 1 111 3 1 4
0 1 108 27 1 5
0 1 19 29 0 1
0 1 102 9 0 4
0 1 118 25 0 0
0 1 117 28 1 2
0 1 9 42 1 0
0 1 10 49 0 5
0 1 140 1 0 5
0 1 125 30 1 0
0 1 71 44 0 4
0 1 20 48 0 1
0 1 121 45 0 4
0 1 84 19 0 5
0 1 11 21 0 2
0 1 7 5 1 1
0 1 114 13 0 5
0 1 135 47 0 1
0 1 42 22 1 1
0 1 2 43 1 3
0 1 134 27 1 4
0 1 22 47 1 3
0 1 5 36 0 2
0 1 106 8 1 3
0 1 72 4 0 2
0 1 12 14 0 2
0 1 82 44 1 1
0 1 98 20 1 3
0 1 40 10 1 5
0 1 113 6 1 3
0 1 31 13 0 1
0 1 83 9 0 5
0 1 109 4 1 0
0 1 62 29 1 0
0 1 110 34 1 0
0 1 31 26 1 5
0 1 119 33 0 0
