0 1 122 39 0 1
0 1 58 25 0 5
0 1 65 7 1 2
0 1 87 42 0 2
0 1 55 32 0 1
0 1 148 48 0 3
0 1 14 7 1 4
0 1 100 48 1 4
0 1 10 41 1 5
0 1 92 31 1 4
0 1 11 29 1 0
0 1 94 44 1 1
0 1 6 39 0 0
0 1 89 0 1 0
0 1 88 31 0 2
0 1 140 13 0 3
0 1 21 21 1 0
0 1 125 42 1 5
0 1 126 46 0 0
0 1 103 13 1 2
0 1 135 47 1 1
0 1 96 36 0 2
0 1 25 6 1 2
0 1 12 21 0 3
0 1 68 35 0 0
0 1 45 24 1 2
0 1 44 32 1 4
0 1 86 33 0 3
0 1 86 5 1 1
0 1 96 3 1 3
0 1 9 2 0 3
0 1 37 1 1 1
0 1 25 7 0 0
0 1 91 12 0 4
0 1 149 6 1 3
0 1 70 8 1 5
0 1 137 35 0 3
0 1 62 33 0 4
0 1 57 35 1 2
0 1 40 28 1 4
0 1 49 8 1 4
0 1 3 23 1 5
0 1 24 15 0 1
0 1 5 22 1 0
0 1 72 9 1 2
0 1 27 1 1 4
0 1 10 19 0 2
0 1 83 19 1 5
0 1 93 32 0 3
0 1 98 4 0 5
0 1 64 39 0 4
0 1 20 29 1 1
0 1 106 45 0 5
0 1 47 43 0 3
0 1 109 27 1 5
0 1 132 30 0 5
0 1 67 38 0 5
0 1 80 10 1 3
0 1 107 20 1 5
0 1 128 28 1 2
0 1 119 15 1 0
0 1 127 4 1 4
0 1 45 45 0 4
0 1 46 47 1 0
0 1 48 12 1 2
0 1 5 28 0 5
0 1 125 9 0 4
0 1 59 44 1 0
0 1 59 11 0 4
0 1 85 11 1 0
0 1 68 14 1 3
0 1 7 30 1 3
0 1 65 37 0 0
0 1 61 9 1 0
0 1 17 11 0 3
0 1 84 30 0 1
0 1 51 47 0 4
0 1 147 49 1 2
0 1 113 27 1 3
0 1 4 40 0 5
0 1 117 5 0 5
0 1 21 6 0 0
0 1 16 13 0 4
0 1 99 16 0 1
0 1 106 41 1 2
0 1 110 42 0 0
0 1 123 20 1 2
0 1 90 2 0 4
0 1 29 45 1 3
0 1 36 4 0 1
0 1 115 26 0 5
0 1 129 18 1 2
0 1 63 25 1 4
0 1 143 49 1 3
0 1 26 17 1 5
0 1 78 4 1 2
0 1 53 29 0 2
0 1 140 30 1 4
0 1 123 3 0 4
0 1 131 38 1 0
0 1 138 29 0 3
0 1 66 10 0 1
0 1 9 22 1 3
0 1 89 22 0 4
0 1 23 46 0 2
0 1 19 34 0 4
0 1 14 43 0 4
0 1 58 17 1 1
0 1 6 16 1 0
0 1 57 30 0 0
0 1 134 0 1 5
0 1 87 2 1 5
0 1 18 19 0 1
0 1 81 42 1 4
0 1 116 14 0 5
0 1 34 24 0 3
0 1 145 40 0 1
0 1 92 20 0 1
0 1 147 25 0 3
0 1 13 5 0 2
0 1 134 22 0 2
0 1 37 17 0 2
0 1 2 0 1 1
0 1 43 14 1 2
0 1 66 34 1 5
0 1 54 44 0 2
0 1 44 21 0 1
0 1 146 27 1 0
0 1 105 37 0 1
0 1 2 38 0 4
0 1 24 8 1 0
0 1 91 9 1 1
0 1 3 16 0 5
0 1 95 48 1 1
0 1 30 35 1 1
0 1 81 37 0 3
0 1 22 8 0 1
0 1 93 49 1 4
0 1 15 9 1 5
0 1 98 13 1 0
0 1 142 49 0 5
0 1 75 27 0 4
0 1 108 2 0 2
0 1 129 1 0 0
0 1 73 43 0 0
0 1 101 11 1 5
0 1 105 32 1 2
0 1 100 6 0 1
0 1 136 41 0 1
0 1 38 42 1 3
0 1 47 49 1 1
0 1 119 12 0 1
0 1 120 43 1 1
0 1 23 10 1 2
0 1 144 31 1 0
0 1 111 1 0 5
0 1 69 34 0 0
0 1 82 24 0 1
0 1 95 41 0 4
0 1 128 39 0 2
0 1 26 1 0 2
0 1 142 35 1 4
0 1 124 46 1 4
0 1 146 33 0 5
0 1 121 2 1 1
0 1 52 20 0 0
0 1 56 17 0 3
0 1 74 29 0 4
0 1 141 16 0 4
0 1 7 26 0 1
0 1 1 7 0 3
0 1 77 5 1 0
0 1 130 24 0 0
0 1 51 26 1 3
0 1 69 38 1 3
0 1 82 28 1 1
0 1 108 36 1 3
0 1 53 23 1 4
0 1 118 17 1 4
0 1 122 14 1 1
0 1 136 28 1 0
0 1 79 37 0 2
0 1 73 25 1 1
0 1 102 13 1 5
0 1 60 19 1 3
0 1 124 23 0 3
0 1 94 10 0 4
0 1 54 18 1 0
0 1 76 46 0 1
0 1 64 47 1 3
0 1 67 27 1 1
0 1 35 36 0 0
0 1 46 39 0 5
0 1 139 7 1 5
0 1 32 42 0 1
0 1 71 0 0 2
0 1 29 3 0 5
0 1 133 40 1 2
0 1 18 3 1 0
0 1 90 46 1 3
0 1 79 31 1 5
0 1 0 33 0 2
0 1 41 40 1 4
0 1 74 31 1 1
0 1 138 5 1 3
0 1 114 4 1 3
0 1 113 12 0 3
0 1 135 45 0 0
0 1 42 40 1 0
0 1 31 21 0 2
0 1 32 44 1 5
0 1 27 15 0 4
0 1 8 22 1 1
0 1 88 0 1 3
0 1 145 23 1 2
0 1 52 48 1 2
0 1 118 15 0 2
0 1 133 6 0 4
0 1 103 23 0 0
0 1 109 44 0 3
0 1 11 16 0 3
0 1 120 23 0 1
0 1 12 15 1 5
0 1 85 11 0 2
0 1 116 25 1 0
0 1 149 34 0 3
0 1 107 16 0 2
0 1 141 43 1 5
0 1 97 37 1 5
0 1 115 28 1 3
0 1 143 48 0 5
0 1 42 21 0 4
0 1 13 7 1 1
0 1 41 45 0 1
0 1 50 20 1 3
0 1 60 18 0 3
0 1 121 32 0 5
0 1 34 3 1 1
0 1 33 9 1 3
0 1 35 36 1 4
0 1 38 33 0 0
0 1 39 19 0 4
0 1 112 12 1 5
0 1 40 18 0 1
0 1 4 41 1 3
0 1 50 36 0 1
0 1 55 14 1 0
0 1 17 47 1 5
0 1 84 34 1 2
0 1 110 25 1 2
0 1 97 10 0 5
0 1 33 26 0 2
0 1 80 8 0 2
0 1 112 36 0 5
0 1 137 38 1 2
0 1 16 20 1 4
0 1 0 24 1 5
0 1 31 3 1 2
0 1 99 40 1 3
0 1 71 18 1 4
0 1 126 18 1 5
0 1 30 37 0 4
0 1 1 10 1 0
0 1 8 30 0 2
0 1 70 26 0 0
0 1 72 45 0 2
0 1 28 19 1 0
0 1 139 39 0 3
0 1 36 0 1 4
0 1 75 24 1 4
