0 1 109 10 1 4
0 1 5 13 0 4
0 1 111 26 1 2
0 1 50 28 1 4
0 1 26 26 0 0
0 1 56 29 1 5
0 1 145 32 0 5
0 1 76 40 1 4
0 1 67 10 0 2
0 1 129 43 0 1
0 1 17 35 0 4
0 1 83 18 0 5
0 1 62 16 0 3
0 1 64 17 1 4
0 1 39 41 1 1
0 1 124 9 0 4
0 1 78 6 1 3
0 1 134 36 1 2
0 1 12 7 1 2
0 1 141 15 0 0
0 1 0 30 0 1
0 1 82 31 0 3
0 1 57 0 1 4
0 1 10 10 0 3
0 1 66 21 0 3
0 1 79 27 0 3
0 1 9 4 0 4
0 1 136 20 1 0
0 1 54 12 0 2
0 1 74 19 0 2
0 1 129 22 1 2
0 1 23 30 0 3
0 1 35 28 1 5
0 1 94 4 0 1
0 1 112 1 0 3
0 1 19 3 1 2
0 1 81 7 1 1
0 1 142 32 0 3
0 1 125 25 0 0
0 1 29 46 0 4
0 1 23 12 1 0
0 1 137 47 1 2
0 1 61 2 0 1
0 1 133 43 1 5
0 1 40 37 0 4
0 1 83 22 1 1
0 1 84 39 0 1
0 1 148 20 0 1
0 1 70 11 1 0
0 1 58 41 0 2
0 1 135 29 0 4
0 1 63 35 1 2
0 1 121 14 1 3
0 1 21 5 1 2
0 1 114 25 0 4
0 1 99 39 1 4
0 1 15 17 1 3
0 1 105 3 0 4
0 1 1 26 0 1
0 1 102 20 1 3
0 1 42 27 0 0
0 1 38 47 1 3
0 1 145 32 1 4
0 1 88 33 1 1
0 1 112 9 1 3
0 1 95 40 1 0
0 1 64 24 0 2
0 1 28 22 0 3
0 1 98 42 1 2
0 1 148 33 1 2
0 1 138 30 0 2
0 1 77 29 0 3
0 1 55 38 0 0
0 1 90 29 0 2
0 1 43 49 1 4
0 1 104 8 1 0
0 1 51 14 0 1
0 1 58 45 1 4
0 1 74 23 1 4
0 1 131 44 1 3
0 1 126 44 1 2
0 1 62 20 1 2
0 1 93 21 1 5
0 1 27 4 0 3
0 1 47 49 0 1
0 1 5 41 1 3
0 1 28 40 1 3
0 1 51 21 1 4
0 1 81 34 0 5
0 1 34 46 0 3
0 1 144 33 1 5
0 1 16 7 0 3
0 1 69 16 0 5
0 1 94 11 1 1
0 1 43 45 0 2
0 1 72 19 0 3
0 1 71 23 0 1
0 1 149 18 1 0
0 1 114 19 1 1
0 1 73 44 0 1
0 1 11 8 1 2
0 1 20 6 0 5
0 1 45 24 1 5
0 1 22 9 1 1
0 1 87 48 0 3
0 1 36 38 0 2
0 1 77 2 1 2
0 1 2 42 0 0
0 1 46 47 0 0
0 1 115 14 0 4
0 1 124 24 1 0
0 1 14 38 1 3
0 1 86 29 1 0
0 1 32 2 0 4
0 1 59 31 0 0
0 1 39 29 0 1
0 1 38 0 0 2
0 1 89 36 0 3
0 1 44 32 1 1
0 1 14 15 0 5
0 1 36 10 1 0
0 1 18 22 1 4
0 1 13 39 1 2
0 1 119 13 1 2
0 1 122 2 1 3
0 1 96 35 1 1
0 1 46 4 1 0
0 1 4 28 1 0
0 1 111 46 0 2
0 1 63 37 0 0
0 1 55 11 1 3
0 1 120 9 0 0
0 1 34 31 1 2
0 1 8 37 0 3
0 1 143 8 1 5
0 1 30 11 0 5
0 1 101 47 0 4
0 1 3 1 0 2
0 1 110 32 0 0
0 1 66 38 1 4
0 1 97 48 0 1
0 1 31 49 1 3
0 1 146 9 1 5
0 1 20 5 1 5
0 1 0 21 1 0
0 1 127 1 1 1
0 1 110 1 1 4
0 1 106 3 0 1
0 1 107 13 1 3
0 1 48 18 0 1
0 1 7 38 0 1
0 1 147 17 1 0
0 1 22 27 0 1
0 1 11 17 0 1
0 1 47 14 1 2
0 1 92 0 0 5
0 1 65 14 1 0
0 1 123 25 0 2
0 1 7 8 1 1
0 1 44 10 0 1
0 1 115 16 1 1
0 1 78 23 0 5
0 1 140 39 0 5
0 1 107 48 0 0
0 1 128 6 0 2
0 1 19 8 0 4
0 1 117 44 1 0
0 1 37 20 1 5
0 1 10 2 1 5
0 1 135 49 1 2
0 1 100 24 1 4
0 1 132 26 1 5
0 1 116 27 1 4
0 1 30 43 1 4
0 1 144 46 0 0
0 1 49 41 1 4
0 1 85 26 0 4
0 1 52 19 1 5
0 1 130 42 0 5
0 1 73 23 1 3
0 1 9 5 1 4
0 1 93 40 0 5
0 1 80 28 1 2
0 1 27 12 1 3
0 1 91 15 1 1
0 1 87 13 1 0
0 1 31 27 0 5
0 1 136 3 0 3
0 1 84 49 1 0
0 1 15 21 0 2
0 1 59 46 1 5
0 1 128 4 1 5
0 1 26 27 1 2
0 1 116 1 0 5
0 1 85 18 1 3
0 1 16 25 1 3
0 1 141 37 1 1
0 1 99 5 0 1
0 1 24 35 0 3
0 1 137 41 0 5
0 1 104 45 0 5
0 1 95 7 0 5
0 1 24 37 1 5
0 1 123 42 1 4
0 1 130 34 1 4
0 1 149 7 0 4
0 1 61 16 1 2
0 1 2 18 1 4
0 1 56 39 0 3
0 1 92 23 1 0
0 1 68 22 0 5
0 1 65 36 0 1
0 1 25 48 0 2
0 1 29 24 1 3
0 1 21 45 0 0
0 1 117 36 0 5
0 1 108 45 1 1
0 1 147 33 0 3
0 1 40 34 1 1
0 1 97 25 1 5
0 1 138 6 1 1
0 1 103 48 0 5
0 1 120 36 1 0
0 1 86 12 0 5
0 1 134 15 0 3
0 1 25 28 1 3
0 1 101 15 1 4
0 1 49 13 0 5
0 1 32 0 1 1
0 1 53 17 1 2
0 1 108 47 0 1
0 1 139 3 0 5
0 1 60 30 0 4
0 1 100 31 0 1
0 1 53 31 0 4
0 1 42 30 1 0
0 1 45 34 0 0
0 1 3 13 1 1
0 1 57 43 0 2
0 1 118 42 0 1
0 1 37 33 0 0
0 1 41 5 1 3
0 1 91 19 0 4
0 1 103 40 1 1
0 1 126 16 0 4
0 1 133 30 0 5
0 1 50 37 0 2
0 1 98 43 0 3
0 1 88 16 0 0
0 1 113 8 0 3
0 1 119 12 0 1
0 1 75 6 0 0
0 1 90 35 1 0
0 1 132 11 0 4
0 1 1 0 1 0
0 1 139 44 1 4
0 1 54 4 1 2
0 1 69 15 1 2
0 1 80 32 0 2
0 1 122 34 0 2
0 1 60 49 1 5
0 1 76 19 0 0
0 1 75 21 1 1
0 1 113 0 1 3
0 1 4 48 0 4
0 1 143 40 0 2
0 1 41 47 0 5
0 1 6 35 0 5
0 1 70 31 0 5
0 1 8 23 1 2
