0 1 40 4 1 5
0 1 64 0 1 4
0 1 78 37 1 0
0 1 144 9 0 3
0 1 141 27 0 2
0 1 149 38 0 2
0 1 74 44 1 3
0 1 63 6 1 3
0 1 8 42 0 5
0 1 75 23 1 2
0 1 99 19 0 2
0 1 34 32 0 3
0 1 1 21 0 0
0 1 42 25 0 2
0 1 7 16 0 0
0 1 128 4 0 4
0 1 55 29 1 4
0 1 138 27 1 1
0 1 112 18 0 0
0 1 149 31 1 3
0 1 88 20 1 0
0 1 48 48 1 0
0 1 50 46 0 2
0 1 144 11 1 3
0 1 109 20 0 3
0 1 29 20 0 2
0 1 119 44 1 4
0 1 96 19 1 1
0 1 18 42 0 2
0 1 145 7 0 5
0 1 94 16 0 3
0 1 83 24 1 2
0 1 87 36 1 0
0 1 15 34 0 2
0 1 102 2 0 5
0 1 110 35 1 1
0 1 19 31 0 5
0 1 92 10 0 3
0 1 94 32 1 1
0 1 89 12 1 5
0 1 3 27 1 5
0 1 140 19 0 3
0 1 38 8 1 5
0 1 101 36 0 5
0 1 108 24 0 3
0 1 96 28 0 2
0 1 121 25 0 5
0 1 44 6 0 0
0 1 64 8 0 0
0 1 10 41 0 2
0 1 104 18 0 2
0 1 91 18 1 3
0 1 52 46 1 4
0 1 6 1 0 3
0 1 7 12 1 0
0 1 2 17 1 5
0 1 107 40 0 4
0 1 131 33 1 1
0 1 84 33 1 4
0 1 85 14 1 5
0 1 60 5 1 0
0 1 117 37 1 5
0 1 29 29 1 3
0 1 131 15 0 3
0 1 76 26 1 1
0 1 89 29 0 0
0 1 99 45 1 0
0 1 139 46 1 3
0 1 36 18 1 5
0 1 75 38 0 5
0 1 147 45 1 5
0 1 133 30 0 4
0 1 86 21 1 4
0 1 26 34 0 5
0 1 37 43 0 0
0 1 146 5 0 3
0 1 54 1 0 5
0 1 93 23 0 4
0 1 71 2 0 3
0 1 124 6 1 1
0 1 93 27 1 0
0 1 148 4 0 3
0 1 80 38 0 1
0 1 107 15 1 1
0 1 9 22 0 5
0 1 19 47 1 1
0 1 73 28 0 4
0 1 38 3 0 3
0 1 58 27 1 4
0 1 122 23 0 3
0 1 136 9 1 2
0 1 85 12 0 4
0 1 126 49 1 4
0 1 118 29 1 5
0 1 11 42 0 3
0 1 138 0 0 1
0 1 39 34 0 0
0 1 43 11 0 2
0 1 32 14 0 1
0 1 71 3 1 1
0 1 33 22 0 0
0 1 0 47 0 2
0 1 61 43 0 2
0 1 37 30 1 0
0 1 82 16 1 2
0 1 108 10 1 1
0 1 18 0 1 5
0 1 98 32 0 0
0 1 113 49 0 0
0 1 27 35 0 5
0 1 25 28 1 0
0 1 102 23 1 1
0 1 148 7 1 1
0 1 101 13 1 4
0 1 67 39 0 4
0 1 132 45 1 2
0 1 46 10 1 4
0 1 114 32 1 4
0 1 46 48 0 2
0 1 14 39 1 3
0 1 95 41 1 0
0 1 70 46 0 5
0 1 114 42 0 4
0 1 41 19 0 0
0 1 103 0 1 0
0 1 92 35 1 0
0 1 139 21 0 3
0 1 66 24 0 4
0 1 95 39 0 1
0 1 33 8 1 4
0 1 110 37 0 1
0 1 13 5 1 1
0 1 13 31 0 2
0 1 130 2 1 0
0 1 16 7 1 4
0 1 121 24 1 0
0 1 57 13 1 2
0 1 130 16 0 4
0 1 111 28 1 5
0 1 57 14 0 0
0 1 17 22 0 4
0 1 83 2 0 1
0 1 51 1 1 4
0 1 126 30 0 1
0 1 49 13 1 0
0 1 87 9 0 4
0 1 45 4 1 1
0 1 115 20 1 1
0 1 43 41 1 3
0 1 4 49 1 1
0 1 22 25 1 0
0 1 77 23 1 5
0 1 80 4 1 0
0 1 39 26 1 3
0 1 81 43 1 5
0 1 23 9 1 5
0 1 145 1 1 2
0 1 127 10 0 5
0 1 100 29 0 1
0 1 66 34 1 1
0 1 28 28 1 3
0 1 31 48 1 3
0 1 56 37 0 4
0 1 68 36 1 1
0 1 23 41 0 4
0 1 56 38 1 0
0 1 10 8 1 2
0 1 63 33 0 5
0 1 120 3 0 2
0 1 53 33 1 3
0 1 91 26 0 2
0 1 143 8 1 3
0 1 72 13 0 5
0 1 112 40 1 2
0 1 123 2 1 2
0 1 30 43 1 4
0 1 106 44 1 1
0 1 49 13 0 3
0 1 48 10 0 2
0 1 125 35 0 3
0 1 17 40 1 0
0 1 79 5 0 4
0 1 21 7 1 0
0 1 123 40 0 5
0 1 5 11 1 0
0 1 24 17 0 4
0 1 50 34 1 4
0 1 125 19 1 4
0 1 100 41 1 1
0 1 65 49 0 2
0 1 26 25 1 4
0 1 142 6 1 5
0 1 135 15 0 5
0 1 122 21 1 1
0 1 119 6 0 4
0 1 105 47 1 0
0 1 41 18 1 1
0 1 124 47 0 3
0 1 12 15 1 4
0 1 143 40 0 1
0 1 34 25 1 3
0 1 53 14 0 4
0 1 45 31 0 4
0 1 115 30 0 3
0 1 28 9 0 0
0 1 20 0 1 3
0 1 4 20 0 4
0 1 73 43 1 1
0 1 30 17 0 3
0 1 82 17 0 1
0 1 103 33 0 2
0 1 61 46 1 0
0 1 59 12 1 2
0 1 127 47 1 4
0 1 74 1 0 0
0 1 69 3 1 5
0 1 54 30 1 2
0 1 132 26 0 0
0 1 76 26 0 5
0 1 36 14 0 2
0 1 69 15 0 0
0 1 21 37 0 2
0 1 118 3 0 0
0 1 129 21 0 5
0 1 20 47 0 5
0 1 67 11 1 5
0 1 24 32 1 2
0 1 62 48 0 5
0 1 15 8 1 1
0 1 11 38 1 3
0 1 140 34 1 3
0 1 27 49 1 3
0 1 84 36 0 4
0 1 88 12 0 1
0 1 12 38 0 4
0 1 90 42 0 1
0 1 116 39 0 2
0 1 104 22 1 1
0 1 31 45 0 1
0 1 98 31 1 1
0 1 14 44 0 2
0 1 5 16 0 5
0 1 136 7 0 3
0 1 120 48 1 4
0 1 147 11 0 1
0 1 35 44 1 5
0 1 6 36 1 2
0 1 111 45 0 3
0 1 90 5 1 2
0 1 141 17 1 0
0 1 97 1 0 1
0 1 2 35 0 4
0 1 129 0 1 2
0 1 65 44 1 0
0 1 134 22 1 2
0 1 35 22 0 3
0 1 70 24 1 1
0 1 106 42 0 0
0 1 42 16 1 1
0 1 79 41 1 5
0 1 77 46 0 1
0 1 135 49 1 5
0 1 22 39 0 0
0 1 40 18 0 4
0 1 134 9 0 1
0 1 113 25 1 1
0 1 117 5 0 5
0 1 137 33 1 0
0 1 8 24 1 5
0 1 116 15 1 2
