0 1 86 48 1 0
0 1 24 6 1 1
0 1 73 14 1 4
0 1 141 2 0 0
0 1 139 47 1 5
0 1 93 45 0 2
0 1 55 33 1 4
0 1 62 25 0 3
0 1 26 5 0 2
0 1 95 26 1 2
0 1 133 7 0 3
0 1 59 11 1 2
0 1 91 2 1 4
0 1 77 26 0 0
0 1 127 40 0 1
0 1 45 23 0 0
0 1 127 45 1 1
0 1 85 12 0 2
0 1 76 9 1 4
0 1 65 1 0 4
0 1 17 30 0 3
0 1 55 44 0 1
0 1 1 39 1 5
0 1 102 31 1 3
0 1 135 24 0 0
0 1 31 3 0 5
0 1 130 38 0 3
0 1 106 16 0 2
0 1 89 14 1 5
0 1 93 4 1 2
0 1 83 18 0 1
0 1 35 1 0 1
0 1 104 37 0 1
0 1 111 0 1 3
0 1 98 18 0 2
0 1 22 9 0 0
0 1 135 48 1 1
0 1 116 13 0 1
0 1 119 10 0 0
0 1 58 7 1 0
0 1 52 10 0 1
0 1 146 20 0 0
0 1 81 21 1 4
0 1 129 11 1 4
0 1 14 8 1 4
0 1 121 8 0 3
0 1 102 13 0 3
0 1 13 15 0 1
0 1 30 47 0 4
0 1 56 28 0 5
0 1 106 34 1 5
0 1 108 37 1 2
0 1 11 19 1 0
0 1 43 22 1 3
0 1 110 34 1 2
0 1 36 24 0 4
0 1 27 33 1 1
0 1 149 27 0 4
0 1 139 29 0 2
0 1 119 17 1 1
0 1 64 35 1 5
0 1 38 42 0 4
0 1 49 45 0 3
0 1 23 47 1 3
0 1 97 19 0 3
0 1 54 1 1 2
0 1 58 5 0 5
0 1 76 47 0 0
0 1 41 49 0 3
0 1 109 8 0 0
0 1 3 16 0 0
0 1 21 25 0 0
0 1 42 43 1 3
0 1 87 35 0 2
0 1 134 24 0 5
0 1 111 7 0 4
0 1 128 28 0 2
0 1 120 10 0 5
0 1 99 22 0 5
0 1 92 43 0 5
0 1 0 29 0 4
0 1 27 41 0 4
0 1 118 36 1 1
0 1 29 0 0 5
0 1 115 15 1 0
0 1 115 4 0 0
0 1 47 36 1 3
0 1 8 46 0 2
0 1 69 46 1 0
0 1 53 17 1 0
0 1 100 17 1 5
0 1 20 4 0 5
0 1 32 15 0 4
0 1 82 40 0 5
0 1 33 49 0 5
0 1 28 32 0 3
0 1 63 16 0 1
0 1 103 40 1 2
0 1 75 26 1 1
0 1 70 44 0 5
0 1 18 21 0 0
0 1 28 18 1 5
0 1 66 23 1 5
0 1 68 39 0 0
0 1 112 23 0 1
0 1 50 38 0 1
0 1 10 27 0 0
0 1 71 14 0 1
0 1 103 21 0 3
0 1 85 10 1 4
0 1 79 20 1 5
0 1 14 38 0 5
0 1 44 28 0 4
0 1 117 23 0 3
0 1 144 28 1 3
0 1 5 3 1 4
0 1 43 42 0 1
0 1 56 38 1 2
0 1 23 45 0 4
0 1 113 31 0 0
0 1 51 6 0 0
0 1 88 35 0 3
0 1 133 2 1 3
0 1 68 41 1 5
0 1 129 1 0 5
0 1 67 30 0 0
0 1 149 24 1 3
0 1 84 36 1 0
0 1 7 9 0 1
0 1 11 49 0 1
0 1 40 44 0 2
0 1 26 6 1 2
0 1 71 5 1 3
0 1 143 32 1 4
0 1 90 18 0 0
0 1 36 7 1 5
0 1 136 6 1 4
0 1 77 27 1 3
0 1 47 36 0 2
0 1 105 34 1 0
0 1 113 24 1 1
0 1 63 33 1 5
0 1 80 14 0 3
0 1 44 12 1 3
0 1 32 36 1 4
0 1 51 3 1 1
0 1 46 7 1 1
0 1 90 43 1 2
0 1 94 48 0 5
0 1 101 32 1 0
0 1 45 43 1 4
0 1 79 31 0 5
0 1 35 12 1 0
0 1 114 2 0 5
0 1 78 35 1 1
0 1 128 49 1 2
0 1 112 25 1 5
0 1 30 26 1 3
0 1 22 20 1 2
0 1 97 3 1 3
0 1 138 16 0 5
0 1 99 12 1 4
0 1 50 20 1 3
0 1 61 4 0 3
0 1 73 44 0 0
0 1 53 22 0 1
0 1 57 45 1 5
0 1 17 3 1 2
0 1 12 4 0 1
0 1 37 40 0 4
0 1 15 30 0 1
0 1 60 9 1 2
0 1 72 25 1 2
0 1 122 42 0 0
0 1 39 21 1 2
0 1 110 10 0 3
0 1 89 46 0 5
0 1 39 30 0 4
0 1 130 42 1 3
0 1 65 43 1 0
0 1 101 34 0 4
0 1 123 37 0 5
0 1 121 11 1 1
0 1 13 15 1 2
0 1 12 17 1 2
0 1 132 29 1 1
0 1 69 9 0 5
0 1 6 20 0 4
0 1 131 32 0 5
0 1 49 44 1 3
0 1 144 14 0 2
0 1 34 12 0 5
0 1 141 47 1 1
0 1 38 21 1 1
0 1 4 31 1 4
0 1 52 13 1 2
0 1 5 33 0 0
0 1 74 17 0 4
0 1 64 5 0 0
0 1 48 2 1 1
0 1 91 0 0 1
0 1 16 37 1 3
0 1 125 35 0 0
0 1 96 32 1 2
0 1 147 8 1 5
0 1 126 16 0 4
0 1 120 8 1 1
0 1 46 22 0 2
0 1 3 31 1 2
0 1 104 29 1 3
0 1 40 19 1 1
0 1 148 46 0 4
0 1 148 5 1 4
0 1 123 19 1 4
0 1 59 22 0 0
0 1 124 20 1 1
0 1 20 24 1 2
0 1 15 48 1 2
0 1 95 26 0 4
0 1 57 37 0 0
0 1 87 39 1 2
0 1 142 39 1 3
0 1 25 41 0 1
0 1 145 41 1 0
0 1 16 27 0 2
0 1 137 33 0 2
0 1 2 38 1 4
0 1 88 29 1 5
0 1 81 30 0 2
0 1 94 13 1 4
0 1 9 11 1 0
0 1 18 1 1 3
0 1 66 13 0 5
0 1 19 18 1 4
0 1 134 35 1 4
0 1 143 42 0 2
0 1 1 22 0 4
0 1 74 27 1 1
0 1 145 11 0 5
0 1 42 25 0 4
0 1 100 4 0 4
0 1 118 49 0 4
0 1 98 41 1 3
0 1 75 0 0 2
0 1 67 15 1 5
0 1 147 28 0 1
0 1 137 34 1 1
0 1 31 40 1 3
0 1 0 38 1 0
0 1 92 48 1 4
0 1 21 2 1 2
0 1 132 19 0 5
0 1 72 23 0 2
0 1 124 0 0 4
0 1 122 12 1 1
0 1 96 39 0 1
0 1 140 43 1 1
0 1 10 29 1 0
0 1 83 31 1 1
0 1 9 6 0 5
0 1 136 23 0 4
0 1 29 46 1 1
0 1 142 16 0 3
0 1 105 49 0 0
0 1 8 33 1 3
0 1 86 30 0 5
0 1 109 28 1 0
0 1 2 15 0 3
0 1 33 0 1 0
0 1 62 25 1 1
