0 1 22 38 1 0
0 1 19 5 1 3
0 1 94 17 1 2
0 1 129 36 0 5
0 1 20 30 0 4
0 1 2 45 0 5
0 1 30 15 1 0
0 1 145 37 0 4
0 1 33 13 1 0
0 1 113 26 1 0
0 1 59 0 0 4
0 1 148 29 0 3
0 1 5 32 1 4
0 1 72 35 0 2
0 1 67 46 1 2
0 1 32 27 1 5
0 1 121 13 1 3
0 1 12 2 1 0
0 1 3 4 0 1
0 1 1 34 0 5
0 1 137 40 1 2
0 1 103 46 1 3
0 1 63 35 0 5
0 1 146 31 0 3
0 1 15 20 1 5
0 1 98 18 0 2
0 1 62 27 0 4
0 1 88 31 0 5
0 1 58 3 0 5
0 1 70 31 0 4
0 1 72 7 1 2
0 1 109 14 0 4
0 1 97 33 1 4
0 1 144 47 1 4
0 1 76 6 1 2
0 1 27 46 0 0
0 1 42 49 0 4
0 1 110 21 0 1
0 1 110 48 1 0
0 1 83 1 1 5
0 1 115 24 0 4
0 1 127 6 0 0
0 1 37 8 0 5
0 1 125 24 0 0
0 1 9 25 0 1
0 1 108 11 0 5
0 1 128 36 0 3
0 1 141 15 1 3
0 1 25 44 0 3
0 1 122 2 1 3
0 1 104 27 1 3
0 1 12 45 0 2
0 1 69 44 0 2
0 1 147 10 1 1
0 1 50 46 1 4
0 1 91 1 0 0
0 1 45 12 1 3
0 1 67 17 0 1
0 1 96 34 1 0
0 1 95 19 0 2
0 1 49 25 1 0
0 1 70 10 1 2
0 1 32 40 0 3
0 1 4 16 0 3
0 1 119 13 0 2
0 1 101 43 0 1
0 1 10 24 1 5
0 1 131 0 0 1
0 1 48 6 1 5
0 1 146 37 1 0
0 1 76 11 0 2
0 1 111 11 1 0
0 1 149 28 1 4
0 1 7 39 1 3
0 1 142 40 0 0
0 1 22 11 0 1
0 1 11 41 1 3
0 1 80 41 0 4
0 1 77 9 1 1
0 1 55 49 1 3
0 1 64 1 0 2
0 1 14 47 0 5
0 1 89 17 1 3
0 1 27 30 1 5
0 1 78 23 1 5
0 1 79 40 1 5
0 1 98 45 1 0
0 1 52 23 0 0
0 1 41 9 1 0
0 1 124 42 1 3
0 1 99 13 0 4
0 1 6 38 0 1
0 1 51 37 0 3
0 1 47 4 1 0
0 1 66 20 1 1
0 1 105 17 0 4
0 1 94 5 0 1
0 1 74 48 1 5
0 1 117 21 1 4
0 1 87 8 0 4
0 1 97 33 0 5
0 1 55 41 0 0
0 1 7 30 0 0
0 1 28 15 0 4
0 1 33 3 0 2
0 1 53 12 0 5
0 1 17 28 1 1
0 1 136 47 0 2
0 1 118 22 0 4
0 1 65 43 1 3
0 1 111 26 0 3
0 1 120 11 0 4
0 1 25 7 1 0
0 1 128 0 1 0
0 1 35 10 1 3
0 1 133 14 0 5
0 1 1 21 1 3
0 1 8 48 0 4
0 1 30 43 0 2
0 1 149 6 0 1
0 1 126 36 1 2
0 1 46 28 0 0
0 1 81 3 0 0
0 1 142 21 1 5
0 1 75 39 0 0
0 1 43 8 0 3
0 1 40 32 1 0
0 1 42 36 1 0
0 1 5 16 0 2
0 1 124 33 0 0
0 1 122 7 0 1
0 1 28 42 1 2
0 1 45 5 0 5
0 1 96 0 0 2
0 1 126 18 0 1
0 1 147 48 0 3
0 1 13 20 1 3
0 1 54 19 0 1
0 1 64 14 1 1
0 1 93 24 1 3
0 1 14 2 1 4
0 1 81 12 1 4
0 1 63 30 1 2
0 1 130 29 0 1
0 1 139 7 1 4
0 1 82 30 0 3
0 1 19 43 0 5
0 1 91 9 1 5
0 1 16 4 0 3
0 1 114 38 1 3
0 1 57 26 1 1
0 1 134 16 1 5
0 1 145 40 1 4
0 1 133 0 1 3
0 1 46 24 1 1
0 1 84 25 0 3
0 1 37 9 1 2
0 1 125 35 1 0
0 1 44 23 1 3
0 1 31 26 1 4
0 1 29 21 1 2
0 1 24 2 1 2
0 1 130 19 1 0
0 1 69 44 1 0
0 1 116 45 1 3
0 1 8 46 1 5
0 1 100 22 1 5
0 1 88 16 1 4
0 1 108 44 1 1
0 1 104 39 0 1
0 1 58 47 1 3
0 1 127 3 1 4
0 1 59 31 1 2
0 1 17 5 0 0
0 1 77 43 0 4
0 1 16 14 1 2
0 1 86 42 0 0
0 1 20 12 1 2
0 1 134 19 0 4
0 1 75 35 1 1
0 1 35 34 0 3
0 1 103 41 0 1
0 1 112 28 0 2
0 1 106 10 1 5
0 1 49 48 0 1
0 1 106 37 0 5
0 1 105 49 1 5
0 1 66 2 0 5
0 1 29 5 0 4
0 1 0 31 0 1
0 1 11 10 0 0
0 1 73 4 0 5
0 1 24 49 0 0
0 1 48 20 0 4
0 1 18 41 0 2
0 1 138 27 0 1
0 1 60 42 0 4
0 1 107 38 0 5
0 1 143 15 1 1
0 1 132 13 0 5
0 1 79 36 0 1
0 1 117 29 0 2
0 1 38 38 0 4
0 1 65 28 0 5
0 1 85 1 0 3
0 1 36 4 0 4
0 1 120 32 1 1
0 1 60 29 1 0
0 1 87 18 1 4
0 1 71 23 1 1
0 1 53 9 1 3
0 1 50 49 0 2
0 1 56 35 1 4
0 1 114 0 0 5
0 1 144 3 0 3
0 1 138 25 1 4
0 1 23 23 0 4
0 1 39 5 0 2
0 1 112 34 1 1
0 1 61 47 0 1
0 1 0 18 1 0
0 1 123 1 1 4
0 1 102 39 0 5
0 1 101 42 1 5
0 1 4 32 1 3
0 1 61 17 1 5
0 1 92 29 1 4
0 1 78 33 0 1
0 1 115 18 1 3
0 1 107 25 1 5
0 1 80 37 1 1
0 1 57 22 0 0
0 1 51 45 1 4
0 1 141 7 0 3
0 1 73 20 1 2
0 1 135 27 0 0
0 1 139 22 0 3
0 1 71 16 0 1
0 1 136 42 1 1
0 1 23 19 1 3
0 1 26 14 0 0
0 1 84 39 1 2
0 1 143 34 0 2
0 1 140 32 0 2
0 1 68 8 1 2
0 1 2 44 1 4
0 1 137 8 0 0
0 1 123 33 0 2
0 1 90 6 0 3
0 1 113 20 0 0
0 1 86 26 1 2
0 1 62 15 1 5
0 1 85 40 1 1
0 1 119 18 1 5
0 1 43 12 1 1
0 1 34 34 1 4
0 1 83 22 0 2
0 1 36 46 1 1
0 1 99 29 1 5
0 1 148 25 1 2
0 1 21 23 0 2
0 1 9 22 1 1
0 1 6 11 1 3
0 1 52 44 1 5
0 1 131 32 1 5
0 1 89 12 0 0
0 1 74 38 0 2
0 1 38 13 1 1
0 1 135 2 1 1
0 1 93 8 0 1
