0 1 3 9 1 0
0 1 17 14 1 3
0 1 91 18 0 4
0 1 146 7 1 2
0 1 128 21 0 4
0 1 108 17 0 0
0 1 103 13 0 2
0 1 99 31 1 4
0 1 147 4 0 2
0 1 109 44 0 1
0 1 27 36 1 0
0 1 52 28 0 2
0 1 24 38 0 4
0 1 0 9 1 4
0 1 79 39 0 2
0 1 133 30 1 1
0 1 4 44 0 2
0 1 139 5 1 5
0 1 104 22 1 0
0 1 47 46 1 1
0 1 85 26 0 4
0 1 45 20 1 0
0 1 21 32 0 2
0 1 36 18 0 3
0 1 15 14 0 5
0 1 86 20 1 1
0 1 119 14 0 2
0 1 102 19 0 1
0 1 136 15 1 1
0 1 60 49 1 3
0 1 49 10 0 1
0 1 69 37 1 3
0 1 141 49 0 1
0 1 13 27 1 4
0 1 14 40 0 2
0 1 54 12 0 3
0 1 68 31 0 1
0 1 100 36 1 4
0 1 35 48 0 1
0 1 70 6 0 1
0 1 28 25 0 4
0 1 82 43 1 2
0 1 88 33 1 3
0 1 114 24 0 2
0 1 7 24 1 4
0 1 124 48 0 2
0 1 44 27 1 2
0 1 131 23 0 5
0 1 124 2 1 1
0 1 51 20 0 4
0 1 54 16 1 4
0 1 1 23 1 2
0 1 30 37 1 2
0 1 94 26 1 5
0 1 136 6 0 5
0 1 16 41 1 4
0 1 116 28 0 1
0 1 55 11 1 1
0 1 125 45 0 3
0 1 71 28 0 5
0 1 72 45 0 5
0 1 56 3 0 1
0 1 123 42 1 3
0 1 132 29 0 2
0 1 129 0 1 0
0 1 138 12 0 2
0 1 27 47 0 1
0 1 13 37 0 1
0 1 34 43 0 4
0 1 125 26 1 2
0 1 2 35 0 0
0 1 22 38 1 3
0 1 149 4 1 5
0 1 78 0 1 2
0 1 59 3 1 2
0 1 18 45 1 0
0 1 10 4 0 3
0 1 128 43 1 3
0 1 123 12 0 4
0 1 129 35 0 1
0 1 145 41 1 5
0 1 115 1 0 4
0 1 20 8 0 5
0 1 62 2 1 2
0 1 97 0 0 4
0 1 134 5 1 1
0 1 45 46 0 5
0 1 86 33 0 2
0 1 14 16 1 3
0 1 21 49 1 0
0 1 59 42 0 1
0 1 137 34 0 3
0 1 122 42 0 4
0 1 26 3 1 4
0 1 116 32 1 4
0 1 142 16 1 0
0 1 42 30 1 0
0 1 101 39 1 1
0 1 37 30 0 5
0 1 15 10 1 2
0 1 11 15 0 2
0 1 72 20 1 5
0 1 75 46 0 4
0 1 26 28 0 0
0 1 67 20 1 2
0 1 88 38 0 2
0 1 3 46 0 2
0 1 9 21 0 0
0 1 120 25 0 2
0 1 57 15 0 3
0 1 56 0 1 5
0 1 33 9 1 3
0 1 77 7 1 5
0 1 112 26 0 0
0 1 66 39 0 3
0 1 115 49 1 2
0 1 76 41 0 1
0 1 92 0 1 1
0 1 135 24 1 5
0 1 70 18 1 0
0 1 32 25 1 1
0 1 22 31 0 3
0 1 100 7 0 4
0 1 65 27 0 0
0 1 55 13 0 3
0 1 23 5 1 0
0 1 57 3 1 5
0 1 41 43 1 5
0 1 30 29 0 5
0 1 133 9 0 1
0 1 106 6 1 4
0 1 28 40 1 0
0 1 132 1 1 0
0 1 85 33 1 1
0 1 143 39 1 5
0 1 4 17 1 2
0 1 19 48 1 4
0 1 58 24 0 0
0 1 104 14 0 0
0 1 107 16 1 2
0 1 91 33 1 5
0 1 126 41 0 2
0 1 84 37 0 4
0 1 79 48 1 3
0 1 65 4 1 4
0 1 146 35 0 2
0 1 106 35 0 3
0 1 78 49 0 4
0 1 130 42 1 5
0 1 120 32 1 0
0 1 145 40 0 4
0 1 20 15 1 4
0 1 98 27 0 5
0 1 90 30 0 2
0 1 25 36 1 1
0 1 99 17 0 5
0 1 119 3 1 3
0 1 80 24 0 3
0 1 31 8 1 0
0 1 50 11 1 4
0 1 61 23 0 1
0 1 12 37 1 5
0 1 117 48 1 5
0 1 48 26 1 3
0 1 5 8 1 3
0 1 114 11 1 2
0 1 83 18 0 5
0 1 68 2 1 3
0 1 49 22 1 4
0 1 29 6 1 2
0 1 110 13 0 1
0 1 140 10 0 0
0 1 81 22 1 3
0 1 140 25 1 3
0 1 40 35 0 5
0 1 105 17 1 4
0 1 73 21 0 3
0 1 135 12 0 1
0 1 9 4 1 1
0 1 64 40 1 1
0 1 60 34 0 4
0 1 149 21 0 5
0 1 137 24 1 1
0 1 38 39 0 0
0 1 2 44 1 5
0 1 121 19 0 4
0 1 63 18 1 2
0 1 101 11 0 3
0 1 42 13 0 5
0 1 29 22 0 5
0 1 1 32 0 1
0 1 148 23 1 3
0 1 90 9 1 5
0 1 40 14 1 4
0 1 141 34 1 0
0 1 144 45 0 4
0 1 11 44 1 4
0 1 95 33 0 0
0 1 96 1 0 3
0 1 92 8 0 1
0 1 130 7 0 3
0 1 105 5 0 2
0 1 64 47 0 5
0 1 31 11 0 0
0 1 36 13 1 4
0 1 43 6 0 3
0 1 47 8 0 4
0 1 41 34 0 1
0 1 107 10 0 3
0 1 103 1 1 5
0 1 117 47 0 3
0 1 127 42 1 2
0 1 48 2 0 4
0 1 102 19 1 2
0 1 76 46 1 0
0 1 113 7 0 1
0 1 84 36 1 3
0 1 142 7 0 0
0 1 74 29 0 4
0 1 109 38 1 0
0 1 148 19 0 0
0 1 138 31 1 0
0 1 43 8 1 2
0 1 6 28 1 3
0 1 97 47 1 2
0 1 87 17 1 1
0 1 93 44 1 3
0 1 37 41 1 3
0 1 80 23 1 0
0 1 87 26 0 1
0 1 24 25 1 0
0 1 96 29 1 3
0 1 89 27 1 3
0 1 23 34 0 5
0 1 12 30 0 4
0 1 50 19 0 3
0 1 126 29 1 0
0 1 0 15 0 0
0 1 127 40 0 3
0 1 111 32 0 3
0 1 121 22 1 1
0 1 118 38 1 1
0 1 46 47 0 0
0 1 63 43 0 1
0 1 6 36 0 2
0 1 139 9 0 2
0 1 82 44 0 0
0 1 74 16 1 5
0 1 62 45 0 1
0 1 111 2 1 0
0 1 143 13 0 0
0 1 58 31 1 5
0 1 52 32 1 5
0 1 25 17 0 3
0 1 108 5 1 3
0 1 95 12 1 5
0 1 18 3 0 0
0 1 118 35 0 4
0 1 34 1 1 1
0 1 39 10 0 5
0 1 147 34 1 2
0 1 38 11 1 5
0 1 53 46 0 3
0 1 75 43 1 0
0 1 46 21 1 2
0 1 17 0 0 3
0 1 131 30 1 3
0 1 51 10 1 4
0 1 71 40 1 5
0 1 110 15 1 5
