0 1 20 41 1 4
0 1 85 10 0 3
0 1 33 16 0 5
0 1 120 6 0 1
0 1 79 47 1 3
0 1 149 45 1 0
0 1 117 7 1 5
0 1 17 25 0 5
0 1 32 44 0 4
0 1 40 3 0 3
0 1 5 0 0 1
0 1 54 46 0 4
0 1 43 42 0 0
0 1 78 33 1 0
0 1 44 41 1 1
0 1 58 46 0 0
0 1 100 21 0 5
0 1 108 9 0 0
0 1 10 31 1 2
0 1 12 40 1 3
0 1 137 30 1 2
0 1 42 12 0 4
0 1 115 40 1 2
0 1 110 27 0 4
0 1 115 29 0 4
0 1 111 30 0 0
0 1 53 18 0 2
0 1 103 31 0 1
0 1 38 42 0 4
0 1 91 5 1 1
0 1 19 4 0 4
0 1 102 38 0 2
0 1 1 10 1 5
0 1 46 14 1 5
0 1 99 18 0 1
0 1 127 38 0 1
0 1 98 33 1 3
0 1 26 11 0 0
0 1 81 16 0 2
0 1 52 17 0 5
0 1 31 27 0 3
0 1 146 37 0 5
0 1 116 20 0 3
0 1 121 39 0 2
0 1 107 8 0 3
0 1 138 19 0 4
0 1 110 36 1 4
0 1 8 8 0 5
0 1 135 28 0 3
0 1 80 48 1 1
0 1 70 8 0 4
0 1 130 1 0 4
0 1 97 38 0 5
0 1 57 2 0 0
0 1 49 34 0 3
0 1 73 3 1 0
0 1 106 9 1 2
0 1 137 14 0 0
0 1 24 14 0 4
0 1 18 2 1 5
0 1 76 47 0 2
0 1 34 0 1 2
0 1 40 48 1 2
0 1 43 15 1 0
0 1 145 23 0 2
0 1 27 39 1 4
0 1 61 17 0 4
0 1 148 39 0 1
0 1 97 40 1 0
0 1 47 46 0 5
0 1 93 7 0 0
0 1 147 13 1 4
0 1 33 0 1 5
0 1 79 23 0 5
0 1 126 25 1 2
0 1 16 21 1 4
0 1 56 37 0 0
0 1 90 26 1 1
0 1 88 33 1 1
0 1 111 6 1 4
0 1 4 32 1 2
0 1 88 15 0 1
0 1 49 35 1 2
0 1 22 4 0 1
0 1 101 35 1 0
0 1 104 13 0 5
0 1 149 44 0 5
0 1 127 2 1 3
0 1 89 49 0 2
0 1 98 8 0 0
0 1 84 33 1 5
0 1 2 32 0 5
0 1 11 22 1 5
0 1 141 49 1 1
0 1 100 30 1 3
0 1 15 34 1 4
0 1 60 43 1 2
0 1 4 21 0 1
0 1 74 47 0 4
0 1 76 4 1 5
0 1 112 15 0 4
0 1 148 7 1 3
0 1 131 24 0 4
0 1 28 21 0 3
0 1 71 29 0 3
0 1 67 19 1 0
0 1 66 43 1 5
0 1 14 34 1 1
0 1 68 4 1 2
0 1 136 18 0 0
0 1 62 22 0 3
0 1 82 44 0 0
0 1 86 29 1 5
0 1 39 5 0 4
0 1 37 37 0 1
0 1 21 45 1 2
0 1 138 3 1 4
0 1 24 23 1 1
0 1 134 45 1 4
0 1 131 11 1 1
0 1 45 24 1 1
0 1 41 36 0 2
0 1 30 1 1 3
0 1 96 27 1 2
0 1 136 6 1 5
0 1 84 35 0 4
0 1 80 20 0 5
0 1 44 41 0 5
0 1 109 39 0 0
0 1 59 47 0 5
0 1 77 3 1 1
0 1 95 13 0 0
0 1 124 22 1 2
0 1 14 1 0 5
0 1 128 15 1 5
0 1 145 44 1 3
0 1 6 0 0 4
0 1 35 17 0 0
0 1 119 43 1 3
0 1 51 22 1 1
0 1 119 17 0 1
0 1 34 24 0 2
0 1 47 5 1 0
0 1 92 20 0 1
0 1 118 10 0 2
0 1 125 31 0 4
0 1 2 29 1 2
0 1 122 3 0 2
0 1 103 19 1 2
0 1 45 18 0 4
0 1 3 27 1 5
0 1 46 42 0 1
0 1 19 31 1 3
0 1 140 27 1 1
0 1 134 7 0 2
0 1 86 45 0 1
0 1 11 45 0 5
0 1 120 38 1 4
0 1 50 2 0 4
0 1 109 48 1 3
0 1 75 49 0 3
0 1 17 16 1 3
0 1 60 28 0 1
0 1 1 43 0 1
0 1 48 13 1 1
0 1 38 30 1 1
0 1 107 11 1 2
0 1 69 33 1 2
0 1 142 46 0 1
0 1 59 43 1 4
0 1 141 19 0 1
0 1 113 28 0 5
0 1 92 1 1 2
0 1 125 15 1 2
0 1 133 17 0 3
0 1 23 48 0 4
0 1 13 32 0 1
0 1 52 24 1 0
0 1 81 23 1 4
0 1 29 41 1 0
0 1 140 12 0 2
0 1 8 36 1 0
0 1 57 9 1 5
0 1 121 24 1 3
0 1 113 25 1 0
0 1 83 8 0 2
0 1 126 26 0 5
0 1 70 40 1 1
0 1 5 47 1 0
0 1 123 41 1 2
0 1 62 36 1 3
0 1 112 0 1 3
0 1 26 32 1 3
0 1 142 20 1 0
0 1 90 22 0 4
0 1 66 35 0 5
0 1 105 14 0 3
0 1 114 2 0 1
0 1 20 12 0 3
0 1 65 21 0 0
0 1 87 6 1 0
0 1 42 25 1 4
0 1 3 4 0 3
0 1 94 31 0 5
0 1 108 12 1 5
0 1 36 30 1 4
0 1 95 35 1 3
0 1 37 26 1 2
0 1 63 49 0 0
0 1 65 11 1 5
0 1 96 10 0 4
0 1 27 16 0 4
0 1 129 42 1 5
0 1 55 26 1 0
0 1 29 34 0 5
0 1 128 43 0 0
0 1 22 42 1 2
0 1 48 48 0 0
0 1 143 28 1 4
0 1 91 26 0 4
0 1 116 5 1 3
0 1 7 40 0 4
0 1 64 19 0 5
0 1 118 39 1 5
0 1 147 44 0 1
0 1 78 18 0 3
0 1 32 12 1 1
0 1 99 29 1 0
0 1 25 15 0 3
0 1 7 23 1 0
0 1 89 20 1 2
0 1 53 10 1 0
0 1 122 38 1 0
0 1 13 11 1 4
0 1 64 13 1 2
0 1 130 49 1 5
0 1 30 46 0 3
0 1 101 9 0 1
0 1 144 5 0 2
0 1 55 8 0 1
0 1 72 28 0 2
0 1 31 9 1 3
0 1 15 6 0 2
0 1 50 34 1 2
0 1 0 48 0 5
0 1 74 16 1 1
0 1 35 14 1 2
0 1 63 32 1 0
0 1 85 19 1 3
0 1 146 45 1 3
0 1 67 36 0 1
0 1 129 7 0 1
0 1 124 25 0 1
0 1 77 49 0 4
0 1 87 6 0 3
0 1 16 1 0 0
0 1 36 20 0 4
0 1 73 11 0 3
0 1 143 37 0 2
0 1 82 41 1 3
0 1 106 36 0 5
0 1 144 31 1 0
0 1 68 40 0 5
0 1 18 16 0 0
0 1 21 10 0 1
0 1 117 23 0 3
0 1 54 37 1 3
0 1 139 35 0 1
0 1 132 9 1 4
0 1 39 28 1 0
