0 1 87 46 0 4
0 1 9 6 1 3
0 1 85 37 1 0
0 1 83 35 1 1
0 1 146 48 1 0
0 1 59 36 0 4
0 1 22 36 0 0
0 1 108 2 0 1
0 1 118 37 0 3
0 1 19 5 0 4
0 1 19 26 1 2
0 1 7 47 1 1
0 1 58 6 1 2
0 1 11 18 1 2
0 1 23 25 0 3
0 1 143 1 1 5
0 1 93 4 1 2
0 1 140 19 0 5
0 1 122 16 1 1
0 1 112 4 1 5
0 1 20 18 1 0
0 1 138 9 0 1
0 1 98 5 1 0
0 1 117 45 0 2
0 1 79 24 1 1
0 1 143 21 0 3
0 1 45 33 1 1
0 1 101 17 1 0
0 1 31 13 1 2
0 1 17 29 1 3
0 1 36 43 0 5
0 1 76 12 1 3
0 1 141 40 0 3
0 1 123 42 0 1
0 1 110 35 1 4
0 1 30 8 1 3
0 1 129 38 1 0
0 1 108 23 1 4
0 1 97 38 1 5
0 1 74 44 1 2
0 1 21 47 0 0
0 1 75 12 0 0
0 1 18 19 0 3
0 1 94 33 1 5
0 1 7 48 0 4
0 1 144 10 1 1
0 1 41 20 1 2
0 1 138 27 1 2
0 1 16 14 1 2
0 1 57 28 0 4
0 1 50 14 0 0
0 1 67 22 0 4
0 1 37 39 0 4
0 1 90 11 1 0
0 1 131 14 1 1
0 1 89 25 1 2
0 1 6 8 0 4
0 1 106 34 0 2
0 1 28 31 0 1
0 1 148 41 1 2
0 1 107 15 1 0
0 1 149 30 1 4
0 1 95 37 1 4
0 1 129 16 0 0
0 1 97 49 0 0
0 1 22 7 1 3
0 1 107 33 0 4
0 1 44 0 1 0
0 1 41 13 0 0
0 1 61 20 0 0
0 1 61 18 1 3
0 1 14 16 0 3
0 1 56 11 0 3
0 1 44 31 0 4
0 1 114 22 0 5
0 1 2 32 0 2
0 1 145 17 1 2
0 1 120 13 0 1
0 1 99 42 1 0
0 1 39 7 1 0
0 1 101 5 0 2
0 1 75 6 1 0
0 1 128 46 0 2
0 1 15 0 1 4
0 1 16 25 0 4
0 1 38 21 0 1
0 1 51 3 0 4
0 1 103 34 1 1
0 1 15 9 0 2
0 1 57 39 1 5
0 1 45 44 0 4
0 1 139 30 0 2
0 1 35 28 1 5
0 1 76 13 0 4
0 1 56 23 1 3
0 1 116 12 0 4
0 1 120 11 1 5
0 1 58 19 0 2
0 1 64 10 0 4
0 1 109 49 0 3
0 1 72 47 0 5
0 1 5 40 1 0
0 1 88 17 0 3
0 1 49 29 1 2
0 1 90 15 0 2
0 1 31 35 0 5
0 1 102 38 1 1
0 1 53 30 1 1
0 1 63 13 1 5
0 1 139 45 1 5
0 1 38 45 1 4
0 1 84 22 0 2
0 1 99 24 0 4
0 1 10 10 0 3
0 1 55 26 1 4
0 1 105 40 1 4
0 1 92 43 1 1
0 1 59 17 1 1
0 1 105 41 0 1
0 1 68 8 0 1
0 1 27 41 1 3
0 1 39 33 0 0
0 1 109 23 1 0
0 1 70 31 0 3
0 1 29 32 0 1
0 1 111 17 1 5
0 1 146 39 0 2
0 1 106 32 1 4
0 1 34 24 1 0
0 1 115 40 1 5
0 1 8 8 1 0
0 1 81 4 0 3
0 1 85 27 0 3
0 1 52 26 0 3
0 1 87 15 1 5
0 1 71 41 0 5
0 1 78 4 0 1
0 1 18 22 1 1
0 1 125 18 1 1
0 1 32 14 0 5
0 1 46 7 0 1
0 1 24 35 1 3
0 1 48 44 0 0
0 1 100 29 0 0
0 1 63 49 0 1
0 1 36 6 1 5
0 1 123 21 1 4
0 1 144 43 0 3
0 1 20 1 0 4
0 1 124 1 0 2
0 1 92 46 0 5
0 1 82 29 1 1
0 1 67 11 1 4
0 1 94 37 0 1
0 1 88 49 1 4
0 1 103 19 0 4
0 1 5 20 0 3
0 1 84 36 1 5
0 1 96 28 1 1
0 1 51 28 1 3
0 1 118 23 1 2
0 1 102 2 0 2
0 1 127 5 1 5
0 1 91 31 1 2
0 1 48 15 1 4
0 1 104 38 1 2
0 1 46 21 1 0
0 1 69 45 1 0
0 1 49 39 0 0
0 1 83 2 0 0
0 1 10 7 1 5
0 1 104 38 0 4
0 1 121 1 1 3
0 1 64 20 1 4
0 1 112 7 0 4
0 1 53 42 0 2
0 1 43 0 0 5
0 1 114 46 1 0
0 1 145 5 0 3
0 1 26 47 1 2
0 1 65 1 0 0
0 1 30 26 0 0
0 1 77 6 1 4
0 1 34 2 0 4
0 1 80 34 1 0
0 1 131 29 0 4
0 1 0 9 1 4
0 1 81 41 1 0
0 1 128 19 1 0
0 1 69 44 0 1
0 1 62 0 1 1
0 1 35 36 0 1
0 1 43 30 1 0
0 1 27 32 0 3
0 1 9 43 0 0
0 1 40 24 1 2
0 1 136 18 1 4
0 1 110 12 0 1
0 1 79 31 0 0
0 1 119 16 1 2
0 1 1 44 1 5
0 1 147 45 1 3
0 1 136 42 0 4
0 1 115 34 0 5
0 1 14 49 1 5
0 1 8 22 0 0
0 1 37 14 1 3
0 1 96 9 0 5
0 1 17 15 0 3
0 1 80 21 0 5
0 1 98 25 0 5
0 1 148 10 0 2
0 1 86 25 0 1
0 1 6 28 1 2
0 1 33 30 1 3
0 1 29 26 1 1
0 1 89 24 0 5
0 1 132 14 0 4
0 1 113 0 0 2
0 1 135 40 1 1
0 1 142 21 0 2
0 1 125 48 0 1
0 1 25 8 0 2
0 1 95 9 0 0
0 1 40 36 0 3
0 1 13 39 0 3
0 1 4 43 0 4
0 1 24 27 0 5
0 1 54 32 0 0
0 1 77 48 0 3
0 1 28 37 1 5
0 1 122 27 0 0
0 1 82 48 0 5
0 1 2 11 1 1
0 1 3 4 0 4
0 1 130 16 1 4
0 1 0 6 0 1
0 1 121 12 0 2
0 1 23 20 1 5
0 1 100 2 1 3
0 1 55 34 0 4
0 1 3 27 1 4
0 1 33 23 0 1
0 1 133 42 0 3
0 1 147 47 0 3
0 1 70 47 1 4
0 1 21 3 1 0
0 1 142 35 1 0
0 1 50 27 1 1
0 1 52 2 1 5
0 1 65 40 1 2
0 1 111 3 0 5
0 1 140 42 1 5
0 1 73 33 1 2
0 1 126 46 1 1
0 1 141 8 1 5
0 1 42 10 1 0
0 1 126 0 0 3
0 1 66 16 1 5
0 1 78 13 1 3
0 1 132 25 1 0
0 1 137 3 0 3
0 1 116 22 1 3
0 1 73 38 0 3
0 1 72 3 1 2
0 1 66 23 0 5
0 1 26 41 0 4
0 1 134 4 0 0
0 1 1 39 0 1
0 1 12 18 0 5
