0 1 82 21 1 5
0 1 95 41 1 2
0 1 103 40 1 2
0 1 102 4 0 5
0 1 70 44 1 5
0 1 23 22 0 4
0 1 149 48 0 3
0 1 64 43 0 2
0 1 61 2 0 3
0 1 50 47 0 0
0 1 60 1 0 0
0 1 66 17 0 3
0 1 46 26 0 0
0 1 128 30 1 2
0 1 90 17 1 1
0 1 132 9 0 0
0 1 126 40 0 4
0 1 28 23 0 0
0 1 16 15 1 0
0 1 110 30 1 1
0 1 1 27 0 2
0 1 56 31 1 1
0 1 17 20 1 1
0 1 44 12 0 0
0 1 40 32 1 1
0 1 103 3 0 4
0 1 109 18 0 4
0 1 125 6 1 1
0 1 29 34 0 1
0 1 91 44 1 2
0 1 44 34 1 0
0 1 82 7 0 5
0 1 131 39 1 0
0 1 87 35 1 1
0 1 147 36 1 0
0 1 141 4 0 4
0 1 38 44 0 3
0 1 148 45 0 4
0 1 48 35 1 0
0 1 55 28 1 4
0 1 133 45 1 2
0 1 101 38 0 0
0 1 13 33 0 5
0 1 120 1 0 4
0 1 43 38 0 2
0 1 22 21 0 0
0 1 131 46 0 2
0 1 45 6 1 0
0 1 142 16 1 3
0 1 74 27 1 1
0 1 105 49 1 3
0 1 76 2 1 2
0 1 134 19 0 4
0 1 88 41 1 1
0 1 93 7 0 3
0 1 29 6 1 4
0 1 109 37 1 4
0 1 83 26 1 1
0 1 47 3 0 3
0 1 31 29 0 1
0 1 52 5 1 1
0 1 104 37 1 3
0 1 114 25 0 3
0 1 105 8 0 5
0 1 24 0 0 2
0 1 126 26 1 2
0 1 135 36 0 2
0 1 8 26 1 3
0 1 32 19 1 0
0 1 23 47 1 3
0 1 93 10 1 2
0 1 7 48 0 1
0 1 8 35 0 3
0 1 31 14 1 1
0 1 143 3 0 0
0 1 9 24 0 4
0 1 11 40 1 5
0 1 16 42 0 3
0 1 78 17 0 2
0 1 11 36 0 4
0 1 40 33 0 4
0 1 91 22 0 5
0 1 41 45 0 0
0 1 133 29 0 2
0 1 123 19 0 1
0 1 123 17 1 0
0 1 77 14 1 4
0 1 60 5 1 3
0 1 88 13 0 0
0 1 34 32 1 2
0 1 125 24 0 2
0 1 65 18 1 1
0 1 145 0 0 5
0 1 46 8 1 1
0 1 113 14 0 0
0 1 92 20 0 5
0 1 73 47 0 2
0 1 0 23 0 3
0 1 118 34 0 3
0 1 68 46 1 4
0 1 129 15 0 3
0 1 27 11 1 0
0 1 48 31 0 3
0 1 84 49 1 4
0 1 20 21 0 3
0 1 12 13 1 5
0 1 119 29 1 4
0 1 80 32 0 3
0 1 108 8 1 0
0 1 36 45 1 5
0 1 122 0 0 4
0 1 63 39 1 5
0 1 70 12 0 2
0 1 94 15 0 2
0 1 7 21 1 4
0 1 97 16 0 4
0 1 37 22 0 3
0 1 45 5 0 2
0 1 6 7 1 0
0 1 117 5 0 4
0 1 25 24 1 5
0 1 4 44 1 1
0 1 107 11 1 1
0 1 5 13 1 2
0 1 22 37 1 5
0 1 65 42 0 5
0 1 71 37 0 1
0 1 21 21 0 2
0 1 127 10 1 1
0 1 108 35 0 5
0 1 128 5 0 0
0 1 69 29 1 3
0 1 89 14 1 5
0 1 74 13 0 1
0 1 39 46 1 3
0 1 75 43 0 1
0 1 53 4 0 1
0 1 30 8 0 4
0 1 138 39 0 3
0 1 85 30 0 5
0 1 136 44 0 4
0 1 104 9 0 4
0 1 57 33 1 3
0 1 124 34 1 4
0 1 24 4 1 3
0 1 77 14 0 3
0 1 146 18 1 5
0 1 34 19 0 5
0 1 66 43 1 0
0 1 80 48 1 4
0 1 1 47 1 5
0 1 20 7 1 4
0 1 98 15 1 1
0 1 97 42 1 1
0 1 4 1 0 5
0 1 100 39 1 4
0 1 120 16 1 2
0 1 75 36 1 1
0 1 78 0 1 0
0 1 58 39 1 1
0 1 67 41 0 0
0 1 130 4 0 0
0 1 92 36 1 5
0 1 102 2 1 5
0 1 95 46 0 5
0 1 69 21 0 1
0 1 76 38 0 1
0 1 71 33 1 0
0 1 5 42 0 0
0 1 142 32 0 4
0 1 54 31 1 5
0 1 25 24 0 1
0 1 62 33 0 1
0 1 140 47 1 1
0 1 35 11 0 2
0 1 41 31 1 2
0 1 30 23 1 1
0 1 112 29 1 0
0 1 113 41 1 4
0 1 136 18 1 2
0 1 61 45 1 1
0 1 51 19 0 2
0 1 39 25 0 2
0 1 115 38 0 4
0 1 54 6 0 3
0 1 35 25 1 5
0 1 127 8 0 2
0 1 15 12 1 5
0 1 2 20 0 2
0 1 14 28 1 2
0 1 137 26 0 5
0 1 12 11 0 4
0 1 18 12 1 3
0 1 129 24 1 0
0 1 13 3 1 2
0 1 114 35 1 4
0 1 86 10 1 4
0 1 43 0 1 3
0 1 139 2 0 4
0 1 145 22 1 1
0 1 56 2 0 1
0 1 115 25 1 4
0 1 3 49 0 1
0 1 132 12 1 1
0 1 6 9 0 1
0 1 59 30 0 4
0 1 2 30 1 3
0 1 141 1 1 1
0 1 55 13 0 3
0 1 87 10 0 5
0 1 68 37 0 0
0 1 10 48 1 2
0 1 53 9 1 3
0 1 147 7 0 2
0 1 90 22 0 0
0 1 99 11 1 3
0 1 111 14 0 2
0 1 57 23 0 2
0 1 106 17 1 5
0 1 112 16 0 0
0 1 99 41 0 3
0 1 121 3 0 5
0 1 79 42 0 4
0 1 144 27 1 4
0 1 96 10 1 3
0 1 116 26 0 4
0 1 111 43 1 5
0 1 79 40 1 1
0 1 33 9 0 5
0 1 119 16 0 1
0 1 67 34 1 2
0 1 3 38 1 3
0 1 135 6 1 5
0 1 17 15 0 4
0 1 33 32 1 0
0 1 15 49 0 2
0 1 85 28 1 5
0 1 38 46 1 0
0 1 124 18 0 0
0 1 63 25 0 0
0 1 134 45 1 3
0 1 64 1 1 3
0 1 148 28 1 3
0 1 86 20 0 3
0 1 49 49 0 0
0 1 138 3 1 1
0 1 121 27 1 3
0 1 51 31 1 4
0 1 72 28 0 0
0 1 143 48 1 5
0 1 117 43 1 3
0 1 62 27 1 5
0 1 146 17 0 4
0 1 14 13 0 4
0 1 49 39 1 2
0 1 94 35 1 2
0 1 37 40 1 3
0 1 59 48 1 0
0 1 107 23 0 4
0 1 50 23 1 5
0 1 21 41 1 5
0 1 72 1 1 2
0 1 96 20 0 4
0 1 27 8 0 3
0 1 81 10 0 0
0 1 116 47 1 4
0 1 100 2 0 0
0 1 139 44 1 0
0 1 149 6 1 2
0 1 42 28 1 1
