0 1 8 27 1 2
0 1 63 35 0 3
0 1 28 14 0 5
0 1 106 24 0 5
0 1 23 24 1 1
0 1 45 48 0 1
0 1 65 15 1 3
0 1 85 12 1 4
0 1 14 48 1 4
0 1 92 34 1 5
0 1 102 23 0 5
0 1 40 47 1 4
0 1 78 11 1 3
0 1 142 20 0 2
0 1 3 14 0 3
0 1 28 13 1 0
0 1 54 29 0 1
0 1 52 10 1 4
0 1 144 18 0 3
0 1 68 22 1 1
0 1 36 41 1 4
0 1 122 26 1 1
0 1 32 37 0 3
0 1 101 32 1 0
0 1 24 11 0 4
0 1 129 21 1 0
0 1 98 20 1 1
0 1 41 2 0 0
0 1 19 8 1 5
0 1 37 9 0 0
0 1 49 38 0 4
0 1 104 27 0 0
0 1 63 26 1 4
0 1 133 18 0 5
0 1 141 33 0 2
0 1 27 3 1 0
0 1 68 1 0 3
0 1 127 0 0 3
0 1 18 31 1 2
0 1 131 8 0 2
0 1 21 6 0 4
0 1 78 0 0 5
0 1 26 3 0 3
0 1 70 23 1 3
0 1 53 26 1 2
0 1 22 40 1 4
0 1 80 8 0 3
0 1 33 9 0 5
0 1 13 41 0 1
0 1 114 7 1 3
0 1 30 40 1 2
0 1 58 16 0 5
0 1 48 4 1 2
0 1 115 44 1 1
0 1 49 9 1 4
0 1 5 31 0 1
0 1 83 28 0 2
0 1 19 2 0 2
0 1 58 27 1 4
0 1 64 21 0 1
0 1 106 22 1 5
0 1 77 12 1 0
0 1 71 36 0 1
0 1 86 17 0 4
0 1 56 25 0 3
0 1 89 3 0 2
0 1 95 36 1 3
0 1 100 42 1 4
0 1 59 2 0 5
0 1 86 13 1 1
0 1 52 39 0 0
0 1 113 45 0 0
0 1 121 29 1 0
0 1 138 44 1 5
0 1 119 34 1 0
0 1 137 37 1 0
0 1 3 16 1 0
0 1 32 38 1 3
0 1 43 42 1 5
0 1 21 30 1 0
0 1 38 19 1 1
0 1 138 45 0 1
0 1 132 12 1 1
0 1 90 13 1 4
0 1 79 15 1 4
0 1 75 18 0 1
0 1 48 32 0 3
0 1 109 30 1 3
0 1 22 4 0 5
0 1 120 27 1 3
0 1 50 6 1 0
0 1 34 44 1 3
0 1 24 47 1 0
0 1 35 25 1 0
0 1 97 43 0 0
0 1 69 22 1 2
0 1 143 17 0 5
0 1 15 5 0 1
0 1 9 22 1 3
0 1 8 46 0 0
0 1 59 24 1 4
0 1 97 23 1 0
0 1 122 7 0 5
0 1 130 35 0 1
0 1 16 0 1 1
0 1 81 36 1 4
0 1 147 10 0 5
0 1 112 12 0 2
0 1 82 43 1 3
0 1 10 49 1 4
0 1 136 32 0 5
0 1 125 6 0 5
0 1 73 47 0 5
0 1 71 26 1 0
0 1 114 32 0 4
0 1 17 33 1 1
0 1 129 31 0 5
0 1 12 5 0 5
0 1 91 33 1 3
0 1 120 19 0 2
0 1 87 39 0 4
0 1 5 14 1 1
0 1 110 21 1 4
0 1 56 42 1 0
0 1 6 28 1 3
0 1 38 30 0 2
0 1 77 1 0 0
0 1 47 39 0 5
0 1 79 11 0 0
0 1 39 29 1 2
0 1 148 49 1 3
0 1 142 30 1 1
0 1 57 2 1 3
0 1 72 34 1 3
0 1 146 3 0 4
0 1 99 11 0 1
0 1 119 6 0 2
0 1 42 24 1 2
0 1 62 5 1 3
0 1 126 7 1 1
0 1 41 25 1 5
0 1 81 19 0 5
0 1 17 20 0 5
0 1 89 42 1 2
0 1 127 11 1 2
0 1 4 20 0 3
0 1 74 8 1 1
0 1 29 21 1 3
0 1 80 4 1 4
0 1 20 16 1 3
0 1 25 44 1 4
0 1 46 11 1 5
0 1 27 40 0 3
0 1 143 46 1 5
0 1 140 46 1 1
0 1 126 0 0 0
0 1 107 23 0 1
0 1 98 20 0 0
0 1 45 8 1 0
0 1 87 7 1 0
0 1 118 32 1 2
0 1 43 5 0 2
0 1 2 41 1 5
0 1 54 41 1 2
0 1 94 43 0 5
0 1 85 29 0 3
0 1 14 12 0 3
0 1 116 10 0 0
0 1 76 35 0 5
0 1 64 18 1 4
0 1 145 25 1 4
0 1 0 49 1 1
0 1 141 48 1 5
0 1 25 16 0 2
0 1 113 34 1 2
0 1 55 44 1 0
0 1 115 9 0 1
0 1 10 15 0 2
0 1 39 33 0 0
0 1 1 25 1 1
0 1 92 18 0 2
0 1 30 28 0 0
0 1 66 43 1 2
0 1 67 37 0 1
0 1 132 37 0 5
0 1 121 35 0 2
0 1 135 45 1 3
0 1 83 33 1 4
0 1 137 1 0 2
0 1 133 48 1 3
0 1 23 42 0 3
0 1 123 43 1 1
0 1 61 10 0 2
0 1 18 1 0 4
0 1 134 16 1 1
0 1 105 27 1 5
0 1 16 1 0 1
0 1 128 38 0 5
0 1 96 40 0 5
0 1 61 49 1 2
0 1 15 14 1 2
0 1 96 14 1 4
0 1 20 4 0 1
0 1 118 17 0 2
0 1 55 13 0 2
0 1 67 30 1 5
0 1 101 31 0 0
0 1 29 19 0 3
0 1 123 31 0 4
0 1 91 38 0 0
0 1 136 41 1 3
0 1 103 36 1 5
0 1 13 45 1 4
0 1 60 49 0 5
0 1 65 17 0 3
0 1 46 7 0 2
0 1 90 24 0 3
0 1 146 6 1 3
0 1 75 39 1 2
0 1 112 3 1 5
0 1 149 28 1 1
0 1 51 46 0 3
0 1 44 44 0 2
0 1 107 13 1 3
0 1 26 40 1 0
0 1 139 15 0 5
0 1 124 28 0 5
0 1 11 21 0 5
0 1 84 36 0 0
0 1 145 4 0 0
0 1 108 10 1 3
0 1 108 42 0 1
0 1 117 23 1 4
0 1 51 38 1 1
0 1 53 0 0 2
0 1 66 17 0 0
0 1 35 38 0 2
0 1 62 37 0 2
0 1 135 5 0 4
0 1 104 48 1 2
0 1 72 46 0 2
0 1 36 35 0 0
0 1 73 22 1 0
0 1 105 34 0 1
0 1 74 24 0 0
0 1 124 34 1 4
0 1 111 2 1 1
0 1 6 26 0 5
0 1 117 40 0 1
0 1 40 9 0 3
0 1 131 47 1 1
0 1 88 30 1 4
0 1 140 45 0 2
0 1 128 19 1 0
0 1 110 15 0 0
0 1 0 33 0 5
0 1 130 39 1 3
0 1 147 2 1 4
0 1 1 47 0 3
0 1 33 27 1 1
0 1 134 29 0 5
0 1 88 0 0 4
0 1 116 3 1 1
0 1 50 39 0 1
0 1 144 48 1 0
0 1 60 37 1 4
0 1 42 41 0 0
0 1 57 23 0 2
0 1 99 1 1 5
0 1 7 47 0 2
