0 1 39 25 1 1
0 1 42 33 1 3
0 1 86 16 1 1
0 1 36 48 0 2
0 1 99 3 1 0
0 1 45 45 1 1
0 1 22 45 0 0
0 1 146 37 0 4
0 1 126 39 0 4
0 1 81 46 0 0
0 1 40 0 1 2
0 1 136 19 1 0
0 1 24 25 1 4
0 1 85 7 1 4
0 1 135 2 0 4
0 1 67 38 1 3
0 1 140 27 0 3
0 1 88 48 1 3
0 1 99 15 0 1
0 1 139 27 0 5
0 1 45 49 0 0
0 1 35 21 1 3
0 1 53 5 1 0
0 1 125 19 0 3
0 1 58 18 1 1
0 1 91 43 1 2
0 1 33 40 0 3
0 1 57 25 0 5
0 1 38 4 1 0
0 1 133 39 0 1
0 1 83 37 1 3
0 1 60 3 0 2
0 1 28 43 0 4
0 1 127 24 1 2
0 1 138 36 1 5
0 1 132 28 0 3
0 1 66 47 0 2
0 1 74 40 1 0
0 1 50 33 1 0
0 1 123 44 1 2
0 1 49 31 1 0
0 1 56 6 1 1
0 1 124 36 1 2
0 1 122 12 1 5
0 1 145 17 1 3
0 1 126 19 1 1
0 1 89 26 0 1
0 1 3 2 1 2
0 1 11 35 1 3
0 1 129 44 0 5
0 1 92 34 1 0
0 1 81 0 1 1
0 1 71 7 1 0
0 1 20 8 0 4
0 1 119 32 1 4
0 1 29 10 1 5
0 1 108 45 1 5
0 1 65 13 0 5
0 1 64 29 0 3
0 1 133 16 1 0
0 1 2 34 0 1
0 1 35 9 0 1
0 1 72 16 0 4
0 1 71 30 0 4
0 1 17 11 0 2
0 1 65 23 1 4
0 1 36 23 1 2
0 1 78 33 1 2
0 1 22 44 1 1
0 1 34 35 1 4
0 1 26 22 0 3
0 1 73 26 1 4
0 1 110 13 1 2
0 1 122 8 0 1
0 1 124 32 0 5
0 1 32 1 1 1
0 1 61 31 0 1
0 1 68 2 0 5
0 1 44 20 0 2
0 1 148 0 1 0
0 1 67 3 0 5
0 1 9 17 1 1
0 1 98 24 0 0
0 1 117 14 0 5
0 1 131 8 1 0
0 1 30 22 0 2
0 1 55 42 1 4
0 1 80 1 1 4
0 1 97 28 0 0
0 1 8 11 1 4
0 1 7 10 0 2
0 1 13 15 1 4
0 1 60 23 1 0
0 1 18 17 0 0
0 1 82 5 0 3
0 1 19 35 0 5
0 1 57 38 1 0
0 1 121 16 1 2
0 1 103 42 1 3
0 1 138 3 0 1
0 1 12 2 0 0
0 1 137 1 0 3
0 1 105 39 1 5
0 1 69 26 1 0
0 1 147 2 1 3
0 1 84 30 0 2
0 1 104 49 0 1
0 1 0 24 0 3
0 1 21 47 1 1
0 1 47 42 0 0
0 1 145 26 0 2
0 1 93 13 0 3
0 1 74 48 0 1
0 1 111 30 0 5
0 1 131 4 0 2
0 1 84 10 1 3
0 1 34 17 0 5
0 1 70 10 0 1
0 1 64 47 1 5
0 1 37 11 0 0
0 1 48 21 0 1
0 1 144 29 1 5
0 1 139 12 1 3
0 1 73 41 0 1
0 1 78 38 0 2
0 1 59 7 1 3
0 1 75 46 1 1
0 1 125 22 1 5
0 1 113 36 1 0
0 1 43 24 1 5
0 1 52 20 0 4
0 1 18 25 1 3
0 1 106 31 1 4
0 1 12 11 1 1
0 1 108 39 0 0
0 1 62 35 0 2
0 1 19 13 1 0
0 1 55 5 0 2
0 1 77 33 0 4
0 1 118 29 1 0
0 1 132 49 1 4
0 1 28 12 1 1
0 1 21 17 0 4
0 1 112 15 0 5
0 1 96 34 0 2
0 1 77 49 1 5
0 1 121 31 0 5
0 1 43 37 0 0
0 1 143 30 1 3
0 1 148 12 0 0
0 1 120 26 1 3
0 1 56 18 0 3
0 1 93 30 1 0
0 1 16 40 0 5
0 1 91 18 0 2
0 1 6 5 0 4
0 1 116 5 1 1
0 1 88 23 0 3
0 1 61 20 1 3
0 1 33 38 1 5
0 1 82 21 1 0
0 1 100 44 0 4
0 1 50 26 0 5
0 1 76 6 1 0
0 1 149 45 1 2
0 1 86 43 0 0
0 1 27 25 1 0
0 1 115 4 1 4
0 1 40 0 0 4
0 1 49 0 0 5
0 1 27 34 0 5
0 1 51 28 0 2
0 1 143 14 0 1
0 1 69 16 0 5
0 1 127 31 0 2
0 1 31 45 1 3
0 1 10 38 0 4
0 1 117 7 1 2
0 1 42 18 0 4
0 1 103 46 0 3
0 1 120 20 0 5
0 1 111 4 1 1
0 1 66 32 1 3
0 1 106 22 0 1
0 1 7 22 1 0
0 1 96 34 1 3
0 1 135 7 1 1
0 1 114 19 1 2
0 1 100 46 1 5
0 1 142 33 1 1
0 1 134 47 1 0
0 1 79 18 0 0
0 1 1 46 0 2
0 1 54 20 0 1
0 1 129 27 1 0
0 1 15 1 0 2
0 1 134 32 0 2
0 1 14 44 0 3
0 1 123 18 0 5
0 1 102 48 1 5
0 1 98 35 1 1
0 1 92 40 0 4
0 1 39 36 0 3
0 1 32 10 0 0
0 1 94 1 1 0
0 1 75 29 0 4
0 1 14 48 1 4
0 1 101 27 0 1
0 1 107 23 0 1
0 1 11 37 0 5
0 1 128 32 1 0
0 1 85 19 0 5
0 1 25 47 1 3
0 1 94 27 0 4
0 1 3 40 0 1
0 1 44 6 1 5
0 1 41 41 1 0
0 1 141 13 0 1
0 1 83 42 0 2
0 1 37 14 1 3
0 1 26 43 1 5
0 1 48 21 1 4
0 1 87 8 1 2
0 1 17 24 1 1
0 1 1 6 1 2
0 1 102 41 0 5
0 1 137 9 1 3
0 1 16 28 1 1
0 1 47 12 1 2
0 1 147 41 0 2
0 1 114 3 0 4
0 1 109 29 0 2
0 1 46 27 0 2
0 1 112 36 1 1
0 1 23 41 1 4
0 1 5 28 1 5
0 1 119 6 0 4
0 1 63 15 1 3
0 1 46 9 1 2
0 1 116 43 0 1
0 1 4 19 1 4
0 1 101 14 1 4
0 1 23 42 0 1
0 1 15 9 1 4
0 1 80 14 0 2
0 1 51 10 1 4
0 1 87 11 0 3
0 1 54 37 1 2
0 1 130 9 1 0
0 1 59 28 0 4
0 1 136 9 0 5
0 1 118 15 0 0
0 1 38 21 0 5
0 1 31 14 0 0
0 1 6 8 1 5
0 1 30 39 1 2
0 1 90 3 0 3
0 1 141 12 1 4
0 1 25 49 0 3
0 1 130 20 0 0
0 1 5 44 0 0
0 1 53 39 0 3
0 1 107 23 1 5
0 1 72 4 1 5
0 1 144 17 0 2
0 1 2 21 1 2
0 1 109 11 1 5
0 1 58 7 0 5
0 1 90 22 1 4
0 1 68 47 1 4
