0 1 140 5 0 0
0 1 149 29 1 5
0 1 117 47 0 0
0 1 9 38 1 5
0 1 16 7 1 1
0 1 56 7 1 0
0 1 139 44 0 2
0 1 3 35 1 5
0 1 97 3 1 0
0 1 2 48 0 2
0 1 110 32 0 5
0 1 36 45 1 2
0 1 115 36 1 2
0 1 105 49 0 5
0 1 96 48 1 5
0 1 98 9 1 2
0 1 146 41 1 4
0 1 55 8 1 2
0 1 104 29 1 2
0 1 104 41 0 3
0 1 51 2 1 0
0 1 8 19 1 3
0 1 53 45 1 0
0 1 135 28 0 2
0 1 89 19 1 5
0 1 83 34 1 1
0 1 65 20 1 4
0 1 88 1 1 5
0 1 133 0 0 0
0 1 12 39 0 0
0 1 71 26 1 2
0 1 111 39 0 2
0 1 127 1 1 2
0 1 4 30 0 2
0 1 119 44 1 3
0 1 11 16 0 0
0 1 107 33 0 5
0 1 27 17 0 1
0 1 18 5 0 1
0 1 94 42 0 5
0 1 106 4 1 1
0 1 45 34 0 4
0 1 62 22 0 5
0 1 123 25 1 2
0 1 43 38 0 0
0 1 9 21 0 1
0 1 1 13 1 4
0 1 38 23 1 2
0 1 142 18 0 0
0 1 98 18 0 2
0 1 28 25 0 4
0 1 91 1 1 0
0 1 5 0 0 2
0 1 68 48 0 4
0 1 136 5 1 3
0 1 100 27 0 1
0 1 77 3 0 5
0 1 102 37 0 4
0 1 34 44 0 5
0 1 97 49 0 1
0 1 16 40 0 5
0 1 53 2 0 3
0 1 21 20 1 0
0 1 42 33 1 1
0 1 52 49 1 2
0 1 109 48 1 3
0 1 145 31 1 1
0 1 95 30 1 0
0 1 30 21 0 4
0 1 80 29 1 0
0 1 88 35 0 1
0 1 91 31 0 0
0 1 43 12 1 1
0 1 136 11 0 1
0 1 149 27 0 4
0 1 54 44 0 4
0 1 143 27 1 5
0 1 76 10 0 1
0 1 20 9 0 1
0 1 116 42 1 3
0 1 33 14 1 5
0 1 85 6 1 3
0 1 84 26 0 1
0 1 99 3 1 3
0 1 26 24 0 3
0 1 85 25 0 3
0 1 148 36 1 1
0 1 36 39 0 1
0 1 54 43 1 4
0 1 44 29 1 3
0 1 134 22 0 1
0 1 42 30 0 3
0 1 114 40 0 3
0 1 69 29 1 1
0 1 124 30 0 5
0 1 76 31 1 4
0 1 82 7 0 2
0 1 127 43 0 0
0 1 110 14 1 3
0 1 122 32 0 0
0 1 86 9 0 0
0 1 20 28 1 3
0 1 55 4 0 0
0 1 121 10 1 0
0 1 7 12 0 3
0 1 111 42 1 0
0 1 133 35 1 3
0 1 120 48 1 1
0 1 130 26 1 3
0 1 59 39 0 5
0 1 48 12 1 0
0 1 0 46 0 0
0 1 112 34 0 0
0 1 57 28 1 5
0 1 4 17 1 2
0 1 131 17 0 5
0 1 108 22 1 0
0 1 73 43 1 2
0 1 124 15 1 1
0 1 132 19 1 2
0 1 49 8 1 3
0 1 147 23 0 1
0 1 31 49 1 4
0 1 64 0 1 4
0 1 109 19 0 4
0 1 25 38 1 2
0 1 101 33 1 0
0 1 118 42 0 4
0 1 144 20 1 2
0 1 35 37 1 3
0 1 27 41 1 1
0 1 7 37 1 1
0 1 52 22 0 4
0 1 92 47 0 1
0 1 95 21 0 5
0 1 51 20 0 3
0 1 28 46 1 1
0 1 126 33 1 4
0 1 41 6 0 1
0 1 102 16 1 3
0 1 22 32 1 3
0 1 78 47 1 4
0 1 138 12 0 2
0 1 121 23 0 0
0 1 5 17 1 4
0 1 75 4 0 2
0 1 14 2 1 4
0 1 125 13 1 0
0 1 115 11 0 3
0 1 103 39 1 4
0 1 6 35 0 4
0 1 72 8 1 1
0 1 56 32 0 4
0 1 50 6 0 4
0 1 114 25 1 1
0 1 12 0 1 1
0 1 81 36 1 3
0 1 19 15 1 5
0 1 68 16 1 1
0 1 99 2 0 2
0 1 32 5 1 2
0 1 90 46 0 3
0 1 39 10 0 3
0 1 107 21 1 3
0 1 26 47 1 3
0 1 138 43 1 5
0 1 31 13 0 5
0 1 29 15 0 0
0 1 63 37 0 0
0 1 23 41 0 2
0 1 84 1 1 4
0 1 37 27 1 0
0 1 106 14 0 1
0 1 15 40 1 4
0 1 60 18 1 5
0 1 118 11 1 5
0 1 70 8 1 4
0 1 135 31 1 3
0 1 58 3 1 1
0 1 128 17 0 3
0 1 125 41 0 5
0 1 8 38 0 3
0 1 126 45 0 5
0 1 60 15 0 4
0 1 18 46 1 2
0 1 74 40 0 0
0 1 141 25 0 5
0 1 38 9 0 4
0 1 147 8 1 0
0 1 61 24 1 0
0 1 15 36 0 4
0 1 94 16 1 4
0 1 129 26 0 0
0 1 46 30 0 4
0 1 30 2 1 5
0 1 145 46 0 5
0 1 129 10 1 4
0 1 119 24 0 4
0 1 3 7 0 5
0 1 92 27 1 3
0 1 139 28 1 1
0 1 83 21 0 2
0 1 86 7 1 4
0 1 58 12 0 4
0 1 29 28 1 4
0 1 10 10 1 5
0 1 144 23 0 3
0 1 6 4 1 5
0 1 57 11 0 4
0 1 108 0 0 3
0 1 63 28 1 0
0 1 93 30 1 1
0 1 13 33 1 2
0 1 40 34 1 3
0 1 79 47 0 2
0 1 142 9 1 3
0 1 80 13 0 1
0 1 14 15 0 3
0 1 0 6 1 5
0 1 13 34 0 5
0 1 2 5 1 5
0 1 35 23 0 4
0 1 87 0 1 5
0 1 11 24 1 2
0 1 34 4 1 3
0 1 47 49 0 3
0 1 48 31 0 5
0 1 113 3 1 4
0 1 25 31 0 2
0 1 24 20 0 1
0 1 22 42 0 2
0 1 87 13 0 2
0 1 46 32 1 2
0 1 40 45 0 3
0 1 79 1 1 3
0 1 73 18 0 3
0 1 1 24 0 1
0 1 146 43 0 3
0 1 41 11 1 0
0 1 10 44 0 1
0 1 103 32 0 1
0 1 131 39 1 3
0 1 61 22 0 3
0 1 100 37 1 2
0 1 75 35 1 0
0 1 113 45 0 1
0 1 72 14 0 0
0 1 120 14 0 2
0 1 71 19 0 0
0 1 67 36 1 5
0 1 128 6 1 2
0 1 93 37 0 5
0 1 64 27 0 2
0 1 45 46 1 4
0 1 47 40 1 2
0 1 137 34 1 2
0 1 70 16 0 5
0 1 116 26 0 5
0 1 17 44 0 0
0 1 105 18 1 4
0 1 21 22 0 2
0 1 82 38 1 4
0 1 123 9 0 5
0 1 59 25 1 0
0 1 117 33 1 3
0 1 19 43 0 1
0 1 44 13 0 3
0 1 74 10 1 2
0 1 78 14 0 4
0 1 69 36 0 0
