0 1 121 3 1 5
0 1 91 17 0 1
0 1 39 49 0 3
0 1 84 28 1 5
0 1 145 37 0 1
0 1 66 33 1 0
0 1 94 29 0 2
0 1 61 45 0 2
0 1 89 16 1 0
0 1 43 7 0 5
0 1 115 47 0 5
0 1 88 18 1 4
0 1 30 12 0 5
0 1 138 23 1 3
0 1 69 43 0 2
0 1 119 19 1 0
0 1 141 10 0 3
0 1 41 23 0 4
0 1 21 15 0 2
0 1 124 30 1 5
0 1 107 33 1 5
0 1 55 18 1 0
0 1 80 27 1 4
0 1 113 4 1 5
0 1 42 29 1 5
0 1 135 40 0 1
0 1 120 2 1 1
0 1 49 13 0 2
0 1 34 25 0 4
0 1 65 31 1 0
0 1 114 2 0 3
0 1 93 15 1 3
0 1 53 24 0 2
0 1 67 8 0 5
0 1 75 38 0 5
0 1 125 34 1 3
0 1 28 48 0 4
0 1 102 41 0 5
0 1 24 36 0 5
0 1 97 44 0 0
0 1 108 9 1 4
0 1 1 36 1 3
0 1 35 20 1 3
0 1 40 4 0 3
0 1 145 22 1 4
0 1 90 29 1 3
0 1 92 18 0 1
0 1 4 21 0 2
0 1 17 30 1 1
0 1 113 26 0 2
0 1 50 12 0 1
0 1 42 5 0 5
0 1 10 13 1 1
0 1 66 11 0 0
0 1 17 24 0 5
0 1 144 35 0 5
0 1 39 48 1 1
0 1 123 0 0 0
0 1 86 8 0 0
0 1 7 43 1 4
0 1 56 38 0 4
0 1 14 42 0 2
0 1 133 5 0 3
0 1 48 22 1 3
0 1 114 8 1 2
0 1 51 42 0 4
0 1 118 47 1 4
0 1 41 27 1 5
0 1 111 1 0 1
0 1 83 21 0 4
0 1 136 34 1 5
0 1 82 14 0 5
0 1 0 49 1 1
0 1 82 49 1 2
0 1 103 15 1 5
0 1 143 46 1 4
0 1 10 7 0 3
0 1 132 48 1 3
0 1 71 39 0 4
0 1 15 35 1 2
0 1 101 42 1 5
0 1 73 44 1 4
0 1 26 1 1 0
0 1 51 37 1 3
0 1 77 26 0 5
0 1 106 9 0 3
0 1 76 45 1 5
0 1 58 41 0 0
0 1 57 1 1 2
0 1 133 0 1 5
0 1 97 7 1 0
0 1 111 46 1 5
0 1 36 27 1 1
0 1 48 37 0 4
0 1 65 4 0 0
0 1 107 31 0 2
0 1 47 6 1 3
0 1 104 28 0 0
0 1 122 16 1 5
0 1 92 43 1 1
0 1 29 46 0 0
0 1 137 39 1 0
0 1 77 19 1 1
0 1 19 2 0 0
0 1 117 14 1 3
0 1 57 19 0 2
0 1 28 44 1 2
0 1 126 13 0 5
0 1 8 36 1 0
0 1 32 3 0 2
0 1 12 32 0 4
0 1 68 22 1 2
0 1 31 25 0 5
0 1 147 5 1 2
0 1 16 48 0 2
0 1 11 8 1 3
0 1 137 10 0 1
0 1 16 31 1 1
0 1 11 19 0 3
0 1 105 22 0 1
0 1 108 32 0 1
0 1 15 30 0 3
0 1 23 40 1 5
0 1 129 11 0 1
0 1 142 18 1 5
0 1 72 49 0 0
0 1 142 47 0 0
0 1 141 10 1 5
0 1 136 0 0 4
0 1 110 14 0 2
0 1 123 28 1 3
0 1 149 20 1 5
0 1 7 38 0 2
0 1 38 6 1 2
0 1 37 29 0 0
0 1 79 23 1 1
0 1 36 17 0 4
0 1 52 40 0 0
0 1 140 42 1 0
0 1 19 3 1 3
0 1 52 26 1 4
0 1 74 44 1 1
0 1 86 9 1 2
0 1 95 25 0 0
0 1 20 1 1 3
0 1 148 43 1 5
0 1 55 41 0 1
0 1 83 16 1 3
0 1 46 15 0 4
0 1 103 33 0 1
0 1 87 20 0 2
0 1 68 32 0 2
0 1 101 37 0 5
0 1 9 14 0 0
0 1 18 38 1 3
0 1 134 40 1 4
0 1 45 45 0 0
0 1 50 44 1 5
0 1 129 39 1 3
0 1 59 7 1 2
0 1 38 2 0 5
0 1 27 17 1 3
0 1 2 47 0 3
0 1 102 11 1 4
0 1 87 6 1 4
0 1 72 3 1 1
0 1 27 17 0 0
0 1 99 21 1 3
0 1 76 24 0 0
0 1 125 31 0 4
0 1 126 18 1 2
0 1 8 24 0 1
0 1 5 21 1 5
0 1 18 16 0 4
0 1 62 6 0 1
0 1 93 34 0 2
0 1 89 9 0 0
0 1 20 20 0 0
0 1 128 34 1 1
0 1 130 39 1 2
0 1 99 8 0 1
0 1 40 12 1 4
0 1 33 33 1 3
0 1 47 24 0 4
0 1 64 22 1 5
0 1 115 37 1 2
0 1 30 46 1 1
0 1 33 27 0 2
0 1 24 25 1 3
0 1 4 45 1 4
0 1 64 32 0 3
0 1 9 29 1 1
0 1 34 0 1 1
0 1 62 30 1 0
0 1 112 41 1 2
0 1 148 43 0 3
0 1 146 5 0 0
0 1 105 4 1 1
0 1 26 49 0 5
0 1 118 36 0 2
0 1 69 10 1 0
0 1 80 38 0 1
0 1 3 35 0 3
0 1 90 13 0 4
0 1 146 10 1 2
0 1 44 47 0 2
0 1 21 23 1 2
0 1 143 31 0 3
0 1 110 17 1 5
0 1 31 39 1 1
0 1 29 35 1 0
0 1 132 13 0 0
0 1 100 7 0 1
0 1 88 46 0 3
0 1 140 27 0 0
0 1 75 4 1 2
0 1 53 19 1 4
0 1 81 9 1 1
0 1 112 3 0 4
0 1 61 11 1 2
0 1 139 14 1 4
0 1 117 13 0 3
0 1 63 25 0 2
0 1 3 30 1 4
0 1 58 2 1 4
0 1 135 41 1 4
0 1 56 1 1 5
0 1 60 12 0 2
0 1 0 26 0 1
0 1 116 5 0 4
0 1 130 25 0 1
0 1 100 41 1 3
0 1 23 11 0 3
0 1 94 12 1 3
0 1 60 11 1 5
0 1 25 6 1 5
0 1 37 32 1 0
0 1 78 33 0 2
0 1 6 0 1 3
0 1 147 26 0 3
0 1 138 16 0 2
0 1 63 2 1 2
0 1 14 42 1 3
0 1 70 40 1 2
0 1 91 47 1 1
0 1 6 40 0 3
0 1 44 15 1 0
0 1 84 31 0 5
0 1 85 20 1 1
0 1 79 21 0 1
0 1 25 26 0 0
0 1 96 23 1 5
0 1 74 48 0 5
0 1 144 45 1 3
0 1 1 46 0 2
0 1 73 22 0 0
0 1 106 36 1 4
0 1 54 28 0 1
0 1 122 28 0 2
0 1 121 21 0 0
0 1 71 18 1 3
0 1 98 1 1 4
0 1 2 33 1 4
0 1 81 38 0 0
0 1 104 34 1 0
0 1 131 28 1 4
0 1 5 12 0 0
0 1 12 4 1 4
0 1 131 23 0 0
0 1 139 9 0 5
