0 1 10 39 1 0
0 1 28 24 1 2
0 1 3 27 1 1
0 1 22 37 0 2
0 1 143 29 1 3
0 1 95 3 1 0
0 1 60 48 0 1
0 1 60 45 1 1
0 1 69 30 0 2
0 1 147 17 0 3
0 1 148 31 1 1
0 1 46 7 0 1
0 1 123 11 1 5
0 1 13 12 1 1
0 1 66 0 0 2
0 1 78 40 0 1
0 1 61 33 0 1
0 1 48 35 1 1
0 1 2 34 0 5
0 1 112 15 0 2
0 1 31 20 0 1
0 1 4 25 1 1
0 1 140 10 1 5
0 1 96 7 0 4
0 1 32 31 1 5
0 1 29 42 1 1
0 1 86 20 0 2
0 1 18 18 0 4
0 1 32 17 0 0
0 1 95 41 0 4
0 1 93 13 0 5
0 1 35 1 1 1
0 1 134 6 1 1
0 1 88 42 0 2
0 1 45 28 1 5
0 1 142 31 0 4
0 1 74 20 1 0
0 1 138 0 0 4
0 1 48 41 0 0
0 1 81 38 1 0
0 1 136 43 0 3
0 1 54 14 1 4
0 1 47 47 1 2
0 1 119 2 0 3
0 1 5 49 1 4
0 1 143 48 0 3
0 1 99 9 1 2
0 1 50 6 0 5
0 1 103 6 0 2
0 1 11 3 0 1
0 1 96 29 1 4
0 1 9 21 0 1
0 1 79 18 1 2
0 1 55 19 1 0
0 1 103 16 1 4
0 1 144 23 0 0
0 1 33 32 0 1
0 1 29 48 0 2
0 1 83 32 1 2
0 1 15 2 1 4
0 1 70 29 1 2
0 1 85 17 1 5
0 1 30 34 0 1
0 1 42 18 0 1
0 1 77 5 0 1
0 1 125 9 0 3
0 1 73 8 0 2
0 1 97 1 1 3
0 1 66 36 1 3
0 1 1 33 0 4
0 1 72 21 1 2
0 1 126 32 1 3
0 1 3 27 0 4
0 1 119 14 1 2
0 1 83 13 0 0
0 1 118 22 1 4
0 1 122 30 1 3
0 1 77 24 1 4
0 1 107 38 0 2
0 1 105 9 1 4
0 1 104 11 1 3
0 1 135 31 1 3
0 1 87 4 1 5
0 1 52 45 1 2
0 1 51 3 1 4
0 1 26 16 0 3
0 1 21 6 0 4
0 1 25 10 0 2
0 1 40 36 1 4
0 1 132 35 1 0
0 1 105 35 0 4
0 1 102 15 1 4
0 1 101 26 1 5
0 1 149 41 1 1
0 1 71 25 0 4
0 1 62 3 1 3
0 1 62 15 0 5
0 1 118 8 0 4
0 1 59 38 0 4
0 1 21 25 1 2
0 1 69 38 1 3
0 1 92 8 1 1
0 1 41 10 1 4
0 1 74 28 0 1
0 1 131 37 1 1
0 1 80 28 1 2
0 1 58 15 1 1
0 1 28 5 0 2
0 1 116 46 0 3
0 1 57 8 0 0
0 1 123 11 0 2
0 1 80 46 0 1
0 1 110 9 1 0
0 1 63 46 1 5
0 1 76 4 0 4
0 1 10 39 0 3
0 1 109 12 0 4
0 1 50 24 1 1
0 1 128 21 1 5
0 1 82 23 0 4
0 1 84 42 0 0
0 1 61 8 1 5
0 1 110 33 0 3
0 1 144 16 1 1
0 1 148 36 0 5
0 1 49 30 1 0
0 1 120 2 0 0
0 1 98 33 0 0
0 1 23 44 1 1
0 1 31 44 1 2
0 1 106 22 0 5
0 1 136 4 1 2
0 1 24 12 1 5
0 1 116 44 1 5
0 1 145 0 0 1
0 1 9 31 1 2
0 1 94 43 1 1
0 1 49 18 0 3
0 1 20 34 1 2
0 1 2 26 1 0
0 1 126 49 0 5
0 1 19 10 0 0
0 1 76 32 1 5
0 1 14 37 0 4
0 1 39 20 0 3
0 1 37 47 1 4
0 1 89 26 0 4
0 1 92 42 0 5
0 1 102 22 0 3
0 1 137 19 0 1
0 1 37 36 0 0
0 1 94 14 0 1
0 1 106 34 1 0
0 1 0 23 0 1
0 1 113 44 1 0
0 1 87 9 0 5
0 1 121 47 0 3
0 1 38 17 1 2
0 1 98 16 1 0
0 1 45 7 0 5
0 1 108 45 1 5
0 1 97 26 0 3
0 1 124 13 0 2
0 1 124 35 1 3
0 1 41 30 0 4
0 1 7 25 1 0
0 1 111 40 0 4
0 1 135 29 0 0
0 1 146 2 1 5
0 1 39 6 1 3
0 1 27 15 0 0
0 1 82 22 1 2
0 1 75 39 1 4
0 1 8 27 1 2
0 1 138 19 1 4
0 1 78 36 1 2
0 1 14 14 1 3
0 1 139 5 0 3
0 1 72 22 0 1
0 1 34 48 0 5
0 1 12 19 1 3
0 1 129 12 1 2
0 1 40 10 0 3
0 1 36 29 1 1
0 1 68 13 0 1
0 1 34 23 1 2
0 1 75 4 0 1
0 1 85 28 0 4
0 1 104 11 0 4
0 1 120 21 1 0
0 1 11 5 1 4
0 1 64 45 1 4
0 1 121 35 1 5
0 1 58 5 0 0
0 1 127 43 0 2
0 1 115 17 0 4
0 1 53 49 0 1
0 1 36 1 0 0
0 1 22 1 1 2
0 1 0 28 1 3
0 1 47 16 0 2
0 1 146 46 0 0
0 1 53 43 1 0
0 1 6 3 0 2
0 1 84 27 1 5
0 1 33 39 1 2
0 1 17 27 0 3
0 1 25 20 1 5
0 1 134 47 0 0
0 1 46 15 1 3
0 1 54 0 0 0
0 1 18 7 1 0
0 1 129 12 0 0
0 1 101 18 0 0
0 1 131 28 0 0
0 1 20 46 0 2
0 1 16 9 0 1
0 1 73 44 1 3
0 1 133 33 1 5
0 1 93 19 1 5
0 1 113 47 0 5
0 1 70 23 0 5
0 1 64 24 0 0
0 1 67 26 1 2
0 1 8 43 0 5
0 1 1 7 1 2
0 1 30 45 1 3
0 1 114 14 0 0
0 1 35 30 0 1
0 1 19 30 1 5
0 1 141 37 0 5
0 1 127 42 1 4
0 1 27 41 1 5
0 1 52 21 0 3
0 1 88 34 1 4
0 1 128 48 0 4
0 1 108 49 0 2
0 1 107 1 1 5
0 1 24 49 0 0
0 1 43 25 0 3
0 1 122 4 0 0
0 1 133 32 0 0
0 1 91 38 1 5
0 1 15 38 0 1
0 1 141 17 1 1
0 1 68 4 1 3
0 1 7 8 0 3
0 1 67 7 0 3
0 1 81 25 0 5
0 1 16 41 1 3
0 1 23 24 0 3
0 1 99 11 0 0
0 1 12 2 0 2
0 1 139 0 1 3
0 1 42 2 1 1
0 1 57 13 1 3
0 1 65 37 0 3
0 1 130 31 0 0
0 1 142 42 1 3
0 1 86 39 1 5
0 1 4 36 0 1
0 1 117 16 1 5
0 1 149 40 0 3
0 1 140 33 0 2
0 1 100 39 1 1
0 1 5 27 0 0
0 1 79 20 0 4
0 1 111 40 1 2
0 1 114 47 1 1
0 1 100 34 0 3
