0 1 89 37 1 1
0 1 148 33 1 2
0 1 59 49 1 1
0 1 49 20 1 2
0 1 53 18 0 3
0 1 90 45 0 0
0 1 107 43 0 5
0 1 110 6 1 5
0 1 48 27 1 5
0 1 45 7 1 0
0 1 32 19 1 5
0 1 105 41 0 2
0 1 21 36 0 2
0 1 5 26 1 2
0 1 31 7 0 4
0 1 39 0 1 5
0 1 8 12 0 4
0 1 28 17 0 0
0 1 70 1 0 1
0 1 117 39 0 4
0 1 33 28 1 1
0 1 126 47 1 2
0 1 136 11 0 5
0 1 101 46 1 1
0 1 30 37 0 0
0 1 47 16 1 2
0 1 46 16 1 3
0 1 121 10 0 0
0 1 75 23 0 5
0 1 107 42 1 3
0 1 114 38 1 4
0 1 81 3 1 4
0 1 89 28 0 0
0 1 133 27 1 3
0 1 6 8 1 3
0 1 144 44 1 0
0 1 95 36 1 0
0 1 71 31 1 5
0 1 30 45 1 2
0 1 148 42 0 5
0 1 99 22 0 2
0 1 61 4 0 1
0 1 27 21 0 2
0 1 149 41 1 1
0 1 50 21 1 1
0 1 108 15 0 0
0 1 17 1 1 3
0 1 126 1 0 2
0 1 111 24 1 5
0 1 140 22 1 4
0 1 78 18 0 1
0 1 24 25 1 0
0 1 47 15 0 5
0 1 79 9 0 3
0 1 85 40 0 5
0 1 3 39 1 3
0 1 131 11 1 2
0 1 51 45 1 4
0 1 117 22 1 3
0 1 23 20 0 5
0 1 50 2 0 0
0 1 87 46 1 2
0 1 74 19 0 0
0 1 25 14 0 0
0 1 71 6 0 1
0 1 36 6 1 3
0 1 139 36 0 1
0 1 74 13 1 5
0 1 122 25 1 3
0 1 77 5 0 2
0 1 34 31 0 0
0 1 9 34 0 2
0 1 111 39 0 1
0 1 41 25 0 5
0 1 21 41 1 0
0 1 36 15 0 4
0 1 127 37 1 4
0 1 42 21 0 4
0 1 59 49 0 4
0 1 123 27 0 1
0 1 34 27 1 4
0 1 120 48 1 0
0 1 44 12 0 1
0 1 109 33 0 5
0 1 143 14 0 2
0 1 64 2 1 3
0 1 88 29 1 3
0 1 98 38 1 5
0 1 124 13 0 1
0 1 84 30 1 5
0 1 0 25 1 4
0 1 113 48 0 1
0 1 118 38 1 1
0 1 133 8 0 5
0 1 122 0 0 0
0 1 52 29 1 5
0 1 46 7 0 5
0 1 4 12 1 3
0 1 38 24 0 1
0 1 105 47 1 5
0 1 87 47 0 1
0 1 22 4 1 3
0 1 80 13 0 4
0 1 2 15 0 3
0 1 15 43 0 1
0 1 76 3 1 2
0 1 10 19 0 3
0 1 121 29 1 2
0 1 67 32 1 4
0 1 115 35 1 4
0 1 135 44 1 3
0 1 60 43 0 4
0 1 6 2 0 5
0 1 129 30 0 4
0 1 88 23 0 1
0 1 19 40 1 1
0 1 92 20 1 4
0 1 76 9 0 5
0 1 114 34 0 0
0 1 137 39 0 0
0 1 77 12 1 0
0 1 142 5 0 4
0 1 124 31 1 1
0 1 130 3 1 1
0 1 104 0 1 2
0 1 123 24 1 4
0 1 15 10 1 4
0 1 104 19 0 2
0 1 29 40 1 0
0 1 66 45 1 1
0 1 38 10 1 5
0 1 57 46 0 3
0 1 20 26 1 3
0 1 79 32 1 5
0 1 13 32 0 1
0 1 22 5 0 1
0 1 82 35 0 5
0 1 82 36 1 4
0 1 9 3 1 5
0 1 86 8 0 1
0 1 101 14 0 3
0 1 5 7 0 2
0 1 12 29 1 0
0 1 33 17 0 2
0 1 83 40 0 2
0 1 70 40 1 4
0 1 39 49 0 2
0 1 19 14 0 1
0 1 106 12 1 2
0 1 66 42 0 2
0 1 63 5 0 3
0 1 58 38 0 0
0 1 136 0 1 4
0 1 56 16 0 5
0 1 93 2 1 2
0 1 63 41 1 4
0 1 72 23 0 3
0 1 43 1 0 0
0 1 69 22 0 1
0 1 115 17 0 4
0 1 137 24 1 3
0 1 18 30 0 1
0 1 73 34 0 4
0 1 138 17 1 3
0 1 145 38 1 3
0 1 73 33 1 1
0 1 14 13 0 2
0 1 16 9 1 4
0 1 24 18 0 4
0 1 129 21 1 0
0 1 49 35 0 2
0 1 75 35 1 3
0 1 80 40 1 3
0 1 112 47 0 4
0 1 128 35 0 0
0 1 64 33 0 3
0 1 35 11 1 1
0 1 109 32 1 3
0 1 56 9 1 2
0 1 103 31 1 3
0 1 131 28 0 4
0 1 40 23 1 0
0 1 92 47 0 3
0 1 31 5 1 5
0 1 130 37 0 2
0 1 72 29 1 4
0 1 134 10 0 3
0 1 0 30 0 3
0 1 116 26 0 5
0 1 102 46 0 0
0 1 62 44 0 4
0 1 85 44 1 1
0 1 3 6 0 4
0 1 35 30 0 2
0 1 125 10 1 1
0 1 135 4 0 5
0 1 96 2 0 1
0 1 95 49 0 3
0 1 146 24 0 0
0 1 97 32 1 0
0 1 42 34 1 3
0 1 83 22 1 0
0 1 7 3 1 0
0 1 2 4 1 4
0 1 84 19 0 1
0 1 43 8 1 0
0 1 94 11 1 4
0 1 1 24 1 2
0 1 141 20 0 3
0 1 127 42 0 0
0 1 112 48 1 5
0 1 65 20 1 1
0 1 58 7 1 1
0 1 118 48 0 2
0 1 113 11 1 0
0 1 51 37 0 3
0 1 1 43 0 2
0 1 13 0 1 3
0 1 106 17 0 1
0 1 57 42 1 4
0 1 134 6 1 2
0 1 100 16 0 4
0 1 55 49 0 0
0 1 37 32 1 2
0 1 93 18 0 0
0 1 132 26 1 1
0 1 45 4 0 0
0 1 143 0 1 1
0 1 96 39 1 2
0 1 97 9 0 0
0 1 140 15 0 2
0 1 10 8 1 4
0 1 27 14 1 4
0 1 26 16 0 0
0 1 8 26 1 4
0 1 132 2 0 4
0 1 91 28 1 2
0 1 116 46 1 5
0 1 41 17 1 5
0 1 86 34 1 5
0 1 44 36 1 3
0 1 69 21 1 5
0 1 125 23 0 2
0 1 37 49 0 5
0 1 108 48 1 3
0 1 147 27 1 0
0 1 68 29 0 1
0 1 7 44 0 2
0 1 54 18 0 2
0 1 55 43 1 0
0 1 52 31 0 2
0 1 119 13 0 3
0 1 103 5 0 0
0 1 139 36 1 5
0 1 23 1 1 4
0 1 32 33 0 0
0 1 40 37 0 5
0 1 90 33 1 4
0 1 26 8 1 2
0 1 11 6 1 0
0 1 145 41 0 3
0 1 99 10 1 2
0 1 53 25 1 2
0 1 25 27 1 2
0 1 28 45 1 3
0 1 62 39 1 5
0 1 54 28 1 5
0 1 16 28 0 3
0 1 48 23 0 4
0 1 144 9 0 1
