0 1 70 12 1 0
0 1 9 35 1 1
0 1 87 14 0 1
0 1 141 31 0 4
0 1 50 16 1 3
0 1 146 43 0 1
0 1 119 39 1 1
0 1 109 20 1 4
0 1 4 6 1 3
0 1 100 22 0 2
0 1 2 26 1 5
0 1 23 5 1 4
0 1 32 41 0 1
0 1 97 32 1 5
0 1 29 28 0 0
0 1 83 47 0 1
0 1 131 8 1 3
0 1 128 5 1 3
0 1 3 36 1 4
0 1 51 10 1 0
0 1 75 32 1 1
0 1 99 8 0 5
0 1 94 30 1 1
0 1 11 37 1 0
0 1 105 11 0 1
0 1 56 1 0 3
0 1 111 40 1 4
0 1 113 33 0 2
0 1 121 38 1 2
0 1 39 37 0 3
0 1 28 7 1 4
0 1 66 19 1 1
0 1 36 6 1 2
0 1 79 44 1 1
0 1 57 14 0 5
0 1 90 49 1 2
0 1 26 46 0 5
0 1 138 12 1 1
0 1 16 25 1 3
0 1 145 24 0 0
0 1 33 23 0 5
0 1 142 11 0 0
0 1 27 10 1 4
0 1 84 7 1 0
0 1 30 26 1 4
0 1 108 19 1 2
0 1 105 18 1 5
0 1 143 40 1 3
0 1 10 42 0 1
0 1 140 49 1 4
0 1 96 42 1 5
0 1 106 0 0 3
0 1 42 25 1 0
0 1 95 29 1 3
0 1 44 1 1 1
0 1 98 18 0 2
0 1 97 33 0 4
0 1 133 36 0 1
0 1 2 13 0 2
0 1 60 44 1 3
0 1 125 39 1 4
0 1 14 9 1 5
0 1 80 30 0 4
0 1 0 0 1 2
0 1 25 34 0 5
0 1 90 38 0 3
0 1 79 26 0 3
0 1 18 7 0 2
0 1 73 41 0 2
0 1 61 21 0 4
0 1 88 2 0 4
0 1 144 27 1 5
0 1 107 27 0 3
0 1 89 34 1 4
0 1 22 43 1 5
0 1 116 3 0 1
0 1 115 12 1 5
0 1 120 16 1 0
0 1 136 13 0 5
0 1 58 2 1 2
0 1 69 24 1 1
0 1 92 45 0 0
0 1 45 3 0 0
0 1 63 40 0 1
0 1 108 35 0 4
0 1 111 46 0 0
0 1 132 27 1 2
0 1 114 16 0 2
0 1 142 9 1 2
0 1 91 4 1 5
0 1 55 43 0 3
0 1 119 36 0 3
0 1 62 38 1 1
0 1 1 14 1 4
0 1 71 31 0 2
0 1 148 15 1 1
0 1 66 25 0 2
0 1 124 15 0 3
0 1 37 1 0 0
0 1 96 48 0 1
0 1 24 17 1 5
0 1 100 21 1 0
0 1 60 40 0 0
0 1 91 13 0 4
0 1 147 2 0 3
0 1 7 28 1 3
0 1 49 28 1 1
0 1 123 4 0 4
0 1 77 4 0 1
0 1 145 1 1 4
0 1 34 11 1 2
0 1 115 46 0 4
0 1 71 11 1 4
0 1 107 4 1 0
0 1 135 25 1 5
0 1 72 22 0 4
0 1 58 16 0 4
0 1 45 35 1 0
0 1 63 30 1 3
0 1 32 27 1 1
0 1 110 21 1 2
0 1 85 20 1 2
0 1 136 28 1 2
0 1 17 10 0 3
0 1 73 17 1 0
0 1 69 0 0 4
0 1 43 22 0 0
0 1 137 5 1 1
0 1 41 18 1 3
0 1 33 46 1 1
0 1 120 23 0 2
0 1 6 14 0 3
0 1 43 33 1 5
0 1 135 12 0 2
0 1 130 20 0 0
0 1 81 33 1 0
0 1 65 32 1 3
0 1 129 15 0 5
0 1 78 8 1 0
0 1 126 41 0 3
0 1 121 12 0 4
0 1 92 27 1 4
0 1 123 49 1 3
0 1 130 24 1 2
0 1 11 9 0 3
0 1 68 33 0 3
0 1 112 6 1 0
0 1 125 41 0 4
0 1 110 8 0 4
0 1 3 31 0 1
0 1 133 8 1 2
0 1 144 31 0 0
0 1 104 30 0 2
0 1 103 3 0 3
0 1 41 45 0 2
0 1 113 17 1 3
0 1 102 13 1 1
0 1 80 47 1 4
0 1 67 36 0 0
0 1 78 5 0 0
0 1 129 3 1 5
0 1 14 15 0 2
0 1 21 44 1 0
0 1 68 9 1 4
0 1 30 6 0 4
0 1 28 10 0 1
0 1 40 24 0 5
0 1 102 30 0 0
0 1 13 37 0 5
0 1 104 4 1 3
0 1 31 23 0 4
0 1 56 2 1 0
0 1 114 44 1 2
0 1 34 21 0 5
0 1 77 39 1 2
0 1 122 44 1 5
0 1 12 40 0 5
0 1 20 20 1 3
0 1 15 48 1 5
0 1 74 45 1 5
0 1 55 45 1 4
0 1 59 19 1 3
0 1 143 42 0 2
0 1 53 43 0 2
0 1 0 0 0 0
0 1 118 9 0 1
0 1 8 24 1 3
0 1 35 2 1 5
0 1 62 17 0 1
0 1 86 49 0 0
0 1 10 47 1 3
0 1 17 19 1 0
0 1 35 32 0 4
0 1 101 7 0 1
0 1 137 13 0 0
0 1 72 28 1 4
0 1 37 39 1 0
0 1 9 46 0 2
0 1 106 35 1 2
0 1 12 16 1 5
0 1 84 47 0 0
0 1 139 42 0 0
0 1 54 10 0 2
0 1 52 45 0 3
0 1 18 22 1 1
0 1 118 37 1 4
0 1 5 32 0 0
0 1 117 23 1 1
0 1 141 23 1 0
0 1 52 39 1 5
0 1 134 29 0 0
0 1 38 31 1 5
0 1 128 26 0 1
0 1 93 38 1 4
0 1 116 20 1 1
0 1 47 39 1 3
0 1 47 48 0 3
0 1 117 48 0 4
0 1 16 18 0 4
0 1 31 48 1 2
0 1 54 43 1 4
0 1 76 1 1 5
0 1 140 29 0 4
0 1 134 49 1 1
0 1 147 5 1 2
0 1 29 15 1 0
0 1 44 19 0 4
0 1 50 29 0 2
0 1 89 21 0 3
0 1 51 36 0 5
0 1 95 0 0 5
0 1 94 6 0 1
0 1 67 31 1 3
0 1 148 17 0 4
0 1 109 7 0 3
0 1 81 25 0 4
0 1 74 29 0 5
0 1 65 11 0 5
0 1 99 47 1 2
0 1 138 34 0 2
0 1 64 34 1 0
0 1 40 14 1 0
0 1 48 25 1 1
0 1 122 35 0 3
0 1 75 49 0 5
0 1 132 41 0 5
0 1 59 37 0 2
0 1 24 38 0 5
0 1 8 46 0 3
0 1 127 0 1 1
0 1 23 22 0 3
0 1 82 26 0 2
0 1 88 44 1 4
0 1 42 34 0 1
0 1 86 21 1 1
0 1 4 18 0 1
0 1 19 3 0 4
0 1 26 47 1 5
0 1 46 6 1 5
0 1 19 42 1 4
0 1 53 17 1 2
0 1 139 2 1 1
0 1 85 40 0 2
0 1 98 18 1 0
0 1 46 35 0 5
0 1 15 27 0 0
0 1 83 41 1 0
0 1 38 37 0 1
0 1 82 43 1 0
0 1 131 9 0 0
