0 1 72 31 1 1
0 1 64 22 0 4
0 1 141 36 1 2
0 1 123 0 0 0
0 1 42 1 1 5
0 1 22 3 1 4
0 1 36 20 0 5
0 1 81 31 1 0
0 1 118 24 0 3
0 1 127 48 1 2
0 1 16 29 0 4
0 1 138 16 1 1
0 1 88 38 1 5
0 1 112 32 0 1
0 1 41 49 1 2
0 1 113 27 1 3
0 1 62 12 0 5
0 1 96 41 1 2
0 1 3 4 1 2
0 1 51 28 0 2
0 1 107 6 0 1
0 1 37 28 1 4
0 1 76 2 1 5
0 1 98 9 1 4
0 1 13 32 0 3
0 1 144 40 0 5
0 1 55 6 1 0
0 1 136 41 1 0
0 1 131 7 1 3
0 1 70 36 0 4
0 1 42 30 0 2
0 1 108 39 0 5
0 1 140 23 0 0
0 1 74 10 1 0
0 1 68 24 1 4
0 1 17 13 1 2
0 1 60 5 1 3
0 1 32 49 0 3
0 1 26 3 1 2
0 1 131 1 0 0
0 1 147 12 1 0
0 1 87 19 1 5
0 1 69 11 0 1
0 1 50 26 0 2
0 1 102 17 1 5
0 1 32 46 1 5
0 1 20 29 0 0
0 1 62 21 1 2
0 1 15 39 0 0
0 1 11 43 1 4
0 1 105 0 1 3
0 1 76 37 0 5
0 1 113 29 0 5
0 1 1 1 1 1
0 1 138 11 0 2
0 1 12 14 0 4
0 1 58 47 0 4
0 1 122 18 0 4
0 1 38 21 0 3
0 1 68 48 0 5
0 1 133 15 0 4
0 1 54 45 0 0
0 1 74 5 0 5
0 1 135 45 0 2
0 1 23 6 1 2
0 1 33 30 0 1
0 1 4 14 1 0
0 1 29 25 1 4
0 1 92 15 1 3
0 1 105 18 0 1
0 1 77 7 0 2
0 1 44 34 0 1
0 1 59 12 0 2
0 1 100 32 0 2
0 1 110 27 0 4
0 1 40 40 1 4
0 1 48 46 0 0
0 1 94 20 1 2
0 1 65 26 0 3
0 1 135 13 1 3
0 1 137 20 0 0
0 1 97 43 1 1
0 1 80 4 1 1
0 1 13 6 1 5
0 1 57 31 0 3
0 1 114 2 0 0
0 1 66 37 1 4
0 1 50 25 1 5
0 1 130 35 1 1
0 1 121 35 0 4
0 1 104 33 1 5
0 1 137 27 1 0
0 1 45 39 1 3
0 1 99 37 0 2
0 1 73 17 0 0
0 1 21 8 0 0
0 1 64 42 1 0
0 1 86 40 1 0
0 1 12 38 1 2
0 1 128 3 0 1
0 1 86 2 0 2
0 1 119 21 0 0
0 1 55 44 0 0
0 1 129 36 0 0
0 1 120 48 0 3
0 1 28 30 0 5
0 1 143 4 0 5
0 1 84 22 1 2
0 1 96 46 0 1
0 1 9 15 1 0
0 1 11 22 0 0
0 1 47 44 1 2
0 1 117 35 0 2
0 1 7 23 0 4
0 1 24 18 0 3
0 1 119 11 1 4
0 1 109 24 0 0
0 1 41 9 0 1
0 1 34 26 1 5
0 1 56 31 0 4
0 1 1 13 0 1
0 1 37 28 0 0
0 1 130 47 0 3
0 1 82 44 0 5
0 1 35 23 0 2
0 1 84 21 0 4
0 1 73 7 1 4
0 1 90 46 0 4
0 1 78 5 1 1
0 1 52 40 1 2
0 1 115 8 1 4
0 1 40 42 0 5
0 1 70 9 1 0
0 1 107 42 1 2
0 1 79 13 1 5
0 1 30 13 1 4
0 1 106 11 0 5
0 1 116 19 0 3
0 1 148 43 1 3
0 1 48 38 1 0
0 1 118 17 1 4
0 1 101 15 0 1
0 1 128 49 1 4
0 1 116 41 1 3
0 1 136 47 0 5
0 1 71 44 0 1
0 1 10 28 1 1
0 1 91 35 0 5
0 1 89 17 0 3
0 1 133 17 1 2
0 1 16 48 1 0
0 1 63 8 1 5
0 1 87 2 0 4
0 1 43 37 0 1
0 1 111 26 0 4
0 1 110 19 1 1
0 1 89 12 1 4
0 1 134 45 1 1
0 1 61 45 1 3
0 1 142 41 0 1
0 1 125 14 0 2
0 1 149 41 0 4
0 1 124 10 0 3
0 1 102 36 0 5
0 1 95 0 1 5
0 1 79 22 0 3
0 1 18 30 0 3
0 1 106 36 1 3
0 1 112 39 1 1
0 1 91 4 1 4
0 1 95 15 0 5
0 1 149 9 1 5
0 1 45 35 0 0
0 1 93 39 0 2
0 1 88 46 0 3
0 1 5 41 0 5
0 1 43 0 1 1
0 1 67 5 0 2
0 1 99 1 1 2
0 1 94 24 0 2
0 1 18 32 1 4
0 1 8 10 0 4
0 1 78 27 0 1
0 1 30 43 0 0
0 1 146 33 0 3
0 1 46 26 0 0
0 1 141 23 0 5
0 1 26 10 0 1
0 1 81 3 0 5
0 1 97 32 0 5
0 1 61 8 0 1
0 1 0 19 0 4
0 1 132 19 1 0
0 1 144 11 1 0
0 1 49 47 1 1
0 1 54 42 1 1
0 1 140 43 1 2
0 1 17 25 0 1
0 1 2 21 0 5
0 1 66 7 0 0
0 1 27 42 1 3
0 1 23 47 0 2
0 1 29 29 0 2
0 1 51 49 1 5
0 1 139 29 1 1
0 1 117 44 1 3
0 1 125 45 1 4
0 1 142 20 1 1
0 1 85 25 1 3
0 1 19 9 1 2
0 1 145 43 0 5
0 1 38 18 1 5
0 1 111 38 1 3
0 1 77 18 1 2
0 1 109 10 1 5
0 1 126 24 0 5
0 1 72 38 0 1
0 1 143 25 1 0
0 1 14 5 1 4
0 1 53 33 0 4
0 1 103 33 1 2
0 1 24 4 1 0
0 1 3 6 0 3
0 1 126 33 1 0
0 1 115 34 0 2
0 1 75 49 1 0
0 1 121 40 1 3
0 1 147 1 0 3
0 1 69 8 1 2
0 1 7 30 1 4
0 1 14 31 0 5
0 1 25 20 0 3
0 1 98 7 0 1
0 1 59 34 1 3
0 1 39 16 1 3
0 1 46 32 1 0
0 1 39 12 0 3
0 1 21 48 1 4
0 1 82 37 1 3
0 1 5 34 1 0
0 1 65 16 1 2
0 1 27 44 0 4
0 1 124 14 1 3
0 1 4 22 0 1
0 1 33 16 1 4
0 1 19 23 0 1
0 1 139 0 0 2
0 1 145 0 1 4
0 1 49 34 0 5
0 1 148 28 0 3
0 1 114 9 1 3
0 1 58 36 1 1
0 1 20 14 1 5
0 1 108 6 1 4
0 1 122 27 1 5
0 1 8 2 1 1
0 1 34 33 0 1
0 1 44 16 1 0
0 1 9 45 0 5
0 1 31 34 0 4
0 1 71 49 1 1
0 1 0 11 1 3
0 1 63 3 0 0
0 1 25 42 1 4
0 1 6 40 0 1
0 1 83 35 1 3
0 1 57 47 1 0
0 1 56 25 1 2
0 1 2 21 1 1
0 1 67 26 1 1
