0 1 146 26 0 4
0 1 39 4 1 2
0 1 116 38 0 4
0 1 119 32 0 2
0 1 90 39 1 3
0 1 135 29 1 3
0 1 134 6 0 2
0 1 149 25 1 4
0 1 16 16 0 1
0 1 120 32 1 5
0 1 14 46 1 3
0 1 26 36 0 5
0 1 60 38 0 2
0 1 72 27 0 5
0 1 147 17 1 5
0 1 84 13 1 4
0 1 27 28 1 2
0 1 92 24 0 3
0 1 143 37 0 1
0 1 94 35 1 2
0 1 6 12 0 0
0 1 42 32 0 3
0 1 121 29 0 0
0 1 77 25 1 0
0 1 5 8 0 1
0 1 65 11 0 0
0 1 14 45 0 4
0 1 82 10 1 4
0 1 12 27 1 4
0 1 30 25 0 1
0 1 44 47 1 5
0 1 64 7 0 1
0 1 15 35 1 0
0 1 54 30 1 0
0 1 20 48 0 5
0 1 118 42 0 4
0 1 23 39 1 5
0 1 55 45 0 1
0 1 44 1 0 2
0 1 127 34 1 1
0 1 13 15 1 0
0 1 136 27 1 0
0 1 90 43 0 0
0 1 57 16 1 5
0 1 76 9 0 1
0 1 75 19 0 0
0 1 71 46 1 0
0 1 131 34 1 2
0 1 9 40 0 0
0 1 51 3 1 4
0 1 128 33 0 4
0 1 99 12 1 5
0 1 108 49 1 1
0 1 85 29 0 5
0 1 55 15 1 3
0 1 50 7 0 3
0 1 144 0 1 0
0 1 148 49 1 3
0 1 117 18 0 1
0 1 122 17 0 3
0 1 34 2 0 1
0 1 2 31 1 4
0 1 64 9 1 4
0 1 140 20 0 0
0 1 10 41 0 3
0 1 114 21 1 4
0 1 31 22 1 1
0 1 42 19 1 1
0 1 13 14 0 5
0 1 147 11 0 3
0 1 97 28 1 5
0 1 59 13 1 0
0 1 104 4 0 1
0 1 118 20 1 5
0 1 74 33 1 5
0 1 58 40 1 4
0 1 36 15 0 4
0 1 79 44 1 5
0 1 112 8 0 2
0 1 121 5 1 1
0 1 23 18 0 2
0 1 126 28 0 3
0 1 125 10 0 2
0 1 143 26 1 1
0 1 35 46 0 4
0 1 17 21 1 0
0 1 9 3 1 5
0 1 81 14 1 0
0 1 141 17 0 1
0 1 37 0 0 5
0 1 73 5 0 4
0 1 99 1 0 5
0 1 134 19 1 3
0 1 46 40 0 5
0 1 52 44 0 3
0 1 10 43 1 3
0 1 122 36 1 0
0 1 94 41 0 2
0 1 112 1 1 0
0 1 56 17 0 2
0 1 91 23 0 0
0 1 18 2 1 0
0 1 138 43 0 4
0 1 133 29 0 2
0 1 48 32 0 1
0 1 108 9 0 5
0 1 82 44 0 4
0 1 83 47 1 3
0 1 21 24 1 5
0 1 92 6 1 4
0 1 53 21 1 2
0 1 110 22 1 5
0 1 0 22 0 3
0 1 39 2 0 5
0 1 105 24 0 0
0 1 4 38 0 1
0 1 57 19 0 5
0 1 87 32 1 0
0 1 49 48 0 0
0 1 111 41 1 0
0 1 77 6 0 3
0 1 20 12 1 4
0 1 61 17 1 4
0 1 36 32 1 4
0 1 106 16 0 2
0 1 78 47 1 0
0 1 111 31 0 2
0 1 3 35 1 3
0 1 28 3 1 3
0 1 16 25 1 3
0 1 6 12 1 3
0 1 68 48 1 4
0 1 66 3 1 2
0 1 113 14 0 1
0 1 100 48 1 1
0 1 61 46 0 5
0 1 62 11 0 2
0 1 24 23 1 2
0 1 69 30 0 4
0 1 3 16 0 3
0 1 86 27 0 2
0 1 96 23 1 3
0 1 70 44 0 0
0 1 79 39 0 0
0 1 110 43 0 5
0 1 48 14 1 4
0 1 96 36 0 1
0 1 107 47 0 1
0 1 142 40 1 3
0 1 128 23 1 5
0 1 45 37 1 2
0 1 83 34 0 4
0 1 132 49 0 0
0 1 58 37 0 0
0 1 71 26 0 0
0 1 135 42 0 2
0 1 140 5 1 0
0 1 38 8 0 3
0 1 28 6 0 5
0 1 52 13 1 2
0 1 67 0 0 1
0 1 21 38 0 3
0 1 145 21 1 5
0 1 11 5 0 5
0 1 0 33 1 0
0 1 101 10 0 1
0 1 98 0 1 3
0 1 59 31 0 0
0 1 7 20 0 1
0 1 66 26 0 5
0 1 115 1 1 3
0 1 31 15 0 2
0 1 60 49 1 4
0 1 95 20 1 2
0 1 24 42 0 5
0 1 142 3 0 0
0 1 70 49 1 5
0 1 88 49 0 2
0 1 81 2 0 4
0 1 47 18 1 5
0 1 40 14 0 2
0 1 136 33 0 3
0 1 45 37 0 5
0 1 68 18 0 0
0 1 131 46 0 1
0 1 33 26 0 3
0 1 126 22 1 4
0 1 50 11 1 4
0 1 78 2 0 3
0 1 109 16 1 4
0 1 120 5 0 3
0 1 25 24 1 1
0 1 93 41 0 5
0 1 124 43 1 2
0 1 123 4 1 3
0 1 37 37 1 4
0 1 115 11 0 5
0 1 62 8 1 5
0 1 86 8 1 0
0 1 137 15 0 1
0 1 80 33 0 2
0 1 29 18 0 4
0 1 130 39 1 4
0 1 17 34 0 3
0 1 145 9 0 3
0 1 103 39 1 1
0 1 22 27 1 1
0 1 46 31 1 5
0 1 65 36 1 4
0 1 141 40 1 1
0 1 8 7 0 5
0 1 69 30 1 2
0 1 129 4 1 0
0 1 4 29 1 4
0 1 84 22 0 2
0 1 41 45 1 2
0 1 43 9 0 2
0 1 32 48 0 3
0 1 73 46 1 2
0 1 102 30 0 3
0 1 106 13 1 3
0 1 38 23 1 1
0 1 63 25 0 5
0 1 144 42 0 3
0 1 117 6 1 1
0 1 95 10 0 5
0 1 49 26 1 2
0 1 74 48 0 2
0 1 25 1 0 1
0 1 40 43 1 1
0 1 1 10 1 0
0 1 98 19 0 2
0 1 12 12 0 2
0 1 101 35 1 1
0 1 34 34 1 0
0 1 123 28 0 1
0 1 51 4 0 4
0 1 5 35 1 5
0 1 88 42 1 1
0 1 11 17 1 0
0 1 146 22 1 0
0 1 100 12 0 1
0 1 97 47 0 4
0 1 56 45 1 5
0 1 91 7 1 2
0 1 75 29 1 1
0 1 7 35 1 4
0 1 53 45 0 0
0 1 93 36 1 2
0 1 8 44 1 1
0 1 114 0 0 2
0 1 35 3 1 1
0 1 72 21 1 3
0 1 1 38 0 5
0 1 33 30 1 5
0 1 32 7 1 4
0 1 89 28 1 4
0 1 109 15 0 5
0 1 137 20 1 3
0 1 2 6 0 0
0 1 103 8 0 4
0 1 125 7 1 0
0 1 148 31 0 1
0 1 105 11 1 1
0 1 138 13 1 5
0 1 124 41 0 1
0 1 63 24 1 4
0 1 80 24 1 2
0 1 116 27 1 3
0 1 139 36 1 3
