0 1 146 25 0 5
0 1 88 6 0 2
0 1 123 25 0 0
0 1 91 32 0 5
0 1 136 23 0 0
0 1 57 0 0 4
0 1 74 4 0 2
0 1 97 14 1 1
0 1 76 8 0 1
0 1 138 24 0 1
0 1 55 30 0 0
0 1 67 29 1 1
0 1 149 20 0 5
0 1 7 29 1 3
0 1 107 31 0 4
0 1 141 18 0 0
0 1 87 6 0 5
0 1 12 27 1 2
0 1 23 33 0 4
0 1 78 38 0 4
0 1 100 16 0 5
0 1 28 21 1 3
0 1 34 10 0 1
0 1 62 9 0 2
0 1 59 48 1 1
0 1 129 3 1 0
0 1 111 35 1 2
0 1 35 28 1 2
0 1 131 19 0 4
0 1 90 13 0 1
0 1 147 15 0 4
0 1 62 39 1 5
0 1 67 9 0 0
0 1 127 40 0 1
0 1 130 37 1 4
0 1 122 23 0 5
0 1 48 11 1 5
0 1 30 12 0 1
0 1 32 8 0 2
0 1 121 49 1 3
0 1 95 47 1 3
0 1 4 44 0 1
0 1 126 40 0 3
0 1 140 10 1 5
0 1 51 44 1 0
0 1 50 43 0 5
0 1 22 16 1 4
0 1 48 2 0 2
0 1 117 24 1 3
0 1 105 9 0 4
0 1 32 49 1 4
0 1 132 13 1 2
0 1 137 45 1 2
0 1 49 42 0 1
0 1 71 1 1 5
0 1 59 41 0 1
0 1 124 13 1 4
0 1 33 47 1 1
0 1 86 8 1 3
0 1 10 34 0 0
0 1 27 39 0 0
0 1 82 42 1 3
0 1 90 28 1 1
0 1 37 46 1 5
0 1 113 25 1 1
0 1 108 38 0 2
0 1 44 46 1 1
0 1 56 32 1 1
0 1 117 39 0 4
0 1 114 27 1 3
0 1 81 44 0 3
0 1 53 21 1 5
0 1 84 26 0 2
0 1 8 41 1 5
0 1 134 15 1 0
0 1 44 36 0 3
0 1 111 14 0 5
0 1 24 22 1 5
0 1 143 26 1 3
0 1 110 48 0 0
0 1 102 20 0 0
0 1 134 31 0 1
0 1 98 9 1 5
0 1 73 17 1 0
0 1 135 36 0 0
0 1 144 43 1 1
0 1 98 43 0 0
0 1 73 28 0 5
0 1 16 19 1 2
0 1 133 35 0 1
0 1 84 28 1 4
0 1 70 12 1 0
0 1 22 2 0 5
0 1 100 33 1 0
0 1 38 47 0 2
0 1 61 47 1 4
0 1 119 2 0 4
0 1 42 37 0 1
0 1 41 5 0 5
0 1 68 46 1 2
0 1 13 49 0 0
0 1 81 49 1 5
0 1 92 6 1 4
0 1 13 22 1 3
0 1 88 17 1 5
0 1 19 43 0 4
0 1 18 3 1 5
0 1 116 7 1 1
0 1 3 30 1 1
0 1 80 34 0 3
0 1 76 22 1 0
0 1 124 30 0 3
0 1 118 0 0 2
0 1 99 46 0 4
0 1 66 27 0 5
0 1 27 11 1 0
0 1 31 41 0 4
0 1 39 34 0 5
0 1 29 11 0 3
0 1 18 1 0 3
0 1 38 31 1 0
0 1 65 24 0 4
0 1 85 9 0 1
0 1 108 29 1 2
0 1 42 16 1 0
0 1 126 21 1 2
0 1 138 24 1 2
0 1 17 7 0 4
0 1 132 48 0 2
0 1 140 15 0 3
0 1 8 42 0 4
0 1 58 38 0 3
0 1 63 40 0 5
0 1 106 20 0 1
0 1 52 4 1 3
0 1 143 23 0 3
0 1 45 15 1 2
0 1 54 36 1 4
0 1 86 31 0 5
0 1 50 28 1 3
0 1 119 10 1 2
0 1 116 33 0 3
0 1 120 19 1 1
0 1 47 10 0 3
0 1 82 3 0 1
0 1 66 17 1 3
0 1 15 19 0 3
0 1 37 29 0 0
0 1 75 44 1 2
0 1 72 18 0 3
0 1 115 43 0 2
0 1 12 11 0 1
0 1 39 16 1 1
0 1 49 32 1 3
0 1 1 18 1 1
0 1 51 36 0 5
0 1 148 5 1 4
0 1 78 4 1 0
0 1 20 6 0 0
0 1 70 12 0 4
0 1 52 14 0 2
0 1 69 23 1 4
0 1 130 39 0 2
0 1 53 35 0 4
0 1 118 0 1 1
0 1 41 27 1 4
0 1 80 5 1 0
0 1 96 18 1 5
0 1 60 48 0 3
0 1 47 17 1 2
0 1 21 5 0 3
0 1 61 20 0 3
0 1 29 20 1 2
0 1 137 15 0 1
0 1 139 5 1 2
0 1 103 40 1 4
0 1 11 41 0 3
0 1 26 1 1 1
0 1 144 21 0 0
0 1 15 8 1 0
0 1 105 4 1 4
0 1 1 46 0 0
0 1 104 12 0 3
0 1 87 8 1 4
0 1 129 11 0 2
0 1 10 2 1 0
0 1 2 26 0 1
0 1 110 42 1 0
0 1 135 41 1 2
0 1 122 45 1 1
0 1 43 37 1 2
0 1 5 1 1 4
0 1 121 22 0 2
0 1 95 7 0 3
0 1 2 37 1 0
0 1 83 3 0 4
0 1 5 33 0 5
0 1 142 23 0 2
0 1 125 42 0 5
0 1 146 17 1 1
0 1 103 12 0 2
0 1 147 37 1 3
0 1 16 44 0 4
0 1 148 25 0 3
0 1 123 35 1 0
0 1 34 30 1 4
0 1 45 10 0 4
0 1 142 32 1 4
0 1 83 7 1 0
0 1 113 0 0 5
0 1 131 10 1 0
0 1 112 7 1 2
0 1 96 13 0 3
0 1 75 14 0 4
0 1 58 19 1 0
0 1 115 31 1 2
0 1 125 20 1 4
0 1 89 14 1 0
0 1 141 4 1 5
0 1 68 36 0 1
0 1 54 1 0 2
0 1 0 45 1 0
0 1 71 6 0 1
0 1 0 48 0 4
0 1 23 26 1 5
0 1 19 23 1 1
0 1 104 8 1 5
0 1 99 40 1 2
0 1 120 16 0 2
0 1 46 2 0 1
0 1 33 21 0 1
0 1 93 45 1 4
0 1 69 49 0 1
0 1 60 13 1 0
0 1 128 26 0 0
0 1 101 32 0 0
0 1 107 44 1 5
0 1 25 30 1 5
0 1 20 40 1 0
0 1 21 25 1 4
0 1 36 1 1 0
0 1 92 34 0 4
0 1 89 45 0 5
0 1 64 29 1 4
0 1 109 0 0 0
0 1 7 36 0 2
0 1 93 35 0 5
0 1 25 38 0 5
0 1 97 18 0 2
0 1 3 12 0 5
0 1 24 47 0 5
0 1 94 39 0 3
0 1 77 34 1 1
0 1 77 47 0 0
0 1 4 22 1 4
0 1 133 37 1 5
0 1 9 21 1 4
0 1 91 24 1 5
0 1 43 14 0 3
0 1 74 32 1 2
0 1 36 30 0 2
0 1 11 38 1 1
0 1 6 17 1 4
0 1 109 3 1 2
0 1 46 6 1 3
0 1 63 3 1 3
0 1 72 27 1 0
0 1 94 33 1 2
0 1 112 46 0 3
0 1 101 49 1 2
