0 1 118 49 0 4
0 1 6 8 1 4
0 1 108 0 1 1
0 1 111 45 1 0
0 1 20 17 0 4
0 1 117 23 1 0
0 1 47 43 0 0
0 1 142 41 0 0
0 1 51 25 1 5
0 1 73 23 1 5
0 1 113 17 1 3
0 1 80 26 1 0
0 1 14 30 1 4
0 1 88 48 0 3
0 1 144 27 1 0
0 1 145 4 1 0
0 1 99 18 0 2
0 1 83 10 1 0
0 1 9 14 0 1
0 1 61 13 0 5
0 1 119 33 0 0
0 1 67 28 1 1
0 1 140 22 1 1
0 1 116 12 0 5
0 1 22 24 1 5
0 1 66 46 0 3
0 1 43 34 1 2
0 1 16 38 0 0
0 1 60 28 0 2
0 1 74 9 1 0
0 1 42 44 1 5
0 1 121 49 1 5
0 1 138 44 0 3
0 1 104 35 0 3
0 1 110 5 0 2
0 1 103 14 1 0
0 1 7 43 0 3
0 1 71 18 1 3
0 1 52 31 0 1
0 1 17 11 0 5
0 1 70 30 1 2
0 1 141 47 1 2
0 1 4 29 0 3
0 1 24 42 1 1
0 1 141 47 0 5
0 1 123 2 1 1
0 1 93 26 1 1
0 1 5 27 0 4
0 1 65 32 1 2
0 1 94 47 0 0
0 1 142 24 1 4
0 1 12 2 0 4
0 1 114 33 1 4
0 1 63 16 0 2
0 1 99 35 1 2
0 1 125 21 1 2
0 1 82 12 0 0
0 1 46 6 1 2
0 1 147 40 1 4
0 1 46 35 0 0
0 1 33 16 0 0
0 1 68 15 0 0
0 1 45 43 0 2
0 1 34 5 0 5
0 1 27 35 1 5
0 1 28 7 1 4
0 1 130 21 1 5
0 1 143 0 0 3
0 1 23 11 1 0
0 1 56 41 1 1
0 1 133 6 0 4
0 1 25 20 1 1
0 1 42 23 0 1
0 1 2 3 0 3
0 1 132 15 1 3
0 1 24 35 0 4
0 1 146 36 0 4
0 1 85 22 0 4
0 1 112 26 0 2
0 1 63 34 1 1
0 1 17 49 1 1
0 1 1 8 0 5
0 1 47 3 1 5
0 1 20 13 1 1
0 1 57 40 0 1
0 1 137 46 1 4
0 1 32 46 1 0
0 1 109 27 0 5
0 1 148 1 0 5
0 1 109 39 1 3
0 1 105 10 1 3
0 1 11 45 1 3
0 1 77 46 1 1
0 1 84 4 1 3
0 1 102 40 1 3
0 1 11 19 0 3
0 1 143 29 1 0
0 1 44 4 0 2
0 1 96 17 0 0
0 1 103 30 0 3
0 1 135 38 1 3
0 1 51 3 0 4
0 1 54 13 0 0
0 1 101 14 0 4
0 1 38 1 0 4
0 1 88 2 1 2
0 1 29 34 1 0
0 1 23 21 0 3
0 1 145 48 0 4
0 1 50 48 0 5
0 1 100 42 1 4
0 1 131 24 0 3
0 1 19 22 0 5
0 1 83 36 0 2
0 1 127 28 0 5
0 1 95 0 1 0
0 1 87 9 0 2
0 1 4 37 1 0
0 1 13 21 0 4
0 1 49 31 0 5
0 1 8 41 1 4
0 1 50 15 1 2
0 1 85 33 1 1
0 1 68 39 1 2
0 1 49 7 1 1
0 1 9 37 1 5
0 1 55 12 1 4
0 1 62 5 1 4
0 1 37 20 0 3
0 1 135 47 0 4
0 1 108 48 0 0
0 1 112 26 1 4
0 1 31 21 0 0
0 1 3 8 0 2
0 1 122 42 1 3
0 1 15 6 0 3
0 1 19 39 1 1
0 1 76 38 0 2
0 1 139 18 0 1
0 1 36 49 0 2
0 1 110 8 1 3
0 1 58 25 0 0
0 1 86 23 1 3
0 1 65 4 0 1
0 1 82 43 1 5
0 1 58 25 1 3
0 1 123 42 0 5
0 1 43 44 0 4
0 1 5 37 1 3
0 1 16 38 1 1
0 1 2 0 1 5
0 1 131 39 1 5
0 1 95 20 0 4
0 1 94 4 1 5
0 1 120 27 1 3
0 1 28 13 0 4
0 1 93 49 0 3
0 1 74 19 0 1
0 1 87 3 1 2
0 1 134 1 0 3
0 1 76 4 1 4
0 1 91 39 0 0
0 1 78 26 0 3
0 1 117 7 0 2
0 1 14 22 0 0
0 1 116 34 1 3
0 1 41 44 0 2
0 1 7 41 1 2
0 1 113 20 0 2
0 1 97 31 1 3
0 1 129 2 1 3
0 1 45 37 1 2
0 1 67 18 0 5
0 1 132 33 0 2
0 1 89 36 0 0
0 1 18 29 0 2
0 1 60 14 1 2
0 1 72 29 1 4
0 1 125 34 0 4
0 1 40 6 1 1
0 1 52 10 1 4
0 1 114 23 0 2
0 1 75 7 0 3
0 1 48 28 0 3
0 1 44 9 1 4
0 1 78 12 1 2
0 1 39 35 1 1
0 1 21 0 1 4
0 1 36 30 1 1
0 1 32 1 0 2
0 1 92 45 0 2
0 1 134 31 1 0
0 1 30 38 0 5
0 1 53 45 0 1
0 1 26 31 0 2
0 1 80 41 0 3
0 1 30 22 1 2
0 1 34 7 1 5
0 1 137 46 0 5
0 1 0 0 0 2
0 1 10 37 0 4
0 1 69 40 1 2
0 1 38 18 1 4
0 1 119 15 1 5
0 1 140 42 0 2
0 1 25 36 0 5
0 1 147 29 0 5
0 1 10 48 1 2
0 1 148 16 1 1
0 1 144 47 0 1
0 1 29 20 0 5
0 1 37 15 1 1
0 1 90 2 0 5
0 1 104 12 1 1
0 1 118 40 1 0
0 1 31 19 1 0
0 1 115 1 0 1
0 1 127 43 1 4
0 1 53 24 1 1
0 1 59 5 0 3
0 1 41 10 1 5
0 1 121 16 0 5
0 1 70 32 0 5
0 1 149 24 0 2
0 1 79 44 1 0
0 1 33 25 1 1
0 1 6 13 0 2
0 1 0 11 1 3
0 1 59 3 1 0
0 1 35 42 1 0
0 1 89 10 1 2
0 1 75 9 1 5
0 1 84 33 0 3
0 1 98 32 1 3
0 1 105 11 0 2
0 1 1 25 1 2
0 1 13 8 1 1
0 1 115 45 1 4
0 1 138 14 1 3
0 1 126 19 0 5
0 1 21 46 0 2
0 1 64 32 1 4
0 1 77 16 0 4
0 1 73 1 0 0
0 1 133 17 1 1
0 1 91 9 1 3
0 1 130 32 0 0
0 1 124 28 0 4
0 1 79 19 0 4
0 1 107 24 0 0
0 1 39 14 0 5
0 1 126 36 1 3
0 1 61 39 1 4
0 1 48 18 1 0
0 1 96 11 1 4
0 1 106 27 1 1
0 1 98 17 0 2
0 1 122 30 0 5
0 1 71 44 0 1
0 1 111 6 0 0
0 1 101 47 1 3
0 1 149 48 1 1
0 1 26 13 1 3
0 1 54 40 1 5
0 1 22 5 0 0
0 1 27 10 0 1
0 1 120 33 0 5
0 1 66 3 1 1
0 1 18 43 1 1
0 1 56 30 0 0
