0 1 120 40 1 3
0 1 134 8 1 2
0 1 119 23 0 4
0 1 133 25 0 2
0 1 1 41 0 2
0 1 2 29 1 2
0 1 114 42 1 4
0 1 41 2 0 3
0 1 100 21 1 4
0 1 37 40 1 0
0 1 135 34 0 4
0 1 98 6 1 1
0 1 85 31 0 3
0 1 5 16 0 5
0 1 138 10 1 5
0 1 101 12 0 5
0 1 55 44 1 1
0 1 136 27 1 2
0 1 44 5 1 5
0 1 1 43 1 2
0 1 131 35 0 2
0 1 111 31 1 1
0 1 57 47 1 0
0 1 107 48 0 1
0 1 49 48 0 0
0 1 52 32 1 0
0 1 63 30 1 4
0 1 96 43 0 3
0 1 77 43 1 0
0 1 88 5 1 0
0 1 6 18 1 2
0 1 138 16 0 4
0 1 79 46 1 2
0 1 87 2 0 4
0 1 89 20 0 0
0 1 68 45 1 3
0 1 90 0 0 3
0 1 15 37 1 2
0 1 80 30 1 0
0 1 8 37 0 5
0 1 59 26 1 2
0 1 36 27 1 5
0 1 102 8 0 5
0 1 35 15 1 4
0 1 115 16 1 2
0 1 21 28 1 4
0 1 115 40 0 4
0 1 88 1 0 5
0 1 124 3 0 2
0 1 4 28 0 1
0 1 66 23 1 2
0 1 147 19 0 4
0 1 82 37 0 4
0 1 129 3 0 0
0 1 111 0 0 2
0 1 69 14 0 1
0 1 124 36 1 3
0 1 123 24 1 4
0 1 76 38 0 0
0 1 142 35 1 3
0 1 82 32 1 1
0 1 27 6 0 0
0 1 17 39 1 4
0 1 144 13 1 0
0 1 120 7 0 3
0 1 112 10 0 3
0 1 64 29 0 4
0 1 30 14 0 4
0 1 132 24 0 3
0 1 80 22 0 5
0 1 98 1 0 2
0 1 32 38 1 5
0 1 128 49 1 1
0 1 125 41 0 3
0 1 39 14 0 0
0 1 142 9 0 2
0 1 28 33 0 3
0 1 87 38 1 3
0 1 3 47 0 5
0 1 106 24 1 2
0 1 137 30 1 3
0 1 97 41 0 5
0 1 78 39 0 1
0 1 6 21 0 5
0 1 31 23 0 3
0 1 81 22 1 2
0 1 75 45 0 0
0 1 143 20 1 3
0 1 70 7 0 5
0 1 64 2 1 5
0 1 107 34 1 5
0 1 79 7 0 0
0 1 90 46 1 5
0 1 23 13 1 3
0 1 135 49 1 2
0 1 97 34 1 0
0 1 60 4 1 0
0 1 62 16 1 0
0 1 74 47 0 4
0 1 141 15 1 2
0 1 69 22 1 3
0 1 67 44 0 3
0 1 86 35 0 5
0 1 66 17 0 4
0 1 22 39 0 2
0 1 47 0 0 4
0 1 122 12 1 1
0 1 137 19 0 2
0 1 145 11 1 5
0 1 114 4 0 3
0 1 122 42 0 2
0 1 7 5 1 4
0 1 108 19 0 0
0 1 15 18 0 4
0 1 61 9 0 4
0 1 76 32 1 2
0 1 140 29 0 0
0 1 2 10 0 4
0 1 20 12 1 4
0 1 52 26 0 5
0 1 23 36 0 1
0 1 41 18 1 3
0 1 68 3 0 3
0 1 26 25 0 5
0 1 83 40 1 2
0 1 75 32 1 4
0 1 130 38 1 2
0 1 45 34 0 1
0 1 119 22 1 0
0 1 43 31 1 2
0 1 49 16 1 3
0 1 93 29 1 1
0 1 127 46 1 3
0 1 67 30 1 1
0 1 147 18 1 5
0 1 131 2 1 2
0 1 65 35 1 1
0 1 78 5 1 3
0 1 37 48 0 2
0 1 54 15 0 5
0 1 40 5 1 1
0 1 146 28 1 3
0 1 132 37 1 0
0 1 134 15 0 1
0 1 25 34 0 2
0 1 46 24 0 5
0 1 129 27 1 4
0 1 0 45 0 1
0 1 25 36 1 0
0 1 34 1 1 4
0 1 38 11 1 2
0 1 99 4 0 4
0 1 18 4 0 5
0 1 93 45 0 4
0 1 42 14 1 2
0 1 70 19 1 3
0 1 11 49 1 0
0 1 117 28 0 0
0 1 143 44 0 4
0 1 43 3 0 5
0 1 9 46 0 4
0 1 113 17 0 2
0 1 42 8 0 1
0 1 121 9 0 5
0 1 96 9 1 1
0 1 26 10 1 2
0 1 100 25 0 4
0 1 144 8 0 3
0 1 58 20 1 1
0 1 32 21 0 2
0 1 61 45 1 2
0 1 9 6 1 4
0 1 45 48 1 4
0 1 48 17 0 0
0 1 85 11 1 1
0 1 84 2 0 1
0 1 12 42 0 3
0 1 48 6 1 3
0 1 148 28 1 5
0 1 106 47 0 2
0 1 53 25 1 3
0 1 19 31 0 0
0 1 74 12 1 3
0 1 53 13 0 1
0 1 94 15 1 0
0 1 113 1 1 1
0 1 104 30 1 2
0 1 12 13 1 5
0 1 14 42 1 0
0 1 13 22 0 1
0 1 16 31 0 4
0 1 92 39 1 5
0 1 24 32 0 3
0 1 126 33 1 2
0 1 28 27 1 3
0 1 94 6 0 2
0 1 86 7 1 4
0 1 110 43 0 4
0 1 104 8 0 0
0 1 141 47 0 3
0 1 81 0 0 0
0 1 116 40 0 1
0 1 110 48 1 5
0 1 16 0 1 1
0 1 139 37 0 1
0 1 105 49 0 3
0 1 63 10 0 0
0 1 51 42 1 1
0 1 116 17 1 3
0 1 128 39 0 3
0 1 102 21 1 3
0 1 33 20 1 5
0 1 130 30 0 5
0 1 118 26 1 4
0 1 38 25 0 1
0 1 109 10 1 1
0 1 89 11 1 0
0 1 149 6 0 5
0 1 109 3 0 1
0 1 149 20 1 4
0 1 54 49 1 5
0 1 62 8 0 4
0 1 17 42 0 5
0 1 5 26 1 0
0 1 140 46 1 0
0 1 84 23 1 0
0 1 103 35 0 0
0 1 40 27 0 0
0 1 44 41 0 0
0 1 50 41 0 1
0 1 10 4 1 1
0 1 65 44 0 0
0 1 3 33 1 5
0 1 77 1 0 3
0 1 29 44 1 5
0 1 50 36 1 4
0 1 36 26 0 3
0 1 24 44 1 2
0 1 118 29 0 5
0 1 7 15 0 3
0 1 73 13 1 2
0 1 8 14 1 5
0 1 60 24 0 0
0 1 148 7 0 1
0 1 146 21 0 0
0 1 83 43 0 5
0 1 105 18 1 0
0 1 139 38 1 4
0 1 30 11 1 3
0 1 47 19 1 5
0 1 126 27 0 1
0 1 35 12 0 0
0 1 31 32 1 5
0 1 123 4 0 2
0 1 55 33 0 0
0 1 14 17 0 1
0 1 125 47 1 1
0 1 108 21 1 1
0 1 127 33 0 4
0 1 59 23 0 1
0 1 0 16 1 1
0 1 117 36 1 5
0 1 92 31 0 5
0 1 72 9 1 0
0 1 57 20 0 2
0 1 56 39 1 0
0 1 29 36 0 2
0 1 22 38 1 1
0 1 58 33 0 1
0 1 19 48 1 3
