0 1 16 32 0 1
0 1 1 44 0 4
0 1 75 20 0 1
0 1 8 4 0 2
0 1 46 0 0 4
0 1 10 34 0 1
0 1 139 16 1 0
0 1 130 22 1 5
0 1 2 44 1 0
0 1 53 7 1 0
0 1 133 40 0 3
0 1 18 22 1 4
0 1 143 1 0 4
0 1 119 13 1 1
0 1 27 24 0 3
0 1 112 6 0 2
0 1 38 41 1 2
0 1 75 42 1 4
0 1 69 48 0 1
0 1 2 6 0 1
0 1 113 11 1 5
0 1 55 38 1 4
0 1 97 7 0 2
0 1 34 21 0 1
0 1 84 34 1 4
0 1 20 10 0 3
0 1 104 30 1 0
0 1 69 30 1 5
0 1 4 10 0 2
0 1 118 2 0 0
0 1 142 4 0 1
0 1 11 45 0 0
0 1 102 27 0 0
0 1 64 3 1 2
0 1 149 9 1 1
0 1 132 37 0 3
0 1 96 36 1 4
0 1 59 19 0 3
0 1 81 43 1 2
0 1 13 43 0 0
0 1 126 29 1 3
0 1 40 18 1 0
0 1 65 46 1 4
0 1 101 38 1 5
0 1 147 12 0 1
0 1 82 49 1 2
0 1 84 26 0 2
0 1 6 14 0 2
0 1 9 33 0 3
0 1 119 33 0 2
0 1 109 32 0 2
0 1 8 19 1 1
0 1 100 8 0 3
0 1 141 26 1 4
0 1 80 43 1 5
0 1 125 3 1 4
0 1 123 14 0 1
0 1 141 2 0 4
0 1 24 39 0 3
0 1 83 22 0 1
0 1 138 48 1 3
0 1 56 31 1 3
0 1 25 47 1 1
0 1 53 43 0 1
0 1 85 26 1 3
0 1 32 17 0 1
0 1 77 15 0 0
0 1 17 22 0 3
0 1 25 45 0 2
0 1 41 32 0 4
0 1 94 49 0 0
0 1 36 31 0 5
0 1 101 0 0 2
0 1 104 27 0 2
0 1 52 1 1 5
0 1 9 0 1 1
0 1 116 47 0 3
0 1 77 9 1 5
0 1 125 39 0 1
0 1 116 23 1 2
0 1 4 20 1 4
0 1 65 38 0 3
0 1 105 41 0 5
0 1 57 5 0 4
0 1 49 42 1 0
0 1 115 17 0 4
0 1 126 18 0 5
0 1 72 11 0 3
0 1 147 40 1 4
0 1 23 37 1 4
0 1 107 34 1 3
0 1 135 4 1 4
0 1 45 36 0 2
0 1 36 24 1 5
0 1 45 16 1 3
0 1 89 23 1 1
0 1 89 18 0 3
0 1 79 3 1 5
0 1 14 8 0 0
0 1 63 12 1 4
0 1 103 11 1 0
0 1 137 14 1 4
0 1 110 33 1 0
0 1 1 25 1 2
0 1 54 46 1 3
0 1 112 35 1 1
0 1 42 43 1 4
0 1 22 28 1 5
0 1 33 1 0 2
0 1 121 29 1 5
0 1 96 16 0 1
0 1 19 1 1 1
0 1 28 25 0 4
0 1 43 35 1 2
0 1 32 30 1 3
0 1 114 13 0 0
0 1 97 48 1 4
0 1 103 0 0 5
0 1 74 45 0 5
0 1 128 39 0 2
0 1 137 17 0 0
0 1 21 1 1 0
0 1 117 6 0 3
0 1 92 47 0 2
0 1 12 41 0 1
0 1 33 17 1 2
0 1 31 21 1 2
0 1 35 27 1 3
0 1 29 9 0 0
0 1 76 35 0 4
0 1 134 15 1 4
0 1 3 5 1 2
0 1 42 37 0 0
0 1 11 5 1 3
0 1 136 36 0 1
0 1 47 29 0 2
0 1 28 35 1 3
0 1 129 2 0 5
0 1 57 34 1 5
0 1 3 38 0 1
0 1 15 15 1 2
0 1 146 22 1 2
0 1 138 12 0 0
0 1 94 28 1 4
0 1 122 47 0 5
0 1 67 5 1 1
0 1 135 39 0 0
0 1 10 14 1 5
0 1 22 25 0 0
0 1 123 37 1 5
0 1 46 48 1 2
0 1 83 14 1 0
0 1 102 24 1 2
0 1 39 10 1 1
0 1 59 19 1 0
0 1 90 6 1 0
0 1 71 8 1 2
0 1 73 31 0 1
0 1 62 32 1 5
0 1 39 30 0 4
0 1 120 7 0 1
0 1 95 13 0 5
0 1 14 20 1 2
0 1 66 21 1 0
0 1 50 4 1 0
0 1 108 15 0 1
0 1 131 8 0 1
0 1 145 34 0 2
0 1 132 42 1 2
0 1 105 24 1 0
0 1 30 20 0 5
0 1 86 9 0 4
0 1 37 42 1 1
0 1 98 18 0 4
0 1 24 39 1 5
0 1 38 41 0 3
0 1 78 27 1 4
0 1 52 19 0 2
0 1 67 28 0 1
0 1 121 41 0 4
0 1 81 23 0 0
0 1 87 18 1 2
0 1 15 49 0 3
0 1 72 42 1 5
0 1 146 7 0 4
0 1 78 16 0 2
0 1 26 26 1 1
0 1 62 17 0 3
0 1 60 21 1 5
0 1 106 0 0 0
0 1 64 3 0 1
0 1 29 28 1 2
0 1 0 5 1 5
0 1 56 26 0 5
0 1 71 38 0 0
0 1 92 36 1 0
0 1 12 2 1 2
0 1 110 44 0 3
0 1 136 37 1 2
0 1 140 28 0 3
0 1 21 31 0 4
0 1 66 46 0 2
0 1 127 40 1 0
0 1 23 24 0 1
0 1 5 39 0 4
0 1 148 40 0 1
0 1 49 8 0 5
0 1 88 13 1 2
0 1 51 13 1 3
0 1 7 11 0 1
0 1 47 33 1 5
0 1 54 19 0 5
0 1 35 7 0 3
0 1 79 15 0 5
0 1 90 45 0 1
0 1 124 25 1 3
0 1 108 29 1 0
0 1 93 47 0 4
0 1 140 34 1 0
0 1 5 31 1 0
0 1 70 27 0 1
0 1 117 42 1 3
0 1 27 11 1 2
0 1 87 32 0 0
0 1 144 11 0 4
0 1 86 3 1 0
0 1 129 10 1 5
0 1 120 49 1 5
0 1 16 16 1 4
0 1 55 44 0 5
0 1 70 20 1 3
0 1 109 23 1 4
0 1 100 9 1 3
0 1 115 49 1 4
0 1 73 35 1 0
0 1 34 30 1 2
0 1 111 46 0 5
0 1 128 12 1 3
0 1 148 25 1 1
0 1 122 12 1 2
0 1 98 23 1 5
0 1 58 3 1 3
0 1 118 21 1 3
0 1 143 29 1 4
0 1 48 10 1 0
0 1 106 26 1 0
0 1 48 2 0 3
0 1 20 48 1 5
0 1 60 45 0 3
0 1 95 4 1 3
0 1 113 40 0 2
0 1 99 33 1 4
0 1 142 36 1 5
0 1 74 31 1 2
0 1 26 44 0 2
0 1 144 41 1 0
0 1 134 46 0 1
0 1 7 33 1 1
0 1 51 2 0 1
0 1 82 48 0 0
0 1 30 44 1 1
0 1 91 30 1 1
0 1 114 49 1 1
0 1 6 22 1 0
0 1 41 4 1 5
0 1 58 32 0 3
0 1 0 17 0 5
0 1 85 18 0 1
0 1 76 46 1 0
0 1 44 24 1 4
