0 1 58 40 1 5
0 1 13 49 0 5
0 1 8 48 0 5
0 1 26 19 1 2
0 1 27 2 1 3
0 1 18 31 1 2
0 1 62 21 0 1
0 1 21 41 0 0
0 1 128 26 0 1
0 1 127 1 1 0
0 1 108 41 0 2
0 1 67 6 0 1
0 1 87 30 0 4
0 1 110 18 0 4
0 1 125 10 0 0
0 1 94 38 1 3
0 1 25 12 0 0
0 1 126 46 1 5
0 1 129 34 1 5
0 1 15 5 0 2
0 1 23 37 0 3
0 1 125 7 1 5
0 1 83 4 1 3
0 1 23 35 1 4
0 1 41 29 0 1
0 1 95 20 0 4
0 1 147 14 1 2
0 1 56 22 0 1
0 1 37 14 1 5
0 1 38 18 0 5
0 1 82 29 1 4
0 1 137 0 0 4
0 1 24 35 0 3
0 1 100 4 0 5
0 1 44 13 0 1
0 1 59 0 1 0
0 1 119 41 0 1
0 1 32 11 1 0
0 1 38 40 1 2
0 1 13 49 1 3
0 1 130 23 0 4
0 1 149 13 1 2
0 1 49 42 1 1
0 1 141 32 1 1
0 1 18 1 0 1
0 1 108 36 1 2
0 1 101 29 0 2
0 1 50 33 1 2
0 1 103 30 0 0
0 1 31 3 0 0
0 1 79 48 1 3
0 1 29 1 1 5
0 1 113 13 0 5
0 1 49 49 0 1
0 1 140 17 0 3
0 1 12 18 1 1
0 1 19 15 1 2
0 1 83 16 0 4
0 1 135 8 1 3
0 1 104 43 0 3
0 1 9 10 0 1
0 1 21 46 1 2
0 1 4 47 0 3
0 1 34 20 1 0
0 1 62 32 1 4
0 1 143 27 1 1
0 1 16 9 1 1
0 1 79 10 0 2
0 1 91 19 1 3
0 1 146 28 1 1
0 1 52 11 0 4
0 1 6 31 1 0
0 1 112 2 0 5
0 1 136 16 0 2
0 1 85 5 1 3
0 1 73 24 1 1
0 1 57 45 0 4
0 1 87 44 1 4
0 1 98 33 0 0
0 1 46 39 0 1
0 1 80 7 1 2
0 1 35 44 1 3
0 1 69 2 0 2
0 1 93 42 0 5
0 1 63 7 0 4
0 1 20 6 1 4
0 1 139 25 0 3
0 1 3 8 0 0
0 1 81 8 0 1
0 1 94 43 0 2
0 1 122 4 1 4
0 1 64 39 1 0
0 1 60 21 1 2
0 1 122 22 0 3
0 1 8 46 1 0
0 1 46 17 1 0
0 1 28 4 1 2
0 1 127 38 0 0
0 1 42 21 1 3
0 1 144 15 0 0
0 1 75 9 0 2
0 1 121 5 1 1
0 1 118 49 1 2
0 1 77 43 1 4
0 1 22 14 0 3
0 1 101 26 1 4
0 1 144 22 1 4
0 1 76 45 1 5
0 1 20 49 0 4
0 1 116 30 1 3
0 1 148 27 0 0
0 1 15 47 1 4
0 1 51 6 1 2
0 1 22 28 1 5
0 1 134 19 1 1
0 1 123 16 0 3
0 1 137 12 1 3
0 1 2 25 0 0
0 1 136 24 1 0
0 1 47 27 1 3
0 1 25 36 1 1
0 1 57 24 1 5
0 1 97 39 1 2
0 1 16 17 0 4
0 1 148 47 1 0
0 1 102 3 0 2
0 1 135 21 0 4
0 1 7 28 1 2
0 1 71 20 0 3
0 1 80 40 0 3
0 1 78 25 1 4
0 1 4 37 1 1
0 1 66 15 0 3
0 1 90 11 1 1
0 1 52 26 1 2
0 1 105 34 0 2
0 1 112 47 1 2
0 1 131 14 0 1
0 1 53 46 0 4
0 1 126 32 0 3
0 1 48 13 1 4
0 1 54 35 0 0
0 1 114 19 0 0
0 1 117 9 0 4
0 1 81 21 1 5
0 1 39 16 0 5
0 1 17 10 1 3
0 1 40 8 1 4
0 1 10 42 1 3
0 1 106 36 1 3
0 1 105 33 1 1
0 1 114 8 1 2
0 1 107 0 0 3
0 1 141 41 0 5
0 1 142 22 1 5
0 1 82 0 0 2
0 1 68 2 0 4
0 1 121 14 0 4
0 1 0 7 1 1
0 1 146 9 0 3
0 1 19 34 0 3
0 1 27 39 0 5
0 1 113 38 1 4
0 1 110 30 1 5
0 1 71 41 1 4
0 1 30 42 0 2
0 1 65 5 1 0
0 1 70 0 1 1
0 1 88 11 0 5
0 1 0 29 0 3
0 1 55 34 0 1
0 1 59 37 0 5
0 1 72 46 0 3
0 1 86 29 0 5
0 1 45 45 0 1
0 1 78 27 0 5
0 1 31 20 1 2
0 1 44 1 1 2
0 1 89 40 0 0
0 1 118 12 0 1
0 1 74 25 0 1
0 1 138 38 1 2
0 1 65 32 0 0
0 1 66 31 1 4
0 1 142 18 0 2
0 1 117 45 1 3
0 1 132 15 1 1
0 1 40 35 0 2
0 1 102 2 1 0
0 1 63 7 1 0
0 1 115 27 1 2
0 1 34 17 0 1
0 1 76 26 0 0
0 1 143 20 0 5
0 1 123 33 1 5
0 1 145 40 0 4
0 1 11 28 1 0
0 1 58 24 0 3
0 1 120 31 1 5
0 1 100 45 1 2
0 1 111 32 0 2
0 1 53 17 1 2
0 1 106 42 0 4
0 1 3 1 1 3
0 1 2 37 1 0
0 1 132 48 0 0
0 1 28 11 0 3
0 1 134 22 0 0
0 1 116 38 0 1
0 1 128 16 1 0
0 1 61 43 1 5
0 1 41 30 1 1
0 1 56 19 1 5
0 1 84 23 1 3
0 1 33 6 1 0
0 1 5 43 1 1
0 1 67 36 1 5
0 1 14 36 0 0
0 1 42 25 0 2
0 1 93 25 1 5
0 1 54 3 1 1
0 1 72 15 1 4
0 1 70 5 0 5
0 1 95 39 1 4
0 1 85 6 0 3
0 1 1 24 0 2
0 1 39 48 1 4
0 1 60 23 0 0
0 1 75 0 1 5
0 1 74 28 1 4
0 1 89 37 1 2
0 1 133 35 1 1
0 1 47 33 0 3
0 1 5 13 0 3
0 1 77 24 0 4
0 1 24 34 1 0
0 1 68 11 1 2
0 1 29 12 0 5
0 1 120 18 0 0
0 1 145 14 1 0
0 1 37 3 0 3
0 1 51 3 0 4
0 1 48 23 0 5
0 1 129 4 0 1
0 1 138 44 0 0
0 1 84 23 0 2
0 1 7 9 0 0
0 1 12 48 0 1
0 1 88 7 1 3
0 1 91 47 0 1
0 1 17 44 0 1
0 1 131 10 1 5
0 1 149 30 0 2
0 1 147 26 0 3
0 1 86 42 1 0
0 1 98 31 1 1
0 1 124 12 0 4
0 1 36 41 0 3
0 1 119 32 1 5
0 1 1 4 1 0
0 1 9 5 1 4
0 1 61 44 0 5
0 1 14 23 1 1
0 1 32 17 0 5
0 1 115 36 0 4
0 1 103 48 1 2
0 1 36 46 1 1
0 1 111 40 1 1
0 1 64 15 0 5
0 1 99 9 0 5
