0 1 114 38 0 5
0 1 73 26 1 2
0 1 55 34 0 4
0 1 80 46 0 3
0 1 12 30 1 3
0 1 86 14 1 1
0 1 61 6 1 1
0 1 129 28 1 2
0 1 24 6 1 2
0 1 125 25 0 5
0 1 29 49 1 1
0 1 51 15 0 5
0 1 40 46 0 4
0 1 17 13 0 3
0 1 77 32 0 0
0 1 142 22 0 3
0 1 2 45 1 0
0 1 100 42 1 0
0 1 36 2 1 0
0 1 78 18 1 1
0 1 3 31 1 4
0 1 89 33 1 2
0 1 83 28 0 3
0 1 21 45 0 3
0 1 143 15 0 0
0 1 132 44 1 0
0 1 41 0 0 1
0 1 4 12 0 5
0 1 93 4 0 5
0 1 89 20 0 0
0 1 140 7 0 3
0 1 85 20 0 1
0 1 128 49 1 2
0 1 55 35 1 1
0 1 54 1 0 4
0 1 136 34 0 2
0 1 74 37 1 5
0 1 129 43 0 2
0 1 124 49 0 3
0 1 13 19 0 4
0 1 90 39 1 3
0 1 69 7 1 4
0 1 83 10 1 2
0 1 54 24 1 4
0 1 48 24 1 0
0 1 4 13 1 1
0 1 105 5 1 5
0 1 16 16 1 5
0 1 53 35 1 2
0 1 49 17 1 1
0 1 48 0 0 4
0 1 63 38 1 4
0 1 33 27 1 4
0 1 60 44 1 4
0 1 101 4 0 0
0 1 76 11 0 0
0 1 1 31 1 0
0 1 106 42 1 5
0 1 108 36 0 3
0 1 121 25 1 3
0 1 37 26 0 5
0 1 5 31 1 5
0 1 104 16 0 0
0 1 107 23 1 1
0 1 1 11 0 1
0 1 113 37 1 0
0 1 115 28 1 5
0 1 85 9 1 1
0 1 33 7 0 1
0 1 36 45 0 2
0 1 116 47 0 0
0 1 50 45 1 4
0 1 139 17 0 4
0 1 6 14 1 0
0 1 5 11 0 3
0 1 49 32 0 2
0 1 42 20 1 2
0 1 98 19 1 2
0 1 105 26 0 0
0 1 13 33 1 1
0 1 69 10 0 5
0 1 135 32 0 3
0 1 20 6 0 4
0 1 11 22 0 4
0 1 68 29 0 4
0 1 147 23 0 2
0 1 79 17 0 0
0 1 56 30 1 1
0 1 90 5 0 3
0 1 50 39 0 5
0 1 96 48 1 4
0 1 25 23 0 4
0 1 130 20 1 5
0 1 62 3 0 0
0 1 47 29 1 3
0 1 71 21 0 4
0 1 20 29 1 2
0 1 51 3 1 3
0 1 23 37 1 3
0 1 81 21 1 3
0 1 52 39 0 2
0 1 9 39 1 4
0 1 26 26 1 3
0 1 117 12 1 2
0 1 75 10 1 3
0 1 93 5 1 1
0 1 23 47 0 1
0 1 39 12 1 0
0 1 131 7 1 5
0 1 78 33 0 3
0 1 148 9 1 4
0 1 82 42 0 1
0 1 137 43 1 5
0 1 139 21 1 1
0 1 27 12 0 4
0 1 80 24 1 3
0 1 18 8 0 4
0 1 111 17 0 5
0 1 65 27 0 0
0 1 10 44 0 1
0 1 72 22 0 5
0 1 77 40 1 3
0 1 98 1 0 3
0 1 134 41 0 1
0 1 82 3 1 2
0 1 99 27 0 1
0 1 119 36 0 4
0 1 92 44 1 2
0 1 15 8 0 0
0 1 46 19 1 3
0 1 135 43 1 1
0 1 46 40 0 2
0 1 145 22 0 1
0 1 99 14 1 3
0 1 0 32 1 5
0 1 103 16 1 4
0 1 102 19 0 1
0 1 111 35 1 4
0 1 118 0 0 0
0 1 126 41 0 5
0 1 67 33 1 4
0 1 43 34 1 3
0 1 121 48 0 0
0 1 53 37 0 2
0 1 144 4 0 4
0 1 58 4 0 1
0 1 110 10 1 0
0 1 95 3 0 4
0 1 40 38 1 1
0 1 7 38 1 3
0 1 128 13 0 2
0 1 103 0 0 3
0 1 88 37 0 4
0 1 146 18 1 5
0 1 38 23 1 0
0 1 120 40 0 4
0 1 96 14 0 2
0 1 17 41 1 2
0 1 126 0 1 5
0 1 16 33 0 5
0 1 125 43 1 0
0 1 130 12 0 3
0 1 62 49 1 0
0 1 112 15 1 4
0 1 59 21 0 2
0 1 86 6 0 5
0 1 147 5 1 0
0 1 65 36 1 2
0 1 76 8 1 1
0 1 12 13 0 4
0 1 60 47 0 2
0 1 109 3 0 1
0 1 140 34 1 1
0 1 149 28 1 4
0 1 57 24 1 2
0 1 87 18 0 0
0 1 92 17 0 2
0 1 8 15 0 2
0 1 31 47 1 4
0 1 100 5 0 2
0 1 104 46 1 0
0 1 52 8 1 3
0 1 31 10 0 1
0 1 32 18 1 4
0 1 28 45 1 5
0 1 22 14 0 4
0 1 109 15 1 1
0 1 81 27 0 5
0 1 122 9 0 3
0 1 61 47 0 5
0 1 127 38 0 0
0 1 27 30 1 5
0 1 66 11 0 2
0 1 107 40 0 5
0 1 118 42 1 2
0 1 37 29 1 1
0 1 145 28 1 1
0 1 58 31 1 1
0 1 133 7 1 2
0 1 108 39 1 1
0 1 144 11 1 5
0 1 84 31 0 2
0 1 72 48 1 1
0 1 123 25 1 0
0 1 87 27 1 2
0 1 68 48 1 5
0 1 71 42 1 4
0 1 112 9 0 5
0 1 34 35 1 0
0 1 47 4 0 2
0 1 7 1 0 0
0 1 64 2 1 4
0 1 142 41 1 0
0 1 19 24 1 5
0 1 0 18 0 2
0 1 19 30 0 4
0 1 117 35 0 5
0 1 32 21 0 5
0 1 102 36 1 0
0 1 74 1 0 1
0 1 136 36 1 1
0 1 124 6 1 3
0 1 28 4 0 3
0 1 70 41 0 4
0 1 41 9 1 2
0 1 14 25 0 1
0 1 94 18 0 3
0 1 79 34 1 0
0 1 97 2 0 5
0 1 39 19 0 5
0 1 67 40 0 1
0 1 2 32 0 1
0 1 25 12 1 1
0 1 44 20 0 4
0 1 143 20 1 3
0 1 113 26 0 1
0 1 26 16 0 3
0 1 59 25 1 2
0 1 14 16 1 1
0 1 134 36 1 5
0 1 119 8 1 2
0 1 132 44 0 5
0 1 35 30 0 2
0 1 141 6 0 0
0 1 91 1 0 2
0 1 114 49 1 4
0 1 45 22 0 2
0 1 29 2 0 2
0 1 30 13 0 5
0 1 44 48 1 3
0 1 95 46 1 1
0 1 84 24 1 1
0 1 149 34 0 5
0 1 110 29 0 0
0 1 38 2 0 3
0 1 115 46 0 5
0 1 21 2 1 1
0 1 8 43 1 4
0 1 123 42 0 3
0 1 73 32 0 4
0 1 141 29 1 5
0 1 22 45 1 1
0 1 131 9 0 0
0 1 133 1 0 5
0 1 146 23 0 5
0 1 57 46 0 2
0 1 42 7 0 0
0 1 10 13 1 0
0 1 6 23 0 3
0 1 9 19 0 0
