0 1 137 7 1 1
0 1 89 15 0 1
0 1 33 0 0 1
0 1 20 22 1 0
0 1 92 10 0 1
0 1 76 47 1 3
0 1 59 39 0 0
0 1 31 36 1 2
0 1 52 10 0 5
0 1 21 5 1 5
0 1 131 7 0 4
0 1 130 34 1 5
0 1 124 44 1 1
0 1 4 23 0 5
0 1 77 21 0 0
0 1 106 45 0 2
0 1 143 38 0 0
0 1 10 49 0 3
0 1 145 6 1 5
0 1 119 12 1 5
0 1 37 18 0 4
0 1 115 45 1 3
0 1 33 26 1 2
0 1 144 26 0 0
0 1 138 2 0 0
0 1 73 7 1 0
0 1 48 46 1 5
0 1 78 37 1 2
0 1 84 40 1 0
0 1 139 30 1 5
0 1 142 32 1 1
0 1 9 31 0 2
0 1 55 25 1 1
0 1 64 3 1 4
0 1 28 35 1 4
0 1 129 30 1 0
0 1 52 19 1 0
0 1 69 6 1 0
0 1 148 42 1 4
0 1 107 19 0 1
0 1 36 39 0 4
0 1 61 13 1 2
0 1 13 27 0 4
0 1 26 8 1 5
0 1 82 18 1 5
0 1 107 21 1 4
0 1 88 4 1 1
0 1 139 14 0 2
0 1 36 8 1 3
0 1 88 29 0 0
0 1 79 46 0 4
0 1 40 49 0 2
0 1 113 33 0 2
0 1 63 15 0 2
0 1 116 37 0 0
0 1 57 18 0 1
0 1 44 8 0 0
0 1 115 17 0 3
0 1 35 1 0 2
0 1 56 1 0 0
0 1 11 41 0 4
0 1 93 38 0 4
0 1 94 20 1 0
0 1 60 9 1 3
0 1 134 6 0 1
0 1 53 23 0 3
0 1 91 13 1 0
0 1 148 28 0 2
0 1 85 44 1 2
0 1 68 29 1 2
0 1 32 5 1 3
0 1 111 11 0 3
0 1 112 0 0 3
0 1 14 43 1 3
0 1 35 25 1 5
0 1 128 14 1 1
0 1 81 40 1 3
0 1 18 48 0 1
0 1 78 11 0 0
0 1 100 15 0 0
0 1 110 38 0 2
0 1 13 22 1 1
0 1 56 5 1 2
0 1 121 48 1 0
0 1 8 1 0 5
0 1 104 34 0 1
0 1 140 17 1 5
0 1 83 23 0 2
0 1 50 16 1 5
0 1 58 31 0 3
0 1 39 16 1 1
0 1 81 2 0 5
0 1 121 27 0 2
0 1 74 43 0 4
0 1 2 28 0 3
0 1 75 21 0 5
0 1 95 9 0 2
0 1 0 45 1 4
0 1 83 6 1 2
0 1 28 39 0 3
0 1 50 41 0 1
0 1 119 22 0 2
0 1 144 35 1 5
0 1 131 42 1 2
0 1 138 47 1 1
0 1 15 24 1 1
0 1 46 22 0 3
0 1 80 47 1 4
0 1 129 17 0 0
0 1 62 47 0 5
0 1 23 37 1 5
0 1 149 43 0 2
0 1 116 29 1 4
0 1 102 46 0 1
0 1 24 33 1 3
0 1 64 14 0 0
0 1 63 4 1 3
0 1 90 8 0 2
0 1 103 11 0 2
0 1 72 21 1 1
0 1 126 15 1 4
0 1 97 36 0 5
0 1 26 37 0 1
0 1 124 29 0 1
0 1 8 49 1 4
0 1 100 38 1 1
0 1 17 37 1 3
0 1 42 39 0 5
0 1 97 5 1 1
0 1 132 12 0 1
0 1 38 30 0 4
0 1 95 48 1 5
0 1 74 12 1 2
0 1 20 44 0 5
0 1 43 6 1 3
0 1 130 7 0 2
0 1 40 34 1 4
0 1 123 11 1 1
0 1 16 25 1 4
0 1 137 7 0 5
0 1 101 19 0 5
0 1 98 41 1 2
0 1 73 25 0 3
0 1 109 41 0 3
0 1 118 20 0 3
0 1 44 28 1 4
0 1 133 0 0 5
0 1 108 28 0 5
0 1 93 2 1 2
0 1 34 26 0 5
0 1 38 45 1 0
0 1 59 10 1 2
0 1 120 27 0 1
0 1 31 4 0 4
0 1 113 12 1 4
0 1 60 20 0 5
0 1 134 34 1 0
0 1 76 49 0 0
0 1 125 9 0 5
0 1 92 34 1 3
0 1 57 16 1 2
0 1 87 4 0 0
0 1 43 1 0 4
0 1 12 43 1 1
0 1 132 15 1 3
0 1 22 5 0 0
0 1 37 22 1 4
0 1 112 46 1 2
0 1 94 23 0 1
0 1 51 48 0 4
0 1 71 27 1 3
0 1 127 40 0 5
0 1 16 33 0 5
0 1 25 44 0 3
0 1 77 47 1 0
0 1 126 14 0 4
0 1 89 20 1 4
0 1 30 32 0 0
0 1 105 20 0 1
0 1 147 16 0 4
0 1 29 31 1 4
0 1 23 19 0 3
0 1 54 13 0 1
0 1 17 36 0 4
0 1 47 33 1 0
0 1 135 32 0 2
0 1 14 35 0 2
0 1 1 23 1 4
0 1 54 31 1 1
0 1 99 30 1 1
0 1 67 42 1 3
0 1 140 35 0 1
0 1 141 14 1 3
0 1 41 19 0 4
0 1 133 16 1 3
0 1 149 26 1 4
0 1 65 20 1 2
0 1 84 13 0 3
0 1 103 17 1 2
0 1 109 43 1 0
0 1 62 9 1 0
0 1 45 24 0 2
0 1 117 8 0 1
0 1 145 10 0 4
0 1 69 17 0 4
0 1 146 4 0 2
0 1 65 0 0 0
0 1 29 12 0 3
0 1 27 42 1 5
0 1 70 27 1 5
0 1 110 6 1 4
0 1 87 24 1 4
0 1 0 21 0 2
0 1 48 2 0 4
0 1 6 28 1 1
0 1 4 13 1 5
0 1 120 25 1 2
0 1 7 44 1 0
0 1 41 10 1 3
0 1 58 3 1 2
0 1 147 41 1 5
0 1 45 1 1 3
0 1 86 40 0 1
0 1 68 18 0 0
0 1 105 0 1 4
0 1 19 11 0 5
0 1 141 36 0 1
0 1 51 9 1 4
0 1 61 45 0 5
0 1 123 23 0 0
0 1 30 18 1 2
0 1 99 45 0 1
0 1 106 34 1 2
0 1 3 14 0 5
0 1 6 39 0 2
0 1 136 48 1 3
0 1 18 46 1 3
0 1 27 32 0 3
0 1 34 32 1 4
0 1 39 49 0 5
0 1 118 35 1 3
0 1 143 3 1 5
0 1 21 24 0 5
0 1 42 44 1 4
0 1 66 2 1 3
0 1 5 3 1 3
0 1 67 3 0 0
0 1 46 29 1 5
0 1 7 33 0 4
0 1 15 26 0 3
0 1 127 24 1 3
0 1 146 32 1 5
0 1 82 30 0 2
0 1 122 31 1 0
0 1 142 39 0 1
0 1 122 43 0 5
0 1 98 12 0 0
0 1 70 40 0 2
0 1 5 28 0 0
0 1 2 7 1 3
0 1 19 38 1 3
0 1 75 46 1 0
0 1 117 13 1 4
0 1 90 31 1 5
0 1 72 37 0 4
0 1 22 42 1 1
0 1 66 36 0 0
0 1 9 49 1 1
0 1 71 38 0 5
0 1 114 2 1 1
