0 1 54 31 1 1
0 1 125 38 1 4
0 1 24 9 1 5
0 1 6 44 0 4
0 1 84 0 0 4
0 1 84 20 1 0
0 1 18 23 1 3
0 1 42 2 0 0
0 1 112 12 0 4
0 1 26 39 0 2
0 1 5 7 1 5
0 1 100 30 0 5
0 1 55 16 0 1
0 1 78 36 1 1
0 1 130 21 0 0
0 1 145 4 0 2
0 1 70 14 0 4
0 1 119 11 0 1
0 1 93 37 1 2
0 1 124 37 1 5
0 1 41 0 1 3
0 1 83 4 1 4
0 1 81 48 0 5
0 1 73 2 0 4
0 1 49 41 1 3
0 1 13 18 1 0
0 1 16 40 0 5
0 1 144 12 1 3
0 1 62 48 0 0
0 1 146 27 0 5
0 1 74 23 0 4
0 1 21 28 0 2
0 1 132 47 1 0
0 1 31 24 1 3
0 1 124 27 0 3
0 1 71 40 1 4
0 1 117 22 0 1
0 1 48 1 1 4
0 1 138 46 0 3
0 1 47 22 0 5
0 1 118 13 1 3
0 1 51 44 1 0
0 1 97 17 1 0
0 1 34 40 1 3
0 1 102 19 1 2
0 1 131 8 1 3
0 1 146 24 1 2
0 1 56 43 1 0
0 1 104 33 0 3
0 1 42 24 1 1
0 1 107 45 1 1
0 1 67 20 0 2
0 1 105 46 0 4
0 1 66 36 0 4
0 1 80 15 1 2
0 1 99 32 0 3
0 1 57 17 0 5
0 1 100 10 1 0
0 1 108 45 1 2
0 1 65 42 0 3
0 1 53 34 0 4
0 1 35 16 1 0
0 1 118 35 0 5
0 1 142 8 1 0
0 1 103 17 1 2
0 1 26 11 1 0
0 1 94 26 0 1
0 1 14 18 0 1
0 1 52 13 0 2
0 1 74 7 1 0
0 1 33 6 1 4
0 1 25 3 1 3
0 1 23 28 1 1
0 1 48 15 0 1
0 1 10 5 0 0
0 1 18 42 0 1
0 1 116 30 1 2
0 1 0 5 1 4
0 1 59 43 1 2
0 1 46 11 1 5
0 1 149 34 0 1
0 1 98 0 0 5
0 1 3 21 0 4
0 1 9 29 1 0
0 1 12 47 0 2
0 1 50 24 1 4
0 1 82 49 1 0
0 1 116 16 0 4
0 1 103 32 0 2
0 1 126 45 0 5
0 1 76 9 1 1
0 1 105 23 1 0
0 1 32 22 1 2
0 1 63 15 1 5
0 1 108 38 0 0
0 1 134 1 1 2
0 1 2 10 0 5
0 1 127 20 1 3
0 1 62 31 1 4
0 1 8 4 0 0
0 1 102 6 0 5
0 1 88 7 0 2
0 1 127 32 0 1
0 1 43 39 0 3
0 1 136 46 1 2
0 1 30 19 1 1
0 1 110 48 1 4
0 1 66 23 1 1
0 1 64 35 1 0
0 1 28 41 0 2
0 1 32 29 0 4
0 1 68 0 0 2
0 1 30 33 0 4
0 1 147 1 1 5
0 1 65 6 1 0
0 1 129 45 0 3
0 1 15 5 0 1
0 1 139 14 1 2
0 1 35 21 0 3
0 1 114 8 0 4
0 1 0 42 0 4
0 1 87 14 1 0
0 1 133 29 0 2
0 1 123 15 1 4
0 1 119 0 1 0
0 1 15 26 1 0
0 1 16 12 1 0
0 1 23 11 0 4
0 1 21 19 1 5
0 1 11 2 1 1
0 1 96 3 0 1
0 1 50 25 0 0
0 1 142 7 0 1
0 1 132 5 0 3
0 1 37 10 0 4
0 1 31 33 0 1
0 1 4 27 0 4
0 1 135 27 0 2
0 1 9 29 0 5
0 1 39 47 0 1
0 1 86 28 1 0
0 1 94 16 1 5
0 1 2 35 1 2
0 1 72 20 1 4
0 1 34 28 0 3
0 1 6 31 1 0
0 1 148 46 1 0
0 1 122 10 1 2
0 1 7 8 1 1
0 1 27 3 1 2
0 1 122 25 0 3
0 1 44 35 1 1
0 1 59 41 0 0
0 1 101 48 0 3
0 1 98 44 1 2
0 1 69 12 0 5
0 1 134 49 0 2
0 1 56 38 0 3
0 1 140 18 1 2
0 1 33 2 0 3
0 1 17 13 1 1
0 1 139 3 0 4
0 1 128 37 1 3
0 1 7 9 0 4
0 1 58 45 1 4
0 1 45 36 1 5
0 1 78 9 0 2
0 1 125 27 0 0
0 1 121 44 1 1
0 1 126 7 1 3
0 1 55 4 1 3
0 1 76 43 0 5
0 1 96 40 1 2
0 1 82 26 0 3
0 1 69 49 1 4
0 1 93 14 0 3
0 1 149 37 1 4
0 1 61 46 0 5
0 1 13 4 0 1
0 1 113 49 0 3
0 1 29 20 0 1
0 1 24 13 0 4
0 1 40 45 0 0
0 1 12 5 1 2
0 1 60 36 0 2
0 1 72 34 0 5
0 1 79 21 0 1
0 1 88 14 1 1
0 1 109 22 0 0
0 1 77 43 0 1
0 1 40 43 1 3
0 1 110 10 0 3
0 1 49 1 0 0
0 1 104 39 1 0
0 1 145 38 1 1
0 1 91 26 0 2
0 1 128 34 0 3
0 1 61 17 1 1
0 1 137 24 0 5
0 1 63 32 0 5
0 1 115 3 0 0
0 1 95 34 0 2
0 1 141 39 1 1
0 1 117 33 1 0
0 1 86 22 0 3
0 1 79 39 1 4
0 1 113 19 1 0
0 1 111 19 0 4
0 1 28 16 1 3
0 1 80 44 0 3
0 1 29 31 1 2
0 1 47 23 1 2
0 1 112 18 1 5
0 1 81 47 1 4
0 1 11 41 0 5
0 1 135 31 1 5
0 1 44 9 0 3
0 1 1 4 0 5
0 1 20 10 1 1
0 1 46 36 0 0
0 1 17 48 0 1
0 1 121 17 0 4
0 1 89 3 0 5
0 1 64 5 0 5
0 1 85 21 0 5
0 1 38 18 0 4
0 1 10 30 1 1
0 1 53 0 1 1
0 1 22 28 1 5
0 1 36 2 0 5
0 1 95 25 1 1
0 1 75 29 1 3
0 1 83 35 0 3
0 1 8 47 1 5
0 1 89 25 1 5
0 1 106 30 1 0
0 1 41 38 0 2
0 1 99 12 1 1
0 1 20 9 0 0
0 1 67 30 1 3
0 1 90 42 0 2
0 1 109 11 1 2
0 1 131 32 0 0
0 1 43 25 1 2
0 1 75 8 0 2
0 1 73 31 1 3
0 1 60 6 1 1
0 1 87 26 0 4
0 1 14 13 1 5
0 1 19 17 0 3
0 1 52 33 1 2
0 1 91 6 1 2
0 1 39 37 1 1
0 1 144 40 0 0
0 1 141 1 0 1
0 1 3 34 1 0
0 1 57 26 1 5
0 1 77 49 1 1
0 1 90 41 1 1
0 1 54 47 0 3
0 1 58 49 0 5
0 1 129 42 1 0
0 1 133 15 1 0
0 1 5 46 0 1
0 1 136 38 0 5
0 1 140 7 0 4
0 1 71 25 0 4
0 1 45 6 0 3
0 1 123 33 0 5
0 1 51 27 0 1
