0 1 59 5 1 0
0 1 68 34 0 5
0 1 140 43 0 2
0 1 141 42 0 5
0 1 67 30 0 4
0 1 65 8 1 2
0 1 138 2 0 3
0 1 126 49 1 4
0 1 0 38 0 5
0 1 4 18 0 5
0 1 96 9 0 3
0 1 40 30 1 3
0 1 31 28 1 5
0 1 54 22 1 4
0 1 122 13 0 0
0 1 85 40 1 3
0 1 36 13 0 4
0 1 120 31 0 4
0 1 80 18 0 2
0 1 63 6 0 5
0 1 74 7 1 1
0 1 19 42 1 3
0 1 100 41 1 0
0 1 19 3 0 1
0 1 88 17 1 3
0 1 137 15 0 5
0 1 28 43 0 3
0 1 23 12 0 1
0 1 123 21 0 0
0 1 92 14 0 5
0 1 119 31 0 2
0 1 57 10 1 2
0 1 44 32 0 4
0 1 69 5 1 5
0 1 101 3 1 3
0 1 117 12 1 4
0 1 125 49 1 2
0 1 115 49 1 3
0 1 48 45 0 1
0 1 2 8 1 1
0 1 17 17 0 0
0 1 37 4 1 1
0 1 20 10 1 4
0 1 62 2 0 5
0 1 15 6 0 4
0 1 95 48 0 2
0 1 126 26 0 1
0 1 12 23 0 4
0 1 121 22 1 2
0 1 129 17 0 4
0 1 140 10 1 5
0 1 33 10 0 0
0 1 106 25 0 3
0 1 5 24 1 0
0 1 27 6 1 1
0 1 133 27 1 0
0 1 52 34 0 3
0 1 83 39 1 2
0 1 94 22 0 5
0 1 128 25 0 1
0 1 149 8 0 3
0 1 3 48 1 5
0 1 113 19 1 1
0 1 124 16 0 2
0 1 60 29 1 3
0 1 30 47 0 1
0 1 124 1 1 1
0 1 87 7 0 0
0 1 65 23 0 5
0 1 132 1 1 5
0 1 44 11 1 3
0 1 147 29 1 5
0 1 46 37 1 4
0 1 56 20 1 2
0 1 5 14 0 2
0 1 122 4 1 3
0 1 143 39 1 3
0 1 81 32 1 3
0 1 137 40 1 2
0 1 11 37 1 1
0 1 72 41 1 4
0 1 80 35 1 1
0 1 107 34 1 2
0 1 24 49 0 5
0 1 82 0 1 2
0 1 97 44 0 3
0 1 40 15 0 4
0 1 1 37 1 2
0 1 38 26 0 4
0 1 20 39 0 0
0 1 41 33 0 4
0 1 89 44 0 1
0 1 148 29 1 0
0 1 142 37 0 5
0 1 83 41 0 5
0 1 73 16 1 1
0 1 78 30 1 1
0 1 131 2 0 0
0 1 149 20 1 1
0 1 34 21 1 2
0 1 35 36 0 4
0 1 22 36 0 2
0 1 116 48 1 1
0 1 94 43 1 1
0 1 32 46 0 0
0 1 48 8 1 0
0 1 38 18 1 1
0 1 24 28 1 0
0 1 15 8 1 5
0 1 134 21 1 4
0 1 49 44 0 4
0 1 93 29 1 2
0 1 36 3 1 5
0 1 46 23 0 2
0 1 61 46 1 5
0 1 132 32 0 1
0 1 141 41 1 1
0 1 9 21 1 3
0 1 104 16 0 5
0 1 34 11 0 0
0 1 75 4 0 5
0 1 110 4 1 2
0 1 31 35 0 5
0 1 86 1 1 0
0 1 109 7 1 3
0 1 45 32 0 5
0 1 67 0 1 3
0 1 105 31 1 5
0 1 68 11 1 1
0 1 41 28 1 1
0 1 28 9 1 5
0 1 88 18 0 0
0 1 143 17 0 5
0 1 66 20 1 0
0 1 99 25 0 0
0 1 72 14 0 4
0 1 89 4 1 4
0 1 79 19 0 0
0 1 102 34 1 1
0 1 108 25 1 2
0 1 98 0 0 1
0 1 136 19 0 2
0 1 58 6 1 0
0 1 136 28 1 4
0 1 127 39 0 1
0 1 71 33 1 2
0 1 53 43 0 0
0 1 138 36 1 5
0 1 73 30 0 5
0 1 42 13 0 2
0 1 96 7 1 5
0 1 106 36 1 0
0 1 129 20 1 4
0 1 35 42 1 0
0 1 135 23 1 3
0 1 84 48 1 3
0 1 50 37 1 0
0 1 2 45 0 2
0 1 103 40 0 0
0 1 107 35 0 3
0 1 115 23 0 1
0 1 110 21 0 5
0 1 10 29 1 1
0 1 121 9 0 2
0 1 91 22 1 1
0 1 10 27 0 1
0 1 3 26 0 2
0 1 61 5 0 1
0 1 50 27 0 2
0 1 7 25 0 5
0 1 32 18 1 4
0 1 84 12 0 2
0 1 148 9 0 0
0 1 33 12 1 5
0 1 6 27 0 3
0 1 29 11 1 2
0 1 127 19 1 5
0 1 76 3 0 4
0 1 125 42 0 1
0 1 43 12 0 0
0 1 81 11 0 4
0 1 13 14 0 0
0 1 25 44 0 0
0 1 13 0 1 0
0 1 75 0 1 4
0 1 128 45 1 3
0 1 16 38 0 3
0 1 21 28 0 3
0 1 101 38 0 1
0 1 59 46 0 4
0 1 47 16 0 4
0 1 111 48 1 4
0 1 18 38 1 2
0 1 23 46 1 3
0 1 69 5 0 3
0 1 93 15 0 3
0 1 105 2 0 2
0 1 17 22 1 0
0 1 70 27 0 4
0 1 82 35 0 2
0 1 113 49 0 1
0 1 104 47 1 4
0 1 70 5 1 2
0 1 55 14 0 1
0 1 64 46 0 1
0 1 135 24 0 1
0 1 97 43 1 5
0 1 54 38 0 4
0 1 130 10 0 3
0 1 37 24 0 5
0 1 118 13 1 3
0 1 131 26 1 5
0 1 91 33 0 0
0 1 39 30 1 2
0 1 109 16 0 3
0 1 87 26 1 0
0 1 76 41 1 2
0 1 98 7 1 2
0 1 45 24 1 3
0 1 0 13 1 5
0 1 77 6 0 2
0 1 14 9 1 4
0 1 66 32 0 0
0 1 120 31 1 3
0 1 99 33 1 1
0 1 53 19 1 4
0 1 71 44 0 5
0 1 142 42 1 2
0 1 1 47 0 3
0 1 90 15 1 2
0 1 86 1 0 4
0 1 144 17 1 2
0 1 147 15 0 0
0 1 42 47 1 5
0 1 22 31 1 1
0 1 25 40 1 5
0 1 119 36 1 1
0 1 112 24 1 4
0 1 77 45 1 5
0 1 8 32 0 2
0 1 117 1 0 3
0 1 9 20 0 5
0 1 51 45 0 0
0 1 39 30 0 0
0 1 29 39 0 4
0 1 108 2 0 1
0 1 114 13 1 1
0 1 26 35 1 0
0 1 95 40 1 1
0 1 4 24 1 2
0 1 11 3 0 0
0 1 112 34 0 4
0 1 56 31 0 0
0 1 49 33 1 5
0 1 116 48 0 0
0 1 43 38 1 0
0 1 103 9 1 1
0 1 30 42 1 4
0 1 47 1 1 2
0 1 139 27 1 5
0 1 51 20 1 3
0 1 146 23 0 0
0 1 79 47 1 0
0 1 118 44 0 2
0 1 18 35 0 4
0 1 60 18 0 3
0 1 144 46 0 2
0 1 62 49 1 0
0 1 7 28 1 2
0 1 6 33 1 3
