0 1 78 40 1 3
0 1 116 31 1 2
0 1 139 38 0 3
0 1 118 17 1 1
0 1 6 26 0 2
0 1 44 2 0 3
0 1 100 25 0 2
0 1 11 1 1 5
0 1 117 47 0 5
0 1 107 44 1 4
0 1 145 30 0 1
0 1 44 28 1 5
0 1 64 36 1 5
0 1 102 39 0 2
0 1 9 26 1 5
0 1 118 19 0 0
0 1 28 44 1 2
0 1 140 24 0 0
0 1 86 13 1 0
0 1 49 0 1 1
0 1 35 3 1 0
0 1 131 7 1 5
0 1 135 37 0 1
0 1 19 41 0 3
0 1 79 25 1 3
0 1 73 5 1 2
0 1 11 18 0 1
0 1 36 46 0 3
0 1 34 13 1 3
0 1 84 35 0 4
0 1 104 10 0 2
0 1 123 11 1 4
0 1 29 16 1 0
0 1 129 48 1 4
0 1 29 16 0 1
0 1 67 45 0 5
0 1 101 31 0 3
0 1 24 44 1 1
0 1 138 43 0 3
0 1 55 32 1 0
0 1 79 3 0 3
0 1 111 27 1 1
0 1 39 5 0 3
0 1 31 25 0 1
0 1 13 6 1 0
0 1 61 11 0 5
0 1 10 6 0 4
0 1 134 36 0 4
0 1 141 25 0 5
0 1 7 4 0 3
0 1 96 15 0 4
0 1 87 0 1 0
0 1 111 49 0 5
0 1 0 29 0 1
0 1 60 45 1 4
0 1 48 22 1 4
0 1 17 33 0 1
0 1 4 12 0 0
0 1 84 42 1 0
0 1 33 34 0 1
0 1 146 26 0 3
0 1 145 39 1 1
0 1 43 40 0 2
0 1 72 15 1 5
0 1 45 1 0 4
0 1 97 28 1 2
0 1 137 23 0 3
0 1 59 11 1 3
0 1 114 8 0 5
0 1 47 20 0 4
0 1 60 15 0 1
0 1 125 29 1 5
0 1 121 20 1 2
0 1 148 21 0 1
0 1 147 2 1 4
0 1 105 46 0 1
0 1 31 42 1 5
0 1 47 33 1 0
0 1 122 48 1 3
0 1 41 29 1 3
0 1 141 38 1 1
0 1 93 24 1 4
0 1 85 21 0 5
0 1 71 9 0 5
0 1 57 30 1 0
0 1 57 2 0 1
0 1 105 45 1 1
0 1 35 23 0 1
0 1 73 14 0 2
0 1 88 36 1 2
0 1 112 17 1 4
0 1 137 35 1 5
0 1 33 49 1 4
0 1 45 24 1 5
0 1 77 18 1 5
0 1 18 10 0 4
0 1 90 23 0 4
0 1 71 28 1 1
0 1 126 9 1 2
0 1 41 17 0 3
0 1 16 43 1 1
0 1 91 3 1 5
0 1 138 19 1 4
0 1 121 28 0 3
0 1 94 5 1 0
0 1 95 18 1 2
0 1 106 37 1 0
0 1 97 5 0 4
0 1 144 22 0 0
0 1 113 15 1 0
0 1 82 4 0 4
0 1 113 24 0 2
0 1 59 42 0 2
0 1 38 38 1 4
0 1 62 0 1 5
0 1 22 8 0 1
0 1 74 37 0 3
0 1 117 9 1 0
0 1 66 38 0 0
0 1 3 41 0 0
0 1 4 41 1 4
0 1 99 40 1 0
0 1 40 14 0 5
0 1 140 41 1 1
0 1 63 1 1 1
0 1 126 6 0 1
0 1 37 33 0 4
0 1 99 40 0 4
0 1 143 32 1 1
0 1 93 27 0 5
0 1 17 0 1 4
0 1 148 22 1 3
0 1 132 32 0 2
0 1 80 8 0 3
0 1 23 33 0 2
0 1 32 48 0 1
0 1 123 20 0 3
0 1 52 39 0 4
0 1 76 35 1 3
0 1 103 23 0 2
0 1 21 17 1 2
0 1 144 3 1 4
0 1 142 4 1 2
0 1 1 49 1 0
0 1 15 27 0 3
0 1 62 11 0 1
0 1 14 9 1 1
0 1 146 21 1 3
0 1 81 7 1 4
0 1 43 7 1 3
0 1 124 2 0 2
0 1 66 7 1 0
0 1 76 31 0 0
0 1 3 13 1 5
0 1 26 4 1 1
0 1 46 14 1 0
0 1 136 0 1 2
0 1 67 22 1 2
0 1 69 37 1 2
0 1 131 37 0 4
0 1 103 12 1 3
0 1 23 8 1 4
0 1 122 43 0 5
0 1 136 4 0 5
0 1 36 6 1 2
0 1 135 35 1 2
0 1 49 10 0 5
0 1 48 30 0 5
0 1 106 1 0 0
0 1 50 19 1 3
0 1 139 39 1 0
0 1 75 20 1 0
0 1 102 48 1 5
0 1 19 26 1 4
0 1 110 6 1 3
0 1 116 30 0 4
0 1 38 12 0 2
0 1 90 45 1 3
0 1 109 32 0 5
0 1 42 22 1 5
0 1 1 31 0 4
0 1 8 17 1 0
0 1 25 43 0 2
0 1 58 19 0 2
0 1 89 18 1 4
0 1 61 48 1 0
0 1 101 44 1 5
0 1 65 35 0 1
0 1 52 14 1 4
0 1 21 1 0 2
0 1 133 46 1 2
0 1 75 47 0 4
0 1 7 40 1 5
0 1 112 14 0 1
0 1 68 34 1 4
0 1 86 23 0 0
0 1 18 46 1 0
0 1 120 18 0 3
0 1 69 27 0 4
0 1 12 2 0 5
0 1 80 34 1 5
0 1 95 41 0 5
0 1 110 39 0 5
0 1 132 12 1 1
0 1 51 47 0 3
0 1 13 20 0 5
0 1 98 30 0 3
0 1 127 47 0 0
0 1 27 38 1 5
0 1 128 11 1 0
0 1 5 16 0 3
0 1 20 34 1 3
0 1 39 28 1 0
0 1 63 16 0 5
0 1 12 42 1 1
0 1 96 29 1 0
0 1 104 47 1 2
0 1 78 5 0 1
0 1 128 15 0 2
0 1 22 13 1 1
0 1 50 32 0 3
0 1 24 42 0 4
0 1 9 21 0 0
0 1 74 43 1 0
0 1 143 7 0 1
0 1 119 36 1 1
0 1 72 22 0 1
0 1 54 27 1 2
0 1 51 49 1 3
0 1 108 21 1 4
0 1 26 24 0 1
0 1 109 32 1 4
0 1 91 16 0 2
0 1 142 19 0 5
0 1 64 9 0 3
0 1 27 26 0 1
0 1 2 10 1 0
0 1 100 15 1 3
0 1 32 29 1 2
0 1 70 29 0 4
0 1 125 25 0 4
0 1 81 3 0 2
0 1 82 46 1 5
0 1 6 49 1 1
0 1 147 18 0 0
0 1 0 33 1 3
0 1 88 36 0 0
0 1 56 34 0 0
0 1 89 49 0 2
0 1 83 44 0 3
0 1 42 10 0 1
0 1 94 12 0 5
0 1 8 25 0 0
0 1 37 13 1 4
0 1 114 2 1 0
0 1 120 28 1 4
0 1 124 20 1 1
0 1 2 45 0 0
0 1 107 31 0 1
0 1 149 8 0 0
0 1 53 38 1 2
0 1 77 12 0 4
0 1 92 42 1 3
0 1 15 11 1 2
0 1 53 1 0 3
0 1 119 30 0 2
0 1 30 39 1 3
0 1 14 48 0 2
0 1 40 9 1 4
0 1 68 47 0 1
