0 1 61 33 1 1
0 1 91 19 0 0
0 1 104 46 1 4
0 1 8 20 1 0
0 1 9 8 1 4
0 1 35 8 1 0
0 1 85 23 1 2
0 1 55 14 1 0
0 1 148 15 1 5
0 1 120 32 0 4
0 1 78 40 1 0
0 1 63 24 0 0
0 1 91 36 1 4
0 1 56 9 1 2
0 1 110 47 1 5
0 1 1 9 0 5
0 1 49 32 0 1
0 1 84 43 1 0
0 1 51 5 0 0
0 1 116 10 0 0
0 1 36 44 1 2
0 1 93 6 1 1
0 1 126 29 0 3
0 1 53 16 0 2
0 1 77 14 1 5
0 1 110 19 0 3
0 1 28 22 0 3
0 1 21 30 0 1
0 1 18 18 0 1
0 1 144 24 1 1
0 1 144 18 0 2
0 1 51 29 1 5
0 1 128 37 0 2
0 1 70 23 1 5
0 1 73 15 0 2
0 1 23 29 0 4
0 1 62 30 0 3
0 1 90 31 0 3
0 1 94 26 1 1
0 1 17 1 0 0
0 1 30 7 1 5
0 1 121 36 1 5
0 1 5 33 1 4
0 1 102 17 1 5
0 1 10 20 0 2
0 1 34 14 0 4
0 1 39 12 0 3
0 1 32 11 1 3
0 1 112 3 0 0
0 1 11 49 1 5
0 1 48 1 0 3
0 1 83 34 0 1
0 1 1 6 1 5
0 1 69 0 1 3
0 1 77 25 0 2
0 1 142 13 0 0
0 1 146 24 0 5
0 1 101 36 0 3
0 1 10 48 1 1
0 1 50 28 1 0
0 1 124 28 0 2
0 1 143 31 0 2
0 1 42 1 1 1
0 1 111 15 0 0
0 1 64 45 1 5
0 1 80 38 1 4
0 1 15 28 1 5
0 1 106 12 0 1
0 1 36 11 0 5
0 1 133 26 0 5
0 1 47 21 1 2
0 1 41 27 1 2
0 1 86 35 0 4
0 1 27 18 0 0
0 1 82 4 0 2
0 1 58 32 0 2
0 1 15 32 0 3
0 1 49 16 1 3
0 1 55 37 0 1
0 1 130 7 1 0
0 1 111 40 1 2
0 1 88 40 1 4
0 1 138 42 1 5
0 1 37 8 0 2
0 1 89 33 1 3
0 1 20 4 1 1
0 1 109 4 1 0
0 1 63 2 1 3
0 1 66 25 1 4
0 1 45 35 0 1
0 1 135 39 0 2
0 1 133 24 1 3
0 1 21 38 1 1
0 1 132 3 0 3
0 1 38 14 1 1
0 1 145 8 0 3
0 1 30 42 0 2
0 1 119 28 1 1
0 1 43 43 0 2
0 1 123 17 0 2
0 1 75 7 0 1
0 1 136 5 0 1
0 1 108 28 0 4
0 1 5 34 0 3
0 1 54 0 1 1
0 1 24 13 1 2
0 1 37 17 1 0
0 1 124 4 1 4
0 1 84 46 0 3
0 1 99 25 0 5
0 1 90 27 1 1
0 1 28 44 1 4
0 1 142 16 1 5
0 1 137 49 0 3
0 1 27 41 1 4
0 1 31 49 1 2
0 1 80 26 0 2
0 1 18 11 1 4
0 1 67 45 1 3
0 1 4 39 1 0
0 1 119 10 0 5
0 1 113 39 1 1
0 1 126 21 1 4
0 1 135 42 1 1
0 1 67 16 0 4
0 1 101 15 1 1
0 1 81 47 0 4
0 1 54 9 0 0
0 1 117 45 0 1
0 1 98 44 1 1
0 1 73 34 1 0
0 1 109 6 0 2
0 1 19 30 0 4
0 1 129 37 0 0
0 1 95 22 1 1
0 1 65 46 1 0
0 1 41 31 0 1
0 1 26 18 0 5
0 1 44 13 0 4
0 1 81 30 1 0
0 1 75 10 1 1
0 1 8 20 0 5
0 1 86 45 1 2
0 1 25 43 1 1
0 1 131 18 0 4
0 1 14 19 1 1
0 1 147 22 0 0
0 1 72 40 1 5
0 1 134 47 1 0
0 1 48 37 1 3
0 1 131 44 1 3
0 1 93 42 0 4
0 1 45 39 1 4
0 1 57 29 1 2
0 1 7 35 1 5
0 1 82 3 1 1
0 1 149 0 1 5
0 1 134 26 0 3
0 1 16 32 1 0
0 1 113 0 0 4
0 1 38 2 0 5
0 1 74 23 1 4
0 1 64 27 0 4
0 1 33 23 0 3
0 1 11 41 0 1
0 1 26 38 1 0
0 1 66 10 0 4
0 1 138 47 0 1
0 1 127 33 1 0
0 1 61 47 0 2
0 1 85 19 0 2
0 1 59 38 0 5
0 1 112 43 1 5
0 1 104 20 0 3
0 1 87 41 1 2
0 1 79 31 1 0
0 1 29 48 0 0
0 1 22 37 0 5
0 1 94 1 0 2
0 1 125 41 0 0
0 1 120 6 1 0
0 1 143 25 1 0
0 1 4 13 0 1
0 1 107 40 1 3
0 1 43 27 1 0
0 1 34 7 1 4
0 1 108 2 1 2
0 1 92 36 0 1
0 1 42 9 0 1
0 1 115 21 0 1
0 1 114 42 0 0
0 1 97 17 1 3
0 1 107 33 0 2
0 1 83 38 1 3
0 1 122 7 1 2
0 1 105 3 0 5
0 1 139 14 0 2
0 1 76 12 0 4
0 1 118 43 1 4
0 1 68 12 0 5
0 1 122 49 0 1
0 1 29 24 1 4
0 1 136 4 1 3
0 1 3 48 0 3
0 1 145 46 1 2
0 1 95 5 0 5
0 1 13 10 1 2
0 1 72 34 0 2
0 1 118 19 0 5
0 1 33 22 1 2
0 1 71 13 1 3
0 1 3 3 1 4
0 1 76 34 1 5
0 1 92 25 1 1
0 1 32 11 0 1
0 1 59 39 1 3
0 1 12 29 1 0
0 1 140 5 1 3
0 1 132 0 1 2
0 1 50 15 0 4
0 1 103 26 0 0
0 1 141 48 0 5
0 1 140 21 0 3
0 1 105 1 1 4
0 1 69 17 0 4
0 1 117 8 1 5
0 1 2 11 0 2
0 1 88 27 0 3
0 1 57 39 0 5
0 1 114 36 1 0
0 1 99 2 1 4
0 1 25 46 0 1
0 1 47 20 0 1
0 1 148 35 0 2
0 1 60 23 0 0
0 1 16 31 0 5
0 1 52 29 0 1
0 1 125 45 1 4
0 1 79 30 0 2
0 1 115 19 1 4
0 1 129 10 1 3
0 1 40 1 1 5
0 1 139 21 1 5
0 1 149 27 0 5
0 1 58 22 1 4
0 1 128 49 1 4
0 1 100 6 0 3
0 1 96 5 0 4
0 1 65 49 0 0
0 1 146 41 1 5
0 1 35 12 0 2
0 1 17 8 1 1
0 1 23 9 1 3
0 1 123 9 1 4
0 1 7 16 0 0
0 1 71 2 0 0
0 1 14 31 0 4
0 1 137 35 1 3
0 1 106 44 1 5
0 1 102 48 0 2
0 1 20 0 0 0
0 1 62 46 1 5
0 1 116 28 1 3
0 1 60 5 1 2
0 1 46 20 0 4
0 1 2 15 1 3
0 1 141 6 1 4
0 1 103 34 1 4
0 1 100 42 1 3
0 1 74 47 0 3
