0 1 9 21 1 0
0 1 62 10 0 4
0 1 68 22 0 2
0 1 143 29 0 3
0 1 42 23 0 5
0 1 90 12 1 2
0 1 11 31 1 1
0 1 113 28 1 1
0 1 40 21 1 3
0 1 86 14 1 0
0 1 106 29 0 5
0 1 136 5 1 4
0 1 21 17 0 0
0 1 133 25 1 1
0 1 115 16 1 4
0 1 102 44 1 1
0 1 101 1 1 4
0 1 17 35 1 1
0 1 97 29 0 2
0 1 117 16 1 0
0 1 131 19 1 0
0 1 31 37 1 3
0 1 50 27 1 0
0 1 88 49 0 2
0 1 15 0 0 0
0 1 120 1 0 3
0 1 49 7 0 1
0 1 106 32 1 1
0 1 135 42 0 3
0 1 69 38 0 3
0 1 45 10 0 2
0 1 141 48 1 4
0 1 149 12 1 0
0 1 100 8 0 5
0 1 52 0 1 4
0 1 11 41 0 4
0 1 94 24 0 3
0 1 87 47 0 1
0 1 129 16 0 2
0 1 115 15 0 4
0 1 37 47 0 2
0 1 56 18 0 0
0 1 83 20 0 3
0 1 96 11 0 4
0 1 129 30 1 5
0 1 57 39 0 1
0 1 1 3 0 3
0 1 113 33 0 5
0 1 82 43 1 0
0 1 65 3 1 1
0 1 120 42 1 4
0 1 49 23 1 3
0 1 125 8 1 1
0 1 19 26 0 4
0 1 0 26 0 0
0 1 104 23 0 0
0 1 134 40 1 0
0 1 105 35 0 0
0 1 80 3 1 2
0 1 64 49 1 1
0 1 144 0 0 1
0 1 119 46 0 5
0 1 131 11 0 5
0 1 108 4 0 5
0 1 71 34 1 4
0 1 73 12 0 1
0 1 124 31 0 3
0 1 137 9 0 0
0 1 23 32 1 5
0 1 130 33 0 3
0 1 76 34 0 5
0 1 21 35 1 3
0 1 34 36 1 1
0 1 63 24 0 0
0 1 116 31 0 4
0 1 43 20 0 2
0 1 127 28 1 2
0 1 103 40 0 2
0 1 22 36 1 3
0 1 16 48 0 2
0 1 133 2 0 0
0 1 78 47 1 5
0 1 77 43 1 1
0 1 79 11 0 2
0 1 13 2 0 2
0 1 33 44 1 2
0 1 36 4 0 2
0 1 136 41 0 3
0 1 72 13 0 5
0 1 60 13 0 3
0 1 95 15 1 0
0 1 35 25 0 2
0 1 5 39 1 3
0 1 52 17 0 2
0 1 55 3 1 0
0 1 141 34 0 3
0 1 38 5 1 0
0 1 126 46 0 2
0 1 24 13 0 4
0 1 60 46 1 3
0 1 41 37 0 2
0 1 33 10 0 1
0 1 121 45 1 3
0 1 121 4 0 4
0 1 123 24 1 4
0 1 12 28 1 4
0 1 79 38 1 1
0 1 69 1 1 2
0 1 55 33 0 1
0 1 89 33 0 2
0 1 38 19 0 4
0 1 9 31 0 5
0 1 48 19 1 3
0 1 30 45 1 0
0 1 26 48 0 0
0 1 90 11 0 0
0 1 27 26 0 3
0 1 92 26 1 1
0 1 7 10 0 0
0 1 135 39 1 4
0 1 84 40 1 3
0 1 23 3 0 4
0 1 149 13 0 1
0 1 100 21 1 5
0 1 59 23 1 2
0 1 111 24 1 1
0 1 73 32 1 0
0 1 117 48 0 1
0 1 8 18 1 1
0 1 2 22 1 1
0 1 98 15 0 5
0 1 146 16 1 3
0 1 77 41 0 5
0 1 74 44 0 3
0 1 99 22 0 0
0 1 20 18 1 2
0 1 24 45 1 4
0 1 132 32 1 4
0 1 3 32 1 3
0 1 6 42 0 1
0 1 147 48 1 3
0 1 13 36 1 5
0 1 42 33 1 0
0 1 56 6 1 0
0 1 66 2 1 3
0 1 85 14 1 1
0 1 91 23 1 4
0 1 139 0 1 5
0 1 139 6 0 5
0 1 116 15 1 3
0 1 78 22 0 3
0 1 81 5 0 2
0 1 109 21 0 1
0 1 58 20 1 5
0 1 1 37 1 4
0 1 14 16 0 1
0 1 47 12 1 5
0 1 64 9 0 5
0 1 110 42 1 0
0 1 51 41 1 0
0 1 20 38 0 0
0 1 53 14 0 2
0 1 134 36 0 2
0 1 71 49 0 5
0 1 22 4 0 3
0 1 123 17 0 3
0 1 61 29 0 1
0 1 44 9 0 4
0 1 138 19 0 1
0 1 19 5 1 1
0 1 29 47 0 0
0 1 16 42 1 2
0 1 81 18 1 5
0 1 4 40 0 4
0 1 108 7 1 5
0 1 148 34 1 0
0 1 70 7 1 0
0 1 93 2 0 4
0 1 46 47 0 4
0 1 122 9 1 1
0 1 31 25 0 4
0 1 10 14 0 3
0 1 82 43 0 4
0 1 144 39 1 0
0 1 89 36 1 0
0 1 35 2 1 5
0 1 91 28 0 3
0 1 63 13 1 2
0 1 44 39 1 2
0 1 122 1 0 5
0 1 32 8 1 3
0 1 5 20 0 4
0 1 18 19 1 2
0 1 84 35 0 4
0 1 124 21 1 2
0 1 94 11 1 1
0 1 101 45 0 1
0 1 14 12 1 3
0 1 109 46 1 1
0 1 29 8 1 0
0 1 18 1 0 0
0 1 4 40 1 1
0 1 102 8 0 4
0 1 26 34 1 1
0 1 112 22 0 5
0 1 119 24 1 2
0 1 125 6 0 1
0 1 104 14 1 5
0 1 88 41 1 2
0 1 93 43 1 2
0 1 65 1 0 1
0 1 86 25 0 0
0 1 118 7 1 4
0 1 57 27 1 2
0 1 10 38 1 5
0 1 8 44 0 0
0 1 17 49 0 0
0 1 97 7 1 2
0 1 45 38 1 4
0 1 40 5 0 5
0 1 3 43 0 5
0 1 28 4 0 0
0 1 140 6 0 4
0 1 25 17 0 1
0 1 15 27 1 3
0 1 143 17 1 5
0 1 62 25 1 5
0 1 53 6 1 2
0 1 76 37 1 1
0 1 61 45 1 5
0 1 48 18 0 3
0 1 37 30 1 4
0 1 145 0 0 3
0 1 99 21 1 4
0 1 126 49 1 3
0 1 138 26 1 2
0 1 142 9 1 2
0 1 96 15 1 1
0 1 66 37 0 5
0 1 6 10 1 5
0 1 140 20 1 0
0 1 74 29 1 0
0 1 30 31 0 0
0 1 25 30 1 1
0 1 27 45 1 2
0 1 107 33 1 4
0 1 114 27 0 1
0 1 46 28 1 5
0 1 118 46 0 4
0 1 51 27 0 5
0 1 67 32 0 2
0 1 105 0 1 2
0 1 83 44 1 4
0 1 87 35 1 2
0 1 54 2 1 1
0 1 95 30 0 0
0 1 32 30 0 2
0 1 41 40 1 5
0 1 75 4 0 1
0 1 12 47 0 3
0 1 92 14 0 4
0 1 137 10 1 3
0 1 7 23 1 1
0 1 58 39 0 5
0 1 39 41 0 1
0 1 54 28 0 0
0 1 39 34 1 2
0 1 59 16 0 5
0 1 2 36 0 4
0 1 28 38 1 2
