0 1 133 16 0 5
0 1 86 35 0 5
0 1 78 14 0 1
0 1 126 1 1 5
0 1 85 10 0 4
0 1 105 26 0 4
0 1 54 0 1 1
0 1 66 3 1 5
0 1 16 16 0 1
0 1 89 25 1 3
0 1 90 8 0 4
0 1 60 48 1 3
0 1 93 21 1 3
0 1 116 29 0 0
0 1 29 13 0 2
0 1 135 33 0 0
0 1 118 32 1 5
0 1 71 19 1 0
0 1 138 10 0 2
0 1 134 19 0 4
0 1 61 39 0 0
0 1 66 15 0 2
0 1 72 16 0 2
0 1 130 31 1 4
0 1 1 3 0 3
0 1 123 28 0 0
0 1 83 38 0 0
0 1 76 8 1 1
0 1 37 2 1 3
0 1 38 4 0 0
0 1 30 34 0 5
0 1 102 13 1 3
0 1 4 46 0 1
0 1 82 45 0 4
0 1 33 33 0 3
0 1 106 24 0 4
0 1 57 7 1 3
0 1 99 30 1 3
0 1 22 7 0 0
0 1 94 39 0 3
0 1 58 12 1 1
0 1 44 49 0 0
0 1 95 21 0 2
0 1 1 40 1 5
0 1 43 32 1 3
0 1 26 26 0 3
0 1 2 12 1 3
0 1 147 48 0 4
0 1 59 43 1 3
0 1 84 41 1 1
0 1 90 22 1 3
0 1 112 9 0 1
0 1 80 11 0 4
0 1 68 40 1 2
0 1 57 3 0 0
0 1 39 27 0 1
0 1 108 20 1 4
0 1 144 25 0 2
0 1 76 17 0 2
0 1 127 11 1 1
0 1 95 28 1 4
0 1 73 30 1 0
0 1 25 49 1 2
0 1 133 18 1 0
0 1 68 24 0 1
0 1 131 42 0 0
0 1 62 1 0 1
0 1 79 44 0 1
0 1 118 14 0 3
0 1 14 1 1 4
0 1 58 36 0 1
0 1 27 42 1 4
0 1 11 45 1 1
0 1 72 6 1 1
0 1 11 36 0 5
0 1 84 17 0 5
0 1 130 18 0 1
0 1 94 5 1 1
0 1 148 0 0 3
0 1 128 48 1 5
0 1 139 43 1 2
0 1 108 8 0 2
0 1 89 23 0 4
0 1 85 33 1 4
0 1 146 47 1 0
0 1 16 9 1 0
0 1 69 36 0 3
0 1 115 38 0 3
0 1 55 20 1 1
0 1 80 12 1 0
0 1 38 19 1 5
0 1 39 34 1 0
0 1 105 5 1 4
0 1 139 34 0 1
0 1 47 26 0 5
0 1 120 29 0 3
0 1 31 14 0 4
0 1 135 42 1 3
0 1 17 24 1 0
0 1 120 43 1 5
0 1 21 27 0 2
0 1 61 2 1 2
0 1 43 6 0 0
0 1 51 20 0 0
0 1 93 37 0 5
0 1 15 31 0 1
0 1 50 24 1 3
0 1 117 22 0 5
0 1 70 37 1 2
0 1 112 15 1 4
0 1 113 41 0 4
0 1 14 24 0 5
0 1 53 40 1 3
0 1 122 5 1 5
0 1 74 28 0 3
0 1 114 47 0 1
0 1 75 15 1 1
0 1 20 34 0 4
0 1 17 31 0 3
0 1 40 2 1 1
0 1 52 39 1 5
0 1 21 37 1 1
0 1 36 46 0 3
0 1 35 1 1 2
0 1 127 26 0 2
0 1 137 12 1 2
0 1 119 32 1 4
0 1 49 35 1 4
0 1 145 13 1 4
0 1 81 0 1 2
0 1 62 13 1 0
0 1 99 14 0 5
0 1 101 41 0 2
0 1 98 45 1 5
0 1 141 44 0 5
0 1 15 43 1 1
0 1 60 46 0 4
0 1 42 17 1 0
0 1 111 38 0 2
0 1 59 25 0 5
0 1 132 3 0 2
0 1 19 39 0 1
0 1 142 32 1 1
0 1 32 33 0 5
0 1 67 8 0 3
0 1 125 48 1 1
0 1 5 47 1 3
0 1 86 5 1 0
0 1 143 22 1 0
0 1 8 8 1 0
0 1 140 12 1 5
0 1 98 49 0 1
0 1 145 30 0 4
0 1 110 10 1 5
0 1 56 11 0 0
0 1 20 2 1 5
0 1 18 30 1 1
0 1 96 11 1 5
0 1 141 4 1 1
0 1 53 17 0 3
0 1 7 25 1 1
0 1 126 42 0 1
0 1 103 23 0 2
0 1 10 45 0 3
0 1 109 4 0 3
0 1 122 16 0 4
0 1 97 12 1 4
0 1 114 21 1 1
0 1 71 28 0 1
0 1 19 0 1 0
0 1 2 5 0 2
0 1 110 49 0 4
0 1 104 10 1 3
0 1 46 44 0 2
0 1 125 29 0 1
0 1 113 45 1 0
0 1 41 39 0 2
0 1 101 27 1 4
0 1 107 38 0 5
0 1 13 17 0 1
0 1 55 48 0 0
0 1 104 11 0 3
0 1 29 37 1 4
0 1 123 19 1 3
0 1 91 33 0 2
0 1 82 29 1 4
0 1 8 21 0 4
0 1 45 9 1 2
0 1 24 27 1 3
0 1 116 13 1 1
0 1 25 7 0 1
0 1 34 23 0 5
0 1 48 18 0 2
0 1 31 31 1 2
0 1 12 15 1 5
0 1 88 41 0 0
0 1 78 37 1 3
0 1 40 30 0 2
0 1 109 40 1 1
0 1 107 6 1 4
0 1 102 34 0 3
0 1 26 29 1 5
0 1 100 36 1 2
0 1 119 18 0 5
0 1 42 22 0 2
0 1 45 28 0 2
0 1 91 25 1 4
0 1 3 42 0 2
0 1 149 19 0 2
0 1 100 21 0 5
0 1 35 2 0 4
0 1 111 27 1 0
0 1 143 20 0 2
0 1 63 36 0 4
0 1 6 49 1 5
0 1 136 10 1 1
0 1 10 34 1 2
0 1 69 44 1 3
0 1 77 7 0 4
0 1 28 40 1 4
0 1 131 6 1 3
0 1 13 7 1 5
0 1 3 27 1 5
0 1 67 1 1 0
0 1 9 0 0 5
0 1 134 43 1 0
0 1 137 18 0 4
0 1 0 41 1 3
0 1 97 21 0 0
0 1 124 20 0 5
0 1 46 3 1 4
0 1 148 9 1 5
0 1 142 23 0 0
0 1 129 35 0 1
0 1 92 35 1 2
0 1 48 23 1 1
0 1 138 35 1 3
0 1 129 46 1 2
0 1 51 22 1 4
0 1 121 4 0 5
0 1 140 44 0 4
0 1 149 31 1 0
0 1 23 6 0 2
0 1 63 4 1 2
0 1 87 17 1 4
0 1 96 46 0 0
0 1 124 2 1 0
0 1 144 15 1 0
0 1 23 47 1 5
0 1 83 10 1 0
0 1 132 14 1 0
0 1 47 32 1 2
0 1 77 38 1 1
0 1 0 6 0 5
0 1 24 5 0 3
0 1 79 47 1 4
0 1 103 37 1 0
0 1 33 9 1 4
0 1 6 26 0 1
0 1 56 20 1 3
0 1 64 16 1 3
0 1 74 7 1 2
0 1 22 46 1 5
0 1 81 49 0 3
0 1 36 32 1 0
0 1 7 30 0 5
0 1 64 11 0 2
0 1 34 39 1 4
0 1 44 35 1 0
0 1 117 18 1 3
