0 1 2 18 1 5
0 1 115 1 0 0
0 1 88 12 0 0
0 1 130 37 0 0
0 1 129 11 0 5
0 1 138 18 0 4
0 1 84 45 1 0
0 1 81 7 1 4
0 1 46 40 0 2
0 1 65 28 0 2
0 1 129 35 1 0
0 1 8 48 0 5
0 1 104 22 1 1
0 1 52 30 0 5
0 1 69 13 1 1
0 1 13 36 0 2
0 1 17 3 0 3
0 1 79 14 1 1
0 1 67 32 0 2
0 1 141 21 1 5
0 1 4 32 1 0
0 1 145 5 1 5
0 1 122 3 0 0
0 1 55 8 1 3
0 1 73 19 1 5
0 1 70 20 0 3
0 1 101 12 1 4
0 1 124 38 1 4
0 1 27 47 1 0
0 1 70 16 1 4
0 1 5 20 0 4
0 1 32 36 1 5
0 1 132 37 0 5
0 1 63 18 1 3
0 1 146 39 0 4
0 1 30 48 0 1
0 1 67 34 1 1
0 1 15 23 0 0
0 1 52 31 1 2
0 1 85 13 1 5
0 1 12 43 1 2
0 1 50 19 1 1
0 1 66 4 1 1
0 1 78 2 0 5
0 1 10 48 1 3
0 1 61 17 0 0
0 1 120 10 1 0
0 1 80 10 0 3
0 1 33 21 1 2
0 1 20 45 0 2
0 1 137 15 0 1
0 1 9 2 0 3
0 1 85 8 0 2
0 1 31 29 0 2
0 1 125 25 1 4
0 1 110 23 1 2
0 1 115 49 1 3
0 1 18 46 0 3
0 1 111 11 0 2
0 1 65 39 1 2
0 1 97 49 0 2
0 1 39 41 1 3
0 1 100 14 0 4
0 1 110 4 0 5
0 1 102 30 0 3
0 1 25 6 1 5
0 1 76 42 0 0
0 1 3 25 0 1
0 1 140 26 0 0
0 1 8 11 1 3
0 1 75 24 1 4
0 1 35 24 0 2
0 1 148 33 1 0
0 1 54 13 1 2
0 1 54 10 0 1
0 1 121 43 0 1
0 1 117 11 0 0
0 1 83 49 0 0
0 1 114 0 1 0
0 1 143 44 0 0
0 1 108 47 1 5
0 1 14 24 0 5
0 1 135 6 1 2
0 1 80 3 1 1
0 1 94 40 0 3
0 1 123 23 1 1
0 1 2 24 0 0
0 1 111 33 1 3
0 1 82 42 1 4
0 1 57 16 0 3
0 1 107 26 1 5
0 1 100 39 1 0
0 1 71 38 0 1
0 1 141 34 0 4
0 1 91 15 0 4
0 1 134 19 0 4
0 1 76 16 1 2
0 1 69 17 0 1
0 1 149 6 1 4
0 1 144 28 0 3
0 1 143 38 1 0
0 1 137 4 1 0
0 1 95 36 1 4
0 1 43 28 0 5
0 1 53 15 0 0
0 1 126 34 1 3
0 1 105 5 1 4
0 1 74 12 1 3
0 1 128 24 1 3
0 1 0 27 1 3
0 1 38 10 1 4
0 1 6 14 1 3
0 1 1 7 1 1
0 1 14 31 1 3
0 1 57 37 1 4
0 1 90 21 1 1
0 1 12 29 0 3
0 1 42 9 1 3
0 1 61 22 1 0
0 1 120 7 0 0
0 1 149 27 0 0
0 1 118 48 1 2
0 1 41 29 0 1
0 1 36 22 0 4
0 1 113 9 1 1
0 1 98 1 1 5
0 1 19 7 1 3
0 1 72 31 1 1
0 1 4 28 0 4
0 1 74 32 0 4
0 1 68 20 1 2
0 1 36 33 1 2
0 1 78 7 1 2
0 1 71 46 1 1
0 1 60 35 0 1
0 1 58 23 1 3
0 1 145 40 0 4
0 1 41 23 1 5
0 1 112 27 1 2
0 1 19 5 0 1
0 1 91 38 1 2
0 1 122 9 1 5
0 1 62 47 0 3
0 1 7 2 1 1
0 1 101 1 0 2
0 1 48 44 1 4
0 1 64 42 1 3
0 1 40 43 1 3
0 1 35 32 1 1
0 1 1 0 0 3
0 1 119 43 0 4
0 1 59 15 0 3
0 1 92 45 0 5
0 1 34 30 1 4
0 1 118 34 0 0
0 1 138 47 1 4
0 1 87 17 0 2
0 1 148 2 0 0
0 1 26 40 0 1
0 1 42 20 0 5
0 1 22 31 1 4
0 1 109 3 0 2
0 1 146 30 1 0
0 1 29 14 1 2
0 1 66 16 0 5
0 1 131 11 1 1
0 1 86 8 0 4
0 1 50 36 0 1
0 1 21 26 0 2
0 1 10 6 0 0
0 1 48 4 0 2
0 1 135 39 0 5
0 1 21 3 1 4
0 1 5 22 1 3
0 1 109 35 1 4
0 1 117 45 1 4
0 1 49 19 0 3
0 1 47 42 0 1
0 1 23 0 0 2
0 1 16 9 0 4
0 1 95 5 0 2
0 1 28 33 1 4
0 1 56 41 0 1
0 1 73 45 0 3
0 1 72 39 0 1
0 1 64 0 0 4
0 1 147 4 0 3
0 1 59 46 1 0
0 1 113 43 0 0
0 1 30 25 1 3
0 1 97 35 1 3
0 1 9 41 1 2
0 1 136 41 0 5
0 1 116 41 0 4
0 1 60 12 1 5
0 1 45 36 1 0
0 1 51 16 1 1
0 1 84 1 0 3
0 1 128 28 0 0
0 1 105 21 0 4
0 1 90 40 0 0
0 1 62 17 1 3
0 1 44 35 0 5
0 1 3 2 1 4
0 1 17 38 1 3
0 1 93 47 1 1
0 1 18 18 1 0
0 1 33 6 0 3
0 1 133 14 1 5
0 1 96 42 0 2
0 1 93 37 0 1
0 1 86 25 1 0
0 1 114 12 0 1
0 1 96 49 1 4
0 1 24 29 1 5
0 1 127 17 1 4
0 1 58 1 0 4
0 1 56 31 1 5
0 1 27 5 0 0
0 1 6 32 0 3
0 1 123 15 0 5
0 1 43 34 1 2
0 1 116 37 1 2
0 1 142 44 1 1
0 1 104 10 0 2
0 1 144 0 1 1
0 1 139 33 1 1
0 1 133 8 0 0
0 1 102 22 1 2
0 1 11 27 1 1
0 1 88 20 1 0
0 1 13 12 1 2
0 1 0 25 0 2
0 1 89 21 0 3
0 1 16 46 1 2
0 1 37 18 0 1
0 1 99 40 1 5
0 1 142 48 0 4
0 1 75 46 0 5
0 1 51 8 0 1
0 1 83 13 1 3
0 1 134 44 1 3
0 1 79 29 0 4
0 1 46 49 1 5
0 1 20 26 1 1
0 1 125 9 0 0
0 1 38 44 0 2
0 1 106 7 0 5
0 1 82 30 0 2
0 1 24 26 0 3
0 1 31 19 1 2
0 1 22 13 0 4
0 1 7 44 0 5
0 1 81 27 0 5
0 1 107 19 0 0
0 1 119 5 1 3
0 1 131 39 0 3
0 1 39 36 0 3
0 1 23 17 1 5
0 1 63 32 0 5
0 1 49 41 1 0
0 1 28 2 0 2
0 1 94 20 1 1
0 1 26 31 1 0
0 1 112 29 0 0
0 1 106 4 1 4
0 1 124 49 0 1
0 1 77 37 0 3
0 1 89 45 1 1
0 1 32 26 0 4
