0 1 31 7 0 0
0 1 147 22 0 4
0 1 3 49 0 4
0 1 6 17 1 0
0 1 130 37 0 1
0 1 119 45 0 2
0 1 70 30 0 1
0 1 66 24 1 3
0 1 139 15 1 3
0 1 122 46 0 0
0 1 104 48 0 1
0 1 94 12 1 3
0 1 52 16 0 1
0 1 7 36 1 5
0 1 22 4 1 3
0 1 137 27 0 5
0 1 16 22 1 5
0 1 23 44 0 3
0 1 38 5 1 0
0 1 81 48 0 2
0 1 72 14 1 2
0 1 45 6 1 1
0 1 134 19 0 1
0 1 48 26 1 4
0 1 135 41 1 4
0 1 29 21 0 4
0 1 21 44 0 5
0 1 125 27 0 4
0 1 7 14 0 0
0 1 18 19 0 3
0 1 106 35 1 2
0 1 14 44 0 1
0 1 49 30 1 4
0 1 50 49 1 5
0 1 32 1 0 1
0 1 121 23 1 1
0 1 138 25 1 0
0 1 117 23 1 3
0 1 141 10 1 3
0 1 132 43 0 4
0 1 53 46 0 1
0 1 69 23 0 0
0 1 125 14 1 3
0 1 105 26 1 5
0 1 59 26 1 2
0 1 6 47 0 4
0 1 79 11 1 1
0 1 61 41 1 1
0 1 138 4 0 1
0 1 23 29 1 1
0 1 105 9 0 0
0 1 24 0 1 4
0 1 114 2 0 4
0 1 69 3 1 0
0 1 128 32 1 0
0 1 4 13 1 1
0 1 37 24 0 1
0 1 21 18 1 0
0 1 113 42 0 3
0 1 88 47 1 3
0 1 56 48 0 3
0 1 63 39 1 2
0 1 19 43 1 0
0 1 0 36 1 2
0 1 9 45 0 0
0 1 88 30 0 5
0 1 95 25 0 2
0 1 42 1 0 0
0 1 19 4 0 0
0 1 98 38 0 4
0 1 30 31 1 0
0 1 116 21 0 2
0 1 89 0 0 2
0 1 94 42 0 5
0 1 100 40 0 0
0 1 92 34 0 1
0 1 112 37 1 4
0 1 27 28 0 3
0 1 53 33 1 2
0 1 80 49 1 1
0 1 12 13 1 4
0 1 140 41 1 5
0 1 39 22 1 0
0 1 118 20 0 4
0 1 49 8 0 0
0 1 31 11 1 3
0 1 62 3 1 5
0 1 28 2 1 5
0 1 146 29 0 4
0 1 123 30 1 3
0 1 100 20 1 0
0 1 64 27 1 2
0 1 72 18 0 1
0 1 147 20 1 1
0 1 74 33 0 0
0 1 70 34 1 5
0 1 39 32 0 3
0 1 10 10 1 0
0 1 65 9 1 2
0 1 142 12 0 2
0 1 139 7 0 1
0 1 45 16 0 5
0 1 24 16 0 3
0 1 36 9 0 4
0 1 149 16 0 4
0 1 110 35 1 4
0 1 37 28 1 5
0 1 2 8 1 2
0 1 3 29 1 0
0 1 75 9 0 5
0 1 83 43 1 5
0 1 143 5 1 1
0 1 59 42 0 4
0 1 85 22 0 3
0 1 56 34 1 0
0 1 142 18 1 3
0 1 41 36 1 1
0 1 128 45 0 4
0 1 93 15 1 4
0 1 65 12 0 1
0 1 145 37 0 3
0 1 22 28 0 2
0 1 74 3 1 4
0 1 82 28 1 4
0 1 95 44 1 0
0 1 5 46 1 5
0 1 149 30 1 2
0 1 73 33 1 4
0 1 90 29 0 2
0 1 25 1 1 2
0 1 101 13 0 0
0 1 27 8 1 4
0 1 145 45 1 1
0 1 134 31 1 5
0 1 132 25 1 3
0 1 64 6 0 2
0 1 58 35 1 1
0 1 67 32 1 2
0 1 35 17 0 2
0 1 52 19 1 4
0 1 137 5 1 5
0 1 107 24 1 5
0 1 71 17 1 1
0 1 18 26 1 3
0 1 99 31 0 3
0 1 73 40 0 1
0 1 109 23 0 5
0 1 34 1 0 4
0 1 110 48 0 5
0 1 68 13 1 5
0 1 55 41 0 2
0 1 115 3 1 2
0 1 111 31 1 2
0 1 40 42 0 0
0 1 46 39 1 0
0 1 126 15 1 0
0 1 99 24 1 0
0 1 112 7 0 5
0 1 107 24 0 2
0 1 77 3 0 1
0 1 10 1 0 3
0 1 116 43 1 1
0 1 101 0 1 3
0 1 113 6 1 0
0 1 20 26 0 0
0 1 117 10 0 5
0 1 97 6 0 4
0 1 33 33 0 3
0 1 51 17 0 3
0 1 51 47 1 1
0 1 144 38 1 2
0 1 67 8 0 3
0 1 92 4 1 4
0 1 85 25 1 1
0 1 89 2 1 2
0 1 55 20 1 2
0 1 77 35 1 5
0 1 141 43 0 3
0 1 126 17 0 4
0 1 120 46 1 3
0 1 33 12 1 5
0 1 148 40 0 3
0 1 129 14 1 4
0 1 46 20 0 5
0 1 81 2 1 1
0 1 43 45 1 3
0 1 84 36 0 0
0 1 123 0 0 0
0 1 26 15 0 1
0 1 87 37 1 2
0 1 66 47 0 0
0 1 57 16 1 0
0 1 68 34 0 3
0 1 121 21 0 1
0 1 84 35 1 3
0 1 106 19 0 2
0 1 78 6 0 5
0 1 14 7 1 2
0 1 40 8 1 5
0 1 26 39 1 1
0 1 9 22 1 2
0 1 47 34 1 4
0 1 122 41 1 0
0 1 54 10 1 1
0 1 30 1 0 5
0 1 131 7 0 3
0 1 93 42 0 2
0 1 48 44 0 4
0 1 97 23 1 4
0 1 17 10 1 2
0 1 38 48 0 4
0 1 133 11 1 2
0 1 133 18 0 5
0 1 127 39 0 3
0 1 146 40 1 4
0 1 80 47 0 5
0 1 103 49 1 2
0 1 119 49 1 0
0 1 91 9 1 3
0 1 144 28 0 0
0 1 108 29 1 5
0 1 136 32 1 4
0 1 8 38 0 1
0 1 104 39 1 5
0 1 15 31 0 1
0 1 102 30 0 0
0 1 86 19 1 5
0 1 61 38 0 0
0 1 114 12 1 0
0 1 82 11 0 4
0 1 76 27 0 0
0 1 28 46 0 4
0 1 4 18 0 4
0 1 96 21 0 3
0 1 12 33 0 5
0 1 78 40 1 2
0 1 42 5 1 2
0 1 83 13 0 2
0 1 96 11 1 5
0 1 71 4 0 5
0 1 1 2 0 0
0 1 11 38 0 3
0 1 79 0 0 5
0 1 8 14 1 5
0 1 1 36 1 3
0 1 58 49 0 3
0 1 118 32 1 5
0 1 124 0 1 1
0 1 44 37 1 5
0 1 0 5 0 3
0 1 16 39 0 4
0 1 91 28 0 1
0 1 34 15 1 5
0 1 136 38 0 5
0 1 36 13 1 3
0 1 90 26 1 1
0 1 32 12 1 4
0 1 15 27 1 1
0 1 111 43 0 2
0 1 41 25 0 4
0 1 130 21 1 5
0 1 13 7 0 4
0 1 124 18 0 2
0 1 103 24 0 4
0 1 98 35 1 0
0 1 102 45 1 5
0 1 11 14 1 1
0 1 44 22 0 1
0 1 129 8 0 1
0 1 108 37 0 0
