0 1 34 36 0 5
0 1 135 42 1 4
0 1 64 38 1 2
0 1 146 31 0 1
0 1 143 0 1 2
0 1 55 48 0 5
0 1 125 42 0 3
0 1 139 31 1 4
0 1 120 42 0 5
0 1 36 35 0 3
0 1 1 6 1 1
0 1 57 0 0 1
0 1 69 36 0 4
0 1 8 9 1 0
0 1 3 45 1 1
0 1 110 14 0 4
0 1 50 8 0 4
0 1 82 49 0 0
0 1 0 9 0 2
0 1 15 1 0 0
0 1 73 33 1 3
0 1 32 17 0 0
0 1 73 9 0 5
0 1 83 32 1 5
0 1 50 22 1 0
0 1 39 12 1 0
0 1 124 31 0 3
0 1 63 4 1 2
0 1 98 40 0 0
0 1 10 4 0 5
0 1 29 25 0 1
0 1 60 19 1 3
0 1 116 3 0 5
0 1 129 40 1 2
0 1 128 10 0 0
0 1 33 15 1 4
0 1 24 39 1 3
0 1 79 6 1 4
0 1 61 44 0 4
0 1 85 37 1 2
0 1 42 46 1 4
0 1 41 47 1 4
0 1 1 16 0 0
0 1 142 34 1 4
0 1 113 17 0 3
0 1 72 27 1 3
0 1 29 41 1 3
0 1 81 9 0 3
0 1 6 1 0 1
0 1 92 43 1 0
0 1 118 29 1 4
0 1 30 30 1 5
0 1 71 21 1 2
0 1 71 48 0 2
0 1 97 14 1 3
0 1 112 48 0 0
0 1 22 35 1 4
0 1 19 19 0 5
0 1 140 47 1 3
0 1 91 12 0 5
0 1 94 18 0 2
0 1 32 30 1 0
0 1 96 44 1 3
0 1 75 22 1 5
0 1 11 46 0 3
0 1 79 28 0 4
0 1 39 28 0 1
0 1 101 18 1 1
0 1 63 34 0 3
0 1 108 2 0 1
0 1 43 9 0 4
0 1 121 26 0 3
0 1 136 20 0 3
0 1 14 0 0 0
0 1 2 6 1 3
0 1 144 41 1 2
0 1 36 5 1 0
0 1 149 17 1 5
0 1 17 29 0 1
0 1 46 20 0 0
0 1 60 20 0 5
0 1 58 24 1 2
0 1 51 15 0 3
0 1 45 14 1 0
0 1 102 22 0 1
0 1 86 13 1 3
0 1 148 47 0 5
0 1 46 24 1 5
0 1 42 26 0 0
0 1 44 23 0 3
0 1 8 5 0 4
0 1 127 46 1 2
0 1 84 32 0 0
0 1 115 11 0 3
0 1 72 21 0 0
0 1 26 12 1 2
0 1 37 19 1 2
0 1 18 42 1 1
0 1 11 43 1 5
0 1 78 8 0 2
0 1 52 27 1 4
0 1 104 49 0 5
0 1 133 16 1 3
0 1 3 29 0 5
0 1 116 11 1 1
0 1 82 3 1 4
0 1 75 38 0 0
0 1 62 41 0 0
0 1 67 34 1 2
0 1 83 29 0 2
0 1 142 30 0 4
0 1 24 28 0 3
0 1 77 44 1 5
0 1 89 13 1 1
0 1 54 8 0 5
0 1 108 16 1 1
0 1 130 2 0 3
0 1 51 42 1 0
0 1 28 25 1 0
0 1 136 25 1 3
0 1 38 32 0 4
0 1 81 40 1 5
0 1 57 4 1 0
0 1 126 32 0 3
0 1 146 19 1 0
0 1 56 33 1 2
0 1 89 8 0 3
0 1 127 7 0 4
0 1 10 31 1 2
0 1 112 26 1 4
0 1 68 11 0 5
0 1 107 10 0 3
0 1 56 23 0 0
0 1 49 30 0 1
0 1 38 47 1 0
0 1 68 10 1 2
0 1 131 37 1 0
0 1 100 17 0 2
0 1 16 35 0 0
0 1 21 40 1 1
0 1 40 36 0 3
0 1 70 33 1 5
0 1 76 5 0 1
0 1 101 0 0 4
0 1 37 28 0 2
0 1 111 3 1 1
0 1 21 20 0 2
0 1 145 46 1 0
0 1 99 32 1 2
0 1 27 45 0 0
0 1 134 44 1 0
0 1 2 15 0 1
0 1 35 22 1 3
0 1 144 45 0 5
0 1 0 7 1 1
0 1 109 35 1 5
0 1 113 46 1 5
0 1 145 26 0 2
0 1 143 27 0 2
0 1 69 21 1 3
0 1 55 4 1 3
0 1 27 49 1 1
0 1 147 3 1 2
0 1 23 49 1 4
0 1 33 25 0 5
0 1 120 21 1 4
0 1 96 43 0 1
0 1 117 43 1 3
0 1 5 39 1 0
0 1 135 22 0 4
0 1 12 48 1 3
0 1 20 39 1 2
0 1 17 45 1 4
0 1 84 29 1 3
0 1 132 41 1 5
0 1 133 24 0 1
0 1 49 6 1 5
0 1 53 10 0 4
0 1 141 6 1 2
0 1 76 39 1 4
0 1 87 27 1 5
0 1 123 19 0 4
0 1 78 11 1 0
0 1 65 1 1 5
0 1 77 20 0 1
0 1 90 5 1 2
0 1 9 18 0 3
0 1 95 30 1 3
0 1 62 38 1 3
0 1 111 23 0 5
0 1 106 2 1 5
0 1 45 21 0 1
0 1 147 7 0 5
0 1 7 28 1 0
0 1 103 16 0 2
0 1 124 18 1 5
0 1 48 11 1 4
0 1 130 23 1 4
0 1 98 43 1 2
0 1 107 13 1 2
0 1 100 23 1 1
0 1 80 2 0 4
0 1 105 49 0 3
0 1 137 40 0 3
0 1 109 48 0 4
0 1 86 8 0 0
0 1 59 24 0 4
0 1 65 7 0 0
0 1 93 12 0 4
0 1 91 45 1 2
0 1 114 13 1 5
0 1 148 4 1 1
0 1 99 31 0 5
0 1 4 18 0 0
0 1 87 33 0 4
0 1 58 26 0 5
0 1 31 1 1 3
0 1 90 41 0 4
0 1 110 22 1 2
0 1 74 42 0 2
0 1 9 5 1 3
0 1 118 12 0 1
0 1 12 16 0 4
0 1 48 39 0 5
0 1 47 36 1 0
0 1 22 35 0 1
0 1 141 7 0 2
0 1 61 25 1 2
0 1 125 28 1 5
0 1 103 34 1 1
0 1 25 27 1 1
0 1 93 17 1 4
0 1 119 14 1 2
0 1 132 37 0 4
0 1 88 38 0 1
0 1 15 20 1 4
0 1 59 1 1 4
0 1 102 2 1 0
0 1 92 47 0 1
0 1 25 10 0 1
0 1 95 38 0 4
0 1 35 15 0 5
0 1 34 37 1 5
0 1 31 19 0 1
0 1 23 33 0 0
0 1 7 36 0 1
0 1 97 46 0 1
0 1 74 34 1 0
0 1 119 18 0 4
0 1 126 24 1 0
0 1 88 0 1 3
0 1 16 14 1 5
0 1 13 13 1 0
0 1 26 26 0 1
0 1 121 37 1 3
0 1 104 2 1 2
0 1 40 41 1 1
0 1 66 16 0 5
0 1 43 27 1 0
0 1 47 13 0 4
0 1 138 47 0 2
0 1 137 10 1 5
0 1 44 0 1 5
0 1 28 3 0 0
0 1 140 15 0 0
0 1 53 14 1 1
0 1 80 44 1 1
0 1 54 25 1 4
0 1 117 33 0 1
0 1 131 6 0 0
