0 1 26 14 0 0
0 1 13 12 1 0
0 1 111 18 1 4
0 1 92 6 1 0
0 1 104 19 0 2
0 1 42 30 1 5
0 1 79 19 1 4
0 1 108 22 0 2
0 1 90 16 1 1
0 1 31 46 1 4
0 1 93 9 0 4
0 1 76 43 1 2
0 1 109 6 0 2
0 1 137 3 0 0
0 1 7 37 0 5
0 1 98 47 1 4
0 1 72 42 1 5
0 1 127 25 1 0
0 1 58 9 0 3
0 1 98 49 0 2
0 1 53 3 1 4
0 1 34 13 0 1
0 1 4 43 1 3
0 1 42 33 0 5
0 1 89 42 1 0
0 1 90 39 0 5
0 1 89 10 0 0
0 1 86 10 1 1
0 1 18 35 0 3
0 1 11 18 0 2
0 1 49 35 1 5
0 1 67 14 1 3
0 1 5 7 1 2
0 1 0 17 1 5
0 1 73 45 0 3
0 1 129 13 0 0
0 1 91 27 0 5
0 1 64 5 1 4
0 1 136 40 0 2
0 1 128 17 0 0
0 1 8 23 1 3
0 1 135 44 1 1
0 1 10 47 0 5
0 1 68 12 1 5
0 1 123 10 0 2
0 1 61 31 1 5
0 1 24 19 0 3
0 1 35 2 1 2
0 1 115 39 0 1
0 1 114 8 1 3
0 1 18 20 1 4
0 1 35 2 0 0
0 1 20 32 1 0
0 1 131 21 0 3
0 1 12 15 0 2
0 1 112 29 0 5
0 1 79 5 0 5
0 1 103 20 1 2
0 1 39 8 1 2
0 1 85 21 1 0
0 1 130 41 1 2
0 1 3 20 0 3
0 1 113 37 0 3
0 1 126 16 1 0
0 1 123 26 1 4
0 1 121 39 0 2
0 1 8 21 0 2
0 1 137 0 1 0
0 1 88 33 0 0
0 1 31 43 0 0
0 1 126 0 0 5
0 1 107 44 1 5
0 1 97 35 0 0
0 1 87 49 0 4
0 1 69 25 0 4
0 1 66 33 0 3
0 1 21 31 0 0
0 1 147 39 0 3
0 1 70 16 0 4
0 1 53 48 0 5
0 1 100 48 1 4
0 1 49 36 0 0
0 1 121 41 1 1
0 1 142 23 1 4
0 1 94 11 1 5
0 1 144 44 1 4
0 1 60 4 1 4
0 1 96 41 1 4
0 1 43 17 1 3
0 1 82 33 1 2
0 1 44 36 0 4
0 1 117 38 0 5
0 1 132 40 1 1
0 1 147 34 1 1
0 1 37 24 0 3
0 1 75 40 0 3
0 1 26 47 1 1
0 1 134 1 1 0
0 1 51 40 1 4
0 1 145 27 0 3
0 1 138 45 1 2
0 1 6 13 0 3
0 1 95 23 1 2
0 1 99 5 0 2
0 1 40 37 0 4
0 1 28 7 1 3
0 1 33 6 1 1
0 1 4 27 0 2
0 1 107 8 0 5
0 1 92 22 0 4
0 1 146 39 1 4
0 1 141 29 0 0
0 1 48 46 1 0
0 1 47 1 1 3
0 1 58 46 1 5
0 1 136 25 1 2
0 1 122 44 0 3
0 1 111 45 0 0
0 1 46 32 1 5
0 1 32 41 1 5
0 1 71 31 0 1
0 1 11 34 1 3
0 1 27 12 0 2
0 1 59 2 1 4
0 1 124 32 0 2
0 1 9 38 1 2
0 1 19 16 0 3
0 1 29 23 1 5
0 1 45 10 0 3
0 1 106 15 1 5
0 1 21 11 1 2
0 1 50 7 1 5
0 1 30 5 0 3
0 1 25 30 0 4
0 1 80 27 0 1
0 1 34 37 1 0
0 1 51 13 0 2
0 1 139 36 1 1
0 1 91 26 1 5
0 1 144 28 0 5
0 1 52 24 1 5
0 1 22 28 1 0
0 1 17 22 1 5
0 1 86 11 0 4
0 1 32 12 0 3
0 1 112 19 1 0
0 1 23 32 0 1
0 1 27 14 1 1
0 1 46 30 0 0
0 1 81 46 1 2
0 1 110 17 1 2
0 1 78 24 0 4
0 1 9 42 0 2
0 1 59 48 0 0
0 1 118 40 0 5
0 1 5 12 0 4
0 1 65 38 1 0
0 1 7 4 1 0
0 1 84 38 0 4
0 1 139 11 0 0
0 1 52 33 0 4
0 1 64 18 0 0
0 1 14 14 0 5
0 1 140 30 0 1
0 1 66 3 1 5
0 1 48 1 0 4
0 1 74 46 1 1
0 1 20 48 0 2
0 1 120 31 0 4
0 1 45 3 1 3
0 1 55 36 0 5
0 1 120 21 1 1
0 1 76 28 0 1
0 1 84 28 1 4
0 1 96 22 0 0
0 1 118 42 1 4
0 1 16 3 1 1
0 1 15 27 1 0
0 1 38 26 0 3
0 1 124 47 1 0
0 1 148 47 0 3
0 1 54 13 0 5
0 1 101 11 0 1
0 1 122 26 1 2
0 1 110 18 0 5
0 1 105 1 0 5
0 1 39 23 0 0
0 1 108 2 1 1
0 1 148 9 1 5
0 1 102 28 1 2
0 1 93 4 1 2
0 1 22 45 0 5
0 1 41 34 0 5
0 1 12 20 1 1
0 1 142 4 0 5
0 1 134 4 0 1
0 1 36 34 1 0
0 1 83 24 0 2
0 1 115 2 1 5
0 1 36 24 0 1
0 1 54 43 1 4
0 1 100 48 0 3
0 1 131 36 1 2
0 1 109 49 1 3
0 1 80 6 1 5
0 1 117 28 1 3
0 1 25 15 1 3
0 1 82 9 0 0
0 1 57 10 0 4
0 1 62 35 0 1
0 1 103 0 0 3
0 1 77 25 0 1
0 1 70 37 1 1
0 1 77 49 1 5
0 1 57 43 1 1
0 1 105 38 1 1
0 1 13 6 0 4
0 1 61 8 0 4
0 1 69 35 1 4
0 1 65 0 0 1
0 1 106 44 0 2
0 1 60 8 0 1
0 1 81 15 0 0
0 1 30 7 1 4
0 1 44 31 1 2
0 1 38 29 1 2
0 1 125 30 1 3
0 1 71 26 1 1
0 1 0 9 0 1
0 1 130 1 0 1
0 1 17 2 0 3
0 1 3 5 1 1
0 1 63 7 0 1
0 1 101 29 1 1
0 1 119 42 0 3
0 1 6 17 1 4
0 1 114 15 0 1
0 1 99 29 1 3
0 1 141 49 1 1
0 1 87 22 1 1
0 1 140 21 1 4
0 1 149 25 0 5
0 1 33 45 0 4
0 1 56 18 0 1
0 1 143 0 1 2
0 1 40 40 1 0
0 1 10 3 1 2
0 1 68 32 0 4
0 1 116 20 1 0
0 1 29 14 0 4
0 1 146 41 0 0
0 1 14 47 1 2
0 1 2 19 1 5
0 1 43 36 0 3
0 1 50 4 0 3
0 1 74 20 0 5
0 1 128 37 1 2
0 1 2 24 0 0
0 1 129 16 1 2
0 1 104 7 1 0
0 1 85 34 0 4
0 1 55 41 1 3
0 1 132 29 0 4
0 1 88 19 1 1
0 1 28 18 0 3
0 1 102 15 0 4
0 1 78 31 1 3
0 1 95 25 0 3
0 1 133 13 1 4
0 1 67 44 0 0
