0 1 108 15 1 1
0 1 21 4 1 2
0 1 139 12 0 1
0 1 133 6 0 1
0 1 15 35 0 4
0 1 48 7 0 3
0 1 92 9 1 3
0 1 140 27 0 2
0 1 6 22 0 2
0 1 138 4 0 5
0 1 112 28 0 4
0 1 2 23 1 0
0 1 103 11 1 3
0 1 5 40 0 5
0 1 16 25 0 4
0 1 121 13 1 4
0 1 111 29 0 3
0 1 73 25 1 5
0 1 89 20 1 4
0 1 21 21 0 0
0 1 145 14 1 1
0 1 82 47 0 4
0 1 31 40 1 1
0 1 70 20 0 2
0 1 69 6 0 5
0 1 132 32 1 5
0 1 143 15 1 3
0 1 114 36 1 0
0 1 23 36 1 4
0 1 85 32 0 3
0 1 60 5 0 2
0 1 31 7 0 2
0 1 32 12 0 2
0 1 102 21 0 4
0 1 117 27 1 5
0 1 43 48 0 2
0 1 58 37 0 0
0 1 93 26 1 0
0 1 68 43 0 4
0 1 9 45 1 4
0 1 45 11 0 0
0 1 17 35 0 0
0 1 20 0 0 1
0 1 0 47 0 5
0 1 142 1 0 0
0 1 142 33 1 2
0 1 147 8 0 2
0 1 110 45 1 3
0 1 74 10 0 5
0 1 15 38 1 2
0 1 122 3 0 0
0 1 90 2 0 0
0 1 60 8 1 0
0 1 129 45 0 2
0 1 35 39 1 3
0 1 36 41 1 5
0 1 22 41 0 2
0 1 59 42 0 4
0 1 136 39 0 0
0 1 97 7 0 0
0 1 87 38 1 1
0 1 65 33 0 5
0 1 94 48 0 5
0 1 8 44 1 2
0 1 116 26 1 4
0 1 58 8 1 4
0 1 119 42 1 2
0 1 54 24 1 0
0 1 94 32 1 4
0 1 145 49 0 1
0 1 131 30 0 3
0 1 74 9 1 5
0 1 83 46 1 3
0 1 126 47 1 2
0 1 104 1 1 4
0 1 63 40 0 3
0 1 99 19 0 2
0 1 118 22 0 4
0 1 13 17 0 2
0 1 87 9 0 2
0 1 90 44 1 0
0 1 3 48 0 4
0 1 121 18 0 5
0 1 33 2 0 5
0 1 24 34 1 0
0 1 53 23 1 2
0 1 83 11 0 2
0 1 76 16 0 3
0 1 5 0 1 4
0 1 98 24 0 3
0 1 59 3 1 4
0 1 79 37 0 5
0 1 127 17 1 4
0 1 80 18 0 3
0 1 144 10 1 4
0 1 46 25 1 1
0 1 55 37 1 2
0 1 11 37 0 3
0 1 149 16 0 2
0 1 147 40 1 0
0 1 18 23 0 5
0 1 127 19 0 1
0 1 130 45 0 0
0 1 75 17 0 3
0 1 61 14 0 5
0 1 89 43 0 1
0 1 115 16 0 5
0 1 66 26 1 5
0 1 81 4 0 3
0 1 133 29 1 0
0 1 38 43 1 5
0 1 28 46 0 5
0 1 76 27 1 3
0 1 148 48 0 1
0 1 72 49 0 3
0 1 81 21 1 5
0 1 78 31 0 5
0 1 24 47 0 0
0 1 44 46 1 2
0 1 131 14 1 3
0 1 134 42 1 0
0 1 51 44 1 1
0 1 19 31 0 3
0 1 10 30 0 0
0 1 67 22 1 1
0 1 107 29 0 2
0 1 71 10 1 2
0 1 55 36 0 2
0 1 40 49 0 5
0 1 124 15 1 4
0 1 124 13 0 3
0 1 70 5 1 5
0 1 37 18 1 2
0 1 61 3 1 1
0 1 4 0 1 5
0 1 146 39 1 2
0 1 64 17 0 5
0 1 62 22 1 0
0 1 138 1 1 3
0 1 25 6 1 3
0 1 51 20 0 1
0 1 98 38 1 5
0 1 122 39 1 4
0 1 96 33 1 1
0 1 27 19 0 3
0 1 134 7 0 5
0 1 65 39 1 5
0 1 125 29 1 1
0 1 130 13 1 5
0 1 20 32 1 2
0 1 67 14 0 4
0 1 47 18 0 4
0 1 88 24 0 1
0 1 85 31 1 4
0 1 72 33 1 4
0 1 14 1 1 5
0 1 119 33 0 0
0 1 1 3 1 2
0 1 49 27 0 1
0 1 148 16 1 0
0 1 99 43 1 3
0 1 135 10 0 1
0 1 68 44 1 3
0 1 111 28 1 2
0 1 19 47 1 3
0 1 17 41 1 0
0 1 143 20 0 3
0 1 66 16 0 1
0 1 77 49 0 0
0 1 25 44 0 4
0 1 3 4 1 1
0 1 125 1 0 1
0 1 28 36 1 3
0 1 86 19 0 4
0 1 64 34 1 2
0 1 105 42 1 1
0 1 6 28 1 3
0 1 95 2 0 1
0 1 2 48 0 0
0 1 139 3 1 3
0 1 107 26 1 1
0 1 10 25 1 2
0 1 82 17 1 1
0 1 113 21 0 1
0 1 80 31 1 2
0 1 116 22 0 3
0 1 105 43 0 2
0 1 113 34 1 1
0 1 57 35 1 1
0 1 18 37 1 1
0 1 41 2 1 4
0 1 56 28 0 5
0 1 0 40 1 2
0 1 128 30 0 5
0 1 102 6 1 4
0 1 53 6 0 0
0 1 136 35 1 2
0 1 100 23 0 1
0 1 8 29 0 4
0 1 71 21 0 3
0 1 11 42 1 3
0 1 146 8 0 1
0 1 27 23 1 4
0 1 34 10 1 0
0 1 44 14 0 0
0 1 13 15 1 0
0 1 129 30 1 4
0 1 69 1 1 2
0 1 109 0 1 2
0 1 86 25 1 3
0 1 112 30 1 2
0 1 4 18 0 1
0 1 95 9 1 0
0 1 52 34 1 3
0 1 93 24 0 4
0 1 97 11 1 5
0 1 84 12 0 3
0 1 12 13 1 0
0 1 36 35 0 3
0 1 40 41 1 1
0 1 106 0 1 3
0 1 34 29 0 5
0 1 45 4 1 4
0 1 132 46 0 4
0 1 14 36 0 1
0 1 108 45 0 1
0 1 62 34 0 5
0 1 26 13 0 2
0 1 73 44 0 5
0 1 42 20 0 0
0 1 140 41 1 3
0 1 23 5 0 3
0 1 39 38 0 4
0 1 128 37 1 4
0 1 88 12 1 0
0 1 1 7 0 4
0 1 77 19 1 0
0 1 103 32 0 1
0 1 118 26 1 3
0 1 115 35 1 5
0 1 135 39 1 1
0 1 37 38 0 3
0 1 91 2 1 3
0 1 50 38 1 0
0 1 109 11 0 1
0 1 96 5 0 1
0 1 75 31 1 0
0 1 92 46 0 0
0 1 38 9 0 1
0 1 39 12 1 5
0 1 50 2 0 2
0 1 101 49 1 2
0 1 30 8 0 3
0 1 49 48 1 3
0 1 101 24 0 5
0 1 144 5 0 0
0 1 114 27 0 4
0 1 47 49 1 4
0 1 149 17 1 0
0 1 120 15 0 2
0 1 137 8 0 5
0 1 33 34 1 4
0 1 41 21 0 2
0 1 104 36 0 5
0 1 42 33 1 3
0 1 91 28 0 1
0 1 141 32 1 0
0 1 120 45 1 5
0 1 106 12 0 4
0 1 35 31 0 1
