0 1 49 15 1 0
0 1 66 20 1 0
0 1 12 46 0 2
0 1 63 35 0 5
0 1 115 49 1 1
0 1 145 9 1 5
0 1 90 22 1 1
0 1 75 4 1 4
0 1 131 2 1 4
0 1 43 1 0 0
0 1 91 18 0 0
0 1 22 48 1 5
0 1 21 16 0 3
0 1 18 8 0 1
0 1 74 15 0 4
0 1 35 15 1 2
0 1 95 4 0 3
0 1 133 11 0 3
0 1 92 45 0 3
0 1 80 0 1 2
0 1 146 44 1 5
0 1 44 43 0 5
0 1 28 34 0 2
0 1 127 6 1 1
0 1 72 11 1 5
0 1 100 28 0 5
0 1 13 21 1 1
0 1 148 16 1 0
0 1 64 42 0 3
0 1 76 46 1 4
0 1 117 0 0 1
0 1 130 39 1 4
0 1 78 36 0 0
0 1 139 13 0 3
0 1 144 24 1 2
0 1 48 33 1 1
0 1 8 45 0 2
0 1 117 14 1 5
0 1 140 9 0 3
0 1 65 24 1 5
0 1 111 31 1 1
0 1 37 23 1 1
0 1 106 41 0 3
0 1 27 19 0 5
0 1 136 37 0 0
0 1 51 42 1 4
0 1 37 40 0 3
0 1 33 13 0 0
0 1 17 44 0 0
0 1 14 2 0 2
0 1 70 21 0 3
0 1 129 10 0 1
0 1 7 47 0 3
0 1 119 21 1 5
0 1 142 22 1 2
0 1 9 10 0 5
0 1 86 7 1 0
0 1 16 23 0 4
0 1 40 35 1 2
0 1 133 31 1 2
0 1 100 40 1 0
0 1 139 32 1 0
0 1 68 34 0 0
0 1 25 3 0 0
0 1 13 40 0 5
0 1 73 33 1 5
0 1 94 38 0 4
0 1 88 27 1 0
0 1 77 25 0 1
0 1 101 5 0 3
0 1 54 12 0 2
0 1 111 29 0 1
0 1 77 27 1 1
0 1 88 17 0 5
0 1 113 28 0 3
0 1 5 5 1 5
0 1 69 36 1 4
0 1 19 8 0 3
0 1 99 24 1 1
0 1 115 33 0 3
0 1 131 39 0 0
0 1 67 26 1 2
0 1 108 41 0 1
0 1 145 34 0 1
0 1 85 9 0 0
0 1 136 19 1 0
0 1 90 8 0 2
0 1 93 18 0 1
0 1 39 17 1 4
0 1 24 3 1 2
0 1 143 3 1 1
0 1 108 2 1 0
0 1 138 38 1 0
0 1 98 20 0 1
0 1 52 2 0 1
0 1 15 29 0 4
0 1 76 6 0 4
0 1 124 21 0 0
0 1 101 43 1 2
0 1 107 14 1 4
0 1 122 4 1 1
0 1 53 25 0 4
0 1 149 16 1 4
0 1 38 15 0 3
0 1 81 48 0 3
0 1 127 32 0 2
0 1 107 12 0 0
0 1 118 19 1 3
0 1 36 48 1 4
0 1 135 35 1 3
0 1 84 4 0 5
0 1 137 18 0 5
0 1 112 30 1 1
0 1 138 28 0 0
0 1 26 30 1 4
0 1 78 49 1 0
0 1 95 20 1 4
0 1 28 9 1 1
0 1 96 43 0 1
0 1 105 46 1 5
0 1 82 9 0 4
0 1 47 7 0 1
0 1 17 38 1 2
0 1 3 25 0 0
0 1 130 39 0 5
0 1 20 5 0 1
0 1 87 32 0 3
0 1 120 10 1 2
0 1 11 1 1 5
0 1 71 22 0 5
0 1 3 25 1 2
0 1 113 18 1 3
0 1 23 9 1 2
0 1 144 26 0 4
0 1 51 12 0 4
0 1 64 30 1 5
0 1 29 45 1 5
0 1 58 10 1 3
0 1 67 3 0 3
0 1 102 45 0 4
0 1 147 38 0 3
0 1 114 41 0 5
0 1 10 0 1 4
0 1 8 15 1 1
0 1 40 16 0 5
0 1 30 36 1 2
0 1 0 0 0 3
0 1 87 6 1 5
0 1 48 47 0 0
0 1 49 1 0 1
0 1 125 6 1 3
0 1 1 12 0 3
0 1 126 7 0 5
0 1 5 6 0 0
0 1 128 30 1 2
0 1 36 24 0 4
0 1 21 31 1 4
0 1 9 35 1 0
0 1 42 36 0 5
0 1 45 40 1 2
0 1 4 32 1 5
0 1 63 11 1 2
0 1 116 43 1 0
0 1 146 10 0 0
0 1 31 25 1 3
0 1 80 26 0 5
0 1 56 29 1 2
0 1 112 22 0 3
0 1 55 27 1 2
0 1 149 42 0 5
0 1 47 17 1 2
0 1 119 42 0 2
0 1 96 7 1 4
0 1 97 22 0 0
0 1 94 10 1 4
0 1 6 49 0 2
0 1 16 33 1 2
0 1 72 18 0 4
0 1 43 38 1 1
0 1 46 17 0 3
0 1 84 37 1 3
0 1 46 19 1 4
0 1 32 23 0 0
0 1 110 11 1 4
0 1 41 2 0 3
0 1 20 49 1 5
0 1 126 6 1 2
0 1 39 19 0 1
0 1 75 14 0 3
0 1 45 25 0 5
0 1 60 26 1 3
0 1 57 27 0 4
0 1 92 8 1 0
0 1 50 3 1 5
0 1 35 44 0 1
0 1 23 27 0 5
0 1 128 37 0 4
0 1 54 13 1 4
0 1 58 27 0 3
0 1 4 29 0 0
0 1 97 37 1 2
0 1 32 14 1 1
0 1 66 1 0 4
0 1 82 41 1 0
0 1 105 42 0 0
0 1 120 40 0 1
0 1 25 4 1 2
0 1 98 28 1 1
0 1 132 24 1 0
0 1 33 32 1 4
0 1 61 31 0 3
0 1 91 44 1 4
0 1 141 34 0 5
0 1 41 44 1 3
0 1 134 14 1 2
0 1 114 39 1 2
0 1 24 20 0 5
0 1 74 47 1 4
0 1 71 37 1 5
0 1 137 28 1 2
0 1 42 46 1 3
0 1 56 17 0 1
0 1 86 8 0 4
0 1 14 5 1 2
0 1 79 11 1 0
0 1 50 12 0 5
0 1 11 13 0 2
0 1 27 16 1 2
0 1 68 23 1 2
0 1 104 31 0 0
0 1 89 41 1 4
0 1 70 3 1 4
0 1 26 1 0 2
0 1 129 29 1 3
0 1 34 46 0 1
0 1 116 13 0 5
0 1 57 47 1 1
0 1 65 47 0 2
0 1 30 5 0 0
0 1 62 43 1 3
0 1 62 21 0 4
0 1 103 45 0 0
0 1 44 39 1 3
0 1 104 30 1 3
0 1 22 14 0 0
0 1 102 47 1 5
0 1 122 43 0 4
0 1 79 29 0 5
0 1 123 34 1 3
0 1 7 20 1 2
0 1 110 48 0 0
0 1 60 49 0 4
0 1 38 23 1 3
0 1 10 5 0 4
0 1 147 26 1 0
0 1 53 35 1 4
0 1 73 26 0 1
0 1 125 33 0 0
0 1 83 35 0 1
0 1 134 0 0 5
0 1 69 12 0 1
0 1 132 8 0 5
0 1 121 46 0 0
0 1 106 36 1 3
0 1 1 31 1 5
0 1 142 16 0 1
0 1 61 32 1 1
0 1 18 39 1 1
0 1 52 48 1 1
0 1 109 7 0 2
