0 1 70 35 1 4
0 1 18 37 0 0
0 1 17 32 1 1
0 1 28 26 1 3
0 1 147 30 0 4
0 1 29 20 1 0
0 1 112 16 0 0
0 1 27 14 1 3
0 1 44 41 0 0
0 1 84 4 1 0
0 1 40 31 0 2
0 1 28 17 0 4
0 1 8 1 1 4
0 1 58 38 1 5
0 1 111 47 1 5
0 1 27 41 0 3
0 1 99 20 1 1
0 1 71 7 1 0
0 1 1 3 1 3
0 1 51 32 0 4
0 1 57 40 1 0
0 1 116 31 0 5
0 1 141 21 0 3
0 1 9 26 1 4
0 1 35 48 0 2
0 1 19 34 0 2
0 1 134 49 0 2
0 1 32 23 1 0
0 1 109 18 0 1
0 1 24 24 0 3
0 1 143 34 1 4
0 1 56 25 1 3
0 1 65 14 1 0
0 1 48 39 0 3
0 1 103 13 1 0
0 1 2 29 0 5
0 1 139 7 0 1
0 1 118 23 1 4
0 1 88 22 0 5
0 1 37 21 0 4
0 1 19 5 1 4
0 1 61 15 0 0
0 1 79 15 1 3
0 1 130 49 1 0
0 1 78 27 1 5
0 1 42 13 1 4
0 1 100 28 1 2
0 1 108 27 0 0
0 1 52 36 1 0
0 1 43 27 0 4
0 1 66 8 0 5
0 1 124 44 0 0
0 1 55 2 1 0
0 1 59 7 1 2
0 1 76 10 0 4
0 1 91 20 0 4
0 1 119 46 1 1
0 1 125 41 0 1
0 1 112 42 1 5
0 1 4 7 0 5
0 1 149 33 0 4
0 1 10 0 0 3
0 1 23 30 0 1
0 1 93 16 0 5
0 1 114 49 1 4
0 1 67 4 0 2
0 1 17 37 0 4
0 1 98 19 1 5
0 1 49 35 0 5
0 1 145 10 1 1
0 1 54 12 1 1
0 1 14 43 1 3
0 1 7 45 1 5
0 1 83 0 1 0
0 1 4 4 1 3
0 1 83 28 0 0
0 1 31 37 0 1
0 1 122 39 1 1
0 1 86 32 0 5
0 1 87 24 0 5
0 1 52 18 0 3
0 1 139 11 1 3
0 1 69 27 0 1
0 1 62 9 0 4
0 1 32 43 0 5
0 1 145 10 0 2
0 1 142 3 1 5
0 1 23 44 1 4
0 1 61 47 1 2
0 1 126 9 1 2
0 1 75 48 0 4
0 1 66 1 1 2
0 1 77 36 1 2
0 1 89 28 1 1
0 1 99 6 0 5
0 1 36 34 0 1
0 1 148 46 1 2
0 1 22 17 1 2
0 1 31 34 1 5
0 1 72 38 0 0
0 1 131 38 1 1
0 1 127 45 1 4
0 1 21 19 0 3
0 1 110 0 0 2
0 1 46 10 0 0
0 1 74 11 1 1
0 1 80 46 0 4
0 1 125 11 1 0
0 1 29 11 0 2
0 1 149 31 1 1
0 1 97 25 0 1
0 1 96 28 1 4
0 1 110 12 1 5
0 1 148 42 0 1
0 1 42 30 0 2
0 1 106 25 0 0
0 1 105 2 0 5
0 1 75 43 1 2
0 1 46 3 1 1
0 1 78 6 0 1
0 1 64 29 0 2
0 1 14 22 0 1
0 1 43 5 1 1
0 1 100 39 0 5
0 1 57 19 0 2
0 1 124 8 1 0
0 1 113 6 0 3
0 1 102 32 1 0
0 1 55 33 0 2
0 1 90 40 1 1
0 1 144 40 0 3
0 1 115 18 0 5
0 1 106 23 1 5
0 1 33 35 0 2
0 1 64 18 1 0
0 1 82 24 0 0
0 1 128 19 0 1
0 1 85 33 1 0
0 1 30 29 1 0
0 1 12 28 0 3
0 1 129 12 1 4
0 1 25 14 0 2
0 1 36 37 1 3
0 1 95 25 1 2
0 1 40 1 1 0
0 1 5 3 1 4
0 1 13 46 0 0
0 1 11 9 1 1
0 1 67 45 1 1
0 1 135 34 1 0
0 1 33 12 1 3
0 1 16 33 0 3
0 1 93 44 1 1
0 1 71 16 0 3
0 1 11 30 0 5
0 1 129 3 0 2
0 1 41 23 1 1
0 1 49 39 1 4
0 1 73 8 1 1
0 1 53 41 1 5
0 1 87 11 1 5
0 1 81 16 0 2
0 1 20 21 0 0
0 1 44 0 1 5
0 1 54 17 0 3
0 1 140 31 1 4
0 1 115 48 1 1
0 1 92 38 1 4
0 1 127 10 0 5
0 1 18 8 1 2
0 1 138 45 1 0
0 1 137 4 1 5
0 1 30 19 0 0
0 1 123 6 1 2
0 1 24 20 1 2
0 1 89 13 0 3
0 1 141 33 1 1
0 1 111 48 0 0
0 1 142 40 0 2
0 1 107 41 0 2
0 1 135 42 0 0
0 1 72 43 1 4
0 1 74 22 0 2
0 1 118 35 0 0
0 1 35 24 1 2
0 1 59 26 0 1
0 1 132 6 0 4
0 1 117 36 1 3
0 1 88 30 1 0
0 1 79 2 0 1
0 1 38 14 1 5
0 1 94 26 1 5
0 1 80 15 1 2
0 1 3 13 0 1
0 1 119 22 0 0
0 1 132 47 1 4
0 1 108 24 1 1
0 1 65 42 0 2
0 1 45 4 1 1
0 1 136 47 0 3
0 1 143 38 0 3
0 1 105 4 1 4
0 1 70 14 0 4
0 1 16 8 1 4
0 1 147 37 1 5
0 1 6 21 1 1
0 1 0 5 0 5
0 1 104 48 0 3
0 1 1 5 0 3
0 1 101 42 0 3
0 1 56 12 0 2
0 1 144 44 1 5
0 1 104 49 1 5
0 1 131 15 0 5
0 1 113 26 1 2
0 1 37 2 1 2
0 1 91 29 1 1
0 1 3 21 1 2
0 1 47 46 0 5
0 1 97 1 1 3
0 1 10 18 1 2
0 1 7 45 0 3
0 1 68 44 0 2
0 1 21 7 1 4
0 1 47 17 1 0
0 1 8 25 0 5
0 1 107 9 1 3
0 1 121 36 0 4
0 1 98 31 0 0
0 1 84 22 0 3
0 1 81 16 1 4
0 1 117 20 0 3
0 1 45 1 0 5
0 1 22 47 0 1
0 1 2 27 1 2
0 1 34 26 0 0
0 1 48 13 1 5
0 1 51 40 1 5
0 1 39 35 1 1
0 1 116 32 1 3
0 1 15 23 0 3
0 1 90 3 0 0
0 1 77 9 0 0
0 1 39 2 0 4
0 1 102 5 0 2
0 1 122 0 0 4
0 1 133 36 1 5
0 1 136 0 1 1
0 1 101 15 1 1
0 1 85 40 0 4
0 1 60 49 0 1
0 1 68 43 1 0
0 1 96 35 0 3
0 1 58 13 0 2
0 1 95 29 0 3
0 1 20 17 1 5
0 1 130 41 0 4
0 1 103 39 0 2
0 1 92 49 0 3
0 1 0 44 1 3
0 1 50 9 1 5
0 1 120 22 0 4
0 1 53 42 0 4
0 1 140 25 0 4
0 1 138 8 0 3
0 1 12 16 1 1
0 1 6 29 0 4
0 1 26 18 0 4
0 1 86 27 1 3
0 1 76 12 1 0
