0 1 17 4 1 1
0 1 2 15 0 3
0 1 50 25 0 3
0 1 12 13 1 5
0 1 24 25 1 5
0 1 133 3 0 0
0 1 51 14 0 2
0 1 64 28 1 5
0 1 135 11 1 3
0 1 122 15 1 1
0 1 111 48 1 3
0 1 104 44 1 4
0 1 69 45 0 5
0 1 103 18 1 1
0 1 5 33 1 4
0 1 16 18 1 0
0 1 136 0 0 3
0 1 15 8 1 5
0 1 43 49 1 0
0 1 128 21 0 4
0 1 149 20 0 1
0 1 148 10 1 3
0 1 75 44 0 5
0 1 33 7 1 1
0 1 134 39 0 2
0 1 84 35 1 4
0 1 97 29 1 0
0 1 111 18 0 2
0 1 29 24 1 0
0 1 122 43 0 2
0 1 28 14 0 3
0 1 20 4 1 5
0 1 45 22 1 0
0 1 5 37 0 1
0 1 59 26 1 1
0 1 95 11 1 4
0 1 38 30 0 1
0 1 67 23 0 5
0 1 8 20 0 2
0 1 37 47 1 5
0 1 14 5 1 4
0 1 11 24 1 3
0 1 73 30 1 3
0 1 79 12 0 2
0 1 46 23 1 2
0 1 69 28 1 3
0 1 146 15 0 4
0 1 82 2 1 5
0 1 137 16 0 2
0 1 82 11 0 1
0 1 21 3 1 3
0 1 114 4 0 2
0 1 78 43 1 4
0 1 73 46 0 2
0 1 52 0 1 0
0 1 40 1 1 0
0 1 99 16 1 1
0 1 107 41 0 1
0 1 8 17 1 0
0 1 105 17 0 4
0 1 141 6 0 1
0 1 10 6 0 2
0 1 147 40 0 1
0 1 131 23 0 1
0 1 32 29 1 2
0 1 36 24 0 2
0 1 132 7 1 5
0 1 116 37 1 0
0 1 127 17 0 2
0 1 108 34 1 4
0 1 56 22 1 3
0 1 32 32 0 1
0 1 93 9 0 2
0 1 16 33 0 5
0 1 139 10 0 2
0 1 85 34 0 2
0 1 0 49 0 4
0 1 4 47 1 3
0 1 36 41 1 2
0 1 84 9 0 1
0 1 34 38 0 0
0 1 116 36 0 1
0 1 94 13 1 0
0 1 47 40 1 3
0 1 38 19 1 1
0 1 26 2 1 1
0 1 49 44 1 3
0 1 7 31 0 2
0 1 30 27 1 4
0 1 108 24 0 4
0 1 6 9 0 5
0 1 24 12 0 4
0 1 28 13 1 4
0 1 98 26 0 4
0 1 106 1 0 2
0 1 48 39 1 0
0 1 21 15 0 2
0 1 42 42 0 0
0 1 118 45 0 0
0 1 6 27 1 0
0 1 106 36 1 5
0 1 89 5 1 0
0 1 30 2 0 4
0 1 86 32 1 2
0 1 140 20 0 0
0 1 71 46 1 1
0 1 103 43 0 1
0 1 31 42 0 3
0 1 35 19 0 2
0 1 96 33 0 3
0 1 76 38 0 5
0 1 91 37 0 3
0 1 48 42 0 2
0 1 23 8 1 1
0 1 130 0 1 1
0 1 70 39 0 4
0 1 114 11 1 0
0 1 9 8 0 3
0 1 39 21 0 2
0 1 44 21 1 1
0 1 1 33 1 1
0 1 22 30 0 5
0 1 127 46 1 5
0 1 25 7 0 2
0 1 15 16 0 0
0 1 1 27 0 5
0 1 3 17 0 1
0 1 126 46 0 4
0 1 57 45 0 1
0 1 34 25 1 4
0 1 97 30 0 2
0 1 63 32 0 4
0 1 117 22 0 1
0 1 81 7 0 3
0 1 140 22 1 5
0 1 22 11 1 2
0 1 115 8 0 4
0 1 58 40 0 0
0 1 137 19 1 5
0 1 83 8 0 0
0 1 92 35 1 1
0 1 72 41 1 5
0 1 139 25 1 1
0 1 76 5 1 2
0 1 143 4 1 4
0 1 62 28 0 4
0 1 124 38 1 3
0 1 128 0 1 4
0 1 29 10 0 5
0 1 42 31 1 3
0 1 0 10 1 1
0 1 50 19 1 4
0 1 54 31 0 4
0 1 144 26 1 2
0 1 147 33 1 2
0 1 53 44 0 1
0 1 31 17 1 5
0 1 132 45 0 4
0 1 19 38 0 4
0 1 102 12 0 5
0 1 57 0 1 5
0 1 104 36 0 3
0 1 74 15 0 5
0 1 80 32 0 0
0 1 23 13 0 3
0 1 83 23 1 4
0 1 129 6 0 3
0 1 74 14 1 5
0 1 41 16 1 5
0 1 90 17 1 3
0 1 11 20 0 4
0 1 129 21 1 0
0 1 27 49 1 1
0 1 145 47 1 1
0 1 146 48 1 1
0 1 18 26 1 5
0 1 66 36 1 4
0 1 53 4 1 0
0 1 58 3 1 2
0 1 119 13 0 1
0 1 17 31 0 5
0 1 121 42 0 1
0 1 52 29 0 3
0 1 148 29 0 5
0 1 39 2 1 0
0 1 19 47 1 2
0 1 88 28 1 1
0 1 41 1 0 1
0 1 7 26 1 3
0 1 110 43 1 3
0 1 45 44 0 0
0 1 112 3 0 4
0 1 99 5 0 3
0 1 138 14 1 1
0 1 12 27 0 3
0 1 40 21 0 3
0 1 60 19 0 0
0 1 121 44 1 2
0 1 138 3 0 5
0 1 72 7 0 4
0 1 56 39 0 5
0 1 61 18 0 5
0 1 88 38 0 2
0 1 20 30 0 4
0 1 13 46 0 3
0 1 136 34 1 3
0 1 64 12 0 3
0 1 131 14 1 4
0 1 44 27 0 1
0 1 123 39 0 3
0 1 87 48 0 4
0 1 70 22 1 4
0 1 120 42 1 5
0 1 25 12 1 0
0 1 149 36 1 2
0 1 68 28 1 2
0 1 63 35 1 0
0 1 135 47 0 4
0 1 13 23 1 0
0 1 54 35 1 5
0 1 43 49 0 5
0 1 113 10 0 4
0 1 118 43 1 5
0 1 87 16 1 3
0 1 86 13 0 2
0 1 59 34 0 5
0 1 62 9 1 0
0 1 3 37 1 2
0 1 115 32 1 5
0 1 9 24 1 1
0 1 37 29 0 4
0 1 85 41 1 4
0 1 126 31 1 0
0 1 61 1 1 3
0 1 65 6 1 0
0 1 107 46 1 0
0 1 100 35 0 3
0 1 117 41 1 0
0 1 144 20 0 3
0 1 14 28 0 0
0 1 79 48 1 0
0 1 134 32 1 3
0 1 142 25 0 0
0 1 65 2 0 2
0 1 75 22 1 2
0 1 100 4 1 3
0 1 124 37 0 4
0 1 4 23 0 3
0 1 55 21 1 5
0 1 101 6 1 4
0 1 81 49 1 2
0 1 47 45 0 2
0 1 133 34 1 0
0 1 80 40 1 4
0 1 142 47 1 0
0 1 89 5 0 5
0 1 95 19 0 3
0 1 46 40 0 5
0 1 49 40 0 2
0 1 26 35 0 2
0 1 120 11 0 5
0 1 110 1 0 4
0 1 51 8 1 2
0 1 77 9 0 3
0 1 94 27 0 2
0 1 92 30 0 0
0 1 27 15 0 0
0 1 123 3 1 1
0 1 109 0 0 2
0 1 68 10 0 0
