0 1 35 42 0 0
0 1 111 10 1 5
0 1 37 14 0 1
0 1 92 43 0 2
0 1 82 41 0 1
0 1 54 24 0 3
0 1 27 2 0 0
0 1 53 32 1 3
0 1 89 21 1 0
0 1 149 12 1 1
0 1 146 11 1 4
0 1 143 46 0 3
0 1 7 17 0 3
0 1 131 27 1 0
0 1 81 1 1 5
0 1 121 34 0 0
0 1 78 1 1 0
0 1 43 38 1 1
0 1 130 14 1 0
0 1 111 36 0 5
0 1 30 15 0 3
0 1 61 38 0 2
0 1 75 9 0 2
0 1 12 3 1 1
0 1 6 44 0 3
0 1 80 19 0 3
0 1 16 39 1 4
0 1 92 44 1 1
0 1 127 40 1 0
0 1 70 30 1 0
0 1 120 31 0 1
0 1 10 35 1 5
0 1 136 5 1 3
0 1 103 26 0 5
0 1 80 3 1 4
0 1 147 43 1 3
0 1 115 6 1 3
0 1 94 11 0 2
0 1 148 16 1 5
0 1 75 8 1 2
0 1 119 28 0 5
0 1 84 27 1 3
0 1 142 34 0 2
0 1 52 17 1 5
0 1 139 6 1 4
0 1 105 31 1 2
0 1 72 0 0 1
0 1 68 33 0 2
0 1 33 20 1 4
0 1 101 40 0 3
0 1 45 7 0 1
0 1 108 13 0 4
0 1 49 41 0 3
0 1 135 23 1 5
0 1 58 36 0 3
0 1 14 18 0 1
0 1 9 47 0 2
0 1 9 12 1 5
0 1 41 23 0 2
0 1 34 0 1 2
0 1 69 29 0 1
0 1 15 18 0 0
0 1 17 37 0 0
0 1 56 27 1 1
0 1 116 39 1 1
0 1 112 13 1 3
0 1 24 4 0 3
0 1 0 42 0 3
0 1 2 30 0 2
0 1 91 40 0 4
0 1 7 29 1 4
0 1 0 39 1 5
0 1 28 37 1 4
0 1 22 31 0 5
0 1 126 24 0 0
0 1 85 45 0 3
0 1 128 24 1 2
0 1 76 31 0 4
0 1 93 16 0 2
0 1 13 37 1 1
0 1 112 24 0 5
0 1 114 21 1 4
0 1 96 30 0 1
0 1 71 25 1 0
0 1 96 2 1 3
0 1 68 25 1 5
0 1 77 46 0 5
0 1 132 21 1 5
0 1 140 41 0 2
0 1 18 33 0 3
0 1 83 4 0 1
0 1 128 15 0 4
0 1 60 8 0 1
0 1 57 16 1 1
0 1 129 47 0 3
0 1 79 49 1 2
0 1 98 23 0 0
0 1 46 4 1 4
0 1 113 48 0 2
0 1 85 22 1 1
0 1 62 26 0 0
0 1 28 7 0 2
0 1 115 22 0 3
0 1 53 31 0 3
0 1 31 44 1 4
0 1 37 10 1 0
0 1 110 30 1 4
0 1 143 1 1 1
0 1 110 7 0 3
0 1 21 10 1 4
0 1 106 16 1 3
0 1 57 19 0 5
0 1 4 45 0 2
0 1 45 3 1 3
0 1 55 26 0 3
0 1 131 25 0 1
0 1 23 32 0 1
0 1 95 11 1 1
0 1 62 43 1 1
0 1 98 11 1 3
0 1 121 6 1 1
0 1 145 5 0 5
0 1 138 49 1 4
0 1 136 38 0 0
0 1 134 22 1 5
0 1 116 29 0 3
0 1 47 6 0 5
0 1 132 15 0 1
0 1 104 27 1 5
0 1 100 17 0 4
0 1 83 14 1 3
0 1 97 15 1 0
0 1 64 6 1 2
0 1 87 49 0 0
0 1 149 37 0 5
0 1 51 14 1 4
0 1 88 31 1 0
0 1 105 19 0 2
0 1 54 41 1 5
0 1 82 13 1 5
0 1 26 37 0 2
0 1 125 47 1 1
0 1 33 2 0 5
0 1 5 47 0 5
0 1 46 18 0 4
0 1 63 35 0 0
0 1 5 18 1 3
0 1 11 35 1 3
0 1 144 5 0 0
0 1 59 24 1 4
0 1 30 45 1 0
0 1 21 3 0 5
0 1 59 26 0 1
0 1 141 3 1 2
0 1 146 45 0 4
0 1 48 12 0 2
0 1 127 32 0 0
0 1 17 2 1 2
0 1 50 38 0 3
0 1 26 5 1 4
0 1 70 40 0 1
0 1 137 25 0 2
0 1 94 36 1 1
0 1 60 33 1 1
0 1 120 0 1 5
0 1 90 36 1 4
0 1 106 8 0 3
0 1 76 13 1 0
0 1 40 19 0 4
0 1 124 38 0 4
0 1 43 32 0 5
0 1 118 35 0 4
0 1 74 10 0 2
0 1 38 8 0 0
0 1 25 43 0 0
0 1 11 34 0 1
0 1 8 29 0 0
0 1 123 9 0 1
0 1 65 2 0 4
0 1 114 22 0 2
0 1 66 42 1 1
0 1 3 7 1 4
0 1 122 28 1 3
0 1 102 49 1 3
0 1 86 39 0 3
0 1 49 18 1 5
0 1 35 33 1 5
0 1 100 20 1 1
0 1 97 25 0 3
0 1 124 48 1 4
0 1 130 28 0 1
0 1 42 27 1 4
0 1 50 15 1 5
0 1 71 8 0 4
0 1 122 47 0 4
0 1 29 10 0 1
0 1 134 19 0 0
0 1 117 14 1 5
0 1 66 22 0 4
0 1 103 44 1 2
0 1 22 20 1 5
0 1 135 40 0 2
0 1 29 36 1 0
0 1 42 34 0 5
0 1 63 16 1 0
0 1 64 9 0 0
0 1 12 21 0 2
0 1 108 17 1 1
0 1 65 46 1 0
0 1 19 30 0 5
0 1 99 4 0 2
0 1 32 1 1 4
0 1 133 22 1 0
0 1 36 33 1 4
0 1 16 6 0 0
0 1 39 23 1 1
0 1 107 9 1 4
0 1 87 17 1 0
0 1 1 45 1 1
0 1 117 42 0 5
0 1 109 12 0 3
0 1 91 49 1 5
0 1 44 32 0 2
0 1 140 39 1 2
0 1 19 7 1 0
0 1 32 28 0 4
0 1 23 28 1 2
0 1 72 46 1 4
0 1 34 20 0 3
0 1 56 48 0 5
0 1 18 9 1 3
0 1 14 46 1 1
0 1 81 44 0 5
0 1 99 20 1 0
0 1 67 39 0 0
0 1 95 48 0 3
0 1 79 29 0 2
0 1 69 0 1 0
0 1 147 0 0 4
0 1 1 5 0 2
0 1 73 41 1 4
0 1 4 35 1 1
0 1 58 43 1 5
0 1 129 46 1 2
0 1 139 15 0 2
0 1 109 42 1 2
0 1 67 4 1 5
0 1 102 13 0 2
0 1 125 1 0 2
0 1 133 35 0 2
0 1 55 11 1 5
0 1 51 49 0 1
0 1 8 21 1 3
0 1 144 40 1 5
0 1 15 20 1 2
0 1 13 48 0 0
0 1 27 10 1 3
0 1 3 12 0 0
0 1 73 34 0 3
0 1 93 44 1 0
0 1 126 26 1 4
0 1 101 37 1 3
0 1 2 7 1 5
0 1 36 45 0 5
0 1 148 41 0 0
0 1 41 0 1 3
0 1 52 9 0 5
0 1 123 42 1 4
0 1 24 28 1 0
0 1 118 4 1 0
