0 1 147 13 0 5
0 1 144 12 1 4
0 1 56 22 1 3
0 1 78 18 1 2
0 1 7 34 1 3
0 1 118 13 1 3
0 1 75 42 0 2
0 1 149 44 0 5
0 1 41 3 1 4
0 1 65 21 1 4
0 1 145 46 0 5
0 1 17 13 1 4
0 1 40 1 0 4
0 1 113 16 0 4
0 1 91 37 0 0
0 1 111 5 1 5
0 1 112 36 0 5
0 1 96 26 1 4
0 1 80 31 1 0
0 1 118 6 0 2
0 1 114 40 0 0
0 1 86 4 1 1
0 1 62 40 0 3
0 1 55 0 0 1
0 1 145 9 1 2
0 1 64 15 0 1
0 1 79 24 0 3
0 1 87 7 1 5
0 1 48 15 1 3
0 1 110 39 0 5
0 1 96 45 0 2
0 1 124 45 1 1
0 1 65 28 0 4
0 1 58 8 1 1
0 1 111 32 0 4
0 1 23 36 0 2
0 1 41 27 0 0
0 1 25 30 1 2
0 1 82 28 0 2
0 1 26 4 0 3
0 1 52 49 1 1
0 1 68 31 0 3
0 1 99 38 0 5
0 1 0 33 0 4
0 1 72 22 0 1
0 1 74 3 0 3
0 1 141 2 0 5
0 1 30 48 0 1
0 1 78 38 0 1
0 1 92 30 1 5
0 1 29 29 1 2
0 1 54 9 0 3
0 1 30 1 1 2
0 1 106 34 0 0
0 1 54 43 1 1
0 1 53 35 0 0
0 1 142 38 1 2
0 1 34 41 1 0
0 1 20 23 0 0
0 1 70 2 0 3
0 1 103 32 0 1
0 1 43 33 0 3
0 1 90 22 0 2
0 1 67 42 0 4
0 1 14 30 0 3
0 1 81 49 1 5
0 1 21 31 0 5
0 1 3 20 0 3
0 1 141 14 1 0
0 1 137 34 0 5
0 1 121 25 0 3
0 1 62 10 1 0
0 1 68 47 1 2
0 1 109 22 0 5
0 1 34 37 0 4
0 1 16 5 1 3
0 1 24 48 1 2
0 1 99 33 1 2
0 1 101 11 0 4
0 1 140 45 0 4
0 1 87 18 0 0
0 1 33 12 0 1
0 1 9 39 0 4
0 1 44 7 0 3
0 1 13 17 0 3
0 1 2 27 1 2
0 1 93 25 0 1
0 1 117 35 1 5
0 1 44 43 1 0
0 1 59 2 1 0
0 1 11 24 1 2
0 1 61 5 1 4
0 1 128 32 0 5
0 1 5 7 1 2
0 1 123 49 1 4
0 1 69 21 1 2
0 1 46 16 1 3
0 1 31 37 1 1
0 1 18 11 0 2
0 1 119 6 1 1
0 1 12 19 0 1
0 1 76 33 0 0
0 1 46 12 0 0
0 1 109 27 1 5
0 1 89 19 1 5
0 1 95 41 1 1
0 1 102 40 0 2
0 1 49 14 1 5
0 1 39 3 1 0
0 1 67 23 1 4
0 1 146 42 1 5
0 1 88 9 0 4
0 1 91 9 1 1
0 1 10 16 1 1
0 1 104 1 0 1
0 1 69 18 0 3
0 1 42 17 0 5
0 1 50 38 0 0
0 1 1 40 1 4
0 1 43 47 1 3
0 1 39 23 0 3
0 1 33 28 1 3
0 1 13 4 1 0
0 1 75 16 1 2
0 1 1 2 0 4
0 1 131 13 1 0
0 1 60 0 1 3
0 1 107 49 0 2
0 1 83 20 1 4
0 1 110 0 1 0
0 1 147 27 1 4
0 1 63 12 1 5
0 1 47 14 1 4
0 1 136 31 0 2
0 1 125 32 0 3
0 1 127 44 0 2
0 1 112 26 1 5
0 1 89 29 0 1
0 1 4 8 1 0
0 1 113 26 1 2
0 1 23 35 1 3
0 1 8 20 0 1
0 1 128 24 1 0
0 1 38 17 1 2
0 1 26 37 1 2
0 1 139 2 1 2
0 1 132 41 0 5
0 1 136 15 1 0
0 1 36 44 1 4
0 1 144 44 0 1
0 1 121 1 1 3
0 1 73 14 0 2
0 1 53 30 1 1
0 1 42 34 1 2
0 1 131 26 0 1
0 1 81 11 0 3
0 1 27 13 0 2
0 1 38 8 0 5
0 1 127 11 1 0
0 1 77 30 1 4
0 1 143 48 1 0
0 1 6 36 0 4
0 1 97 35 0 4
0 1 124 36 0 0
0 1 120 0 0 5
0 1 101 20 1 0
0 1 0 8 1 3
0 1 4 30 0 0
0 1 24 45 0 3
0 1 116 3 1 1
0 1 122 29 0 4
0 1 6 42 1 1
0 1 100 29 1 3
0 1 32 45 1 5
0 1 20 10 1 1
0 1 133 35 0 1
0 1 140 46 1 2
0 1 122 10 1 2
0 1 28 2 0 1
0 1 66 0 0 2
0 1 143 17 0 4
0 1 70 33 1 1
0 1 102 49 1 0
0 1 40 23 1 5
0 1 2 46 0 0
0 1 80 6 0 3
0 1 116 28 0 1
0 1 77 18 0 5
0 1 14 19 1 2
0 1 137 43 1 5
0 1 31 43 0 2
0 1 88 7 1 4
0 1 138 26 0 3
0 1 3 43 1 3
0 1 123 19 0 4
0 1 57 48 0 4
0 1 132 10 1 3
0 1 29 21 0 0
0 1 60 28 0 0
0 1 119 16 0 0
0 1 21 21 1 5
0 1 47 6 0 0
0 1 79 47 1 0
0 1 148 46 1 1
0 1 115 40 1 1
0 1 97 38 1 3
0 1 133 4 1 5
0 1 104 22 1 4
0 1 28 3 1 2
0 1 74 5 1 0
0 1 76 39 1 3
0 1 72 48 1 5
0 1 63 24 0 5
0 1 98 15 1 5
0 1 71 12 0 3
0 1 12 21 1 1
0 1 117 42 0 3
0 1 61 36 0 3
0 1 19 25 0 5
0 1 98 41 0 3
0 1 18 1 1 5
0 1 16 23 0 2
0 1 83 32 0 2
0 1 107 3 1 5
0 1 9 46 1 4
0 1 45 24 0 4
0 1 58 20 0 5
0 1 64 25 1 2
0 1 120 4 1 4
0 1 49 18 0 1
0 1 126 41 1 4
0 1 149 19 1 0
0 1 22 34 1 4
0 1 146 39 0 1
0 1 52 9 0 0
0 1 50 10 1 5
0 1 130 31 1 4
0 1 93 46 1 3
0 1 108 37 0 3
0 1 8 17 1 0
0 1 84 47 1 5
0 1 129 47 0 1
0 1 36 29 0 5
0 1 25 4 0 2
0 1 103 21 1 3
0 1 85 14 0 1
0 1 148 27 0 3
0 1 11 8 0 2
0 1 108 31 1 1
0 1 92 44 0 3
0 1 37 47 1 4
0 1 84 11 0 5
0 1 125 23 1 1
0 1 130 7 0 0
0 1 22 25 0 0
0 1 94 15 1 2
0 1 129 48 1 3
0 1 85 6 1 4
0 1 94 29 0 0
0 1 115 45 0 0
0 1 86 36 0 1
0 1 35 39 1 0
0 1 114 13 1 1
0 1 135 49 0 3
0 1 142 32 0 0
0 1 15 40 0 5
0 1 5 5 0 1
0 1 7 16 0 5
0 1 59 34 0 1
0 1 35 33 0 5
