0 1 16 26 1 1
0 1 8 17 1 5
0 1 114 48 0 2
0 1 77 14 1 0
0 1 2 41 0 0
0 1 21 12 1 2
0 1 137 1 1 1
0 1 94 13 1 0
0 1 108 36 1 2
0 1 10 35 0 5
0 1 82 4 1 5
0 1 71 42 1 1
0 1 107 25 0 3
0 1 111 22 0 0
0 1 124 28 1 1
0 1 8 40 0 5
0 1 3 33 0 2
0 1 11 4 1 2
0 1 138 38 1 4
0 1 95 32 1 4
0 1 20 47 1 0
0 1 51 1 0 4
0 1 76 2 1 2
0 1 117 38 1 3
0 1 149 21 0 5
0 1 77 43 0 2
0 1 58 27 0 1
0 1 108 30 0 3
0 1 61 33 1 0
0 1 62 8 1 3
0 1 146 9 1 4
0 1 79 26 1 3
0 1 125 16 0 1
0 1 72 36 1 1
0 1 27 19 0 4
0 1 121 8 1 1
0 1 20 7 0 1
0 1 44 44 1 2
0 1 34 11 0 5
0 1 89 29 0 3
0 1 45 46 0 2
0 1 140 17 1 0
0 1 106 47 0 5
0 1 113 8 1 2
0 1 41 11 0 1
0 1 97 13 0 5
0 1 128 14 1 1
0 1 43 6 0 5
0 1 39 18 0 0
0 1 63 48 1 4
0 1 87 0 1 3
0 1 122 26 0 4
0 1 83 9 1 0
0 1 25 24 0 4
0 1 91 3 0 3
0 1 56 5 1 3
0 1 130 14 0 2
0 1 69 21 0 3
0 1 88 34 1 2
0 1 113 23 0 2
0 1 127 49 1 5
0 1 59 5 0 2
0 1 9 41 1 5
0 1 133 12 0 5
0 1 4 24 1 2
0 1 16 44 0 4
0 1 78 19 0 0
0 1 115 49 0 3
0 1 46 24 1 3
0 1 100 16 0 4
0 1 29 11 1 4
0 1 132 40 1 2
0 1 90 10 1 1
0 1 33 22 1 3
0 1 123 45 1 1
0 1 139 43 1 3
0 1 18 9 1 5
0 1 111 35 1 4
0 1 78 16 1 3
0 1 13 2 1 1
0 1 140 39 0 2
0 1 122 18 1 5
0 1 57 16 0 5
0 1 65 15 1 3
0 1 38 35 1 3
0 1 66 36 0 0
0 1 144 39 1 3
0 1 123 7 0 3
0 1 129 45 1 0
0 1 19 43 1 1
0 1 57 3 1 5
0 1 141 27 0 4
0 1 6 5 1 0
0 1 35 39 1 4
0 1 60 10 1 3
0 1 145 40 0 4
0 1 5 30 1 2
0 1 118 12 1 4
0 1 88 23 0 3
0 1 7 34 0 5
0 1 86 43 1 0
0 1 69 2 1 3
0 1 76 6 0 4
0 1 135 31 0 3
0 1 97 14 1 3
0 1 50 20 0 0
0 1 50 28 1 4
0 1 24 37 1 1
0 1 135 1 1 5
0 1 53 37 0 5
0 1 47 10 0 2
0 1 24 13 0 2
0 1 99 6 0 0
0 1 136 27 0 0
0 1 43 30 1 5
0 1 102 7 1 5
0 1 73 42 0 2
0 1 104 29 1 2
0 1 75 47 1 3
0 1 60 4 0 0
0 1 52 18 0 2
0 1 132 49 0 2
0 1 144 25 0 4
0 1 14 46 1 3
0 1 54 20 0 4
0 1 119 17 0 2
0 1 87 15 0 5
0 1 14 30 0 1
0 1 96 32 0 2
0 1 48 15 0 4
0 1 28 10 0 4
0 1 12 29 1 4
0 1 124 37 0 4
0 1 80 38 0 0
0 1 27 32 1 0
0 1 136 41 1 1
0 1 131 32 1 3
0 1 30 2 1 4
0 1 68 42 1 4
0 1 67 2 1 0
0 1 40 5 0 4
0 1 17 33 1 4
0 1 68 3 0 1
0 1 38 22 0 2
0 1 13 38 0 1
0 1 115 0 1 0
0 1 83 0 0 5
0 1 64 4 1 4
0 1 81 27 0 3
0 1 71 22 0 1
0 1 143 46 1 4
0 1 2 35 1 1
0 1 18 28 0 5
0 1 37 29 1 0
0 1 131 14 0 4
0 1 92 31 1 5
0 1 119 45 1 4
0 1 105 15 0 2
0 1 59 13 1 4
0 1 74 24 0 1
0 1 3 8 1 4
0 1 52 31 1 2
0 1 47 49 1 1
0 1 1 26 1 5
0 1 10 31 1 0
0 1 90 1 0 2
0 1 86 6 0 1
0 1 65 33 0 1
0 1 39 48 1 0
0 1 7 41 1 2
0 1 49 11 0 3
0 1 32 46 0 5
0 1 141 39 1 1
0 1 41 36 1 5
0 1 102 38 0 2
0 1 133 29 1 1
0 1 30 27 0 5
0 1 33 17 0 4
0 1 70 9 0 3
0 1 23 45 0 3
0 1 9 42 0 3
0 1 28 37 1 2
0 1 126 34 0 0
0 1 11 28 0 3
0 1 72 47 0 2
0 1 103 4 1 1
0 1 147 7 0 2
0 1 120 5 0 5
0 1 15 0 1 2
0 1 31 13 0 1
0 1 34 48 1 1
0 1 126 23 1 5
0 1 80 3 1 2
0 1 145 34 1 4
0 1 48 10 1 5
0 1 98 3 0 0
0 1 42 23 0 1
0 1 22 0 0 4
0 1 137 18 0 3
0 1 55 43 1 5
0 1 114 35 1 2
0 1 66 6 1 3
0 1 121 32 0 1
0 1 139 16 0 2
0 1 29 18 0 1
0 1 147 42 1 5
0 1 103 41 0 4
0 1 32 19 1 3
0 1 62 37 0 0
0 1 40 44 1 5
0 1 84 31 0 4
0 1 95 15 0 0
0 1 116 33 0 5
0 1 98 22 1 4
0 1 61 39 0 0
0 1 128 7 0 0
0 1 93 5 0 1
0 1 82 12 0 3
0 1 89 40 1 0
0 1 109 44 0 0
0 1 58 20 1 2
0 1 93 7 1 4
0 1 31 46 1 1
0 1 148 47 1 4
0 1 36 20 0 3
0 1 56 24 0 0
0 1 6 23 0 0
0 1 92 40 0 3
0 1 110 20 1 5
0 1 107 25 1 2
0 1 84 1 1 3
0 1 129 28 0 0
0 1 142 25 1 5
0 1 138 45 0 5
0 1 55 21 0 2
0 1 112 19 1 1
0 1 1 17 0 3
0 1 117 30 0 4
0 1 37 48 0 5
0 1 100 9 1 2
0 1 46 44 0 1
0 1 53 19 1 5
0 1 17 35 0 0
0 1 19 8 0 0
0 1 116 39 1 5
0 1 54 26 1 0
0 1 64 21 0 1
0 1 4 34 0 3
0 1 110 31 0 1
0 1 120 36 1 3
0 1 149 42 1 0
0 1 23 11 1 2
0 1 5 12 0 1
0 1 106 14 1 5
0 1 12 22 0 5
0 1 125 27 1 2
0 1 134 26 1 2
0 1 85 43 1 4
0 1 142 25 0 0
0 1 101 21 1 4
0 1 85 18 0 4
0 1 45 44 1 3
0 1 15 12 0 0
0 1 44 46 0 0
0 1 51 45 1 2
0 1 148 2 0 5
0 1 0 11 0 0
0 1 35 49 0 4
0 1 101 15 0 1
0 1 79 13 0 3
