0 1 87 31 1 0
0 1 123 33 1 2
0 1 70 23 1 1
0 1 59 37 1 5
0 1 69 6 1 2
0 1 103 39 0 0
0 1 97 2 1 1
0 1 142 44 1 2
0 1 94 3 0 0
0 1 40 26 1 0
0 1 90 36 1 1
0 1 59 10 0 1
0 1 86 35 0 1
0 1 144 42 1 3
0 1 68 14 1 5
0 1 128 46 0 5
0 1 88 27 0 3
0 1 13 16 0 5
0 1 144 24 0 0
0 1 143 9 1 4
0 1 14 7 0 4
0 1 73 3 0 1
0 1 28 46 1 1
0 1 137 6 0 4
0 1 44 41 0 2
0 1 31 11 1 0
0 1 15 48 0 0
0 1 57 28 0 2
0 1 108 44 0 3
0 1 143 9 0 5
0 1 77 26 0 2
0 1 64 41 1 4
0 1 7 20 0 5
0 1 1 43 1 1
0 1 67 49 1 3
0 1 47 39 1 3
0 1 34 47 1 4
0 1 82 12 0 1
0 1 54 21 1 1
0 1 135 4 0 4
0 1 98 12 1 4
0 1 131 17 1 2
0 1 85 18 1 5
0 1 114 21 1 4
0 1 30 13 1 4
0 1 123 49 0 4
0 1 52 29 0 2
0 1 49 38 0 4
0 1 22 45 0 3
0 1 46 43 1 2
0 1 148 40 0 4
0 1 25 7 1 5
0 1 32 20 0 4
0 1 81 45 0 0
0 1 99 39 0 2
0 1 84 19 1 5
0 1 92 25 1 4
0 1 79 16 0 0
0 1 75 10 0 4
0 1 2 0 1 2
0 1 81 11 1 5
0 1 106 31 1 2
0 1 87 32 0 0
0 1 11 40 0 5
0 1 19 34 1 5
0 1 78 15 0 2
0 1 107 16 1 3
0 1 22 36 1 3
0 1 34 28 0 1
0 1 23 17 0 3
0 1 98 4 0 3
0 1 52 34 1 2
0 1 42 32 1 5
0 1 122 31 0 1
0 1 41 3 1 2
0 1 104 32 0 2
0 1 26 11 0 4
0 1 74 31 1 3
0 1 135 5 1 5
0 1 108 6 1 0
0 1 122 33 1 0
0 1 8 32 1 1
0 1 18 35 0 0
0 1 120 8 1 4
0 1 148 0 1 0
0 1 63 42 1 5
0 1 8 13 0 0
0 1 120 1 0 4
0 1 58 40 0 2
0 1 111 8 1 1
0 1 100 28 0 5
0 1 78 2 1 2
0 1 76 30 1 4
0 1 38 38 0 1
0 1 138 24 0 4
0 1 6 22 1 3
0 1 72 48 0 1
0 1 51 13 1 5
0 1 127 5 0 3
0 1 92 7 0 0
0 1 138 2 1 3
0 1 129 35 1 3
0 1 90 21 0 2
0 1 65 5 1 1
0 1 68 6 0 5
0 1 76 38 0 0
0 1 79 9 1 2
0 1 118 11 1 1
0 1 47 45 0 1
0 1 61 19 1 3
0 1 130 47 0 5
0 1 82 14 1 4
0 1 142 14 0 3
0 1 35 13 0 1
0 1 42 21 0 0
0 1 21 34 0 3
0 1 66 20 1 2
0 1 86 22 1 1
0 1 99 30 1 2
0 1 126 18 1 4
0 1 3 12 0 0
0 1 126 10 0 3
0 1 16 0 0 5
0 1 129 1 0 1
0 1 83 45 1 5
0 1 94 37 1 4
0 1 43 29 0 4
0 1 62 43 0 4
0 1 48 22 1 5
0 1 149 2 0 0
0 1 146 24 1 5
0 1 128 10 1 0
0 1 136 27 1 5
0 1 50 46 1 2
0 1 111 8 0 0
0 1 44 18 1 0
0 1 21 21 1 5
0 1 36 9 0 3
0 1 14 38 1 3
0 1 71 36 0 2
0 1 56 25 1 0
0 1 66 48 0 2
0 1 31 44 0 0
0 1 149 4 1 5
0 1 114 16 0 1
0 1 40 31 0 4
0 1 96 34 1 4
0 1 141 48 1 4
0 1 73 8 1 5
0 1 83 23 0 4
0 1 95 15 1 4
0 1 105 27 0 1
0 1 11 42 1 4
0 1 91 5 0 2
0 1 133 32 1 4
0 1 45 23 1 2
0 1 132 29 0 3
0 1 127 29 1 5
0 1 147 22 1 4
0 1 53 20 0 1
0 1 63 11 0 2
0 1 9 42 1 2
0 1 61 30 0 0
0 1 28 25 0 3
0 1 35 41 1 1
0 1 53 43 1 3
0 1 134 42 0 1
0 1 112 23 1 5
0 1 145 2 0 4
0 1 117 49 1 2
0 1 33 19 0 1
0 1 89 15 0 5
0 1 49 35 1 5
0 1 17 29 1 1
0 1 88 33 1 5
0 1 15 45 1 2
0 1 46 7 0 2
0 1 110 18 1 3
0 1 132 1 1 3
0 1 45 36 0 5
0 1 4 4 0 1
0 1 118 25 0 5
0 1 85 14 0 0
0 1 103 48 1 3
0 1 125 24 1 2
0 1 116 39 1 1
0 1 104 23 1 0
0 1 74 47 0 2
0 1 124 8 1 3
0 1 124 15 0 0
0 1 93 16 1 2
0 1 105 33 1 3
0 1 117 12 0 3
0 1 9 37 0 2
0 1 54 17 0 5
0 1 43 5 1 0
0 1 91 19 1 4
0 1 12 49 0 1
0 1 140 17 1 4
0 1 62 43 1 0
0 1 101 7 0 1
0 1 115 14 1 1
0 1 100 33 1 4
0 1 10 28 0 0
0 1 107 18 0 2
0 1 12 39 1 5
0 1 29 20 0 0
0 1 2 3 0 5
0 1 134 42 1 0
0 1 89 28 1 4
0 1 39 47 1 0
0 1 60 47 1 1
0 1 0 46 0 0
0 1 115 37 0 0
0 1 38 17 1 1
0 1 57 44 1 4
0 1 133 38 0 5
0 1 70 1 0 0
0 1 113 36 0 0
0 1 58 40 1 1
0 1 121 41 1 5
0 1 30 27 0 0
0 1 10 33 1 1
0 1 36 25 1 2
0 1 13 24 1 3
0 1 112 16 0 4
0 1 24 46 0 4
0 1 137 31 1 5
0 1 37 1 0 2
0 1 20 0 1 1
0 1 16 12 1 2
0 1 109 41 0 0
0 1 80 9 1 0
0 1 51 22 0 2
0 1 6 26 0 1
0 1 60 4 0 0
0 1 1 19 0 2
0 1 130 27 1 2
0 1 147 49 0 0
0 1 139 3 1 3
0 1 139 19 0 0
0 1 41 13 0 2
0 1 84 17 0 0
0 1 18 10 1 2
0 1 65 28 0 3
0 1 102 23 1 3
0 1 80 35 0 4
0 1 93 30 0 3
0 1 77 37 1 1
0 1 106 36 0 4
0 1 97 40 0 3
0 1 48 26 0 3
0 1 26 47 1 3
0 1 50 0 0 3
0 1 116 38 0 2
0 1 101 6 1 1
0 1 102 15 0 3
0 1 17 44 0 5
0 1 136 45 0 4
0 1 145 30 1 5
0 1 69 34 0 1
0 1 110 9 0 1
0 1 33 26 1 4
0 1 5 43 0 5
0 1 7 49 1 5
0 1 141 39 0 4
0 1 19 12 0 5
0 1 140 46 0 3
0 1 55 8 0 2
0 1 64 18 0 1
