0 1 19 5 0 1
0 1 37 29 1 3
0 1 21 19 1 1
0 1 80 44 0 5
0 1 12 21 1 3
0 1 56 37 0 3
0 1 29 28 1 0
0 1 120 12 1 4
0 1 41 31 1 0
0 1 107 12 0 3
0 1 148 18 1 5
0 1 45 1 1 2
0 1 72 14 0 4
0 1 32 47 1 2
0 1 51 24 0 4
0 1 30 10 1 3
0 1 132 11 0 0
0 1 108 41 1 4
0 1 18 18 1 1
0 1 21 28 0 2
0 1 142 45 1 0
0 1 55 32 0 3
0 1 39 0 0 4
0 1 76 24 0 3
0 1 89 49 1 2
0 1 99 6 1 3
0 1 75 25 1 5
0 1 69 15 1 5
0 1 85 25 1 0
0 1 146 37 1 2
0 1 57 7 1 0
0 1 147 22 1 4
0 1 117 23 1 0
0 1 133 43 1 2
0 1 111 34 0 4
0 1 97 38 1 4
0 1 139 23 1 2
0 1 82 47 0 0
0 1 5 9 1 5
0 1 20 13 1 5
0 1 79 20 1 4
0 1 25 40 0 1
0 1 116 20 0 0
0 1 110 47 0 3
0 1 1 36 1 5
0 1 82 17 1 0
0 1 98 42 1 1
0 1 53 46 0 5
0 1 42 35 0 4
0 1 6 48 0 4
0 1 148 29 0 1
0 1 10 3 0 1
0 1 70 24 1 2
0 1 16 11 1 4
0 1 28 30 0 1
0 1 94 5 1 3
0 1 65 41 1 3
0 1 20 32 0 1
0 1 15 18 0 0
0 1 23 15 1 4
0 1 143 3 1 0
0 1 115 31 1 4
0 1 121 16 1 0
0 1 68 30 0 4
0 1 130 9 0 3
0 1 22 8 1 4
0 1 93 35 0 3
0 1 144 1 1 4
0 1 14 39 0 5
0 1 98 37 0 4
0 1 97 6 0 2
0 1 2 49 0 0
0 1 128 39 1 0
0 1 53 4 1 1
0 1 4 8 0 1
0 1 129 0 0 2
0 1 69 22 0 0
0 1 46 5 1 0
0 1 71 44 0 4
0 1 7 19 1 3
0 1 55 36 1 3
0 1 124 45 1 4
0 1 122 26 0 4
0 1 103 33 1 0
0 1 137 49 1 5
0 1 71 14 1 1
0 1 89 28 0 3
0 1 36 2 1 4
0 1 84 36 1 2
0 1 80 13 1 3
0 1 3 11 1 1
0 1 50 40 1 4
0 1 135 17 0 3
0 1 56 31 1 5
0 1 34 0 1 5
0 1 48 42 0 3
0 1 49 30 1 2
0 1 68 43 1 5
0 1 62 34 0 1
0 1 13 27 1 3
0 1 111 8 1 2
0 1 86 21 1 0
0 1 63 22 1 5
0 1 127 28 1 1
0 1 100 26 0 3
0 1 34 29 0 4
0 1 146 33 0 3
0 1 79 42 0 0
0 1 93 12 1 5
0 1 90 22 1 1
0 1 123 10 1 4
0 1 85 8 0 5
0 1 112 14 0 3
0 1 15 30 1 5
0 1 134 27 1 0
0 1 141 40 0 3
0 1 136 42 1 2
0 1 8 38 1 3
0 1 100 38 1 1
0 1 49 24 0 1
0 1 59 16 1 1
0 1 134 23 0 5
0 1 6 3 1 5
0 1 109 37 1 1
0 1 38 22 0 3
0 1 95 20 1 3
0 1 84 33 0 2
0 1 127 44 0 1
0 1 106 39 0 3
0 1 78 18 0 2
0 1 131 16 0 2
0 1 125 25 0 3
0 1 61 45 1 3
0 1 13 40 0 0
0 1 40 34 1 5
0 1 118 44 1 3
0 1 74 7 1 5
0 1 65 43 0 0
0 1 81 45 1 5
0 1 133 10 0 5
0 1 27 10 1 0
0 1 74 23 0 4
0 1 61 10 0 1
0 1 96 9 0 4
0 1 54 2 0 5
0 1 90 32 0 2
0 1 11 17 0 4
0 1 26 46 1 2
0 1 2 47 1 5
0 1 91 43 1 4
0 1 142 48 0 2
0 1 30 41 0 1
0 1 130 13 1 0
0 1 66 19 1 0
0 1 31 3 0 2
0 1 10 15 1 2
0 1 73 34 0 0
0 1 113 30 0 3
0 1 119 2 0 1
0 1 102 0 1 0
0 1 47 14 0 2
0 1 63 3 0 4
0 1 78 36 1 0
0 1 87 37 0 0
0 1 44 24 0 5
0 1 77 19 0 2
0 1 46 45 0 1
0 1 104 17 0 1
0 1 115 27 0 4
0 1 140 35 1 0
0 1 106 48 1 3
0 1 91 5 0 2
0 1 60 6 0 4
0 1 119 26 1 0
0 1 132 20 1 1
0 1 45 46 0 1
0 1 101 26 0 2
0 1 123 5 0 4
0 1 118 27 0 2
0 1 67 12 0 0
0 1 43 13 0 4
0 1 96 20 1 2
0 1 23 0 0 3
0 1 92 34 1 3
0 1 22 48 0 0
0 1 4 35 1 5
0 1 59 1 0 3
0 1 33 23 0 1
0 1 48 6 1 5
0 1 17 43 1 1
0 1 35 9 1 0
0 1 144 40 0 2
0 1 113 27 1 1
0 1 86 46 0 3
0 1 51 4 1 0
0 1 50 1 0 0
0 1 60 7 1 4
0 1 76 21 1 5
0 1 24 11 0 5
0 1 29 36 0 4
0 1 117 25 0 2
0 1 72 16 1 4
0 1 135 4 1 3
0 1 62 35 1 1
0 1 9 33 0 1
0 1 64 19 1 4
0 1 92 9 0 2
0 1 26 18 0 4
0 1 114 25 1 1
0 1 143 14 0 5
0 1 16 48 0 1
0 1 66 8 0 3
0 1 42 38 1 2
0 1 32 2 0 0
0 1 77 23 1 3
0 1 57 42 0 5
0 1 25 31 1 2
0 1 19 29 1 2
0 1 138 41 0 5
0 1 126 14 0 0
0 1 1 38 0 0
0 1 9 46 1 4
0 1 114 28 0 4
0 1 124 33 0 4
0 1 58 9 0 1
0 1 17 21 0 4
0 1 131 31 1 1
0 1 88 10 0 2
0 1 109 7 0 3
0 1 136 12 0 1
0 1 43 44 1 2
0 1 52 32 0 4
0 1 37 41 0 0
0 1 44 7 1 1
0 1 129 32 1 5
0 1 81 25 0 4
0 1 104 44 1 0
0 1 8 47 0 1
0 1 12 26 0 5
0 1 138 42 1 4
0 1 137 39 0 4
0 1 149 17 1 5
0 1 39 15 1 3
0 1 31 49 1 1
0 1 33 49 1 4
0 1 54 15 1 0
0 1 41 12 0 2
0 1 95 29 0 5
0 1 108 1 0 5
0 1 88 6 1 1
0 1 87 13 1 1
0 1 70 43 0 3
0 1 75 11 0 2
0 1 141 4 1 5
0 1 147 4 0 4
0 1 18 20 0 5
0 1 0 39 1 1
0 1 73 5 1 5
0 1 101 16 1 5
0 1 125 0 1 1
0 1 11 2 1 3
0 1 103 48 0 5
0 1 122 3 1 3
0 1 107 40 1 5
0 1 140 1 0 1
0 1 105 21 0 2
0 1 67 39 1 2
0 1 83 18 1 3
0 1 94 46 0 0
0 1 105 13 1 2
