0 1 141 35 0 5
0 1 72 5 0 4
0 1 122 19 0 3
0 1 115 8 1 5
0 1 129 41 1 3
0 1 139 18 0 4
0 1 133 48 1 0
0 1 66 23 1 5
0 1 7 5 1 0
0 1 125 5 0 3
0 1 70 34 1 1
0 1 104 22 1 4
0 1 105 1 0 4
0 1 17 17 1 1
0 1 12 18 0 2
0 1 86 24 0 4
0 1 62 35 1 0
0 1 103 12 1 1
0 1 131 26 1 4
0 1 142 0 1 1
0 1 42 14 1 1
0 1 17 29 0 1
0 1 9 45 1 1
0 1 136 16 0 0
0 1 3 42 0 5
0 1 103 4 0 5
0 1 20 18 1 5
0 1 35 47 1 1
0 1 24 16 0 5
0 1 113 20 0 3
0 1 5 3 1 5
0 1 71 25 1 2
0 1 106 28 1 3
0 1 96 8 0 3
0 1 98 21 0 2
0 1 2 30 0 4
0 1 65 30 1 3
0 1 80 1 0 1
0 1 55 48 1 5
0 1 70 39 0 3
0 1 35 31 0 0
0 1 48 49 0 4
0 1 67 15 1 2
0 1 8 16 0 3
0 1 75 4 1 2
0 1 112 29 0 3
0 1 39 10 0 1
0 1 0 32 0 0
0 1 137 45 1 0
0 1 20 41 0 1
0 1 13 43 1 0
0 1 94 46 1 4
0 1 52 26 1 3
0 1 94 38 0 5
0 1 127 9 0 0
0 1 24 46 1 2
0 1 7 45 0 2
0 1 132 27 0 3
0 1 102 6 1 2
0 1 19 20 1 0
0 1 97 37 0 4
0 1 77 6 0 0
0 1 149 5 1 5
0 1 30 22 0 3
0 1 43 44 1 5
0 1 138 34 1 0
0 1 26 37 1 3
0 1 110 0 1 0
0 1 26 21 0 4
0 1 11 11 0 4
0 1 140 38 1 3
0 1 63 24 1 0
0 1 127 10 1 5
0 1 79 17 0 4
0 1 69 36 0 0
0 1 114 22 0 0
0 1 47 3 0 2
0 1 132 49 1 5
0 1 23 21 0 5
0 1 148 25 0 0
0 1 72 39 1 2
0 1 31 11 1 1
0 1 95 28 0 0
0 1 128 23 1 1
0 1 51 42 0 4
0 1 136 49 1 0
0 1 76 7 0 0
0 1 98 3 1 3
0 1 122 9 1 5
0 1 100 2 0 4
0 1 21 27 1 5
0 1 54 13 0 2
0 1 40 6 0 1
0 1 27 11 0 5
0 1 18 40 0 1
0 1 67 25 0 5
0 1 18 14 1 5
0 1 101 45 1 5
0 1 25 19 1 5
0 1 106 33 0 2
0 1 80 34 1 4
0 1 115 13 0 1
0 1 101 33 0 3
0 1 145 27 0 1
0 1 44 23 0 3
0 1 22 44 0 1
0 1 49 0 1 2
0 1 6 37 0 5
0 1 15 14 1 2
0 1 108 22 1 1
0 1 22 32 1 4
0 1 120 30 1 2
0 1 16 43 1 5
0 1 79 37 1 1
0 1 32 6 0 4
0 1 45 31 0 2
0 1 61 29 0 5
0 1 47 17 1 0
0 1 118 15 0 0
0 1 29 15 0 1
0 1 93 42 0 1
0 1 28 14 1 3
0 1 91 2 1 5
0 1 56 4 1 4
0 1 138 40 0 4
0 1 95 43 1 3
0 1 100 2 1 2
0 1 4 17 1 3
0 1 143 9 1 1
0 1 19 12 0 3
0 1 68 39 1 5
0 1 102 10 0 0
0 1 82 19 1 4
0 1 13 4 0 0
0 1 119 17 1 5
0 1 30 1 1 0
0 1 104 38 0 0
0 1 41 46 1 3
0 1 64 12 0 2
0 1 121 7 1 2
0 1 60 26 1 2
0 1 75 14 0 0
0 1 81 35 1 1
0 1 145 9 1 2
0 1 54 48 1 4
0 1 58 27 0 0
0 1 134 20 1 4
0 1 16 42 0 3
0 1 107 36 1 2
0 1 124 26 0 5
0 1 25 38 0 2
0 1 33 42 1 0
0 1 135 48 0 2
0 1 85 35 1 3
0 1 62 25 0 3
0 1 111 13 1 3
0 1 36 28 1 1
0 1 114 24 1 1
0 1 92 19 1 2
0 1 68 20 0 5
0 1 37 24 0 2
0 1 11 36 1 3
0 1 88 29 0 2
0 1 144 40 0 3
0 1 77 36 1 4
0 1 14 3 1 1
0 1 3 33 1 5
0 1 37 43 1 2
0 1 128 39 0 4
0 1 21 12 0 5
0 1 123 30 1 5
0 1 23 44 1 3
0 1 53 13 1 4
0 1 141 1 1 2
0 1 51 32 1 3
0 1 147 28 0 4
0 1 123 23 0 0
0 1 59 22 1 5
0 1 84 7 0 5
0 1 53 49 0 1
0 1 116 35 1 4
0 1 96 45 1 3
0 1 83 4 0 1
0 1 1 29 0 0
0 1 137 46 0 1
0 1 34 31 1 4
0 1 52 16 0 1
0 1 61 11 1 2
0 1 117 6 1 5
0 1 78 34 1 5
0 1 131 10 0 2
0 1 111 43 0 4
0 1 33 11 0 3
0 1 99 30 1 0
0 1 15 49 0 2
0 1 130 48 1 3
0 1 40 32 1 1
0 1 148 20 1 2
0 1 74 32 1 2
0 1 49 15 0 3
0 1 84 21 1 3
0 1 90 19 1 0
0 1 146 40 1 5
0 1 36 37 0 2
0 1 57 12 1 4
0 1 29 44 1 4
0 1 107 2 0 0
0 1 97 33 1 1
0 1 99 7 0 1
0 1 27 8 1 4
0 1 69 25 1 4
0 1 144 8 1 1
0 1 140 18 0 1
0 1 48 39 1 1
0 1 71 32 0 5
0 1 73 36 1 5
0 1 76 10 1 4
0 1 82 8 0 2
0 1 0 33 1 4
0 1 110 28 0 5
0 1 34 34 0 2
0 1 42 47 0 3
0 1 121 24 0 3
0 1 43 46 0 5
0 1 87 31 0 1
0 1 143 36 0 1
0 1 117 24 0 5
0 1 129 5 0 1
0 1 60 16 0 2
0 1 6 0 1 4
0 1 109 40 0 0
0 1 124 3 1 0
0 1 112 26 1 0
0 1 146 0 0 3
0 1 10 47 0 2
0 1 83 17 1 2
0 1 109 8 1 0
0 1 116 13 0 5
0 1 89 15 0 4
0 1 5 9 0 4
0 1 28 38 0 1
0 1 50 7 0 4
0 1 86 23 1 4
0 1 142 15 0 5
0 1 10 44 1 2
0 1 119 1 0 5
0 1 38 3 1 4
0 1 92 40 0 2
0 1 91 18 0 0
0 1 38 47 0 4
0 1 134 21 0 0
0 1 85 21 0 1
0 1 31 2 0 1
0 1 56 45 0 4
0 1 39 35 1 2
0 1 90 41 0 4
0 1 133 30 0 1
0 1 74 10 0 3
0 1 1 44 1 0
0 1 55 27 0 2
0 1 32 47 1 0
0 1 139 20 1 1
0 1 58 31 1 5
0 1 64 23 1 2
0 1 63 41 0 0
0 1 108 31 0 3
0 1 135 9 1 3
0 1 125 1 1 3
0 1 93 27 1 4
0 1 59 2 0 3
