0 1 63 1 0 2
0 1 16 42 0 4
0 1 129 17 0 2
0 1 54 12 0 3
0 1 111 20 1 1
0 1 46 24 0 2
0 1 66 49 1 0
0 1 118 15 1 2
0 1 115 7 0 2
0 1 12 1 0 5
0 1 70 34 1 2
0 1 62 44 1 3
0 1 57 4 1 4
0 1 45 45 1 2
0 1 40 18 0 0
0 1 29 24 1 3
0 1 116 9 0 5
0 1 68 9 0 1
0 1 107 8 0 4
0 1 98 48 0 4
0 1 41 42 1 1
0 1 85 42 1 2
0 1 90 40 1 4
0 1 137 28 1 0
0 1 133 33 1 2
0 1 21 12 0 5
0 1 140 27 0 3
0 1 56 36 1 0
0 1 72 37 0 2
0 1 33 22 1 2
0 1 15 2 0 0
0 1 3 18 1 3
0 1 112 39 0 4
0 1 9 12 0 4
0 1 20 45 0 5
0 1 85 32 0 5
0 1 125 34 1 5
0 1 13 25 0 0
0 1 142 39 0 3
0 1 6 43 1 1
0 1 23 21 0 0
0 1 84 2 1 3
0 1 134 10 0 1
0 1 34 15 1 5
0 1 140 39 1 5
0 1 110 31 1 4
0 1 103 39 1 0
0 1 8 3 0 5
0 1 39 29 0 3
0 1 28 47 1 1
0 1 33 37 0 5
0 1 106 5 1 2
0 1 97 20 1 2
0 1 92 35 1 0
0 1 113 16 1 4
0 1 45 41 0 4
0 1 8 46 1 4
0 1 115 47 1 2
0 1 88 44 0 0
0 1 10 34 0 0
0 1 120 41 0 0
0 1 111 24 0 0
0 1 128 35 0 1
0 1 44 0 0 5
0 1 72 40 1 0
0 1 39 32 1 0
0 1 139 14 0 0
0 1 75 31 1 2
0 1 28 11 0 1
0 1 99 39 0 2
0 1 74 18 1 1
0 1 146 32 0 4
0 1 76 15 0 4
0 1 145 24 0 1
0 1 121 49 1 3
0 1 90 10 0 4
0 1 108 13 1 1
0 1 36 38 0 5
0 1 89 11 1 0
0 1 51 44 1 4
0 1 31 19 0 3
0 1 92 14 0 3
0 1 50 43 0 4
0 1 15 19 1 4
0 1 129 46 1 2
0 1 48 28 1 1
0 1 94 23 0 2
0 1 145 44 1 1
0 1 130 0 1 0
0 1 119 26 1 3
0 1 25 23 1 0
0 1 71 25 1 4
0 1 59 11 1 5
0 1 126 0 1 2
0 1 81 29 1 2
0 1 95 31 0 0
0 1 55 6 0 5
0 1 118 18 0 4
0 1 11 5 0 1
0 1 27 14 0 2
0 1 142 49 1 5
0 1 124 21 1 3
0 1 60 43 0 2
0 1 148 27 1 1
0 1 20 6 1 1
0 1 19 49 0 2
0 1 105 38 0 2
0 1 30 9 1 3
0 1 139 22 1 0
0 1 110 32 0 2
0 1 63 33 1 0
0 1 143 25 1 1
0 1 61 41 1 2
0 1 122 13 1 5
0 1 143 40 0 2
0 1 7 8 1 2
0 1 48 8 0 3
0 1 51 4 0 3
0 1 141 47 0 0
0 1 104 45 1 0
0 1 70 16 0 2
0 1 141 2 1 4
0 1 105 30 1 3
0 1 93 5 1 4
0 1 82 28 0 4
0 1 52 37 1 0
0 1 43 46 1 3
0 1 21 42 1 3
0 1 148 33 0 3
0 1 101 27 0 4
0 1 36 41 1 3
0 1 65 41 1 1
0 1 126 17 0 3
0 1 14 49 1 1
0 1 146 5 1 5
0 1 40 28 1 2
0 1 86 29 0 4
0 1 83 43 0 3
0 1 59 47 0 5
0 1 147 17 0 1
0 1 26 8 0 0
0 1 134 3 1 1
0 1 112 11 1 4
0 1 58 10 0 0
0 1 1 24 0 5
0 1 35 26 1 0
0 1 131 35 1 3
0 1 102 36 1 3
0 1 9 38 1 4
0 1 117 37 1 3
0 1 47 32 1 1
0 1 56 3 0 0
0 1 14 28 0 3
0 1 96 30 1 5
0 1 88 31 1 3
0 1 98 35 1 2
0 1 73 20 0 0
0 1 6 12 0 2
0 1 62 4 0 1
0 1 79 19 1 5
0 1 93 3 0 3
0 1 107 47 1 3
0 1 65 6 0 4
0 1 82 26 1 2
0 1 71 27 0 0
0 1 78 18 0 5
0 1 135 46 1 0
0 1 4 34 0 3
0 1 144 19 1 1
0 1 75 37 0 4
0 1 37 13 0 3
0 1 138 16 0 0
0 1 80 20 1 5
0 1 95 40 1 5
0 1 7 14 0 5
0 1 122 17 0 0
0 1 130 1 0 4
0 1 38 23 1 3
0 1 97 21 0 5
0 1 77 44 1 5
0 1 4 43 1 5
0 1 127 25 1 3
0 1 17 3 1 4
0 1 30 6 0 0
0 1 147 19 1 0
0 1 41 33 0 1
0 1 58 15 1 3
0 1 89 36 0 2
0 1 80 13 0 0
0 1 114 2 0 2
0 1 101 36 1 1
0 1 43 8 0 1
0 1 109 30 0 0
0 1 137 29 0 0
0 1 132 30 0 4
0 1 3 46 0 5
0 1 144 16 0 3
0 1 108 1 0 3
0 1 86 14 1 4
0 1 116 9 1 4
0 1 123 37 0 1
0 1 42 33 0 4
0 1 46 35 1 5
0 1 13 45 1 3
0 1 94 7 1 1
0 1 149 0 1 3
0 1 91 5 0 3
0 1 100 6 0 2
0 1 44 25 1 2
0 1 125 26 0 1
0 1 26 34 1 1
0 1 53 38 0 1
0 1 32 4 1 2
0 1 100 22 1 4
0 1 5 9 1 2
0 1 76 30 1 2
0 1 136 45 1 1
0 1 138 7 1 3
0 1 84 21 0 1
0 1 132 22 1 3
0 1 73 7 1 4
0 1 83 23 1 4
0 1 52 27 0 5
0 1 53 4 1 0
0 1 123 0 1 4
0 1 64 42 1 0
0 1 77 20 0 4
0 1 131 8 0 5
0 1 2 21 0 4
0 1 16 2 1 1
0 1 12 10 1 5
0 1 54 38 1 3
0 1 22 29 0 5
0 1 60 31 1 1
0 1 37 48 1 0
0 1 0 5 0 0
0 1 114 35 1 4
0 1 57 1 0 1
0 1 69 48 1 3
0 1 23 36 1 4
0 1 79 17 0 4
0 1 38 26 0 4
0 1 5 7 0 0
0 1 109 17 1 5
0 1 104 3 0 2
0 1 149 23 0 5
0 1 119 48 0 1
0 1 121 10 0 3
0 1 42 13 1 4
0 1 64 12 0 0
0 1 35 16 0 5
0 1 87 36 0 5
0 1 81 48 0 5
0 1 66 38 0 0
0 1 124 32 0 3
0 1 55 22 1 1
0 1 68 9 1 0
0 1 67 40 1 1
0 1 135 48 0 2
0 1 17 0 0 1
0 1 117 11 0 2
0 1 49 15 0 0
0 1 91 28 1 5
0 1 74 2 0 5
0 1 87 41 1 5
0 1 50 19 1 2
0 1 2 20 1 3
0 1 133 6 0 3
0 1 27 18 1 2
0 1 99 43 1 0
