0 1 23 29 1 4
0 1 143 43 1 2
0 1 9 8 0 0
0 1 141 28 0 5
0 1 91 14 0 5
0 1 103 29 0 5
0 1 36 13 1 4
0 1 81 37 1 4
0 1 8 16 1 4
0 1 132 4 0 3
0 1 41 21 1 2
0 1 47 10 0 2
0 1 57 47 0 4
0 1 58 26 1 5
0 1 63 48 1 0
0 1 32 21 0 1
0 1 138 32 1 3
0 1 62 0 1 3
0 1 58 46 0 2
0 1 91 20 1 1
0 1 111 16 0 3
0 1 67 36 0 0
0 1 9 30 1 0
0 1 20 49 1 5
0 1 45 9 0 1
0 1 13 1 0 0
0 1 38 45 1 0
0 1 87 41 1 5
0 1 89 24 1 2
0 1 97 13 0 3
0 1 18 27 1 0
0 1 74 39 0 1
0 1 87 22 0 4
0 1 95 44 0 3
0 1 94 42 1 2
0 1 68 12 0 2
0 1 25 46 0 4
0 1 76 43 1 3
0 1 3 3 0 0
0 1 143 23 0 0
0 1 40 0 0 2
0 1 53 28 0 3
0 1 64 24 1 1
0 1 1 17 0 0
0 1 88 1 1 5
0 1 33 46 1 0
0 1 134 19 0 4
0 1 115 45 0 4
0 1 3 19 1 3
0 1 111 6 1 0
0 1 113 1 0 2
0 1 109 31 0 0
0 1 71 40 0 0
0 1 108 25 0 1
0 1 104 36 1 2
0 1 18 3 0 1
0 1 45 26 1 4
0 1 100 7 1 3
0 1 80 18 1 1
0 1 25 18 1 5
0 1 12 11 1 4
0 1 54 7 0 2
0 1 148 25 1 5
0 1 80 41 0 1
0 1 34 25 1 4
0 1 128 35 0 4
0 1 59 40 0 5
0 1 93 15 1 5
0 1 110 2 1 3
0 1 4 19 0 2
0 1 78 9 1 4
0 1 36 38 0 5
0 1 139 34 0 0
0 1 81 32 0 5
0 1 142 18 0 4
0 1 29 35 1 3
0 1 52 3 0 4
0 1 90 45 0 2
0 1 75 23 0 5
0 1 130 41 0 3
0 1 22 20 0 5
0 1 119 40 0 1
0 1 38 12 0 1
0 1 46 2 0 1
0 1 73 17 0 4
0 1 37 39 1 5
0 1 10 17 1 3
0 1 149 29 1 2
0 1 129 13 1 0
0 1 55 8 0 3
0 1 127 14 0 3
0 1 41 11 0 2
0 1 4 3 1 5
0 1 47 42 1 1
0 1 2 22 1 5
0 1 140 43 0 5
0 1 19 33 1 4
0 1 30 47 1 1
0 1 59 5 1 4
0 1 145 39 0 0
0 1 106 40 0 2
0 1 124 7 1 5
0 1 67 44 1 1
0 1 110 42 0 4
0 1 137 5 1 3
0 1 120 33 0 2
0 1 144 27 1 5
0 1 22 20 1 3
0 1 63 6 0 5
0 1 147 25 0 2
0 1 98 24 0 4
0 1 10 41 0 4
0 1 119 42 1 5
0 1 92 12 0 4
0 1 133 48 1 2
0 1 21 38 1 0
0 1 15 25 1 0
0 1 98 49 1 3
0 1 0 5 0 2
0 1 11 23 1 2
0 1 27 11 0 0
0 1 60 29 0 1
0 1 78 6 0 4
0 1 64 20 0 2
0 1 82 16 1 1
0 1 118 48 0 3
0 1 126 37 0 3
0 1 53 0 1 4
0 1 62 35 0 1
0 1 93 22 0 0
0 1 55 3 1 2
0 1 106 8 1 1
0 1 6 15 0 0
0 1 96 11 0 5
0 1 14 26 1 2
0 1 70 32 0 1
0 1 135 16 1 0
0 1 71 38 1 3
0 1 113 8 1 5
0 1 134 37 1 1
0 1 116 47 1 3
0 1 83 48 0 1
0 1 136 2 0 5
0 1 118 9 1 2
0 1 44 0 1 5
0 1 125 28 0 1
0 1 135 25 0 3
0 1 5 14 0 2
0 1 94 4 0 2
0 1 114 22 1 2
0 1 77 31 0 2
0 1 140 4 1 0
0 1 39 1 0 1
0 1 86 17 0 1
0 1 138 43 0 0
0 1 88 37 0 5
0 1 112 20 1 0
0 1 51 31 0 5
0 1 69 37 1 0
0 1 100 27 0 4
0 1 121 36 0 1
0 1 75 36 1 5
0 1 97 6 1 3
0 1 115 13 1 1
0 1 30 44 0 5
0 1 83 22 1 3
0 1 48 11 0 1
0 1 66 49 1 4
0 1 117 17 0 5
0 1 72 39 1 2
0 1 44 10 0 3
0 1 20 10 0 1
0 1 144 46 0 3
0 1 37 38 0 2
0 1 40 24 1 0
0 1 34 49 0 2
0 1 50 49 1 0
0 1 14 48 0 5
0 1 85 1 1 4
0 1 105 28 0 0
0 1 26 23 1 1
0 1 101 2 1 2
0 1 121 29 1 3
0 1 141 16 1 5
0 1 145 10 1 4
0 1 84 27 1 3
0 1 52 36 1 4
0 1 102 18 0 0
0 1 112 39 0 3
0 1 12 21 0 3
0 1 129 30 0 5
0 1 6 31 1 1
0 1 70 24 1 3
0 1 95 46 1 1
0 1 11 41 0 2
0 1 15 5 0 0
0 1 16 47 1 0
0 1 142 5 1 1
0 1 101 12 0 0
0 1 56 26 0 0
0 1 133 45 0 3
0 1 24 38 1 4
0 1 122 7 1 1
0 1 103 43 1 1
0 1 107 12 0 5
0 1 120 9 1 5
0 1 49 19 0 5
0 1 137 34 0 2
0 1 2 34 0 4
0 1 61 4 0 4
0 1 13 19 1 0
0 1 42 44 1 0
0 1 19 0 0 1
0 1 56 31 1 4
0 1 17 1 0 3
0 1 43 21 1 5
0 1 35 40 1 4
0 1 16 15 0 1
0 1 148 33 0 0
0 1 28 35 1 5
0 1 117 8 1 4
0 1 116 30 0 4
0 1 90 2 1 0
0 1 32 30 1 2
0 1 102 37 1 2
0 1 48 28 1 2
0 1 77 33 1 1
0 1 128 45 1 1
0 1 146 47 1 2
0 1 76 7 0 0
0 1 0 34 1 1
0 1 50 42 0 3
0 1 82 44 0 2
0 1 65 4 0 1
0 1 132 14 1 4
0 1 29 17 0 2
0 1 1 23 1 4
0 1 46 12 1 3
0 1 43 21 0 0
0 1 147 15 1 4
0 1 139 10 1 5
0 1 149 6 0 1
0 1 73 13 1 2
0 1 79 34 0 3
0 1 85 11 0 3
0 1 127 35 1 0
0 1 57 32 1 0
0 1 114 30 0 1
0 1 126 14 1 1
0 1 60 23 1 3
0 1 26 9 0 3
0 1 124 31 0 3
0 1 17 27 1 1
0 1 31 15 0 2
0 1 31 32 1 2
0 1 69 18 0 3
0 1 79 4 1 5
0 1 108 33 1 5
0 1 130 41 1 0
0 1 68 26 1 3
0 1 35 2 0 4
0 1 99 49 0 1
0 1 125 26 1 1
0 1 66 6 0 2
0 1 131 14 1 0
0 1 24 34 0 5
0 1 5 35 1 2
0 1 107 39 1 4
0 1 104 20 0 4
0 1 33 43 0 4
