0 1 12 38 0 4
0 1 53 18 0 0
0 1 132 25 1 3
0 1 103 45 0 2
0 1 86 37 1 3
0 1 111 40 0 5
0 1 10 39 0 4
0 1 146 12 0 5
0 1 94 22 1 3
0 1 2 28 1 4
0 1 50 43 0 1
0 1 20 39 0 3
0 1 48 15 1 5
0 1 70 2 0 4
0 1 51 3 1 5
0 1 83 12 0 0
0 1 51 36 0 4
0 1 67 29 1 4
0 1 8 36 1 0
0 1 11 21 0 1
0 1 58 34 0 0
0 1 15 24 0 2
0 1 56 46 1 5
0 1 59 22 0 4
0 1 146 31 1 2
0 1 135 4 1 4
0 1 66 49 0 2
0 1 109 32 0 2
0 1 97 8 0 5
0 1 38 21 1 2
0 1 127 21 1 5
0 1 39 48 1 2
0 1 145 20 1 5
0 1 71 11 0 2
0 1 74 28 0 5
0 1 117 35 0 2
0 1 60 47 1 4
0 1 91 33 0 3
0 1 98 30 0 1
0 1 96 40 1 3
0 1 19 25 1 1
0 1 20 43 1 5
0 1 17 19 1 5
0 1 111 17 1 0
0 1 113 35 0 0
0 1 54 3 0 2
0 1 140 6 1 3
0 1 37 29 1 5
0 1 65 40 1 2
0 1 23 11 0 3
0 1 3 13 1 4
0 1 50 23 1 3
0 1 89 5 0 4
0 1 49 38 1 1
0 1 107 31 0 1
0 1 133 34 0 1
0 1 61 9 0 5
0 1 123 26 0 4
0 1 21 14 1 3
0 1 116 9 0 0
0 1 114 28 0 1
0 1 36 33 1 5
0 1 135 27 0 4
0 1 1 16 1 3
0 1 14 41 0 0
0 1 34 28 1 2
0 1 26 15 1 3
0 1 44 44 0 5
0 1 52 10 0 1
0 1 70 0 1 5
0 1 147 16 1 4
0 1 134 19 1 3
0 1 72 8 0 4
0 1 54 24 1 5
0 1 95 17 1 1
0 1 125 12 0 4
0 1 141 1 0 4
0 1 124 33 1 2
0 1 73 1 1 2
0 1 81 49 0 5
0 1 46 40 1 0
0 1 63 32 1 5
0 1 35 2 1 5
0 1 48 5 0 0
0 1 77 20 1 1
0 1 81 26 1 3
0 1 4 14 1 4
0 1 91 11 1 0
0 1 125 30 1 3
0 1 2 15 0 0
0 1 136 17 1 4
0 1 0 39 1 2
0 1 3 6 0 5
0 1 16 36 0 5
0 1 4 22 0 0
0 1 24 2 1 0
0 1 88 29 0 0
0 1 68 7 1 0
0 1 18 24 1 0
0 1 119 37 0 1
0 1 41 47 0 2
0 1 132 36 0 2
0 1 149 21 0 3
0 1 129 35 0 3
0 1 25 40 1 1
0 1 90 45 0 5
0 1 93 4 0 1
0 1 110 22 0 1
0 1 140 47 0 1
0 1 16 46 1 3
0 1 0 45 0 1
0 1 120 7 0 3
0 1 137 43 0 2
0 1 64 43 0 4
0 1 117 46 1 1
0 1 80 32 1 1
0 1 31 10 1 3
0 1 67 42 0 3
0 1 34 23 0 4
0 1 115 37 0 5
0 1 43 4 0 0
0 1 99 27 0 2
0 1 21 37 0 4
0 1 87 9 1 4
0 1 7 23 1 0
0 1 148 44 1 0
0 1 116 48 1 4
0 1 88 48 1 5
0 1 85 34 1 3
0 1 53 41 1 3
0 1 147 34 0 4
0 1 76 41 1 4
0 1 93 20 1 2
0 1 42 13 0 0
0 1 102 25 0 2
0 1 49 49 0 1
0 1 131 42 1 4
0 1 144 5 0 2
0 1 102 45 1 3
0 1 103 4 1 3
0 1 61 44 1 2
0 1 65 25 0 5
0 1 112 38 1 0
0 1 45 9 1 3
0 1 118 13 0 2
0 1 114 31 1 5
0 1 22 6 1 1
0 1 127 37 0 2
0 1 44 26 1 5
0 1 87 31 0 0
0 1 42 13 1 5
0 1 9 10 1 4
0 1 145 3 0 0
0 1 142 2 1 2
0 1 45 14 0 5
0 1 105 47 1 0
0 1 68 20 0 0
0 1 89 44 1 1
0 1 5 9 1 1
0 1 7 1 0 3
0 1 109 11 1 1
0 1 62 19 1 0
0 1 75 5 0 3
0 1 57 27 0 5
0 1 73 43 0 0
0 1 139 48 1 3
0 1 9 0 0 3
0 1 13 3 0 4
0 1 56 38 0 5
0 1 29 16 1 1
0 1 69 17 0 3
0 1 26 19 0 1
0 1 105 46 0 0
0 1 30 0 0 4
0 1 79 26 0 1
0 1 82 26 1 0
0 1 115 32 1 0
0 1 104 33 0 0
0 1 138 14 0 1
0 1 84 15 0 1
0 1 15 16 1 2
0 1 143 23 0 5
0 1 32 1 0 5
0 1 22 32 0 3
0 1 96 6 0 4
0 1 142 27 0 1
0 1 62 10 0 5
0 1 23 39 1 0
0 1 78 16 1 0
0 1 130 11 0 5
0 1 122 24 0 4
0 1 39 46 0 2
0 1 121 29 0 1
0 1 24 18 0 1
0 1 121 28 1 3
0 1 139 1 0 0
0 1 10 41 1 1
0 1 129 44 1 4
0 1 40 47 1 5
0 1 55 18 0 4
0 1 123 39 1 5
0 1 106 42 1 5
0 1 6 29 1 2
0 1 18 42 0 1
0 1 107 34 1 2
0 1 104 5 1 1
0 1 66 8 1 1
0 1 134 12 0 2
0 1 5 34 0 5
0 1 36 0 0 1
0 1 57 21 1 0
0 1 136 41 0 5
0 1 90 35 1 1
0 1 72 23 1 1
0 1 92 8 1 0
0 1 113 22 1 2
0 1 126 18 0 5
0 1 128 10 0 0
0 1 138 7 1 5
0 1 86 41 0 2
0 1 58 38 1 2
0 1 8 4 0 2
0 1 33 7 0 4
0 1 52 13 1 3
0 1 148 19 0 2
0 1 78 30 0 2
0 1 122 35 1 5
0 1 14 31 1 4
0 1 47 0 0 2
0 1 74 42 1 2
0 1 77 18 0 2
0 1 55 49 1 0
0 1 33 3 1 3
0 1 95 8 0 3
0 1 47 49 1 3
0 1 12 17 1 2
0 1 43 28 1 0
0 1 71 7 1 1
0 1 144 48 1 1
0 1 100 24 1 1
0 1 69 39 1 1
0 1 75 33 1 4
0 1 38 16 0 5
0 1 100 20 0 3
0 1 84 25 1 4
0 1 6 30 0 5
0 1 97 35 1 4
0 1 120 27 1 3
0 1 99 11 1 4
0 1 83 6 1 0
0 1 149 30 1 0
0 1 112 15 0 2
0 1 40 12 0 3
0 1 92 15 0 4
0 1 130 26 1 2
0 1 79 2 1 1
0 1 110 23 1 2
0 1 19 20 0 4
0 1 126 10 1 2
0 1 25 31 0 3
0 1 128 3 1 1
0 1 46 12 0 1
0 1 124 36 0 1
0 1 59 6 1 2
0 1 82 29 0 3
0 1 106 32 0 4
0 1 28 45 1 4
0 1 41 1 1 1
0 1 30 24 1 3
0 1 101 8 1 2
