0 1 79 16 0 2
0 1 126 23 0 2
0 1 82 16 1 0
0 1 66 4 1 0
0 1 76 20 1 5
0 1 105 45 0 1
0 1 41 39 0 1
0 1 78 47 0 3
0 1 139 14 0 0
0 1 14 11 1 0
0 1 66 9 0 4
0 1 50 18 1 5
0 1 39 31 0 0
0 1 115 4 0 3
0 1 116 38 0 1
0 1 93 13 0 1
0 1 113 46 0 0
0 1 26 36 1 3
0 1 98 44 1 4
0 1 142 21 1 5
0 1 144 7 1 5
0 1 45 36 1 5
0 1 81 28 0 1
0 1 130 48 1 2
0 1 28 19 0 0
0 1 55 11 1 4
0 1 99 31 1 5
0 1 33 24 0 3
0 1 56 2 0 3
0 1 89 35 1 5
0 1 29 44 1 2
0 1 148 15 0 5
0 1 46 1 0 0
0 1 104 35 1 1
0 1 37 49 0 0
0 1 48 5 1 5
0 1 72 22 1 5
0 1 46 24 1 2
0 1 70 34 0 1
0 1 111 17 0 5
0 1 9 29 0 4
0 1 90 42 1 0
0 1 42 18 0 0
0 1 112 15 1 2
0 1 73 14 0 1
0 1 81 10 1 0
0 1 109 12 1 0
0 1 102 45 1 2
0 1 127 26 1 0
0 1 60 45 1 3
0 1 99 47 0 4
0 1 10 6 0 5
0 1 113 46 1 5
0 1 27 2 0 4
0 1 135 26 1 3
0 1 117 41 0 1
0 1 95 8 0 4
0 1 94 22 0 3
0 1 132 3 0 4
0 1 143 21 0 0
0 1 30 40 0 5
0 1 68 30 1 2
0 1 42 30 1 1
0 1 147 19 1 1
0 1 89 20 0 4
0 1 91 37 0 5
0 1 22 12 1 4
0 1 83 8 1 1
0 1 12 8 0 5
0 1 144 20 0 2
0 1 59 25 1 2
0 1 25 39 1 5
0 1 55 32 0 2
0 1 40 32 0 3
0 1 96 43 1 0
0 1 34 3 1 2
0 1 23 32 0 4
0 1 92 16 1 3
0 1 18 20 0 1
0 1 53 27 0 0
0 1 54 16 1 1
0 1 97 36 1 0
0 1 28 41 1 5
0 1 21 47 0 5
0 1 23 0 1 4
0 1 129 35 0 0
0 1 52 1 0 5
0 1 67 14 1 3
0 1 24 19 0 4
0 1 1 32 1 0
0 1 0 9 1 5
0 1 57 11 0 5
0 1 115 10 1 3
0 1 137 44 1 1
0 1 125 27 1 3
0 1 132 17 1 0
0 1 58 13 1 4
0 1 148 13 1 2
0 1 76 48 0 4
0 1 31 42 1 3
0 1 85 10 1 2
0 1 3 17 0 4
0 1 119 21 0 4
0 1 101 36 0 2
0 1 140 48 1 1
0 1 58 48 0 0
0 1 123 46 1 1
0 1 32 30 1 4
0 1 112 37 0 4
0 1 126 40 1 1
0 1 105 10 1 1
0 1 43 18 0 4
0 1 30 32 1 1
0 1 20 46 1 4
0 1 130 23 0 5
0 1 34 43 0 1
0 1 11 26 0 4
0 1 60 6 0 0
0 1 133 6 0 3
0 1 108 44 1 3
0 1 85 34 0 4
0 1 133 42 1 1
0 1 10 1 1 1
0 1 107 13 1 5
0 1 84 33 1 5
0 1 2 21 1 2
0 1 82 29 0 3
0 1 40 5 1 3
0 1 50 12 0 3
0 1 137 38 0 0
0 1 64 3 1 0
0 1 77 24 0 0
0 1 51 0 0 0
0 1 62 5 0 1
0 1 36 7 0 0
0 1 117 2 1 0
0 1 72 0 0 3
0 1 21 15 1 3
0 1 141 41 1 0
0 1 1 9 0 3
0 1 63 42 1 2
0 1 146 9 0 2
0 1 92 15 0 1
0 1 142 5 0 0
0 1 11 47 1 0
0 1 145 7 1 1
0 1 0 25 0 4
0 1 4 4 1 2
0 1 88 29 1 5
0 1 49 1 0 2
0 1 13 34 0 2
0 1 123 19 0 2
0 1 64 29 0 0
0 1 104 38 0 5
0 1 134 39 0 0
0 1 102 7 0 4
0 1 98 3 0 3
0 1 100 37 0 3
0 1 145 30 0 3
0 1 78 36 1 1
0 1 140 24 0 1
0 1 51 45 1 4
0 1 37 26 1 5
0 1 93 43 1 4
0 1 62 37 1 1
0 1 136 42 1 4
0 1 77 20 1 3
0 1 15 19 1 3
0 1 75 16 1 4
0 1 146 14 1 4
0 1 61 27 0 1
0 1 80 41 1 2
0 1 65 0 0 5
0 1 41 39 1 2
0 1 36 12 1 2
0 1 20 7 0 2
0 1 90 47 0 2
0 1 120 25 0 1
0 1 136 22 0 1
0 1 5 33 0 1
0 1 24 22 1 2
0 1 47 28 0 5
0 1 86 10 1 4
0 1 141 27 0 5
0 1 124 8 0 2
0 1 39 33 1 3
0 1 22 12 0 5
0 1 106 18 0 1
0 1 71 15 0 0
0 1 127 37 0 0
0 1 25 4 0 1
0 1 88 17 0 3
0 1 116 43 1 3
0 1 110 22 0 4
0 1 38 16 1 5
0 1 135 14 0 5
0 1 3 11 1 3
0 1 108 41 0 3
0 1 16 8 1 3
0 1 6 36 0 4
0 1 96 39 0 4
0 1 118 45 1 0
0 1 27 45 1 5
0 1 110 0 1 1
0 1 138 49 1 1
0 1 18 43 1 2
0 1 5 2 1 5
0 1 17 18 0 2
0 1 101 13 1 0
0 1 118 25 0 3
0 1 52 38 1 2
0 1 43 40 1 4
0 1 29 30 0 5
0 1 106 46 1 3
0 1 68 33 0 0
0 1 120 21 1 1
0 1 128 4 0 4
0 1 121 9 0 1
0 1 119 34 1 0
0 1 87 49 1 5
0 1 149 40 1 0
0 1 138 23 0 3
0 1 129 27 1 4
0 1 44 17 1 1
0 1 107 31 0 4
0 1 97 5 0 4
0 1 48 49 0 3
0 1 13 2 1 2
0 1 79 48 1 5
0 1 74 1 0 3
0 1 69 44 1 5
0 1 47 6 1 2
0 1 35 11 1 1
0 1 83 24 0 5
0 1 122 23 0 0
0 1 19 0 0 2
0 1 100 30 1 0
0 1 87 28 0 0
0 1 17 35 1 4
0 1 70 22 1 0
0 1 63 26 0 1
0 1 65 13 1 3
0 1 35 38 0 3
0 1 45 23 0 1
0 1 74 8 1 0
0 1 44 35 0 2
0 1 9 21 1 3
0 1 8 6 0 1
0 1 143 40 1 2
0 1 124 33 1 4
0 1 103 47 1 1
0 1 16 49 0 4
0 1 7 25 0 5
0 1 114 31 1 3
0 1 91 15 1 4
0 1 59 3 0 1
0 1 80 34 0 5
0 1 67 28 0 2
0 1 53 31 1 1
0 1 31 29 0 1
0 1 94 20 1 0
0 1 103 17 0 2
0 1 19 28 1 4
0 1 61 43 1 5
0 1 95 26 1 2
0 1 86 2 0 1
0 1 84 6 0 4
0 1 73 48 1 3
0 1 6 4 1 5
0 1 125 3 0 5
