0 1 5 14 1 3
0 1 95 1 1 1
0 1 92 7 0 1
0 1 136 29 1 5
0 1 103 46 0 4
0 1 90 10 0 3
0 1 53 28 1 1
0 1 31 29 0 3
0 1 135 44 0 2
0 1 2 42 1 1
0 1 9 45 1 3
0 1 38 31 1 1
0 1 29 3 0 0
0 1 81 4 1 1
0 1 100 20 0 3
0 1 118 27 0 3
0 1 64 40 0 5
0 1 146 26 0 5
0 1 69 42 0 5
0 1 94 22 1 3
0 1 124 19 1 4
0 1 55 20 1 2
0 1 103 16 1 3
0 1 63 5 0 0
0 1 37 31 1 0
0 1 58 38 1 5
0 1 119 41 0 1
0 1 4 8 1 3
0 1 29 33 1 1
0 1 98 25 1 2
0 1 68 37 0 4
0 1 65 48 0 0
0 1 33 18 0 3
0 1 78 9 1 2
0 1 83 7 1 5
0 1 59 26 1 3
0 1 132 17 1 5
0 1 18 38 0 1
0 1 1 18 0 5
0 1 2 30 0 4
0 1 84 49 1 2
0 1 108 22 0 5
0 1 23 34 1 4
0 1 89 25 1 1
0 1 105 8 1 5
0 1 115 37 0 2
0 1 70 47 1 5
0 1 35 21 0 0
0 1 123 11 0 5
0 1 51 35 0 5
0 1 70 6 0 1
0 1 122 13 0 2
0 1 8 31 1 4
0 1 91 12 1 4
0 1 60 14 1 5
0 1 41 43 1 0
0 1 147 21 1 2
0 1 66 18 0 0
0 1 142 19 0 1
0 1 62 38 0 0
0 1 149 41 0 2
0 1 7 2 0 4
0 1 138 48 0 3
0 1 114 12 1 1
0 1 132 30 0 2
0 1 134 20 1 4
0 1 122 8 1 1
0 1 50 46 0 5
0 1 40 39 1 2
0 1 24 24 0 5
0 1 93 44 1 4
0 1 147 29 0 0
0 1 140 15 0 4
0 1 126 47 1 0
0 1 52 30 0 3
0 1 134 3 0 2
0 1 63 16 1 5
0 1 43 16 1 2
0 1 99 10 1 1
0 1 16 41 1 5
0 1 26 14 1 1
0 1 58 7 0 3
0 1 36 32 1 5
0 1 59 1 0 3
0 1 97 4 1 2
0 1 30 13 1 5
0 1 140 20 1 0
0 1 79 44 0 5
0 1 91 30 0 5
0 1 120 43 1 5
0 1 21 35 1 2
0 1 81 33 0 4
0 1 12 24 1 4
0 1 15 14 0 4
0 1 45 9 1 5
0 1 136 6 0 2
0 1 43 36 0 5
0 1 39 17 1 0
0 1 45 23 0 4
0 1 144 47 0 2
0 1 137 48 1 4
0 1 26 32 0 4
0 1 11 49 1 0
0 1 17 42 0 3
0 1 37 30 0 0
0 1 51 26 1 1
0 1 85 23 1 1
0 1 3 33 1 0
0 1 31 45 1 2
0 1 118 24 1 2
0 1 55 26 0 2
0 1 32 6 0 4
0 1 57 26 1 0
0 1 111 11 1 0
0 1 144 15 1 5
0 1 61 45 0 4
0 1 62 40 1 0
0 1 74 28 1 3
0 1 107 34 1 5
0 1 47 2 1 5
0 1 133 18 0 2
0 1 71 33 1 3
0 1 86 39 0 0
0 1 25 8 0 2
0 1 85 47 0 1
0 1 110 36 0 3
0 1 148 28 1 4
0 1 27 11 0 4
0 1 54 45 1 1
0 1 80 11 0 1
0 1 105 0 0 4
0 1 57 15 0 0
0 1 74 6 0 5
0 1 88 3 0 5
0 1 27 13 1 1
0 1 19 24 0 0
0 1 49 38 0 2
0 1 1 22 1 2
0 1 138 23 1 0
0 1 9 37 0 5
0 1 18 37 1 0
0 1 97 44 0 1
0 1 48 22 1 4
0 1 6 20 0 5
0 1 67 43 1 4
0 1 73 36 1 0
0 1 30 29 0 2
0 1 116 35 1 3
0 1 121 12 0 0
0 1 75 46 0 1
0 1 39 49 0 3
0 1 54 0 0 5
0 1 114 37 0 1
0 1 66 22 1 1
0 1 16 17 0 3
0 1 32 27 1 4
0 1 131 19 1 5
0 1 28 7 0 4
0 1 141 9 0 4
0 1 145 48 0 5
0 1 21 23 0 5
0 1 127 1 1 2
0 1 72 15 1 3
0 1 98 41 0 4
0 1 123 42 1 2
0 1 44 46 1 0
0 1 87 47 0 4
0 1 113 14 0 2
0 1 22 31 1 3
0 1 148 31 0 5
0 1 139 10 1 2
0 1 130 45 0 5
0 1 93 3 0 4
0 1 143 43 1 2
0 1 40 27 0 0
0 1 48 43 0 3
0 1 133 24 1 1
0 1 60 9 0 3
0 1 35 49 1 4
0 1 52 36 1 4
0 1 61 4 1 4
0 1 89 32 0 1
0 1 115 25 1 5
0 1 34 40 1 1
0 1 86 47 1 3
0 1 77 32 1 2
0 1 46 14 1 0
0 1 34 7 0 0
0 1 56 12 0 5
0 1 130 36 1 2
0 1 107 18 0 4
0 1 135 39 1 4
0 1 72 3 0 3
0 1 102 40 0 3
0 1 121 49 1 1
0 1 112 38 1 3
0 1 3 20 0 1
0 1 125 25 0 3
0 1 131 19 0 3
0 1 101 39 0 1
0 1 44 23 0 3
0 1 119 35 1 0
0 1 14 4 1 3
0 1 75 34 1 3
0 1 42 32 1 0
0 1 15 41 1 0
0 1 24 19 1 2
0 1 128 2 0 3
0 1 109 0 1 3
0 1 99 9 0 0
0 1 0 4 1 0
0 1 94 39 0 3
0 1 145 27 1 1
0 1 12 33 0 2
0 1 108 0 1 0
0 1 82 16 0 1
0 1 84 17 0 4
0 1 76 40 0 4
0 1 106 13 0 3
0 1 77 28 0 0
0 1 96 44 1 0
0 1 13 2 0 1
0 1 20 29 1 1
0 1 92 21 1 5
0 1 100 48 1 1
0 1 129 6 0 0
0 1 80 13 1 4
0 1 106 8 1 4
0 1 116 21 0 3
0 1 117 5 0 4
0 1 64 16 1 0
0 1 68 35 1 4
0 1 129 38 1 4
0 1 104 2 1 0
0 1 10 27 1 2
0 1 79 34 1 1
0 1 65 5 1 1
0 1 0 23 0 2
0 1 110 43 1 1
0 1 36 46 0 2
0 1 73 1 0 0
0 1 109 34 0 0
0 1 14 42 0 0
0 1 7 17 1 2
0 1 47 29 0 4
0 1 67 1 0 4
0 1 96 21 0 1
0 1 141 48 1 2
0 1 146 0 1 2
0 1 23 12 0 3
0 1 46 28 0 5
0 1 5 17 0 1
0 1 41 25 0 4
0 1 143 5 0 2
0 1 137 3 0 1
0 1 112 28 0 2
0 1 42 45 0 0
0 1 111 16 0 4
0 1 127 30 0 1
0 1 78 5 0 5
0 1 126 10 0 0
0 1 76 21 1 4
0 1 17 11 1 2
0 1 87 9 1 1
0 1 8 7 0 2
0 1 125 4 1 5
0 1 49 10 1 5
0 1 120 15 0 1
0 1 117 44 1 3
0 1 142 10 1 4
