0 1 144 26 1 4
0 1 55 2 0 1
0 1 84 1 0 1
0 1 64 45 1 3
0 1 22 7 0 4
0 1 75 25 1 1
0 1 114 5 0 3
0 1 34 30 1 0
0 1 40 38 0 1
0 1 79 31 1 4
0 1 58 9 1 3
0 1 88 24 0 5
0 1 49 49 1 1
0 1 24 22 0 5
0 1 78 21 0 3
0 1 1 17 1 0
0 1 14 20 0 2
0 1 124 28 0 0
0 1 47 37 0 1
0 1 62 13 0 5
0 1 141 43 1 1
0 1 67 36 0 0
0 1 76 24 0 2
0 1 111 44 1 5
0 1 117 17 0 3
0 1 56 10 1 4
0 1 92 10 1 1
0 1 101 33 1 1
0 1 138 15 1 5
0 1 43 42 1 2
0 1 68 3 0 4
0 1 146 27 0 4
0 1 56 33 0 0
0 1 18 0 0 5
0 1 71 9 0 0
0 1 72 48 1 0
0 1 6 40 1 4
0 1 9 20 0 0
0 1 14 39 1 1
0 1 45 46 1 0
0 1 61 39 1 2
0 1 50 47 0 4
0 1 5 46 1 2
0 1 148 30 0 3
0 1 48 17 1 4
0 1 57 43 0 2
0 1 73 15 1 4
0 1 118 48 0 2
0 1 123 31 0 5
0 1 69 21 0 4
0 1 96 32 1 1
0 1 114 25 1 5
0 1 143 13 0 3
0 1 15 30 0 5
0 1 11 20 1 5
0 1 76 47 1 0
0 1 26 22 1 0
0 1 17 0 0 0
0 1 137 4 1 0
0 1 27 4 0 5
0 1 35 14 0 2
0 1 103 11 1 0
0 1 145 19 1 2
0 1 134 34 1 4
0 1 149 29 1 1
0 1 77 23 1 5
0 1 23 5 0 5
0 1 50 37 1 4
0 1 147 3 0 3
0 1 55 16 1 5
0 1 148 15 1 1
0 1 30 19 0 5
0 1 80 35 1 2
0 1 115 27 1 1
0 1 132 32 1 3
0 1 104 46 0 4
0 1 34 36 0 3
0 1 110 14 0 4
0 1 19 40 0 0
0 1 8 44 0 0
0 1 128 34 0 3
0 1 129 35 0 0
0 1 3 8 1 1
0 1 8 17 1 5
0 1 58 23 0 1
0 1 11 29 0 4
0 1 131 1 0 3
0 1 10 10 1 0
0 1 126 41 1 3
0 1 80 28 0 4
0 1 24 32 1 5
0 1 35 14 1 0
0 1 27 12 1 2
0 1 99 43 1 3
0 1 7 2 0 0
0 1 54 42 1 1
0 1 33 6 0 2
0 1 6 12 0 1
0 1 82 29 0 0
0 1 25 0 0 2
0 1 38 16 0 3
0 1 87 7 0 5
0 1 28 22 0 4
0 1 64 19 0 1
0 1 128 19 1 4
0 1 70 6 0 4
0 1 60 34 1 2
0 1 2 7 0 3
0 1 48 26 0 5
0 1 26 36 0 1
0 1 87 9 1 2
0 1 94 39 0 4
0 1 2 6 1 3
0 1 20 16 0 4
0 1 129 12 1 3
0 1 112 35 0 5
0 1 74 36 0 2
0 1 79 49 0 5
0 1 123 40 1 3
0 1 37 28 0 5
0 1 83 45 0 1
0 1 112 2 1 4
0 1 12 35 1 3
0 1 122 43 1 4
0 1 68 9 1 1
0 1 67 32 1 2
0 1 81 14 1 5
0 1 39 18 1 3
0 1 81 1 0 4
0 1 38 11 1 2
0 1 65 16 1 2
0 1 120 4 0 4
0 1 25 47 1 5
0 1 107 12 0 5
0 1 18 38 1 3
0 1 19 10 1 3
0 1 149 10 0 2
0 1 44 5 0 4
0 1 74 22 1 2
0 1 130 25 1 3
0 1 53 20 0 3
0 1 89 2 0 2
0 1 89 11 1 1
0 1 86 38 1 2
0 1 121 25 1 0
0 1 97 39 1 0
0 1 90 37 1 3
0 1 108 49 1 3
0 1 109 9 1 4
0 1 32 18 0 5
0 1 66 23 0 4
0 1 60 1 0 0
0 1 17 18 1 0
0 1 84 20 1 4
0 1 46 5 0 2
0 1 119 45 0 0
0 1 29 33 1 2
0 1 105 21 0 0
0 1 63 28 0 2
0 1 85 3 0 0
0 1 42 15 0 3
0 1 133 11 0 3
0 1 3 38 0 5
0 1 23 28 1 3
0 1 21 2 0 3
0 1 96 29 0 5
0 1 72 29 0 3
0 1 121 49 0 2
0 1 110 23 1 3
0 1 86 12 0 4
0 1 102 43 1 0
0 1 106 1 0 2
0 1 37 19 1 0
0 1 47 48 1 5
0 1 137 30 0 1
0 1 132 34 0 5
0 1 136 45 1 5
0 1 5 46 0 5
0 1 52 6 1 0
0 1 78 44 1 4
0 1 46 37 1 2
0 1 133 13 1 0
0 1 95 3 0 1
0 1 1 18 0 1
0 1 75 13 0 1
0 1 59 48 1 4
0 1 21 4 1 1
0 1 36 47 1 2
0 1 93 26 1 1
0 1 91 16 1 0
0 1 138 31 0 2
0 1 53 23 1 2
0 1 139 31 1 1
0 1 135 42 0 5
0 1 101 24 0 3
0 1 143 25 1 4
0 1 127 14 0 3
0 1 119 17 1 1
0 1 4 33 1 3
0 1 116 18 0 4
0 1 66 24 1 0
0 1 90 37 0 5
0 1 4 8 0 3
0 1 107 7 1 2
0 1 44 37 1 0
0 1 61 33 0 4
0 1 7 49 1 4
0 1 10 48 0 3
0 1 39 32 0 0
0 1 42 46 1 1
0 1 13 35 0 1
0 1 54 27 0 2
0 1 93 0 0 4
0 1 131 24 1 4
0 1 70 47 1 1
0 1 125 36 0 5
0 1 120 20 1 1
0 1 103 8 0 4
0 1 20 44 1 2
0 1 91 22 0 1
0 1 139 5 0 1
0 1 118 40 1 1
0 1 9 23 1 0
0 1 140 8 0 0
0 1 140 13 1 2
0 1 99 42 0 0
0 1 147 30 1 2
0 1 59 1 0 5
0 1 142 7 1 0
0 1 122 21 0 2
0 1 12 39 0 3
0 1 115 44 0 3
0 1 98 41 1 0
0 1 92 15 0 2
0 1 0 5 1 0
0 1 134 18 0 2
0 1 63 26 1 3
0 1 142 16 0 1
0 1 100 40 0 5
0 1 136 41 0 1
0 1 126 36 0 4
0 1 29 31 0 0
0 1 69 11 1 5
0 1 141 21 0 5
0 1 88 4 1 2
0 1 62 33 1 5
0 1 73 27 0 5
0 1 102 8 0 2
0 1 100 27 1 0
0 1 28 42 1 3
0 1 71 45 1 4
0 1 116 45 1 2
0 1 16 39 1 5
0 1 32 41 1 5
0 1 145 9 0 5
0 1 98 6 0 5
0 1 0 0 0 1
0 1 41 41 0 2
0 1 144 6 0 1
0 1 57 26 1 0
0 1 111 14 0 1
0 1 108 24 0 1
0 1 82 3 1 5
0 1 45 38 0 0
0 1 15 40 1 2
0 1 52 17 0 2
0 1 77 0 0 3
0 1 16 12 0 0
0 1 130 42 0 4
0 1 125 34 1 1
