0 1 82 18 0 5
0 1 130 23 1 0
0 1 140 49 1 1
0 1 28 43 0 4
0 1 22 19 0 1
0 1 46 27 0 3
0 1 86 43 0 1
0 1 109 30 0 4
0 1 66 3 1 0
0 1 93 45 0 3
0 1 71 19 0 2
0 1 88 12 0 0
0 1 141 14 0 3
0 1 83 17 1 4
0 1 132 7 0 1
0 1 110 46 0 2
0 1 77 5 0 5
0 1 1 20 1 0
0 1 72 44 0 4
0 1 63 20 0 2
0 1 29 39 1 3
0 1 114 8 0 5
0 1 90 6 1 4
0 1 139 2 0 3
0 1 44 37 1 3
0 1 80 10 1 3
0 1 8 28 1 5
0 1 143 21 0 2
0 1 103 14 1 1
0 1 102 33 1 0
0 1 64 42 0 1
0 1 105 29 1 0
0 1 23 1 1 3
0 1 15 36 1 2
0 1 94 0 1 5
0 1 43 28 1 3
0 1 18 47 1 3
0 1 54 1 0 2
0 1 34 15 0 1
0 1 79 21 0 3
0 1 36 38 0 3
0 1 57 34 1 3
0 1 144 10 0 4
0 1 18 48 0 1
0 1 11 34 0 2
0 1 25 18 0 0
0 1 53 5 1 1
0 1 28 47 1 5
0 1 49 32 0 2
0 1 45 31 0 5
0 1 127 8 0 3
0 1 33 4 0 5
0 1 145 35 1 2
0 1 31 13 1 4
0 1 58 39 1 0
0 1 56 3 1 1
0 1 52 46 1 4
0 1 12 32 1 4
0 1 148 40 1 2
0 1 119 11 1 0
0 1 103 42 0 0
0 1 5 35 0 1
0 1 78 14 1 0
0 1 123 25 0 4
0 1 51 9 0 1
0 1 46 2 1 0
0 1 137 48 1 0
0 1 95 12 1 3
0 1 97 15 0 3
0 1 32 18 0 1
0 1 58 26 0 5
0 1 54 10 1 0
0 1 100 42 0 3
0 1 4 10 0 5
0 1 104 47 1 0
0 1 17 44 1 3
0 1 108 27 0 2
0 1 66 16 0 0
0 1 147 23 0 3
0 1 7 34 0 5
0 1 26 7 0 3
0 1 92 36 1 1
0 1 44 21 0 1
0 1 122 48 1 2
0 1 148 23 0 1
0 1 81 31 1 2
0 1 85 45 0 4
0 1 110 22 1 4
0 1 71 20 1 5
0 1 97 22 1 1
0 1 112 4 1 2
0 1 117 25 0 0
0 1 20 38 0 4
0 1 133 13 1 5
0 1 127 10 1 2
0 1 142 39 0 1
0 1 20 9 1 0
0 1 87 15 1 4
0 1 96 6 1 2
0 1 26 29 1 2
0 1 122 8 0 0
0 1 131 23 1 2
0 1 76 31 0 4
0 1 24 0 0 4
0 1 62 9 0 2
0 1 76 35 1 5
0 1 59 48 1 3
0 1 40 49 1 3
0 1 19 0 1 2
0 1 43 16 0 5
0 1 10 46 0 0
0 1 32 41 1 4
0 1 47 29 0 4
0 1 117 41 1 1
0 1 146 6 0 0
0 1 101 20 0 1
0 1 17 27 0 1
0 1 67 1 0 4
0 1 139 36 1 3
0 1 11 28 1 1
0 1 111 41 0 2
0 1 98 3 0 2
0 1 25 2 1 2
0 1 74 26 0 0
0 1 149 12 0 1
0 1 105 33 0 4
0 1 96 25 0 2
0 1 14 36 1 4
0 1 23 24 0 5
0 1 48 35 1 4
0 1 21 45 0 1
0 1 19 8 0 2
0 1 86 1 1 5
0 1 84 44 1 1
0 1 93 32 1 3
0 1 8 32 0 0
0 1 22 37 1 1
0 1 38 30 1 2
0 1 6 38 0 2
0 1 2 12 0 2
0 1 100 11 1 4
0 1 45 19 1 0
0 1 84 24 0 2
0 1 111 27 1 0
0 1 39 17 1 2
0 1 124 28 1 0
0 1 21 12 1 5
0 1 16 4 1 0
0 1 3 31 0 3
0 1 41 13 1 1
0 1 108 6 1 1
0 1 52 41 0 5
0 1 31 6 0 5
0 1 102 40 0 4
0 1 49 47 1 2
0 1 107 11 0 3
0 1 132 2 1 5
0 1 56 22 0 5
0 1 37 33 0 2
0 1 4 6 1 3
0 1 121 0 1 0
0 1 92 16 0 4
0 1 40 3 0 4
0 1 98 13 1 3
0 1 77 24 1 3
0 1 95 26 0 2
0 1 143 25 1 1
0 1 121 21 0 5
0 1 35 5 0 3
0 1 90 11 0 1
0 1 118 37 1 0
0 1 69 7 0 2
0 1 99 44 1 5
0 1 134 14 1 4
0 1 129 26 1 1
0 1 42 44 0 0
0 1 75 17 1 5
0 1 62 34 1 1
0 1 89 49 1 4
0 1 140 48 0 5
0 1 0 27 1 4
0 1 116 29 0 5
0 1 116 11 1 5
0 1 91 46 1 5
0 1 13 9 1 3
0 1 79 46 1 1
0 1 81 0 0 3
0 1 83 5 0 2
0 1 114 18 1 2
0 1 67 13 1 0
0 1 65 40 0 5
0 1 35 21 1 0
0 1 10 19 1 3
0 1 109 24 1 4
0 1 70 43 0 0
0 1 68 17 0 3
0 1 50 42 0 4
0 1 61 43 0 5
0 1 78 37 0 5
0 1 3 39 1 2
0 1 75 17 0 1
0 1 91 7 0 5
0 1 34 33 1 5
0 1 33 43 1 3
0 1 128 22 0 3
0 1 123 26 1 3
0 1 113 3 0 5
0 1 124 23 0 5
0 1 60 28 0 4
0 1 126 38 0 1
0 1 64 14 1 2
0 1 146 30 1 3
0 1 13 45 0 0
0 1 30 42 1 2
0 1 80 7 0 4
0 1 133 32 0 1
0 1 115 16 0 2
0 1 15 19 0 5
0 1 131 9 0 4
0 1 0 35 0 3
0 1 137 49 0 2
0 1 144 49 1 5
0 1 14 40 0 1
0 1 118 22 0 0
0 1 82 25 1 3
0 1 104 28 0 2
0 1 7 30 1 0
0 1 106 24 1 0
0 1 72 37 1 4
0 1 27 1 0 0
0 1 135 22 1 2
0 1 73 11 1 2
0 1 113 16 1 3
0 1 37 8 1 1
0 1 5 18 1 4
0 1 88 41 1 3
0 1 69 34 1 4
0 1 115 30 1 5
0 1 24 27 1 5
0 1 9 45 1 5
0 1 87 38 0 0
0 1 136 40 0 3
0 1 48 5 0 4
0 1 59 39 0 5
0 1 16 31 0 1
0 1 68 20 1 3
0 1 120 17 1 0
0 1 65 33 1 3
0 1 73 24 0 1
0 1 39 2 0 4
0 1 142 4 1 4
0 1 126 15 1 2
0 1 27 42 1 5
0 1 38 43 0 2
0 1 112 4 0 1
0 1 147 18 1 3
0 1 47 47 1 1
0 1 74 45 1 2
0 1 134 29 0 1
0 1 57 36 0 0
0 1 138 19 1 4
0 1 129 4 0 3
0 1 135 13 0 2
0 1 128 15 1 5
0 1 6 41 1 0
0 1 145 48 0 4
0 1 107 8 1 4
0 1 125 39 0 4
0 1 55 49 1 0
0 1 41 9 0 5
