0 1 94 0 1 0
0 1 19 8 1 2
0 1 58 40 1 4
0 1 97 22 0 5
0 1 46 24 1 5
0 1 32 46 0 1
0 1 80 8 1 4
0 1 24 39 1 3
0 1 145 28 0 2
0 1 92 42 1 0
0 1 148 12 0 2
0 1 89 11 1 1
0 1 133 1 1 5
0 1 121 34 1 1
0 1 46 27 0 1
0 1 111 27 0 4
0 1 105 3 0 1
0 1 29 5 0 0
0 1 114 21 0 3
0 1 35 35 1 1
0 1 1 15 0 3
0 1 137 14 0 1
0 1 7 4 0 2
0 1 41 41 0 4
0 1 122 16 0 4
0 1 48 31 1 1
0 1 14 26 1 3
0 1 134 15 1 4
0 1 16 30 1 0
0 1 48 7 0 2
0 1 88 47 1 2
0 1 47 32 0 2
0 1 124 33 0 1
0 1 39 25 1 3
0 1 63 16 1 3
0 1 87 39 0 1
0 1 14 19 0 2
0 1 98 23 1 4
0 1 26 43 0 2
0 1 131 49 0 5
0 1 5 45 1 1
0 1 100 32 0 0
0 1 38 13 1 1
0 1 50 37 1 2
0 1 28 19 0 0
0 1 142 20 1 2
0 1 119 41 0 5
0 1 21 5 1 3
0 1 64 2 1 0
0 1 146 40 1 2
0 1 96 28 0 3
0 1 18 25 0 1
0 1 42 17 0 4
0 1 147 30 0 2
0 1 17 14 0 3
0 1 75 46 1 4
0 1 4 4 0 0
0 1 13 18 1 2
0 1 52 6 0 1
0 1 142 13 0 4
0 1 144 17 1 5
0 1 1 37 1 3
0 1 104 2 1 4
0 1 57 10 0 5
0 1 65 48 0 1
0 1 93 12 0 1
0 1 69 43 0 0
0 1 10 24 1 4
0 1 12 37 1 0
0 1 108 38 1 4
0 1 34 9 1 5
0 1 84 15 1 1
0 1 21 35 0 0
0 1 126 36 1 5
0 1 36 10 0 3
0 1 61 29 1 0
0 1 109 13 0 0
0 1 19 38 0 2
0 1 51 21 1 1
0 1 146 39 0 2
0 1 91 1 0 4
0 1 116 44 1 4
0 1 88 20 0 1
0 1 61 44 0 1
0 1 127 46 1 5
0 1 37 40 1 0
0 1 34 44 0 2
0 1 117 23 1 1
0 1 39 15 0 2
0 1 55 12 1 4
0 1 127 25 0 2
0 1 132 42 0 4
0 1 30 26 0 5
0 1 26 21 1 5
0 1 9 34 1 0
0 1 128 14 0 4
0 1 37 32 0 4
0 1 140 22 0 3
0 1 82 4 1 4
0 1 28 29 1 4
0 1 124 11 1 4
0 1 129 43 1 4
0 1 25 27 1 5
0 1 9 7 0 3
0 1 45 48 1 2
0 1 129 6 0 5
0 1 41 19 1 1
0 1 25 31 0 5
0 1 70 18 1 4
0 1 40 36 1 4
0 1 52 29 1 2
0 1 3 18 0 1
0 1 102 42 0 3
0 1 103 10 1 0
0 1 54 24 1 2
0 1 118 28 1 0
0 1 130 17 1 2
0 1 101 45 1 5
0 1 68 13 1 5
0 1 94 16 0 2
0 1 33 2 0 1
0 1 36 46 1 2
0 1 118 48 0 0
0 1 70 2 0 5
0 1 106 30 0 4
0 1 85 45 0 0
0 1 117 28 0 5
0 1 67 27 0 3
0 1 58 7 0 0
0 1 57 48 1 5
0 1 86 14 0 0
0 1 77 0 1 2
0 1 59 1 1 2
0 1 95 0 1 1
0 1 56 7 0 5
0 1 78 41 0 3
0 1 149 32 0 5
0 1 140 22 1 2
0 1 109 17 1 3
0 1 16 10 0 4
0 1 123 1 1 0
0 1 47 3 1 3
0 1 29 25 1 0
0 1 18 47 1 3
0 1 107 40 0 3
0 1 96 13 1 3
0 1 120 20 1 0
0 1 89 0 0 5
0 1 79 46 1 3
0 1 63 47 0 5
0 1 139 3 0 0
0 1 67 38 1 5
0 1 42 29 1 3
0 1 135 9 0 4
0 1 126 43 0 5
0 1 44 33 0 0
0 1 115 11 1 0
0 1 72 3 1 5
0 1 31 23 0 5
0 1 69 31 1 4
0 1 8 12 1 5
0 1 59 30 0 5
0 1 141 15 1 0
0 1 144 38 0 3
0 1 0 9 0 1
0 1 50 41 0 2
0 1 2 0 1 3
0 1 123 42 0 2
0 1 99 33 1 3
0 1 17 25 1 5
0 1 44 31 1 2
0 1 125 12 1 3
0 1 76 18 1 5
0 1 138 23 1 3
0 1 22 3 0 4
0 1 60 29 1 1
0 1 137 28 1 4
0 1 2 11 0 3
0 1 147 4 1 5
0 1 30 22 1 0
0 1 38 49 0 0
0 1 83 8 1 1
0 1 6 23 0 2
0 1 33 26 1 2
0 1 130 16 0 5
0 1 86 36 1 3
0 1 20 6 1 4
0 1 65 39 1 5
0 1 79 45 0 2
0 1 53 2 0 2
0 1 56 10 1 2
0 1 32 43 1 1
0 1 120 49 0 3
0 1 73 16 1 1
0 1 49 47 1 1
0 1 73 24 0 1
0 1 115 45 0 3
0 1 12 7 0 4
0 1 77 8 0 0
0 1 81 5 0 2
0 1 82 35 0 2
0 1 116 33 0 2
0 1 5 30 0 1
0 1 134 44 0 0
0 1 111 35 1 3
0 1 83 36 0 0
0 1 102 9 1 0
0 1 128 27 1 0
0 1 74 11 1 2
0 1 40 20 0 4
0 1 23 24 1 3
0 1 149 19 1 3
0 1 85 16 1 0
0 1 6 36 1 2
0 1 45 34 0 3
0 1 43 35 1 4
0 1 0 4 1 1
0 1 103 41 0 0
0 1 22 18 1 3
0 1 119 26 1 0
0 1 11 42 0 5
0 1 3 34 1 5
0 1 71 5 0 1
0 1 95 37 0 5
0 1 80 9 0 2
0 1 75 37 0 4
0 1 138 1 0 3
0 1 90 44 1 5
0 1 97 26 1 1
0 1 100 26 1 4
0 1 132 6 1 3
0 1 66 48 1 3
0 1 24 22 0 4
0 1 23 49 0 2
0 1 145 2 1 3
0 1 101 22 0 1
0 1 68 40 0 5
0 1 49 36 0 1
0 1 78 49 1 1
0 1 107 6 1 2
0 1 84 17 0 1
0 1 135 31 1 3
0 1 136 8 1 5
0 1 110 19 0 4
0 1 143 39 1 4
0 1 104 21 0 4
0 1 122 34 1 4
0 1 60 43 0 3
0 1 136 38 0 1
0 1 15 14 0 5
0 1 92 19 0 5
0 1 62 33 0 4
0 1 71 5 1 4
0 1 91 4 1 3
0 1 99 47 0 4
0 1 113 34 1 2
0 1 113 21 0 2
0 1 106 32 1 1
0 1 143 17 0 0
0 1 20 29 0 5
0 1 27 20 0 5
0 1 72 40 0 1
0 1 54 9 0 3
0 1 105 48 1 4
0 1 87 15 1 5
0 1 62 49 1 4
0 1 121 35 0 5
0 1 133 1 0 1
0 1 112 32 0 3
0 1 4 28 1 1
