0 1 104 19 0 2
0 1 72 7 0 0
0 1 92 11 1 4
0 1 7 21 1 2
0 1 106 28 1 5
0 1 121 33 0 2
0 1 25 8 0 5
0 1 35 26 1 0
0 1 37 12 0 0
0 1 63 29 1 4
0 1 67 18 0 1
0 1 29 13 1 5
0 1 32 34 0 0
0 1 149 17 1 2
0 1 13 49 0 0
0 1 8 21 0 3
0 1 102 4 1 4
0 1 117 22 0 5
0 1 95 19 0 1
0 1 114 20 0 4
0 1 123 47 1 3
0 1 49 32 0 4
0 1 115 45 1 1
0 1 61 20 0 3
0 1 75 37 0 5
0 1 140 42 1 2
0 1 120 25 1 1
0 1 23 4 0 1
0 1 38 38 1 4
0 1 94 22 1 0
0 1 87 27 1 2
0 1 57 8 0 1
0 1 139 23 1 4
0 1 28 46 1 3
0 1 2 21 0 0
0 1 119 14 1 2
0 1 117 8 1 4
0 1 95 30 1 1
0 1 19 18 1 2
0 1 6 35 1 2
0 1 143 9 1 0
0 1 24 15 0 4
0 1 99 36 0 3
0 1 53 10 0 4
0 1 115 12 0 1
0 1 125 24 1 2
0 1 76 1 1 0
0 1 13 27 1 1
0 1 74 7 1 5
0 1 110 9 1 4
0 1 77 25 0 4
0 1 139 43 0 2
0 1 62 33 0 5
0 1 146 41 1 1
0 1 122 44 0 3
0 1 36 3 1 4
0 1 41 0 0 2
0 1 132 41 1 5
0 1 31 10 0 0
0 1 80 0 0 4
0 1 46 34 1 3
0 1 96 31 0 1
0 1 64 5 1 1
0 1 27 14 1 4
0 1 33 39 0 4
0 1 46 26 0 5
0 1 129 13 0 1
0 1 27 49 0 3
0 1 70 27 1 4
0 1 100 40 1 3
0 1 144 43 0 4
0 1 23 23 1 0
0 1 10 38 1 2
0 1 80 47 1 1
0 1 149 36 0 1
0 1 131 45 0 5
0 1 34 49 0 1
0 1 34 6 1 4
0 1 14 18 0 0
0 1 51 5 0 3
0 1 67 5 1 2
0 1 99 16 1 2
0 1 84 3 0 0
0 1 82 16 0 5
0 1 135 37 1 1
0 1 125 39 0 1
0 1 69 15 0 1
0 1 7 26 0 4
0 1 135 0 0 3
0 1 43 17 0 1
0 1 50 28 1 4
0 1 91 28 0 0
0 1 128 2 0 2
0 1 148 2 1 3
0 1 56 44 0 0
0 1 137 12 0 2
0 1 108 40 1 0
0 1 81 11 0 3
0 1 83 16 1 4
0 1 76 14 0 5
0 1 38 49 0 5
0 1 108 36 0 0
0 1 148 11 0 2
0 1 116 48 0 1
0 1 59 29 1 2
0 1 107 47 0 0
0 1 68 17 0 4
0 1 21 42 0 4
0 1 120 22 0 3
0 1 105 25 0 0
0 1 42 17 1 3
0 1 6 23 0 1
0 1 22 37 0 4
0 1 69 19 1 4
0 1 39 29 0 3
0 1 77 42 1 0
0 1 89 39 1 3
0 1 37 25 1 5
0 1 1 46 0 0
0 1 79 20 0 5
0 1 45 15 1 5
0 1 144 24 1 5
0 1 65 1 1 3
0 1 126 43 0 0
0 1 87 14 0 1
0 1 85 46 1 5
0 1 137 38 1 5
0 1 143 27 0 5
0 1 130 48 0 0
0 1 89 32 0 1
0 1 94 2 0 1
0 1 17 34 1 4
0 1 58 18 0 5
0 1 3 9 1 2
0 1 93 44 0 4
0 1 136 20 1 0
0 1 122 6 1 1
0 1 142 45 0 3
0 1 71 36 0 2
0 1 48 6 0 5
0 1 36 37 0 2
0 1 92 35 0 3
0 1 110 11 0 1
0 1 96 28 1 3
0 1 102 46 0 2
0 1 60 27 1 3
0 1 50 31 0 5
0 1 29 47 0 4
0 1 40 47 0 5
0 1 30 3 1 1
0 1 112 32 1 2
0 1 132 42 0 1
0 1 133 35 1 5
0 1 47 11 1 5
0 1 2 43 1 3
0 1 134 30 0 3
0 1 55 13 0 2
0 1 18 26 0 3
0 1 93 24 1 0
0 1 75 25 1 2
0 1 20 8 1 0
0 1 84 29 1 0
0 1 12 15 0 3
0 1 145 34 1 5
0 1 70 48 0 2
0 1 10 35 0 1
0 1 85 34 0 1
0 1 26 19 0 5
0 1 104 41 1 0
0 1 106 30 0 2
0 1 0 22 1 2
0 1 57 15 1 0
0 1 103 30 0 4
0 1 45 10 0 3
0 1 97 20 1 2
0 1 131 41 1 4
0 1 44 1 0 5
0 1 138 7 0 1
0 1 126 41 1 3
0 1 88 39 1 0
0 1 103 32 1 3
0 1 19 49 0 2
0 1 31 45 1 2
0 1 16 44 1 5
0 1 111 33 1 4
0 1 61 1 1 2
0 1 121 43 1 1
0 1 90 7 1 3
0 1 73 13 1 0
0 1 20 31 0 0
0 1 11 40 0 5
0 1 101 31 0 3
0 1 5 18 0 3
0 1 53 39 1 5
0 1 78 9 0 1
0 1 90 21 0 4
0 1 97 33 0 1
0 1 82 28 1 1
0 1 140 38 0 0
0 1 116 2 1 0
0 1 113 36 1 4
0 1 79 3 1 5
0 1 138 23 1 3
0 1 141 37 1 3
0 1 0 6 0 0
0 1 118 0 1 5
0 1 130 40 1 2
0 1 21 38 1 1
0 1 42 10 0 2
0 1 33 9 1 5
0 1 123 31 0 4
0 1 54 37 1 0
0 1 41 16 1 1
0 1 71 40 1 1
0 1 100 31 0 2
0 1 109 2 0 4
0 1 127 48 1 5
0 1 5 19 1 0
0 1 48 5 1 4
0 1 25 4 1 3
0 1 73 29 0 5
0 1 112 13 0 3
0 1 141 23 0 2
0 1 47 24 0 4
0 1 4 45 1 4
0 1 3 14 0 0
0 1 59 30 0 5
0 1 26 17 1 0
0 1 134 3 1 3
0 1 35 4 0 2
0 1 62 34 1 2
0 1 15 42 1 3
0 1 81 12 1 4
0 1 64 19 0 3
0 1 66 1 0 1
0 1 128 44 1 2
0 1 11 0 1 0
0 1 98 33 1 3
0 1 40 22 1 1
0 1 60 5 0 0
0 1 28 39 0 2
0 1 65 15 0 2
0 1 43 38 1 3
0 1 147 6 0 2
0 1 145 8 0 3
0 1 78 24 1 3
0 1 124 22 1 4
0 1 127 7 0 2
0 1 68 16 1 3
0 1 18 4 1 5
0 1 32 46 1 1
0 1 105 26 1 2
0 1 9 17 0 5
0 1 39 12 1 5
0 1 1 27 1 0
0 1 133 42 0 5
0 1 54 25 0 3
0 1 63 44 0 1
0 1 66 7 1 4
0 1 72 35 1 4
0 1 55 0 1 1
0 1 22 18 1 4
0 1 136 46 0 4
0 1 107 32 1 0
0 1 52 10 1 1
0 1 109 48 1 3
0 1 24 48 1 4
0 1 124 21 0 5
0 1 49 23 1 5
0 1 111 13 0 4
