0 1 104 15 0 0
0 1 87 37 0 2
0 1 73 31 0 3
0 1 126 29 0 0
0 1 54 43 0 0
0 1 4 1 0 1
0 1 93 43 0 3
0 1 8 46 1 0
0 1 106 14 1 1
0 1 68 4 0 4
0 1 86 21 1 5
0 1 119 2 1 1
0 1 21 30 0 5
0 1 36 10 1 0
0 1 134 39 1 2
0 1 29 36 1 4
0 1 82 8 0 3
0 1 98 7 0 5
0 1 118 34 0 2
0 1 2 4 0 5
0 1 49 25 0 4
0 1 5 19 0 0
0 1 132 18 1 3
0 1 90 17 1 3
0 1 137 28 0 4
0 1 47 42 1 5
0 1 70 47 0 2
0 1 141 0 1 5
0 1 13 16 0 5
0 1 7 29 1 1
0 1 95 33 0 4
0 1 144 22 1 3
0 1 89 32 0 4
0 1 14 32 1 3
0 1 103 21 0 1
0 1 120 48 0 3
0 1 12 13 1 0
0 1 126 15 1 3
0 1 20 13 1 3
0 1 78 40 0 5
0 1 97 26 1 0
0 1 26 38 1 1
0 1 14 49 0 0
0 1 55 35 1 0
0 1 57 34 0 3
0 1 91 23 0 3
0 1 71 26 0 3
0 1 17 5 0 4
0 1 69 25 1 5
0 1 16 3 0 1
0 1 135 2 1 5
0 1 75 27 0 5
0 1 7 35 0 4
0 1 116 29 0 5
0 1 116 33 1 5
0 1 104 33 1 2
0 1 62 18 0 1
0 1 50 15 0 1
0 1 11 10 1 3
0 1 10 17 0 1
0 1 149 45 1 3
0 1 142 44 0 5
0 1 60 20 0 4
0 1 31 12 1 3
0 1 88 11 1 3
0 1 145 19 0 1
0 1 18 45 1 5
0 1 34 9 0 1
0 1 31 40 0 0
0 1 60 0 1 0
0 1 140 17 1 4
0 1 35 41 0 3
0 1 72 27 1 0
0 1 96 22 1 2
0 1 120 19 1 4
0 1 5 40 1 2
0 1 105 44 0 0
0 1 89 22 1 0
0 1 64 42 0 4
0 1 44 5 0 3
0 1 131 13 1 1
0 1 117 49 1 5
0 1 77 24 1 2
0 1 33 30 1 3
0 1 23 9 0 3
0 1 110 41 0 5
0 1 48 12 0 1
0 1 75 34 1 4
0 1 45 6 0 1
0 1 81 16 1 1
0 1 3 23 1 1
0 1 106 10 0 2
0 1 83 16 1 4
0 1 63 44 0 4
0 1 91 46 1 5
0 1 129 27 1 4
0 1 36 17 0 2
0 1 66 35 1 3
0 1 76 7 0 3
0 1 47 42 0 2
0 1 8 11 0 5
0 1 64 47 1 3
0 1 112 18 1 5
0 1 72 28 0 0
0 1 23 49 1 4
0 1 58 21 0 2
0 1 51 31 1 5
0 1 83 20 0 3
0 1 16 27 1 3
0 1 139 48 0 2
0 1 110 14 1 2
0 1 133 20 1 1
0 1 9 7 1 1
0 1 100 3 1 2
0 1 143 24 0 4
0 1 67 4 1 0
0 1 143 23 1 0
0 1 73 33 1 0
0 1 80 32 0 0
0 1 138 46 0 4
0 1 71 47 1 0
0 1 86 20 0 0
0 1 113 36 0 0
0 1 95 40 1 1
0 1 145 49 1 3
0 1 59 9 0 5
0 1 38 31 0 4
0 1 146 6 1 5
0 1 13 36 1 2
0 1 28 12 1 2
0 1 112 47 0 4
0 1 15 14 0 0
0 1 135 48 0 4
0 1 50 38 1 2
0 1 41 36 0 1
0 1 99 25 1 2
0 1 136 38 1 5
0 1 118 48 1 5
0 1 45 40 1 4
0 1 41 41 1 4
0 1 127 11 1 4
0 1 28 31 0 0
0 1 122 26 1 5
0 1 113 8 1 2
0 1 131 48 0 1
0 1 141 42 0 0
0 1 19 37 0 0
0 1 114 26 1 4
0 1 88 5 0 1
0 1 27 18 0 2
0 1 78 45 1 4
0 1 99 17 0 0
0 1 101 0 1 1
0 1 46 31 0 2
0 1 0 7 1 2
0 1 147 6 1 2
0 1 22 29 1 3
0 1 98 3 1 3
0 1 66 1 0 4
0 1 44 39 1 1
0 1 127 16 0 0
0 1 84 28 1 1
0 1 11 19 0 2
0 1 39 22 1 1
0 1 68 37 1 1
0 1 48 36 1 3
0 1 93 45 1 2
0 1 81 2 0 2
0 1 18 23 0 4
0 1 109 22 0 4
0 1 76 48 1 0
0 1 65 27 0 2
0 1 90 28 0 2
0 1 37 0 0 2
0 1 74 46 1 2
0 1 121 1 1 3
0 1 92 6 1 3
0 1 142 39 1 5
0 1 22 43 0 2
0 1 27 3 1 5
0 1 35 23 1 2
0 1 4 49 1 1
0 1 51 30 0 4
0 1 20 41 0 2
0 1 107 15 0 5
0 1 24 16 0 2
0 1 138 12 1 0
0 1 17 43 1 4
0 1 10 14 1 5
0 1 103 14 1 3
0 1 128 38 0 3
0 1 121 10 0 4
0 1 26 1 0 5
0 1 108 35 1 5
0 1 134 24 0 1
0 1 9 34 0 1
0 1 130 44 0 2
0 1 3 9 0 2
0 1 139 4 1 1
0 1 85 24 1 3
0 1 33 41 0 1
0 1 92 33 0 3
0 1 42 21 0 0
0 1 136 42 0 1
0 1 19 18 1 0
0 1 77 37 0 5
0 1 128 5 1 5
0 1 40 3 0 0
0 1 149 44 0 3
0 1 85 32 0 2
0 1 39 39 0 0
0 1 146 38 0 4
0 1 61 28 0 3
0 1 123 1 0 0
0 1 25 29 1 4
0 1 15 39 1 3
0 1 125 25 0 0
0 1 132 46 0 3
0 1 115 20 1 2
0 1 109 37 1 4
0 1 57 4 1 2
0 1 40 43 1 5
0 1 46 13 1 4
0 1 37 49 1 2
0 1 130 25 1 3
0 1 133 21 0 3
0 1 80 6 1 0
0 1 100 32 0 1
0 1 54 34 1 0
0 1 38 34 1 5
0 1 74 24 0 5
0 1 147 8 0 5
0 1 1 26 0 2
0 1 94 47 1 1
0 1 115 5 0 2
0 1 2 45 1 0
0 1 84 12 0 4
0 1 0 9 0 4
0 1 124 15 1 2
0 1 32 30 1 0
0 1 97 0 0 4
0 1 56 42 0 3
0 1 29 10 0 1
0 1 67 36 0 5
0 1 140 2 0 3
0 1 59 40 1 3
0 1 119 11 0 2
0 1 6 35 0 2
0 1 79 45 0 1
0 1 101 8 0 1
0 1 70 32 1 5
0 1 56 13 1 2
0 1 49 8 1 4
0 1 148 11 1 0
0 1 129 27 0 1
0 1 30 33 1 1
0 1 87 39 1 4
0 1 111 7 1 0
0 1 21 15 1 4
0 1 52 1 1 2
0 1 12 30 0 2
0 1 65 2 1 0
0 1 42 19 1 3
0 1 1 8 1 0
0 1 30 20 0 5
0 1 58 17 1 5
0 1 108 6 0 4
0 1 43 43 1 1
0 1 123 18 1 4
0 1 25 29 0 2
