0 1 91 23 1 2
0 1 62 32 1 2
0 1 6 29 0 0
0 1 3 18 0 3
0 1 92 30 1 4
0 1 38 36 1 4
0 1 29 27 0 2
0 1 82 46 0 1
0 1 88 37 0 1
0 1 146 23 1 3
0 1 139 19 0 1
0 1 22 30 0 3
0 1 112 36 0 2
0 1 128 33 1 4
0 1 129 8 0 3
0 1 17 38 0 5
0 1 11 47 0 1
0 1 15 27 1 3
0 1 79 14 1 2
0 1 146 48 0 5
0 1 134 2 1 5
0 1 68 32 1 4
0 1 85 35 0 4
0 1 124 19 1 0
0 1 82 9 1 4
0 1 27 26 1 5
0 1 64 47 0 2
0 1 26 10 1 2
0 1 67 47 1 0
0 1 136 42 1 4
0 1 34 24 1 1
0 1 142 5 1 1
0 1 21 27 1 0
0 1 71 28 1 2
0 1 1 37 0 0
0 1 48 23 1 0
0 1 108 40 0 5
0 1 97 49 1 1
0 1 137 17 1 3
0 1 113 43 0 4
0 1 119 34 0 4
0 1 111 11 1 5
0 1 24 48 0 0
0 1 15 22 0 1
0 1 57 12 1 0
0 1 16 42 0 1
0 1 69 30 1 2
0 1 127 23 0 4
0 1 1 20 1 4
0 1 107 41 1 4
0 1 149 4 0 2
0 1 4 0 0 1
0 1 115 8 0 4
0 1 101 38 1 4
0 1 118 39 0 5
0 1 86 16 1 3
0 1 69 42 0 2
0 1 53 7 0 4
0 1 145 20 1 0
0 1 56 2 0 2
0 1 30 3 0 2
0 1 40 1 1 0
0 1 89 21 1 5
0 1 35 21 1 0
0 1 75 16 1 2
0 1 7 39 1 0
0 1 29 32 1 1
0 1 121 46 1 4
0 1 9 18 1 4
0 1 110 0 0 3
0 1 127 35 1 0
0 1 36 14 0 0
0 1 83 25 1 5
0 1 25 12 0 2
0 1 72 38 1 3
0 1 143 25 0 4
0 1 138 30 0 0
0 1 94 49 0 2
0 1 83 16 0 4
0 1 0 44 0 0
0 1 73 15 1 4
0 1 40 13 0 2
0 1 117 4 0 1
0 1 70 39 1 4
0 1 0 22 1 2
0 1 87 7 1 1
0 1 100 6 0 3
0 1 72 44 0 3
0 1 118 0 1 0
0 1 125 11 0 4
0 1 3 15 1 2
0 1 106 28 1 0
0 1 23 29 1 2
0 1 105 9 0 1
0 1 37 48 1 1
0 1 123 29 0 5
0 1 99 15 0 3
0 1 109 41 0 5
0 1 31 7 1 5
0 1 54 31 0 3
0 1 130 45 0 1
0 1 139 14 1 1
0 1 74 43 1 3
0 1 57 12 0 4
0 1 142 46 0 2
0 1 104 17 0 4
0 1 28 34 0 1
0 1 87 1 0 2
0 1 89 22 0 3
0 1 55 6 0 4
0 1 13 0 1 5
0 1 76 3 0 0
0 1 143 20 1 5
0 1 19 28 0 5
0 1 96 40 1 0
0 1 99 21 1 4
0 1 6 48 1 2
0 1 85 9 1 0
0 1 32 7 0 0
0 1 2 11 0 3
0 1 90 13 1 5
0 1 101 18 0 0
0 1 59 19 0 2
0 1 45 4 1 0
0 1 37 3 0 1
0 1 52 45 1 0
0 1 141 33 1 2
0 1 147 25 0 1
0 1 66 5 0 4
0 1 131 8 0 1
0 1 140 12 0 3
0 1 56 41 1 3
0 1 44 45 0 3
0 1 80 27 0 1
0 1 148 10 1 5
0 1 8 17 1 0
0 1 91 46 0 0
0 1 114 45 0 5
0 1 51 6 1 0
0 1 95 5 0 5
0 1 129 7 1 2
0 1 137 15 0 1
0 1 10 13 0 4
0 1 94 37 1 4
0 1 21 26 0 2
0 1 102 6 0 5
0 1 34 34 0 3
0 1 133 8 0 5
0 1 42 33 1 5
0 1 135 26 0 4
0 1 102 3 1 3
0 1 115 30 1 5
0 1 18 43 1 1
0 1 58 24 1 4
0 1 27 47 0 3
0 1 47 2 1 3
0 1 2 35 1 5
0 1 116 33 1 3
0 1 144 46 1 3
0 1 51 31 0 5
0 1 36 34 1 2
0 1 100 43 1 0
0 1 141 29 0 4
0 1 50 26 0 1
0 1 65 16 0 1
0 1 131 17 1 5
0 1 58 40 0 1
0 1 5 32 0 5
0 1 33 24 1 5
0 1 38 10 0 0
0 1 117 22 1 5
0 1 11 5 1 2
0 1 5 41 1 1
0 1 35 13 0 0
0 1 12 27 0 5
0 1 88 44 1 4
0 1 52 11 0 0
0 1 61 5 0 3
0 1 60 37 1 2
0 1 108 41 1 2
0 1 59 18 1 2
0 1 81 42 0 3
0 1 78 45 0 4
0 1 133 25 1 0
0 1 39 36 1 5
0 1 42 20 0 1
0 1 84 2 0 0
0 1 121 32 0 3
0 1 93 24 0 3
0 1 79 42 0 5
0 1 111 36 0 0
0 1 33 0 0 4
0 1 68 4 0 5
0 1 23 21 0 1
0 1 119 15 1 5
0 1 61 49 1 3
0 1 120 28 1 4
0 1 148 2 0 4
0 1 10 26 1 3
0 1 120 48 0 4
0 1 77 47 1 5
0 1 70 6 0 2
0 1 9 35 0 2
0 1 31 8 0 2
0 1 66 24 1 0
0 1 138 38 1 2
0 1 24 9 1 5
0 1 113 39 1 1
0 1 43 26 1 0
0 1 76 13 1 3
0 1 96 44 0 5
0 1 62 1 0 3
0 1 43 29 0 3
0 1 98 23 0 1
0 1 126 33 1 1
0 1 30 4 1 4
0 1 46 14 1 5
0 1 124 37 0 5
0 1 67 16 0 5
0 1 26 10 0 1
0 1 74 21 0 2
0 1 45 23 0 5
0 1 122 36 1 1
0 1 18 44 0 2
0 1 90 40 0 2
0 1 147 25 1 2
0 1 97 14 0 4
0 1 107 28 0 3
0 1 22 1 1 4
0 1 55 1 1 5
0 1 134 9 0 3
0 1 140 19 1 3
0 1 48 22 0 0
0 1 75 35 0 1
0 1 116 40 0 3
0 1 114 19 1 5
0 1 103 17 0 2
0 1 123 10 1 3
0 1 132 12 0 5
0 1 136 39 0 2
0 1 8 3 0 5
0 1 144 11 0 1
0 1 63 38 1 0
0 1 28 2 1 1
0 1 105 34 1 0
0 1 110 38 1 1
0 1 104 43 1 2
0 1 103 31 1 2
0 1 109 35 1 3
0 1 17 31 1 0
0 1 98 44 1 1
0 1 39 43 0 5
0 1 125 17 1 1
0 1 60 30 0 1
0 1 130 29 1 1
0 1 122 31 0 1
0 1 41 49 0 0
0 1 77 18 0 1
0 1 132 46 1 5
0 1 41 28 1 1
0 1 71 49 0 4
0 1 13 18 0 5
0 1 4 49 1 5
0 1 20 34 1 5
0 1 47 13 0 1
0 1 25 27 1 4
0 1 135 20 1 2
0 1 80 14 1 3
0 1 128 36 0 3
0 1 86 48 0 3
