0 1 86 10 0 3
0 1 39 15 1 2
0 1 71 12 1 3
0 1 74 42 0 5
0 1 138 1 1 2
0 1 148 0 1 0
0 1 25 7 0 1
0 1 85 3 1 3
0 1 44 49 0 4
0 1 28 30 0 0
0 1 12 5 1 0
0 1 119 48 1 2
0 1 117 32 1 2
0 1 78 21 0 3
0 1 120 46 1 0
0 1 98 43 0 5
0 1 45 18 1 2
0 1 40 22 0 1
0 1 94 47 1 1
0 1 77 4 1 5
0 1 11 48 1 5
0 1 81 29 0 1
0 1 111 13 0 3
0 1 77 46 0 2
0 1 136 8 1 5
0 1 102 24 1 4
0 1 107 7 1 5
0 1 83 46 0 4
0 1 48 1 0 4
0 1 138 19 0 0
0 1 55 39 1 5
0 1 17 34 1 3
0 1 95 8 1 3
0 1 145 9 1 5
0 1 75 32 0 1
0 1 18 41 1 2
0 1 62 37 0 1
0 1 114 47 0 0
0 1 140 49 1 3
0 1 48 5 1 5
0 1 4 38 0 4
0 1 82 36 1 4
0 1 1 35 1 3
0 1 54 3 1 1
0 1 12 49 0 2
0 1 37 41 0 4
0 1 56 10 0 1
0 1 114 35 1 5
0 1 53 4 1 4
0 1 131 20 1 1
0 1 2 27 1 3
0 1 5 17 0 0
0 1 88 11 1 3
0 1 59 11 1 4
0 1 14 30 0 1
0 1 22 45 1 1
0 1 47 2 0 3
0 1 29 15 1 3
0 1 10 22 1 4
0 1 51 48 1 3
0 1 142 44 1 0
0 1 27 8 1 0
0 1 125 33 0 4
0 1 21 40 1 5
0 1 1 24 0 5
0 1 36 38 1 2
0 1 146 16 0 2
0 1 91 36 1 2
0 1 65 18 0 0
0 1 130 12 0 5
0 1 149 49 1 0
0 1 87 21 1 4
0 1 116 36 1 3
0 1 46 5 1 3
0 1 113 41 1 1
0 1 116 17 0 2
0 1 31 38 1 1
0 1 144 26 0 4
0 1 108 1 0 5
0 1 6 30 0 5
0 1 8 18 0 1
0 1 97 42 0 0
0 1 13 19 0 2
0 1 36 12 0 2
0 1 89 21 1 5
0 1 33 29 0 4
0 1 136 47 0 5
0 1 69 35 0 4
0 1 73 46 0 1
0 1 93 23 1 3
0 1 24 6 1 4
0 1 98 3 1 0
0 1 67 21 1 2
0 1 57 45 0 2
0 1 92 25 1 4
0 1 23 16 0 1
0 1 70 22 1 3
0 1 105 28 0 3
0 1 32 27 1 1
0 1 109 34 0 0
0 1 110 9 1 3
0 1 30 8 0 4
0 1 91 6 0 2
0 1 125 26 1 3
0 1 34 11 0 5
0 1 113 8 0 1
0 1 76 40 1 1
0 1 68 41 1 3
0 1 94 44 0 2
0 1 81 17 1 5
0 1 37 42 1 4
0 1 99 33 1 3
0 1 53 27 0 5
0 1 9 4 0 3
0 1 97 0 1 5
0 1 6 48 1 1
0 1 16 13 0 4
0 1 106 16 0 0
0 1 127 7 0 2
0 1 133 20 0 5
0 1 131 25 0 2
0 1 137 37 1 2
0 1 80 23 0 1
0 1 24 13 0 0
0 1 76 36 0 1
0 1 68 5 0 1
0 1 80 16 1 4
0 1 38 45 0 3
0 1 10 14 0 0
0 1 3 12 0 1
0 1 52 44 0 1
0 1 49 26 1 0
0 1 70 40 0 3
0 1 15 45 0 0
0 1 143 34 1 5
0 1 39 9 0 2
0 1 90 3 0 4
0 1 141 47 0 4
0 1 124 4 0 1
0 1 117 26 0 1
0 1 85 0 0 2
0 1 143 14 0 2
0 1 100 10 0 5
0 1 121 45 0 5
0 1 101 25 1 3
0 1 30 35 1 2
0 1 44 6 1 0
0 1 101 37 0 3
0 1 135 19 0 4
0 1 63 27 1 2
0 1 95 18 0 3
0 1 13 43 1 3
0 1 65 13 1 2
0 1 41 39 0 2
0 1 100 24 1 0
0 1 78 37 1 5
0 1 145 19 0 5
0 1 40 40 1 0
0 1 103 21 1 0
0 1 122 46 1 5
0 1 41 15 1 0
0 1 19 31 1 4
0 1 20 43 1 2
0 1 60 34 1 2
0 1 126 14 1 4
0 1 42 10 0 2
0 1 123 35 0 1
0 1 120 43 0 1
0 1 84 17 0 3
0 1 16 39 1 4
0 1 23 0 1 4
0 1 69 6 1 1
0 1 129 11 0 2
0 1 132 1 0 3
0 1 58 36 1 5
0 1 139 42 1 2
0 1 108 15 1 4
0 1 47 33 1 1
0 1 124 24 1 2
0 1 103 30 0 2
0 1 122 44 0 4
0 1 93 20 0 4
0 1 121 32 1 4
0 1 42 10 1 0
0 1 142 22 0 5
0 1 62 14 1 3
0 1 38 31 1 3
0 1 92 20 0 3
0 1 88 2 0 5
0 1 115 2 0 1
0 1 35 2 1 0
0 1 106 17 1 1
0 1 9 9 1 0
0 1 146 9 1 1
0 1 33 30 1 4
0 1 72 28 0 5
0 1 4 0 1 3
0 1 73 23 1 2
0 1 50 4 0 0
0 1 111 28 1 4
0 1 54 44 0 5
0 1 128 38 0 5
0 1 148 23 0 4
0 1 63 20 0 2
0 1 118 22 0 0
0 1 27 49 0 1
0 1 133 47 1 2
0 1 50 33 1 2
0 1 66 7 1 4
0 1 134 28 0 0
0 1 115 3 1 5
0 1 55 33 0 5
0 1 49 31 0 1
0 1 132 39 1 3
0 1 56 32 1 0
0 1 112 39 0 0
0 1 128 27 1 4
0 1 137 7 0 0
0 1 26 26 0 2
0 1 19 31 0 2
0 1 72 43 1 4
0 1 14 31 1 0
0 1 32 48 0 4
0 1 3 47 1 3
0 1 15 11 1 0
0 1 35 10 0 4
0 1 144 29 1 0
0 1 20 1 0 1
0 1 29 41 0 5
0 1 31 40 0 4
0 1 129 24 1 1
0 1 102 15 0 1
0 1 51 23 0 5
0 1 126 19 0 3
0 1 96 29 1 2
0 1 60 28 0 1
0 1 112 5 1 4
0 1 7 34 1 1
0 1 109 37 1 4
0 1 11 12 0 0
0 1 105 4 1 2
0 1 86 18 1 5
0 1 0 15 0 5
0 1 52 38 1 3
0 1 67 33 0 0
0 1 18 14 0 5
0 1 123 29 1 5
0 1 34 25 1 0
0 1 96 19 0 1
0 1 104 45 1 4
0 1 118 30 1 3
0 1 107 6 0 3
0 1 17 25 0 1
0 1 43 42 0 1
0 1 99 43 0 0
0 1 104 16 0 5
0 1 87 13 0 5
0 1 61 9 0 4
0 1 57 23 1 0
0 1 66 2 0 4
0 1 79 11 1 1
0 1 130 6 1 5
0 1 84 38 1 0
0 1 139 3 0 2
0 1 147 24 1 3
0 1 46 20 0 0
0 1 147 37 0 0
0 1 43 32 1 3
0 1 79 32 0 5
0 1 82 48 0 0
