0 1 89 33 1 1
0 1 9 37 0 4
0 1 58 6 1 4
0 1 100 23 0 1
0 1 138 4 0 1
0 1 46 31 0 3
0 1 51 18 1 3
0 1 147 43 1 0
0 1 112 38 0 0
0 1 71 2 1 2
0 1 12 18 1 5
0 1 143 44 1 3
0 1 95 6 0 5
0 1 60 33 1 5
0 1 118 3 1 2
0 1 101 12 1 1
0 1 122 27 0 5
0 1 60 46 0 0
0 1 149 2 0 5
0 1 87 19 1 1
0 1 1 45 1 1
0 1 98 36 0 2
0 1 53 28 1 1
0 1 84 9 0 2
0 1 108 35 1 4
0 1 8 22 0 5
0 1 58 49 0 0
0 1 89 15 0 5
0 1 32 9 0 1
0 1 113 10 1 5
0 1 77 27 0 1
0 1 124 0 1 3
0 1 91 21 1 0
0 1 126 35 1 0
0 1 36 35 0 1
0 1 20 7 0 5
0 1 67 48 1 3
0 1 55 45 0 2
0 1 125 1 1 5
0 1 138 4 1 5
0 1 48 40 1 3
0 1 132 42 1 0
0 1 134 48 0 4
0 1 110 25 0 3
0 1 128 5 1 3
0 1 71 25 0 5
0 1 11 33 0 0
0 1 114 17 1 3
0 1 47 17 0 2
0 1 69 46 1 5
0 1 117 3 1 3
0 1 27 24 1 1
0 1 6 49 0 1
0 1 29 47 1 3
0 1 76 39 1 2
0 1 18 29 0 4
0 1 139 28 1 2
0 1 84 1 1 2
0 1 148 14 1 2
0 1 37 10 0 2
0 1 17 45 1 4
0 1 24 37 1 1
0 1 128 32 0 2
0 1 72 19 1 2
0 1 10 8 0 2
0 1 126 31 0 4
0 1 101 41 0 1
0 1 80 36 0 5
0 1 79 16 1 5
0 1 46 47 1 0
0 1 107 2 0 1
0 1 16 33 0 4
0 1 142 19 1 0
0 1 144 21 0 5
0 1 77 40 1 5
0 1 96 31 1 2
0 1 127 43 1 5
0 1 28 16 0 4
0 1 35 26 1 4
0 1 26 38 0 5
0 1 4 12 1 4
0 1 31 29 1 5
0 1 9 11 1 2
0 1 66 31 0 5
0 1 29 41 0 2
0 1 110 22 1 0
0 1 81 24 1 0
0 1 54 3 1 4
0 1 31 46 0 3
0 1 83 8 0 4
0 1 25 20 0 1
0 1 149 10 1 0
0 1 23 28 0 5
0 1 1 11 0 3
0 1 119 30 0 1
0 1 135 43 1 4
0 1 69 32 0 4
0 1 68 9 0 3
0 1 78 42 1 3
0 1 121 30 1 0
0 1 75 9 0 5
0 1 146 47 1 5
0 1 99 36 0 0
0 1 2 46 1 2
0 1 145 13 0 1
0 1 5 46 0 4
0 1 38 15 0 3
0 1 22 5 0 1
0 1 43 38 1 1
0 1 15 14 0 3
0 1 137 15 1 0
0 1 49 7 1 4
0 1 95 24 1 5
0 1 116 39 0 0
0 1 16 0 1 5
0 1 146 42 0 5
0 1 21 17 0 4
0 1 108 17 0 1
0 1 97 4 0 3
0 1 7 32 0 5
0 1 40 4 0 4
0 1 103 42 0 1
0 1 14 14 1 1
0 1 73 26 0 3
0 1 30 43 0 3
0 1 91 42 0 4
0 1 7 5 1 5
0 1 98 32 1 1
0 1 44 34 0 5
0 1 47 5 1 2
0 1 24 44 0 4
0 1 3 30 1 3
0 1 142 19 0 3
0 1 13 34 1 2
0 1 20 2 1 3
0 1 122 48 1 1
0 1 113 25 0 4
0 1 13 34 0 3
0 1 72 15 0 4
0 1 50 12 1 0
0 1 66 39 1 4
0 1 41 8 0 0
0 1 145 5 1 4
0 1 41 44 1 2
0 1 104 13 0 0
0 1 104 11 1 0
0 1 133 21 0 2
0 1 78 26 0 0
0 1 59 1 1 1
0 1 21 23 1 3
0 1 45 20 0 0
0 1 0 8 0 3
0 1 106 26 1 1
0 1 140 23 1 4
0 1 74 28 1 0
0 1 75 18 1 4
0 1 4 18 0 1
0 1 100 9 1 0
0 1 64 48 0 0
0 1 119 35 1 5
0 1 120 21 1 4
0 1 131 22 0 4
0 1 111 38 0 2
0 1 5 45 1 0
0 1 88 25 1 1
0 1 106 24 0 3
0 1 22 13 1 2
0 1 63 38 1 3
0 1 81 27 0 4
0 1 2 34 0 4
0 1 34 18 0 0
0 1 109 29 1 0
0 1 55 47 1 2
0 1 115 47 1 1
0 1 48 34 0 1
0 1 96 10 0 3
0 1 61 21 0 3
0 1 148 20 0 5
0 1 120 40 0 2
0 1 49 0 0 4
0 1 26 3 1 1
0 1 132 44 0 5
0 1 52 36 1 1
0 1 65 6 1 0
0 1 90 0 0 1
0 1 116 12 1 5
0 1 54 49 0 5
0 1 92 37 0 3
0 1 35 7 0 3
0 1 137 47 0 4
0 1 118 14 0 5
0 1 97 27 1 2
0 1 73 35 1 2
0 1 88 41 0 0
0 1 147 37 0 0
0 1 115 23 0 0
0 1 112 10 1 4
0 1 105 16 1 3
0 1 139 40 0 4
0 1 141 11 0 4
0 1 14 13 0 4
0 1 74 11 0 1
0 1 10 16 1 1
0 1 56 30 1 4
0 1 33 0 0 2
0 1 136 30 1 2
0 1 114 48 0 5
0 1 0 3 1 0
0 1 3 23 0 2
0 1 68 4 1 0
0 1 136 27 0 0
0 1 103 12 1 2
0 1 129 41 1 4
0 1 25 39 1 3
0 1 85 33 0 2
0 1 65 40 0 1
0 1 70 26 1 2
0 1 8 25 1 0
0 1 42 44 0 1
0 1 23 32 1 3
0 1 117 43 0 2
0 1 80 17 1 0
0 1 85 49 1 3
0 1 87 1 0 3
0 1 131 41 1 5
0 1 135 29 0 2
0 1 44 6 1 3
0 1 111 37 1 5
0 1 109 15 0 2
0 1 50 22 0 3
0 1 6 6 1 1
0 1 123 45 1 5
0 1 28 39 1 1
0 1 61 20 1 2
0 1 123 18 0 2
0 1 33 17 1 5
0 1 102 36 1 3
0 1 40 1 1 4
0 1 140 7 0 1
0 1 144 2 1 4
0 1 125 31 0 0
0 1 107 25 1 2
0 1 76 49 0 4
0 1 86 8 0 5
0 1 93 20 1 3
0 1 59 19 0 5
0 1 52 14 0 0
0 1 70 28 0 3
0 1 90 29 1 1
0 1 63 48 0 2
0 1 141 15 1 1
0 1 82 13 1 5
0 1 15 3 1 5
0 1 82 34 0 0
0 1 36 42 1 2
0 1 127 38 0 4
0 1 67 22 0 2
0 1 45 22 1 1
0 1 51 7 0 0
0 1 42 24 1 4
0 1 27 0 0 0
0 1 133 16 1 2
0 1 19 1 0 0
0 1 12 40 0 0
0 1 57 23 1 5
0 1 39 39 0 5
0 1 121 10 0 1
0 1 30 49 1 2
0 1 53 6 0 2
0 1 79 45 0 3
