0 1 6 36 0 4
0 1 119 42 1 0
0 1 84 1 1 0
0 1 62 17 1 1
0 1 1 33 0 3
0 1 130 11 0 0
0 1 131 12 1 4
0 1 22 29 1 3
0 1 82 16 0 1
0 1 132 10 0 0
0 1 99 2 0 2
0 1 144 7 1 5
0 1 42 22 0 3
0 1 103 6 1 4
0 1 118 2 0 4
0 1 142 42 0 5
0 1 8 30 0 3
0 1 138 10 1 1
0 1 140 49 1 0
0 1 135 21 1 3
0 1 115 36 0 0
0 1 0 27 1 5
0 1 14 41 0 3
0 1 61 46 1 1
0 1 100 19 0 0
0 1 31 28 0 0
0 1 29 26 1 1
0 1 89 15 0 0
0 1 45 3 1 3
0 1 111 44 1 2
0 1 92 8 0 3
0 1 115 32 1 2
0 1 95 29 0 5
0 1 136 5 0 3
0 1 52 4 1 4
0 1 25 3 0 0
0 1 75 18 0 2
0 1 110 25 0 5
0 1 54 48 0 4
0 1 38 9 0 3
0 1 27 40 1 5
0 1 74 7 1 0
0 1 25 23 1 2
0 1 68 47 0 1
0 1 3 19 0 2
0 1 46 44 0 1
0 1 68 31 1 2
0 1 90 0 1 2
0 1 34 43 1 1
0 1 81 48 1 1
0 1 120 33 1 2
0 1 107 5 1 0
0 1 15 37 0 4
0 1 35 35 1 3
0 1 3 13 1 3
0 1 79 18 0 1
0 1 87 47 1 0
0 1 62 8 0 2
0 1 128 24 0 1
0 1 146 14 1 4
0 1 91 46 0 4
0 1 93 29 0 4
0 1 108 25 1 1
0 1 131 47 0 5
0 1 64 36 1 5
0 1 114 33 1 4
0 1 23 32 1 4
0 1 22 45 0 0
0 1 40 15 1 4
0 1 148 40 1 3
0 1 147 1 0 2
0 1 39 4 1 3
0 1 130 39 1 3
0 1 110 25 1 3
0 1 63 20 1 1
0 1 94 24 1 4
0 1 32 7 0 4
0 1 41 41 0 1
0 1 56 30 1 0
0 1 32 23 1 3
0 1 54 35 1 4
0 1 57 38 1 5
0 1 108 0 0 5
0 1 49 18 0 3
0 1 97 34 1 1
0 1 73 22 0 2
0 1 47 37 1 5
0 1 44 28 0 4
0 1 93 23 1 1
0 1 21 38 0 3
0 1 48 39 0 1
0 1 24 12 1 2
0 1 105 6 0 0
0 1 12 34 0 5
0 1 47 5 0 1
0 1 34 41 0 5
0 1 11 37 1 1
0 1 96 13 1 4
0 1 53 9 0 5
0 1 20 11 1 1
0 1 81 34 0 4
0 1 28 11 1 2
0 1 83 45 1 1
0 1 37 25 1 4
0 1 20 17 0 5
0 1 87 17 0 2
0 1 44 19 1 1
0 1 146 21 0 5
0 1 116 35 0 0
0 1 113 18 1 5
0 1 23 31 0 1
0 1 80 24 0 0
0 1 118 43 1 0
0 1 36 22 1 0
0 1 123 16 1 2
0 1 106 49 0 1
0 1 127 6 0 5
0 1 39 0 0 1
0 1 45 5 0 2
0 1 65 43 0 4
0 1 59 46 1 0
0 1 120 30 0 4
0 1 38 28 1 5
0 1 88 45 1 2
0 1 67 49 0 5
0 1 19 47 1 4
0 1 73 1 1 3
0 1 14 40 1 4
0 1 74 1 0 1
0 1 88 49 0 4
0 1 71 32 1 1
0 1 15 39 1 2
0 1 17 20 0 3
0 1 52 3 0 1
0 1 7 15 1 5
0 1 78 29 0 0
0 1 35 10 0 3
0 1 124 35 1 5
0 1 121 21 0 1
0 1 122 37 1 2
0 1 125 33 1 1
0 1 43 14 1 5
0 1 141 2 1 0
0 1 30 4 1 2
0 1 123 22 0 1
0 1 122 46 0 3
0 1 51 10 1 4
0 1 71 40 0 2
0 1 53 6 1 1
0 1 26 6 0 3
0 1 55 12 1 3
0 1 144 43 0 5
0 1 2 12 1 5
0 1 133 31 0 4
0 1 145 27 0 2
0 1 18 42 0 4
0 1 63 13 0 1
0 1 69 20 0 4
0 1 78 48 1 2
0 1 27 21 0 0
0 1 105 14 1 1
0 1 128 44 1 4
0 1 147 8 1 5
0 1 57 44 0 3
0 1 117 12 1 1
0 1 116 14 1 2
0 1 31 32 1 0
0 1 129 28 1 1
0 1 89 14 1 3
0 1 148 31 0 3
0 1 9 8 0 0
0 1 69 13 1 0
0 1 66 28 1 3
0 1 141 23 0 0
0 1 50 4 0 5
0 1 91 36 1 1
0 1 94 30 0 5
0 1 2 17 0 0
0 1 92 15 1 2
0 1 67 33 1 5
0 1 83 20 0 2
0 1 18 15 1 3
0 1 77 38 0 4
0 1 85 7 1 3
0 1 37 44 0 0
0 1 48 27 1 1
0 1 113 27 0 0
0 1 75 17 1 4
0 1 96 40 0 1
0 1 36 35 0 1
0 1 126 34 1 3
0 1 16 13 1 5
0 1 117 18 0 4
0 1 114 31 0 0
0 1 56 24 0 2
0 1 102 21 0 2
0 1 1 0 1 4
0 1 137 38 1 0
0 1 42 4 1 0
0 1 29 2 0 3
0 1 126 39 0 0
0 1 129 41 0 2
0 1 33 49 1 3
0 1 102 2 1 5
0 1 135 19 0 5
0 1 104 47 0 3
0 1 55 14 0 0
0 1 84 42 0 3
0 1 145 25 1 0
0 1 109 41 1 0
0 1 6 48 1 5
0 1 50 31 1 5
0 1 127 16 1 5
0 1 82 24 1 5
0 1 106 9 1 1
0 1 142 16 1 3
0 1 138 26 0 2
0 1 51 45 0 4
0 1 5 48 1 3
0 1 101 5 1 4
0 1 61 9 0 4
0 1 137 0 0 0
0 1 4 49 1 2
0 1 121 27 1 4
0 1 85 7 0 1
0 1 65 26 1 3
0 1 101 10 0 2
0 1 132 22 1 5
0 1 104 8 1 1
0 1 112 45 1 3
0 1 100 32 1 3
0 1 143 3 0 4
0 1 125 29 0 1
0 1 70 37 0 3
0 1 9 36 1 3
0 1 136 30 1 2
0 1 26 26 1 5
0 1 72 43 0 2
0 1 76 26 1 4
0 1 59 42 0 2
0 1 111 39 0 4
0 1 11 3 0 5
0 1 143 20 1 5
0 1 124 11 0 3
0 1 58 9 0 2
0 1 13 34 1 0
0 1 4 11 0 4
0 1 97 20 0 0
0 1 76 1 0 5
0 1 60 10 1 5
0 1 41 9 1 0
0 1 139 1 1 4
0 1 10 43 0 3
0 1 90 32 0 5
0 1 5 28 0 2
0 1 66 15 0 1
0 1 60 16 0 4
0 1 119 34 0 2
0 1 112 8 0 4
0 1 19 21 0 4
0 1 58 5 1 5
0 1 17 38 1 2
0 1 10 0 1 3
0 1 24 46 0 2
0 1 80 19 1 4
0 1 95 6 1 2
0 1 46 22 1 4
0 1 40 37 0 0
0 1 133 12 1 0
0 1 28 16 0 0
