0 1 94 24 1 3
0 1 128 49 0 3
0 1 13 31 0 0
0 1 117 23 0 1
0 1 85 15 1 5
0 1 47 9 1 4
0 1 0 11 1 2
0 1 24 21 0 5
0 1 113 27 0 0
0 1 15 34 0 0
0 1 43 42 1 2
0 1 29 12 0 1
0 1 9 44 1 5
0 1 3 13 1 2
0 1 97 11 1 1
0 1 84 0 1 4
0 1 9 36 0 4
0 1 136 7 1 2
0 1 49 28 0 5
0 1 93 24 0 2
0 1 33 49 0 2
0 1 53 18 0 5
0 1 8 26 0 0
0 1 121 30 1 1
0 1 44 5 1 5
0 1 110 6 0 5
0 1 127 39 1 4
0 1 148 7 0 3
0 1 126 37 1 5
0 1 149 19 0 0
0 1 133 12 0 4
0 1 20 31 1 2
0 1 83 17 1 2
0 1 53 47 1 4
0 1 95 4 0 0
0 1 103 20 1 1
0 1 66 37 1 0
0 1 56 30 0 3
0 1 60 28 1 4
0 1 110 43 1 1
0 1 4 5 1 4
0 1 65 35 0 5
0 1 111 42 1 1
0 1 124 26 0 1
0 1 35 31 1 1
0 1 119 48 0 2
0 1 30 45 0 3
0 1 13 18 1 2
0 1 79 46 1 1
0 1 125 36 0 3
0 1 75 16 0 4
0 1 131 15 0 1
0 1 34 23 1 2
0 1 32 41 0 1
0 1 72 19 1 4
0 1 38 32 1 4
0 1 70 27 1 4
0 1 112 16 0 1
0 1 82 1 1 1
0 1 138 11 0 4
0 1 84 46 0 5
0 1 71 20 0 2
0 1 55 25 1 0
0 1 82 32 0 3
0 1 147 22 1 4
0 1 135 41 1 2
0 1 121 2 0 3
0 1 6 4 0 4
0 1 40 1 1 2
0 1 120 0 1 2
0 1 91 38 1 0
0 1 137 7 1 5
0 1 120 10 0 5
0 1 62 49 0 0
0 1 127 44 0 1
0 1 28 34 0 4
0 1 27 2 1 5
0 1 119 30 1 2
0 1 11 33 1 5
0 1 31 8 0 0
0 1 137 35 0 2
0 1 102 25 0 1
0 1 14 29 0 5
0 1 45 14 1 2
0 1 48 43 1 2
0 1 109 3 0 1
0 1 16 4 1 2
0 1 17 40 0 0
0 1 131 48 1 5
0 1 36 43 0 5
0 1 26 40 0 1
0 1 25 29 1 3
0 1 35 17 0 3
0 1 62 13 1 4
0 1 25 38 0 4
0 1 105 3 1 5
0 1 48 33 0 3
0 1 23 16 1 0
0 1 27 9 0 3
0 1 148 20 1 5
0 1 15 45 1 4
0 1 67 5 0 2
0 1 45 40 0 5
0 1 98 36 1 2
0 1 70 0 0 3
0 1 63 39 0 1
0 1 132 2 0 4
0 1 2 21 1 3
0 1 144 12 1 3
0 1 58 40 0 3
0 1 59 48 1 1
0 1 122 13 1 5
0 1 20 21 0 1
0 1 3 27 0 2
0 1 42 36 0 1
0 1 92 18 0 1
0 1 61 28 1 0
0 1 18 24 0 5
0 1 83 33 0 1
0 1 46 1 0 4
0 1 109 31 1 4
0 1 80 36 0 5
0 1 92 44 1 2
0 1 73 27 1 5
0 1 61 17 0 5
0 1 90 12 1 0
0 1 30 15 1 2
0 1 36 27 1 1
0 1 103 37 0 1
0 1 7 8 0 2
0 1 123 34 0 2
0 1 139 10 1 2
0 1 108 33 0 4
0 1 138 37 1 3
0 1 4 7 0 0
0 1 74 2 0 1
0 1 101 29 0 2
0 1 105 20 0 0
0 1 116 30 1 0
0 1 91 14 0 4
0 1 113 48 1 0
0 1 133 46 1 0
0 1 22 19 1 5
0 1 89 3 1 3
0 1 79 39 0 0
0 1 85 46 0 3
0 1 80 42 1 5
0 1 19 38 1 2
0 1 126 32 0 1
0 1 56 16 1 5
0 1 87 30 0 4
0 1 129 49 0 1
0 1 12 35 1 1
0 1 124 24 1 0
0 1 52 15 1 4
0 1 34 49 0 5
0 1 96 46 0 2
0 1 77 22 1 1
0 1 5 44 1 3
0 1 68 24 1 4
0 1 49 40 1 2
0 1 145 14 1 3
0 1 8 47 1 3
0 1 17 39 1 5
0 1 104 42 1 3
0 1 73 48 0 4
0 1 141 21 1 4
0 1 111 28 0 3
0 1 102 9 1 5
0 1 55 23 0 0
0 1 130 10 0 1
0 1 144 23 0 5
0 1 51 4 0 5
0 1 67 5 1 0
0 1 135 19 0 2
0 1 41 14 1 5
0 1 97 17 0 1
0 1 118 16 0 2
0 1 28 45 1 5
0 1 6 6 1 1
0 1 116 43 0 3
0 1 31 45 1 0
0 1 146 22 1 3
0 1 129 41 1 0
0 1 118 10 1 0
0 1 117 13 1 1
0 1 107 41 1 5
0 1 38 18 0 0
0 1 100 5 0 3
0 1 54 11 0 5
0 1 99 8 0 5
0 1 141 34 0 1
0 1 90 22 0 0
0 1 142 32 1 2
0 1 125 7 1 4
0 1 146 25 0 4
0 1 37 7 0 1
0 1 115 0 1 5
0 1 21 10 1 4
0 1 33 8 1 1
0 1 78 13 1 3
0 1 68 9 0 1
0 1 114 20 1 3
0 1 1 11 0 0
0 1 99 38 1 3
0 1 115 3 0 4
0 1 57 4 0 3
0 1 136 15 0 3
0 1 122 3 0 2
0 1 50 1 1 5
0 1 100 31 1 5
0 1 95 8 1 4
0 1 19 32 0 0
0 1 26 34 1 5
0 1 75 26 1 2
0 1 76 23 0 4
0 1 57 6 1 3
0 1 37 12 1 2
0 1 60 0 0 1
0 1 93 6 1 2
0 1 134 47 1 2
0 1 88 21 1 0
0 1 130 42 1 0
0 1 128 26 1 5
0 1 32 22 1 5
0 1 10 25 1 2
0 1 69 37 0 4
0 1 29 2 1 0
0 1 42 35 1 0
0 1 76 17 1 0
0 1 7 45 1 1
0 1 66 26 0 4
0 1 50 39 0 2
0 1 39 30 1 5
0 1 44 29 0 0
0 1 98 14 0 0
0 1 54 16 1 3
0 1 86 10 0 3
0 1 81 38 0 1
0 1 59 33 0 0
0 1 22 35 0 3
0 1 24 1 1 3
0 1 149 28 1 1
0 1 65 29 1 1
0 1 101 9 1 0
0 1 11 14 0 1
0 1 78 6 0 4
0 1 104 25 0 5
0 1 2 41 0 3
0 1 51 44 1 0
0 1 58 47 1 0
0 1 143 19 1 3
0 1 5 11 0 3
0 1 132 45 1 2
0 1 10 43 0 0
0 1 64 47 1 1
0 1 86 21 1 2
0 1 39 13 0 0
0 1 69 15 1 0
0 1 87 18 1 3
0 1 63 24 1 1
0 1 142 36 0 0
0 1 134 8 0 3
0 1 112 17 1 4
0 1 21 43 0 4
0 1 14 47 1 5
0 1 140 26 1 3
0 1 12 9 0 2
0 1 77 37 0 2
0 1 81 5 1 1
