0 1 4 9 1 3
0 1 25 33 1 5
0 1 108 20 0 3
0 1 133 23 1 4
0 1 40 26 0 5
0 1 105 47 1 2
0 1 149 8 0 3
0 1 71 24 0 1
0 1 142 0 0 5
0 1 110 27 0 0
0 1 81 4 1 4
0 1 122 11 1 5
0 1 117 14 0 1
0 1 94 17 0 4
0 1 31 34 1 2
0 1 2 21 1 3
0 1 22 10 0 4
0 1 50 38 1 2
0 1 25 45 0 5
0 1 28 7 0 4
0 1 38 2 0 3
0 1 1 5 1 4
0 1 20 40 0 0
0 1 17 39 0 2
0 1 23 0 1 0
0 1 39 0 0 4
0 1 81 35 0 5
0 1 72 1 1 0
0 1 146 13 0 1
0 1 16 48 1 4
0 1 60 22 1 5
0 1 145 43 0 1
0 1 123 33 0 0
0 1 36 40 0 5
0 1 6 37 0 4
0 1 65 7 0 0
0 1 79 44 1 2
0 1 86 30 1 1
0 1 94 22 1 3
0 1 22 17 1 2
0 1 115 41 1 3
0 1 15 27 1 4
0 1 5 43 1 0
0 1 138 49 0 3
0 1 109 29 0 2
0 1 37 4 0 3
0 1 26 18 1 2
0 1 18 20 0 4
0 1 130 8 1 0
0 1 106 6 0 1
0 1 137 36 0 1
0 1 101 6 0 0
0 1 63 32 1 1
0 1 62 3 1 4
0 1 117 3 1 0
0 1 62 26 0 1
0 1 147 12 0 1
0 1 71 32 1 0
0 1 12 2 1 1
0 1 120 43 1 4
0 1 93 25 0 5
0 1 78 9 1 1
0 1 42 22 1 1
0 1 119 39 0 3
0 1 10 41 1 2
0 1 27 16 1 1
0 1 0 22 0 2
0 1 32 23 1 2
0 1 67 10 1 3
0 1 61 14 0 0
0 1 75 48 1 3
0 1 130 19 0 2
0 1 13 19 0 5
0 1 45 16 0 3
0 1 51 42 1 5
0 1 1 25 0 4
0 1 107 19 1 0
0 1 89 33 0 4
0 1 15 4 0 1
0 1 119 24 1 2
0 1 137 3 1 5
0 1 5 33 0 2
0 1 103 5 1 5
0 1 138 18 1 0
0 1 98 31 1 1
0 1 126 30 1 5
0 1 111 36 1 0
0 1 41 37 0 5
0 1 50 28 0 2
0 1 144 18 0 5
0 1 21 43 1 5
0 1 90 46 1 0
0 1 27 28 0 0
0 1 65 26 1 3
0 1 51 39 0 1
0 1 34 24 1 5
0 1 126 5 0 1
0 1 92 5 0 2
0 1 135 15 0 5
0 1 127 46 1 3
0 1 87 28 0 1
0 1 73 45 1 2
0 1 83 11 1 2
0 1 14 37 0 2
0 1 72 39 0 4
0 1 66 44 1 1
0 1 102 21 1 4
0 1 128 17 1 0
0 1 77 21 0 5
0 1 19 10 0 0
0 1 125 9 0 2
0 1 113 31 1 3
0 1 49 1 0 5
0 1 41 23 1 1
0 1 139 47 1 1
0 1 139 18 0 4
0 1 43 13 1 3
0 1 98 8 0 5
0 1 0 46 1 5
0 1 63 47 0 3
0 1 88 14 0 3
0 1 55 25 1 2
0 1 110 4 1 2
0 1 143 42 1 4
0 1 60 49 0 5
0 1 112 11 1 0
0 1 13 15 1 3
0 1 122 38 0 3
0 1 121 29 1 5
0 1 29 1 0 3
0 1 76 27 1 1
0 1 3 35 0 2
0 1 142 27 1 3
0 1 107 2 0 2
0 1 61 0 1 3
0 1 48 41 1 0
0 1 7 31 0 2
0 1 84 36 1 4
0 1 84 11 0 3
0 1 38 36 1 5
0 1 69 9 0 4
0 1 79 12 0 5
0 1 82 11 1 1
0 1 132 30 0 0
0 1 75 7 0 3
0 1 46 20 0 1
0 1 53 1 0 2
0 1 89 20 1 5
0 1 112 21 0 2
0 1 123 34 1 1
0 1 141 49 1 1
0 1 78 6 0 3
0 1 104 26 1 4
0 1 124 16 1 4
0 1 131 31 0 0
0 1 83 7 0 5
0 1 33 10 0 2
0 1 111 34 0 5
0 1 4 23 0 5
0 1 26 42 0 0
0 1 86 41 0 5
0 1 131 34 1 0
0 1 45 38 1 5
0 1 18 37 1 1
0 1 2 32 0 3
0 1 143 41 0 1
0 1 106 6 1 2
0 1 109 49 1 2
0 1 35 45 1 4
0 1 44 49 0 0
0 1 135 40 1 2
0 1 120 1 0 1
0 1 59 28 0 5
0 1 52 45 0 0
0 1 87 16 1 0
0 1 23 10 0 1
0 1 8 12 1 2
0 1 44 8 1 2
0 1 9 22 0 4
0 1 95 6 0 5
0 1 74 44 1 5
0 1 114 44 1 3
0 1 17 33 1 3
0 1 140 15 0 4
0 1 149 15 1 2
0 1 114 35 0 4
0 1 96 29 1 1
0 1 99 30 0 2
0 1 93 2 1 5
0 1 113 21 0 1
0 1 43 35 0 3
0 1 47 2 1 0
0 1 52 17 1 5
0 1 21 40 0 4
0 1 148 28 1 4
0 1 68 8 0 1
0 1 115 25 0 1
0 1 58 25 1 3
0 1 92 18 1 3
0 1 148 3 0 2
0 1 64 24 1 4
0 1 70 3 1 1
0 1 14 31 1 5
0 1 77 24 1 0
0 1 54 29 1 4
0 1 16 40 0 3
0 1 12 37 0 0
0 1 8 23 0 0
0 1 96 45 0 3
0 1 140 4 1 5
0 1 24 14 0 5
0 1 28 17 1 1
0 1 100 5 0 3
0 1 80 48 1 2
0 1 39 44 1 0
0 1 129 2 1 4
0 1 54 5 0 0
0 1 134 22 0 0
0 1 108 27 1 2
0 1 35 16 0 2
0 1 118 33 1 1
0 1 10 9 0 0
0 1 7 43 1 2
0 1 32 42 0 2
0 1 101 12 1 3
0 1 56 48 0 5
0 1 133 19 0 4
0 1 57 35 0 0
0 1 97 38 1 0
0 1 36 46 1 4
0 1 125 13 1 2
0 1 55 36 0 3
0 1 136 47 0 4
0 1 33 32 1 4
0 1 30 7 1 2
0 1 97 20 0 2
0 1 68 38 1 1
0 1 132 0 1 2
0 1 24 12 1 4
0 1 141 32 0 2
0 1 70 19 0 1
0 1 58 47 0 5
0 1 57 34 1 4
0 1 82 48 0 0
0 1 103 40 0 1
0 1 42 46 0 2
0 1 46 15 1 1
0 1 20 39 1 5
0 1 128 42 0 3
0 1 47 29 0 3
0 1 85 48 0 1
0 1 116 13 0 4
0 1 104 24 0 3
0 1 102 37 0 3
0 1 147 23 1 3
0 1 48 26 0 0
0 1 19 14 1 4
0 1 99 13 1 5
0 1 90 30 0 4
0 1 124 25 0 0
0 1 121 38 0 4
0 1 53 9 1 5
0 1 29 12 1 0
0 1 127 44 0 4
0 1 6 39 1 0
0 1 85 3 1 3
0 1 80 32 0 5
0 1 30 29 0 0
0 1 144 8 1 4
0 1 67 26 0 2
