0 1 59 40 1 5
0 1 105 14 1 5
0 1 36 33 1 2
0 1 81 37 1 4
0 1 112 8 1 3
0 1 120 30 1 3
0 1 92 16 1 5
0 1 82 48 1 2
0 1 21 46 1 1
0 1 149 35 0 4
0 1 54 49 0 0
0 1 44 12 0 1
0 1 52 19 1 2
0 1 30 33 1 1
0 1 57 28 0 5
0 1 45 43 0 2
0 1 138 43 1 3
0 1 73 25 1 0
0 1 76 44 0 0
0 1 45 45 1 3
0 1 61 30 0 1
0 1 50 43 1 0
0 1 12 3 1 4
0 1 134 17 0 0
0 1 16 38 1 1
0 1 67 19 1 1
0 1 75 16 0 0
0 1 115 29 0 2
0 1 79 8 1 1
0 1 131 2 0 0
0 1 118 12 1 5
0 1 107 40 0 3
0 1 7 2 0 2
0 1 14 38 1 5
0 1 89 42 1 5
0 1 83 2 0 3
0 1 145 49 1 2
0 1 103 18 1 1
0 1 147 33 1 4
0 1 21 32 0 2
0 1 33 21 0 4
0 1 123 10 1 5
0 1 62 15 1 1
0 1 80 45 0 0
0 1 6 4 0 1
0 1 53 11 1 5
0 1 22 9 0 2
0 1 149 5 1 3
0 1 46 45 0 2
0 1 9 44 1 5
0 1 69 27 1 4
0 1 95 49 1 3
0 1 64 41 1 3
0 1 42 21 1 1
0 1 133 28 0 3
0 1 72 1 0 1
0 1 78 34 1 1
0 1 83 36 1 3
0 1 122 29 1 3
0 1 93 48 1 1
0 1 8 0 0 1
0 1 114 37 0 5
0 1 139 6 1 1
0 1 57 47 1 3
0 1 0 0 0 2
0 1 24 18 1 3
0 1 44 9 1 4
0 1 40 22 1 2
0 1 108 7 0 1
0 1 3 41 0 5
0 1 48 44 0 2
0 1 132 20 0 3
0 1 43 34 1 4
0 1 87 24 1 1
0 1 3 25 1 5
0 1 18 44 0 1
0 1 52 1 0 4
0 1 137 35 0 1
0 1 46 13 1 0
0 1 5 42 0 3
0 1 12 39 0 4
0 1 8 31 1 1
0 1 66 41 1 4
0 1 33 46 1 5
0 1 111 47 1 1
0 1 148 10 1 0
0 1 10 26 1 4
0 1 29 36 0 0
0 1 97 28 1 2
0 1 99 24 0 0
0 1 91 19 0 0
0 1 119 10 1 4
0 1 36 23 0 5
0 1 135 39 1 2
0 1 141 29 1 0
0 1 126 36 1 2
0 1 120 4 0 3
0 1 134 23 1 2
0 1 34 17 0 2
0 1 49 5 1 5
0 1 11 39 0 1
0 1 62 20 0 0
0 1 95 31 0 5
0 1 98 25 1 4
0 1 106 17 0 4
0 1 128 47 0 4
0 1 76 42 1 4
0 1 68 32 0 5
0 1 60 35 0 0
0 1 121 40 1 0
0 1 144 22 1 3
0 1 109 32 1 1
0 1 69 42 0 0
0 1 105 21 0 3
0 1 101 18 1 5
0 1 133 18 1 2
0 1 17 6 0 4
0 1 94 20 0 2
0 1 17 26 1 1
0 1 31 32 0 4
0 1 85 13 0 1
0 1 141 22 0 4
0 1 67 18 0 4
0 1 123 38 0 2
0 1 97 34 0 5
0 1 42 38 0 0
0 1 41 28 1 0
0 1 139 34 0 3
0 1 39 46 1 0
0 1 94 30 1 2
0 1 135 45 0 5
0 1 55 37 1 2
0 1 125 1 0 5
0 1 108 9 1 5
0 1 9 39 0 3
0 1 104 7 1 3
0 1 48 16 1 1
0 1 7 40 1 2
0 1 99 49 1 1
0 1 118 0 0 4
0 1 20 43 0 4
0 1 55 23 0 3
0 1 122 16 0 4
0 1 112 23 0 1
0 1 117 19 1 3
0 1 49 48 0 3
0 1 30 2 0 5
0 1 41 35 0 5
0 1 35 9 0 1
0 1 4 31 1 4
0 1 19 11 1 1
0 1 127 35 1 2
0 1 104 16 0 3
0 1 13 21 0 0
0 1 11 10 1 2
0 1 47 1 0 2
0 1 34 6 1 3
0 1 93 0 0 5
0 1 40 41 0 2
0 1 86 12 1 2
0 1 113 22 1 5
0 1 88 28 1 1
0 1 64 2 0 4
0 1 78 29 0 1
0 1 80 36 1 1
0 1 125 18 1 0
0 1 143 33 0 3
0 1 143 47 1 2
0 1 82 23 0 4
0 1 1 13 0 4
0 1 96 4 0 2
0 1 47 6 1 0
0 1 27 40 0 1
0 1 101 48 0 4
0 1 25 13 1 3
0 1 146 46 1 4
0 1 85 41 1 1
0 1 136 42 1 1
0 1 1 34 1 2
0 1 128 10 1 1
0 1 90 31 1 0
0 1 60 11 1 2
0 1 130 13 1 2
0 1 58 17 1 5
0 1 14 4 0 0
0 1 109 29 0 5
0 1 77 15 0 0
0 1 107 7 1 0
0 1 53 39 0 0
0 1 74 19 1 5
0 1 127 27 0 3
0 1 29 37 1 0
0 1 0 8 1 2
0 1 140 46 1 2
0 1 145 43 0 1
0 1 84 45 0 1
0 1 27 15 1 4
0 1 100 5 0 2
0 1 70 20 1 4
0 1 20 12 1 3
0 1 77 17 1 1
0 1 50 27 0 1
0 1 70 38 0 4
0 1 147 4 0 4
0 1 148 3 0 3
0 1 113 11 0 4
0 1 51 47 1 0
0 1 110 0 1 0
0 1 106 12 1 0
0 1 32 49 1 4
0 1 102 21 1 5
0 1 98 44 0 4
0 1 124 26 1 2
0 1 90 48 0 0
0 1 2 25 1 3
0 1 138 7 0 5
0 1 117 20 0 5
0 1 130 5 0 1
0 1 61 1 1 0
0 1 86 32 0 3
0 1 121 31 0 3
0 1 73 24 0 3
0 1 71 27 0 0
0 1 13 30 1 4
0 1 39 14 0 0
0 1 91 11 1 3
0 1 56 9 0 0
0 1 15 26 0 3
0 1 51 0 0 3
0 1 79 30 0 0
0 1 66 14 0 3
0 1 4 3 0 5
0 1 129 8 1 5
0 1 38 7 0 2
0 1 100 10 1 3
0 1 110 6 0 2
0 1 43 24 0 5
0 1 26 26 1 5
0 1 32 8 0 4
0 1 119 27 0 5
0 1 124 24 0 4
0 1 63 4 1 5
0 1 24 5 0 4
0 1 28 25 1 2
0 1 19 22 0 1
0 1 129 15 0 2
0 1 89 14 0 2
0 1 87 35 0 3
0 1 2 6 0 5
0 1 84 36 1 4
0 1 31 17 1 3
0 1 136 20 0 1
0 1 37 24 1 2
0 1 142 14 1 1
0 1 111 3 0 0
0 1 22 21 1 2
0 1 35 23 1 0
0 1 65 13 0 5
0 1 16 3 0 1
0 1 71 22 1 0
0 1 10 37 0 1
0 1 56 46 1 3
0 1 114 33 1 5
0 1 15 15 1 3
0 1 23 3 1 2
0 1 103 44 0 3
0 1 115 47 1 5
0 1 25 32 0 0
0 1 81 15 0 5
0 1 140 38 0 3
