0 1 149 45 1 4
0 1 120 2 1 1
0 1 55 24 0 5
0 1 107 29 0 0
0 1 43 26 1 1
0 1 91 14 0 3
0 1 68 10 1 4
0 1 7 6 1 1
0 1 134 2 0 5
0 1 146 46 1 0
0 1 127 39 1 1
0 1 41 10 0 3
0 1 0 15 0 3
0 1 74 34 0 5
0 1 3 25 1 0
0 1 77 11 0 1
0 1 125 22 0 2
0 1 6 20 1 4
0 1 116 31 0 5
0 1 2 45 1 3
0 1 7 19 0 2
0 1 54 47 1 4
0 1 148 47 0 5
0 1 117 21 1 3
0 1 34 16 0 3
0 1 103 44 0 1
0 1 16 17 0 4
0 1 126 34 0 2
0 1 28 11 0 4
0 1 143 41 0 2
0 1 60 18 0 4
0 1 8 5 0 1
0 1 119 9 0 4
0 1 12 38 1 3
0 1 36 25 0 3
0 1 131 28 1 3
0 1 124 27 1 5
0 1 143 4 1 5
0 1 70 43 1 3
0 1 37 19 0 4
0 1 110 34 0 4
0 1 108 7 0 4
0 1 72 9 0 1
0 1 99 34 0 3
0 1 110 42 1 4
0 1 63 37 1 0
0 1 85 5 1 5
0 1 22 40 0 3
0 1 64 4 0 0
0 1 12 48 0 0
0 1 9 12 0 0
0 1 78 30 1 4
0 1 118 40 1 4
0 1 45 20 1 2
0 1 141 0 1 4
0 1 42 8 0 2
0 1 90 14 0 4
0 1 107 30 1 0
0 1 114 39 1 0
0 1 46 49 1 1
0 1 137 46 0 5
0 1 109 43 0 4
0 1 104 12 0 3
0 1 41 13 1 1
0 1 6 30 0 3
0 1 81 13 0 4
0 1 102 2 1 3
0 1 64 3 1 3
0 1 38 33 0 1
0 1 3 48 0 5
0 1 72 22 1 0
0 1 39 3 1 0
0 1 13 17 0 3
0 1 27 36 0 1
0 1 92 26 0 0
0 1 88 22 0 3
0 1 119 31 1 2
0 1 62 23 0 4
0 1 66 44 0 2
0 1 100 46 0 4
0 1 80 5 0 4
0 1 39 1 0 2
0 1 0 42 1 1
0 1 51 16 1 0
0 1 125 37 1 2
0 1 30 14 1 0
0 1 142 1 0 1
0 1 45 48 0 4
0 1 18 38 1 0
0 1 54 33 0 2
0 1 40 43 1 5
0 1 10 32 0 3
0 1 33 42 1 0
0 1 139 9 0 2
0 1 98 34 1 0
0 1 25 42 0 5
0 1 147 35 0 0
0 1 145 28 1 0
0 1 31 41 1 0
0 1 140 37 1 3
0 1 50 0 0 3
0 1 141 8 0 5
0 1 139 29 1 4
0 1 11 32 1 4
0 1 59 36 0 5
0 1 93 18 0 1
0 1 14 44 0 0
0 1 57 32 0 5
0 1 29 17 1 1
0 1 88 20 1 5
0 1 69 15 1 1
0 1 138 6 1 4
0 1 51 15 0 0
0 1 60 29 1 5
0 1 136 35 1 3
0 1 23 35 0 4
0 1 57 13 1 3
0 1 67 8 0 3
0 1 123 0 1 2
0 1 95 27 0 2
0 1 145 29 0 1
0 1 118 14 0 5
0 1 135 21 1 0
0 1 32 16 1 2
0 1 140 23 0 5
0 1 113 23 1 1
0 1 27 0 1 1
0 1 38 7 1 2
0 1 65 39 1 2
0 1 126 33 1 0
0 1 127 3 0 1
0 1 9 27 1 1
0 1 129 46 1 2
0 1 87 34 0 1
0 1 90 48 1 1
0 1 1 15 1 5
0 1 30 30 0 5
0 1 25 32 1 1
0 1 15 3 1 2
0 1 26 48 0 2
0 1 53 43 1 2
0 1 17 41 0 1
0 1 56 11 0 5
0 1 71 30 1 1
0 1 105 4 1 1
0 1 108 36 1 0
0 1 47 28 1 1
0 1 65 38 0 5
0 1 92 0 1 5
0 1 2 45 0 5
0 1 58 8 0 4
0 1 142 25 1 4
0 1 89 40 1 5
0 1 144 7 0 5
0 1 4 7 0 3
0 1 109 49 1 2
0 1 34 38 1 4
0 1 66 18 1 0
0 1 106 16 0 5
0 1 69 33 0 5
0 1 52 44 0 3
0 1 82 4 1 3
0 1 124 19 0 3
0 1 114 36 0 3
0 1 83 41 1 3
0 1 48 15 0 4
0 1 84 5 0 3
0 1 87 23 1 0
0 1 59 36 1 2
0 1 94 24 0 3
0 1 135 10 0 1
0 1 111 10 0 0
0 1 16 17 1 2
0 1 24 31 1 4
0 1 97 38 0 1
0 1 99 26 1 5
0 1 105 35 0 5
0 1 89 3 0 4
0 1 93 45 1 0
0 1 147 9 1 0
0 1 97 31 1 0
0 1 79 47 1 0
0 1 31 24 0 0
0 1 40 30 0 2
0 1 46 22 0 5
0 1 50 1 1 5
0 1 130 40 1 0
0 1 35 2 0 2
0 1 91 1 1 3
0 1 67 21 1 2
0 1 71 18 0 2
0 1 5 49 0 4
0 1 116 1 1 0
0 1 112 14 1 2
0 1 18 42 0 2
0 1 98 11 0 0
0 1 8 9 1 5
0 1 52 31 1 3
0 1 29 39 0 4
0 1 21 22 0 4
0 1 79 20 0 0
0 1 106 12 1 5
0 1 77 12 1 1
0 1 55 10 1 5
0 1 76 2 0 4
0 1 74 43 1 0
0 1 103 46 1 3
0 1 43 6 0 3
0 1 75 49 0 0
0 1 20 4 0 4
0 1 130 8 0 0
0 1 120 19 0 1
0 1 95 26 1 4
0 1 101 17 0 5
0 1 82 33 0 3
0 1 123 24 0 4
0 1 131 29 0 2
0 1 26 13 1 2
0 1 14 27 1 4
0 1 61 19 1 0
0 1 11 39 0 5
0 1 80 6 1 0
0 1 68 2 0 0
0 1 81 35 1 2
0 1 104 37 1 5
0 1 48 28 1 5
0 1 76 49 1 3
0 1 94 7 1 1
0 1 22 11 1 2
0 1 70 12 0 2
0 1 83 13 0 0
0 1 19 40 1 2
0 1 37 24 1 2
0 1 132 20 0 3
0 1 13 16 1 1
0 1 137 26 1 2
0 1 21 21 1 4
0 1 96 28 0 4
0 1 44 41 1 5
0 1 121 47 1 2
0 1 33 32 0 0
0 1 24 6 0 2
0 1 117 8 0 1
0 1 19 44 0 5
0 1 36 23 1 3
0 1 121 12 0 4
0 1 101 36 1 4
0 1 134 7 1 0
0 1 44 47 0 1
0 1 146 27 0 0
0 1 113 33 0 4
0 1 86 48 1 3
0 1 136 26 0 3
0 1 128 45 0 1
0 1 53 39 0 3
0 1 144 18 1 3
0 1 115 5 1 2
0 1 20 13 1 5
0 1 133 25 1 1
0 1 62 5 1 0
0 1 148 32 1 2
0 1 5 25 1 5
0 1 49 21 1 1
0 1 128 18 1 5
0 1 47 17 0 0
0 1 58 37 1 4
0 1 84 4 1 2
0 1 78 29 0 3
0 1 111 37 1 1
0 1 129 49 0 5
