0 1 34 48 0 4
0 1 135 28 1 5
0 1 61 17 0 2
0 1 128 12 0 1
0 1 13 5 0 2
0 1 45 26 1 3
0 1 60 4 1 1
0 1 66 37 1 4
0 1 133 18 0 5
0 1 97 46 0 0
0 1 52 35 1 3
0 1 42 48 0 0
0 1 78 2 0 2
0 1 100 34 0 4
0 1 6 3 0 2
0 1 126 29 0 2
0 1 67 36 0 2
0 1 98 47 1 2
0 1 148 25 1 1
0 1 2 44 0 3
0 1 137 9 0 1
0 1 17 15 1 3
0 1 83 41 0 4
0 1 57 29 0 0
0 1 14 21 1 2
0 1 132 13 1 0
0 1 77 49 0 3
0 1 8 26 1 2
0 1 0 19 1 1
0 1 19 25 1 3
0 1 64 2 0 5
0 1 94 8 1 1
0 1 130 6 0 0
0 1 6 43 1 2
0 1 136 43 0 1
0 1 48 44 1 1
0 1 100 4 1 2
0 1 126 8 1 3
0 1 28 18 0 0
0 1 87 39 0 2
0 1 145 32 0 2
0 1 59 27 1 2
0 1 122 48 0 5
0 1 18 30 0 0
0 1 104 47 1 0
0 1 118 24 0 0
0 1 147 11 1 4
0 1 148 7 0 1
0 1 149 43 1 5
0 1 143 23 1 0
0 1 0 30 0 5
0 1 4 21 0 1
0 1 140 15 1 4
0 1 106 44 1 4
0 1 55 28 1 0
0 1 133 10 1 4
0 1 80 21 0 4
0 1 53 34 0 0
0 1 36 12 0 0
0 1 37 14 1 0
0 1 1 0 1 3
0 1 141 7 1 2
0 1 28 1 1 3
0 1 21 23 1 2
0 1 46 20 1 5
0 1 121 32 0 3
0 1 33 17 1 5
0 1 77 24 1 1
0 1 19 19 0 2
0 1 143 22 0 1
0 1 60 0 0 5
0 1 95 39 1 4
0 1 144 45 1 3
0 1 52 35 0 1
0 1 56 9 1 2
0 1 3 31 1 0
0 1 9 26 1 0
0 1 82 13 1 1
0 1 3 5 0 4
0 1 30 39 0 1
0 1 30 38 1 5
0 1 15 9 0 5
0 1 39 47 0 1
0 1 98 30 0 1
0 1 4 15 1 0
0 1 16 27 0 1
0 1 120 48 1 2
0 1 96 37 1 5
0 1 116 38 0 3
0 1 142 23 0 5
0 1 35 38 0 1
0 1 142 36 1 5
0 1 31 22 1 2
0 1 93 44 0 5
0 1 117 6 1 1
0 1 1 17 0 4
0 1 23 46 1 4
0 1 43 25 0 4
0 1 88 7 1 5
0 1 36 32 1 1
0 1 106 42 0 1
0 1 16 23 1 1
0 1 149 13 0 5
0 1 99 37 0 1
0 1 104 46 0 3
0 1 24 5 0 5
0 1 118 3 1 3
0 1 72 16 1 5
0 1 96 28 0 2
0 1 81 40 0 5
0 1 107 42 1 3
0 1 7 33 0 3
0 1 53 10 1 0
0 1 25 16 0 0
0 1 115 47 1 4
0 1 24 28 1 3
0 1 113 19 0 0
0 1 91 1 0 2
0 1 84 2 1 4
0 1 71 36 1 3
0 1 115 49 0 1
0 1 76 41 0 0
0 1 45 14 0 2
0 1 66 8 0 5
0 1 68 49 1 2
0 1 139 12 1 3
0 1 102 16 1 3
0 1 83 4 1 4
0 1 58 11 1 1
0 1 61 6 1 4
0 1 85 11 0 0
0 1 129 1 1 0
0 1 123 10 1 2
0 1 58 12 0 5
0 1 38 39 1 0
0 1 50 31 0 3
0 1 74 2 1 0
0 1 124 27 1 4
0 1 138 36 0 1
0 1 95 2 0 3
0 1 103 5 1 0
0 1 32 31 1 4
0 1 10 46 1 5
0 1 113 10 1 3
0 1 131 4 1 0
0 1 17 40 0 0
0 1 11 15 0 5
0 1 43 33 1 0
0 1 75 31 0 5
0 1 97 40 1 3
0 1 70 35 0 2
0 1 80 45 1 1
0 1 49 18 1 4
0 1 137 18 1 1
0 1 76 7 1 0
0 1 146 28 0 1
0 1 134 35 0 0
0 1 86 27 0 0
0 1 141 24 0 2
0 1 68 30 0 4
0 1 86 44 1 2
0 1 146 7 1 4
0 1 29 40 1 2
0 1 135 29 0 1
0 1 50 41 1 5
0 1 90 43 1 4
0 1 105 33 0 1
0 1 91 1 1 5
0 1 38 18 0 3
0 1 26 22 0 5
0 1 37 45 0 2
0 1 120 6 0 3
0 1 147 13 0 4
0 1 127 30 0 3
0 1 127 47 1 5
0 1 132 19 0 4
0 1 102 3 0 1
0 1 129 32 0 4
0 1 109 36 0 0
0 1 131 12 0 4
0 1 125 13 1 3
0 1 51 22 1 4
0 1 42 8 1 2
0 1 63 38 1 2
0 1 29 16 0 1
0 1 41 1 1 4
0 1 87 14 1 1
0 1 125 37 0 0
0 1 14 21 0 5
0 1 57 20 1 0
0 1 12 33 0 5
0 1 25 42 1 5
0 1 116 42 1 4
0 1 51 4 0 3
0 1 93 45 1 0
0 1 114 43 1 0
0 1 65 8 1 4
0 1 8 16 0 2
0 1 39 37 1 2
0 1 119 46 0 1
0 1 109 19 1 3
0 1 40 25 1 2
0 1 65 3 0 5
0 1 105 26 1 4
0 1 44 17 0 3
0 1 48 20 0 3
0 1 5 9 1 0
0 1 2 15 1 2
0 1 107 20 0 2
0 1 78 17 1 1
0 1 12 14 1 4
0 1 64 45 1 4
0 1 101 38 0 4
0 1 114 20 0 4
0 1 89 32 0 0
0 1 73 29 0 5
0 1 112 41 0 2
0 1 123 41 0 1
0 1 27 24 1 5
0 1 134 33 1 2
0 1 46 34 0 1
0 1 55 0 0 2
0 1 94 3 0 4
0 1 62 11 1 5
0 1 117 31 0 2
0 1 47 34 1 3
0 1 139 39 0 5
0 1 112 42 1 2
0 1 124 49 0 5
0 1 110 21 1 0
0 1 73 4 1 5
0 1 13 0 1 0
0 1 128 30 1 2
0 1 20 14 1 3
0 1 81 24 1 4
0 1 41 11 0 3
0 1 31 29 0 4
0 1 82 16 0 4
0 1 90 48 0 1
0 1 70 35 1 5
0 1 22 40 0 1
0 1 11 35 1 4
0 1 59 24 0 3
0 1 69 27 1 5
0 1 23 23 0 4
0 1 49 34 0 5
0 1 74 9 0 3
0 1 10 0 0 1
0 1 9 34 0 2
0 1 54 49 0 4
0 1 145 22 1 3
0 1 35 6 1 2
0 1 111 26 1 1
0 1 92 9 0 4
0 1 54 10 1 5
0 1 101 26 1 5
0 1 21 5 0 1
0 1 27 10 0 1
0 1 103 25 0 5
0 1 69 43 0 3
0 1 99 15 1 1
0 1 89 37 1 3
0 1 47 18 0 2
0 1 34 7 1 3
0 1 110 20 0 1
0 1 5 42 0 0
0 1 56 3 0 0
0 1 84 0 0 4
0 1 18 21 1 3
0 1 108 25 0 0
