0 1 95 31 1 5
0 1 128 12 0 2
0 1 107 19 0 5
0 1 20 39 0 4
0 1 142 34 0 0
0 1 89 20 0 0
0 1 126 2 0 1
0 1 99 43 0 2
0 1 136 46 1 1
0 1 53 47 1 5
0 1 63 22 1 2
0 1 32 16 0 1
0 1 22 35 1 1
0 1 116 36 1 5
0 1 75 21 0 1
0 1 4 3 0 1
0 1 130 4 0 5
0 1 57 45 1 5
0 1 149 27 1 0
0 1 123 28 0 3
0 1 61 23 1 5
0 1 93 45 1 4
0 1 15 9 0 4
0 1 46 14 1 5
0 1 131 5 0 0
0 1 106 41 1 2
0 1 40 31 0 2
0 1 113 5 0 3
0 1 8 32 0 5
0 1 140 25 1 5
0 1 131 30 1 4
0 1 8 10 1 4
0 1 109 48 1 4
0 1 111 9 1 2
0 1 123 11 1 3
0 1 120 13 1 1
0 1 33 39 0 3
0 1 98 30 0 5
0 1 2 38 0 2
0 1 142 17 1 0
0 1 6 3 1 4
0 1 22 44 0 4
0 1 51 46 0 2
0 1 87 6 0 2
0 1 119 23 1 1
0 1 28 21 0 4
0 1 136 27 0 5
0 1 130 17 1 2
0 1 76 22 1 5
0 1 100 32 0 1
0 1 69 10 0 1
0 1 31 33 1 2
0 1 94 8 0 5
0 1 102 38 0 4
0 1 55 37 1 2
0 1 68 14 1 2
0 1 89 1 1 2
0 1 127 0 1 5
0 1 78 34 1 5
0 1 42 49 1 0
0 1 102 26 1 4
0 1 44 12 1 5
0 1 56 16 1 4
0 1 108 18 1 5
0 1 42 45 0 0
0 1 109 41 0 0
0 1 6 24 0 4
0 1 95 37 0 0
0 1 105 2 1 5
0 1 11 13 0 2
0 1 46 39 0 2
0 1 65 35 1 3
0 1 96 47 0 0
0 1 87 0 1 0
0 1 81 9 1 1
0 1 36 20 0 5
0 1 54 48 1 0
0 1 29 24 0 3
0 1 75 29 1 1
0 1 141 35 1 4
0 1 11 19 1 0
0 1 24 44 1 3
0 1 115 20 1 1
0 1 23 13 0 4
0 1 50 27 1 1
0 1 98 40 1 3
0 1 121 33 0 0
0 1 100 17 1 5
0 1 19 36 1 0
0 1 107 25 1 4
0 1 132 47 1 1
0 1 81 3 0 0
0 1 2 40 1 4
0 1 33 29 1 4
0 1 37 7 1 0
0 1 83 11 1 1
0 1 118 28 1 4
0 1 53 44 0 0
0 1 16 48 0 1
0 1 66 26 0 3
0 1 145 15 0 0
0 1 117 41 0 4
0 1 5 44 0 2
0 1 112 0 1 3
0 1 106 15 0 2
0 1 96 49 1 1
0 1 35 42 0 4
0 1 48 34 1 3
0 1 108 24 0 0
0 1 26 4 1 0
0 1 127 19 0 4
0 1 62 21 1 2
0 1 29 21 1 5
0 1 64 0 0 4
0 1 62 31 0 3
0 1 27 43 0 3
0 1 147 22 1 4
0 1 49 30 1 0
0 1 54 7 0 1
0 1 117 34 1 4
0 1 60 13 0 5
0 1 138 32 1 3
0 1 30 25 1 1
0 1 119 43 0 5
0 1 17 1 0 0
0 1 1 29 0 0
0 1 114 5 1 5
0 1 139 23 1 3
0 1 92 38 1 1
0 1 7 2 1 2
0 1 59 38 0 3
0 1 58 4 1 3
0 1 52 8 0 4
0 1 0 33 0 4
0 1 34 44 0 1
0 1 82 35 0 5
0 1 146 32 0 4
0 1 45 42 0 3
0 1 103 40 1 2
0 1 25 10 1 3
0 1 141 12 0 4
0 1 122 16 0 2
0 1 103 4 0 1
0 1 56 25 0 3
0 1 146 14 1 1
0 1 43 39 0 5
0 1 71 40 0 0
0 1 55 29 0 2
0 1 110 18 0 1
0 1 120 9 0 0
0 1 28 46 1 5
0 1 79 28 0 5
0 1 32 20 1 2
0 1 97 48 1 5
0 1 9 36 0 2
0 1 101 23 0 4
0 1 10 10 0 2
0 1 82 10 1 0
0 1 93 23 0 2
0 1 24 13 0 0
0 1 15 46 1 0
0 1 21 31 1 0
0 1 65 1 0 4
0 1 72 42 1 2
0 1 101 27 1 3
0 1 61 12 0 3
0 1 138 22 0 0
0 1 91 49 0 3
0 1 99 1 1 1
0 1 124 49 0 5
0 1 25 20 0 4
0 1 133 46 0 3
0 1 51 35 1 2
0 1 86 26 1 2
0 1 27 42 1 1
0 1 132 24 0 1
0 1 34 47 1 2
0 1 40 7 1 5
0 1 114 28 0 1
0 1 71 36 1 1
0 1 69 5 1 1
0 1 13 30 1 1
0 1 31 15 0 5
0 1 17 8 1 0
0 1 68 21 0 0
0 1 3 9 0 5
0 1 26 14 0 3
0 1 90 14 1 4
0 1 140 16 0 3
0 1 74 3 0 5
0 1 74 38 1 5
0 1 19 30 0 3
0 1 85 17 1 3
0 1 86 15 0 1
0 1 5 2 1 0
0 1 43 5 1 2
0 1 110 25 1 2
0 1 125 49 0 2
0 1 36 34 1 1
0 1 45 27 1 4
0 1 144 17 0 4
0 1 149 15 0 3
0 1 134 7 0 3
0 1 77 12 0 1
0 1 97 4 0 4
0 1 72 22 0 3
0 1 49 45 0 2
0 1 124 39 1 0
0 1 23 11 1 2
0 1 90 13 0 3
0 1 47 26 0 1
0 1 139 42 0 5
0 1 88 28 1 0
0 1 1 33 1 1
0 1 50 32 0 0
0 1 18 31 0 4
0 1 134 8 1 2
0 1 137 18 1 0
0 1 112 37 0 3
0 1 16 24 1 5
0 1 41 2 0 3
0 1 52 45 1 1
0 1 4 0 1 1
0 1 7 19 0 3
0 1 38 47 1 3
0 1 80 37 1 1
0 1 148 41 1 3
0 1 105 17 0 1
0 1 76 6 0 0
0 1 9 43 1 1
0 1 145 11 1 5
0 1 70 40 1 5
0 1 118 16 0 0
0 1 79 6 1 5
0 1 12 3 1 3
0 1 13 2 0 4
0 1 12 8 0 3
0 1 58 48 0 2
0 1 94 24 1 2
0 1 116 19 0 2
0 1 14 7 0 2
0 1 67 18 1 4
0 1 10 6 1 4
0 1 83 26 0 0
0 1 70 23 0 0
0 1 64 29 1 3
0 1 144 43 1 0
0 1 80 46 0 4
0 1 35 41 1 5
0 1 14 33 1 3
0 1 60 36 1 4
0 1 143 11 0 0
0 1 135 4 1 2
0 1 44 37 0 5
0 1 63 1 0 5
0 1 85 19 0 1
0 1 111 32 0 2
0 1 66 18 1 2
0 1 48 31 0 1
0 1 73 9 0 3
0 1 143 18 1 3
0 1 21 48 0 3
0 1 88 25 0 0
0 1 37 6 0 1
0 1 39 34 0 2
0 1 39 49 1 4
0 1 148 45 0 3
0 1 135 12 0 0
0 1 59 8 1 1
0 1 0 1 1 3
