0 1 53 14 0 2
0 1 91 4 0 3
0 1 129 29 1 0
0 1 67 11 0 3
0 1 146 31 0 4
0 1 82 42 0 2
0 1 132 39 1 5
0 1 105 25 0 1
0 1 78 42 1 3
0 1 0 20 1 1
0 1 76 11 1 0
0 1 138 20 0 3
0 1 57 40 1 3
0 1 19 41 1 3
0 1 18 14 0 1
0 1 106 10 1 0
0 1 6 0 1 2
0 1 102 49 1 2
0 1 34 30 1 2
0 1 54 35 0 2
0 1 73 4 1 5
0 1 9 22 1 3
0 1 34 31 0 5
0 1 86 6 0 4
0 1 135 34 0 4
0 1 116 48 0 2
0 1 68 48 0 4
0 1 27 5 1 5
0 1 137 41 1 0
0 1 66 20 0 4
0 1 49 32 0 2
0 1 133 23 1 0
0 1 63 2 1 5
0 1 122 45 1 1
0 1 15 5 0 1
0 1 89 1 0 0
0 1 40 44 1 5
0 1 64 28 0 5
0 1 87 0 1 1
0 1 80 19 0 0
0 1 123 19 0 1
0 1 65 43 0 1
0 1 66 47 1 3
0 1 22 8 1 0
0 1 127 13 1 4
0 1 47 47 1 2
0 1 126 14 1 4
0 1 129 26 0 0
0 1 90 7 0 5
0 1 8 18 0 0
0 1 89 44 1 4
0 1 142 37 1 4
0 1 4 8 0 1
0 1 92 33 0 5
0 1 0 38 0 0
0 1 103 43 1 5
0 1 58 37 1 3
0 1 56 0 0 0
0 1 33 14 1 3
0 1 35 15 1 5
0 1 99 42 1 5
0 1 43 37 1 5
0 1 41 48 1 3
0 1 50 32 1 5
0 1 29 24 1 4
0 1 7 18 0 5
0 1 77 9 1 4
0 1 75 12 0 1
0 1 70 44 1 1
0 1 47 6 0 2
0 1 20 17 0 2
0 1 81 14 1 0
0 1 27 3 0 3
0 1 75 49 1 0
0 1 96 9 0 1
0 1 57 16 0 4
0 1 30 46 0 4
0 1 10 25 1 5
0 1 144 10 0 4
0 1 139 21 1 0
0 1 78 47 0 4
0 1 143 27 0 5
0 1 31 27 1 1
0 1 17 10 1 3
0 1 33 39 0 0
0 1 12 38 0 4
0 1 141 45 0 2
0 1 88 2 1 4
0 1 21 28 1 3
0 1 113 29 0 5
0 1 108 43 0 4
0 1 136 35 1 0
0 1 59 6 1 5
0 1 97 34 0 1
0 1 61 49 0 4
0 1 40 7 0 1
0 1 11 25 0 2
0 1 147 8 0 2
0 1 109 46 1 5
0 1 124 23 0 2
0 1 32 36 0 4
0 1 69 15 1 2
0 1 132 46 0 3
0 1 117 38 1 2
0 1 81 21 0 4
0 1 18 19 1 5
0 1 26 21 1 1
0 1 111 8 1 3
0 1 76 27 0 2
0 1 73 33 0 4
0 1 36 34 1 0
0 1 101 35 0 4
0 1 59 27 0 3
0 1 87 31 0 0
0 1 28 41 0 2
0 1 43 26 0 2
0 1 107 13 1 0
0 1 102 3 0 1
0 1 26 41 0 4
0 1 69 10 0 1
0 1 92 32 1 3
0 1 20 20 1 5
0 1 51 38 1 1
0 1 123 38 1 5
0 1 122 35 0 1
0 1 83 10 1 2
0 1 86 23 1 4
0 1 5 36 0 1
0 1 128 20 1 0
0 1 19 0 0 4
0 1 119 3 0 2
0 1 114 23 0 5
0 1 94 8 0 4
0 1 46 22 0 0
0 1 106 15 0 3
0 1 17 16 0 2
0 1 97 4 1 0
0 1 141 6 1 1
0 1 79 34 1 5
0 1 32 49 1 1
0 1 70 30 0 0
0 1 53 12 1 5
0 1 147 18 1 4
0 1 45 12 1 3
0 1 71 41 0 5
0 1 30 39 1 4
0 1 119 17 1 1
0 1 50 43 0 0
0 1 52 16 0 1
0 1 72 2 0 3
0 1 60 36 1 2
0 1 61 40 1 1
0 1 48 2 0 0
0 1 71 31 1 1
0 1 54 30 1 1
0 1 68 24 1 3
0 1 1 1 0 2
0 1 12 17 1 3
0 1 44 9 0 3
0 1 113 39 1 1
0 1 80 15 1 4
0 1 6 17 0 4
0 1 124 7 1 2
0 1 2 16 0 3
0 1 5 45 1 5
0 1 149 18 0 2
0 1 103 33 0 3
0 1 100 44 0 3
0 1 138 33 1 2
0 1 25 27 1 4
0 1 55 40 1 4
0 1 24 46 0 1
0 1 99 6 0 0
0 1 134 29 0 4
0 1 84 37 0 1
0 1 140 28 0 0
0 1 42 22 1 1
0 1 79 39 0 2
0 1 145 36 1 3
0 1 2 11 1 4
0 1 13 21 0 2
0 1 15 7 1 0
0 1 100 45 1 0
0 1 136 5 0 2
0 1 110 24 1 5
0 1 93 9 1 0
0 1 49 30 1 4
0 1 121 24 1 1
0 1 23 42 0 0
0 1 84 32 1 0
0 1 112 26 1 4
0 1 111 40 0 5
0 1 121 19 0 3
0 1 56 22 1 5
0 1 38 30 1 3
0 1 146 36 1 0
0 1 137 3 0 0
0 1 98 25 0 3
0 1 22 15 0 1
0 1 118 13 0 3
0 1 28 15 1 0
0 1 105 27 1 0
0 1 10 37 0 2
0 1 125 21 1 5
0 1 130 49 1 3
0 1 38 4 0 1
0 1 58 42 0 4
0 1 88 13 0 2
0 1 36 12 0 4
0 1 4 19 1 2
0 1 41 1 0 1
0 1 74 3 1 5
0 1 120 47 0 5
0 1 116 9 1 5
0 1 62 22 1 4
0 1 107 17 0 5
0 1 60 28 0 2
0 1 21 44 0 0
0 1 140 11 1 1
0 1 72 18 1 3
0 1 11 5 1 0
0 1 112 48 0 1
0 1 91 2 1 1
0 1 110 29 0 3
0 1 144 43 1 2
0 1 8 29 1 2
0 1 64 31 1 3
0 1 143 5 1 4
0 1 51 23 0 3
0 1 46 12 1 2
0 1 37 1 1 4
0 1 9 48 0 0
0 1 130 24 0 2
0 1 131 7 1 3
0 1 16 13 0 5
0 1 44 12 1 0
0 1 35 16 0 0
0 1 31 35 0 3
0 1 115 10 1 5
0 1 24 40 1 2
0 1 135 22 1 2
0 1 65 0 1 3
0 1 95 32 0 1
0 1 131 28 0 4
0 1 126 25 0 0
0 1 42 4 0 2
0 1 117 46 0 0
0 1 23 34 1 2
0 1 115 38 0 3
0 1 104 48 1 5
0 1 90 3 1 4
0 1 63 26 0 3
0 1 13 26 1 1
0 1 29 11 0 5
0 1 62 47 0 0
0 1 77 45 0 4
0 1 3 33 1 0
0 1 85 1 0 3
0 1 67 28 1 1
0 1 14 9 0 2
0 1 118 18 1 1
0 1 142 11 0 2
0 1 149 25 1 4
0 1 3 8 0 5
0 1 16 6 1 3
0 1 128 29 0 1
0 1 134 33 1 1
0 1 37 30 0 5
0 1 120 4 1 4
0 1 148 40 1 0
