0 1 1 26 1 2
0 1 8 43 0 5
0 1 17 42 1 0
0 1 110 19 1 2
0 1 135 12 1 0
0 1 11 25 1 5
0 1 43 29 0 0
0 1 149 42 0 3
0 1 140 18 1 0
0 1 83 1 1 2
0 1 93 7 0 2
0 1 119 9 1 1
0 1 66 0 1 3
0 1 75 39 0 3
0 1 57 14 0 4
0 1 87 12 0 1
0 1 81 9 1 5
0 1 130 20 1 1
0 1 115 35 1 1
0 1 73 32 1 0
0 1 40 5 0 5
0 1 9 19 0 5
0 1 50 10 0 1
0 1 149 29 1 2
0 1 127 1 0 0
0 1 12 15 1 0
0 1 91 44 0 5
0 1 42 11 0 1
0 1 110 9 0 0
0 1 56 3 1 1
0 1 19 27 1 1
0 1 44 19 0 3
0 1 41 43 0 4
0 1 17 46 0 5
0 1 118 37 0 3
0 1 80 6 1 0
0 1 59 5 0 3
0 1 109 4 0 1
0 1 34 8 1 0
0 1 85 27 0 0
0 1 114 14 0 1
0 1 70 33 1 5
0 1 80 33 0 4
0 1 37 13 0 5
0 1 71 16 1 3
0 1 28 38 0 4
0 1 114 44 1 0
0 1 69 48 0 3
0 1 38 3 0 2
0 1 87 46 1 3
0 1 98 16 0 4
0 1 130 40 0 0
0 1 72 29 0 3
0 1 103 40 1 2
0 1 98 17 1 0
0 1 118 36 1 5
0 1 48 4 1 3
0 1 70 35 0 2
0 1 111 30 1 0
0 1 49 31 0 0
0 1 125 29 1 4
0 1 129 32 0 1
0 1 7 21 0 3
0 1 124 5 1 0
0 1 58 36 1 2
0 1 136 12 0 4
0 1 115 6 0 2
0 1 4 25 0 4
0 1 40 45 1 4
0 1 123 30 1 4
0 1 88 0 1 4
0 1 92 25 1 1
0 1 56 22 0 4
0 1 62 4 1 5
0 1 26 28 0 5
0 1 16 32 1 2
0 1 108 40 1 1
0 1 30 42 0 2
0 1 33 31 1 4
0 1 133 30 0 1
0 1 112 35 0 5
0 1 97 7 1 4
0 1 128 31 0 2
0 1 37 39 1 5
0 1 148 24 0 5
0 1 75 10 1 3
0 1 26 2 1 0
0 1 126 46 1 1
0 1 76 47 1 3
0 1 142 27 1 3
0 1 140 47 0 4
0 1 78 49 1 5
0 1 24 18 1 5
0 1 47 8 0 4
0 1 111 41 0 0
0 1 101 23 0 1
0 1 120 34 0 2
0 1 71 38 0 0
0 1 119 17 0 2
0 1 23 36 0 3
0 1 120 38 1 3
0 1 49 27 1 4
0 1 112 47 1 5
0 1 25 24 1 0
0 1 72 36 1 4
0 1 42 45 1 1
0 1 99 6 0 5
0 1 94 10 0 0
0 1 100 40 1 3
0 1 64 2 1 4
0 1 103 0 0 1
0 1 147 41 0 1
0 1 21 34 1 0
0 1 82 49 1 4
0 1 47 26 1 0
0 1 10 20 1 3
0 1 76 15 0 5
0 1 121 39 1 1
0 1 6 15 1 4
0 1 132 6 0 1
0 1 64 23 0 3
0 1 129 2 1 1
0 1 27 16 1 0
0 1 2 11 0 2
0 1 13 32 0 3
0 1 145 46 0 4
0 1 100 20 0 2
0 1 137 22 0 1
0 1 14 45 0 2
0 1 33 2 0 5
0 1 63 3 0 4
0 1 15 14 1 3
0 1 41 24 1 1
0 1 116 37 1 2
0 1 11 23 0 0
0 1 139 24 1 2
0 1 5 1 0 1
0 1 25 45 0 5
0 1 113 39 0 4
0 1 18 28 1 2
0 1 107 33 0 1
0 1 135 11 0 3
0 1 46 8 1 2
0 1 36 8 1 3
0 1 142 43 0 3
0 1 139 16 0 1
0 1 141 44 1 2
0 1 127 26 1 1
0 1 55 48 0 0
0 1 0 37 0 1
0 1 88 21 0 1
0 1 74 49 1 1
0 1 60 31 0 1
0 1 106 25 1 0
0 1 32 11 0 0
0 1 122 6 1 4
0 1 123 44 0 4
0 1 29 35 0 0
0 1 13 17 1 1
0 1 31 28 1 4
0 1 121 12 0 2
0 1 58 38 0 5
0 1 86 18 1 2
0 1 53 16 1 5
0 1 5 32 1 4
0 1 38 37 1 5
0 1 108 22 0 0
0 1 59 22 1 3
0 1 15 47 0 2
0 1 96 46 0 0
0 1 126 15 0 1
0 1 65 26 1 4
0 1 63 26 1 5
0 1 3 28 1 3
0 1 94 20 1 0
0 1 89 3 1 0
0 1 144 31 0 3
0 1 84 20 0 4
0 1 105 35 1 4
0 1 23 4 1 2
0 1 68 47 1 1
0 1 79 34 1 5
0 1 19 19 0 4
0 1 86 12 0 5
0 1 27 13 0 2
0 1 54 3 0 5
0 1 143 9 0 3
0 1 131 19 0 0
0 1 45 49 0 3
0 1 6 11 0 4
0 1 3 34 0 3
0 1 144 0 1 0
0 1 67 43 0 0
0 1 89 33 0 0
0 1 54 30 1 2
0 1 65 15 0 3
0 1 52 36 1 1
0 1 116 29 0 1
0 1 66 5 0 2
0 1 128 8 1 1
0 1 138 0 1 2
0 1 48 45 0 3
0 1 99 48 1 1
0 1 83 13 0 1
0 1 146 49 0 0
0 1 79 28 0 1
0 1 35 7 1 0
0 1 39 39 1 2
0 1 34 23 0 5
0 1 92 34 0 1
0 1 143 27 1 5
0 1 104 10 1 5
0 1 134 48 1 4
0 1 73 37 0 4
0 1 0 18 1 4
0 1 36 16 0 2
0 1 131 41 1 4
0 1 122 42 0 4
0 1 22 21 1 5
0 1 134 18 0 1
0 1 51 7 1 5
0 1 106 46 0 2
0 1 145 17 1 3
0 1 136 21 1 4
0 1 91 17 1 4
0 1 53 30 0 3
0 1 90 1 0 5
0 1 93 42 1 1
0 1 45 44 1 1
0 1 95 14 0 0
0 1 78 4 0 4
0 1 12 10 0 2
0 1 16 7 0 1
0 1 138 11 0 5
0 1 52 48 0 2
0 1 85 2 1 2
0 1 97 41 0 3
0 1 102 14 1 2
0 1 44 13 1 0
0 1 30 6 1 3
0 1 117 25 0 2
0 1 2 29 1 5
0 1 18 25 0 3
0 1 9 13 1 4
0 1 82 35 0 3
0 1 68 43 0 2
0 1 60 37 1 0
0 1 146 9 1 2
0 1 29 5 1 1
0 1 39 18 0 3
0 1 20 24 1 3
0 1 107 41 1 2
0 1 7 21 1 0
0 1 109 38 1 2
0 1 43 40 1 5
0 1 147 22 1 5
0 1 133 23 1 2
0 1 50 33 1 3
0 1 113 0 1 5
0 1 20 10 0 4
0 1 137 24 1 4
0 1 67 47 1 0
0 1 141 1 0 3
0 1 104 26 0 3
0 1 124 15 0 2
0 1 125 13 0 3
0 1 55 3 1 3
0 1 21 22 0 2
0 1 96 8 1 5
0 1 77 43 1 1
