0 1 144 25 0 1
0 1 16 28 1 4
0 1 71 41 0 3
0 1 27 1 0 2
0 1 26 28 0 0
0 1 119 17 1 5
0 1 83 10 0 2
0 1 24 19 1 2
0 1 125 22 1 3
0 1 23 23 1 4
0 1 87 23 0 1
0 1 82 22 0 5
0 1 31 34 0 2
0 1 38 9 0 0
0 1 89 37 0 3
0 1 143 19 0 1
0 1 65 47 1 1
0 1 69 26 1 2
0 1 138 12 1 4
0 1 22 17 0 3
0 1 113 1 0 5
0 1 77 3 0 0
0 1 47 35 1 1
0 1 108 2 1 4
0 1 20 9 0 4
0 1 116 11 0 1
0 1 78 11 1 3
0 1 43 22 1 2
0 1 29 43 1 3
0 1 112 20 1 5
0 1 3 49 0 1
0 1 24 38 0 0
0 1 11 38 1 4
0 1 115 42 0 2
0 1 105 7 1 5
0 1 81 3 1 1
0 1 134 13 1 0
0 1 148 43 1 1
0 1 88 0 1 3
0 1 19 27 0 3
0 1 9 30 0 5
0 1 132 33 1 4
0 1 85 40 0 3
0 1 80 30 0 4
0 1 2 30 1 3
0 1 77 8 1 1
0 1 96 4 0 0
0 1 133 9 1 5
0 1 23 15 0 2
0 1 122 19 0 5
0 1 75 46 0 5
0 1 105 8 0 4
0 1 139 39 1 3
0 1 73 41 0 4
0 1 52 48 0 2
0 1 10 21 1 5
0 1 107 42 0 0
0 1 37 17 0 1
0 1 18 29 1 5
0 1 118 15 0 4
0 1 140 29 0 3
0 1 62 33 1 2
0 1 115 45 1 3
0 1 144 18 1 1
0 1 38 39 1 2
0 1 142 46 1 0
0 1 61 41 0 0
0 1 1 34 1 3
0 1 36 6 1 1
0 1 39 5 0 2
0 1 95 45 0 4
0 1 138 16 0 5
0 1 102 27 0 5
0 1 104 44 1 3
0 1 30 18 0 5
0 1 74 24 0 1
0 1 37 4 1 4
0 1 91 2 0 0
0 1 57 6 0 5
0 1 45 20 0 1
0 1 34 32 1 0
0 1 68 4 1 5
0 1 11 25 0 2
0 1 3 35 1 5
0 1 66 14 0 0
0 1 70 49 0 4
0 1 84 43 0 4
0 1 19 29 1 2
0 1 104 26 0 5
0 1 5 37 0 0
0 1 60 34 1 4
0 1 124 25 1 4
0 1 10 16 0 2
0 1 106 12 1 2
0 1 99 9 1 2
0 1 66 1 1 0
0 1 51 14 0 5
0 1 54 7 1 4
0 1 82 35 1 4
0 1 15 14 0 2
0 1 46 28 0 1
0 1 35 26 0 0
0 1 20 12 1 3
0 1 117 49 0 3
0 1 17 46 1 2
0 1 147 45 1 1
0 1 72 39 1 5
0 1 114 44 1 5
0 1 4 0 1 5
0 1 12 36 1 1
0 1 132 23 0 3
0 1 92 36 1 3
0 1 64 5 1 4
0 1 135 17 0 4
0 1 121 21 0 3
0 1 121 17 1 0
0 1 140 33 1 5
0 1 12 10 0 4
0 1 93 20 1 4
0 1 85 5 1 1
0 1 61 6 1 2
0 1 102 41 1 5
0 1 78 31 0 1
0 1 103 2 0 3
0 1 146 4 1 1
0 1 84 46 1 1
0 1 90 11 1 0
0 1 55 18 0 0
0 1 51 48 1 4
0 1 25 19 0 0
0 1 139 31 0 2
0 1 31 7 1 2
0 1 117 5 1 0
0 1 39 5 1 5
0 1 75 44 1 1
0 1 14 32 0 2
0 1 7 1 0 1
0 1 35 20 1 0
0 1 149 7 1 0
0 1 68 37 0 5
0 1 6 12 0 1
0 1 28 15 1 0
0 1 87 25 1 3
0 1 58 14 0 3
0 1 55 16 1 1
0 1 98 21 0 1
0 1 125 24 0 3
0 1 72 31 0 5
0 1 99 39 0 1
0 1 116 35 1 3
0 1 28 18 0 2
0 1 141 42 0 1
0 1 1 13 0 2
0 1 69 20 0 2
0 1 97 2 1 1
0 1 50 22 0 4
0 1 100 36 1 2
0 1 5 23 1 2
0 1 136 45 0 2
0 1 49 27 1 1
0 1 40 13 0 1
0 1 112 0 0 0
0 1 26 31 1 3
0 1 137 14 0 4
0 1 107 10 1 0
0 1 94 45 0 5
0 1 0 16 1 3
0 1 89 40 1 4
0 1 143 32 1 1
0 1 96 18 1 3
0 1 127 24 1 2
0 1 110 15 0 5
0 1 33 33 0 3
0 1 34 3 0 2
0 1 130 11 1 2
0 1 56 38 1 5
0 1 43 38 0 2
0 1 36 3 0 4
0 1 88 30 0 0
0 1 142 21 0 4
0 1 22 8 1 3
0 1 63 13 1 4
0 1 79 47 1 4
0 1 79 19 0 4
0 1 133 6 0 4
0 1 73 48 1 1
0 1 145 37 0 4
0 1 114 27 0 0
0 1 120 0 1 2
0 1 81 21 0 2
0 1 48 28 1 3
0 1 44 29 0 4
0 1 106 19 0 3
0 1 14 47 1 0
0 1 44 35 1 2
0 1 97 7 0 1
0 1 57 1 1 3
0 1 8 13 1 3
0 1 90 15 0 3
0 1 41 6 0 3
0 1 49 10 0 5
0 1 42 39 0 0
0 1 32 40 1 2
0 1 33 26 1 1
0 1 134 38 0 1
0 1 131 43 0 2
0 1 13 31 0 0
0 1 103 40 1 0
0 1 8 23 0 0
0 1 47 24 0 4
0 1 30 46 1 3
0 1 137 30 1 2
0 1 146 33 0 1
0 1 126 26 0 3
0 1 6 49 1 0
0 1 40 34 1 0
0 1 127 11 0 5
0 1 147 36 0 5
0 1 0 42 0 3
0 1 124 44 0 2
0 1 2 34 0 5
0 1 91 37 1 2
0 1 129 10 1 1
0 1 4 9 0 3
0 1 50 24 1 5
0 1 67 32 1 5
0 1 109 28 1 5
0 1 16 27 0 2
0 1 118 8 1 0
0 1 128 47 1 5
0 1 123 25 0 5
0 1 108 16 0 0
0 1 59 5 1 3
0 1 9 43 1 5
0 1 46 28 1 2
0 1 86 49 0 5
0 1 59 43 0 0
0 1 21 49 1 2
0 1 131 29 1 0
0 1 52 34 1 1
0 1 29 48 0 0
0 1 120 40 0 1
0 1 148 41 0 2
0 1 94 22 1 0
0 1 13 26 1 4
0 1 111 4 0 2
0 1 42 3 1 5
0 1 15 32 1 4
0 1 135 44 1 0
0 1 109 8 0 2
0 1 45 47 1 2
0 1 32 42 0 5
0 1 63 0 0 1
0 1 80 36 1 4
0 1 64 46 0 4
0 1 60 12 0 5
0 1 95 48 1 3
0 1 17 23 0 5
0 1 129 20 0 3
0 1 48 38 0 3
0 1 41 30 1 1
0 1 141 2 1 5
0 1 76 6 1 0
0 1 25 27 1 4
0 1 110 17 1 2
0 1 54 36 0 0
0 1 65 12 0 0
0 1 145 4 1 3
0 1 93 42 0 4
0 1 21 15 0 1
