0 1 108 3 1 2
0 1 53 28 1 1
0 1 16 37 1 2
0 1 101 37 1 4
0 1 98 38 0 5
0 1 79 26 1 1
0 1 83 6 1 2
0 1 85 2 0 1
0 1 145 13 0 1
0 1 115 5 0 0
0 1 34 0 1 2
0 1 48 33 0 4
0 1 110 17 1 3
0 1 80 32 0 3
0 1 15 12 0 1
0 1 93 36 1 4
0 1 103 37 0 0
0 1 142 15 0 5
0 1 36 38 0 1
0 1 11 46 0 1
0 1 47 45 0 1
0 1 30 13 1 2
0 1 82 2 0 4
0 1 50 43 1 2
0 1 67 40 1 3
0 1 76 45 0 3
0 1 58 20 0 3
0 1 51 10 0 3
0 1 19 13 1 4
0 1 96 7 1 5
0 1 29 3 0 0
0 1 141 3 0 5
0 1 56 36 1 2
0 1 126 0 1 5
0 1 54 15 0 0
0 1 42 30 1 1
0 1 50 21 0 2
0 1 76 3 1 1
0 1 117 32 0 1
0 1 127 44 1 2
0 1 134 25 0 2
0 1 141 10 1 1
0 1 90 35 1 4
0 1 105 1 1 2
0 1 87 5 0 3
0 1 52 30 0 3
0 1 48 9 1 0
0 1 18 47 0 1
0 1 75 29 0 3
0 1 132 31 0 0
0 1 19 22 0 3
0 1 90 49 0 0
0 1 139 20 1 1
0 1 0 34 0 3
0 1 56 14 0 0
0 1 135 39 0 4
0 1 62 30 1 2
0 1 75 5 1 5
0 1 14 29 1 4
0 1 69 1 0 1
0 1 70 4 1 2
0 1 33 41 1 5
0 1 128 19 0 0
0 1 54 48 1 3
0 1 131 6 1 3
0 1 88 40 1 0
0 1 79 35 0 0
0 1 10 26 0 0
0 1 27 46 0 5
0 1 23 37 0 1
0 1 86 27 0 1
0 1 9 44 0 4
0 1 2 7 1 4
0 1 125 41 1 2
0 1 16 17 0 4
0 1 20 42 1 2
0 1 92 8 0 4
0 1 82 40 1 5
0 1 142 49 1 5
0 1 80 8 1 0
0 1 102 26 1 2
0 1 28 17 1 0
0 1 37 19 1 1
0 1 15 44 1 0
0 1 133 4 0 0
0 1 74 48 0 0
0 1 66 14 1 3
0 1 24 46 0 4
0 1 64 23 0 5
0 1 55 22 0 5
0 1 103 31 1 3
0 1 123 36 1 3
0 1 140 20 0 4
0 1 137 33 0 3
0 1 4 28 0 5
0 1 111 16 1 1
0 1 112 23 1 1
0 1 148 18 1 4
0 1 84 17 0 5
0 1 44 6 0 5
0 1 21 47 0 5
0 1 89 28 1 3
0 1 20 21 0 1
0 1 36 12 1 5
0 1 12 43 1 4
0 1 114 18 1 1
0 1 106 7 0 2
0 1 65 19 0 3
0 1 119 11 1 4
0 1 37 25 0 5
0 1 149 27 1 4
0 1 72 47 1 2
0 1 34 49 0 4
0 1 105 49 0 2
0 1 107 48 1 5
0 1 120 9 1 3
0 1 77 13 0 0
0 1 7 29 1 1
0 1 22 11 1 0
0 1 91 2 0 3
0 1 72 35 0 1
0 1 32 34 1 1
0 1 41 12 0 0
0 1 11 36 1 0
0 1 113 35 1 5
0 1 55 47 1 4
0 1 136 10 0 5
0 1 64 34 1 4
0 1 27 42 1 4
0 1 144 38 1 3
0 1 69 43 1 3
0 1 112 5 0 2
0 1 148 22 0 2
0 1 123 24 0 0
0 1 108 46 0 2
0 1 45 31 0 1
0 1 138 5 0 1
0 1 149 46 0 3
0 1 17 8 1 2
0 1 139 42 0 0
0 1 70 25 0 0
0 1 126 8 0 1
0 1 120 27 0 3
0 1 95 27 0 2
0 1 94 24 0 1
0 1 107 1 0 3
0 1 46 2 1 5
0 1 39 6 1 4
0 1 117 43 1 1
0 1 62 13 0 5
0 1 130 12 1 4
0 1 97 4 0 4
0 1 51 29 1 2
0 1 118 33 0 5
0 1 40 1 1 0
0 1 47 16 1 4
0 1 146 22 0 0
0 1 38 21 0 4
0 1 26 34 1 5
0 1 127 11 0 2
0 1 118 46 1 0
0 1 128 2 1 2
0 1 46 7 0 0
0 1 71 33 1 1
0 1 134 44 1 3
0 1 60 32 0 4
0 1 10 28 1 0
0 1 26 48 0 1
0 1 125 10 0 2
0 1 38 24 1 2
0 1 6 15 0 3
0 1 140 21 1 3
0 1 84 16 1 2
0 1 43 14 1 1
0 1 4 47 1 3
0 1 5 9 0 5
0 1 104 21 1 0
0 1 87 33 1 0
0 1 29 11 1 1
0 1 23 9 1 4
0 1 33 26 0 3
0 1 104 15 0 1
0 1 110 39 0 1
0 1 115 11 1 3
0 1 13 43 0 0
0 1 1 41 0 3
0 1 131 20 0 2
0 1 114 12 0 2
0 1 21 18 1 0
0 1 116 4 0 3
0 1 66 34 0 0
0 1 91 45 1 5
0 1 63 26 0 5
0 1 83 30 0 5
0 1 146 14 1 5
0 1 3 19 0 4
0 1 7 42 0 3
0 1 35 16 1 0
0 1 113 10 0 4
0 1 17 24 0 3
0 1 129 1 0 4
0 1 68 14 0 2
0 1 31 11 0 5
0 1 130 38 0 2
0 1 143 38 0 0
0 1 133 25 1 4
0 1 18 25 1 1
0 1 119 32 0 0
0 1 24 36 1 1
0 1 67 44 0 1
0 1 39 48 0 2
0 1 59 16 0 3
0 1 25 40 1 4
0 1 124 18 0 2
0 1 121 19 1 2
0 1 42 15 0 4
0 1 137 31 1 2
0 1 5 48 1 4
0 1 25 23 0 2
0 1 49 3 0 3
0 1 71 24 0 5
0 1 145 4 1 5
0 1 93 6 0 0
0 1 81 0 1 0
0 1 6 42 1 1
0 1 92 13 1 3
0 1 122 39 1 3
0 1 78 0 0 3
0 1 85 8 1 5
0 1 59 17 1 2
0 1 12 45 0 2
0 1 97 47 1 0
0 1 9 27 1 0
0 1 60 31 1 4
0 1 52 37 1 5
0 1 89 21 0 5
0 1 68 23 1 0
0 1 41 22 1 1
0 1 28 32 0 2
0 1 95 45 1 4
0 1 49 20 1 0
0 1 73 41 0 4
0 1 57 40 1 2
0 1 138 39 1 2
0 1 1 30 1 4
0 1 8 41 0 1
0 1 32 39 0 5
0 1 116 33 1 2
0 1 0 15 1 2
0 1 2 35 0 2
0 1 147 23 0 4
0 1 43 18 0 3
0 1 40 29 0 0
0 1 101 9 0 2
0 1 129 49 1 1
0 1 98 39 1 0
0 1 61 19 1 5
0 1 58 34 1 2
0 1 13 44 1 5
0 1 144 28 0 2
0 1 8 7 1 1
0 1 77 32 1 5
0 1 45 36 1 5
0 1 31 4 1 1
0 1 99 40 1 1
0 1 135 5 1 4
0 1 102 31 0 5
0 1 111 45 0 0
0 1 109 16 1 5
0 1 78 0 1 1
