0 1 122 19 0 1
0 1 133 43 0 1
0 1 68 5 0 2
0 1 145 12 1 0
0 1 108 29 0 5
0 1 39 42 1 1
0 1 61 10 1 0
0 1 118 37 0 2
0 1 38 8 0 3
0 1 112 21 0 0
0 1 107 12 0 3
0 1 6 25 1 1
0 1 28 34 0 4
0 1 15 28 0 4
0 1 99 35 0 3
0 1 19 34 0 1
0 1 137 47 0 3
0 1 12 16 0 1
0 1 101 13 0 0
0 1 59 21 1 1
0 1 138 27 0 4
0 1 70 22 0 2
0 1 140 49 0 5
0 1 44 9 0 1
0 1 104 8 1 5
0 1 44 38 1 0
0 1 136 32 1 1
0 1 54 21 1 5
0 1 125 41 1 3
0 1 18 41 0 0
0 1 0 9 0 5
0 1 33 18 0 0
0 1 100 30 0 1
0 1 135 0 0 0
0 1 115 4 1 5
0 1 113 33 0 5
0 1 49 48 0 1
0 1 115 35 0 0
0 1 90 3 0 4
0 1 37 14 0 0
0 1 144 31 0 3
0 1 5 42 1 2
0 1 98 32 0 3
0 1 64 36 1 3
0 1 117 25 1 3
0 1 143 2 1 3
0 1 140 32 1 0
0 1 85 7 1 3
0 1 78 39 1 2
0 1 9 5 1 5
0 1 29 26 1 3
0 1 32 14 0 4
0 1 60 20 0 5
0 1 103 23 0 1
0 1 128 17 0 3
0 1 13 4 1 2
0 1 61 43 0 2
0 1 48 23 1 4
0 1 141 41 0 5
0 1 92 38 1 2
0 1 6 15 0 3
0 1 97 27 0 2
0 1 64 1 0 0
0 1 21 6 1 5
0 1 8 7 1 0
0 1 128 46 1 4
0 1 65 5 0 3
0 1 139 37 1 4
0 1 55 3 1 2
0 1 34 23 0 3
0 1 30 12 0 5
0 1 91 18 1 5
0 1 89 2 0 2
0 1 35 17 0 1
0 1 131 18 0 3
0 1 95 45 0 0
0 1 45 14 1 1
0 1 93 15 1 2
0 1 79 44 0 2
0 1 17 16 1 2
0 1 132 26 1 1
0 1 69 18 1 1
0 1 42 31 1 0
0 1 93 33 0 1
0 1 35 20 1 2
0 1 0 43 1 3
0 1 83 11 1 3
0 1 24 40 0 4
0 1 81 35 0 4
0 1 23 30 0 3
0 1 122 48 1 4
0 1 16 6 1 0
0 1 86 49 1 3
0 1 116 0 0 3
0 1 9 44 0 1
0 1 101 42 1 4
0 1 104 17 0 0
0 1 74 2 0 4
0 1 88 29 0 3
0 1 105 9 1 0
0 1 11 33 0 3
0 1 2 45 1 1
0 1 11 40 1 2
0 1 65 42 1 5
0 1 31 22 0 5
0 1 141 31 1 4
0 1 28 2 1 5
0 1 144 40 1 3
0 1 119 22 1 1
0 1 146 7 1 4
0 1 129 17 0 2
0 1 96 25 1 4
0 1 103 48 1 2
0 1 74 2 1 1
0 1 111 12 1 2
0 1 4 0 1 1
0 1 126 49 0 1
0 1 10 46 1 0
0 1 40 4 0 1
0 1 51 24 1 3
0 1 131 1 1 2
0 1 7 20 1 0
0 1 5 22 0 3
0 1 57 15 0 0
0 1 87 36 0 5
0 1 124 42 0 3
0 1 80 44 0 0
0 1 67 5 1 0
0 1 31 10 1 3
0 1 52 28 0 0
0 1 20 37 0 5
0 1 22 34 1 3
0 1 1 43 1 0
0 1 148 33 0 4
0 1 59 11 0 1
0 1 25 35 1 2
0 1 111 38 0 3
0 1 81 47 1 1
0 1 75 17 1 4
0 1 26 38 1 4
0 1 15 29 1 4
0 1 84 7 0 1
0 1 21 45 0 2
0 1 123 10 1 1
0 1 127 13 0 5
0 1 147 45 0 4
0 1 108 16 1 0
0 1 66 11 0 0
0 1 96 30 0 5
0 1 56 24 0 4
0 1 114 31 1 5
0 1 22 35 0 5
0 1 92 28 0 5
0 1 10 17 0 5
0 1 41 14 1 5
0 1 13 10 0 5
0 1 58 36 0 1
0 1 72 19 0 4
0 1 134 19 1 5
0 1 68 26 1 2
0 1 19 27 1 0
0 1 146 19 0 0
0 1 73 25 0 0
0 1 46 33 1 0
0 1 55 45 0 5
0 1 117 15 0 1
0 1 27 29 1 1
0 1 60 39 1 4
0 1 91 20 0 1
0 1 86 44 0 5
0 1 85 44 0 4
0 1 8 25 0 5
0 1 125 36 0 0
0 1 83 46 0 1
0 1 106 6 1 1
0 1 138 47 1 5
0 1 40 41 1 4
0 1 102 48 0 0
0 1 63 46 0 3
0 1 105 13 0 2
0 1 54 32 0 5
0 1 120 43 0 4
0 1 82 1 0 5
0 1 53 38 0 1
0 1 77 1 1 4
0 1 42 13 0 1
0 1 37 47 1 4
0 1 75 37 0 1
0 1 58 28 1 3
0 1 121 18 1 4
0 1 50 4 0 3
0 1 110 27 0 5
0 1 36 10 0 2
0 1 23 20 1 3
0 1 149 48 1 5
0 1 95 30 1 2
0 1 145 40 0 0
0 1 30 11 1 2
0 1 132 39 0 0
0 1 45 16 0 5
0 1 119 31 0 2
0 1 46 11 0 4
0 1 14 49 0 2
0 1 38 6 1 4
0 1 112 37 1 0
0 1 71 24 1 0
0 1 71 46 0 2
0 1 149 3 0 0
0 1 50 7 1 5
0 1 84 23 1 0
0 1 52 47 1 0
0 1 79 24 1 5
0 1 89 13 1 3
0 1 147 49 1 4
0 1 41 16 0 4
0 1 97 0 1 2
0 1 114 39 0 3
0 1 25 40 0 1
0 1 51 41 0 1
0 1 106 4 0 0
0 1 76 24 1 1
0 1 34 26 1 5
0 1 109 8 0 0
0 1 87 5 1 1
0 1 24 39 1 5
0 1 124 29 1 0
0 1 130 12 0 1
0 1 88 14 1 2
0 1 14 3 1 5
0 1 118 30 1 0
0 1 17 26 0 0
0 1 110 34 1 2
0 1 7 1 0 3
0 1 109 3 1 1
0 1 16 22 0 4
0 1 2 9 0 3
0 1 94 8 1 4
0 1 20 23 1 5
0 1 36 2 1 0
0 1 123 15 0 4
0 1 78 32 0 2
0 1 62 35 1 1
0 1 57 34 1 5
0 1 90 20 1 4
0 1 43 30 0 4
0 1 136 4 0 4
0 1 113 8 1 2
0 1 77 36 0 4
0 1 47 21 1 3
0 1 129 27 1 3
0 1 1 28 0 2
0 1 133 21 1 4
0 1 100 43 1 5
0 1 121 16 0 3
0 1 29 21 0 2
0 1 137 19 1 3
0 1 69 6 0 2
0 1 18 9 1 2
0 1 139 0 0 5
0 1 48 42 0 0
0 1 3 40 0 5
0 1 130 49 1 0
0 1 32 44 1 3
0 1 26 5 0 4
0 1 70 1 1 1
0 1 33 26 1 4
0 1 39 23 0 2
0 1 66 45 1 3
0 1 98 12 1 4
0 1 80 27 1 1
