0 1 8 31 0 2
0 1 146 7 0 4
0 1 28 12 0 4
0 1 82 26 1 1
0 1 30 13 1 5
0 1 119 13 0 4
0 1 103 17 0 4
0 1 30 8 0 4
0 1 106 45 1 2
0 1 127 41 0 5
0 1 45 1 0 4
0 1 5 24 1 4
0 1 97 49 0 2
0 1 26 20 0 0
0 1 126 26 0 3
0 1 78 27 0 0
0 1 58 35 0 4
0 1 107 42 0 0
0 1 80 6 1 5
0 1 130 23 1 2
0 1 50 43 1 4
0 1 42 7 1 1
0 1 36 43 0 2
0 1 139 29 1 4
0 1 21 18 1 5
0 1 37 14 0 2
0 1 99 19 1 1
0 1 42 9 0 2
0 1 18 4 1 0
0 1 59 2 1 3
0 1 44 5 0 1
0 1 36 14 1 4
0 1 125 30 0 1
0 1 66 48 0 1
0 1 43 38 1 2
0 1 145 32 0 1
0 1 72 20 0 4
0 1 37 38 1 5
0 1 82 44 0 3
0 1 61 4 1 1
0 1 88 14 1 1
0 1 107 17 1 0
0 1 102 47 1 3
0 1 34 46 1 3
0 1 134 19 1 3
0 1 144 36 1 3
0 1 70 40 0 0
0 1 87 10 1 2
0 1 32 25 1 3
0 1 23 9 0 1
0 1 67 40 1 1
0 1 75 0 1 5
0 1 92 15 0 5
0 1 77 22 0 5
0 1 124 28 1 0
0 1 16 21 1 2
0 1 48 47 1 0
0 1 35 37 0 4
0 1 111 5 0 2
0 1 33 8 0 3
0 1 148 22 0 2
0 1 73 40 1 3
0 1 71 39 1 5
0 1 89 10 0 5
0 1 97 4 1 5
0 1 61 39 0 0
0 1 137 1 1 2
0 1 32 33 0 0
0 1 31 11 0 2
0 1 133 3 1 5
0 1 17 25 0 2
0 1 35 7 1 3
0 1 1 16 0 1
0 1 60 47 1 2
0 1 138 23 0 3
0 1 2 0 0 1
0 1 141 18 1 4
0 1 115 40 0 4
0 1 125 20 1 2
0 1 51 25 1 5
0 1 93 13 1 3
0 1 52 39 0 4
0 1 144 24 0 1
0 1 110 16 0 0
0 1 140 24 1 0
0 1 140 2 0 0
0 1 11 6 1 0
0 1 57 49 1 4
0 1 8 8 1 1
0 1 2 16 1 4
0 1 29 45 1 4
0 1 81 7 0 2
0 1 19 41 0 2
0 1 114 10 1 0
0 1 55 29 1 0
0 1 63 32 0 3
0 1 48 34 0 5
0 1 53 36 1 4
0 1 80 44 0 2
0 1 50 31 0 3
0 1 74 22 0 1
0 1 118 17 1 5
0 1 95 37 1 1
0 1 109 11 0 5
0 1 89 37 1 5
0 1 120 21 1 1
0 1 4 19 0 0
0 1 5 49 0 1
0 1 149 48 1 3
0 1 7 8 1 5
0 1 79 45 1 1
0 1 14 27 0 3
0 1 56 45 0 5
0 1 94 34 0 4
0 1 65 13 0 1
0 1 116 33 1 3
0 1 75 9 0 5
0 1 106 3 0 2
0 1 66 37 1 3
0 1 60 26 0 4
0 1 15 44 1 5
0 1 146 37 1 0
0 1 138 11 1 4
0 1 12 39 0 3
0 1 104 15 0 1
0 1 76 28 1 1
0 1 44 34 1 1
0 1 135 10 0 3
0 1 64 28 1 2
0 1 12 18 1 3
0 1 96 48 0 2
0 1 62 11 1 3
0 1 27 42 1 2
0 1 11 49 0 5
0 1 104 23 1 4
0 1 7 21 0 0
0 1 120 27 0 1
0 1 46 6 0 4
0 1 102 17 0 1
0 1 132 10 0 1
0 1 85 7 0 5
0 1 21 36 0 1
0 1 16 35 0 5
0 1 103 15 1 3
0 1 46 18 1 1
0 1 133 41 0 0
0 1 101 29 0 1
0 1 72 46 1 0
0 1 54 5 0 3
0 1 3 1 0 5
0 1 100 0 0 3
0 1 83 30 1 4
0 1 43 3 0 0
0 1 62 6 0 3
0 1 114 2 0 1
0 1 118 5 0 5
0 1 95 1 0 1
0 1 20 23 0 1
0 1 55 1 0 3
0 1 74 16 1 5
0 1 69 19 0 5
0 1 112 30 1 3
0 1 108 33 0 2
0 1 143 13 1 2
0 1 39 12 0 1
0 1 85 0 1 0
0 1 34 32 0 0
0 1 96 35 1 3
0 1 41 48 1 5
0 1 84 4 0 4
0 1 24 30 1 5
0 1 86 26 0 5
0 1 84 29 1 5
0 1 9 34 1 3
0 1 131 40 1 2
0 1 10 14 1 3
0 1 98 20 1 3
0 1 136 6 0 2
0 1 92 33 1 5
0 1 122 9 0 3
0 1 136 25 1 0
0 1 10 14 0 0
0 1 40 28 1 5
0 1 105 12 0 5
0 1 53 44 0 0
0 1 142 9 1 4
0 1 148 16 1 3
0 1 28 42 1 4
0 1 22 3 0 3
0 1 115 4 1 2
0 1 117 19 0 2
0 1 51 46 0 5
0 1 79 24 0 3
0 1 94 33 1 4
0 1 105 44 1 4
0 1 127 38 1 1
0 1 38 21 0 4
0 1 33 2 1 5
0 1 20 0 1 4
0 1 56 38 1 3
0 1 54 22 1 4
0 1 19 41 1 4
0 1 57 11 0 0
0 1 78 12 1 2
0 1 0 17 0 2
0 1 47 5 1 0
0 1 13 21 1 3
0 1 70 11 1 1
0 1 132 48 1 0
0 1 38 25 1 4
0 1 117 43 1 0
0 1 58 28 1 3
0 1 25 27 1 5
0 1 73 36 0 0
0 1 86 2 1 2
0 1 40 34 0 0
0 1 52 22 1 0
0 1 143 41 0 1
0 1 119 20 1 1
0 1 67 36 0 2
0 1 68 33 1 1
0 1 59 45 0 0
0 1 131 31 0 0
0 1 130 38 0 0
0 1 145 42 1 3
0 1 99 31 0 4
0 1 93 42 0 1
0 1 91 47 0 1
0 1 0 23 1 5
0 1 129 35 0 2
0 1 141 32 0 5
0 1 87 26 0 0
0 1 88 24 0 2
0 1 122 18 1 0
0 1 135 26 1 2
0 1 90 46 1 2
0 1 68 1 0 0
0 1 4 43 1 1
0 1 147 8 0 0
0 1 139 40 0 5
0 1 23 12 1 3
0 1 14 29 1 3
0 1 47 39 0 1
0 1 81 35 1 1
0 1 49 20 1 5
0 1 116 49 0 3
0 1 83 46 0 1
0 1 124 43 0 5
0 1 91 3 1 4
0 1 113 15 1 2
0 1 112 32 0 4
0 1 113 30 0 2
0 1 39 45 1 3
0 1 45 15 1 0
0 1 18 47 0 4
0 1 123 27 0 4
0 1 27 2 0 4
0 1 3 6 1 1
0 1 142 47 0 5
0 1 25 13 0 0
0 1 109 44 1 1
0 1 17 27 1 2
0 1 31 39 1 2
0 1 137 28 0 4
0 1 24 42 0 5
0 1 22 22 1 3
0 1 101 30 1 0
0 1 63 4 1 3
0 1 64 31 0 5
0 1 134 0 0 2
