0 1 147 24 0 2
0 1 41 29 1 4
0 1 148 45 0 0
0 1 79 22 0 1
0 1 69 3 1 5
0 1 64 32 0 5
0 1 148 17 1 4
0 1 11 28 1 4
0 1 108 7 1 1
0 1 85 2 0 0
0 1 126 4 1 5
0 1 32 17 0 0
0 1 18 1 0 5
0 1 48 35 1 4
0 1 76 11 0 5
0 1 134 40 0 4
0 1 84 27 0 1
0 1 110 16 0 1
0 1 145 14 0 3
0 1 122 49 0 4
0 1 61 29 0 2
0 1 24 40 0 0
0 1 71 38 1 5
0 1 67 44 0 5
0 1 127 18 0 5
0 1 77 21 0 5
0 1 55 5 0 2
0 1 25 7 1 2
0 1 143 30 1 5
0 1 16 33 1 1
0 1 74 25 1 2
0 1 56 39 1 4
0 1 59 9 0 3
0 1 108 32 0 2
0 1 52 7 1 0
0 1 60 23 1 1
0 1 53 44 1 1
0 1 107 41 1 2
0 1 46 28 1 2
0 1 106 33 1 3
0 1 113 4 1 4
0 1 73 8 1 5
0 1 101 37 1 2
0 1 63 0 1 2
0 1 142 15 0 2
0 1 113 36 0 1
0 1 82 9 0 4
0 1 58 47 0 1
0 1 30 46 0 5
0 1 19 37 1 4
0 1 142 26 1 5
0 1 41 41 0 4
0 1 75 15 0 3
0 1 33 49 0 0
0 1 17 21 1 2
0 1 109 13 1 2
0 1 114 43 0 0
0 1 8 5 0 5
0 1 95 22 1 4
0 1 23 17 1 5
0 1 29 18 0 3
0 1 122 25 1 5
0 1 138 14 0 5
0 1 149 31 1 5
0 1 45 9 1 2
0 1 140 36 0 0
0 1 42 45 1 2
0 1 40 34 1 1
0 1 89 48 0 2
0 1 14 25 1 1
0 1 73 2 0 5
0 1 115 13 0 1
0 1 15 48 0 5
0 1 31 39 0 3
0 1 5 3 1 4
0 1 115 34 1 5
0 1 119 6 0 3
0 1 112 24 1 1
0 1 26 42 0 2
0 1 47 21 1 4
0 1 138 47 1 4
0 1 5 31 0 0
0 1 109 10 0 2
0 1 130 11 0 0
0 1 93 16 1 3
0 1 92 3 0 2
0 1 104 45 1 1
0 1 0 26 0 3
0 1 120 1 0 4
0 1 15 7 1 4
0 1 106 12 0 1
0 1 40 8 0 0
0 1 65 42 1 3
0 1 84 40 1 1
0 1 88 37 1 1
0 1 59 6 1 1
0 1 51 20 0 2
0 1 119 32 1 1
0 1 96 18 0 2
0 1 126 42 0 4
0 1 21 43 0 3
0 1 23 19 0 0
0 1 31 0 1 0
0 1 70 26 0 4
0 1 93 16 0 0
0 1 9 18 1 0
0 1 30 39 1 0
0 1 87 1 0 1
0 1 20 33 1 2
0 1 7 26 0 1
0 1 100 45 1 5
0 1 77 35 1 3
0 1 39 2 1 3
0 1 51 19 1 4
0 1 95 19 0 1
0 1 17 12 0 4
0 1 101 34 0 0
0 1 9 1 0 2
0 1 124 4 1 3
0 1 131 44 1 3
0 1 132 29 0 0
0 1 141 49 0 3
0 1 12 40 0 3
0 1 1 43 0 1
0 1 140 36 1 5
0 1 34 47 1 2
0 1 131 20 0 4
0 1 97 14 1 4
0 1 137 49 1 5
0 1 116 45 1 3
0 1 28 11 0 1
0 1 8 44 1 4
0 1 129 39 0 1
0 1 88 12 0 0
0 1 74 40 0 2
0 1 82 22 1 2
0 1 144 3 0 3
0 1 16 43 0 5
0 1 98 24 1 3
0 1 137 30 0 0
0 1 28 41 1 0
0 1 50 20 0 1
0 1 146 13 1 4
0 1 25 38 0 3
0 1 68 35 1 1
0 1 57 19 1 3
0 1 22 24 0 4
0 1 86 20 1 3
0 1 125 32 1 3
0 1 149 27 0 5
0 1 3 8 0 3
0 1 94 3 1 1
0 1 49 23 0 2
0 1 117 21 1 0
0 1 14 38 0 0
0 1 90 23 1 0
0 1 99 35 1 5
0 1 121 36 0 2
0 1 133 37 0 0
0 1 18 47 1 3
0 1 103 0 0 3
0 1 34 10 0 5
0 1 117 14 0 0
0 1 1 4 1 2
0 1 72 48 1 4
0 1 27 38 1 1
0 1 13 10 1 3
0 1 102 2 0 4
0 1 83 39 0 2
0 1 6 31 1 4
0 1 71 37 0 5
0 1 111 31 1 3
0 1 91 41 1 3
0 1 81 34 0 4
0 1 97 32 0 4
0 1 132 10 1 4
0 1 36 27 0 2
0 1 100 49 0 2
0 1 66 48 1 1
0 1 70 23 1 5
0 1 136 36 0 3
0 1 63 6 0 5
0 1 50 27 1 4
0 1 65 14 0 2
0 1 134 13 1 3
0 1 145 9 1 1
0 1 146 38 0 2
0 1 86 24 0 5
0 1 105 16 1 5
0 1 26 6 1 0
0 1 136 30 1 2
0 1 60 33 0 4
0 1 35 15 0 5
0 1 130 28 1 5
0 1 62 22 1 5
0 1 111 42 0 5
0 1 47 29 0 5
0 1 37 11 1 3
0 1 127 27 1 0
0 1 144 13 1 0
0 1 133 29 1 1
0 1 123 27 1 3
0 1 143 46 0 2
0 1 139 25 0 0
0 1 102 19 1 2
0 1 3 47 1 5
0 1 44 15 0 1
0 1 64 12 1 2
0 1 11 16 0 2
0 1 7 30 1 3
0 1 80 12 0 5
0 1 35 10 1 0
0 1 118 0 0 4
0 1 45 2 0 2
0 1 43 40 0 5
0 1 66 42 0 0
0 1 12 7 1 5
0 1 114 34 1 2
0 1 69 41 0 5
0 1 94 15 0 0
0 1 29 48 1 0
0 1 36 33 1 0
0 1 105 11 0 4
0 1 81 28 1 3
0 1 32 17 1 1
0 1 72 43 0 4
0 1 135 18 0 4
0 1 123 26 0 2
0 1 89 22 1 3
0 1 54 25 1 4
0 1 10 8 0 1
0 1 78 21 1 3
0 1 4 5 1 1
0 1 68 32 0 0
0 1 49 5 1 3
0 1 125 12 0 3
0 1 124 4 0 1
0 1 0 0 1 1
0 1 13 6 0 4
0 1 56 46 0 0
0 1 129 1 1 0
0 1 4 28 0 1
0 1 38 44 1 0
0 1 53 7 0 3
0 1 121 30 1 1
0 1 147 26 1 0
0 1 10 17 1 3
0 1 37 46 0 4
0 1 83 21 1 1
0 1 46 23 0 3
0 1 48 31 0 2
0 1 98 8 0 2
0 1 62 5 0 4
0 1 39 16 0 4
0 1 43 35 1 2
0 1 135 13 1 5
0 1 33 46 1 3
0 1 19 15 0 4
0 1 99 20 0 5
0 1 2 36 1 4
0 1 91 1 0 3
0 1 103 4 1 0
0 1 57 28 0 0
0 1 42 24 0 0
0 1 52 6 0 2
0 1 116 18 0 1
0 1 78 34 0 3
0 1 27 9 0 5
0 1 38 30 0 4
0 1 80 47 1 0
