0 1 88 29 1 1
0 1 140 12 1 1
0 1 94 6 1 1
0 1 15 47 0 1
0 1 108 28 0 1
0 1 78 28 1 3
0 1 145 1 0 5
0 1 126 43 1 1
0 1 146 10 0 1
0 1 86 43 1 0
0 1 117 45 1 3
0 1 44 27 0 0
0 1 110 14 0 1
0 1 16 5 0 4
0 1 144 21 1 0
0 1 37 24 0 5
0 1 42 22 0 3
0 1 58 45 0 1
0 1 89 4 1 4
0 1 110 32 1 1
0 1 115 35 1 2
0 1 80 46 1 0
0 1 70 15 0 2
0 1 28 10 0 2
0 1 93 29 1 4
0 1 96 17 1 5
0 1 54 7 0 0
0 1 81 33 1 1
0 1 10 26 1 1
0 1 4 39 1 2
0 1 23 11 0 1
0 1 20 36 0 1
0 1 73 0 0 3
0 1 0 22 1 5
0 1 118 10 0 3
0 1 34 21 1 4
0 1 142 23 1 3
0 1 60 24 1 0
0 1 56 48 1 1
0 1 67 14 0 5
0 1 29 40 1 4
0 1 7 42 1 0
0 1 53 28 0 2
0 1 66 26 1 5
0 1 144 4 0 2
0 1 30 25 0 5
0 1 74 12 0 5
0 1 131 6 1 5
0 1 13 18 0 2
0 1 147 34 1 3
0 1 65 14 1 2
0 1 69 44 0 3
0 1 93 47 0 2
0 1 136 17 0 1
0 1 87 3 0 0
0 1 105 11 0 3
0 1 77 19 0 4
0 1 121 14 0 4
0 1 141 48 0 3
0 1 47 36 0 5
0 1 94 23 0 5
0 1 0 19 0 1
0 1 16 2 1 0
0 1 90 37 1 4
0 1 34 5 0 2
0 1 148 18 0 1
0 1 104 33 1 2
0 1 62 15 0 5
0 1 132 11 0 5
0 1 102 27 1 5
0 1 61 31 0 3
0 1 122 41 0 1
0 1 51 6 0 3
0 1 38 38 0 5
0 1 31 13 0 0
0 1 57 3 0 1
0 1 111 43 1 3
0 1 83 0 0 1
0 1 62 3 1 3
0 1 37 37 1 1
0 1 8 7 1 1
0 1 44 20 1 2
0 1 27 39 0 5
0 1 72 40 0 2
0 1 122 34 1 1
0 1 5 43 1 5
0 1 55 25 1 2
0 1 17 42 0 4
0 1 68 23 0 1
0 1 76 39 0 0
0 1 52 17 0 3
0 1 91 8 1 1
0 1 138 16 1 0
0 1 41 1 0 2
0 1 109 20 1 5
0 1 112 13 0 2
0 1 45 10 1 4
0 1 61 30 1 1
0 1 52 49 1 5
0 1 87 46 1 3
0 1 79 16 0 3
0 1 101 22 1 1
0 1 10 18 0 5
0 1 104 45 0 2
0 1 134 33 1 5
0 1 2 20 0 0
0 1 90 49 0 0
0 1 133 36 0 0
0 1 36 24 0 4
0 1 54 1 1 3
0 1 103 0 1 0
0 1 9 44 1 4
0 1 145 16 1 1
0 1 69 31 1 0
0 1 18 5 0 0
0 1 65 27 0 2
0 1 38 9 1 3
0 1 71 40 1 1
0 1 75 32 1 3
0 1 57 39 1 4
0 1 31 31 1 5
0 1 3 30 0 2
0 1 60 0 0 2
0 1 119 2 1 4
0 1 120 21 1 3
0 1 30 13 1 5
0 1 14 14 1 0
0 1 1 9 1 4
0 1 47 46 1 5
0 1 85 48 0 2
0 1 124 23 1 0
0 1 58 2 1 5
0 1 143 41 1 4
0 1 105 13 1 4
0 1 99 18 1 3
0 1 39 4 1 3
0 1 26 44 1 2
0 1 26 42 0 5
0 1 50 33 0 4
0 1 138 48 0 5
0 1 97 34 0 4
0 1 114 32 1 2
0 1 137 26 1 3
0 1 35 19 1 3
0 1 116 37 1 2
0 1 1 13 0 3
0 1 86 26 0 0
0 1 98 12 0 0
0 1 45 29 0 0
0 1 149 38 0 4
0 1 63 41 1 2
0 1 49 15 0 0
0 1 113 17 1 2
0 1 14 49 0 1
0 1 132 24 1 3
0 1 100 41 0 3
0 1 82 28 0 4
0 1 125 1 0 0
0 1 32 36 0 3
0 1 64 35 1 5
0 1 98 9 1 0
0 1 85 5 1 5
0 1 83 35 1 1
0 1 28 11 1 0
0 1 111 42 0 1
0 1 33 35 0 0
0 1 126 19 0 2
0 1 121 40 1 0
0 1 100 45 1 0
0 1 7 2 0 2
0 1 140 32 0 4
0 1 5 47 0 3
0 1 123 17 1 0
0 1 59 5 1 3
0 1 73 34 1 0
0 1 109 38 0 0
0 1 96 29 0 5
0 1 119 31 0 2
0 1 72 6 1 4
0 1 131 10 0 5
0 1 48 25 0 4
0 1 27 27 1 4
0 1 147 15 0 3
0 1 3 16 1 5
0 1 133 30 1 4
0 1 23 18 1 4
0 1 89 19 0 5
0 1 53 3 1 4
0 1 51 37 1 3
0 1 74 30 1 5
0 1 36 40 1 5
0 1 129 7 1 5
0 1 15 42 1 2
0 1 13 49 1 2
0 1 40 45 0 5
0 1 25 43 0 2
0 1 102 4 0 5
0 1 70 37 1 5
0 1 106 29 0 2
0 1 130 8 0 2
0 1 125 25 1 1
0 1 71 36 0 4
0 1 139 41 0 0
0 1 9 46 0 2
0 1 11 21 0 5
0 1 141 44 1 5
0 1 103 8 0 4
0 1 41 49 1 3
0 1 6 48 0 4
0 1 46 26 1 2
0 1 81 22 0 2
0 1 127 32 0 5
0 1 21 19 1 0
0 1 107 47 0 4
0 1 63 21 0 1
0 1 117 20 0 4
0 1 137 0 0 5
0 1 75 35 0 4
0 1 115 8 0 3
0 1 48 30 1 0
0 1 18 43 1 4
0 1 107 6 1 2
0 1 143 47 0 5
0 1 32 31 1 4
0 1 106 22 1 4
0 1 49 9 1 5
0 1 113 44 0 0
0 1 146 16 1 2
0 1 101 27 0 1
0 1 66 20 0 1
0 1 134 23 0 2
0 1 67 25 1 3
0 1 95 28 1 5
0 1 46 38 0 2
0 1 19 20 0 3
0 1 123 7 0 3
0 1 128 4 0 0
0 1 139 1 1 1
0 1 43 15 0 4
0 1 82 2 1 3
0 1 127 38 1 3
0 1 129 16 0 4
0 1 11 9 1 2
0 1 12 12 0 2
0 1 12 46 1 4
0 1 84 34 1 2
0 1 99 8 0 5
0 1 92 11 0 2
0 1 148 39 1 1
0 1 50 24 1 1
0 1 4 12 0 3
0 1 22 33 0 3
0 1 88 7 0 4
0 1 149 48 1 0
0 1 118 24 1 2
0 1 6 44 1 1
0 1 76 2 1 1
0 1 142 3 0 2
0 1 135 4 1 1
0 1 130 6 1 0
0 1 35 26 0 4
0 1 40 30 1 3
0 1 24 3 1 5
0 1 78 11 0 4
0 1 108 49 1 4
0 1 24 17 0 4
0 1 80 0 0 4
0 1 79 7 1 2
0 1 19 38 1 1
0 1 95 35 0 3
