0 1 137 38 1 0
0 1 109 37 1 2
0 1 62 48 1 3
0 1 15 45 1 5
0 1 59 2 1 2
0 1 116 8 0 5
0 1 67 27 1 1
0 1 1 43 1 0
0 1 115 3 1 4
0 1 149 11 0 3
0 1 128 20 0 3
0 1 144 42 0 4
0 1 113 39 1 3
0 1 11 35 1 4
0 1 41 13 0 0
0 1 122 26 0 2
0 1 9 5 1 0
0 1 60 15 0 3
0 1 113 43 0 3
0 1 25 10 1 2
0 1 117 18 0 4
0 1 119 10 1 0
0 1 21 29 1 2
0 1 141 17 0 1
0 1 138 25 0 1
0 1 28 25 0 0
0 1 17 28 1 1
0 1 68 26 0 5
0 1 75 25 1 5
0 1 37 48 1 4
0 1 69 3 1 0
0 1 80 40 0 1
0 1 2 47 1 3
0 1 111 1 1 5
0 1 122 34 1 4
0 1 110 12 1 5
0 1 24 44 1 5
0 1 44 31 0 3
0 1 92 28 0 5
0 1 105 20 0 0
0 1 82 3 1 5
0 1 5 23 0 2
0 1 130 0 0 3
0 1 48 9 1 4
0 1 24 17 0 2
0 1 26 24 1 3
0 1 103 32 0 4
0 1 81 21 1 0
0 1 97 41 1 2
0 1 76 2 1 0
0 1 68 7 1 3
0 1 102 45 1 4
0 1 104 19 0 1
0 1 149 21 1 3
0 1 6 17 1 0
0 1 0 39 0 0
0 1 48 48 0 2
0 1 115 15 0 4
0 1 35 41 0 0
0 1 87 33 0 1
0 1 125 31 1 2
0 1 74 14 1 2
0 1 77 29 0 3
0 1 38 11 0 5
0 1 15 30 0 5
0 1 52 46 0 5
0 1 121 5 1 2
0 1 148 13 0 3
0 1 53 22 0 3
0 1 102 46 0 2
0 1 43 13 0 1
0 1 79 42 0 5
0 1 107 16 1 1
0 1 100 4 0 0
0 1 97 47 0 2
0 1 105 32 1 2
0 1 126 23 0 5
0 1 103 38 1 4
0 1 70 36 0 0
0 1 123 37 0 5
0 1 31 48 0 0
0 1 54 12 1 2
0 1 89 44 0 2
0 1 61 29 0 0
0 1 11 32 0 3
0 1 46 7 0 5
0 1 114 48 0 1
0 1 45 28 1 3
0 1 22 16 0 3
0 1 65 27 1 5
0 1 50 6 0 3
0 1 40 34 0 0
0 1 83 0 0 4
0 1 43 46 1 1
0 1 114 13 1 5
0 1 90 7 1 0
0 1 94 15 1 1
0 1 140 24 1 1
0 1 88 36 0 3
0 1 2 19 0 2
0 1 93 45 1 3
0 1 92 34 1 1
0 1 38 0 1 0
0 1 31 17 1 5
0 1 49 36 0 5
0 1 50 1 1 0
0 1 139 5 1 4
0 1 91 29 1 1
0 1 148 49 1 3
0 1 4 35 1 1
0 1 80 36 1 2
0 1 12 8 0 2
0 1 33 16 0 5
0 1 25 1 0 4
0 1 91 22 0 5
0 1 96 4 0 5
0 1 106 2 0 4
0 1 89 8 1 3
0 1 23 46 1 0
0 1 144 33 1 3
0 1 55 43 0 2
0 1 107 31 0 0
0 1 104 1 1 2
0 1 120 49 1 0
0 1 51 32 0 0
0 1 34 18 1 0
0 1 32 47 1 1
0 1 42 7 0 4
0 1 117 38 1 3
0 1 130 24 1 0
0 1 22 27 1 4
0 1 133 7 0 1
0 1 5 38 1 2
0 1 73 49 1 4
0 1 110 25 0 3
0 1 127 35 1 5
0 1 147 35 1 0
0 1 143 6 0 0
0 1 53 6 1 2
0 1 141 37 1 3
0 1 36 39 0 2
0 1 58 4 1 4
0 1 88 39 1 4
0 1 139 12 0 3
0 1 135 29 1 4
0 1 70 43 1 4
0 1 101 44 1 3
0 1 112 0 0 1
0 1 16 36 0 1
0 1 57 6 1 4
0 1 98 34 0 2
0 1 67 10 0 1
0 1 81 18 0 5
0 1 129 22 0 1
0 1 47 32 1 5
0 1 86 2 1 5
0 1 77 12 1 0
0 1 52 38 1 1
0 1 1 27 0 0
0 1 129 30 1 1
0 1 30 16 1 4
0 1 99 8 1 1
0 1 14 20 1 1
0 1 23 4 0 2
0 1 90 40 0 5
0 1 95 14 1 1
0 1 138 22 1 2
0 1 96 41 1 4
0 1 19 31 0 5
0 1 42 37 1 0
0 1 51 30 1 3
0 1 85 11 1 1
0 1 99 10 0 5
0 1 82 14 0 4
0 1 62 23 0 4
0 1 39 19 1 4
0 1 27 20 0 5
0 1 72 43 0 5
0 1 120 4 0 1
0 1 132 39 0 5
0 1 78 2 0 3
0 1 136 41 1 5
0 1 98 40 1 3
0 1 56 22 1 0
0 1 65 40 0 4
0 1 54 20 0 2
0 1 47 18 0 3
0 1 49 21 1 1
0 1 16 21 1 2
0 1 123 30 1 4
0 1 30 24 0 5
0 1 56 0 0 5
0 1 12 3 1 1
0 1 44 42 1 0
0 1 78 47 1 5
0 1 118 46 0 3
0 1 134 9 1 1
0 1 108 8 1 0
0 1 121 21 0 4
0 1 29 30 1 2
0 1 18 1 1 3
0 1 100 5 1 3
0 1 66 35 0 2
0 1 112 41 1 1
0 1 37 13 0 4
0 1 142 25 0 4
0 1 85 37 0 4
0 1 59 33 0 2
0 1 136 47 0 0
0 1 71 18 1 1
0 1 74 23 0 1
0 1 72 14 1 5
0 1 94 16 0 2
0 1 108 44 0 1
0 1 101 44 0 4
0 1 76 17 0 3
0 1 13 24 1 4
0 1 61 34 1 5
0 1 146 49 1 5
0 1 7 42 0 3
0 1 69 11 0 2
0 1 8 9 1 5
0 1 64 15 1 5
0 1 106 26 1 1
0 1 40 23 1 3
0 1 27 6 1 1
0 1 9 42 0 1
0 1 125 9 0 0
0 1 10 27 0 2
0 1 124 42 0 2
0 1 6 3 0 2
0 1 86 12 0 4
0 1 133 1 1 1
0 1 135 41 0 3
0 1 84 15 0 2
0 1 119 26 0 4
0 1 60 45 1 1
0 1 126 33 1 5
0 1 18 28 0 2
0 1 41 47 1 4
0 1 35 19 1 0
0 1 145 11 0 0
0 1 131 5 0 1
0 1 137 9 0 3
0 1 36 19 1 3
0 1 7 26 1 3
0 1 64 38 0 5
0 1 146 27 0 3
0 1 66 31 1 4
0 1 21 45 0 2
0 1 75 33 0 4
0 1 3 40 0 0
0 1 116 46 1 4
0 1 3 49 1 1
0 1 32 10 0 4
0 1 145 14 1 3
0 1 109 31 0 1
0 1 34 28 0 4
0 1 142 21 1 5
0 1 143 49 1 2
0 1 39 23 0 0
0 1 147 8 0 4
0 1 131 14 1 0
0 1 33 24 1 2
0 1 10 39 1 1
0 1 19 15 1 0
0 1 13 5 0 5
0 1 118 22 1 4
0 1 8 26 0 0
0 1 63 44 1 0
