0 1 97 6 0 1
0 1 35 39 0 5
0 1 73 15 1 1
0 1 28 43 1 1
0 1 76 46 1 0
0 1 5 1 0 1
0 1 29 29 0 4
0 1 58 3 0 2
0 1 54 41 0 5
0 1 105 14 1 5
0 1 103 7 0 3
0 1 68 47 0 0
0 1 117 48 1 3
0 1 48 33 0 2
0 1 63 30 1 5
0 1 107 17 0 4
0 1 127 9 1 4
0 1 134 24 1 0
0 1 96 37 0 1
0 1 46 32 0 4
0 1 135 0 0 4
0 1 101 40 0 2
0 1 46 35 1 0
0 1 115 2 0 2
0 1 87 16 0 0
0 1 75 44 1 3
0 1 23 11 0 3
0 1 132 18 1 1
0 1 147 42 0 2
0 1 32 34 0 3
0 1 84 5 0 1
0 1 112 13 1 4
0 1 127 18 0 5
0 1 20 14 0 0
0 1 70 23 0 3
0 1 64 10 0 2
0 1 45 21 1 1
0 1 80 44 0 1
0 1 10 20 1 5
0 1 86 27 0 2
0 1 60 16 0 4
0 1 74 39 1 4
0 1 146 41 1 4
0 1 143 26 0 3
0 1 142 15 0 2
0 1 76 26 0 1
0 1 126 36 0 5
0 1 110 11 1 1
0 1 18 45 0 0
0 1 89 8 1 5
0 1 21 25 0 2
0 1 58 15 1 0
0 1 28 36 0 4
0 1 111 25 0 3
0 1 97 9 1 1
0 1 109 11 1 0
0 1 42 43 1 4
0 1 67 19 1 0
0 1 86 33 1 5
0 1 134 49 0 4
0 1 36 26 1 0
0 1 100 38 0 1
0 1 64 33 1 1
0 1 71 21 0 2
0 1 31 4 0 5
0 1 93 14 1 3
0 1 15 13 0 2
0 1 142 1 1 5
0 1 39 23 0 5
0 1 126 0 1 3
0 1 112 3 0 3
0 1 148 10 0 4
0 1 59 35 1 5
0 1 102 46 0 3
0 1 1 46 0 5
0 1 144 42 1 4
0 1 18 20 1 0
0 1 75 30 0 3
0 1 124 46 0 2
0 1 43 6 1 3
0 1 12 48 0 0
0 1 49 27 0 5
0 1 94 22 0 5
0 1 138 32 0 1
0 1 13 36 1 1
0 1 38 31 1 2
0 1 10 43 0 5
0 1 44 30 0 1
0 1 68 47 1 2
0 1 63 27 0 4
0 1 79 5 1 5
0 1 116 45 1 5
0 1 50 4 1 4
0 1 120 28 0 5
0 1 107 26 1 4
0 1 106 13 1 0
0 1 99 32 0 2
0 1 67 42 0 5
0 1 16 31 1 5
0 1 20 12 1 0
0 1 144 17 0 1
0 1 2 8 0 1
0 1 7 40 0 0
0 1 27 12 0 5
0 1 140 22 0 2
0 1 47 24 1 5
0 1 119 43 0 2
0 1 108 27 1 3
0 1 54 37 1 2
0 1 79 38 0 2
0 1 57 7 1 2
0 1 91 15 0 4
0 1 74 3 0 5
0 1 137 20 1 2
0 1 124 8 1 2
0 1 22 21 1 5
0 1 7 42 1 3
0 1 91 10 1 1
0 1 139 25 1 0
0 1 89 28 0 3
0 1 82 3 1 0
0 1 131 49 0 3
0 1 2 7 1 0
0 1 5 2 1 5
0 1 128 44 1 0
0 1 27 11 1 5
0 1 8 30 0 2
0 1 133 12 0 3
0 1 120 31 1 3
0 1 72 5 0 4
0 1 16 16 0 3
0 1 36 9 0 2
0 1 130 12 0 2
0 1 26 40 0 1
0 1 17 1 0 4
0 1 22 17 0 0
0 1 13 18 0 3
0 1 117 24 0 4
0 1 130 31 1 1
0 1 149 14 0 1
0 1 129 39 1 1
0 1 38 35 0 3
0 1 62 20 0 1
0 1 136 34 0 2
0 1 71 19 1 1
0 1 55 25 1 1
0 1 108 38 0 0
0 1 116 7 0 1
0 1 31 9 1 3
0 1 99 22 1 0
0 1 80 4 1 0
0 1 141 30 1 0
0 1 52 10 0 0
0 1 83 32 1 0
0 1 4 39 1 2
0 1 81 6 0 2
0 1 0 49 0 5
0 1 78 38 0 4
0 1 136 28 1 1
0 1 55 36 0 2
0 1 90 4 1 2
0 1 103 33 1 3
0 1 66 47 0 1
0 1 50 47 0 5
0 1 29 33 1 4
0 1 51 23 0 2
0 1 122 42 1 1
0 1 1 46 1 4
0 1 94 37 1 0
0 1 66 15 1 3
0 1 72 48 1 5
0 1 41 6 1 0
0 1 37 8 0 4
0 1 11 2 1 1
0 1 25 38 1 3
0 1 140 41 1 3
0 1 138 16 1 5
0 1 104 37 0 5
0 1 56 44 1 5
0 1 47 45 0 4
0 1 61 2 1 4
0 1 78 41 1 2
0 1 145 25 0 4
0 1 8 40 1 5
0 1 65 21 1 3
0 1 110 34 0 0
0 1 53 44 0 2
0 1 59 24 0 2
0 1 56 19 0 5
0 1 9 41 1 0
0 1 40 22 1 3
0 1 114 5 1 2
0 1 147 23 1 1
0 1 45 0 0 0
0 1 37 29 1 0
0 1 125 7 1 5
0 1 81 3 1 4
0 1 34 6 1 4
0 1 145 24 1 1
0 1 85 20 1 3
0 1 24 45 1 2
0 1 73 0 0 5
0 1 19 18 1 2
0 1 23 2 1 0
0 1 133 1 1 3
0 1 61 0 0 1
0 1 93 39 0 3
0 1 30 19 0 4
0 1 92 13 1 5
0 1 129 40 0 4
0 1 82 35 0 2
0 1 90 13 0 3
0 1 51 16 1 2
0 1 96 49 1 2
0 1 0 34 1 1
0 1 84 47 1 4
0 1 42 36 0 3
0 1 52 43 1 0
0 1 24 4 0 1
0 1 3 28 0 4
0 1 43 34 0 4
0 1 40 22 0 1
0 1 33 14 1 4
0 1 15 49 1 1
0 1 119 21 1 4
0 1 131 48 1 4
0 1 141 17 0 2
0 1 25 45 0 1
0 1 70 29 1 1
0 1 95 17 1 3
0 1 102 23 1 0
0 1 137 5 0 0
0 1 77 9 1 5
0 1 106 19 0 2
0 1 95 48 0 2
0 1 123 27 0 0
0 1 113 1 0 0
0 1 92 11 0 4
0 1 6 1 1 2
0 1 14 49 1 0
0 1 12 47 1 3
0 1 57 38 0 5
0 1 69 37 0 4
0 1 105 8 0 0
0 1 65 32 0 5
0 1 21 28 1 0
0 1 53 31 1 0
0 1 132 29 0 3
0 1 143 30 1 4
0 1 139 18 0 4
0 1 3 10 1 3
0 1 35 41 1 1
0 1 48 26 1 5
0 1 41 21 0 0
0 1 115 15 1 5
0 1 125 9 0 0
0 1 62 29 1 2
0 1 121 4 0 3
0 1 109 40 0 3
0 1 11 31 0 4
0 1 17 35 1 4
0 1 87 17 1 5
0 1 77 26 0 2
0 1 19 11 0 2
0 1 30 23 1 4
0 1 88 19 0 3
0 1 26 45 1 3
0 1 98 12 0 4
0 1 14 13 0 1
0 1 146 42 0 0
