0 1 20 25 0 0
0 1 74 34 0 4
0 1 79 38 1 0
0 1 101 21 0 0
0 1 94 9 1 4
0 1 28 13 1 2
0 1 95 47 0 2
0 1 84 20 1 3
0 1 58 26 1 0
0 1 108 22 1 1
0 1 75 4 1 4
0 1 56 6 1 1
0 1 3 46 1 5
0 1 93 11 0 0
0 1 65 37 0 3
0 1 99 25 1 2
0 1 145 40 0 3
0 1 77 18 0 3
0 1 140 17 1 1
0 1 40 36 0 0
0 1 120 10 0 0
0 1 147 28 0 2
0 1 24 15 0 4
0 1 26 32 0 2
0 1 88 1 1 1
0 1 6 29 1 0
0 1 13 33 1 0
0 1 1 35 1 0
0 1 51 13 1 3
0 1 6 27 0 3
0 1 52 32 0 3
0 1 3 24 0 0
0 1 59 48 1 0
0 1 95 27 1 1
0 1 105 22 1 2
0 1 60 17 0 3
0 1 141 9 1 0
0 1 103 7 1 4
0 1 60 0 1 2
0 1 53 40 0 5
0 1 49 39 0 3
0 1 72 27 1 4
0 1 92 7 1 2
0 1 85 49 0 3
0 1 90 46 1 1
0 1 129 14 0 4
0 1 143 36 0 3
0 1 104 44 1 0
0 1 10 3 0 0
0 1 139 0 0 0
0 1 42 16 0 1
0 1 123 4 0 0
0 1 111 12 1 4
0 1 32 30 1 5
0 1 127 35 0 1
0 1 89 33 1 3
0 1 38 17 1 2
0 1 45 48 0 1
0 1 96 38 1 1
0 1 76 26 1 3
0 1 29 8 1 5
0 1 114 12 1 3
0 1 55 19 0 5
0 1 0 43 1 0
0 1 5 42 1 3
0 1 135 31 1 1
0 1 133 25 1 4
0 1 96 16 0 0
0 1 101 1 1 0
0 1 133 15 0 1
0 1 93 49 1 0
0 1 67 2 0 2
0 1 110 20 0 1
0 1 5 19 0 0
0 1 132 23 0 0
0 1 85 36 1 1
0 1 131 42 1 5
0 1 103 3 0 5
0 1 113 4 0 3
0 1 42 37 1 5
0 1 81 26 0 5
0 1 14 8 0 1
0 1 4 5 1 5
0 1 7 31 0 0
0 1 47 33 1 1
0 1 149 43 0 2
0 1 83 11 0 5
0 1 126 3 0 1
0 1 29 10 0 5
0 1 107 10 0 4
0 1 88 2 0 0
0 1 51 20 0 4
0 1 144 23 0 1
0 1 91 19 0 1
0 1 89 45 0 4
0 1 79 20 0 0
0 1 36 34 0 1
0 1 59 21 0 3
0 1 114 29 0 1
0 1 120 24 1 4
0 1 0 23 0 3
0 1 27 8 0 4
0 1 32 22 0 4
0 1 118 2 1 1
0 1 105 37 0 1
0 1 116 8 1 3
0 1 112 40 1 2
0 1 142 36 0 4
0 1 64 42 0 1
0 1 53 29 1 4
0 1 11 39 0 5
0 1 98 39 0 1
0 1 107 8 1 2
0 1 129 14 1 1
0 1 1 28 0 1
0 1 44 41 0 5
0 1 66 45 0 2
0 1 8 16 0 2
0 1 97 21 0 1
0 1 71 13 1 0
0 1 66 47 1 5
0 1 109 49 0 1
0 1 37 14 0 3
0 1 39 24 0 5
0 1 119 34 1 2
0 1 137 41 0 1
0 1 111 47 0 3
0 1 62 41 0 3
0 1 92 25 0 1
0 1 138 19 1 3
0 1 130 45 1 5
0 1 15 26 1 4
0 1 63 8 0 0
0 1 146 31 0 4
0 1 90 10 0 1
0 1 86 48 1 5
0 1 2 34 0 5
0 1 11 16 1 4
0 1 94 5 0 0
0 1 16 18 1 4
0 1 35 9 0 5
0 1 7 44 1 5
0 1 128 43 1 1
0 1 138 46 0 3
0 1 100 49 1 5
0 1 128 3 0 3
0 1 123 30 1 3
0 1 56 2 0 5
0 1 142 0 1 4
0 1 81 0 1 5
0 1 19 23 1 5
0 1 141 47 0 1
0 1 82 48 1 4
0 1 73 49 1 4
0 1 19 1 0 4
0 1 4 29 0 5
0 1 112 11 0 1
0 1 134 12 1 1
0 1 43 38 0 5
0 1 131 21 0 4
0 1 106 14 0 0
0 1 130 39 0 2
0 1 31 44 1 1
0 1 36 28 1 3
0 1 18 11 0 2
0 1 9 1 0 2
0 1 98 17 1 4
0 1 48 9 0 1
0 1 25 15 0 3
0 1 76 43 0 4
0 1 2 12 1 2
0 1 13 6 0 0
0 1 117 37 1 2
0 1 132 31 1 5
0 1 54 23 0 2
0 1 40 46 1 4
0 1 28 24 0 3
0 1 58 16 0 5
0 1 35 18 1 1
0 1 17 7 0 0
0 1 91 6 1 5
0 1 30 22 1 5
0 1 136 27 0 0
0 1 97 46 1 2
0 1 143 13 1 4
0 1 110 0 1 1
0 1 31 42 0 4
0 1 37 41 1 0
0 1 64 37 1 4
0 1 14 7 1 1
0 1 74 7 1 3
0 1 78 39 1 4
0 1 26 6 1 4
0 1 17 5 1 4
0 1 27 1 1 3
0 1 102 26 0 2
0 1 122 33 1 2
0 1 118 32 0 4
0 1 21 4 0 1
0 1 87 11 0 3
0 1 62 27 1 2
0 1 65 2 1 4
0 1 46 5 0 3
0 1 52 5 1 2
0 1 69 18 1 5
0 1 116 32 0 1
0 1 144 44 1 3
0 1 16 47 0 4
0 1 102 41 1 2
0 1 109 45 1 0
0 1 20 25 1 3
0 1 135 38 0 3
0 1 145 28 1 5
0 1 45 15 1 2
0 1 146 48 1 3
0 1 77 9 1 2
0 1 83 32 1 5
0 1 73 45 0 1
0 1 44 44 1 4
0 1 117 18 0 2
0 1 87 46 1 0
0 1 25 31 1 3
0 1 121 16 1 3
0 1 50 35 0 5
0 1 12 20 1 5
0 1 46 33 1 4
0 1 49 40 1 1
0 1 119 3 0 2
0 1 8 22 1 0
0 1 55 40 1 0
0 1 54 26 1 1
0 1 15 15 0 0
0 1 99 2 0 3
0 1 48 10 1 2
0 1 148 24 1 2
0 1 82 35 0 3
0 1 148 30 0 2
0 1 86 28 0 4
0 1 38 14 0 2
0 1 67 43 1 5
0 1 18 19 1 4
0 1 70 12 0 5
0 1 33 44 0 2
0 1 23 17 1 0
0 1 33 9 1 3
0 1 34 29 1 2
0 1 125 13 1 1
0 1 61 35 1 2
0 1 22 49 1 2
0 1 69 36 0 5
0 1 139 34 1 3
0 1 78 42 0 2
0 1 136 40 1 4
0 1 106 30 1 1
0 1 63 12 1 0
0 1 104 4 0 5
0 1 43 7 1 5
0 1 23 38 0 4
0 1 34 22 0 3
0 1 124 30 0 4
0 1 47 25 0 5
0 1 50 21 1 5
0 1 39 37 1 0
0 1 30 35 0 4
0 1 80 6 0 3
0 1 72 21 0 2
0 1 84 19 0 2
0 1 57 38 0 2
0 1 127 39 1 0
0 1 124 18 1 0
