0 1 89 38 0 5
0 1 39 25 0 3
0 1 128 24 0 2
0 1 133 42 0 5
0 1 124 9 1 2
0 1 127 30 0 0
0 1 146 43 1 3
0 1 124 13 0 3
0 1 92 6 1 1
0 1 144 29 0 5
0 1 41 40 1 4
0 1 20 3 1 4
0 1 46 41 1 5
0 1 6 28 0 3
0 1 62 26 1 4
0 1 103 37 0 0
0 1 7 16 1 2
0 1 12 11 0 3
0 1 2 0 1 1
0 1 22 34 1 4
0 1 92 26 0 3
0 1 138 6 0 4
0 1 40 40 1 3
0 1 3 46 0 3
0 1 116 22 0 1
0 1 129 47 1 4
0 1 116 12 1 2
0 1 132 19 0 1
0 1 133 44 1 2
0 1 108 49 0 0
0 1 111 3 0 5
0 1 119 20 1 1
0 1 148 29 1 2
0 1 113 31 0 5
0 1 132 16 1 4
0 1 73 32 1 2
0 1 5 30 1 2
0 1 59 33 0 4
0 1 129 14 0 4
0 1 47 17 1 4
0 1 103 14 1 2
0 1 36 0 1 2
0 1 14 4 0 3
0 1 94 34 1 5
0 1 96 11 1 2
0 1 13 8 1 3
0 1 98 39 0 2
0 1 24 40 0 2
0 1 9 43 0 4
0 1 37 35 1 5
0 1 95 7 1 5
0 1 16 24 1 0
0 1 69 28 1 2
0 1 141 47 1 1
0 1 19 4 1 5
0 1 85 25 1 5
0 1 36 13 0 0
0 1 15 22 1 4
0 1 119 45 0 3
0 1 35 35 0 3
0 1 80 36 0 5
0 1 118 46 0 4
0 1 50 27 0 2
0 1 94 23 0 4
0 1 112 48 0 3
0 1 21 18 0 2
0 1 105 9 1 0
0 1 130 12 1 3
0 1 104 37 0 2
0 1 66 21 1 3
0 1 83 10 0 1
0 1 48 21 0 1
0 1 5 41 0 1
0 1 21 7 1 1
0 1 1 6 1 5
0 1 40 8 0 2
0 1 83 1 1 3
0 1 147 17 1 5
0 1 33 34 1 2
0 1 3 1 1 0
0 1 33 35 0 2
0 1 34 5 0 0
0 1 10 16 0 5
0 1 114 2 1 1
0 1 65 13 1 5
0 1 93 17 1 2
0 1 49 20 1 2
0 1 120 43 1 0
0 1 90 1 0 4
0 1 28 0 1 5
0 1 107 38 0 0
0 1 98 46 1 0
0 1 84 14 0 1
0 1 44 34 1 1
0 1 88 45 1 0
0 1 73 37 0 3
0 1 106 2 1 5
0 1 27 5 1 5
0 1 149 46 1 5
0 1 69 14 0 0
0 1 26 38 0 1
0 1 68 3 1 2
0 1 43 15 1 2
0 1 18 44 1 3
0 1 64 31 0 0
0 1 91 39 0 1
0 1 23 27 1 0
0 1 46 24 0 3
0 1 74 48 1 4
0 1 85 18 0 5
0 1 147 23 0 1
0 1 23 32 0 0
0 1 56 42 1 1
0 1 122 2 1 2
0 1 30 9 1 3
0 1 127 49 1 2
0 1 138 25 1 1
0 1 125 11 1 4
0 1 131 32 1 4
0 1 52 40 1 5
0 1 107 37 1 5
0 1 32 11 0 0
0 1 101 18 1 3
0 1 76 47 1 0
0 1 79 28 1 0
0 1 28 49 0 3
0 1 42 29 1 0
0 1 80 14 1 5
0 1 60 3 1 3
0 1 25 19 1 4
0 1 58 33 0 3
0 1 100 7 0 3
0 1 71 13 0 2
0 1 77 20 1 4
0 1 144 29 1 4
0 1 60 31 0 3
0 1 130 44 0 1
0 1 72 38 1 2
0 1 30 26 0 1
0 1 58 26 1 5
0 1 134 43 1 1
0 1 111 39 1 0
0 1 15 47 0 5
0 1 11 30 0 3
0 1 16 9 0 4
0 1 26 17 1 1
0 1 72 42 0 2
0 1 29 27 1 5
0 1 63 15 0 4
0 1 115 8 1 5
0 1 42 10 0 0
0 1 54 45 1 5
0 1 84 18 1 1
0 1 77 4 0 1
0 1 63 37 1 1
0 1 51 48 1 0
0 1 17 30 1 5
0 1 71 10 1 5
0 1 117 42 0 0
0 1 148 45 0 4
0 1 81 31 1 2
0 1 10 45 1 2
0 1 11 36 1 0
0 1 75 27 1 3
0 1 139 32 0 1
0 1 126 0 1 3
0 1 140 8 0 1
0 1 87 6 1 0
0 1 123 2 1 0
0 1 89 31 1 4
0 1 43 14 0 3
0 1 137 19 1 2
0 1 87 3 0 0
0 1 67 49 1 1
0 1 76 16 0 1
0 1 39 32 1 5
0 1 131 42 0 4
0 1 123 36 0 1
0 1 6 1 1 2
0 1 121 12 0 4
0 1 115 49 0 5
0 1 48 35 1 0
0 1 102 15 1 0
0 1 24 35 1 4
0 1 146 15 0 5
0 1 57 10 1 2
0 1 19 48 0 5
0 1 59 12 1 5
0 1 20 41 0 2
0 1 4 36 0 3
0 1 104 11 1 1
0 1 53 5 1 3
0 1 112 22 1 5
0 1 35 0 1 4
0 1 145 4 0 4
0 1 118 12 1 1
0 1 82 44 1 4
0 1 61 15 1 3
0 1 38 26 1 2
0 1 81 24 0 5
0 1 106 41 0 0
0 1 65 19 0 0
0 1 1 13 0 1
0 1 122 1 0 5
0 1 62 33 0 2
0 1 2 41 0 4
0 1 64 29 1 3
0 1 135 23 0 0
0 1 55 7 0 4
0 1 126 2 0 3
0 1 14 39 1 3
0 1 114 35 0 1
0 1 9 48 1 2
0 1 37 23 0 3
0 1 13 30 0 1
0 1 140 40 1 0
0 1 90 6 1 3
0 1 137 16 0 0
0 1 8 36 0 2
0 1 0 18 0 4
0 1 44 43 0 2
0 1 34 33 1 1
0 1 0 19 1 3
0 1 57 21 0 2
0 1 108 5 1 2
0 1 12 20 1 3
0 1 86 33 1 0
0 1 93 38 0 4
0 1 110 22 0 0
0 1 78 24 1 1
0 1 32 21 1 5
0 1 86 28 0 1
0 1 117 8 1 0
0 1 97 9 1 1
0 1 97 44 0 5
0 1 55 23 1 2
0 1 70 27 0 4
0 1 142 25 0 4
0 1 74 46 0 2
0 1 54 4 0 2
0 1 45 17 0 0
0 1 78 47 0 2
0 1 49 28 0 4
0 1 70 34 1 0
0 1 101 10 0 3
0 1 135 7 1 2
0 1 82 9 0 5
0 1 75 21 0 0
0 1 102 44 0 0
0 1 139 22 1 2
0 1 8 1 1 1
0 1 109 39 0 5
0 1 125 25 0 2
0 1 95 32 0 3
0 1 7 40 0 1
0 1 79 20 0 5
0 1 51 37 0 4
0 1 120 2 0 4
0 1 27 41 0 3
0 1 88 26 0 0
0 1 52 33 0 5
0 1 100 29 1 1
0 1 99 4 1 0
0 1 96 5 0 1
0 1 61 25 0 0
0 1 136 10 0 4
0 1 56 47 0 3
0 1 25 34 0 3
0 1 68 27 0 1
0 1 145 21 1 4
