0 1 31 18 1 4
0 1 12 20 0 3
0 1 135 37 1 2
0 1 78 9 1 0
0 1 69 17 0 2
0 1 49 38 0 2
0 1 25 35 1 2
0 1 18 39 1 1
0 1 114 1 0 3
0 1 69 12 1 0
0 1 146 48 1 3
0 1 68 37 0 1
0 1 89 28 1 3
0 1 33 4 0 1
0 1 3 2 0 4
0 1 92 5 1 5
0 1 71 7 0 5
0 1 37 16 0 4
0 1 70 8 1 4
0 1 70 39 0 2
0 1 82 47 1 1
0 1 20 6 1 0
0 1 37 26 1 5
0 1 96 15 1 0
0 1 83 21 0 1
0 1 95 36 0 2
0 1 21 49 0 3
0 1 114 49 1 1
0 1 32 46 1 2
0 1 126 19 1 3
0 1 106 22 0 1
0 1 136 9 1 3
0 1 90 11 1 5
0 1 7 38 0 5
0 1 139 45 0 1
0 1 60 18 1 3
0 1 38 6 1 1
0 1 63 8 0 1
0 1 122 34 1 4
0 1 87 44 1 3
0 1 15 33 1 1
0 1 134 4 0 2
0 1 78 42 0 2
0 1 91 26 0 1
0 1 39 15 0 2
0 1 54 5 0 2
0 1 130 11 0 1
0 1 16 3 1 0
0 1 119 1 0 0
0 1 88 35 0 4
0 1 10 13 1 2
0 1 116 41 0 4
0 1 87 7 0 0
0 1 75 37 0 5
0 1 113 11 0 2
0 1 26 22 0 5
0 1 24 22 0 3
0 1 79 43 0 2
0 1 111 12 1 2
0 1 43 29 0 2
0 1 65 0 0 4
0 1 1 27 0 5
0 1 44 38 1 0
0 1 74 49 0 0
0 1 25 24 0 4
0 1 35 36 1 1
0 1 34 42 1 5
0 1 120 23 0 5
0 1 75 45 1 5
0 1 85 26 0 0
0 1 110 46 0 3
0 1 126 31 0 3
0 1 18 23 0 4
0 1 46 30 1 1
0 1 104 12 0 1
0 1 48 42 1 0
0 1 59 4 0 5
0 1 35 13 0 4
0 1 30 32 1 5
0 1 147 1 0 1
0 1 66 49 0 2
0 1 53 40 0 2
0 1 94 19 1 1
0 1 144 10 1 3
0 1 27 17 0 4
0 1 72 31 0 5
0 1 127 36 0 0
0 1 117 2 0 2
0 1 5 40 0 4
0 1 12 10 1 4
0 1 103 30 1 5
0 1 9 20 0 5
0 1 131 29 0 0
0 1 137 47 1 2
0 1 29 44 0 5
0 1 5 23 1 1
0 1 9 20 1 2
0 1 123 49 0 5
0 1 105 18 0 2
0 1 137 38 0 1
0 1 40 35 0 0
0 1 36 15 0 4
0 1 141 40 1 3
0 1 144 29 0 1
0 1 31 45 0 3
0 1 125 24 1 3
0 1 58 34 1 0
0 1 0 21 0 0
0 1 148 46 1 0
0 1 81 41 1 0
0 1 97 23 1 2
0 1 109 14 0 2
0 1 26 13 1 1
0 1 59 5 1 4
0 1 82 6 0 5
0 1 39 17 1 1
0 1 98 43 1 3
0 1 34 25 0 2
0 1 57 16 0 1
0 1 40 7 1 1
0 1 22 2 1 5
0 1 93 10 1 1
0 1 83 37 1 3
0 1 2 30 1 4
0 1 84 17 0 3
0 1 138 32 1 2
0 1 53 48 1 2
0 1 115 30 1 3
0 1 74 41 1 2
0 1 11 10 1 5
0 1 120 3 1 4
0 1 14 0 0 5
0 1 44 44 0 2
0 1 95 27 1 4
0 1 66 14 1 1
0 1 46 31 0 1
0 1 68 5 1 3
0 1 140 43 0 5
0 1 113 40 1 1
0 1 139 33 1 0
0 1 146 41 0 3
0 1 118 47 1 0
0 1 32 13 0 5
0 1 20 26 0 4
0 1 8 39 1 5
0 1 100 49 0 4
0 1 52 15 1 5
0 1 129 26 0 2
0 1 47 29 0 5
0 1 13 19 1 0
0 1 64 25 1 0
0 1 2 8 0 5
0 1 30 40 0 0
0 1 109 10 1 2
0 1 99 33 0 2
0 1 42 14 1 4
0 1 132 21 1 4
0 1 86 34 0 3
0 1 136 47 0 4
0 1 62 44 1 1
0 1 100 25 1 4
0 1 133 9 1 2
0 1 62 47 0 3
0 1 60 46 0 1
0 1 148 28 0 4
0 1 111 23 0 3
0 1 119 8 1 2
0 1 28 20 1 0
0 1 124 48 1 1
0 1 58 5 0 1
0 1 57 18 1 0
0 1 61 39 1 3
0 1 97 28 0 0
0 1 16 34 0 2
0 1 8 32 0 1
0 1 65 2 1 3
0 1 88 20 1 4
0 1 42 48 0 0
0 1 94 44 0 0
0 1 122 9 0 1
0 1 49 46 1 5
0 1 103 28 0 1
0 1 102 16 0 2
0 1 112 17 1 5
0 1 106 16 1 0
0 1 91 43 1 4
0 1 64 24 0 1
0 1 19 7 0 2
0 1 4 35 0 1
0 1 13 33 0 3
0 1 112 36 0 4
0 1 142 22 0 2
0 1 17 0 0 3
0 1 121 25 0 5
0 1 22 4 0 4
0 1 71 16 1 5
0 1 116 36 1 5
0 1 89 21 0 5
0 1 140 12 1 3
0 1 93 25 0 3
0 1 131 3 1 2
0 1 145 28 1 2
0 1 38 8 0 0
0 1 145 5 0 0
0 1 3 39 1 0
0 1 50 19 0 4
0 1 79 1 1 2
0 1 84 34 1 5
0 1 124 0 0 2
0 1 143 27 0 0
0 1 110 13 1 0
0 1 11 21 0 3
0 1 86 45 1 2
0 1 107 42 1 3
0 1 19 31 1 0
0 1 77 11 0 4
0 1 24 11 1 3
0 1 99 48 1 5
0 1 7 31 1 4
0 1 27 27 1 2
0 1 67 4 0 3
0 1 54 3 1 1
0 1 128 12 1 4
0 1 108 24 1 5
0 1 117 37 1 0
0 1 67 45 1 0
0 1 63 30 1 2
0 1 51 35 0 3
0 1 52 44 0 4
0 1 41 35 0 5
0 1 92 1 0 4
0 1 23 33 1 5
0 1 17 0 1 0
0 1 41 2 1 1
0 1 72 47 1 5
0 1 10 36 0 3
0 1 73 38 0 4
0 1 132 24 0 2
0 1 50 2 1 0
0 1 123 32 1 0
0 1 36 6 1 4
0 1 80 14 1 3
0 1 77 22 1 4
0 1 45 18 1 1
0 1 101 3 0 3
0 1 128 9 0 5
0 1 61 6 0 3
0 1 45 19 0 2
0 1 105 22 1 0
0 1 98 32 0 4
0 1 56 14 0 5
0 1 73 27 1 3
0 1 55 7 0 3
0 1 48 15 0 1
0 1 143 41 1 5
0 1 6 43 1 0
0 1 80 25 0 1
0 1 101 29 1 3
0 1 121 42 1 1
0 1 138 27 0 1
0 1 1 37 1 4
0 1 96 33 0 4
0 1 108 41 0 1
0 1 135 20 0 1
0 1 33 32 1 3
0 1 149 15 0 3
0 1 90 19 0 5
0 1 0 31 1 2
0 1 85 42 1 4
0 1 104 39 1 4
