0 1 7 0 1 2
0 1 97 13 0 2
0 1 24 15 1 1
0 1 103 4 1 3
0 1 89 47 0 1
0 1 96 47 1 0
0 1 68 28 1 5
0 1 95 6 0 0
0 1 102 12 0 3
0 1 38 42 1 2
0 1 37 46 0 2
0 1 58 3 1 5
0 1 4 39 1 4
0 1 39 32 0 0
0 1 147 20 1 2
0 1 110 21 1 3
0 1 18 26 1 1
0 1 59 14 0 1
0 1 74 10 0 5
0 1 57 1 1 3
0 1 76 18 1 0
0 1 110 13 0 3
0 1 134 8 0 4
0 1 99 32 1 4
0 1 65 19 1 2
0 1 60 21 1 2
0 1 40 31 0 5
0 1 29 41 0 2
0 1 71 3 0 4
0 1 123 41 0 4
0 1 6 35 0 0
0 1 83 35 0 3
0 1 52 31 1 3
0 1 43 38 1 2
0 1 102 25 1 2
0 1 48 44 0 1
0 1 27 16 0 4
0 1 56 36 0 1
0 1 143 6 0 5
0 1 72 37 1 5
0 1 62 40 0 2
0 1 53 11 1 3
0 1 56 18 1 2
0 1 141 40 1 0
0 1 98 49 1 0
0 1 49 11 0 5
0 1 114 16 0 1
0 1 2 3 1 1
0 1 131 23 0 2
0 1 64 38 0 5
0 1 47 24 0 5
0 1 73 9 1 5
0 1 111 42 1 5
0 1 75 34 0 1
0 1 146 30 1 4
0 1 70 20 1 3
0 1 40 22 1 2
0 1 15 7 0 1
0 1 137 41 1 3
0 1 21 17 1 2
0 1 131 12 1 4
0 1 1 1 0 1
0 1 81 7 0 4
0 1 130 22 1 3
0 1 96 45 0 0
0 1 21 23 0 5
0 1 122 20 0 1
0 1 17 43 0 1
0 1 118 35 1 1
0 1 52 33 0 3
0 1 114 36 1 5
0 1 57 39 0 3
0 1 95 20 1 4
0 1 92 10 1 3
0 1 16 18 0 4
0 1 69 37 1 0
0 1 77 19 1 5
0 1 25 5 1 1
0 1 101 0 0 3
0 1 132 44 1 5
0 1 105 48 0 2
0 1 30 29 0 3
0 1 79 43 0 3
0 1 128 8 1 0
0 1 92 26 0 3
0 1 108 48 0 5
0 1 104 44 1 3
0 1 127 2 0 2
0 1 137 5 0 2
0 1 45 44 0 4
0 1 145 2 1 5
0 1 29 28 1 4
0 1 54 6 0 2
0 1 90 11 0 2
0 1 116 8 1 3
0 1 51 37 1 4
0 1 9 27 0 5
0 1 103 34 0 3
0 1 22 10 1 4
0 1 1 27 1 0
0 1 142 33 1 5
0 1 19 17 0 5
0 1 79 22 1 4
0 1 11 19 0 0
0 1 25 0 0 4
0 1 12 24 0 1
0 1 132 49 0 2
0 1 87 37 0 1
0 1 31 23 0 3
0 1 65 43 0 4
0 1 85 47 0 3
0 1 128 18 0 3
0 1 66 12 0 2
0 1 26 7 0 2
0 1 116 24 0 2
0 1 5 32 0 5
0 1 98 39 0 1
0 1 12 25 1 1
0 1 93 5 1 3
0 1 113 4 1 0
0 1 70 28 0 1
0 1 118 29 0 2
0 1 113 15 0 4
0 1 107 9 0 1
0 1 66 16 1 3
0 1 120 34 1 0
0 1 17 31 1 2
0 1 18 38 0 0
0 1 136 36 0 0
0 1 120 20 0 5
0 1 61 30 0 0
0 1 89 49 1 1
0 1 55 24 0 4
0 1 87 27 1 3
0 1 127 14 1 0
0 1 112 37 1 3
0 1 44 30 1 5
0 1 63 40 0 1
0 1 85 46 1 4
0 1 91 29 0 5
0 1 93 28 0 0
0 1 84 14 0 3
0 1 82 1 1 5
0 1 38 48 0 4
0 1 84 24 1 3
0 1 47 10 1 0
0 1 115 33 0 4
0 1 109 0 0 0
0 1 82 12 0 5
0 1 6 45 1 4
0 1 124 32 0 3
0 1 138 29 0 1
0 1 9 17 1 3
0 1 100 15 0 0
0 1 3 42 1 1
0 1 133 13 0 4
0 1 139 22 0 1
0 1 81 45 1 3
0 1 16 5 1 5
0 1 26 3 1 3
0 1 134 8 1 2
0 1 83 34 1 5
0 1 32 16 1 0
0 1 80 2 0 4
0 1 119 45 0 2
0 1 20 29 1 4
0 1 15 43 1 0
0 1 125 11 1 4
0 1 8 25 1 5
0 1 135 14 1 2
0 1 141 6 0 4
0 1 13 33 1 2
0 1 23 46 0 1
0 1 34 47 1 4
0 1 64 40 1 3
0 1 91 42 1 3
0 1 78 17 1 1
0 1 37 21 1 1
0 1 86 1 1 4
0 1 143 27 1 2
0 1 142 5 0 0
0 1 136 30 1 1
0 1 146 3 0 2
0 1 119 35 1 4
0 1 72 9 0 4
0 1 5 25 1 3
0 1 100 4 1 5
0 1 121 26 0 5
0 1 94 42 1 4
0 1 106 31 0 4
0 1 67 4 1 4
0 1 0 46 1 3
0 1 62 48 1 1
0 1 32 48 0 0
0 1 69 21 0 4
0 1 51 33 0 0
0 1 133 47 1 5
0 1 10 17 0 4
0 1 108 27 1 1
0 1 111 9 0 2
0 1 34 14 0 4
0 1 63 30 1 3
0 1 28 1 0 0
0 1 31 15 1 2
0 1 86 40 0 5
0 1 46 38 1 1
0 1 41 11 0 0
0 1 115 15 1 5
0 1 10 7 1 0
0 1 76 46 0 5
0 1 39 39 1 2
0 1 140 36 1 3
0 1 101 22 1 0
0 1 122 23 1 4
0 1 42 31 0 0
0 1 144 0 0 1
0 1 94 9 0 3
0 1 106 34 1 4
0 1 58 18 0 5
0 1 75 36 1 2
0 1 3 13 0 1
0 1 148 28 0 3
0 1 124 44 1 2
0 1 149 25 1 4
0 1 107 23 1 0
0 1 49 45 1 5
0 1 23 7 1 5
0 1 138 26 1 0
0 1 35 12 0 0
0 1 48 2 1 0
0 1 71 21 1 0
0 1 125 4 0 2
0 1 129 15 0 3
0 1 22 41 0 0
0 1 147 19 0 3
0 1 145 16 0 5
0 1 14 35 1 5
0 1 13 39 0 0
0 1 74 40 1 4
0 1 41 3 1 0
0 1 54 0 1 5
0 1 33 26 1 2
0 1 90 6 1 1
0 1 20 49 0 3
0 1 28 10 1 2
0 1 61 19 1 4
0 1 0 13 0 5
0 1 78 19 0 1
0 1 88 18 0 1
0 1 36 38 1 4
0 1 149 45 0 1
0 1 112 2 0 1
0 1 44 8 0 1
0 1 43 44 0 0
0 1 2 49 0 5
0 1 140 41 0 1
0 1 148 31 1 1
0 1 53 33 0 1
0 1 144 11 1 1
0 1 97 10 1 1
0 1 45 20 1 0
0 1 8 32 0 2
0 1 121 38 1 3
0 1 130 25 0 0
0 1 139 43 1 5
0 1 42 35 1 2
0 1 77 29 0 0
0 1 99 43 0 2
0 1 19 21 1 5
0 1 68 30 0 2
