0 1 136 47 1 5
0 1 88 6 1 3
0 1 108 44 1 2
0 1 124 49 0 0
0 1 75 4 0 1
0 1 149 26 0 0
0 1 47 37 1 3
0 1 8 24 1 2
0 1 74 49 1 5
0 1 17 25 1 1
0 1 43 22 1 2
0 1 0 30 0 0
0 1 113 41 0 4
0 1 44 2 0 0
0 1 62 6 0 2
0 1 26 10 0 4
0 1 133 42 1 3
0 1 55 28 1 5
0 1 86 23 1 3
0 1 91 31 0 4
0 1 63 25 1 3
0 1 138 46 0 2
0 1 20 40 1 1
0 1 113 47 1 2
0 1 142 5 1 1
0 1 23 14 0 4
0 1 139 17 0 1
0 1 11 3 1 3
0 1 117 15 0 4
0 1 81 29 0 3
0 1 35 4 1 0
0 1 33 21 0 5
0 1 127 34 1 4
0 1 28 2 0 2
0 1 40 0 0 2
0 1 55 45 0 3
0 1 52 21 0 1
0 1 51 11 1 2
0 1 117 36 1 3
0 1 94 44 1 0
0 1 69 6 1 5
0 1 92 20 0 2
0 1 99 23 1 5
0 1 138 7 1 5
0 1 76 49 0 2
0 1 61 42 1 1
0 1 140 27 0 3
0 1 122 24 1 3
0 1 126 26 1 5
0 1 60 39 1 0
0 1 101 24 0 1
0 1 128 5 1 2
0 1 42 16 0 0
0 1 134 14 1 2
0 1 68 37 0 0
0 1 118 37 1 2
0 1 39 45 1 0
0 1 87 19 0 5
0 1 109 0 0 4
0 1 31 33 0 1
0 1 145 35 1 3
0 1 91 6 1 0
0 1 27 30 1 5
0 1 4 33 1 4
0 1 73 28 1 2
0 1 57 43 0 0
0 1 33 7 1 4
0 1 104 25 1 5
0 1 92 2 1 4
0 1 96 43 1 4
0 1 42 29 1 1
0 1 36 22 0 4
0 1 122 13 0 4
0 1 144 10 0 3
0 1 119 9 0 0
0 1 68 23 1 4
0 1 80 38 0 1
0 1 77 48 1 3
0 1 5 20 1 5
0 1 7 27 1 1
0 1 15 40 1 4
0 1 8 10 0 0
0 1 90 19 1 4
0 1 13 42 1 2
0 1 65 15 1 3
0 1 112 2 1 1
0 1 97 35 1 4
0 1 135 18 0 2
0 1 88 46 0 3
0 1 142 1 0 3
0 1 10 12 1 4
0 1 78 32 1 1
0 1 37 48 0 2
0 1 0 3 1 1
0 1 23 34 1 2
0 1 89 14 0 3
0 1 58 40 1 3
0 1 62 22 1 0
0 1 35 11 0 5
0 1 32 39 0 1
0 1 71 14 1 1
0 1 70 33 1 0
0 1 18 1 1 5
0 1 148 45 1 2
0 1 89 16 1 1
0 1 93 2 0 3
0 1 19 16 0 4
0 1 12 31 1 5
0 1 111 36 0 0
0 1 3 9 1 1
0 1 21 49 1 4
0 1 48 19 0 1
0 1 37 11 1 1
0 1 82 9 1 2
0 1 128 17 0 5
0 1 116 8 0 2
0 1 39 30 0 1
0 1 18 17 0 3
0 1 1 45 1 1
0 1 9 13 0 1
0 1 123 0 1 1
0 1 66 13 0 0
0 1 140 48 1 0
0 1 50 5 0 0
0 1 44 38 1 5
0 1 71 41 0 3
0 1 132 7 0 2
0 1 129 26 0 2
0 1 56 12 0 5
0 1 70 4 0 5
0 1 107 44 0 3
0 1 118 47 0 1
0 1 148 28 0 0
0 1 131 5 0 4
0 1 87 42 1 0
0 1 110 8 1 5
0 1 103 49 0 3
0 1 3 32 0 4
0 1 74 16 0 3
0 1 99 47 0 3
0 1 114 6 1 4
0 1 144 12 1 2
0 1 85 3 0 5
0 1 84 1 1 4
0 1 53 40 1 0
0 1 105 30 0 4
0 1 14 33 0 3
0 1 102 39 1 5
0 1 45 34 1 5
0 1 25 22 0 5
0 1 21 27 0 0
0 1 46 30 0 3
0 1 6 28 0 1
0 1 2 31 0 0
0 1 124 13 1 5
0 1 127 0 0 5
0 1 125 18 1 5
0 1 146 34 1 0
0 1 15 22 0 1
0 1 56 5 1 5
0 1 65 38 0 4
0 1 81 32 1 0
0 1 50 1 1 1
0 1 112 21 0 3
0 1 106 18 1 4
0 1 22 38 1 0
0 1 149 48 1 4
0 1 59 43 0 1
0 1 72 18 0 0
0 1 78 4 0 2
0 1 67 44 0 5
0 1 66 8 1 1
0 1 76 8 1 4
0 1 59 17 1 0
0 1 57 8 1 3
0 1 7 20 0 4
0 1 145 46 0 0
0 1 61 38 0 3
0 1 46 19 1 0
0 1 137 36 1 1
0 1 63 11 0 3
0 1 106 44 0 1
0 1 98 20 0 0
0 1 41 27 1 4
0 1 147 10 0 2
0 1 84 43 0 3
0 1 38 29 1 5
0 1 9 26 1 4
0 1 101 23 1 1
0 1 2 31 1 1
0 1 25 16 1 5
0 1 107 17 1 2
0 1 64 23 1 0
0 1 134 12 0 1
0 1 147 32 1 3
0 1 53 43 0 5
0 1 10 36 0 2
0 1 22 46 0 4
0 1 79 25 1 4
0 1 58 28 0 4
0 1 103 15 1 0
0 1 30 35 0 2
0 1 95 0 0 3
0 1 115 11 1 0
0 1 109 20 1 3
0 1 80 35 1 0
0 1 108 48 0 1
0 1 72 37 1 1
0 1 12 26 0 1
0 1 114 13 0 2
0 1 132 10 1 5
0 1 139 41 1 0
0 1 69 7 0 3
0 1 40 7 1 1
0 1 121 7 0 0
0 1 60 42 0 5
0 1 111 35 1 5
0 1 120 36 0 5
0 1 77 40 0 2
0 1 54 36 0 4
0 1 24 9 0 3
0 1 16 33 0 5
0 1 129 15 1 2
0 1 16 39 1 2
0 1 14 24 1 4
0 1 96 21 0 0
0 1 67 25 1 2
0 1 146 14 0 5
0 1 29 34 0 1
0 1 34 29 1 2
0 1 125 24 0 0
0 1 123 3 0 2
0 1 51 27 0 2
0 1 17 41 0 1
0 1 100 18 0 3
0 1 83 39 0 3
0 1 75 12 1 0
0 1 126 31 0 3
0 1 31 47 1 4
0 1 79 32 0 5
0 1 98 9 1 5
0 1 135 3 1 0
0 1 43 44 0 4
0 1 133 34 0 3
0 1 29 38 1 2
0 1 83 15 1 1
0 1 143 29 0 0
0 1 4 1 0 0
0 1 34 21 0 4
0 1 95 19 1 3
0 1 100 37 1 5
0 1 11 43 0 2
0 1 48 41 1 5
0 1 119 9 1 4
0 1 130 45 0 5
0 1 141 46 0 1
0 1 20 26 0 3
0 1 49 45 0 4
0 1 130 4 1 4
0 1 94 5 0 3
0 1 1 33 0 2
0 1 36 41 1 2
0 1 54 19 1 2
0 1 45 17 0 4
0 1 93 15 1 5
0 1 6 30 1 2
0 1 120 21 1 2
0 1 86 31 0 2
0 1 97 4 0 3
0 1 110 27 0 5
