0 1 30 21 1 4
0 1 58 41 1 5
0 1 26 0 1 0
0 1 24 25 1 4
0 1 90 33 1 3
0 1 91 7 1 5
0 1 49 45 0 2
0 1 124 7 1 0
0 1 145 35 0 1
0 1 96 26 0 4
0 1 2 0 0 4
0 1 9 43 0 4
0 1 46 37 1 0
0 1 13 36 0 5
0 1 143 32 0 2
0 1 0 34 0 1
0 1 147 28 0 1
0 1 87 25 0 2
0 1 132 19 1 0
0 1 19 27 0 2
0 1 32 5 0 3
0 1 116 10 0 5
0 1 88 1 0 1
0 1 75 38 0 1
0 1 62 18 1 5
0 1 119 29 0 4
0 1 23 2 1 1
0 1 55 12 1 2
0 1 5 36 0 2
0 1 136 27 0 5
0 1 12 39 0 4
0 1 43 46 1 2
0 1 63 28 0 4
0 1 41 15 0 0
0 1 44 18 0 4
0 1 130 1 1 4
0 1 97 10 1 1
0 1 14 8 0 3
0 1 93 22 0 1
0 1 134 30 1 0
0 1 3 2 1 2
0 1 118 38 0 2
0 1 128 16 1 3
0 1 20 9 1 5
0 1 121 3 1 3
0 1 4 38 1 3
0 1 52 47 0 4
0 1 86 6 0 5
0 1 47 31 1 2
0 1 101 30 1 3
0 1 8 40 1 5
0 1 143 5 1 2
0 1 129 21 0 3
0 1 108 24 0 2
0 1 103 32 0 0
0 1 117 21 1 0
0 1 8 23 0 5
0 1 49 6 1 0
0 1 82 11 0 3
0 1 127 31 0 5
0 1 146 42 1 5
0 1 85 12 1 1
0 1 51 43 1 0
0 1 140 17 1 1
0 1 29 44 0 2
0 1 42 39 1 2
0 1 146 42 0 4
0 1 94 10 1 2
0 1 106 14 1 0
0 1 66 30 0 4
0 1 15 4 0 1
0 1 92 0 1 1
0 1 11 47 1 0
0 1 69 15 1 1
0 1 60 22 0 5
0 1 61 7 0 4
0 1 1 26 0 1
0 1 137 3 0 4
0 1 70 48 0 0
0 1 136 33 1 1
0 1 66 9 1 1
0 1 35 44 1 1
0 1 74 41 1 3
0 1 23 13 0 2
0 1 76 25 1 5
0 1 46 11 0 0
0 1 33 1 1 3
0 1 111 44 0 5
0 1 15 14 1 2
0 1 131 17 1 4
0 1 42 4 0 4
0 1 107 34 1 0
0 1 53 4 0 5
0 1 138 24 0 4
0 1 107 26 0 3
0 1 112 27 1 0
0 1 6 37 1 2
0 1 34 22 1 0
0 1 16 36 0 1
0 1 83 9 0 3
0 1 102 40 1 0
0 1 115 16 1 0
0 1 27 49 0 1
0 1 114 8 0 5
0 1 20 2 0 4
0 1 105 25 1 0
0 1 29 35 1 2
0 1 111 47 1 5
0 1 106 8 0 1
0 1 148 1 0 0
0 1 85 29 0 5
0 1 55 15 0 5
0 1 31 15 0 3
0 1 21 38 0 0
0 1 95 28 0 2
0 1 140 19 0 1
0 1 14 19 1 4
0 1 97 11 0 1
0 1 100 39 1 5
0 1 17 12 1 0
0 1 24 36 0 4
0 1 128 45 0 3
0 1 61 17 1 0
0 1 18 43 1 1
0 1 133 20 1 5
0 1 71 22 0 3
0 1 79 47 0 2
0 1 7 36 1 0
0 1 79 46 1 0
0 1 10 4 1 2
0 1 93 40 1 3
0 1 43 23 0 1
0 1 108 45 1 4
0 1 58 40 0 2
0 1 83 32 1 1
0 1 48 48 0 1
0 1 2 23 1 2
0 1 12 6 1 2
0 1 89 14 1 3
0 1 116 28 1 0
0 1 109 20 1 2
0 1 144 44 1 4
0 1 131 39 0 0
0 1 89 20 0 3
0 1 4 31 0 1
0 1 81 9 1 0
0 1 54 49 1 0
0 1 112 30 0 1
0 1 67 5 1 5
0 1 53 34 1 5
0 1 38 12 0 4
0 1 57 46 0 3
0 1 26 42 0 2
0 1 78 40 0 1
0 1 135 13 1 3
0 1 45 35 1 0
0 1 63 38 1 5
0 1 37 34 0 2
0 1 28 1 1 2
0 1 141 25 1 1
0 1 73 43 0 5
0 1 84 24 1 5
0 1 82 33 1 4
0 1 25 45 0 0
0 1 99 29 0 1
0 1 38 48 1 3
0 1 87 20 1 4
0 1 27 23 1 0
0 1 78 17 1 2
0 1 100 24 0 1
0 1 104 21 0 1
0 1 72 24 0 0
0 1 149 29 0 3
0 1 50 37 0 5
0 1 48 6 1 4
0 1 41 10 1 3
0 1 98 12 1 3
0 1 64 9 1 2
0 1 30 27 0 1
0 1 5 32 1 5
0 1 56 46 1 5
0 1 98 13 0 4
0 1 81 35 0 3
0 1 127 26 1 2
0 1 51 41 0 2
0 1 122 33 1 5
0 1 22 45 0 1
0 1 88 35 1 4
0 1 117 27 0 4
0 1 135 31 0 4
0 1 62 13 0 0
0 1 147 41 1 4
0 1 125 18 0 3
0 1 130 4 0 0
0 1 3 10 0 4
0 1 126 18 0 1
0 1 16 26 1 0
0 1 39 2 0 0
0 1 18 49 0 5
0 1 129 19 1 5
0 1 33 20 0 0
0 1 68 42 1 0
0 1 28 49 0 2
0 1 125 11 1 5
0 1 68 16 0 2
0 1 31 16 1 1
0 1 74 7 0 1
0 1 0 48 1 4
0 1 139 7 0 2
0 1 137 11 1 4
0 1 119 47 1 3
0 1 124 31 0 0
0 1 72 49 1 3
0 1 126 22 1 4
0 1 39 8 1 0
0 1 96 46 1 4
0 1 120 44 0 0
0 1 6 28 0 5
0 1 9 32 1 3
0 1 70 5 1 4
0 1 11 37 0 1
0 1 142 29 0 0
0 1 109 14 0 1
0 1 35 33 0 2
0 1 59 2 0 3
0 1 56 48 0 2
0 1 115 37 0 4
0 1 47 31 0 3
0 1 121 19 0 3
0 1 84 14 0 5
0 1 95 0 1 5
0 1 64 3 0 5
0 1 104 21 1 5
0 1 45 15 0 2
0 1 122 3 0 1
0 1 132 39 0 1
0 1 92 45 0 5
0 1 94 43 0 2
0 1 105 13 0 5
0 1 32 42 1 3
0 1 110 2 0 5
0 1 52 5 1 0
0 1 139 30 1 5
0 1 7 3 0 2
0 1 10 41 0 0
0 1 21 0 1 2
0 1 80 18 1 0
0 1 17 8 0 2
0 1 134 37 0 3
0 1 142 10 1 0
0 1 86 17 1 5
0 1 145 44 1 3
0 1 22 19 1 2
0 1 71 47 1 1
0 1 149 16 1 4
0 1 80 6 0 1
0 1 114 9 1 4
0 1 37 30 1 2
0 1 141 38 0 4
0 1 138 34 1 3
0 1 113 23 1 4
0 1 44 39 1 3
0 1 90 16 0 5
0 1 110 8 1 4
0 1 118 40 1 4
0 1 67 33 0 0
0 1 103 28 1 3
0 1 25 22 1 2
0 1 36 5 1 1
0 1 50 49 1 4
