0 1 50 36 0 1
0 1 124 45 1 4
0 1 126 21 0 2
0 1 130 30 0 5
0 1 125 17 0 2
0 1 3 47 0 0
0 1 98 34 1 5
0 1 111 9 1 1
0 1 144 23 1 1
0 1 59 37 0 0
0 1 90 6 0 2
0 1 2 10 0 1
0 1 115 4 1 1
0 1 143 3 0 0
0 1 50 2 1 0
0 1 44 40 0 1
0 1 18 15 0 5
0 1 52 6 0 5
0 1 27 12 0 4
0 1 110 5 0 1
0 1 35 46 0 3
0 1 87 27 0 4
0 1 86 8 1 0
0 1 128 14 0 0
0 1 37 9 0 4
0 1 118 41 0 5
0 1 5 32 1 0
0 1 104 20 0 5
0 1 116 28 0 4
0 1 120 20 0 2
0 1 82 44 1 5
0 1 138 43 0 1
0 1 121 34 1 1
0 1 0 30 1 1
0 1 100 29 1 0
0 1 106 0 0 3
0 1 114 5 1 3
0 1 9 4 1 2
0 1 135 20 0 4
0 1 131 36 0 4
0 1 18 33 1 2
0 1 71 37 0 2
0 1 67 16 0 0
0 1 25 35 0 2
0 1 117 11 0 4
0 1 43 25 0 4
0 1 23 3 1 5
0 1 107 43 1 4
0 1 29 38 0 2
0 1 15 42 0 4
0 1 58 31 0 4
0 1 105 36 0 0
0 1 103 3 0 4
0 1 43 24 1 4
0 1 59 19 1 0
0 1 126 49 1 4
0 1 95 23 1 0
0 1 12 28 0 5
0 1 80 16 0 1
0 1 131 0 1 0
0 1 138 40 1 2
0 1 25 10 1 2
0 1 28 35 1 3
0 1 6 15 1 1
0 1 78 47 0 3
0 1 11 21 1 3
0 1 44 42 1 2
0 1 40 44 1 0
0 1 53 11 0 5
0 1 7 12 1 1
0 1 120 14 1 1
0 1 92 18 0 1
0 1 132 18 0 4
0 1 107 26 0 3
0 1 142 2 1 1
0 1 108 7 0 2
0 1 22 11 0 2
0 1 118 39 1 2
0 1 61 25 0 1
0 1 30 1 1 1
0 1 137 13 1 2
0 1 15 25 1 5
0 1 19 42 0 5
0 1 31 11 0 3
0 1 89 29 1 4
0 1 103 12 1 0
0 1 27 2 1 2
0 1 82 18 0 5
0 1 94 48 1 4
0 1 21 14 0 3
0 1 117 22 1 1
0 1 54 33 1 5
0 1 91 5 1 2
0 1 57 15 0 2
0 1 90 13 1 0
0 1 92 45 1 1
0 1 91 30 0 4
0 1 104 9 1 3
0 1 62 8 1 4
0 1 39 19 0 5
0 1 109 43 1 5
0 1 63 49 1 1
0 1 3 48 1 2
0 1 16 34 1 4
0 1 49 19 0 1
0 1 75 45 1 3
0 1 145 16 1 5
0 1 19 44 1 4
0 1 17 44 0 1
0 1 129 10 0 3
0 1 68 37 0 5
0 1 96 42 0 3
0 1 119 27 0 1
0 1 51 31 0 5
0 1 70 18 0 0
0 1 45 7 0 4
0 1 76 17 1 3
0 1 24 41 1 4
0 1 42 41 0 1
0 1 84 39 1 4
0 1 26 33 1 4
0 1 133 11 1 0
0 1 148 22 1 3
0 1 65 22 0 4
0 1 9 47 0 2
0 1 38 31 0 3
0 1 141 22 1 2
0 1 67 4 1 3
0 1 79 24 1 2
0 1 58 33 1 0
0 1 17 39 1 3
0 1 87 28 1 1
0 1 33 16 1 3
0 1 106 41 1 0
0 1 146 10 1 5
0 1 134 32 0 1
0 1 69 1 1 0
0 1 139 24 0 0
0 1 136 39 0 0
0 1 147 29 1 2
0 1 141 29 0 1
0 1 1 2 0 4
0 1 56 2 1 5
0 1 81 6 0 3
0 1 77 49 0 5
0 1 80 45 1 5
0 1 101 29 0 3
0 1 13 4 0 4
0 1 56 32 0 5
0 1 116 21 1 5
0 1 21 47 1 1
0 1 140 32 0 2
0 1 37 12 1 2
0 1 28 19 0 2
0 1 36 19 1 4
0 1 53 17 1 0
0 1 114 23 0 3
0 1 143 30 1 0
0 1 77 8 1 3
0 1 98 34 0 0
0 1 97 28 1 3
0 1 39 41 1 2
0 1 47 31 1 1
0 1 95 1 0 3
0 1 20 35 0 1
0 1 7 48 0 0
0 1 149 37 0 4
0 1 30 40 0 3
0 1 26 17 0 1
0 1 49 27 1 5
0 1 63 46 0 4
0 1 35 9 1 0
0 1 69 48 0 3
0 1 81 26 1 1
0 1 115 35 0 0
0 1 1 32 1 4
0 1 46 0 0 1
0 1 100 26 0 4
0 1 70 31 1 0
0 1 74 10 1 4
0 1 10 13 0 1
0 1 109 8 0 1
0 1 66 20 0 0
0 1 8 49 0 3
0 1 139 26 1 2
0 1 112 18 0 3
0 1 64 47 0 5
0 1 110 11 1 1
0 1 8 24 1 5
0 1 13 40 1 4
0 1 96 13 1 4
0 1 136 20 1 1
0 1 75 3 0 1
0 1 55 42 1 0
0 1 20 25 1 3
0 1 113 36 0 3
0 1 34 36 1 2
0 1 140 34 1 2
0 1 73 24 1 3
0 1 31 4 1 5
0 1 42 49 1 2
0 1 36 15 0 4
0 1 89 43 0 0
0 1 14 13 0 5
0 1 93 46 0 2
0 1 125 38 1 5
0 1 148 1 0 2
0 1 127 7 0 0
0 1 134 9 1 2
0 1 60 0 1 2
0 1 52 46 1 5
0 1 78 12 1 3
0 1 45 35 1 4
0 1 24 23 0 2
0 1 85 6 1 0
0 1 85 27 0 3
0 1 83 14 0 5
0 1 146 15 0 0
0 1 121 0 0 4
0 1 88 5 1 4
0 1 51 17 1 5
0 1 123 0 0 5
0 1 111 7 0 5
0 1 119 28 1 0
0 1 123 22 1 5
0 1 94 30 0 3
0 1 99 3 0 2
0 1 32 44 0 3
0 1 112 14 1 4
0 1 113 38 1 1
0 1 142 25 0 2
0 1 33 6 0 1
0 1 130 43 1 2
0 1 23 26 0 5
0 1 124 38 0 3
0 1 12 1 1 4
0 1 79 27 0 2
0 1 29 16 1 2
0 1 105 23 1 5
0 1 47 46 0 0
0 1 101 45 1 0
0 1 4 7 1 3
0 1 22 8 1 5
0 1 41 5 1 5
0 1 71 24 1 1
0 1 38 48 1 5
0 1 102 33 0 1
0 1 76 38 0 4
0 1 5 39 0 5
0 1 64 22 1 0
0 1 133 40 0 5
0 1 108 33 1 3
0 1 147 37 0 3
0 1 57 39 1 1
0 1 74 28 0 2
0 1 46 27 1 0
0 1 72 42 0 1
0 1 122 21 1 0
0 1 102 2 1 3
0 1 88 6 0 4
0 1 128 41 1 3
0 1 137 21 0 1
0 1 97 40 0 0
0 1 129 31 1 2
0 1 72 3 1 3
0 1 144 29 0 5
0 1 34 47 0 4
0 1 127 9 1 5
0 1 86 1 0 5
0 1 0 44 0 2
