0 1 104 17 0 3
0 1 85 24 0 0
0 1 47 4 1 1
0 1 107 48 0 3
0 1 42 26 1 3
0 1 50 41 0 1
0 1 43 13 0 5
0 1 98 39 1 1
0 1 125 46 1 1
0 1 145 6 1 2
0 1 38 28 1 0
0 1 13 4 1 0
0 1 116 39 1 4
0 1 17 12 1 2
0 1 54 6 1 4
0 1 63 35 1 3
0 1 59 23 1 5
0 1 33 6 0 0
0 1 76 42 1 1
0 1 51 34 0 3
0 1 65 26 1 4
0 1 133 42 0 4
0 1 26 5 0 4
0 1 32 45 0 0
0 1 18 10 0 0
0 1 138 29 0 2
0 1 133 18 1 5
0 1 96 17 1 2
0 1 119 2 0 3
0 1 109 8 0 3
0 1 144 25 1 3
0 1 8 33 1 4
0 1 122 36 0 1
0 1 113 44 1 2
0 1 22 3 0 0
0 1 117 37 1 2
0 1 149 47 0 4
0 1 9 44 1 0
0 1 108 47 0 2
0 1 58 14 0 2
0 1 121 27 1 2
0 1 132 25 1 5
0 1 4 4 1 2
0 1 62 22 1 3
0 1 128 47 0 1
0 1 7 21 0 4
0 1 100 26 0 0
0 1 37 30 1 4
0 1 135 7 0 1
0 1 94 1 1 4
0 1 113 15 0 2
0 1 121 33 0 3
0 1 19 41 1 3
0 1 17 48 0 4
0 1 130 38 1 3
0 1 46 15 1 3
0 1 60 15 0 1
0 1 41 40 0 2
0 1 104 28 1 5
0 1 64 35 1 4
0 1 140 46 0 2
0 1 34 8 0 1
0 1 123 21 0 5
0 1 52 21 1 0
0 1 131 43 0 4
0 1 18 29 1 1
0 1 110 31 1 0
0 1 0 34 1 0
0 1 141 11 1 5
0 1 99 20 1 4
0 1 85 11 1 3
0 1 53 31 0 4
0 1 48 30 0 2
0 1 60 22 1 4
0 1 79 9 1 2
0 1 61 2 1 4
0 1 15 17 1 4
0 1 59 11 0 0
0 1 127 7 0 2
0 1 91 32 1 2
0 1 53 43 1 0
0 1 71 16 1 0
0 1 132 7 0 0
0 1 75 24 0 3
0 1 86 7 0 3
0 1 54 5 0 0
0 1 112 37 1 0
0 1 41 16 1 2
0 1 11 27 1 5
0 1 88 20 0 5
0 1 31 27 0 4
0 1 12 2 1 0
0 1 74 13 1 3
0 1 105 45 0 5
0 1 93 38 1 0
0 1 79 13 0 4
0 1 44 6 1 1
0 1 43 3 1 3
0 1 46 9 0 1
0 1 10 48 1 1
0 1 26 32 1 1
0 1 56 5 0 1
0 1 1 19 1 5
0 1 57 25 0 0
0 1 29 42 1 3
0 1 14 35 1 0
0 1 112 3 0 4
0 1 73 8 0 4
0 1 114 47 1 5
0 1 29 43 0 2
0 1 89 1 0 5
0 1 111 36 0 4
0 1 21 16 1 4
0 1 122 14 1 3
0 1 10 0 0 4
0 1 89 36 1 5
0 1 136 40 1 1
0 1 25 49 1 2
0 1 137 10 1 1
0 1 102 28 1 4
0 1 147 28 1 1
0 1 5 46 1 3
0 1 3 49 1 3
0 1 98 31 0 1
0 1 139 38 0 2
0 1 115 34 1 2
0 1 20 10 1 4
0 1 117 25 0 4
0 1 135 32 1 5
0 1 95 38 0 4
0 1 6 48 0 5
0 1 49 32 0 0
0 1 51 40 1 3
0 1 62 23 0 1
0 1 101 44 0 3
0 1 86 37 1 3
0 1 57 33 1 0
0 1 110 41 0 0
0 1 74 14 0 4
0 1 71 3 0 5
0 1 34 21 1 2
0 1 90 31 1 5
0 1 134 19 0 1
0 1 76 27 0 0
0 1 82 30 1 3
0 1 21 40 0 4
0 1 67 4 0 4
0 1 111 22 1 2
0 1 28 0 0 3
0 1 126 41 1 5
0 1 80 40 1 5
0 1 30 0 0 2
0 1 7 0 1 0
0 1 45 26 1 5
0 1 87 22 0 0
0 1 116 33 0 2
0 1 77 42 0 5
0 1 149 12 1 0
0 1 72 44 1 1
0 1 129 20 1 2
0 1 58 48 1 2
0 1 147 29 0 0
0 1 136 1 0 0
0 1 6 13 1 1
0 1 93 45 0 1
0 1 145 26 0 1
0 1 146 8 1 2
0 1 49 8 1 5
0 1 5 35 0 1
0 1 28 18 1 2
0 1 9 45 0 2
0 1 101 24 1 2
0 1 72 11 0 2
0 1 96 28 0 3
0 1 61 30 0 0
0 1 65 34 0 1
0 1 24 29 0 3
0 1 106 11 0 4
0 1 0 39 0 0
0 1 103 41 0 2
0 1 124 1 0 2
0 1 66 9 1 0
0 1 80 46 0 0
0 1 36 20 1 3
0 1 50 34 1 4
0 1 142 13 1 2
0 1 70 7 0 5
0 1 23 47 0 3
0 1 33 15 1 5
0 1 12 37 0 1
0 1 95 19 1 2
0 1 45 19 0 3
0 1 92 38 1 1
0 1 107 5 1 2
0 1 13 18 0 1
0 1 97 49 0 4
0 1 99 21 0 1
0 1 2 36 1 3
0 1 125 12 0 1
0 1 83 14 0 0
0 1 27 2 1 1
0 1 114 10 0 3
0 1 141 17 0 0
0 1 109 15 1 4
0 1 30 24 1 1
0 1 52 18 0 4
0 1 38 12 0 5
0 1 66 23 0 2
0 1 44 49 0 5
0 1 118 13 0 0
0 1 144 36 0 2
0 1 81 5 1 3
0 1 8 24 0 4
0 1 126 30 0 1
0 1 40 1 1 1
0 1 19 6 0 3
0 1 69 37 0 5
0 1 142 9 0 4
0 1 137 22 0 1
0 1 123 46 1 5
0 1 87 33 1 5
0 1 75 19 1 0
0 1 129 18 0 3
0 1 103 32 1 4
0 1 106 35 1 5
0 1 92 43 0 5
0 1 143 49 1 1
0 1 39 25 0 1
0 1 63 4 0 3
0 1 73 37 1 4
0 1 67 23 1 3
0 1 14 9 0 5
0 1 118 31 1 2
0 1 55 32 1 3
0 1 15 27 0 1
0 1 31 42 1 0
0 1 139 39 1 5
0 1 119 14 1 1
0 1 108 28 1 2
0 1 140 3 1 2
0 1 83 7 1 4
0 1 16 35 0 2
0 1 70 29 1 4
0 1 47 45 0 3
0 1 11 10 0 5
0 1 2 2 0 2
0 1 97 12 1 4
0 1 4 17 0 1
0 1 120 21 1 3
0 1 69 33 1 1
0 1 32 20 1 0
0 1 78 0 1 5
0 1 148 17 1 5
0 1 27 23 0 0
0 1 35 16 1 5
0 1 94 44 0 5
0 1 48 18 1 0
0 1 148 16 0 3
0 1 3 39 0 2
0 1 1 39 0 3
0 1 56 3 1 1
0 1 115 2 0 5
0 1 40 4 0 5
0 1 91 12 0 3
0 1 100 43 1 1
0 1 39 26 1 2
0 1 124 47 1 0
0 1 88 15 1 0
0 1 81 5 0 5
0 1 102 19 0 4
