0 1 62 39 1 2
0 1 85 12 1 1
0 1 51 19 1 0
0 1 37 7 0 5
0 1 44 5 1 2
0 1 81 11 0 5
0 1 135 25 1 2
0 1 112 48 1 3
0 1 114 4 1 1
0 1 134 14 1 5
0 1 15 10 0 5
0 1 43 30 0 3
0 1 144 28 1 3
0 1 130 43 1 2
0 1 42 21 0 2
0 1 76 46 0 1
0 1 36 22 0 2
0 1 103 8 0 3
0 1 117 49 1 1
0 1 137 17 1 2
0 1 84 19 1 4
0 1 135 15 0 2
0 1 82 45 1 0
0 1 62 28 0 0
0 1 98 32 1 4
0 1 104 16 1 4
0 1 41 3 0 5
0 1 80 42 0 4
0 1 113 20 1 2
0 1 68 47 1 1
0 1 79 38 1 3
0 1 18 3 0 1
0 1 82 47 0 0
0 1 14 10 1 0
0 1 118 41 1 0
0 1 49 6 0 2
0 1 90 9 1 3
0 1 52 27 1 0
0 1 108 29 1 0
0 1 66 26 0 1
0 1 131 12 1 3
0 1 67 11 0 4
0 1 76 2 1 3
0 1 65 40 0 4
0 1 104 45 0 3
0 1 108 23 0 5
0 1 126 41 0 2
0 1 21 32 1 2
0 1 138 1 0 0
0 1 66 34 1 3
0 1 102 44 1 4
0 1 58 45 1 1
0 1 124 18 0 5
0 1 0 31 0 0
0 1 40 35 1 4
0 1 6 36 1 4
0 1 147 8 0 1
0 1 52 20 0 5
0 1 37 6 1 0
0 1 42 13 1 3
0 1 47 49 0 5
0 1 102 32 0 0
0 1 79 37 0 2
0 1 33 24 1 2
0 1 17 42 1 5
0 1 26 18 1 0
0 1 9 40 1 3
0 1 81 9 1 2
0 1 0 16 1 0
0 1 105 15 0 1
0 1 4 0 0 5
0 1 77 19 0 2
0 1 71 23 0 2
0 1 123 34 0 0
0 1 6 44 0 5
0 1 16 9 0 4
0 1 75 40 1 5
0 1 7 42 1 0
0 1 22 16 1 5
0 1 46 3 0 2
0 1 115 48 0 0
0 1 96 30 1 2
0 1 30 27 0 2
0 1 25 37 1 4
0 1 129 25 0 5
0 1 55 7 0 3
0 1 149 0 0 4
0 1 60 5 1 0
0 1 88 48 0 1
0 1 2 34 0 5
0 1 101 42 0 1
0 1 63 31 0 1
0 1 44 12 0 4
0 1 64 46 1 3
0 1 80 35 1 0
0 1 136 46 0 0
0 1 141 38 1 1
0 1 107 15 0 3
0 1 149 23 1 1
0 1 73 5 1 1
0 1 13 10 1 4
0 1 29 4 1 5
0 1 18 33 1 2
0 1 142 47 1 2
0 1 105 40 1 2
0 1 46 43 1 4
0 1 69 4 0 3
0 1 34 8 0 0
0 1 109 29 0 3
0 1 130 13 0 2
0 1 86 10 1 2
0 1 74 41 0 4
0 1 120 17 0 3
0 1 88 14 1 2
0 1 72 46 0 4
0 1 39 29 0 4
0 1 69 42 1 3
0 1 41 49 1 0
0 1 65 27 1 1
0 1 5 31 0 4
0 1 50 3 1 3
0 1 11 38 0 5
0 1 30 44 1 2
0 1 144 19 0 3
0 1 148 8 0 2
0 1 53 11 0 1
0 1 68 26 0 4
0 1 85 24 0 5
0 1 110 37 0 0
0 1 38 17 1 4
0 1 78 16 0 2
0 1 146 33 0 3
0 1 92 12 1 5
0 1 72 48 1 2
0 1 119 40 0 1
0 1 86 25 0 4
0 1 32 27 0 5
0 1 94 5 0 5
0 1 125 6 1 4
0 1 141 1 0 3
0 1 23 34 1 4
0 1 54 32 1 1
0 1 7 13 0 5
0 1 123 2 1 5
0 1 142 39 0 3
0 1 32 31 1 2
0 1 98 13 0 4
0 1 101 17 1 5
0 1 125 14 0 0
0 1 60 39 0 4
0 1 107 5 1 3
0 1 35 35 0 3
0 1 26 36 0 0
0 1 127 45 0 5
0 1 78 28 1 2
0 1 53 41 1 3
0 1 56 19 1 1
0 1 121 36 0 5
0 1 15 18 1 1
0 1 118 7 0 2
0 1 97 38 0 4
0 1 74 15 1 0
0 1 148 39 1 0
0 1 96 11 0 3
0 1 28 33 0 5
0 1 99 43 1 3
0 1 24 24 0 4
0 1 55 33 1 4
0 1 70 36 0 3
0 1 143 27 0 4
0 1 17 16 0 1
0 1 40 9 0 5
0 1 109 26 1 0
0 1 48 18 0 4
0 1 95 4 1 2
0 1 117 24 0 1
0 1 63 21 1 3
0 1 89 46 1 2
0 1 54 2 0 0
0 1 89 44 0 0
0 1 133 11 0 2
0 1 93 1 0 5
0 1 116 12 0 2
0 1 67 30 1 1
0 1 103 44 1 3
0 1 132 35 0 5
0 1 8 9 1 1
0 1 56 0 0 1
0 1 113 14 0 4
0 1 12 43 0 1
0 1 119 30 1 0
0 1 122 7 0 0
0 1 8 37 0 3
0 1 100 23 0 4
0 1 64 28 0 5
0 1 27 33 0 1
0 1 129 45 1 4
0 1 128 1 0 2
0 1 38 2 0 1
0 1 124 20 1 0
0 1 57 41 0 5
0 1 121 25 1 3
0 1 138 34 1 1
0 1 131 38 0 2
0 1 20 29 1 2
0 1 87 22 1 3
0 1 126 26 1 2
0 1 59 21 0 5
0 1 75 49 0 4
0 1 14 31 0 5
0 1 47 22 1 4
0 1 12 18 1 2
0 1 11 13 1 0
0 1 58 0 0 0
0 1 45 30 1 5
0 1 136 1 1 1
0 1 143 10 1 3
0 1 71 4 1 4
0 1 19 20 1 1
0 1 106 6 0 5
0 1 27 47 1 4
0 1 132 32 1 3
0 1 127 21 1 4
0 1 134 35 0 2
0 1 20 49 0 3
0 1 10 3 1 0
0 1 140 20 1 3
0 1 93 43 1 5
0 1 116 17 1 0
0 1 22 14 0 3
0 1 43 7 1 4
0 1 120 35 1 1
0 1 1 23 0 0
0 1 83 37 1 1
0 1 61 26 0 5
0 1 9 10 0 1
0 1 10 24 0 3
0 1 91 49 0 2
0 1 84 0 0 3
0 1 139 21 0 1
0 1 31 29 1 5
0 1 57 47 1 5
0 1 111 11 0 0
0 1 90 22 0 5
0 1 2 2 1 2
0 1 91 15 1 4
0 1 31 22 0 1
0 1 110 25 1 0
0 1 21 37 0 5
0 1 106 8 1 4
0 1 100 6 1 1
0 1 128 12 1 0
0 1 147 33 1 0
0 1 19 0 0 2
0 1 140 45 0 2
0 1 4 39 1 1
0 1 25 1 0 4
0 1 87 25 0 1
0 1 77 36 1 1
0 1 49 28 1 4
0 1 33 29 0 1
0 1 83 32 0 5
0 1 48 48 1 5
0 1 3 23 1 3
0 1 34 3 1 4
0 1 59 40 1 0
0 1 73 27 0 3
0 1 112 47 0 3
0 1 145 18 1 3
0 1 45 19 0 5
