0 1 0 13 0 3
0 1 123 8 0 5
0 1 88 39 1 3
0 1 63 25 1 4
0 1 131 19 1 2
0 1 142 9 1 4
0 1 95 33 0 0
0 1 14 6 1 2
0 1 94 47 1 4
0 1 55 2 0 3
0 1 50 13 0 2
0 1 86 26 0 4
0 1 12 9 1 5
0 1 132 3 1 0
0 1 126 42 0 0
0 1 79 7 1 0
0 1 144 11 1 0
0 1 61 11 1 3
0 1 19 18 1 0
0 1 85 10 0 4
0 1 98 31 1 4
0 1 81 32 0 3
0 1 79 44 0 1
0 1 27 21 0 2
0 1 65 41 1 4
0 1 99 26 0 0
0 1 141 4 0 5
0 1 130 15 1 1
0 1 50 13 1 5
0 1 138 44 1 5
0 1 125 30 1 1
0 1 44 16 0 3
0 1 34 5 1 0
0 1 28 12 1 3
0 1 6 25 0 3
0 1 149 39 0 2
0 1 6 43 1 3
0 1 40 37 0 1
0 1 54 12 0 1
0 1 21 17 0 1
0 1 61 7 0 5
0 1 18 3 1 4
0 1 52 29 1 2
0 1 56 1 0 0
0 1 106 25 0 0
0 1 78 20 1 1
0 1 57 17 0 2
0 1 137 10 0 2
0 1 55 39 1 4
0 1 115 49 0 3
0 1 121 31 0 3
0 1 145 28 0 4
0 1 126 46 1 1
0 1 73 24 1 0
0 1 89 34 0 1
0 1 95 28 1 2
0 1 15 0 0 5
0 1 75 48 0 2
0 1 46 33 0 5
0 1 117 48 1 1
0 1 43 30 0 5
0 1 23 23 1 3
0 1 125 36 0 1
0 1 49 11 1 5
0 1 3 36 1 2
0 1 80 46 1 4
0 1 59 1 1 1
0 1 71 40 1 3
0 1 143 45 0 0
0 1 8 38 0 0
0 1 5 40 0 1
0 1 141 28 1 3
0 1 72 22 1 3
0 1 134 23 1 1
0 1 23 22 0 4
0 1 36 47 1 0
0 1 3 36 0 5
0 1 2 20 1 2
0 1 87 14 1 4
0 1 100 37 1 3
0 1 114 25 1 1
0 1 94 31 0 5
0 1 38 16 1 4
0 1 76 15 0 4
0 1 39 6 1 4
0 1 131 34 0 2
0 1 118 4 1 4
0 1 99 12 1 2
0 1 97 0 1 2
0 1 86 29 1 3
0 1 8 48 1 0
0 1 121 17 1 3
0 1 74 27 0 2
0 1 32 35 0 1
0 1 84 24 0 1
0 1 22 14 0 0
0 1 133 48 1 3
0 1 37 49 1 5
0 1 136 43 1 5
0 1 37 8 0 3
0 1 111 48 0 4
0 1 47 25 1 5
0 1 64 35 0 5
0 1 36 0 0 4
0 1 128 38 0 1
0 1 90 40 1 5
0 1 137 8 1 0
0 1 66 18 0 2
0 1 105 33 1 3
0 1 97 21 0 5
0 1 48 15 0 5
0 1 92 3 0 2
0 1 58 38 0 2
0 1 144 47 0 3
0 1 13 42 0 3
0 1 46 37 1 5
0 1 4 43 1 2
0 1 135 23 0 2
0 1 148 7 0 3
0 1 24 36 1 0
0 1 56 3 1 1
0 1 82 37 1 2
0 1 103 2 0 0
0 1 26 36 1 3
0 1 74 27 1 1
0 1 16 20 0 3
0 1 58 20 1 5
0 1 148 3 1 3
0 1 21 12 1 0
0 1 146 49 0 4
0 1 10 11 1 4
0 1 29 30 1 4
0 1 19 35 0 4
0 1 20 16 0 2
0 1 134 45 0 5
0 1 119 35 1 0
0 1 87 42 0 1
0 1 107 25 1 2
0 1 47 7 0 4
0 1 105 34 0 5
0 1 9 32 1 2
0 1 102 38 1 5
0 1 1 46 0 0
0 1 116 22 1 1
0 1 62 44 0 3
0 1 133 32 0 0
0 1 92 5 1 2
0 1 116 49 0 0
0 1 84 47 1 1
0 1 80 39 0 0
0 1 106 33 1 2
0 1 40 6 1 5
0 1 81 34 1 3
0 1 127 19 0 3
0 1 72 32 0 1
0 1 42 19 1 0
0 1 69 21 1 1
0 1 20 46 1 5
0 1 117 18 0 5
0 1 136 8 0 2
0 1 122 14 0 1
0 1 26 1 0 4
0 1 101 2 1 2
0 1 42 5 0 4
0 1 31 9 0 1
0 1 112 31 1 0
0 1 38 19 0 5
0 1 70 0 1 0
0 1 15 28 1 5
0 1 139 23 0 5
0 1 76 34 1 4
0 1 33 10 1 5
0 1 41 42 1 5
0 1 14 30 0 3
0 1 110 4 1 2
0 1 75 22 1 5
0 1 68 6 0 0
0 1 122 41 1 0
0 1 147 24 0 4
0 1 9 41 0 1
0 1 35 29 0 0
0 1 120 45 0 3
0 1 2 44 0 2
0 1 51 14 1 3
0 1 29 21 0 4
0 1 7 7 0 2
0 1 82 11 0 1
0 1 91 20 0 0
0 1 83 30 1 0
0 1 113 2 0 5
0 1 93 38 1 4
0 1 70 40 0 0
0 1 62 39 1 1
0 1 59 28 0 0
0 1 78 15 0 0
0 1 63 1 0 5
0 1 10 43 0 1
0 1 140 10 1 3
0 1 25 10 0 1
0 1 27 14 1 2
0 1 54 21 1 0
0 1 114 26 0 5
0 1 17 18 0 1
0 1 45 16 1 5
0 1 22 6 1 3
0 1 129 22 1 2
0 1 5 1 1 3
0 1 101 5 0 3
0 1 33 17 0 0
0 1 77 24 0 2
0 1 85 13 1 0
0 1 138 8 0 1
0 1 7 17 1 4
0 1 113 40 1 4
0 1 146 29 1 5
0 1 143 47 1 5
0 1 135 12 1 5
0 1 96 4 1 0
0 1 140 16 0 0
0 1 142 26 0 1
0 1 4 45 0 4
0 1 39 15 0 2
0 1 52 18 0 4
0 1 24 42 0 2
0 1 124 23 0 0
0 1 93 0 0 3
0 1 104 43 1 4
0 1 65 35 0 2
0 1 48 44 1 0
0 1 60 37 0 4
0 1 149 46 1 3
0 1 34 41 0 3
0 1 28 27 0 0
0 1 30 13 0 1
0 1 103 49 1 2
0 1 60 29 1 4
0 1 83 33 0 1
0 1 68 9 1 3
0 1 77 5 1 5
0 1 30 19 1 4
0 1 43 24 1 5
0 1 109 45 0 2
0 1 66 26 1 2
0 1 98 2 0 4
0 1 91 27 1 4
0 1 53 6 0 1
0 1 132 41 0 2
0 1 51 32 0 4
0 1 108 8 1 4
0 1 120 3 1 5
0 1 108 9 0 0
0 1 13 27 1 3
0 1 89 36 1 4
0 1 53 49 1 1
0 1 139 13 1 4
0 1 11 27 0 5
0 1 11 24 1 3
0 1 100 30 0 2
0 1 69 21 0 3
0 1 119 5 0 1
0 1 110 14 0 5
0 1 1 4 1 1
0 1 71 47 0 2
0 1 115 28 1 1
0 1 67 32 0 5
0 1 96 12 0 4
0 1 128 7 1 1
0 1 111 31 1 1
0 1 45 11 0 2
0 1 107 17 0 5
