0 1 70 4 1 2
0 1 54 47 0 4
0 1 10 19 1 0
0 1 23 20 1 3
0 1 139 44 1 5
0 1 25 33 1 3
0 1 88 24 1 2
0 1 75 43 1 2
0 1 73 32 1 4
0 1 128 9 1 0
0 1 37 21 1 1
0 1 5 37 0 2
0 1 145 17 0 0
0 1 114 7 0 4
0 1 128 15 0 0
0 1 12 22 0 1
0 1 146 8 1 2
0 1 125 19 1 1
0 1 20 38 1 4
0 1 120 18 1 2
0 1 7 16 0 3
0 1 19 17 0 2
0 1 44 12 1 0
0 1 33 40 1 0
0 1 87 49 0 3
0 1 86 3 0 3
0 1 46 9 1 2
0 1 26 22 1 4
0 1 14 12 0 1
0 1 27 20 1 0
0 1 92 13 0 5
0 1 38 2 1 3
0 1 64 13 0 0
0 1 140 0 0 1
0 1 32 2 1 1
0 1 122 0 1 4
0 1 99 25 0 1
0 1 105 39 0 3
0 1 47 34 0 3
0 1 101 7 1 3
0 1 98 38 1 3
0 1 44 4 0 5
0 1 17 18 0 3
0 1 67 45 1 4
0 1 109 26 1 2
0 1 69 41 0 4
0 1 105 17 1 4
0 1 122 21 0 4
0 1 116 26 0 4
0 1 35 30 0 5
0 1 115 6 1 0
0 1 132 34 1 2
0 1 50 5 0 5
0 1 111 40 1 3
0 1 132 26 0 0
0 1 110 39 0 1
0 1 130 33 1 5
0 1 126 11 1 1
0 1 95 14 1 4
0 1 102 28 1 3
0 1 20 46 0 5
0 1 109 27 0 2
0 1 1 11 0 3
0 1 22 49 0 5
0 1 4 25 0 4
0 1 81 37 1 0
0 1 142 8 0 4
0 1 94 39 1 2
0 1 110 32 1 1
0 1 63 38 0 0
0 1 40 26 0 1
0 1 113 29 0 5
0 1 96 25 1 0
0 1 35 39 1 0
0 1 6 36 0 3
0 1 49 46 0 0
0 1 93 14 1 0
0 1 137 49 0 1
0 1 141 48 0 0
0 1 37 18 0 4
0 1 138 16 0 5
0 1 51 41 1 1
0 1 129 31 1 4
0 1 131 5 1 0
0 1 103 2 0 0
0 1 58 35 1 2
0 1 68 36 1 5
0 1 101 6 0 3
0 1 69 10 1 3
0 1 127 3 0 4
0 1 144 23 1 5
0 1 104 29 1 1
0 1 136 10 1 0
0 1 60 4 1 3
0 1 89 48 0 3
0 1 60 12 0 3
0 1 80 0 1 0
0 1 5 5 1 3
0 1 124 32 1 0
0 1 15 42 1 0
0 1 2 42 1 1
0 1 41 35 1 0
0 1 125 43 0 4
0 1 116 28 1 4
0 1 32 13 0 2
0 1 100 1 1 2
0 1 121 24 1 0
0 1 134 47 1 0
0 1 82 31 0 0
0 1 15 27 0 5
0 1 6 21 1 3
0 1 63 11 1 0
0 1 51 2 0 5
0 1 83 11 0 4
0 1 52 18 0 0
0 1 18 30 0 0
0 1 22 48 1 1
0 1 39 44 0 3
0 1 34 10 0 1
0 1 54 45 1 2
0 1 114 14 1 5
0 1 62 41 0 3
0 1 43 34 1 0
0 1 149 24 1 5
0 1 66 28 1 2
0 1 143 17 0 1
0 1 72 7 1 0
0 1 88 9 0 3
0 1 91 22 1 3
0 1 93 49 0 2
0 1 17 12 1 2
0 1 139 31 0 2
0 1 65 1 0 5
0 1 112 40 1 1
0 1 18 36 1 1
0 1 0 33 0 4
0 1 67 29 0 0
0 1 74 46 1 4
0 1 1 42 1 5
0 1 76 46 1 3
0 1 58 1 0 4
0 1 79 23 1 3
0 1 29 34 0 5
0 1 53 43 0 5
0 1 42 47 0 2
0 1 106 8 1 5
0 1 86 16 1 0
0 1 85 42 1 3
0 1 126 3 0 5
0 1 4 3 1 1
0 1 31 48 0 5
0 1 11 42 1 2
0 1 40 18 1 1
0 1 111 34 0 1
0 1 115 9 0 5
0 1 140 37 1 3
0 1 47 35 1 1
0 1 138 20 1 5
0 1 29 17 1 5
0 1 56 30 0 4
0 1 147 27 1 1
0 1 87 44 1 4
0 1 130 5 0 4
0 1 50 7 1 2
0 1 112 15 0 5
0 1 147 43 0 1
0 1 78 12 0 5
0 1 55 36 0 4
0 1 102 47 0 1
0 1 56 11 1 2
0 1 95 33 0 1
0 1 66 45 0 5
0 1 90 30 1 1
0 1 61 4 0 4
0 1 59 44 0 0
0 1 8 17 1 3
0 1 57 14 0 1
0 1 31 16 1 1
0 1 65 37 1 5
0 1 48 37 1 1
0 1 38 40 0 2
0 1 149 38 0 2
0 1 71 3 1 0
0 1 83 23 1 0
0 1 96 10 0 5
0 1 131 39 0 4
0 1 30 40 0 4
0 1 46 11 0 5
0 1 21 25 0 3
0 1 97 29 1 2
0 1 127 30 1 3
0 1 104 46 0 2
0 1 108 8 1 1
0 1 146 19 0 5
0 1 42 6 1 4
0 1 2 36 0 0
0 1 48 39 0 5
0 1 73 21 0 0
0 1 119 24 0 1
0 1 28 10 0 4
0 1 13 47 1 5
0 1 121 28 0 1
0 1 19 41 1 0
0 1 24 32 1 2
0 1 113 35 1 4
0 1 78 22 1 5
0 1 81 5 0 1
0 1 36 14 1 2
0 1 49 28 1 0
0 1 124 29 0 3
0 1 94 15 0 4
0 1 30 1 1 1
0 1 36 44 0 2
0 1 43 23 0 1
0 1 11 19 0 4
0 1 13 9 0 1
0 1 84 13 1 1
0 1 120 26 0 5
0 1 82 27 1 3
0 1 9 27 0 0
0 1 133 49 0 4
0 1 74 40 0 5
0 1 45 45 1 3
0 1 10 22 0 2
0 1 41 4 0 0
0 1 0 41 1 5
0 1 141 25 1 5
0 1 142 32 1 5
0 1 137 6 1 5
0 1 68 24 0 3
0 1 117 31 1 5
0 1 55 8 1 0
0 1 24 15 0 1
0 1 136 33 0 2
0 1 3 43 1 0
0 1 97 7 0 5
0 1 70 20 0 4
0 1 61 45 1 0
0 1 59 48 1 2
0 1 71 2 0 4
0 1 135 3 1 2
0 1 90 0 0 3
0 1 91 15 0 2
0 1 3 1 0 0
0 1 92 20 1 2
0 1 75 21 0 2
0 1 143 2 1 2
0 1 45 16 0 4
0 1 62 31 1 3
0 1 7 24 1 4
0 1 144 23 0 2
0 1 133 13 1 3
0 1 99 38 1 1
0 1 52 25 1 2
0 1 34 6 1 2
0 1 14 35 1 5
0 1 77 19 0 2
0 1 107 30 0 2
0 1 108 12 0 4
0 1 118 0 0 5
0 1 148 49 1 0
0 1 28 20 1 1
0 1 103 28 1 5
0 1 123 37 0 4
0 1 72 48 0 4
0 1 39 47 1 3
0 1 89 22 1 0
0 1 64 26 1 3
0 1 57 38 1 5
0 1 21 42 1 4
