0 1 75 12 0 0
0 1 137 17 1 3
0 1 25 47 1 0
0 1 83 23 0 5
0 1 20 22 0 0
0 1 142 45 0 4
0 1 46 21 1 4
0 1 108 3 1 3
0 1 78 37 1 0
0 1 81 41 0 3
0 1 148 18 0 2
0 1 94 2 1 5
0 1 109 39 1 2
0 1 73 11 1 4
0 1 9 40 1 5
0 1 25 10 0 0
0 1 43 24 0 1
0 1 28 25 0 2
0 1 118 27 1 3
0 1 54 29 0 4
0 1 24 0 1 4
0 1 145 46 1 2
0 1 58 6 1 2
0 1 31 8 1 2
0 1 72 23 0 2
0 1 42 25 1 1
0 1 17 11 1 0
0 1 45 38 0 3
0 1 64 12 1 2
0 1 96 18 1 3
0 1 70 35 0 4
0 1 48 28 1 4
0 1 53 24 0 2
0 1 113 42 1 0
0 1 110 44 1 4
0 1 34 35 0 2
0 1 69 34 1 3
0 1 75 1 1 1
0 1 130 24 0 3
0 1 131 30 0 2
0 1 1 43 0 0
0 1 35 21 1 5
0 1 38 3 0 5
0 1 89 34 0 0
0 1 42 25 0 5
0 1 65 48 1 0
0 1 95 36 0 1
0 1 68 32 1 5
0 1 144 10 0 5
0 1 61 19 1 4
0 1 51 26 0 4
0 1 43 14 1 2
0 1 29 13 1 0
0 1 63 49 0 2
0 1 93 38 1 1
0 1 136 20 0 1
0 1 140 35 1 1
0 1 113 10 0 2
0 1 99 5 1 5
0 1 91 6 0 0
0 1 70 16 1 2
0 1 10 9 1 4
0 1 6 16 1 3
0 1 71 28 0 2
0 1 125 15 1 2
0 1 107 5 0 1
0 1 22 39 1 4
0 1 83 33 1 1
0 1 62 20 0 4
0 1 59 43 1 3
0 1 107 1 1 5
0 1 74 30 0 1
0 1 30 19 0 1
0 1 22 2 0 1
0 1 110 7 0 1
0 1 86 47 1 5
0 1 127 21 0 0
0 1 139 0 1 0
0 1 88 39 0 0
0 1 56 26 0 1
0 1 80 41 0 4
0 1 141 44 0 3
0 1 54 11 1 2
0 1 39 28 1 5
0 1 13 17 1 1
0 1 132 8 0 3
0 1 129 42 0 4
0 1 111 12 1 1
0 1 124 38 1 0
0 1 12 32 0 2
0 1 44 32 1 4
0 1 103 4 0 0
0 1 133 29 0 5
0 1 2 32 1 0
0 1 37 47 1 1
0 1 11 31 0 1
0 1 135 30 0 3
0 1 143 15 0 0
0 1 94 36 0 4
0 1 50 7 1 4
0 1 76 8 1 4
0 1 32 2 1 4
0 1 47 48 0 3
0 1 100 0 1 3
0 1 112 37 1 5
0 1 114 36 1 0
0 1 3 15 0 5
0 1 31 20 0 5
0 1 28 29 1 3
0 1 102 9 1 1
0 1 18 0 0 1
0 1 120 27 1 0
0 1 39 17 0 4
0 1 102 4 0 4
0 1 57 37 1 4
0 1 139 5 0 2
0 1 64 34 0 5
0 1 40 26 1 0
0 1 6 47 0 4
0 1 144 13 1 2
0 1 148 40 1 0
0 1 78 27 0 5
0 1 62 44 1 2
0 1 26 45 0 0
0 1 0 16 0 5
0 1 29 6 0 4
0 1 116 18 1 0
0 1 85 25 1 4
0 1 12 42 1 3
0 1 19 49 1 3
0 1 45 23 1 0
0 1 68 28 0 1
0 1 67 22 0 3
0 1 127 22 1 5
0 1 56 35 1 0
0 1 126 14 0 3
0 1 90 41 1 5
0 1 21 30 1 5
0 1 46 17 0 0
0 1 100 33 0 4
0 1 97 5 1 3
0 1 27 34 0 1
0 1 69 49 0 4
0 1 105 23 1 1
0 1 82 13 1 4
0 1 36 32 0 1
0 1 15 43 1 1
0 1 52 19 0 0
0 1 112 23 0 3
0 1 8 8 1 5
0 1 23 39 0 5
0 1 89 16 1 0
0 1 79 21 1 1
0 1 123 4 1 5
0 1 121 20 0 2
0 1 49 45 0 3
0 1 21 37 0 1
0 1 35 15 0 3
0 1 5 26 0 2
0 1 26 4 1 1
0 1 145 46 0 3
0 1 14 1 1 0
0 1 136 31 1 4
0 1 73 16 0 4
0 1 140 47 0 3
0 1 66 33 0 5
0 1 119 22 1 1
0 1 41 22 0 4
0 1 134 9 1 3
0 1 10 35 0 3
0 1 81 42 1 1
0 1 120 2 0 3
0 1 87 19 1 5
0 1 115 27 1 2
0 1 119 31 0 0
0 1 47 49 1 0
0 1 126 11 1 3
0 1 121 31 1 5
0 1 85 36 0 2
0 1 115 33 0 3
0 1 40 3 0 1
0 1 104 48 1 4
0 1 49 20 1 0
0 1 30 44 1 1
0 1 138 9 1 0
0 1 44 34 0 4
0 1 16 0 0 2
0 1 90 29 0 1
0 1 84 12 0 5
0 1 124 49 0 1
0 1 77 41 1 1
0 1 50 31 0 2
0 1 38 28 1 3
0 1 130 29 1 0
0 1 15 13 0 1
0 1 96 36 0 5
0 1 131 14 1 1
0 1 101 40 1 1
0 1 55 43 1 5
0 1 3 1 1 3
0 1 114 10 0 4
0 1 105 14 0 0
0 1 60 38 0 2
0 1 8 11 0 5
0 1 146 9 0 5
0 1 149 25 0 3
0 1 133 21 1 2
0 1 4 40 1 3
0 1 101 4 0 3
0 1 116 18 0 1
0 1 74 5 1 0
0 1 41 46 1 4
0 1 149 36 1 3
0 1 95 45 1 1
0 1 141 10 1 1
0 1 118 24 0 5
0 1 125 27 0 4
0 1 132 43 1 2
0 1 147 12 1 3
0 1 53 38 1 4
0 1 65 6 0 1
0 1 17 40 0 4
0 1 109 8 0 1
0 1 128 39 0 1
0 1 84 7 1 0
0 1 7 14 0 5
0 1 59 12 0 4
0 1 9 7 0 5
0 1 92 19 0 2
0 1 5 3 1 4
0 1 91 45 1 5
0 1 14 44 0 5
0 1 122 13 0 3
0 1 80 26 1 3
0 1 106 48 1 1
0 1 146 7 1 2
0 1 33 17 1 5
0 1 129 46 1 5
0 1 98 42 0 5
0 1 36 41 1 2
0 1 88 30 1 0
0 1 134 46 0 0
0 1 71 47 1 2
0 1 143 2 1 0
0 1 7 3 1 0
0 1 147 0 0 5
0 1 93 18 0 4
0 1 79 28 0 0
0 1 99 15 0 1
0 1 142 21 1 3
0 1 32 1 0 2
0 1 72 6 1 5
0 1 98 31 1 3
0 1 48 38 0 5
0 1 23 33 1 2
0 1 137 48 0 5
0 1 33 24 0 4
0 1 4 49 0 5
0 1 27 14 1 4
0 1 87 19 0 3
0 1 103 45 1 2
0 1 19 34 0 2
0 1 138 13 0 5
0 1 16 46 1 1
0 1 51 35 1 5
0 1 108 37 0 2
0 1 52 39 1 3
0 1 34 32 1 3
0 1 66 4 1 2
0 1 86 9 0 2
