0 1 121 20 1 3
0 1 126 24 1 2
0 1 0 13 0 3
0 1 29 11 0 1
0 1 78 48 1 2
0 1 0 49 1 1
0 1 101 16 1 2
0 1 90 47 0 0
0 1 12 14 1 3
0 1 91 17 0 1
0 1 50 24 0 1
0 1 124 6 0 2
0 1 1 38 0 2
0 1 66 9 0 3
0 1 37 60 0 0
0 1 103 19 0 2
0 1 38 7 0 2
0 1 32 58 1 1
0 1 14 48 0 3
0 1 58 15 0 3
0 1 45 41 0 1
0 1 72 18 1 0
0 1 28 23 1 2
0 1 25 9 1 1
0 1 9 44 1 3
0 1 115 51 1 2
0 1 62 33 0 0
0 1 15 57 1 1
0 1 95 53 0 3
0 1 67 16 1 3
0 1 35 35 0 1
0 1 61 26 0 3
0 1 60 10 1 3
0 1 20 57 0 0
0 1 4 13 1 2
0 1 77 39 1 0
0 1 76 33 0 3
0 1 40 36 1 1
0 1 73 59 0 1
0 1 97 5 1 0
0 1 1 34 1 2
0 1 80 27 1 0
0 1 62 3 1 0
0 1 82 54 1 0
0 1 86 22 1 0
0 1 53 28 1 0
0 1 85 40 0 1
0 1 3 39 0 2
0 1 68 54 1 2
0 1 122 17 0 0
0 1 47 25 1 3
0 1 113 53 0 0
0 1 80 15 0 1
0 1 112 12 0 0
0 1 7 41 1 0
0 1 51 63 1 1
0 1 79 55 1 2
0 1 123 30 1 3
0 1 8 52 0 2
0 1 42 14 1 0
0 1 57 47 1 3
0 1 48 58 1 3
0 1 109 51 0 0
0 1 19 11 1 3
0 1 96 26 0 0
0 1 58 18 1 2
0 1 43 4 0 1
0 1 13 40 0 2
0 1 8 42 1 3
0 1 31 1 1 1
0 1 118 8 0 2
0 1 49 2 1 1
0 1 19 32 0 3
0 1 30 16 0 1
0 1 23 11 1 2
0 1 12 6 0 1
0 1 124 44 1 0
0 1 43 19 1 1
0 1 74 49 1 3
0 1 65 52 0 0
0 1 74 15 0 2
0 1 82 8 0 0
0 1 90 22 1 2
0 1 59 35 1 3
0 1 2 38 1 0
0 1 25 45 0 3
0 1 14 37 1 1
0 1 20 60 1 2
0 1 88 43 1 1
0 1 96 62 1 3
0 1 6 64 1 1
0 1 15 64 0 3
0 1 56 62 0 0
0 1 93 4 0 2
0 1 93 7 1 0
0 1 22 46 0 0
0 1 92 50 0 1
0 1 27 13 0 1
0 1 33 54 1 1
0 1 50 13 1 0
0 1 60 12 0 1
0 1 42 39 0 1
0 1 38 5 1 2
0 1 84 51 0 3
0 1 52 43 1 0
0 1 24 61 1 1
0 1 47 27 0 3
0 1 3 32 1 1
0 1 94 25 0 2
0 1 119 56 1 1
0 1 127 45 0 1
0 1 83 31 1 2
0 1 71 57 1 3
0 1 5 50 0 3
0 1 88 9 0 2
0 1 23 30 0 2
0 1 113 37 1 0
0 1 110 47 1 1
0 1 46 5 0 1
0 1 89 20 0 1
0 1 69 1 1 3
0 1 111 63 0 0
0 1 11 7 1 3
0 1 128 0 0 3
0 1 111 17 1 3
0 1 123 54 0 3
0 1 75 7 1 1
0 1 105 42 1 0
0 1 76 23 1 3
0 1 16 8 0 1
0 1 107 33 1 2
0 1 98 48 1 1
0 1 21 20 1 2
0 1 119 12 0 3
0 1 59 19 0 0
0 1 65 56 1 0
0 1 49 31 0 1
0 1 57 55 0 3
0 1 78 34 0 0
0 1 63 56 0 3
0 1 44 59 0 0
0 1 63 55 1 1
0 1 91 53 1 1
0 1 120 3 1 1
0 1 128 41 1 3
0 1 36 64 1 0
0 1 110 28 0 1
0 1 114 36 1 0
0 1 87 59 1 2
0 1 27 10 1 0
0 1 17 57 1 2
0 1 99 52 0 3
0 1 41 29 0 2
0 1 54 42 0 1
0 1 97 34 0 3
0 1 112 46 1 3
0 1 46 29 1 1
0 1 95 24 1 0
0 1 56 1 1 0
0 1 75 18 0 1
0 1 64 37 0 3
0 1 29 26 1 2
0 1 118 36 1 3
0 1 106 29 1 3
0 1 104 3 1 2
0 1 48 50 0 0
0 1 116 25 1 0
0 1 54 61 1 3
0 1 129 27 0 1
0 1 34 27 1 2
0 1 115 48 0 0
0 1 40 6 0 0
0 1 21 14 0 2
0 1 122 38 1 1
0 1 22 44 1 2
0 1 107 21 0 3
0 1 39 47 1 2
0 1 17 17 0 2
0 1 69 63 0 2
0 1 73 30 1 1
0 1 35 43 1 3
0 1 41 62 1 1
0 1 79 14 0 1
0 1 81 35 0 0
0 1 10 28 1 3
0 1 61 59 1 3
0 1 70 31 0 3
0 1 125 0 1 0
0 1 26 58 0 2
0 1 121 23 0 0
0 1 117 2 0 0
0 1 53 62 0 2
0 1 125 8 0 3
0 1 89 22 1 1
0 1 102 21 1 0
0 1 34 46 0 2
0 1 45 61 1 2
0 1 94 64 1 2
0 1 18 21 1 1
0 1 108 40 1 3
0 1 39 34 0 1
0 1 72 50 0 2
0 1 67 43 0 2
0 1 9 20 0 0
0 1 36 45 0 0
0 1 92 55 1 0
0 1 64 10 1 1
0 1 84 0 1 1
0 1 100 12 0 2
0 1 129 39 1 3
0 1 71 42 0 2
0 1 105 15 0 0
0 1 33 49 0 2
0 1 102 53 0 2
0 1 18 11 0 0
0 1 120 60 0 3
0 1 126 18 0 3
0 1 66 22 1 3
0 1 108 49 0 0
0 1 101 38 0 3
0 1 116 0 0 2
0 1 85 2 1 3
0 1 103 21 1 2
0 1 114 32 0 0
0 1 16 60 1 1
0 1 13 61 1 0
0 1 77 28 0 2
0 1 4 35 0 2
0 1 104 4 0 0
0 1 55 5 0 3
0 1 99 45 1 2
0 1 26 44 1 1
0 1 83 29 0 0
0 1 87 41 0 2
