0 1 116 41 0 1
0 1 96 20 1 2
0 1 109 44 0 3
0 1 69 43 1 2
0 1 6 13 0 2
0 1 23 25 1 3
0 1 107 57 1 0
0 1 7 53 1 0
0 1 31 15 1 2
0 1 8 29 1 3
0 1 37 49 0 2
0 1 65 64 1 2
0 1 6 26 1 0
0 1 121 41 0 3
0 1 45 37 0 1
0 1 61 21 1 3
0 1 100 50 1 2
0 1 48 3 1 1
0 1 126 50 1 0
0 1 17 7 1 3
0 1 49 1 1 2
0 1 67 31 1 3
0 1 118 59 1 1
0 1 66 42 0 2
0 1 33 33 1 2
0 1 33 11 0 2
0 1 10 51 0 1
0 1 102 48 1 0
0 1 65 19 0 0
0 1 70 16 1 3
0 1 41 18 0 3
0 1 11 9 0 1
0 1 12 12 1 1
0 1 44 43 1 1
0 1 59 8 1 1
0 1 84 53 1 3
0 1 123 19 1 2
0 1 102 39 0 0
0 1 26 28 0 2
0 1 22 20 1 0
0 1 86 62 1 1
0 1 56 60 0 3
0 1 8 36 0 3
0 1 42 46 0 2
0 1 112 57 1 1
0 1 50 22 1 2
0 1 72 38 1 1
0 1 10 47 1 3
0 1 17 4 0 3
0 1 119 13 1 3
0 1 109 63 1 3
0 1 41 56 1 3
0 1 76 48 1 3
0 1 54 36 1 0
0 1 94 30 0 0
0 1 57 54 0 2
0 1 93 61 1 1
0 1 2 47 0 0
0 1 83 38 0 0
0 1 9 54 1 3
0 1 25 25 1 1
0 1 106 1 1 1
0 1 64 58 0 3
0 1 38 29 0 0
0 1 27 40 1 0
0 1 68 45 1 1
0 1 4 19 1 3
0 1 16 25 1 2
0 1 39 35 1 0
0 1 110 3 1 2
0 1 122 20 0 1
0 1 101 40 1 2
0 1 35 10 0 3
0 1 120 10 0 1
0 1 95 28 0 0
0 1 124 8 0 2
0 1 58 63 0 2
0 1 91 39 0 1
0 1 81 52 0 3
0 1 87 16 0 0
0 1 49 48 0 2
0 1 3 12 0 3
0 1 82 24 1 0
0 1 20 0 0 3
0 1 106 38 0 2
0 1 80 7 0 1
0 1 125 14 1 3
0 1 55 36 1 2
0 1 1 62 0 2
0 1 43 49 1 3
0 1 66 32 1 3
0 1 64 46 1 3
0 1 113 0 1 0
0 1 38 59 1 2
0 1 113 64 0 1
0 1 117 55 1 3
0 1 20 60 1 1
0 1 22 56 0 2
0 1 32 58 1 1
0 1 32 18 0 2
0 1 111 16 0 2
0 1 75 8 0 0
0 1 126 37 0 2
0 1 127 42 0 3
0 1 55 34 0 1
0 1 37 24 1 2
0 1 127 17 1 0
0 1 79 52 0 0
0 1 95 59 1 3
0 1 52 27 1 0
0 1 92 46 1 0
0 1 13 54 1 0
0 1 96 44 0 0
0 1 79 6 1 1
0 1 28 30 1 2
0 1 77 52 0 2
0 1 5 30 1 1
0 1 125 14 0 1
0 1 47 46 1 1
0 1 73 35 1 1
0 1 40 28 0 3
0 1 74 32 1 1
0 1 69 5 0 3
0 1 108 34 1 2
0 1 88 34 0 0
0 1 61 10 0 2
0 1 53 53 0 1
0 1 18 45 0 3
0 1 104 27 0 1
0 1 15 6 0 0
0 1 90 29 0 1
0 1 73 60 0 2
0 1 51 54 0 1
0 1 63 35 1 2
0 1 63 55 0 1
0 1 26 39 1 2
0 1 94 21 1 1
0 1 98 57 0 3
0 1 36 2 0 0
0 1 84 11 0 0
0 1 34 40 0 1
0 1 19 14 0 0
0 1 89 23 0 2
0 1 24 9 0 0
0 1 111 18 1 0
0 1 4 45 0 2
0 1 11 9 1 2
0 1 46 22 1 3
0 1 88 33 1 3
0 1 12 56 0 0
0 1 78 31 1 2
0 1 67 41 0 2
0 1 91 64 1 0
0 1 81 1 1 0
0 1 123 61 0 0
0 1 118 47 0 2
0 1 85 26 1 2
0 1 117 6 0 2
0 1 21 3 1 3
0 1 34 62 1 3
0 1 120 33 1 0
0 1 71 45 1 0
0 1 90 18 1 1
0 1 51 17 1 2
0 1 82 61 0 3
0 1 54 21 0 0
0 1 105 7 1 2
0 1 99 56 0 1
0 1 129 58 1 0
0 1 23 57 0 2
0 1 100 26 0 3
0 1 5 29 0 2
0 1 87 27 1 2
0 1 21 51 0 0
0 1 45 64 1 3
0 1 7 2 0 1
0 1 58 42 1 0
0 1 27 40 0 3
0 1 46 2 0 2
0 1 29 49 0 1
0 1 16 22 0 1
0 1 75 25 1 0
0 1 25 15 0 3
0 1 115 31 0 1
0 1 110 50 0 1
0 1 57 47 1 1
0 1 105 51 0 2
0 1 35 37 1 0
0 1 60 5 0 1
0 1 121 55 1 0
0 1 40 59 1 0
0 1 77 12 1 2
0 1 97 10 1 0
0 1 107 37 0 3
0 1 128 5 1 0
0 1 15 23 1 1
0 1 93 31 0 0
0 1 80 0 1 2
0 1 60 43 1 3
0 1 31 15 0 0
0 1 78 20 0 3
0 1 39 53 0 2
0 1 30 36 1 1
0 1 59 39 0 3
0 1 43 15 0 1
0 1 112 19 0 1
0 1 3 51 1 3
0 1 72 55 0 2
0 1 2 8 1 3
0 1 83 2 1 3
0 1 24 44 1 2
0 1 36 4 1 2
0 1 0 49 0 0
0 1 128 13 0 1
0 1 1 34 1 3
0 1 44 48 0 1
0 1 52 4 0 1
0 1 114 60 0 0
0 1 97 6 0 3
0 1 47 5 0 2
0 1 108 14 0 2
0 1 14 11 1 1
0 1 99 17 1 1
0 1 104 41 1 0
0 1 30 1 0 3
0 1 62 58 1 2
0 1 115 44 1 1
0 1 62 27 0 3
0 1 48 32 0 0
0 1 9 32 0 2
0 1 13 24 0 3
0 1 14 43 0 0
0 1 98 33 1 1
0 1 18 35 1 3
