0 1 121 16 0 2
0 1 72 3 0 0
0 1 78 61 0 3
0 1 29 7 0 0
0 1 93 30 1 1
0 1 63 2 1 0
0 1 86 59 1 3
0 1 104 4 0 0
0 1 71 20 1 3
0 1 122 32 0 0
0 1 27 64 1 2
0 1 116 18 0 3
0 1 5 11 0 3
0 1 35 46 1 3
0 1 28 17 1 1
0 1 95 21 0 1
0 1 3 45 1 0
0 1 50 61 0 2
0 1 80 43 1 2
0 1 88 53 1 1
0 1 107 60 1 0
0 1 59 21 0 2
0 1 112 23 1 0
0 1 61 49 1 3
0 1 36 61 1 1
0 1 110 64 1 0
0 1 22 34 1 2
0 1 101 52 1 3
0 1 76 5 1 1
0 1 70 31 1 3
0 1 90 2 0 2
0 1 96 39 0 2
0 1 15 9 1 2
0 1 89 58 1 2
0 1 37 13 0 3
0 1 45 62 0 3
0 1 58 56 0 0
0 1 115 16 1 1
0 1 100 26 0 2
0 1 62 19 1 1
0 1 51 41 1 0
0 1 41 37 0 3
0 1 129 42 1 3
0 1 127 37 0 0
0 1 13 7 0 1
0 1 6 47 1 0
0 1 2 36 1 0
0 1 124 35 0 1
0 1 0 28 1 2
0 1 53 27 1 1
0 1 51 14 0 3
0 1 90 24 1 3
0 1 66 4 1 3
0 1 47 50 1 3
0 1 57 23 0 1
0 1 11 39 0 1
0 1 100 1 1 0
0 1 30 29 0 0
0 1 8 55 1 2
0 1 20 28 1 0
0 1 26 44 1 0
0 1 42 6 0 2
0 1 116 42 1 2
0 1 14 58 0 0
0 1 38 51 1 0
0 1 18 62 0 0
0 1 29 25 1 0
0 1 85 60 0 1
0 1 102 0 1 0
0 1 96 41 1 3
0 1 75 10 0 2
0 1 106 19 0 0
0 1 6 38 0 0
0 1 11 63 1 1
0 1 33 33 0 3
0 1 19 24 0 1
0 1 105 35 1 2
0 1 30 28 1 3
0 1 74 55 0 3
0 1 1 8 1 0
0 1 69 22 0 0
0 1 76 10 0 0
0 1 110 8 0 1
0 1 1 16 0 3
0 1 52 33 1 2
0 1 122 26 1 3
0 1 5 12 1 2
0 1 87 47 0 2
0 1 105 52 0 2
0 1 59 53 1 3
0 1 9 57 1 2
0 1 119 30 1 2
0 1 87 2 1 3
0 1 117 22 1 3
0 1 114 45 1 3
0 1 84 43 1 3
0 1 17 60 0 3
0 1 56 10 0 1
0 1 35 28 0 1
0 1 67 40 1 1
0 1 65 36 1 1
0 1 113 42 1 0
0 1 118 12 0 0
0 1 16 9 0 0
0 1 27 63 0 0
0 1 109 23 0 3
0 1 24 15 1 2
0 1 42 6 1 1
0 1 118 1 1 2
0 1 120 49 1 1
0 1 52 33 0 0
0 1 81 64 1 1
0 1 104 39 1 0
0 1 94 11 0 1
0 1 124 0 1 1
0 1 107 54 0 0
0 1 61 57 0 3
0 1 93 17 0 0
0 1 126 50 0 0
0 1 83 7 0 3
0 1 108 52 0 0
0 1 79 59 0 0
0 1 36 9 0 3
0 1 31 56 0 3
0 1 9 0 0 2
0 1 114 48 0 3
0 1 106 48 1 2
0 1 18 32 1 1
0 1 115 18 0 2
0 1 98 29 1 2
0 1 72 19 1 3
0 1 60 53 0 2
0 1 39 27 1 0
0 1 123 4 0 2
0 1 49 25 0 1
0 1 45 49 1 2
0 1 43 11 1 2
0 1 102 12 0 3
0 1 125 5 0 0
0 1 21 7 1 2
0 1 73 35 1 3
0 1 10 57 1 1
0 1 77 55 0 0
0 1 129 40 0 3
0 1 13 45 1 2
0 1 31 25 1 3
0 1 8 49 0 0
0 1 25 35 1 0
0 1 88 1 0 1
0 1 55 26 0 1
0 1 48 44 0 1
0 1 38 58 0 1
0 1 33 50 1 1
0 1 101 21 0 0
0 1 44 63 0 3
0 1 26 38 0 1
0 1 58 0 1 3
0 1 56 14 1 1
0 1 78 46 1 0
0 1 7 27 0 3
0 1 68 60 1 2
0 1 125 12 1 1
0 1 92 62 0 2
0 1 10 17 0 3
0 1 7 23 1 2
0 1 25 15 0 1
0 1 92 47 1 3
0 1 128 59 1 2
0 1 41 41 1 2
0 1 123 31 1 1
0 1 24 51 0 2
0 1 43 14 0 0
0 1 84 47 0 1
0 1 79 51 1 3
0 1 46 29 1 3
0 1 60 26 1 0
0 1 82 43 0 0
0 1 66 11 0 0
0 1 63 37 0 1
0 1 34 30 0 0
0 1 55 14 1 2
0 1 28 44 0 2
0 1 2 31 0 0
0 1 68 38 0 3
0 1 0 37 0 2
0 1 32 17 0 2
0 1 99 36 1 2
0 1 50 46 1 2
0 1 48 5 1 2
0 1 113 8 0 3
0 1 126 6 1 3
0 1 75 22 1 2
0 1 111 10 0 3
0 1 111 48 1 0
0 1 85 27 1 2
0 1 12 4 1 1
0 1 22 32 0 2
0 1 86 34 0 1
0 1 117 40 0 2
0 1 17 54 1 3
0 1 127 63 1 2
0 1 34 16 1 0
0 1 49 24 1 2
0 1 64 13 0 1
0 1 112 29 0 1
0 1 39 18 0 0
0 1 65 54 0 1
0 1 15 42 0 1
0 1 12 1 0 3
0 1 98 36 0 3
0 1 14 25 1 2
0 1 120 56 0 2
0 1 97 38 1 2
0 1 70 20 0 1
0 1 3 13 0 2
0 1 99 3 0 3
0 1 119 33 0 1
0 1 19 5 1 3
0 1 77 20 1 2
0 1 23 44 0 3
0 1 73 3 0 1
0 1 89 64 0 3
0 1 47 21 0 3
0 1 80 55 0 1
0 1 67 62 0 1
0 1 83 20 1 0
0 1 82 2 1 1
0 1 128 34 0 3
0 1 71 32 0 3
0 1 95 41 1 1
0 1 16 9 1 1
0 1 109 57 1 0
0 1 94 15 1 0
0 1 53 59 0 1
