0 1 60 61 1 1
0 1 101 17 0 1
0 1 19 12 0 0
0 1 50 25 0 0
0 1 30 45 0 1
0 1 109 46 0 1
0 1 89 13 0 0
0 1 39 2 1 2
0 1 104 4 0 0
0 1 29 24 0 2
0 1 19 48 1 1
0 1 53 21 0 0
0 1 58 42 0 1
0 1 69 47 1 0
0 1 28 57 0 3
0 1 46 51 1 0
0 1 58 23 1 3
0 1 82 36 0 3
0 1 9 19 1 1
0 1 7 4 0 1
0 1 98 9 0 1
0 1 33 5 1 1
0 1 22 48 0 0
0 1 31 0 0 0
0 1 108 64 0 3
0 1 56 33 0 2
0 1 92 59 1 3
0 1 2 30 0 2
0 1 66 27 1 3
0 1 67 17 0 2
0 1 48 60 1 2
0 1 70 30 0 3
0 1 81 62 0 2
0 1 81 15 1 0
0 1 88 5 1 3
0 1 125 3 1 0
0 1 45 39 1 0
0 1 44 40 1 3
0 1 28 34 1 3
0 1 32 55 1 3
0 1 80 32 1 0
0 1 115 31 0 0
0 1 74 20 1 3
0 1 124 44 0 0
0 1 15 18 1 2
0 1 88 58 0 0
0 1 33 63 0 0
0 1 101 35 1 1
0 1 47 34 0 1
0 1 71 6 1 1
0 1 79 17 0 0
0 1 14 52 1 0
0 1 63 10 1 3
0 1 129 56 0 3
0 1 5 38 1 0
0 1 56 51 1 2
0 1 115 12 1 3
0 1 10 50 0 0
0 1 31 53 1 1
0 1 1 42 1 3
0 1 20 22 1 1
0 1 118 13 0 1
0 1 109 14 1 2
0 1 92 1 0 0
0 1 38 8 1 1
0 1 32 11 0 0
0 1 128 16 0 2
0 1 49 40 0 2
0 1 24 37 1 1
0 1 52 36 1 1
0 1 73 63 0 3
0 1 35 21 0 1
0 1 62 60 0 1
0 1 126 43 1 3
0 1 90 0 1 1
0 1 85 11 1 2
0 1 82 41 1 1
0 1 17 1 1 1
0 1 121 51 0 1
0 1 127 32 1 3
0 1 25 10 1 1
0 1 118 13 1 2
0 1 41 58 0 3
0 1 52 28 0 2
0 1 8 49 1 1
0 1 12 51 1 3
0 1 66 46 0 2
0 1 39 24 0 0
0 1 126 49 0 0
0 1 114 53 0 3
0 1 16 62 0 3
0 1 122 25 1 2
0 1 61 31 1 3
0 1 27 43 0 1
0 1 103 29 1 2
0 1 1 10 0 0
0 1 57 44 1 1
0 1 72 33 0 1
0 1 6 52 0 2
0 1 68 63 0 1
0 1 83 54 0 0
0 1 75 7 0 3
0 1 111 26 0 0
0 1 13 9 1 0
0 1 110 7 0 0
0 1 46 59 0 0
0 1 105 9 0 3
0 1 63 47 0 3
0 1 87 40 1 1
0 1 42 34 0 0
0 1 55 58 1 1
0 1 98 64 1 1
0 1 50 57 1 0
0 1 84 4 1 3
0 1 78 44 0 3
0 1 21 8 0 2
0 1 79 19 1 3
0 1 99 6 0 2
0 1 64 47 0 1
0 1 3 61 0 0
0 1 107 59 1 1
0 1 95 60 0 0
0 1 104 18 1 0
0 1 100 15 1 3
0 1 93 42 1 2
0 1 51 56 0 2
0 1 107 37 0 0
0 1 83 45 1 2
0 1 4 41 1 3
0 1 99 61 1 3
0 1 68 55 1 2
0 1 43 7 0 1
0 1 15 42 0 0
0 1 112 20 1 2
0 1 119 54 0 1
0 1 59 2 0 0
0 1 72 26 1 2
0 1 22 12 1 2
0 1 23 12 1 1
0 1 2 49 1 2
0 1 106 3 1 2
0 1 26 16 0 0
0 1 59 53 1 2
0 1 54 24 1 3
0 1 7 28 1 1
0 1 129 22 1 0
0 1 106 29 0 3
0 1 111 25 1 1
0 1 36 19 0 0
0 1 18 37 1 2
0 1 122 58 0 2
0 1 77 22 1 3
0 1 77 57 0 1
0 1 94 56 0 1
0 1 12 16 0 1
0 1 10 38 1 1
0 1 113 21 0 2
0 1 49 29 1 1
0 1 100 27 0 0
0 1 0 28 0 0
0 1 84 18 0 3
0 1 117 11 0 3
0 1 78 62 1 1
0 1 86 50 0 2
0 1 17 47 0 2
0 1 76 31 0 1
0 1 97 14 0 0
0 1 116 39 1 3
0 1 112 35 0 2
0 1 29 25 1 3
0 1 55 30 0 0
0 1 123 41 0 2
0 1 86 50 1 3
0 1 113 48 1 3
0 1 16 45 1 0
0 1 18 18 0 1
0 1 64 0 1 2
0 1 108 22 1 2
0 1 125 35 0 3
0 1 61 0 0 3
0 1 24 64 0 0
0 1 42 57 1 2
0 1 8 20 0 0
0 1 36 19 1 2
0 1 21 55 1 1
0 1 9 8 0 3
0 1 120 1 0 2
0 1 51 14 1 1
0 1 44 46 0 0
0 1 34 54 0 3
0 1 54 41 0 0
0 1 53 39 1 1
0 1 85 1 0 3
0 1 4 34 0 2
0 1 97 5 1 0
0 1 23 38 0 2
0 1 65 48 1 2
0 1 96 24 0 1
0 1 27 26 1 1
0 1 120 2 1 1
0 1 35 52 1 3
0 1 102 39 0 2
0 1 11 3 1 1
0 1 37 23 1 0
0 1 123 53 1 0
0 1 26 43 1 2
0 1 127 50 0 1
0 1 116 44 0 2
0 1 95 38 1 3
0 1 34 46 1 3
0 1 47 32 1 1
0 1 41 17 1 3
0 1 14 27 0 2
0 1 67 15 1 1
0 1 121 23 1 2
0 1 13 35 0 0
0 1 75 49 1 3
0 1 105 62 1 0
0 1 30 61 1 2
0 1 71 16 0 3
0 1 43 4 1 2
0 1 91 6 0 0
0 1 11 11 0 1
0 1 57 36 0 0
0 1 103 3 0 3
0 1 94 45 1 3
0 1 74 8 0 0
0 1 110 54 1 2
0 1 3 60 1 3
0 1 87 14 0 3
0 1 76 27 1 1
0 1 62 32 1 2
0 1 96 40 1 0
0 1 80 28 0 3
