0 1 65 8 0 3
0 1 12 0 1 3
0 1 65 25 1 3
0 1 30 61 1 3
0 1 0 9 0 3
0 1 55 14 0 0
0 1 71 64 0 0
0 1 23 62 1 3
0 1 106 32 0 0
0 1 126 16 0 3
0 1 43 46 1 1
0 1 126 60 1 0
0 1 42 12 0 1
0 1 16 20 0 3
0 1 33 6 0 3
0 1 69 62 1 1
0 1 16 18 1 3
0 1 72 19 1 1
0 1 18 53 1 2
0 1 105 50 0 0
0 1 1 48 0 0
0 1 17 56 0 1
0 1 70 49 1 3
0 1 55 1 1 0
0 1 95 21 0 1
0 1 40 58 1 0
0 1 89 11 1 0
0 1 51 56 1 0
0 1 3 51 1 3
0 1 61 20 0 0
0 1 67 13 1 3
0 1 129 27 1 2
0 1 43 49 0 2
0 1 79 24 1 3
0 1 83 63 0 0
0 1 110 29 1 0
0 1 53 55 0 1
0 1 20 45 0 2
0 1 110 17 0 1
0 1 57 4 1 2
0 1 114 40 0 2
0 1 125 41 0 3
0 1 73 25 1 2
0 1 72 39 0 1
0 1 49 35 0 2
0 1 29 9 0 0
0 1 129 7 0 2
0 1 37 44 0 2
0 1 66 23 1 1
0 1 11 5 0 2
0 1 35 49 1 1
0 1 1 36 1 2
0 1 88 10 1 1
0 1 21 57 1 0
0 1 76 38 0 0
0 1 42 54 1 2
0 1 13 29 0 2
0 1 90 28 0 0
0 1 86 13 1 1
0 1 15 15 0 1
0 1 34 30 0 2
0 1 10 37 1 2
0 1 103 47 0 0
0 1 95 32 1 2
0 1 109 40 0 0
0 1 30 15 0 3
0 1 94 3 0 2
0 1 115 37 0 1
0 1 63 17 1 0
0 1 82 36 1 1
0 1 45 4 1 1
0 1 64 31 0 2
0 1 32 27 0 0
0 1 5 53 0 0
0 1 127 51 1 2
0 1 112 33 1 0
0 1 100 24 1 1
0 1 59 26 1 3
0 1 14 10 0 3
0 1 91 45 1 3
0 1 45 14 0 2
0 1 48 18 1 1
0 1 62 12 1 2
0 1 103 57 1 2
0 1 36 35 0 1
0 1 22 50 0 3
0 1 61 22 1 2
0 1 96 32 0 3
0 1 93 33 0 1
0 1 67 0 0 1
0 1 76 61 1 2
0 1 93 15 1 0
0 1 86 60 0 2
0 1 128 64 0 1
0 1 22 5 1 0
0 1 49 5 1 1
0 1 82 56 0 2
0 1 111 11 0 1
0 1 84 33 0 3
0 1 36 52 1 0
0 1 104 14 1 3
0 1 31 6 0 1
0 1 46 6 0 2
0 1 87 30 1 1
0 1 27 34 0 2
0 1 99 2 1 1
0 1 115 38 1 1
0 1 54 55 0 3
0 1 58 63 1 2
0 1 117 3 0 3
0 1 6 16 1 0
0 1 33 44 1 0
0 1 122 52 0 3
0 1 119 43 1 3
0 1 2 48 0 3
0 1 68 54 1 1
0 1 101 1 1 1
0 1 99 21 0 0
0 1 85 34 1 3
0 1 83 8 1 0
0 1 7 53 1 1
0 1 68 24 0 2
0 1 24 40 0 3
0 1 39 26 1 0
0 1 20 57 1 1
0 1 94 42 1 0
0 1 74 58 0 1
0 1 37 28 1 2
0 1 62 39 0 0
0 1 58 28 0 3
0 1 84 2 1 3
0 1 118 19 0 2
0 1 44 23 1 0
0 1 12 58 0 3
0 1 70 29 0 3
0 1 6 1 0 3
0 1 71 23 1 3
0 1 66 21 0 2
0 1 51 59 0 2
0 1 2 12 1 0
0 1 108 22 1 0
0 1 59 47 0 1
0 1 38 49 1 0
0 1 97 60 0 3
0 1 18 30 0 3
0 1 118 46 1 0
0 1 79 51 0 0
0 1 116 64 0 2
0 1 124 11 0 2
0 1 111 18 1 0
0 1 75 41 0 1
0 1 120 17 1 2
0 1 0 27 1 3
0 1 123 50 1 2
0 1 17 27 1 1
0 1 29 25 1 1
0 1 97 45 1 1
0 1 78 47 0 3
0 1 41 52 0 1
0 1 11 13 1 0
0 1 81 8 1 2
0 1 14 59 1 3
0 1 92 63 1 1
0 1 64 35 1 0
0 1 108 42 0 1
0 1 98 23 1 2
0 1 123 7 0 1
0 1 106 31 1 3
0 1 44 34 0 0
0 1 50 46 1 2
0 1 54 9 1 2
0 1 28 36 0 3
0 1 7 29 0 1
0 1 80 41 0 2
0 1 53 30 1 0
0 1 87 26 0 2
0 1 4 43 0 0
0 1 23 20 0 2
0 1 52 19 1 0
0 1 89 55 0 0
0 1 112 62 0 2
0 1 105 22 1 1
0 1 121 62 1 0
0 1 100 12 0 3
0 1 116 51 1 1
0 1 56 5 1 3
0 1 8 48 1 1
0 1 3 64 0 3
0 1 40 42 0 3
0 1 9 10 1 0
0 1 32 35 1 3
0 1 50 39 0 2
0 1 127 4 0 3
0 1 104 59 0 0
0 1 47 38 0 3
0 1 120 14 0 1
0 1 41 44 1 3
0 1 128 0 1 0
0 1 60 54 1 0
0 1 10 52 0 2
0 1 102 37 1 0
0 1 91 10 0 2
0 1 77 48 1 2
0 1 35 31 0 1
0 1 121 55 0 2
0 1 27 56 1 3
0 1 57 8 0 1
0 1 107 3 1 0
0 1 26 7 0 0
0 1 109 3 1 1
0 1 73 15 0 2
0 1 34 2 1 2
0 1 52 17 0 3
0 1 28 32 1 1
0 1 69 16 0 1
0 1 48 11 0 3
0 1 88 59 0 1
0 1 4 43 1 2
0 1 9 2 0 0
0 1 25 0 1 2
0 1 96 41 1 0
0 1 119 4 0 0
0 1 85 19 0 3
0 1 74 61 1 0
0 1 60 46 0 3
0 1 80 63 1 3
0 1 90 18 1 2
0 1 107 36 0 0
0 1 26 26 1 1
0 1 15 47 1 2
0 1 125 53 1 3
0 1 5 38 1 2
0 1 63 31 0 0
0 1 25 21 0 3
