0 1 74 31 1 2
0 1 63 61 1 0
0 1 59 28 0 0
0 1 122 62 0 0
0 1 59 54 1 1
0 1 82 21 0 2
0 1 91 46 0 3
0 1 79 38 0 3
0 1 64 27 0 2
0 1 120 6 0 2
0 1 31 29 0 2
0 1 98 23 0 3
0 1 39 32 0 1
0 1 55 57 0 0
0 1 113 20 0 1
0 1 63 49 0 3
0 1 126 18 0 1
0 1 28 51 0 0
0 1 97 44 1 2
0 1 75 30 0 1
0 1 96 43 1 2
0 1 110 33 1 0
0 1 0 0 1 2
0 1 24 7 0 2
0 1 103 41 1 0
0 1 17 50 0 2
0 1 60 5 0 3
0 1 85 2 1 0
0 1 96 45 0 3
0 1 94 14 0 1
0 1 5 21 1 0
0 1 111 14 0 0
0 1 16 58 1 3
0 1 94 52 1 0
0 1 101 36 1 1
0 1 29 16 0 0
0 1 53 41 1 3
0 1 95 22 1 3
0 1 121 45 0 0
0 1 78 15 0 1
0 1 93 4 0 1
0 1 20 63 1 2
0 1 15 32 1 0
0 1 102 24 0 1
0 1 61 48 1 1
0 1 112 34 0 3
0 1 37 60 1 3
0 1 9 25 1 2
0 1 83 13 0 1
0 1 44 53 1 2
0 1 78 56 1 0
0 1 26 2 1 1
0 1 68 9 1 1
0 1 4 17 0 3
0 1 19 48 1 2
0 1 127 24 0 3
0 1 19 26 0 2
0 1 0 39 0 3
0 1 23 63 1 0
0 1 104 30 0 3
0 1 66 3 1 3
0 1 70 40 1 3
0 1 21 48 1 3
0 1 56 27 1 0
0 1 15 55 0 0
0 1 32 8 0 2
0 1 32 55 1 3
0 1 81 57 0 3
0 1 95 54 0 2
0 1 129 35 1 3
0 1 56 1 0 2
0 1 54 46 1 1
0 1 109 62 0 1
0 1 33 11 0 2
0 1 33 18 1 2
0 1 119 13 0 2
0 1 14 44 1 0
0 1 73 20 1 2
0 1 14 26 0 1
0 1 121 42 1 2
0 1 62 47 0 3
0 1 35 8 1 3
0 1 6 8 1 1
0 1 23 52 0 3
0 1 10 28 0 3
0 1 45 53 0 3
0 1 52 47 1 0
0 1 27 37 0 3
0 1 57 19 0 3
0 1 92 60 0 2
0 1 8 12 0 2
0 1 98 59 1 3
0 1 26 64 0 2
0 1 87 19 1 2
0 1 111 58 1 1
0 1 22 42 1 3
0 1 41 39 0 1
0 1 77 25 1 0
0 1 54 56 0 3
0 1 127 3 1 2
0 1 40 30 1 2
0 1 71 37 1 2
0 1 43 56 0 1
0 1 25 36 0 0
0 1 89 0 1 1
0 1 20 10 0 0
0 1 49 35 0 0
0 1 120 1 1 0
0 1 40 8 0 0
0 1 125 7 1 0
0 1 107 5 0 1
0 1 11 51 0 2
0 1 51 35 0 2
0 1 105 63 1 1
0 1 82 33 1 1
0 1 77 23 0 1
0 1 28 40 1 2
0 1 64 12 1 0
0 1 43 26 1 0
0 1 53 17 0 2
0 1 30 44 0 3
0 1 29 29 1 0
0 1 99 12 0 1
0 1 39 53 1 1
0 1 50 3 1 0
0 1 42 6 1 3
0 1 114 7 0 1
0 1 114 47 1 2
0 1 4 5 1 2
0 1 110 11 0 0
0 1 101 38 0 1
0 1 74 6 0 1
0 1 128 15 1 3
0 1 30 10 1 2
0 1 116 64 0 1
0 1 41 20 1 0
0 1 8 29 1 3
0 1 70 18 0 0
0 1 123 5 1 0
0 1 118 23 1 0
0 1 36 13 0 3
0 1 119 45 1 2
0 1 58 51 1 3
0 1 35 1 0 1
0 1 38 48 0 0
0 1 104 19 1 1
0 1 68 14 0 2
0 1 108 24 1 0
0 1 17 4 1 2
0 1 103 61 0 2
0 1 99 55 1 2
0 1 18 22 0 2
0 1 109 16 1 1
0 1 107 42 1 1
0 1 89 50 0 3
0 1 13 46 0 2
0 1 125 4 0 0
0 1 11 22 1 0
0 1 106 47 1 1
0 1 42 43 0 3
0 1 72 9 1 2
0 1 67 34 0 0
0 1 123 62 0 3
0 1 6 64 0 3
0 1 65 58 1 2
0 1 12 17 1 1
0 1 49 2 1 3
0 1 34 50 1 0
0 1 5 49 0 1
0 1 66 60 0 1
0 1 108 32 0 3
0 1 37 28 0 2
0 1 58 43 0 0
0 1 116 10 1 3
0 1 81 33 1 3
0 1 79 38 1 0
0 1 88 54 1 3
0 1 90 61 1 1
0 1 34 21 0 1
0 1 36 37 1 1
0 1 16 56 0 2
0 1 50 19 0 0
0 1 106 59 0 2
0 1 69 24 1 2
0 1 62 36 1 2
0 1 1 15 0 2
0 1 65 0 0 0
0 1 72 27 0 3
0 1 113 49 1 2
0 1 7 40 1 0
0 1 129 34 0 1
0 1 112 46 1 0
0 1 86 61 0 3
0 1 48 57 0 1
0 1 124 18 0 3
0 1 31 34 1 2
0 1 7 35 0 1
0 1 80 31 1 0
0 1 115 16 1 2
0 1 2 40 1 1
0 1 87 28 0 1
0 1 84 41 0 2
0 1 85 31 0 1
0 1 91 25 1 1
0 1 22 54 0 0
0 1 48 17 1 0
0 1 71 22 0 1
0 1 102 41 1 1
0 1 57 52 1 1
0 1 118 3 0 1
0 1 69 63 0 3
0 1 24 25 1 3
0 1 3 14 0 3
0 1 105 11 0 1
0 1 115 23 0 2
0 1 86 59 1 0
0 1 67 32 1 2
0 1 61 53 0 0
0 1 10 30 1 0
0 1 27 15 1 0
0 1 60 51 1 1
0 1 126 4 1 3
0 1 13 55 1 1
0 1 73 20 0 3
0 1 3 39 1 2
0 1 18 42 1 0
0 1 122 10 1 1
0 1 45 50 1 1
0 1 46 57 1 2
0 1 92 0 1 3
0 1 117 26 1 3
0 1 84 6 1 0
0 1 90 12 0 3
0 1 21 2 0 2
