0 1 97 0 1 1
0 1 82 28 0 1
0 1 111 42 1 0
0 1 115 54 1 2
0 1 20 24 0 2
0 1 86 14 0 2
0 1 31 31 0 2
0 1 28 38 1 1
0 1 34 60 1 0
0 1 108 61 1 1
0 1 42 9 1 1
0 1 119 57 0 1
0 1 12 48 1 3
0 1 115 39 0 1
0 1 57 63 0 3
0 1 117 25 1 3
0 1 29 55 1 0
0 1 43 13 0 0
0 1 103 19 0 3
0 1 35 12 0 1
0 1 19 32 0 2
0 1 100 4 0 2
0 1 17 8 1 0
0 1 3 49 1 3
0 1 15 3 1 2
0 1 0 10 0 3
0 1 74 6 0 0
0 1 71 7 0 3
0 1 61 62 1 3
0 1 6 27 0 0
0 1 76 15 1 0
0 1 101 29 0 0
0 1 22 12 0 2
0 1 21 41 0 0
0 1 100 47 1 0
0 1 65 37 1 2
0 1 87 0 1 2
0 1 119 40 1 0
0 1 81 26 0 3
0 1 47 48 1 1
0 1 126 5 0 1
0 1 104 44 0 1
0 1 40 15 1 3
0 1 79 17 1 1
0 1 24 64 0 1
0 1 44 51 0 0
0 1 78 16 0 2
0 1 24 40 1 2
0 1 128 33 0 2
0 1 70 9 1 2
0 1 18 50 1 2
0 1 4 46 0 1
0 1 49 44 0 3
0 1 121 62 1 0
0 1 92 58 0 1
0 1 22 24 1 3
0 1 80 30 0 1
0 1 121 45 0 2
0 1 47 37 0 3
0 1 72 57 0 3
0 1 74 46 1 0
0 1 86 58 1 2
0 1 15 59 0 2
0 1 46 64 1 0
0 1 83 36 0 3
0 1 30 19 0 0
0 1 83 6 1 2
0 1 53 61 1 3
0 1 36 22 0 2
0 1 2 41 0 2
0 1 57 5 1 3
0 1 61 60 0 2
0 1 87 48 0 0
0 1 54 34 0 0
0 1 113 25 0 1
0 1 60 7 0 1
0 1 11 43 0 2
0 1 88 24 0 0
0 1 125 7 1 2
0 1 107 14 1 1
0 1 29 28 0 3
0 1 118 26 1 1
0 1 17 62 0 1
0 1 45 35 0 3
0 1 32 50 1 1
0 1 51 20 0 3
0 1 70 45 0 3
0 1 13 39 1 2
0 1 16 52 1 2
0 1 53 11 0 3
0 1 105 46 1 2
0 1 19 40 1 3
0 1 55 20 1 0
0 1 101 54 1 3
0 1 0 16 1 0
0 1 26 53 0 2
0 1 72 3 1 3
0 1 75 32 0 3
0 1 33 55 0 1
0 1 106 36 0 0
0 1 33 63 1 2
0 1 50 52 1 0
0 1 5 57 1 0
0 1 110 25 1 2
0 1 55 1 0 3
0 1 1 23 0 1
0 1 105 21 0 1
0 1 127 1 0 1
0 1 66 8 1 3
0 1 96 10 0 1
0 1 27 11 1 1
0 1 95 18 1 0
0 1 14 16 1 1
0 1 31 21 1 2
0 1 99 23 0 0
0 1 44 2 1 1
0 1 42 4 0 1
0 1 67 38 1 2
0 1 37 59 0 3
0 1 110 30 0 2
0 1 5 17 0 3
0 1 116 47 0 1
0 1 41 31 1 3
0 1 39 28 0 2
0 1 62 32 1 1
0 1 58 42 0 2
0 1 98 29 1 3
0 1 23 42 1 1
0 1 46 27 0 3
0 1 40 29 0 1
0 1 91 20 1 2
0 1 75 18 1 3
0 1 80 45 1 1
0 1 1 2 1 0
0 1 124 26 0 0
0 1 125 39 0 0
0 1 6 17 1 2
0 1 48 4 1 0
0 1 30 34 1 3
0 1 122 61 0 0
0 1 56 28 1 0
0 1 106 47 1 2
0 1 59 36 0 2
0 1 8 56 1 1
0 1 93 0 1 0
0 1 129 56 0 2
0 1 38 34 1 2
0 1 112 30 1 0
0 1 63 33 1 1
0 1 85 22 0 1
0 1 51 8 1 1
0 1 63 37 0 0
0 1 56 21 0 3
0 1 43 54 1 0
0 1 84 2 1 3
0 1 7 51 1 2
0 1 81 41 1 1
0 1 69 24 1 1
0 1 120 38 0 3
0 1 112 27 0 1
0 1 124 6 1 1
0 1 102 55 1 3
0 1 52 63 1 0
0 1 90 18 1 2
0 1 58 32 1 0
0 1 12 64 0 2
0 1 28 49 0 0
0 1 16 25 0 0
0 1 9 50 0 0
0 1 2 53 1 3
0 1 95 11 0 2
0 1 129 20 1 1
0 1 73 30 0 3
0 1 114 44 1 2
0 1 73 40 1 1
0 1 107 14 0 3
0 1 10 6 0 3
0 1 77 51 0 1
0 1 103 60 1 3
0 1 126 9 1 0
0 1 108 43 0 0
0 1 66 35 0 2
0 1 123 1 0 0
0 1 91 5 0 2
0 1 84 36 0 1
0 1 92 22 1 3
0 1 45 33 1 0
0 1 93 31 0 1
0 1 118 12 0 3
0 1 34 16 0 3
0 1 102 21 0 0
0 1 79 38 0 0
0 1 89 17 0 0
0 1 60 4 1 3
0 1 120 49 1 1
0 1 113 52 1 3
0 1 23 5 0 0
0 1 59 7 1 0
0 1 35 64 1 3
0 1 39 58 1 3
0 1 96 23 1 2
0 1 20 10 1 0
0 1 123 34 1 1
0 1 68 13 1 2
0 1 88 0 1 3
0 1 114 55 0 2
0 1 27 9 0 3
0 1 13 33 0 3
0 1 32 53 0 1
0 1 116 61 1 2
0 1 25 2 0 2
0 1 25 18 1 1
0 1 14 14 0 0
0 1 89 58 1 0
0 1 94 22 0 0
0 1 117 19 0 2
0 1 122 15 1 2
0 1 36 50 1 3
0 1 68 29 0 2
0 1 49 31 1 0
0 1 38 37 0 1
0 1 104 56 1 3
0 1 82 59 1 1
0 1 90 47 0 3
0 1 85 35 1 0
0 1 18 62 0 2
0 1 50 48 0 2
0 1 64 42 1 3
0 1 69 44 0 0
0 1 37 41 1 3
0 1 48 35 0 1
0 1 9 57 1 2
0 1 94 43 1 3
0 1 67 45 0 0
