0 1 65 34 0 1
0 1 45 37 0 1
0 1 81 32 1 1
0 1 90 3 0 3
0 1 124 10 0 1
0 1 26 36 1 1
0 1 69 46 0 3
0 1 13 2 1 1
0 1 2 59 0 1
0 1 15 30 1 1
0 1 99 31 0 0
0 1 107 55 1 1
0 1 55 48 1 3
0 1 62 26 0 1
0 1 116 43 1 3
0 1 87 53 1 3
0 1 37 25 0 2
0 1 89 0 0 0
0 1 60 4 1 0
0 1 115 55 0 3
0 1 22 56 0 0
0 1 118 48 0 1
0 1 129 44 1 3
0 1 114 47 0 3
0 1 61 58 0 3
0 1 65 9 1 2
0 1 2 62 1 0
0 1 72 1 0 2
0 1 120 22 1 3
0 1 85 28 0 3
0 1 86 57 1 0
0 1 0 25 1 0
0 1 13 27 0 0
0 1 16 44 0 2
0 1 76 33 1 3
0 1 45 6 1 2
0 1 102 14 0 0
0 1 56 8 1 0
0 1 4 8 1 3
0 1 110 16 0 3
0 1 87 11 0 2
0 1 109 23 0 3
0 1 119 4 1 3
0 1 12 26 0 3
0 1 22 21 1 0
0 1 94 41 1 1
0 1 70 51 1 1
0 1 26 26 0 0
0 1 11 39 1 3
0 1 74 42 1 0
0 1 53 17 0 3
0 1 38 46 1 0
0 1 10 43 0 1
0 1 58 2 1 0
0 1 93 49 0 0
0 1 21 38 1 2
0 1 20 13 0 3
0 1 0 12 0 0
0 1 36 52 0 1
0 1 64 60 0 0
0 1 37 6 1 3
0 1 85 12 1 3
0 1 6 52 0 0
0 1 103 54 0 3
0 1 15 64 0 3
0 1 88 19 1 1
0 1 63 41 0 0
0 1 124 27 1 3
0 1 93 29 1 0
0 1 69 17 1 0
0 1 33 61 1 2
0 1 96 15 1 1
0 1 32 35 0 2
0 1 40 3 0 2
0 1 20 18 1 3
0 1 57 24 0 3
0 1 9 40 1 3
0 1 42 55 1 2
0 1 109 58 1 0
0 1 100 59 0 0
0 1 27 35 1 0
0 1 79 40 0 1
0 1 25 45 1 1
0 1 98 9 1 0
0 1 74 39 0 2
0 1 95 51 0 2
0 1 8 64 0 0
0 1 4 19 0 3
0 1 120 22 0 0
0 1 47 33 1 0
0 1 67 49 0 1
0 1 125 56 0 3
0 1 39 60 0 2
0 1 118 30 1 2
0 1 9 20 0 3
0 1 114 14 1 1
0 1 30 32 0 0
0 1 14 1 0 3
0 1 91 45 1 0
0 1 23 37 0 0
0 1 77 19 0 2
0 1 105 25 1 3
0 1 119 53 0 1
0 1 42 31 0 3
0 1 122 28 0 1
0 1 32 18 1 0
0 1 43 54 0 2
0 1 95 5 1 0
0 1 40 47 1 0
0 1 29 39 1 0
0 1 84 23 0 1
0 1 25 50 0 2
0 1 29 42 0 2
0 1 117 24 1 0
0 1 78 15 0 0
0 1 108 26 0 2
0 1 127 62 1 2
0 1 113 51 0 0
0 1 19 41 1 3
0 1 51 18 0 1
0 1 112 40 0 0
0 1 35 24 0 2
0 1 35 7 1 2
0 1 11 28 0 2
0 1 24 54 0 1
0 1 58 16 0 2
0 1 101 36 1 3
0 1 102 12 1 2
0 1 103 5 1 2
0 1 24 8 1 1
0 1 98 29 0 2
0 1 48 7 0 3
0 1 111 46 1 2
0 1 27 50 0 3
0 1 16 11 1 1
0 1 91 3 0 0
0 1 101 58 0 1
0 1 36 57 1 2
0 1 54 52 0 3
0 1 31 11 0 3
0 1 68 30 1 3
0 1 123 48 1 0
0 1 108 31 1 2
0 1 113 49 1 2
0 1 111 21 0 3
0 1 73 61 1 0
0 1 117 29 0 1
0 1 73 44 0 1
0 1 75 59 1 2
0 1 3 2 1 2
0 1 41 61 1 3
0 1 41 60 0 1
0 1 94 10 0 3
0 1 99 62 1 3
0 1 54 63 1 0
0 1 129 35 0 3
0 1 86 22 0 2
0 1 116 56 0 1
0 1 28 20 0 2
0 1 123 43 0 2
0 1 19 50 0 1
0 1 82 7 0 0
0 1 56 42 0 3
0 1 126 48 0 2
0 1 100 23 1 2
0 1 6 14 1 2
0 1 3 27 0 1
0 1 50 15 0 3
0 1 59 47 1 2
0 1 82 54 1 0
0 1 1 36 1 2
0 1 96 63 0 1
0 1 14 28 1 0
0 1 38 64 0 2
0 1 122 32 1 2
0 1 128 57 0 3
0 1 51 10 1 2
0 1 60 53 0 2
0 1 33 20 0 1
0 1 49 62 0 1
0 1 121 6 1 1
0 1 112 50 1 0
0 1 121 0 0 1
0 1 39 10 1 0
0 1 104 40 1 2
0 1 76 20 0 0
0 1 105 55 0 0
0 1 47 42 0 1
0 1 48 21 1 2
0 1 92 16 1 0
0 1 46 21 1 1
0 1 83 41 0 2
0 1 71 30 0 0
0 1 126 38 1 0
0 1 107 13 0 1
0 1 17 36 0 0
0 1 64 63 1 2
0 1 31 0 1 3
0 1 97 34 1 2
0 1 66 37 1 2
0 1 106 51 1 3
0 1 8 23 1 0
0 1 34 17 1 1
0 1 21 43 0 0
0 1 90 27 1 2
0 1 115 34 1 3
0 1 71 38 1 3
0 1 57 45 1 2
0 1 88 1 0 1
0 1 50 37 1 3
0 1 127 5 0 3
0 1 80 5 0 1
0 1 1 15 0 2
0 1 81 1 0 0
0 1 10 60 1 3
0 1 53 46 1 1
0 1 77 31 1 1
0 1 18 9 1 3
0 1 18 59 0 3
0 1 68 35 0 1
0 1 52 4 0 1
0 1 59 32 0 3
0 1 30 47 1 1
0 1 128 9 1 1
0 1 5 12 0 1
0 1 61 17 1 2
0 1 75 56 0 2
0 1 5 34 1 0
0 1 66 22 0 1
0 1 62 13 1 0
0 1 23 38 1 1
0 1 104 3 0 1
0 1 44 58 1 2
0 1 80 2 1 3
