0 1 89 57 0 2
0 1 88 45 1 2
0 1 63 35 1 0
0 1 20 58 0 3
0 1 48 10 1 0
0 1 36 46 1 0
0 1 41 36 1 3
0 1 93 39 1 3
0 1 101 37 1 0
0 1 57 62 1 1
0 1 114 11 0 2
0 1 75 40 1 1
0 1 118 3 1 1
0 1 43 31 0 1
0 1 88 55 0 1
0 1 94 16 0 2
0 1 115 9 0 2
0 1 116 20 0 0
0 1 76 8 1 1
0 1 114 55 1 0
0 1 35 25 1 2
0 1 104 33 1 1
0 1 126 6 1 1
0 1 44 53 1 0
0 1 110 0 0 3
0 1 21 5 0 2
0 1 9 59 0 1
0 1 70 4 1 2
0 1 55 27 0 2
0 1 57 54 0 2
0 1 1 42 0 2
0 1 17 50 1 2
0 1 76 62 0 3
0 1 25 41 0 1
0 1 85 28 1 0
0 1 56 23 1 3
0 1 120 32 0 1
0 1 15 52 0 3
0 1 87 61 1 0
0 1 55 51 1 1
0 1 96 29 0 0
0 1 105 45 0 1
0 1 97 20 0 3
0 1 37 44 0 2
0 1 14 5 1 0
0 1 71 2 0 3
0 1 102 39 0 2
0 1 60 63 0 3
0 1 77 19 0 2
0 1 37 15 1 3
0 1 22 3 0 0
0 1 119 55 0 3
0 1 86 2 1 0
0 1 7 44 1 0
0 1 53 7 1 1
0 1 106 43 0 2
0 1 86 51 0 0
0 1 113 10 0 3
0 1 112 38 1 2
0 1 29 56 0 1
0 1 96 53 1 1
0 1 54 49 0 1
0 1 104 21 0 1
0 1 0 25 1 1
0 1 124 48 0 0
0 1 90 18 1 2
0 1 102 28 1 3
0 1 41 24 0 0
0 1 117 9 1 1
0 1 111 23 0 1
0 1 109 60 1 0
0 1 91 63 0 2
0 1 45 14 1 1
0 1 49 63 0 0
0 1 80 54 1 0
0 1 73 25 1 3
0 1 117 26 0 3
0 1 118 10 0 2
0 1 121 1 0 1
0 1 108 47 1 1
0 1 54 6 1 0
0 1 45 47 0 0
0 1 12 64 1 3
0 1 95 8 0 2
0 1 11 52 1 2
0 1 69 22 1 3
0 1 65 24 1 2
0 1 23 29 0 2
0 1 5 32 0 3
0 1 4 2 0 2
0 1 52 39 1 1
0 1 72 34 1 2
0 1 129 19 0 3
0 1 18 58 1 1
0 1 82 30 0 0
0 1 40 64 0 0
0 1 38 17 1 0
0 1 61 61 0 3
0 1 61 18 1 1
0 1 81 44 1 1
0 1 111 12 1 0
0 1 82 4 1 1
0 1 107 29 1 1
0 1 81 30 0 3
0 1 46 26 0 2
0 1 22 20 1 1
0 1 124 27 1 3
0 1 16 7 0 2
0 1 116 16 1 0
0 1 6 35 0 2
0 1 109 57 0 3
0 1 79 31 1 3
0 1 8 51 0 2
0 1 69 41 0 2
0 1 91 0 1 1
0 1 106 45 1 3
0 1 87 60 0 2
0 1 17 36 0 2
0 1 110 40 1 0
0 1 90 17 0 1
0 1 43 13 1 0
0 1 6 58 1 2
0 1 13 50 0 3
0 1 125 34 0 3
0 1 127 59 0 0
0 1 19 6 0 3
0 1 121 40 1 2
0 1 30 48 0 3
0 1 53 38 0 3
0 1 98 37 0 3
0 1 3 29 1 3
0 1 123 4 0 0
0 1 34 1 1 3
0 1 128 52 0 1
0 1 47 33 1 0
0 1 24 43 1 0
0 1 92 60 0 1
0 1 68 33 0 3
0 1 42 25 0 0
0 1 80 21 0 3
0 1 112 31 0 0
0 1 31 9 0 3
0 1 85 10 0 1
0 1 0 33 0 2
0 1 33 46 0 1
0 1 59 23 1 2
0 1 31 24 1 1
0 1 39 35 0 3
0 1 46 1 1 2
0 1 100 41 1 3
0 1 56 26 0 1
0 1 7 34 0 1
0 1 48 42 0 0
0 1 79 16 0 1
0 1 20 20 1 2
0 1 27 18 1 0
0 1 59 49 0 2
0 1 12 11 0 0
0 1 58 17 0 3
0 1 32 24 0 3
0 1 92 21 1 0
0 1 36 22 0 1
0 1 84 48 0 1
0 1 23 5 1 1
0 1 19 14 1 2
0 1 108 14 0 0
0 1 15 62 1 0
0 1 89 0 1 0
0 1 49 38 1 1
0 1 40 35 1 1
0 1 122 15 0 1
0 1 64 37 0 1
0 1 10 49 0 0
0 1 13 7 1 3
0 1 58 13 1 3
0 1 93 54 0 1
0 1 50 31 1 2
0 1 39 30 1 2
0 1 2 12 0 1
0 1 113 54 1 3
0 1 60 28 1 1
0 1 74 57 1 0
0 1 52 36 0 0
0 1 24 15 0 0
0 1 94 22 1 0
0 1 78 46 1 2
0 1 103 55 1 2
0 1 70 12 0 2
0 1 75 42 0 1
0 1 28 13 0 1
0 1 78 22 0 2
0 1 67 61 0 2
0 1 16 34 1 0
0 1 98 41 1 0
0 1 63 8 0 0
0 1 10 16 1 3
0 1 67 32 1 2
0 1 71 4 1 3
0 1 129 43 1 1
0 1 47 50 0 0
0 1 115 32 1 0
0 1 95 57 1 1
0 1 4 3 1 3
0 1 44 0 0 2
0 1 18 11 0 1
0 1 99 47 0 3
0 1 11 8 0 3
0 1 30 64 1 2
0 1 34 56 0 0
0 1 65 45 0 0
0 1 50 47 0 2
0 1 105 60 1 3
0 1 120 42 1 3
0 1 26 52 0 0
0 1 99 12 1 3
0 1 5 30 1 1
0 1 125 19 1 0
0 1 126 38 0 0
0 1 28 63 1 1
0 1 32 53 1 2
0 1 127 17 1 2
0 1 21 27 1 0
0 1 123 51 1 3
0 1 42 23 1 0
0 1 33 6 1 2
0 1 66 5 1 3
0 1 62 64 0 1
0 1 38 44 0 3
0 1 128 28 1 2
0 1 29 11 1 3
0 1 27 14 0 3
0 1 73 53 0 3
0 1 26 2 1 1
0 1 77 56 1 3
