0 1 79 26 1 0
0 1 14 23 1 0
0 1 49 30 0 1
0 1 34 29 1 3
0 1 66 53 1 2
0 1 86 2 0 2
0 1 125 32 0 3
0 1 118 51 1 2
0 1 50 9 0 0
0 1 121 43 0 2
0 1 108 24 0 2
0 1 16 5 0 3
0 1 123 39 1 2
0 1 89 45 0 0
0 1 24 6 0 0
0 1 51 48 0 0
0 1 0 53 0 1
0 1 70 33 0 2
0 1 119 6 0 2
0 1 124 55 0 1
0 1 116 18 0 2
0 1 106 13 0 1
0 1 60 9 1 3
0 1 104 28 1 1
0 1 46 10 1 1
0 1 115 34 0 1
0 1 31 25 1 0
0 1 89 39 1 3
0 1 47 27 1 1
0 1 124 62 1 3
0 1 115 3 1 3
0 1 69 16 1 2
0 1 63 57 0 1
0 1 38 4 0 1
0 1 6 7 1 2
0 1 15 58 0 0
0 1 113 30 0 0
0 1 95 50 0 0
0 1 85 45 1 2
0 1 77 18 0 3
0 1 24 27 1 3
0 1 58 8 1 1
0 1 13 2 0 1
0 1 36 20 1 2
0 1 35 38 1 1
0 1 53 0 1 1
0 1 74 37 1 1
0 1 112 11 1 3
0 1 125 15 1 0
0 1 105 40 1 2
0 1 109 64 1 2
0 1 107 31 0 1
0 1 75 7 0 1
0 1 31 10 0 0
0 1 112 49 0 2
0 1 38 19 1 1
0 1 102 13 0 0
0 1 122 48 0 2
0 1 66 41 0 1
0 1 9 23 0 2
0 1 11 16 1 0
0 1 99 14 0 0
0 1 5 9 1 2
0 1 94 11 1 1
0 1 28 63 0 3
0 1 87 35 0 1
0 1 80 26 0 1
0 1 67 4 0 0
0 1 61 60 1 1
0 1 28 54 1 2
0 1 68 59 0 0
0 1 20 41 0 3
0 1 40 25 1 2
0 1 29 1 1 0
0 1 30 42 0 2
0 1 65 52 1 3
0 1 44 47 1 1
0 1 122 47 1 3
0 1 55 17 1 0
0 1 32 62 0 2
0 1 0 5 1 1
0 1 96 14 0 2
0 1 17 8 0 0
0 1 101 37 1 2
0 1 15 61 1 1
0 1 3 40 1 0
0 1 7 55 1 2
0 1 21 63 1 0
0 1 95 54 1 1
0 1 41 44 0 3
0 1 12 28 0 0
0 1 105 57 0 0
0 1 37 36 1 0
0 1 86 12 1 0
0 1 5 47 0 2
0 1 18 7 0 3
0 1 22 50 1 3
0 1 2 36 0 2
0 1 67 56 1 3
0 1 61 39 0 1
0 1 27 4 1 2
0 1 93 60 0 0
0 1 72 0 0 0
0 1 13 33 1 0
0 1 81 35 1 3
0 1 11 38 0 3
0 1 76 36 0 3
0 1 117 32 0 1
0 1 75 42 1 1
0 1 113 8 1 3
0 1 14 12 0 1
0 1 78 22 0 1
0 1 8 46 0 3
0 1 111 29 0 0
0 1 109 59 0 3
0 1 111 51 1 3
0 1 17 56 1 2
0 1 27 57 0 3
0 1 26 22 1 0
0 1 18 64 1 3
0 1 101 24 0 1
0 1 58 15 0 1
0 1 12 40 1 1
0 1 104 29 0 2
0 1 79 32 0 0
0 1 93 1 1 3
0 1 114 46 0 0
0 1 45 37 0 0
0 1 22 18 0 0
0 1 59 28 1 2
0 1 6 61 0 2
0 1 39 17 1 1
0 1 129 48 0 3
0 1 37 3 0 2
0 1 121 60 1 3
0 1 20 14 1 3
0 1 36 57 0 2
0 1 7 33 0 3
0 1 25 45 1 1
0 1 19 0 0 3
0 1 43 48 1 1
0 1 110 16 0 3
0 1 72 31 1 3
0 1 107 51 1 0
0 1 46 3 0 1
0 1 92 52 1 1
0 1 51 49 1 1
0 1 76 61 1 0
0 1 77 21 1 1
0 1 56 20 0 3
0 1 50 12 1 3
0 1 120 20 0 0
0 1 43 21 0 3
0 1 83 25 0 3
0 1 73 47 1 0
0 1 82 45 0 3
0 1 64 15 0 3
0 1 40 7 0 0
0 1 70 41 1 2
0 1 128 43 1 3
0 1 91 53 0 3
0 1 23 41 1 0
0 1 33 38 1 0
0 1 74 56 0 0
0 1 90 2 0 3
0 1 87 29 1 1
0 1 19 28 1 3
0 1 62 17 1 3
0 1 103 1 0 1
0 1 119 46 1 2
0 1 65 44 0 2
0 1 117 13 1 3
0 1 42 1 0 2
0 1 97 58 0 3
0 1 42 23 1 1
0 1 71 6 1 1
0 1 68 58 1 2
0 1 25 64 0 1
0 1 106 21 1 0
0 1 23 22 0 3
0 1 55 31 0 0
0 1 80 62 1 1
0 1 120 10 1 2
0 1 127 59 1 2
0 1 85 52 0 2
0 1 92 30 0 3
0 1 103 53 1 0
0 1 52 11 1 0
0 1 99 23 1 3
0 1 97 16 1 1
0 1 4 3 1 0
0 1 116 34 1 0
0 1 1 15 0 2
0 1 33 30 0 2
0 1 32 54 1 0
0 1 1 26 1 2
0 1 29 55 0 3
0 1 108 63 1 2
0 1 123 62 0 0
0 1 54 19 1 2
0 1 52 20 0 1
0 1 128 50 0 1
0 1 10 19 0 3
0 1 88 42 0 0
0 1 90 49 1 0
0 1 88 59 1 1
0 1 9 18 1 1
0 1 48 27 0 2
0 1 102 34 1 3
0 1 57 51 1 1
0 1 34 24 0 0
0 1 59 19 0 0
0 1 129 43 1 0
0 1 94 22 0 2
0 1 110 10 1 3
0 1 35 43 0 1
0 1 96 49 1 3
0 1 91 8 1 2
0 1 82 63 1 1
0 1 54 5 0 0
0 1 98 52 0 0
0 1 39 55 0 0
0 1 84 35 1 2
0 1 60 64 0 0
0 1 100 9 0 1
0 1 45 6 1 3
0 1 78 56 1 1
0 1 41 46 1 1
0 1 69 5 0 2
0 1 21 2 0 0
0 1 4 14 0 1
0 1 57 4 0 3
0 1 71 61 0 3
0 1 10 38 1 2
