0 1 48 34 1 1
0 1 101 39 1 0
0 1 27 23 0 0
0 1 108 55 0 1
0 1 66 30 1 2
0 1 121 46 0 1
0 1 48 56 0 1
0 1 100 55 1 3
0 1 9 31 0 0
0 1 60 18 1 0
0 1 61 30 1 1
0 1 84 14 0 0
0 1 8 4 1 3
0 1 34 60 1 0
0 1 12 21 0 2
0 1 74 59 1 2
0 1 116 43 0 1
0 1 127 49 1 1
0 1 4 55 1 0
0 1 71 9 0 2
0 1 115 32 0 1
0 1 98 21 0 0
0 1 93 37 1 0
0 1 51 25 0 2
0 1 57 26 1 0
0 1 120 57 0 2
0 1 109 5 0 1
0 1 110 11 0 1
0 1 107 7 1 0
0 1 3 27 0 0
0 1 54 20 0 2
0 1 23 27 0 1
0 1 46 6 0 0
0 1 21 50 0 1
0 1 50 24 0 1
0 1 12 61 1 2
0 1 89 42 1 2
0 1 18 59 1 0
0 1 125 1 0 3
0 1 124 16 0 0
0 1 88 28 1 1
0 1 13 29 0 3
0 1 45 33 0 3
0 1 47 48 0 1
0 1 33 20 0 3
0 1 83 35 1 2
0 1 113 32 1 3
0 1 108 2 1 3
0 1 49 25 0 3
0 1 40 53 0 1
0 1 106 28 1 2
0 1 124 38 1 3
0 1 62 8 0 3
0 1 110 23 1 3
0 1 36 6 0 3
0 1 59 2 1 1
0 1 19 47 1 2
0 1 15 44 1 3
0 1 38 20 0 1
0 1 57 15 0 3
0 1 78 18 1 1
0 1 107 58 0 2
0 1 126 10 1 3
0 1 128 49 1 2
0 1 35 1 1 2
0 1 69 53 1 0
0 1 5 63 0 1
0 1 100 25 0 1
0 1 67 3 1 0
0 1 62 35 1 3
0 1 93 22 0 0
0 1 129 50 0 0
0 1 82 37 1 1
0 1 63 28 1 3
0 1 51 40 1 1
0 1 4 8 0 0
0 1 65 34 0 3
0 1 17 16 0 1
0 1 11 51 1 0
0 1 65 39 1 2
0 1 105 64 1 2
0 1 42 24 1 2
0 1 24 3 1 1
0 1 14 64 0 3
0 1 91 12 0 1
0 1 80 47 1 1
0 1 6 57 1 0
0 1 7 0 1 2
0 1 97 22 1 1
0 1 97 54 0 2
0 1 31 29 0 0
0 1 11 60 0 1
0 1 23 31 1 3
0 1 94 29 1 2
0 1 40 36 1 2
0 1 106 19 0 1
0 1 84 13 1 2
0 1 85 11 1 0
0 1 59 46 0 0
0 1 30 49 1 3
0 1 102 41 1 1
0 1 112 51 0 3
0 1 68 58 0 0
0 1 33 17 1 1
0 1 39 31 1 2
0 1 41 45 0 0
0 1 76 63 0 0
0 1 58 42 1 3
0 1 91 9 1 0
0 1 20 48 0 0
0 1 43 42 0 1
0 1 96 44 1 1
0 1 16 40 1 0
0 1 22 62 1 2
0 1 49 29 1 1
0 1 53 19 1 0
0 1 55 52 0 0
0 1 37 54 0 0
0 1 99 38 0 1
0 1 67 4 0 2
0 1 75 42 1 0
0 1 53 44 0 0
0 1 34 17 0 2
0 1 72 24 0 0
0 1 70 13 1 0
0 1 111 52 0 2
0 1 61 30 0 3
0 1 102 48 0 2
0 1 38 54 1 3
0 1 88 16 0 2
0 1 3 4 1 1
0 1 74 36 0 1
0 1 56 62 1 1
0 1 86 26 1 2
0 1 122 51 1 2
0 1 99 62 1 3
0 1 113 15 0 0
0 1 70 47 0 0
0 1 116 5 1 0
0 1 87 14 0 2
0 1 82 23 0 2
0 1 35 34 0 0
0 1 121 28 1 0
0 1 18 43 0 0
0 1 55 12 1 3
0 1 68 12 1 2
0 1 58 22 0 3
0 1 69 63 0 3
0 1 78 6 0 1
0 1 37 14 1 1
0 1 114 15 1 1
0 1 104 58 1 1
0 1 42 18 0 2
0 1 29 34 0 2
0 1 86 5 0 3
0 1 87 57 1 1
0 1 63 13 0 1
0 1 119 26 0 3
0 1 109 18 1 3
0 1 105 38 0 2
0 1 32 35 1 0
0 1 94 27 0 3
0 1 89 56 0 3
0 1 27 2 1 2
0 1 0 60 0 3
0 1 44 49 0 0
0 1 111 10 1 2
0 1 92 5 1 2
0 1 46 4 1 0
0 1 10 33 1 2
0 1 9 41 1 2
0 1 123 38 0 0
0 1 92 40 0 3
0 1 17 48 1 3
0 1 20 21 1 1
0 1 8 0 0 0
0 1 123 23 1 1
0 1 7 6 0 2
0 1 64 20 0 0
0 1 72 14 1 3
0 1 95 51 0 1
0 1 44 39 1 3
0 1 60 1 0 1
0 1 5 27 1 2
0 1 127 45 0 3
0 1 36 10 1 1
0 1 25 50 0 3
0 1 26 8 1 2
0 1 71 43 1 2
0 1 52 30 0 0
0 1 75 32 0 0
0 1 85 0 0 1
0 1 56 61 0 0
0 1 83 17 0 0
0 1 22 64 0 1
0 1 21 52 1 3
0 1 29 56 1 2
0 1 79 33 0 0
0 1 52 62 1 0
0 1 73 7 1 3
0 1 126 9 0 1
0 1 96 50 0 2
0 1 80 46 0 2
0 1 122 44 0 2
0 1 118 53 1 3
0 1 103 53 1 2
0 1 90 10 1 0
0 1 26 0 0 3
0 1 16 41 0 0
0 1 79 59 1 3
0 1 41 63 1 2
0 1 103 19 0 2
0 1 43 36 1 3
0 1 81 24 0 3
0 1 15 2 0 0
0 1 50 47 1 3
0 1 45 7 1 2
0 1 119 58 1 3
0 1 32 61 0 3
0 1 10 21 0 3
0 1 125 11 1 3
0 1 77 26 1 1
0 1 0 16 1 3
0 1 114 19 0 3
0 1 128 43 0 3
0 1 117 12 1 0
0 1 76 15 1 2
0 1 98 64 1 0
0 1 28 31 1 1
0 1 25 37 1 2
0 1 81 37 1 3
0 1 101 59 0 1
0 1 54 25 1 0
0 1 24 17 0 3
