0 1 80 51 0 2
0 1 3 30 0 0
0 1 68 60 1 2
0 1 125 56 1 3
0 1 44 45 0 3
0 1 8 41 0 2
0 1 65 36 1 3
0 1 115 26 1 3
0 1 87 47 1 3
0 1 109 34 1 2
0 1 50 6 1 0
0 1 78 35 1 0
0 1 98 7 0 0
0 1 127 24 0 0
0 1 52 11 0 3
0 1 118 5 1 3
0 1 83 59 1 3
0 1 77 8 1 0
0 1 117 12 1 2
0 1 9 60 0 0
0 1 10 54 1 0
0 1 5 37 0 0
0 1 75 48 0 3
0 1 114 3 1 1
0 1 69 57 1 1
0 1 95 39 0 2
0 1 85 29 0 2
0 1 92 4 1 3
0 1 46 21 0 2
0 1 90 9 1 3
0 1 92 62 0 0
0 1 83 23 0 3
0 1 52 16 1 3
0 1 116 44 1 3
0 1 67 63 1 0
0 1 56 43 1 0
0 1 57 50 0 2
0 1 128 8 0 2
0 1 106 35 1 1
0 1 122 33 1 2
0 1 3 21 1 0
0 1 97 46 0 2
0 1 102 15 0 0
0 1 108 20 0 1
0 1 96 40 1 2
0 1 12 23 1 1
0 1 106 55 0 0
0 1 123 60 1 3
0 1 55 13 1 2
0 1 110 25 0 0
0 1 0 55 1 2
0 1 62 46 0 3
0 1 63 18 0 2
0 1 43 17 1 1
0 1 29 64 1 1
0 1 18 49 1 2
0 1 119 28 0 1
0 1 54 27 1 1
0 1 26 19 1 2
0 1 27 37 1 2
0 1 127 39 1 0
0 1 31 34 1 3
0 1 89 53 0 1
0 1 24 58 0 0
0 1 10 54 0 3
0 1 22 5 0 1
0 1 45 22 0 3
0 1 96 1 0 2
0 1 88 27 0 0
0 1 74 32 1 2
0 1 61 16 0 0
0 1 16 43 0 2
0 1 7 25 1 3
0 1 60 61 0 0
0 1 81 40 0 3
0 1 91 53 1 2
0 1 13 59 0 2
0 1 80 45 1 0
0 1 102 0 1 0
0 1 71 31 1 1
0 1 86 48 0 1
0 1 34 40 0 0
0 1 69 24 0 1
0 1 13 58 1 3
0 1 12 9 0 0
0 1 20 42 0 3
0 1 51 4 1 0
0 1 17 56 0 1
0 1 5 2 1 1
0 1 107 15 1 3
0 1 58 23 0 2
0 1 24 19 1 0
0 1 30 51 0 3
0 1 72 25 0 1
0 1 44 22 1 0
0 1 26 48 0 0
0 1 41 56 1 2
0 1 35 33 0 1
0 1 30 34 1 1
0 1 71 29 0 0
0 1 4 52 1 0
0 1 65 11 0 1
0 1 105 10 0 2
0 1 47 26 0 0
0 1 32 0 0 1
0 1 89 0 1 2
0 1 100 49 0 3
0 1 79 57 1 0
0 1 76 64 0 2
0 1 87 29 0 1
0 1 78 20 0 3
0 1 113 41 0 3
0 1 121 18 0 3
0 1 128 63 1 2
0 1 123 16 0 2
0 1 33 24 1 2
0 1 126 6 1 3
0 1 118 10 0 0
0 1 119 60 1 1
0 1 129 29 1 3
0 1 47 36 1 0
0 1 111 37 1 3
0 1 20 30 1 1
0 1 21 1 0 1
0 1 31 32 0 3
0 1 55 64 0 0
0 1 36 13 0 0
0 1 93 62 0 3
0 1 61 32 1 0
0 1 64 17 1 2
0 1 39 21 1 3
0 1 100 57 1 3
0 1 79 47 0 0
0 1 129 14 0 3
0 1 85 18 1 1
0 1 21 14 1 0
0 1 11 28 0 2
0 1 74 2 0 0
0 1 57 43 1 1
0 1 17 20 1 2
0 1 73 50 0 1
0 1 16 30 1 3
0 1 40 11 0 0
0 1 48 38 0 2
0 1 9 42 1 2
0 1 43 12 0 1
0 1 54 42 0 0
0 1 107 17 0 3
0 1 45 52 1 3
0 1 104 15 0 2
0 1 42 39 1 3
0 1 73 5 1 0
0 1 101 7 1 3
0 1 121 2 1 3
0 1 59 63 0 1
0 1 19 10 0 1
0 1 112 54 1 1
0 1 2 49 1 1
0 1 22 61 1 3
0 1 75 3 1 0
0 1 125 27 0 2
0 1 18 13 0 1
0 1 101 62 0 1
0 1 1 46 0 1
0 1 66 47 0 2
0 1 39 19 0 1
0 1 111 38 0 3
0 1 86 47 1 1
0 1 0 1 0 3
0 1 15 38 0 0
0 1 124 28 1 3
0 1 67 44 0 0
0 1 120 44 0 1
0 1 53 35 0 3
0 1 6 4 0 1
0 1 94 61 0 2
0 1 99 41 0 0
0 1 49 20 0 0
0 1 124 51 0 1
0 1 116 52 0 1
0 1 108 53 1 0
0 1 25 9 0 1
0 1 34 41 1 1
0 1 27 62 0 2
0 1 7 26 0 2
0 1 36 3 1 2
0 1 84 45 0 1
0 1 99 31 1 0
0 1 38 49 1 0
0 1 90 8 0 3
0 1 23 43 0 3
0 1 32 7 1 1
0 1 50 30 0 2
0 1 95 59 1 0
0 1 28 54 0 2
0 1 1 28 1 0
0 1 58 42 1 1
0 1 82 7 0 2
0 1 15 14 1 1
0 1 59 61 1 1
0 1 23 2 1 2
0 1 14 6 0 1
0 1 64 6 0 2
0 1 11 22 1 1
0 1 56 33 0 0
0 1 110 11 1 2
0 1 6 58 1 2
0 1 82 39 1 1
0 1 104 24 1 3
0 1 112 55 0 1
0 1 48 55 1 3
0 1 37 15 0 1
0 1 81 9 1 2
0 1 53 36 1 2
0 1 38 58 0 1
0 1 77 59 0 1
0 1 63 31 1 3
0 1 126 40 0 1
0 1 70 17 0 0
0 1 51 52 0 2
0 1 113 50 1 0
0 1 97 8 1 1
0 1 19 0 1 3
0 1 88 38 1 1
0 1 68 22 0 2
0 1 115 1 0 0
0 1 25 63 1 3
0 1 84 23 1 0
0 1 103 18 0 0
0 1 49 56 1 0
0 1 72 14 1 2
0 1 46 44 1 2
0 1 40 5 1 2
0 1 70 16 1 1
