0 1 10 45 1 3
0 1 61 52 0 2
0 1 12 23 0 1
0 1 26 43 1 1
0 1 77 31 0 2
0 1 3 37 0 2
0 1 31 4 1 2
0 1 53 11 0 2
0 1 75 21 0 1
0 1 108 52 1 0
0 1 54 29 0 2
0 1 4 14 1 2
0 1 40 55 1 1
0 1 28 64 0 2
0 1 114 22 1 0
0 1 2 9 0 3
0 1 42 24 0 1
0 1 35 26 1 0
0 1 74 59 0 3
0 1 21 38 0 3
0 1 67 17 0 0
0 1 115 32 1 0
0 1 107 8 0 1
0 1 14 49 1 2
0 1 31 14 0 1
0 1 67 14 1 3
0 1 34 8 1 0
0 1 113 10 0 3
0 1 89 63 1 0
0 1 65 46 0 2
0 1 63 20 1 1
0 1 11 0 1 2
0 1 110 56 1 1
0 1 72 58 0 0
0 1 8 54 1 1
0 1 50 55 0 3
0 1 39 16 1 1
0 1 106 35 0 0
0 1 66 60 0 3
0 1 65 60 1 2
0 1 40 56 0 3
0 1 11 43 0 0
0 1 90 37 0 1
0 1 122 25 1 1
0 1 71 27 1 0
0 1 94 19 0 0
0 1 3 11 1 3
0 1 128 34 1 2
0 1 83 50 1 3
0 1 116 11 0 0
0 1 53 30 1 1
0 1 85 15 1 3
0 1 59 12 0 3
0 1 49 44 0 2
0 1 29 0 0 3
0 1 120 42 0 1
0 1 71 46 0 1
0 1 98 32 0 2
0 1 7 40 0 1
0 1 103 19 1 3
0 1 36 2 1 3
0 1 92 25 1 3
0 1 15 37 1 0
0 1 13 60 0 0
0 1 51 62 1 3
0 1 126 43 1 2
0 1 43 53 1 0
0 1 98 57 1 0
0 1 108 62 0 0
0 1 6 48 0 2
0 1 56 12 1 2
0 1 73 24 1 2
0 1 33 7 1 0
0 1 39 54 0 3
0 1 17 18 1 3
0 1 16 51 1 3
0 1 27 8 1 2
0 1 0 29 1 3
0 1 43 39 0 0
0 1 20 38 0 1
0 1 46 16 0 3
0 1 54 31 1 3
0 1 109 13 1 0
0 1 96 56 0 2
0 1 125 5 0 1
0 1 28 28 1 1
0 1 123 31 1 1
0 1 79 47 1 2
0 1 111 1 0 1
0 1 32 40 0 2
0 1 35 61 0 1
0 1 76 62 1 1
0 1 74 9 1 0
0 1 50 41 1 2
0 1 13 3 1 3
0 1 49 36 1 0
0 1 23 6 1 0
0 1 95 20 0 0
0 1 82 3 0 0
0 1 41 33 0 3
0 1 30 35 1 3
0 1 129 27 0 2
0 1 12 30 1 2
0 1 81 44 1 1
0 1 113 2 1 0
0 1 119 53 0 3
0 1 80 43 1 3
0 1 88 50 1 1
0 1 79 31 0 0
0 1 27 38 0 0
0 1 55 27 1 3
0 1 119 4 1 0
0 1 1 9 0 2
0 1 97 42 0 3
0 1 112 47 0 3
0 1 126 39 0 3
0 1 81 34 0 1
0 1 94 21 1 2
0 1 85 61 0 2
0 1 46 3 1 1
0 1 91 21 0 0
0 1 48 49 0 1
0 1 86 9 1 1
0 1 42 17 1 3
0 1 101 58 1 2
0 1 19 5 1 3
0 1 69 57 0 2
0 1 70 26 0 1
0 1 34 54 0 2
0 1 99 2 0 2
0 1 22 63 1 2
0 1 111 23 1 0
0 1 104 40 0 0
0 1 68 33 0 0
0 1 30 4 0 3
0 1 118 1 1 3
0 1 120 58 1 3
0 1 76 23 0 3
0 1 45 10 1 1
0 1 87 5 0 2
0 1 57 44 1 0
0 1 37 25 0 0
0 1 60 24 1 3
0 1 115 45 0 2
0 1 47 41 0 3
0 1 127 51 0 0
0 1 38 36 0 2
0 1 106 64 1 3
0 1 2 7 1 2
0 1 56 15 0 0
0 1 59 52 1 1
0 1 23 59 0 0
0 1 117 47 1 1
0 1 118 50 0 2
0 1 58 26 1 2
0 1 63 12 0 0
0 1 110 26 0 3
0 1 128 30 0 3
0 1 95 0 1 0
0 1 84 59 1 2
0 1 70 63 1 3
0 1 73 49 0 0
0 1 32 18 1 1
0 1 92 55 0 2
0 1 60 42 0 2
0 1 68 62 1 2
0 1 41 64 1 0
0 1 103 35 0 1
0 1 5 13 1 2
0 1 127 1 1 0
0 1 89 7 0 1
0 1 66 6 1 3
0 1 29 35 1 2
0 1 22 8 0 3
0 1 86 29 0 0
0 1 44 53 0 1
0 1 75 49 1 3
0 1 125 32 1 1
0 1 1 10 1 0
0 1 77 46 1 0
0 1 124 15 0 2
0 1 97 60 1 1
0 1 64 34 1 3
0 1 45 41 0 1
0 1 78 16 1 2
0 1 62 38 1 2
0 1 83 6 0 1
0 1 117 54 0 0
0 1 82 48 1 1
0 1 5 63 0 1
0 1 100 59 0 1
0 1 104 33 1 1
0 1 102 22 1 3
0 1 18 23 0 2
0 1 121 20 1 3
0 1 61 11 1 1
0 1 122 13 0 1
0 1 44 57 1 1
0 1 37 27 1 1
0 1 57 47 0 0
0 1 26 3 0 2
0 1 10 19 0 2
0 1 105 32 1 3
0 1 36 17 0 1
0 1 64 51 0 2
0 1 121 28 0 3
0 1 58 42 0 0
0 1 33 57 0 3
0 1 116 41 1 0
0 1 93 53 1 2
0 1 80 61 0 3
0 1 51 39 0 1
0 1 100 14 1 0
0 1 9 45 1 0
0 1 52 13 0 3
0 1 112 46 1 3
0 1 109 18 0 0
0 1 114 22 0 2
0 1 107 22 1 1
0 1 129 44 1 3
0 1 8 37 0 3
0 1 52 12 1 1
0 1 9 28 0 2
0 1 14 1 0 2
0 1 6 4 1 1
0 1 21 48 1 3
0 1 102 58 0 1
0 1 16 30 0 0
0 1 0 10 0 2
0 1 101 34 0 0
0 1 124 36 1 3
0 1 47 40 1 3
0 1 91 33 1 2
0 1 20 29 1 1
