0 1 82 53 0 2
0 1 85 48 0 1
0 1 33 44 0 1
0 1 73 16 1 0
0 1 12 19 0 2
0 1 98 62 0 0
0 1 96 50 1 2
0 1 39 36 0 1
0 1 63 21 1 0
0 1 106 23 1 1
0 1 40 51 0 1
0 1 47 30 0 3
0 1 128 58 0 1
0 1 98 41 1 0
0 1 45 47 0 3
0 1 118 0 1 2
0 1 43 1 0 1
0 1 114 46 1 1
0 1 39 38 1 2
0 1 37 38 0 0
0 1 109 40 1 1
0 1 95 30 0 1
0 1 95 64 1 1
0 1 71 9 1 0
0 1 82 63 1 3
0 1 56 8 0 3
0 1 53 61 0 0
0 1 1 52 0 3
0 1 63 37 0 3
0 1 28 29 1 1
0 1 5 33 0 3
0 1 108 27 1 0
0 1 57 22 1 1
0 1 17 21 1 2
0 1 49 59 0 0
0 1 91 20 1 3
0 1 58 1 1 2
0 1 114 9 0 1
0 1 94 45 1 1
0 1 35 56 1 3
0 1 41 59 0 2
0 1 73 12 0 0
0 1 19 31 0 0
0 1 108 24 0 3
0 1 120 49 0 0
0 1 42 60 1 2
0 1 12 63 1 0
0 1 104 60 0 3
0 1 105 2 0 2
0 1 21 11 1 3
0 1 103 7 1 1
0 1 87 6 1 1
0 1 77 26 0 3
0 1 74 42 0 0
0 1 60 41 1 1
0 1 62 56 0 1
0 1 61 51 0 2
0 1 54 13 0 3
0 1 45 10 1 3
0 1 86 40 1 2
0 1 5 19 1 1
0 1 52 28 0 2
0 1 99 5 0 0
0 1 97 26 0 2
0 1 123 35 1 3
0 1 81 41 1 3
0 1 22 48 0 2
0 1 87 14 0 1
0 1 2 15 0 1
0 1 107 54 0 0
0 1 103 54 0 1
0 1 116 3 1 1
0 1 26 52 0 0
0 1 105 55 1 3
0 1 26 6 1 2
0 1 38 15 0 0
0 1 47 28 1 3
0 1 50 4 0 2
0 1 118 18 0 2
0 1 16 3 1 2
0 1 122 33 1 1
0 1 66 53 0 0
0 1 115 20 0 1
0 1 101 34 0 3
0 1 34 22 1 0
0 1 81 57 0 1
0 1 56 14 1 3
0 1 35 8 0 0
0 1 43 24 1 0
0 1 113 5 1 1
0 1 54 64 1 3
0 1 0 18 0 3
0 1 0 61 1 3
0 1 83 47 1 1
0 1 129 45 1 0
0 1 96 5 0 2
0 1 8 39 0 2
0 1 78 10 1 0
0 1 85 31 1 3
0 1 24 11 0 1
0 1 36 27 0 3
0 1 79 17 1 3
0 1 91 39 0 0
0 1 69 7 0 3
0 1 90 46 0 0
0 1 59 23 0 2
0 1 48 53 0 1
0 1 27 43 0 2
0 1 90 60 1 1
0 1 119 37 0 0
0 1 83 16 0 2
0 1 2 7 1 0
0 1 72 52 1 1
0 1 124 1 0 0
0 1 124 55 1 0
0 1 116 54 0 3
0 1 48 50 1 0
0 1 93 23 0 0
0 1 27 57 1 2
0 1 65 25 0 3
0 1 72 49 0 3
0 1 123 8 0 2
0 1 129 49 0 2
0 1 4 7 1 2
0 1 34 2 0 1
0 1 75 43 0 3
0 1 120 10 1 1
0 1 65 62 1 1
0 1 76 4 1 0
0 1 78 32 0 0
0 1 92 0 0 0
0 1 10 20 1 2
0 1 52 44 1 3
0 1 80 32 0 3
0 1 37 22 1 3
0 1 15 32 0 2
0 1 25 42 0 2
0 1 126 17 1 1
0 1 127 25 0 0
0 1 36 33 1 2
0 1 7 37 0 1
0 1 57 59 0 3
0 1 86 22 0 2
0 1 60 21 0 3
0 1 46 40 0 0
0 1 38 31 1 2
0 1 113 50 0 1
0 1 32 35 1 2
0 1 30 24 1 1
0 1 94 51 0 3
0 1 17 14 0 2
0 1 11 19 0 0
0 1 84 63 0 2
0 1 13 10 0 2
0 1 11 12 1 2
0 1 80 47 1 2
0 1 61 24 1 2
0 1 84 13 1 0
0 1 7 48 1 3
0 1 102 26 1 1
0 1 119 43 1 1
0 1 50 35 1 1
0 1 125 34 0 1
0 1 21 63 0 1
0 1 97 57 1 0
0 1 104 17 1 0
0 1 115 6 1 0
0 1 20 34 0 0
0 1 55 26 1 0
0 1 74 25 1 2
0 1 25 56 1 0
0 1 76 36 0 0
0 1 100 62 0 2
0 1 93 61 1 2
0 1 53 17 1 2
0 1 46 53 1 3
0 1 111 42 1 3
0 1 112 2 1 3
0 1 6 4 1 1
0 1 8 58 1 3
0 1 109 46 0 2
0 1 31 12 0 3
0 1 67 19 0 3
0 1 42 0 0 3
0 1 89 43 0 0
0 1 6 27 0 2
0 1 122 16 0 1
0 1 68 45 0 3
0 1 88 14 0 0
0 1 128 29 1 0
0 1 59 44 1 0
0 1 10 9 0 2
0 1 9 15 0 2
0 1 110 56 0 2
0 1 64 38 1 3
0 1 3 36 0 3
0 1 92 48 1 0
0 1 9 39 1 3
0 1 71 36 0 2
0 1 99 28 1 0
0 1 110 1 1 3
0 1 24 13 1 2
0 1 32 47 0 0
0 1 41 60 1 0
0 1 55 46 0 3
0 1 28 44 0 2
0 1 121 20 0 0
0 1 18 8 0 1
0 1 62 23 1 3
0 1 15 15 1 3
0 1 29 6 0 3
0 1 44 30 1 0
0 1 13 11 1 2
0 1 117 11 0 0
0 1 23 3 0 0
0 1 58 28 0 1
0 1 101 58 1 2
0 1 117 52 1 2
0 1 23 50 1 3
0 1 16 42 0 1
0 1 107 2 1 0
0 1 126 9 0 3
0 1 20 59 1 1
0 1 68 39 1 1
0 1 111 51 0 0
0 1 89 35 1 0
0 1 77 33 1 0
0 1 70 0 0 1
0 1 31 34 1 2
0 1 88 3 1 3
0 1 30 16 0 3
0 1 64 64 0 0
0 1 51 18 0 1
0 1 3 54 1 2
