0 1 18 7 1 2
0 1 71 2 0 2
0 1 96 5 0 0
0 1 14 17 0 1
0 1 8 56 0 1
0 1 101 37 1 0
0 1 95 64 0 0
0 1 54 22 0 3
0 1 13 8 0 0
0 1 40 9 1 0
0 1 61 54 1 2
0 1 18 24 0 3
0 1 99 63 0 2
0 1 113 49 1 1
0 1 38 30 0 2
0 1 107 9 1 1
0 1 53 17 0 0
0 1 1 4 1 0
0 1 92 34 1 0
0 1 98 32 1 1
0 1 6 14 1 3
0 1 58 28 0 2
0 1 79 60 0 2
0 1 105 27 1 2
0 1 16 1 0 2
0 1 128 6 1 1
0 1 93 41 0 3
0 1 119 39 0 3
0 1 55 12 0 1
0 1 57 37 1 2
0 1 97 56 0 0
0 1 23 18 0 1
0 1 13 10 1 1
0 1 20 45 1 3
0 1 107 55 0 3
0 1 37 13 0 2
0 1 32 59 1 1
0 1 104 62 1 1
0 1 43 20 1 1
0 1 31 38 1 0
0 1 2 46 1 3
0 1 10 3 1 3
0 1 43 42 0 1
0 1 111 44 0 2
0 1 72 23 0 0
0 1 64 33 0 0
0 1 48 23 0 2
0 1 120 48 1 1
0 1 7 55 1 2
0 1 76 57 0 0
0 1 11 53 0 0
0 1 5 49 0 0
0 1 67 4 1 1
0 1 77 24 1 1
0 1 9 16 1 1
0 1 76 52 1 1
0 1 62 58 0 2
0 1 82 10 1 0
0 1 103 3 0 0
0 1 29 8 0 2
0 1 46 53 1 2
0 1 26 19 1 3
0 1 70 25 0 1
0 1 34 41 1 0
0 1 42 29 0 0
0 1 17 51 0 1
0 1 87 12 0 0
0 1 20 56 0 3
0 1 112 21 1 2
0 1 85 32 1 3
0 1 65 43 0 1
0 1 113 30 0 0
0 1 64 47 1 3
0 1 102 28 0 3
0 1 110 13 0 1
0 1 119 44 1 3
0 1 78 3 0 1
0 1 122 20 1 2
0 1 78 64 1 3
0 1 124 15 1 1
0 1 35 31 1 2
0 1 8 12 1 3
0 1 87 36 1 1
0 1 51 2 1 0
0 1 74 25 0 3
0 1 12 57 0 3
0 1 66 5 0 1
0 1 125 10 1 3
0 1 0 61 1 2
0 1 24 50 0 2
0 1 93 42 1 2
0 1 100 3 1 2
0 1 85 50 0 0
0 1 63 60 0 1
0 1 19 62 0 0
0 1 67 6 0 3
0 1 127 26 1 2
0 1 88 52 0 0
0 1 27 6 1 0
0 1 66 45 1 2
0 1 9 36 0 0
0 1 103 62 1 3
0 1 129 19 0 1
0 1 73 39 1 2
0 1 49 58 1 1
0 1 106 56 0 2
0 1 92 44 0 0
0 1 114 1 1 0
0 1 60 12 1 2
0 1 98 0 0 0
0 1 34 26 0 3
0 1 32 9 0 3
0 1 71 13 1 0
0 1 33 34 1 3
0 1 52 53 1 1
0 1 106 33 1 1
0 1 47 17 0 2
0 1 127 51 0 3
0 1 0 25 0 0
0 1 3 22 0 0
0 1 25 63 0 0
0 1 1 19 0 2
0 1 36 40 0 2
0 1 2 0 0 1
0 1 48 35 1 3
0 1 118 33 0 2
0 1 33 54 0 0
0 1 81 45 1 0
0 1 126 47 1 1
0 1 111 55 1 0
0 1 129 40 1 1
0 1 17 64 1 2
0 1 89 50 0 3
0 1 28 36 0 2
0 1 82 28 0 1
0 1 116 43 1 2
0 1 108 62 0 2
0 1 36 1 1 3
0 1 4 13 1 3
0 1 94 23 1 3
0 1 27 16 0 2
0 1 10 35 0 2
0 1 23 2 1 1
0 1 49 29 0 3
0 1 69 11 1 1
0 1 105 46 0 0
0 1 128 36 0 3
0 1 52 18 0 2
0 1 102 38 1 1
0 1 90 0 1 2
0 1 5 31 1 3
0 1 51 11 0 3
0 1 101 7 0 0
0 1 75 54 1 3
0 1 126 21 0 0
0 1 14 20 1 0
0 1 56 17 1 3
0 1 81 58 0 0
0 1 63 4 1 2
0 1 70 57 1 1
0 1 38 35 1 1
0 1 115 20 1 3
0 1 56 52 0 3
0 1 90 37 0 3
0 1 79 4 1 3
0 1 125 63 0 1
0 1 121 32 1 0
0 1 123 51 0 0
0 1 110 49 1 3
0 1 91 15 1 0
0 1 55 15 1 3
0 1 11 26 1 0
0 1 7 27 0 0
0 1 116 58 0 3
0 1 80 51 1 2
0 1 54 14 1 0
0 1 16 27 1 1
0 1 44 59 0 0
0 1 68 47 1 0
0 1 120 33 0 3
0 1 46 29 0 1
0 1 44 31 1 0
0 1 22 11 1 0
0 1 50 27 1 3
0 1 21 48 1 2
0 1 47 30 1 3
0 1 61 38 0 3
0 1 22 5 0 2
0 1 57 48 0 3
0 1 45 8 1 3
0 1 124 40 0 0
0 1 89 14 1 2
0 1 68 46 0 1
0 1 94 0 0 3
0 1 83 41 0 2
0 1 58 21 1 1
0 1 37 61 1 3
0 1 84 35 0 0
0 1 28 42 1 0
0 1 45 31 0 1
0 1 114 22 0 1
0 1 62 46 1 2
0 1 83 59 1 2
0 1 39 7 0 3
0 1 118 60 1 0
0 1 121 43 0 3
0 1 42 23 1 1
0 1 60 34 0 2
0 1 15 34 0 1
0 1 88 6 1 2
0 1 3 28 1 0
0 1 25 14 1 1
0 1 77 45 0 1
0 1 109 21 0 3
0 1 40 52 0 2
0 1 117 61 1 1
0 1 80 53 0 3
0 1 30 61 1 0
0 1 4 9 0 2
0 1 74 10 1 2
0 1 75 37 0 1
0 1 41 5 0 3
0 1 65 29 1 2
0 1 29 49 1 2
0 1 53 15 1 2
0 1 97 8 1 1
0 1 123 24 1 2
0 1 35 42 0 3
0 1 112 44 0 1
0 1 59 54 1 1
0 1 99 64 1 1
0 1 59 48 0 0
0 1 100 50 0 1
0 1 84 18 1 0
