0 1 19 51 0 0
0 1 59 61 0 1
0 1 39 31 0 2
0 1 93 52 0 1
0 1 11 57 1 1
0 1 119 51 0 1
0 1 83 63 0 0
0 1 14 47 0 0
0 1 62 11 1 1
0 1 72 54 1 3
0 1 4 20 0 0
0 1 3 5 1 3
0 1 59 39 1 3
0 1 52 60 0 2
0 1 32 30 0 0
0 1 108 15 0 2
0 1 78 1 0 0
0 1 74 50 1 0
0 1 67 40 1 3
0 1 26 8 1 0
0 1 57 36 0 3
0 1 46 58 1 1
0 1 95 19 1 3
0 1 106 48 1 3
0 1 64 37 0 1
0 1 15 4 1 0
0 1 69 59 0 3
0 1 55 53 1 2
0 1 72 43 0 3
0 1 66 27 0 2
0 1 53 16 0 1
0 1 123 22 0 3
0 1 52 21 1 1
0 1 48 48 0 0
0 1 100 10 0 0
0 1 118 8 0 2
0 1 87 16 0 0
0 1 8 32 1 3
0 1 114 43 0 0
0 1 82 55 1 0
0 1 119 36 1 0
0 1 70 44 1 0
0 1 89 9 0 1
0 1 110 7 1 3
0 1 108 13 1 1
0 1 35 23 0 0
0 1 54 29 0 3
0 1 127 6 1 2
0 1 98 54 0 1
0 1 21 19 0 0
0 1 0 17 0 3
0 1 9 29 1 2
0 1 63 62 1 1
0 1 78 38 1 3
0 1 128 64 1 2
0 1 4 1 1 3
0 1 33 23 1 3
0 1 82 29 0 1
0 1 22 11 1 0
0 1 7 64 0 1
0 1 101 20 0 3
0 1 96 9 1 0
0 1 73 20 0 1
0 1 88 45 0 3
0 1 118 56 1 1
0 1 111 33 1 0
0 1 60 60 1 0
0 1 126 2 1 1
0 1 12 19 1 2
0 1 50 58 1 0
0 1 6 25 0 3
0 1 16 55 1 2
0 1 9 28 0 1
0 1 37 58 1 2
0 1 122 3 0 2
0 1 67 64 0 3
0 1 85 4 1 1
0 1 14 17 1 0
0 1 26 61 0 2
0 1 71 12 0 3
0 1 0 13 1 0
0 1 120 33 1 3
0 1 117 15 1 0
0 1 45 24 1 3
0 1 5 26 1 2
0 1 109 6 1 0
0 1 79 21 1 0
0 1 90 35 1 1
0 1 49 22 1 1
0 1 80 6 0 3
0 1 115 10 0 3
0 1 56 26 0 0
0 1 79 13 0 2
0 1 31 1 0 2
0 1 109 7 0 0
0 1 17 53 0 0
0 1 39 18 1 0
0 1 51 25 0 0
0 1 41 32 0 2
0 1 62 21 0 2
0 1 71 41 1 3
0 1 1 63 0 2
0 1 23 48 0 1
0 1 91 14 0 0
0 1 94 28 1 2
0 1 48 6 1 1
0 1 45 36 0 1
0 1 47 49 1 0
0 1 102 45 0 0
0 1 43 46 1 3
0 1 107 52 0 2
0 1 35 0 1 0
0 1 92 49 0 1
0 1 44 59 0 0
0 1 36 19 1 1
0 1 105 43 0 1
0 1 42 34 0 0
0 1 75 45 1 1
0 1 44 29 1 0
0 1 80 5 1 2
0 1 124 41 1 1
0 1 58 60 1 3
0 1 98 35 1 2
0 1 23 26 1 3
0 1 81 39 0 1
0 1 25 34 0 1
0 1 57 10 1 2
0 1 115 14 1 2
0 1 47 11 0 2
0 1 65 51 0 3
0 1 117 30 0 3
0 1 8 8 0 3
0 1 100 14 1 1
0 1 24 38 0 2
0 1 25 46 1 2
0 1 90 12 0 0
0 1 15 57 0 3
0 1 105 0 1 3
0 1 3 62 0 0
0 1 126 9 0 3
0 1 116 57 1 0
0 1 46 4 0 3
0 1 10 50 1 1
0 1 33 31 0 1
0 1 73 18 1 3
0 1 12 14 0 3
0 1 24 33 1 2
0 1 42 47 1 3
0 1 88 31 1 3
0 1 74 30 0 1
0 1 65 5 1 1
0 1 111 2 0 2
0 1 106 49 0 2
0 1 124 16 0 2
0 1 32 3 1 1
0 1 13 11 0 3
0 1 53 50 1 3
0 1 86 54 1 2
0 1 22 17 0 2
0 1 43 51 0 2
0 1 129 7 0 1
0 1 37 28 0 0
0 1 66 42 1 1
0 1 112 42 0 2
0 1 99 13 0 3
0 1 70 10 0 1
0 1 20 61 1 3
0 1 86 2 0 3
0 1 94 42 0 0
0 1 95 30 0 2
0 1 20 24 0 0
0 1 69 32 1 1
0 1 16 15 0 3
0 1 50 55 0 1
0 1 76 39 1 0
0 1 10 20 0 2
0 1 122 8 1 1
0 1 38 37 1 3
0 1 29 37 0 0
0 1 112 44 1 3
0 1 125 22 0 0
0 1 58 38 0 0
0 1 113 18 1 2
0 1 61 26 1 1
0 1 17 21 1 3
0 1 28 35 0 3
0 1 129 44 1 1
0 1 121 56 0 3
0 1 29 58 1 3
0 1 27 41 1 2
0 1 40 50 0 2
0 1 103 9 0 2
0 1 104 35 0 0
0 1 51 32 1 0
0 1 2 53 1 3
0 1 41 46 1 0
0 1 18 53 0 1
0 1 36 31 0 0
0 1 68 48 0 2
0 1 64 41 1 0
0 1 93 39 1 2
0 1 89 24 1 2
0 1 18 23 1 2
0 1 114 52 1 3
0 1 84 25 0 1
0 1 30 3 1 3
0 1 54 22 1 2
0 1 1 59 1 1
0 1 81 0 1 2
0 1 121 12 1 2
0 1 77 56 0 0
0 1 83 45 1 2
0 1 123 12 1 1
0 1 68 38 1 1
0 1 101 62 1 2
0 1 85 16 0 3
0 1 6 56 1 2
0 1 107 47 1 1
0 1 63 42 0 3
0 1 5 40 0 2
0 1 99 23 1 1
0 1 31 0 1 1
0 1 75 33 0 1
0 1 91 40 1 1
0 1 125 34 1 3
0 1 127 63 0 1
0 1 96 60 0 1
0 1 60 28 0 3
0 1 92 27 1 3
0 1 97 27 1 0
0 1 13 2 1 0
0 1 21 64 1 0
0 1 34 40 1 0
0 1 87 46 1 1
