0 1 22 22 0 2
0 1 77 24 1 3
0 1 88 4 1 3
0 1 11 39 1 1
0 1 9 52 1 0
0 1 115 60 1 0
0 1 2 45 1 1
0 1 28 58 0 1
0 1 79 36 0 0
0 1 62 57 1 0
0 1 41 0 0 2
0 1 8 10 0 3
0 1 83 33 0 2
0 1 0 31 1 2
0 1 90 21 0 1
0 1 15 41 0 0
0 1 108 42 0 2
0 1 18 17 0 2
0 1 110 61 1 0
0 1 119 52 0 1
0 1 33 30 0 2
0 1 84 26 1 0
0 1 106 14 0 1
0 1 64 63 1 3
0 1 97 50 1 0
0 1 81 28 0 2
0 1 92 37 0 1
0 1 69 43 1 0
0 1 35 3 1 2
0 1 29 46 0 2
0 1 39 47 0 1
0 1 118 56 0 3
0 1 74 3 1 0
0 1 18 39 1 0
0 1 51 49 1 3
0 1 87 15 1 1
0 1 104 10 0 1
0 1 11 24 0 1
0 1 115 18 0 0
0 1 76 12 1 3
0 1 32 25 1 2
0 1 41 32 1 0
0 1 117 54 0 2
0 1 5 40 0 3
0 1 49 0 1 0
0 1 25 20 1 1
0 1 67 37 1 0
0 1 81 48 1 2
0 1 0 19 0 1
0 1 74 8 0 0
0 1 54 34 0 2
0 1 89 11 1 0
0 1 5 27 1 0
0 1 30 19 1 2
0 1 6 6 0 3
0 1 100 45 0 0
0 1 60 13 1 2
0 1 101 4 0 2
0 1 61 51 0 2
0 1 73 62 1 1
0 1 66 55 1 1
0 1 49 59 0 0
0 1 108 40 1 2
0 1 25 53 0 2
0 1 65 58 0 3
0 1 72 18 0 2
0 1 20 56 1 2
0 1 119 29 1 0
0 1 23 64 0 2
0 1 90 6 1 2
0 1 95 44 0 0
0 1 102 22 0 1
0 1 59 38 0 0
0 1 51 35 0 0
0 1 34 52 1 2
0 1 87 13 0 3
0 1 72 47 1 2
0 1 44 5 0 3
0 1 33 16 1 3
0 1 85 33 1 3
0 1 42 2 0 1
0 1 4 1 1 2
0 1 127 43 1 2
0 1 106 50 1 2
0 1 9 28 0 1
0 1 20 2 0 2
0 1 68 26 1 2
0 1 48 62 0 3
0 1 57 41 0 3
0 1 53 23 0 1
0 1 93 7 0 3
0 1 76 25 0 3
0 1 58 37 0 3
0 1 37 9 0 3
0 1 31 23 1 2
0 1 105 38 1 2
0 1 94 5 0 1
0 1 1 23 0 3
0 1 67 27 0 1
0 1 46 61 1 3
0 1 64 54 0 1
0 1 21 11 1 1
0 1 39 48 1 0
0 1 95 15 1 3
0 1 43 30 1 3
0 1 55 17 1 3
0 1 45 53 0 1
0 1 24 64 1 0
0 1 3 57 0 1
0 1 27 9 1 2
0 1 16 42 0 0
0 1 75 9 0 0
0 1 93 46 1 1
0 1 36 7 1 1
0 1 70 21 0 2
0 1 112 43 0 1
0 1 82 29 0 2
0 1 101 45 1 2
0 1 124 42 0 1
0 1 28 22 1 0
0 1 94 60 1 1
0 1 84 35 0 1
0 1 45 55 1 3
0 1 58 54 1 0
0 1 73 33 0 0
0 1 121 36 0 3
0 1 99 8 0 1
0 1 107 63 1 0
0 1 15 44 1 1
0 1 52 47 0 0
0 1 4 12 0 0
0 1 111 16 0 1
0 1 53 50 1 1
0 1 110 5 0 2
0 1 48 55 1 2
0 1 17 34 1 0
0 1 128 54 1 3
0 1 104 33 1 1
0 1 42 28 1 3
0 1 109 40 1 0
0 1 10 14 1 3
0 1 59 16 1 0
0 1 122 6 0 1
0 1 89 49 0 1
0 1 32 51 0 3
0 1 129 56 1 0
0 1 24 18 0 1
0 1 46 53 0 3
0 1 91 2 0 0
0 1 47 18 0 3
0 1 122 13 1 1
0 1 40 8 0 3
0 1 113 15 0 2
0 1 19 26 1 3
0 1 63 3 1 3
0 1 121 20 1 0
0 1 47 32 1 3
0 1 129 11 0 3
0 1 117 21 1 0
0 1 92 51 1 1
0 1 17 26 0 1
0 1 123 60 0 2
0 1 38 32 0 2
0 1 30 10 0 2
0 1 2 2 0 3
0 1 19 61 0 2
0 1 63 43 0 3
0 1 85 24 0 0
0 1 83 1 1 0
0 1 86 59 0 3
0 1 43 62 0 2
0 1 98 0 1 3
0 1 77 64 0 1
0 1 125 27 0 2
0 1 12 12 1 1
0 1 70 11 1 2
0 1 27 14 0 2
0 1 102 39 1 3
0 1 126 10 0 0
0 1 16 51 1 0
0 1 8 34 1 1
0 1 111 60 1 3
0 1 50 52 0 3
0 1 14 7 1 2
0 1 120 4 0 1
0 1 14 59 0 1
0 1 56 30 0 1
0 1 97 38 0 3
0 1 36 31 0 0
0 1 118 19 1 3
0 1 26 7 0 0
0 1 80 25 1 1
0 1 88 37 0 2
0 1 69 38 0 1
0 1 99 48 1 1
0 1 66 25 0 0
0 1 31 17 0 0
0 1 13 47 0 3
0 1 120 9 1 1
0 1 56 27 1 3
0 1 23 12 1 2
0 1 54 20 1 2
0 1 75 1 1 3
0 1 112 57 1 3
0 1 78 31 0 3
0 1 6 41 1 2
0 1 116 34 1 3
0 1 1 63 1 1
0 1 113 31 1 1
0 1 34 16 0 2
0 1 65 1 1 1
0 1 40 49 1 0
0 1 96 63 1 2
0 1 57 14 1 0
0 1 86 4 1 0
0 1 50 46 1 3
0 1 105 59 0 2
0 1 26 42 1 3
0 1 100 6 1 0
0 1 109 44 0 2
0 1 124 3 1 1
0 1 103 13 0 0
0 1 7 29 0 3
0 1 127 48 0 3
0 1 116 58 0 0
0 1 78 61 1 1
0 1 79 28 1 0
0 1 71 15 0 0
0 1 21 35 0 3
0 1 37 0 1 1
0 1 35 21 0 3
0 1 62 5 0 0
0 1 82 45 1 3
0 1 128 44 0 3
