0 1 103 14 0 2
0 1 38 49 0 2
0 1 102 15 0 3
0 1 25 40 0 3
0 1 115 32 0 2
0 1 8 61 0 0
0 1 10 62 0 1
0 1 58 50 0 0
0 1 127 28 0 2
0 1 32 22 1 2
0 1 121 18 0 3
0 1 81 4 1 0
0 1 65 17 0 3
0 1 87 28 1 3
0 1 26 36 0 3
0 1 109 45 0 2
0 1 64 50 1 2
0 1 88 55 1 0
0 1 57 59 1 2
0 1 34 37 1 1
0 1 78 3 0 0
0 1 20 9 0 1
0 1 66 14 0 3
0 1 46 2 1 1
0 1 108 29 1 2
0 1 86 63 1 0
0 1 91 8 0 0
0 1 12 45 1 0
0 1 98 7 1 2
0 1 95 10 0 1
0 1 67 48 1 0
0 1 6 43 0 1
0 1 79 34 0 3
0 1 55 47 0 0
0 1 119 29 0 3
0 1 91 19 1 1
0 1 116 58 0 2
0 1 95 12 1 3
0 1 4 0 0 1
0 1 34 60 0 3
0 1 9 17 0 1
0 1 90 41 1 1
0 1 125 34 1 1
0 1 30 33 1 1
0 1 51 63 0 3
0 1 106 22 1 1
0 1 23 5 1 0
0 1 101 42 0 3
0 1 97 61 1 2
0 1 89 16 0 2
0 1 101 46 1 3
0 1 97 51 0 3
0 1 126 53 1 2
0 1 40 38 0 1
0 1 42 43 1 2
0 1 13 1 1 3
0 1 5 30 0 2
0 1 54 48 1 1
0 1 90 60 0 2
0 1 47 13 1 2
0 1 75 2 0 0
0 1 113 25 0 3
0 1 105 6 0 3
0 1 3 17 0 2
0 1 86 41 0 3
0 1 113 53 1 1
0 1 18 20 1 1
0 1 70 40 1 2
0 1 31 58 0 0
0 1 110 39 0 0
0 1 1 39 1 1
0 1 14 42 1 0
0 1 114 21 1 2
0 1 99 47 1 2
0 1 17 49 0 1
0 1 83 30 0 3
0 1 73 11 0 2
0 1 11 19 1 2
0 1 102 31 1 3
0 1 105 54 1 3
0 1 77 27 0 3
0 1 118 64 0 0
0 1 107 56 0 3
0 1 37 21 1 1
0 1 28 13 0 0
0 1 111 1 0 1
0 1 33 10 0 0
0 1 21 26 1 0
0 1 49 54 1 1
0 1 124 9 0 0
0 1 20 0 1 2
0 1 112 60 1 0
0 1 76 22 1 0
0 1 39 23 0 3
0 1 48 8 1 2
0 1 119 46 1 2
0 1 49 0 0 3
0 1 25 18 1 0
0 1 72 35 0 0
0 1 82 55 0 3
0 1 58 36 1 1
0 1 120 63 1 2
0 1 69 64 0 1
0 1 19 52 1 1
0 1 35 21 0 3
0 1 88 15 0 1
0 1 123 20 1 0
0 1 53 25 0 2
0 1 117 26 0 2
0 1 45 26 1 1
0 1 94 6 1 2
0 1 12 51 0 1
0 1 99 3 0 1
0 1 107 11 1 1
0 1 122 39 0 2
0 1 8 33 1 3
0 1 96 27 0 0
0 1 6 46 1 1
0 1 33 53 1 3
0 1 84 24 0 2
0 1 42 3 0 2
0 1 19 42 0 2
0 1 53 13 1 3
0 1 71 16 1 1
0 1 38 18 1 2
0 1 15 49 0 0
0 1 64 15 0 0
0 1 111 37 1 0
0 1 65 31 1 2
0 1 30 59 0 1
0 1 92 5 1 1
0 1 93 32 0 0
0 1 50 49 1 3
0 1 114 38 0 2
0 1 44 34 1 0
0 1 22 57 1 2
0 1 2 12 0 1
0 1 74 40 0 0
0 1 94 47 0 1
0 1 36 58 0 1
0 1 59 24 0 1
0 1 124 44 1 1
0 1 126 64 0 2
0 1 5 1 1 2
0 1 35 8 1 1
0 1 116 11 1 0
0 1 21 35 0 3
0 1 80 7 1 0
0 1 37 19 0 3
0 1 66 31 1 0
0 1 118 4 1 1
0 1 103 56 1 2
0 1 67 20 0 2
0 1 109 53 1 0
0 1 128 29 1 1
0 1 69 1 1 0
0 1 84 18 1 1
0 1 112 52 0 0
0 1 104 33 0 2
0 1 16 57 0 3
0 1 9 50 1 3
0 1 125 29 0 0
0 1 129 62 1 3
0 1 55 59 1 0
0 1 56 30 1 0
0 1 83 56 1 1
0 1 17 2 1 2
0 1 22 27 0 1
0 1 57 4 0 2
0 1 7 24 0 0
0 1 13 48 0 2
0 1 43 28 0 1
0 1 29 54 0 0
0 1 93 55 1 1
0 1 127 12 1 2
0 1 123 51 0 2
0 1 106 47 0 3
0 1 104 23 1 0
0 1 2 52 1 2
0 1 74 64 1 3
0 1 68 45 1 3
0 1 41 5 0 2
0 1 46 25 0 1
0 1 98 61 0 3
0 1 31 7 1 3
0 1 39 31 1 1
0 1 63 50 1 1
0 1 16 33 1 0
0 1 82 22 1 3
0 1 76 40 0 1
0 1 52 14 1 1
0 1 44 17 0 0
0 1 71 0 0 0
0 1 77 46 1 0
0 1 54 6 0 1
0 1 70 44 0 0
0 1 115 36 1 0
0 1 87 10 0 3
0 1 11 13 0 1
0 1 26 3 1 3
0 1 60 23 1 1
0 1 81 52 0 3
0 1 45 41 0 2
0 1 100 54 0 2
0 1 56 27 0 2
0 1 129 9 0 2
0 1 78 57 1 1
0 1 27 44 0 3
0 1 61 8 0 3
0 1 60 12 0 0
0 1 48 4 0 3
0 1 61 60 1 1
0 1 24 43 0 3
0 1 68 10 0 2
0 1 47 37 0 2
0 1 96 36 1 2
0 1 108 62 0 0
0 1 18 37 0 3
0 1 29 16 1 3
0 1 10 59 1 3
0 1 14 42 0 1
0 1 32 35 0 2
0 1 63 24 0 3
0 1 3 23 1 2
0 1 15 38 1 3
0 1 110 63 1 1
0 1 59 7 1 1
0 1 52 25 0 0
0 1 85 61 0 1
0 1 89 48 1 3
0 1 117 5 1 3
0 1 51 55 1 2
0 1 23 11 0 3
0 1 72 32 1 1
