0 1 92 26 1 2
0 1 127 4 0 1
0 1 96 21 0 3
0 1 20 19 0 0
0 1 35 50 0 0
0 1 70 40 1 2
0 1 62 58 1 3
0 1 88 34 1 2
0 1 33 8 0 3
0 1 75 59 1 2
0 1 42 64 1 2
0 1 51 2 1 3
0 1 14 38 0 1
0 1 114 18 0 2
0 1 111 1 0 3
0 1 61 29 1 2
0 1 94 52 1 3
0 1 60 6 1 2
0 1 40 35 0 2
0 1 23 48 1 2
0 1 30 16 1 0
0 1 28 51 1 3
0 1 82 11 0 3
0 1 122 56 1 2
0 1 125 12 0 2
0 1 106 45 0 0
0 1 103 61 0 3
0 1 71 60 0 2
0 1 57 25 0 3
0 1 118 43 0 0
0 1 42 19 0 3
0 1 46 14 0 3
0 1 41 15 0 0
0 1 25 13 1 3
0 1 113 55 1 1
0 1 73 30 1 1
0 1 89 54 1 0
0 1 91 39 1 1
0 1 107 59 0 0
0 1 8 0 1 1
0 1 115 42 0 1
0 1 117 17 0 0
0 1 83 39 1 2
0 1 62 60 0 3
0 1 118 4 1 3
0 1 87 0 1 0
0 1 15 16 0 3
0 1 31 31 0 2
0 1 108 21 0 2
0 1 20 7 1 0
0 1 129 32 0 2
0 1 32 41 0 1
0 1 77 24 0 2
0 1 56 43 1 2
0 1 127 52 1 2
0 1 112 5 0 2
0 1 100 54 1 2
0 1 96 57 1 2
0 1 107 46 1 0
0 1 48 53 0 0
0 1 97 9 0 1
0 1 36 11 0 2
0 1 93 44 1 1
0 1 56 10 0 2
0 1 121 34 1 3
0 1 81 10 0 3
0 1 82 49 1 0
0 1 26 43 1 3
0 1 72 23 1 1
0 1 2 25 0 0
0 1 79 6 0 1
0 1 21 47 1 1
0 1 51 28 0 2
0 1 83 62 0 0
0 1 29 17 0 2
0 1 47 33 0 2
0 1 119 55 0 3
0 1 85 33 0 1
0 1 57 57 1 0
0 1 50 61 0 0
0 1 3 5 1 3
0 1 0 3 0 0
0 1 40 46 1 2
0 1 64 33 1 0
0 1 117 1 1 0
0 1 21 63 0 2
0 1 128 47 0 2
0 1 69 3 1 1
0 1 22 36 0 2
0 1 93 2 0 1
0 1 115 40 1 3
0 1 124 49 0 3
0 1 99 38 0 0
0 1 53 64 0 0
0 1 92 61 0 1
0 1 63 24 0 1
0 1 34 22 1 3
0 1 31 29 1 3
0 1 49 37 1 1
0 1 11 9 0 0
0 1 125 58 1 1
0 1 6 13 1 0
0 1 72 36 0 1
0 1 24 58 1 2
0 1 81 51 1 2
0 1 55 8 1 0
0 1 88 15 0 3
0 1 124 26 1 1
0 1 50 12 1 3
0 1 80 62 0 2
0 1 37 50 1 2
0 1 27 32 1 3
0 1 10 41 1 2
0 1 121 43 0 1
0 1 61 37 0 2
0 1 38 31 1 3
0 1 76 7 1 1
0 1 24 10 0 0
0 1 44 59 0 3
0 1 73 56 0 0
0 1 49 37 0 3
0 1 66 25 0 2
0 1 102 22 0 1
0 1 116 30 1 0
0 1 104 3 0 3
0 1 58 15 1 1
0 1 5 21 1 1
0 1 74 50 0 3
0 1 86 61 1 2
0 1 65 23 0 3
0 1 22 10 1 1
0 1 29 13 1 1
0 1 80 42 1 3
0 1 19 6 1 0
0 1 120 14 1 1
0 1 0 48 1 1
0 1 67 27 0 0
0 1 59 45 1 2
0 1 123 30 1 3
0 1 78 64 0 3
0 1 43 53 0 2
0 1 97 22 1 2
0 1 36 19 1 1
0 1 35 20 1 1
0 1 90 51 1 0
0 1 120 34 0 0
0 1 26 23 0 0
0 1 3 53 0 3
0 1 86 45 0 3
0 1 53 41 1 3
0 1 90 22 0 0
0 1 128 11 1 1
0 1 123 56 0 1
0 1 116 18 0 0
0 1 14 0 1 2
0 1 84 40 0 1
0 1 30 27 0 3
0 1 25 63 0 1
0 1 77 30 1 2
0 1 106 27 1 1
0 1 78 20 1 2
0 1 64 54 0 3
0 1 45 0 1 3
0 1 60 12 0 1
0 1 19 52 0 1
0 1 55 38 0 2
0 1 63 4 1 0
0 1 105 18 1 3
0 1 59 19 0 2
0 1 68 35 1 1
0 1 95 48 1 0
0 1 16 47 0 3
0 1 68 14 0 2
0 1 76 7 0 3
0 1 122 44 0 0
0 1 37 5 0 0
0 1 48 42 1 2
0 1 1 15 0 2
0 1 89 38 0 3
0 1 4 1 1 1
0 1 104 55 1 2
0 1 2 20 1 0
0 1 12 60 1 0
0 1 110 45 1 1
0 1 12 44 0 3
0 1 129 23 1 2
0 1 38 12 0 0
0 1 126 57 0 1
0 1 17 56 1 3
0 1 108 35 1 3
0 1 18 49 0 1
0 1 98 29 1 1
0 1 79 6 1 3
0 1 39 28 0 3
0 1 44 16 1 2
0 1 27 2 0 0
0 1 43 31 1 0
0 1 102 28 1 0
0 1 11 48 1 3
0 1 6 5 0 1
0 1 1 17 1 3
0 1 58 14 0 0
0 1 69 31 0 1
0 1 109 46 0 1
0 1 5 29 0 0
0 1 41 36 1 3
0 1 98 24 0 3
0 1 9 58 1 0
0 1 8 8 0 2
0 1 10 26 0 3
0 1 15 13 1 2
0 1 100 40 0 0
0 1 74 32 1 1
0 1 46 35 1 0
0 1 84 33 1 3
0 1 114 63 1 3
0 1 119 52 1 0
0 1 87 62 0 3
0 1 71 42 1 0
0 1 113 39 0 0
0 1 28 57 0 3
0 1 110 39 0 3
0 1 47 54 1 1
0 1 13 53 1 1
0 1 17 32 0 0
0 1 52 9 1 2
0 1 45 44 0 2
0 1 111 27 1 2
0 1 70 37 0 0
0 1 99 64 1 1
0 1 112 62 1 1
0 1 103 63 1 0
0 1 85 11 1 0
0 1 7 16 1 1
