0 1 103 1 1 3
0 1 35 48 0 0
0 1 43 46 0 1
0 1 92 29 1 2
0 1 106 11 0 2
0 1 32 11 0 3
0 1 54 39 1 3
0 1 92 38 0 2
0 1 84 5 0 3
0 1 9 45 1 3
0 1 60 33 1 0
0 1 61 50 0 1
0 1 2 32 1 3
0 1 115 34 0 0
0 1 42 36 1 2
0 1 30 24 1 1
0 1 39 9 0 1
0 1 62 25 0 1
0 1 63 56 1 2
0 1 21 42 1 1
0 1 69 14 1 2
0 1 91 7 1 3
0 1 121 19 0 0
0 1 87 55 1 0
0 1 59 25 0 0
0 1 56 0 1 3
0 1 24 3 1 0
0 1 14 59 0 0
0 1 98 18 0 0
0 1 68 13 1 2
0 1 17 46 0 3
0 1 120 12 0 1
0 1 70 53 0 2
0 1 62 57 1 2
0 1 53 32 1 2
0 1 82 49 0 2
0 1 117 5 0 1
0 1 33 59 0 2
0 1 6 64 0 3
0 1 99 34 0 1
0 1 49 64 1 0
0 1 29 43 0 1
0 1 29 56 1 3
0 1 36 1 1 1
0 1 0 52 0 3
0 1 9 19 0 2
0 1 45 58 0 3
0 1 70 47 1 1
0 1 120 4 1 3
0 1 38 20 1 3
0 1 73 37 1 2
0 1 22 17 0 2
0 1 64 41 1 0
0 1 123 60 0 2
0 1 12 3 0 1
0 1 88 14 1 0
0 1 76 32 0 0
0 1 75 50 0 2
0 1 5 13 0 1
0 1 33 6 1 2
0 1 71 55 0 1
0 1 47 34 0 2
0 1 55 37 0 3
0 1 124 23 0 1
0 1 100 29 1 1
0 1 3 57 1 1
0 1 93 42 1 0
0 1 126 40 1 3
0 1 119 15 1 1
0 1 23 10 0 3
0 1 54 28 0 0
0 1 30 62 0 1
0 1 129 22 1 0
0 1 8 13 1 0
0 1 66 31 1 3
0 1 94 36 1 0
0 1 58 52 1 0
0 1 114 22 1 2
0 1 32 49 1 1
0 1 10 5 1 0
0 1 127 25 0 2
0 1 98 18 1 3
0 1 118 24 0 2
0 1 78 26 1 2
0 1 36 14 0 1
0 1 15 12 1 2
0 1 126 62 0 0
0 1 37 8 1 0
0 1 95 38 0 1
0 1 25 16 0 3
0 1 83 27 1 3
0 1 82 27 1 2
0 1 37 7 0 0
0 1 51 47 1 3
0 1 7 55 1 3
0 1 87 61 0 3
0 1 58 51 0 2
0 1 49 62 0 3
0 1 102 12 0 3
0 1 78 31 0 1
0 1 124 35 1 2
0 1 123 4 1 1
0 1 81 33 1 2
0 1 103 58 0 2
0 1 67 63 1 3
0 1 56 9 0 0
0 1 89 1 0 0
0 1 15 45 0 0
0 1 22 63 1 1
0 1 41 30 1 3
0 1 50 45 1 2
0 1 21 24 0 0
0 1 77 60 1 3
0 1 6 13 1 3
0 1 96 2 0 3
0 1 47 39 1 2
0 1 31 11 0 0
0 1 1 51 0 3
0 1 51 41 0 2
0 1 116 9 0 3
0 1 113 35 0 1
0 1 5 8 1 3
0 1 25 26 1 0
0 1 86 6 0 3
0 1 113 58 1 1
0 1 13 20 1 0
0 1 68 33 0 1
0 1 16 8 1 2
0 1 73 54 0 3
0 1 60 28 0 3
0 1 72 44 1 1
0 1 105 57 0 3
0 1 125 2 0 1
0 1 50 6 0 1
0 1 104 4 0 0
0 1 57 61 0 1
0 1 16 55 0 2
0 1 19 16 0 0
0 1 1 21 1 0
0 1 88 5 0 2
0 1 52 44 0 2
0 1 97 14 0 3
0 1 118 41 1 1
0 1 97 44 1 0
0 1 101 41 1 3
0 1 94 64 0 2
0 1 85 21 0 3
0 1 39 35 1 0
0 1 107 29 1 3
0 1 34 54 1 2
0 1 128 40 0 1
0 1 100 40 0 2
0 1 90 30 1 1
0 1 105 46 1 0
0 1 99 26 1 3
0 1 102 9 1 2
0 1 121 15 1 0
0 1 127 20 1 1
0 1 17 61 1 2
0 1 67 15 0 3
0 1 18 50 0 3
0 1 117 51 1 0
0 1 90 31 0 0
0 1 44 49 0 0
0 1 129 7 0 1
0 1 27 42 0 3
0 1 128 59 1 3
0 1 79 19 0 1
0 1 28 57 0 0
0 1 31 58 1 0
0 1 10 0 0 0
0 1 8 28 0 1
0 1 13 48 0 2
0 1 4 43 1 2
0 1 57 45 1 1
0 1 7 48 0 3
0 1 119 60 0 1
0 1 81 23 0 0
0 1 53 30 0 2
0 1 0 39 1 1
0 1 109 38 1 3
0 1 38 56 0 1
0 1 110 60 1 0
0 1 77 0 0 2
0 1 3 43 0 0
0 1 80 3 0 2
0 1 65 49 0 3
0 1 65 22 1 1
0 1 52 53 1 3
0 1 74 6 0 0
0 1 61 35 1 3
0 1 55 15 1 2
0 1 108 42 0 2
0 1 114 26 0 1
0 1 28 2 1 0
0 1 48 8 0 1
0 1 40 37 1 0
0 1 74 21 1 2
0 1 46 3 0 3
0 1 76 38 1 0
0 1 72 23 0 2
0 1 112 31 0 2
0 1 26 63 1 2
0 1 125 62 1 2
0 1 85 56 1 0
0 1 4 36 0 3
0 1 116 39 1 0
0 1 40 1 0 2
0 1 12 40 1 0
0 1 101 11 0 1
0 1 83 44 0 3
0 1 27 20 1 2
0 1 59 61 1 0
0 1 115 25 1 3
0 1 11 29 0 0
0 1 111 51 1 1
0 1 44 10 1 0
0 1 45 43 1 3
0 1 93 28 0 2
0 1 108 53 1 0
0 1 96 54 1 0
0 1 35 17 1 1
0 1 79 52 1 2
0 1 20 18 0 1
0 1 86 24 1 3
0 1 46 64 1 1
0 1 66 10 0 1
0 1 64 32 0 1
0 1 112 37 1 1
0 1 24 21 0 1
0 1 23 17 1 0
0 1 104 47 1 0
0 1 111 12 0 0
0 1 11 27 1 1
