0 1 123 18 0 0
0 1 108 16 1 1
0 1 51 2 1 0
0 1 109 7 0 2
0 1 19 32 0 3
0 1 99 63 1 2
0 1 79 23 1 2
0 1 55 56 0 1
0 1 96 1 1 2
0 1 77 14 1 3
0 1 49 13 0 3
0 1 8 57 1 2
0 1 19 23 1 3
0 1 91 10 0 0
0 1 54 57 1 3
0 1 33 28 0 2
0 1 38 8 0 3
0 1 36 47 0 3
0 1 63 39 1 2
0 1 54 34 0 1
0 1 74 60 0 0
0 1 40 60 0 1
0 1 107 4 1 3
0 1 112 49 0 2
0 1 29 14 0 1
0 1 66 1 1 1
0 1 81 6 0 2
0 1 105 41 1 1
0 1 74 40 1 1
0 1 59 18 1 1
0 1 110 62 1 0
0 1 33 9 1 3
0 1 67 52 0 3
0 1 14 7 0 3
0 1 119 17 1 2
0 1 31 0 0 2
0 1 21 25 1 1
0 1 6 19 1 0
0 1 122 3 1 0
0 1 40 40 1 2
0 1 111 13 1 1
0 1 115 26 1 3
0 1 84 48 1 2
0 1 49 44 1 3
0 1 117 15 1 2
0 1 116 61 1 2
0 1 37 29 1 1
0 1 39 30 0 2
0 1 38 8 1 2
0 1 12 50 1 1
0 1 127 42 1 2
0 1 2 27 0 0
0 1 85 43 1 1
0 1 65 45 1 0
0 1 62 36 0 2
0 1 79 62 0 1
0 1 50 2 1 2
0 1 5 38 0 3
0 1 21 27 0 3
0 1 61 54 1 1
0 1 90 15 1 1
0 1 68 5 0 0
0 1 18 14 0 0
0 1 53 22 0 1
0 1 67 31 1 0
0 1 109 22 1 2
0 1 118 0 0 3
0 1 103 45 1 2
0 1 9 10 0 1
0 1 78 24 1 0
0 1 56 36 0 0
0 1 72 5 0 1
0 1 22 46 1 1
0 1 34 37 0 3
0 1 106 56 0 2
0 1 30 55 0 1
0 1 113 21 1 0
0 1 12 58 0 1
0 1 98 20 1 3
0 1 117 35 0 1
0 1 64 52 0 2
0 1 35 61 0 0
0 1 70 28 0 1
0 1 32 59 1 1
0 1 48 56 1 0
0 1 62 38 1 1
0 1 28 11 1 0
0 1 106 12 1 0
0 1 97 4 0 2
0 1 122 30 0 0
0 1 69 46 1 2
0 1 1 64 1 0
0 1 100 25 1 3
0 1 41 37 0 0
0 1 97 33 1 0
0 1 48 39 0 3
0 1 23 29 1 0
0 1 118 60 1 2
0 1 98 63 0 3
0 1 36 51 1 3
0 1 10 55 1 2
0 1 13 19 0 2
0 1 56 33 1 3
0 1 86 25 1 2
0 1 43 48 0 3
0 1 95 58 0 3
0 1 24 16 1 2
0 1 121 58 0 2
0 1 17 22 0 0
0 1 25 53 0 0
0 1 101 24 1 3
0 1 46 26 1 0
0 1 103 26 0 1
0 1 16 21 1 1
0 1 20 35 1 2
0 1 4 9 1 0
0 1 92 32 0 0
0 1 81 38 1 0
0 1 84 20 0 0
0 1 72 3 1 1
0 1 44 24 1 2
0 1 46 7 0 0
0 1 120 24 1 1
0 1 43 13 1 0
0 1 114 47 1 0
0 1 5 33 1 2
0 1 95 64 1 3
0 1 113 45 0 3
0 1 61 39 0 0
0 1 121 28 1 3
0 1 88 44 0 2
0 1 7 55 1 3
0 1 11 10 1 2
0 1 47 27 1 2
0 1 112 57 1 0
0 1 65 53 0 2
0 1 125 7 1 1
0 1 83 59 1 2
0 1 124 40 0 3
0 1 99 41 0 0
0 1 75 54 1 3
0 1 42 17 0 0
0 1 15 9 1 2
0 1 53 42 1 0
0 1 101 54 0 0
0 1 129 11 1 3
0 1 59 21 0 3
0 1 64 51 1 2
0 1 44 12 0 2
0 1 14 50 1 3
0 1 92 50 1 0
0 1 93 0 0 0
0 1 52 34 0 3
0 1 32 46 0 0
0 1 105 42 0 3
0 1 1 1 0 0
0 1 70 31 1 2
0 1 94 35 1 3
0 1 83 18 0 2
0 1 120 63 0 1
0 1 30 23 1 0
0 1 119 26 0 2
0 1 126 8 1 1
0 1 22 62 0 3
0 1 123 23 1 1
0 1 116 3 0 2
0 1 114 44 0 1
0 1 78 19 0 1
0 1 35 11 1 1
0 1 9 34 1 2
0 1 129 43 0 2
0 1 27 15 1 0
0 1 104 31 0 3
0 1 69 5 0 3
0 1 104 15 1 3
0 1 76 37 1 1
0 1 8 0 0 1
0 1 126 18 0 3
0 1 45 22 0 3
0 1 26 50 0 2
0 1 94 49 0 1
0 1 111 41 0 2
0 1 57 12 0 3
0 1 77 6 0 1
0 1 58 53 1 1
0 1 37 45 0 1
0 1 96 32 0 1
0 1 102 48 1 1
0 1 51 17 0 3
0 1 52 17 1 1
0 1 87 64 1 1
0 1 110 63 0 0
0 1 89 44 0 0
0 1 47 47 0 2
0 1 127 43 0 3
0 1 25 64 1 2
0 1 71 16 1 3
0 1 71 6 0 3
0 1 115 2 0 3
0 1 73 58 0 0
0 1 28 14 0 2
0 1 57 41 1 3
0 1 34 29 1 2
0 1 6 6 0 0
0 1 100 8 0 0
0 1 86 9 0 1
0 1 90 4 0 0
0 1 3 59 0 3
0 1 42 29 1 3
0 1 3 10 1 3
0 1 102 49 0 3
0 1 128 61 0 3
0 1 41 36 1 3
0 1 60 20 0 1
0 1 13 30 1 3
0 1 2 21 1 2
0 1 17 62 1 2
0 1 88 35 1 0
0 1 58 34 0 0
0 1 20 60 0 3
0 1 55 57 1 1
0 1 31 52 1 0
0 1 85 13 0 2
0 1 45 52 1 1
0 1 76 16 0 0
0 1 0 39 0 1
0 1 11 19 0 3
0 1 15 43 0 0
0 1 29 37 1 2
0 1 18 53 1 3
0 1 24 51 0 1
0 1 91 47 1 1
0 1 23 42 0 1
0 1 66 49 0 0
