0 1 125 27 1 2
0 1 83 7 1 0
0 1 36 15 0 3
0 1 77 3 1 0
0 1 7 45 0 1
0 1 22 30 0 1
0 1 75 26 0 2
0 1 79 10 0 0
0 1 102 3 1 2
0 1 50 12 0 3
0 1 65 9 1 2
0 1 12 28 1 2
0 1 115 60 0 0
0 1 38 36 1 1
0 1 48 59 0 0
0 1 114 22 1 1
0 1 86 59 0 1
0 1 62 61 0 3
0 1 52 21 0 1
0 1 20 37 0 1
0 1 34 38 0 0
0 1 126 8 1 1
0 1 63 20 0 3
0 1 64 19 1 3
0 1 94 25 0 1
0 1 96 40 0 1
0 1 40 36 1 3
0 1 60 32 0 3
0 1 37 43 1 3
0 1 15 14 1 3
0 1 69 64 1 1
0 1 108 23 1 0
0 1 40 48 0 3
0 1 10 62 0 0
0 1 14 4 1 0
0 1 31 63 1 1
0 1 93 16 1 0
0 1 99 63 0 0
0 1 3 56 0 1
0 1 78 57 0 1
0 1 15 31 0 3
0 1 4 41 0 1
0 1 80 47 0 3
0 1 11 12 1 0
0 1 47 28 0 0
0 1 37 44 0 2
0 1 111 58 1 1
0 1 24 1 0 1
0 1 39 34 0 2
0 1 26 54 0 0
0 1 80 64 1 0
0 1 89 29 1 3
0 1 118 37 0 3
0 1 19 17 0 0
0 1 91 49 0 1
0 1 66 7 0 1
0 1 71 55 0 1
0 1 111 7 0 3
0 1 67 15 1 1
0 1 79 6 1 3
0 1 113 2 0 0
0 1 110 30 0 0
0 1 73 11 0 2
0 1 53 22 1 3
0 1 17 31 1 0
0 1 54 34 0 1
0 1 27 33 0 1
0 1 38 55 0 3
0 1 58 35 0 1
0 1 58 18 1 3
0 1 57 29 0 2
0 1 54 25 1 2
0 1 48 13 1 1
0 1 64 6 0 0
0 1 55 57 1 0
0 1 84 42 1 1
0 1 97 6 0 1
0 1 41 46 1 3
0 1 70 54 1 1
0 1 121 49 1 0
0 1 33 1 0 3
0 1 96 39 1 0
0 1 1 39 1 1
0 1 17 62 0 3
0 1 119 62 1 1
0 1 122 35 0 0
0 1 123 19 0 1
0 1 109 52 1 1
0 1 24 44 1 1
0 1 103 53 1 2
0 1 95 16 1 3
0 1 88 2 1 2
0 1 18 21 0 2
0 1 92 36 1 2
0 1 113 31 1 2
0 1 11 24 0 3
0 1 98 38 1 1
0 1 81 13 0 2
0 1 49 43 1 0
0 1 7 51 1 3
0 1 6 17 0 3
0 1 35 47 1 1
0 1 122 11 1 0
0 1 87 27 0 3
0 1 2 40 0 2
0 1 92 0 0 1
0 1 81 11 1 1
0 1 112 52 1 3
0 1 115 51 1 0
0 1 109 3 0 1
0 1 74 22 1 2
0 1 73 20 1 0
0 1 59 32 0 2
0 1 94 46 1 1
0 1 30 18 0 0
0 1 5 14 0 0
0 1 51 39 0 2
0 1 9 9 1 1
0 1 100 47 0 0
0 1 91 29 1 0
0 1 85 13 1 0
0 1 126 12 0 2
0 1 127 25 0 3
0 1 49 61 0 0
0 1 68 18 1 2
0 1 14 51 0 2
0 1 129 32 1 1
0 1 6 8 1 3
0 1 46 40 0 3
0 1 19 49 1 2
0 1 77 23 0 2
0 1 44 58 0 2
0 1 8 54 0 2
0 1 25 16 0 2
0 1 45 54 0 3
0 1 20 5 1 1
0 1 66 48 1 1
0 1 101 32 1 0
0 1 102 10 0 3
0 1 28 41 0 0
0 1 44 57 1 2
0 1 112 49 0 3
0 1 27 15 1 2
0 1 29 18 0 1
0 1 12 53 0 3
0 1 72 0 0 0
0 1 5 63 1 2
0 1 68 10 0 1
0 1 13 1 0 0
0 1 90 19 0 0
0 1 21 20 1 1
0 1 129 59 0 2
0 1 89 64 0 3
0 1 32 24 1 2
0 1 16 60 0 1
0 1 85 44 0 3
0 1 76 61 1 1
0 1 35 0 0 2
0 1 67 4 0 3
0 1 25 24 1 0
0 1 95 8 0 0
0 1 121 62 0 2
0 1 127 26 1 3
0 1 59 38 1 2
0 1 13 41 1 2
0 1 78 34 1 0
0 1 99 42 1 0
0 1 74 2 0 1
0 1 100 55 1 0
0 1 3 37 1 0
0 1 106 9 1 3
0 1 128 60 0 3
0 1 46 33 1 3
0 1 29 43 1 2
0 1 117 14 0 1
0 1 36 52 1 0
0 1 10 30 1 3
0 1 65 15 0 0
0 1 114 1 0 2
0 1 82 14 1 2
0 1 39 64 1 2
0 1 72 4 1 2
0 1 125 23 0 3
0 1 123 35 1 3
0 1 1 45 0 3
0 1 63 50 1 1
0 1 116 4 1 1
0 1 51 50 1 0
0 1 110 42 1 3
0 1 60 22 1 0
0 1 98 50 0 2
0 1 105 21 1 3
0 1 55 3 0 3
0 1 101 20 0 2
0 1 42 58 1 0
0 1 76 55 0 2
0 1 69 16 0 1
0 1 106 31 0 1
0 1 43 17 1 1
0 1 88 45 0 0
0 1 86 6 1 2
0 1 82 57 0 3
0 1 107 48 0 2
0 1 57 19 1 2
0 1 21 47 0 2
0 1 9 58 0 3
0 1 16 29 1 1
0 1 104 63 1 3
0 1 118 53 1 0
0 1 124 11 1 3
0 1 41 37 0 2
0 1 52 5 1 3
0 1 119 26 0 1
0 1 116 40 0 0
0 1 28 7 1 2
0 1 56 59 1 3
0 1 8 17 1 2
0 1 31 0 0 3
0 1 61 26 1 0
0 1 26 28 1 3
0 1 124 50 0 3
0 1 30 41 1 3
0 1 32 12 0 1
0 1 70 39 0 3
0 1 107 5 1 2
0 1 0 56 1 2
0 1 104 24 0 1
0 1 47 34 1 3
0 1 90 46 1 2
0 1 84 42 0 2
0 1 108 5 0 0
0 1 23 21 1 0
0 1 71 46 1 0
0 1 18 61 1 2
