0 1 13 37 0 1
0 1 31 2 1 1
0 1 53 57 0 0
0 1 1 56 0 2
0 1 125 39 0 1
0 1 33 35 0 3
0 1 117 29 1 1
0 1 15 36 1 1
0 1 113 34 1 2
0 1 59 44 1 0
0 1 120 21 0 1
0 1 79 7 1 0
0 1 121 13 0 2
0 1 87 47 1 0
0 1 41 59 0 0
0 1 9 16 0 3
0 1 47 3 1 1
0 1 24 55 1 0
0 1 86 19 0 2
0 1 22 25 1 1
0 1 63 44 1 1
0 1 29 40 1 0
0 1 16 48 1 2
0 1 68 12 1 2
0 1 5 27 0 0
0 1 40 63 1 0
0 1 113 18 0 3
0 1 36 62 1 0
0 1 112 42 0 1
0 1 11 53 0 1
0 1 95 4 0 0
0 1 45 5 0 1
0 1 106 9 0 1
0 1 76 60 0 0
0 1 49 61 1 3
0 1 91 26 0 1
0 1 19 14 1 3
0 1 10 32 1 0
0 1 102 39 0 2
0 1 90 20 0 0
0 1 100 6 0 1
0 1 36 31 0 1
0 1 126 27 0 1
0 1 83 54 1 3
0 1 20 15 0 1
0 1 116 0 1 1
0 1 93 40 1 2
0 1 77 49 0 0
0 1 51 58 1 0
0 1 124 16 0 2
0 1 11 43 1 0
0 1 60 27 1 2
0 1 54 17 1 3
0 1 119 30 0 0
0 1 78 46 1 3
0 1 50 14 1 2
0 1 82 11 1 0
0 1 35 33 1 3
0 1 97 50 0 2
0 1 94 8 0 0
0 1 2 39 1 0
0 1 126 64 1 2
0 1 3 47 1 1
0 1 104 62 1 1
0 1 52 58 1 2
0 1 26 41 1 0
0 1 70 45 0 3
0 1 35 41 0 2
0 1 95 0 1 2
0 1 39 32 1 3
0 1 94 26 1 2
0 1 104 54 0 2
0 1 21 22 0 3
0 1 7 28 0 2
0 1 1 44 1 2
0 1 4 25 0 3
0 1 103 17 1 2
0 1 86 30 1 3
0 1 129 11 1 2
0 1 39 9 0 2
0 1 77 32 1 2
0 1 8 33 1 2
0 1 62 59 0 3
0 1 89 52 1 1
0 1 103 23 0 2
0 1 25 43 1 1
0 1 64 38 1 0
0 1 44 35 0 2
0 1 81 56 0 0
0 1 27 49 0 3
0 1 65 26 1 0
0 1 46 63 0 2
0 1 61 56 1 3
0 1 101 14 1 0
0 1 123 64 1 3
0 1 84 34 0 3
0 1 38 28 0 1
0 1 48 51 0 2
0 1 67 20 1 2
0 1 92 5 0 2
0 1 61 1 0 2
0 1 23 61 0 2
0 1 62 18 1 1
0 1 68 4 0 1
0 1 63 59 0 1
0 1 100 15 1 2
0 1 118 36 0 0
0 1 37 13 1 3
0 1 6 38 0 2
0 1 55 60 0 1
0 1 26 53 0 0
0 1 17 23 0 0
0 1 9 11 1 3
0 1 122 52 1 3
0 1 70 42 1 0
0 1 72 30 0 2
0 1 114 22 0 0
0 1 122 37 0 2
0 1 37 34 0 1
0 1 32 45 0 1
0 1 4 12 1 0
0 1 106 47 1 3
0 1 58 51 0 1
0 1 21 57 1 1
0 1 43 51 1 0
0 1 2 8 0 3
0 1 51 14 0 1
0 1 108 50 0 3
0 1 127 49 0 2
0 1 6 51 1 3
0 1 69 1 1 1
0 1 90 17 1 1
0 1 107 57 0 2
0 1 85 16 0 1
0 1 119 19 1 0
0 1 80 8 0 1
0 1 32 13 1 0
0 1 33 63 1 3
0 1 56 48 0 1
0 1 45 31 1 2
0 1 109 58 0 1
0 1 40 46 0 1
0 1 108 18 1 0
0 1 71 9 1 0
0 1 69 24 0 3
0 1 74 53 1 3
0 1 87 27 0 3
0 1 0 55 0 1
0 1 129 47 0 2
0 1 5 44 1 3
0 1 98 37 0 0
0 1 34 33 0 1
0 1 56 1 1 0
0 1 12 10 1 1
0 1 88 21 1 3
0 1 115 2 0 0
0 1 13 45 1 2
0 1 79 13 0 1
0 1 27 3 1 3
0 1 41 40 1 1
0 1 30 40 1 3
0 1 19 41 0 3
0 1 96 38 0 1
0 1 14 22 1 2
0 1 54 52 0 0
0 1 84 59 1 2
0 1 18 24 1 1
0 1 53 49 1 1
0 1 23 6 1 3
0 1 109 46 1 0
0 1 128 15 0 0
0 1 102 29 1 0
0 1 65 34 0 0
0 1 99 31 1 3
0 1 75 54 1 0
0 1 43 28 0 3
0 1 46 50 1 1
0 1 76 43 1 3
0 1 52 10 0 2
0 1 47 20 0 1
0 1 25 12 0 1
0 1 57 5 0 0
0 1 80 42 1 3
0 1 64 61 0 0
0 1 127 54 1 1
0 1 116 19 0 3
0 1 42 10 0 3
0 1 73 3 0 0
0 1 105 11 1 1
0 1 58 21 1 2
0 1 8 43 0 2
0 1 44 0 1 0
0 1 17 48 1 0
0 1 28 58 1 3
0 1 111 62 1 2
0 1 85 36 1 2
0 1 73 16 1 0
0 1 118 10 1 0
0 1 89 7 0 1
0 1 16 23 0 1
0 1 28 45 0 0
0 1 42 60 1 2
0 1 12 18 0 2
0 1 29 56 0 1
0 1 38 32 1 1
0 1 78 23 0 3
0 1 15 55 0 3
0 1 31 64 0 1
0 1 117 2 0 3
0 1 91 17 1 0
0 1 34 4 1 2
0 1 120 62 1 3
0 1 60 1 0 3
0 1 97 25 1 2
0 1 112 48 1 3
0 1 10 6 0 0
0 1 111 24 0 0
0 1 128 30 1 1
0 1 66 35 1 0
0 1 66 6 0 2
0 1 57 20 1 3
0 1 121 57 1 3
0 1 74 29 0 3
0 1 110 8 1 2
0 1 96 46 1 2
0 1 3 33 0 0
0 1 105 26 0 3
0 1 88 7 0 3
0 1 55 35 1 1
0 1 98 29 1 2
0 1 24 37 0 3
0 1 18 36 0 3
0 1 110 55 0 2
0 1 49 19 0 1
