0 1 45 40 1 3
0 1 16 22 1 3
0 1 50 7 1 2
0 1 7 60 1 2
0 1 99 5 1 2
0 1 80 64 0 0
0 1 53 46 0 2
0 1 62 0 0 3
0 1 55 56 0 3
0 1 73 7 1 3
0 1 106 42 1 1
0 1 89 44 1 2
0 1 24 54 1 0
0 1 83 39 1 3
0 1 114 33 0 0
0 1 34 63 1 3
0 1 101 24 1 2
0 1 102 39 0 2
0 1 60 41 1 3
0 1 97 56 1 2
0 1 18 34 1 3
0 1 71 55 1 1
0 1 113 8 0 3
0 1 39 61 1 1
0 1 10 28 1 3
0 1 36 31 1 1
0 1 103 1 0 1
0 1 20 23 1 1
0 1 47 52 1 1
0 1 63 18 0 1
0 1 51 16 0 1
0 1 5 55 1 0
0 1 17 49 0 0
0 1 56 7 0 0
0 1 4 21 1 1
0 1 33 40 1 0
0 1 66 17 1 3
0 1 73 12 0 1
0 1 98 24 0 0
0 1 116 47 1 3
0 1 69 4 1 2
0 1 87 36 0 0
0 1 69 50 0 0
0 1 112 22 0 2
0 1 68 43 1 3
0 1 47 19 0 3
0 1 84 29 1 2
0 1 77 38 1 0
0 1 112 26 1 3
0 1 118 9 1 2
0 1 27 26 0 0
0 1 32 11 1 2
0 1 70 40 1 2
0 1 0 51 1 1
0 1 16 44 0 3
0 1 46 10 0 0
0 1 9 28 0 2
0 1 39 53 0 0
0 1 42 18 1 2
0 1 48 1 1 0
0 1 125 43 1 1
0 1 74 37 0 1
0 1 115 14 1 3
0 1 120 52 0 0
0 1 124 14 0 2
0 1 24 3 0 3
0 1 34 55 0 3
0 1 22 27 1 1
0 1 1 9 1 1
0 1 107 13 0 0
0 1 21 45 0 1
0 1 110 34 1 0
0 1 70 46 0 0
0 1 64 39 1 0
0 1 117 36 0 3
0 1 5 43 0 2
0 1 127 11 1 3
0 1 105 43 0 0
0 1 44 59 0 2
0 1 76 15 0 3
0 1 81 38 1 3
0 1 58 15 1 0
0 1 77 30 0 2
0 1 25 47 0 1
0 1 48 2 0 0
0 1 84 45 0 3
0 1 82 51 1 2
0 1 80 12 1 3
0 1 127 34 0 1
0 1 101 59 0 0
0 1 96 10 0 1
0 1 128 9 1 0
0 1 0 42 0 2
0 1 14 27 1 3
0 1 14 25 0 2
0 1 79 37 1 0
0 1 78 40 1 1
0 1 17 16 1 3
0 1 95 35 1 1
0 1 10 33 0 2
0 1 35 6 1 3
0 1 15 11 0 1
0 1 108 57 1 2
0 1 100 29 0 0
0 1 31 62 1 3
0 1 85 57 1 1
0 1 92 23 1 0
0 1 103 63 1 2
0 1 8 15 1 1
0 1 98 32 1 1
0 1 46 49 1 3
0 1 61 50 0 3
0 1 116 8 0 2
0 1 40 20 1 3
0 1 94 19 1 1
0 1 4 38 0 1
0 1 83 24 0 3
0 1 29 4 0 1
0 1 105 3 1 0
0 1 51 2 1 2
0 1 95 61 0 2
0 1 123 41 1 0
0 1 123 53 0 3
0 1 28 35 0 3
0 1 120 62 1 2
0 1 23 30 0 1
0 1 119 60 1 1
0 1 108 54 0 1
0 1 12 23 1 2
0 1 49 49 0 2
0 1 67 19 1 2
0 1 110 37 0 2
0 1 111 52 0 2
0 1 126 51 1 3
0 1 54 5 1 3
0 1 104 21 1 0
0 1 71 2 0 1
0 1 40 36 0 1
0 1 93 63 0 0
0 1 90 49 0 1
0 1 65 24 0 1
0 1 62 58 1 3
0 1 109 48 0 2
0 1 41 33 1 3
0 1 1 2 0 3
0 1 49 6 1 2
0 1 53 32 1 3
0 1 129 21 0 2
0 1 75 61 1 0
0 1 41 5 0 0
0 1 8 50 0 1
0 1 72 20 0 2
0 1 82 13 0 3
0 1 119 3 0 2
0 1 9 64 1 2
0 1 106 54 0 2
0 1 87 10 1 2
0 1 94 8 0 1
0 1 97 51 0 0
0 1 64 25 0 1
0 1 20 17 0 2
0 1 45 58 0 0
0 1 2 53 0 1
0 1 99 14 0 1
0 1 78 31 0 3
0 1 28 48 1 1
0 1 113 59 1 3
0 1 2 56 1 0
0 1 57 10 1 3
0 1 129 0 1 1
0 1 50 60 0 0
0 1 115 28 0 1
0 1 109 64 1 1
0 1 104 30 0 3
0 1 90 12 1 0
0 1 125 41 0 2
0 1 107 58 1 1
0 1 29 48 1 0
0 1 88 22 1 0
0 1 6 36 1 2
0 1 81 31 0 0
0 1 58 17 0 1
0 1 38 62 1 0
0 1 26 32 1 0
0 1 91 3 1 1
0 1 12 27 0 2
0 1 89 26 0 2
0 1 121 20 1 0
0 1 86 33 1 1
0 1 15 44 1 1
0 1 122 57 1 0
0 1 19 16 1 0
0 1 37 1 0 2
0 1 100 25 1 3
0 1 93 7 1 1
0 1 91 1 0 3
0 1 118 0 0 2
0 1 22 50 0 2
0 1 56 58 1 2
0 1 65 45 1 0
0 1 43 35 0 2
0 1 96 32 1 2
0 1 59 42 0 0
0 1 13 4 0 3
0 1 76 46 1 3
0 1 19 28 0 0
0 1 126 21 0 3
0 1 57 57 0 3
0 1 33 18 0 3
0 1 117 13 1 2
0 1 6 47 0 2
0 1 25 62 1 1
0 1 32 5 0 1
0 1 52 29 0 1
0 1 52 39 1 1
0 1 44 37 1 3
0 1 88 16 0 2
0 1 43 44 1 0
0 1 11 26 1 1
0 1 111 59 1 1
0 1 72 6 1 0
0 1 66 4 0 0
0 1 85 27 0 0
0 1 21 56 1 1
0 1 102 12 1 2
0 1 86 13 0 1
0 1 18 42 0 3
0 1 26 60 0 3
0 1 31 52 0 3
0 1 122 29 0 3
0 1 11 55 0 2
0 1 68 54 0 3
0 1 7 46 0 1
0 1 37 38 1 2
