0 1 82 1 0 3
0 1 51 56 1 2
0 1 88 37 0 0
0 1 13 27 1 3
0 1 99 23 0 1
0 1 92 58 1 2
0 1 65 44 0 1
0 1 57 14 1 1
0 1 32 61 1 2
0 1 76 60 1 3
0 1 14 63 0 1
0 1 114 15 1 0
0 1 50 11 1 1
0 1 78 19 0 1
0 1 73 51 0 2
0 1 83 44 1 0
0 1 90 21 0 3
0 1 1 40 0 0
0 1 75 34 0 1
0 1 44 10 1 2
0 1 74 45 0 0
0 1 56 4 0 0
0 1 124 3 1 1
0 1 23 33 1 2
0 1 100 47 0 1
0 1 115 28 1 2
0 1 119 24 1 1
0 1 45 38 0 3
0 1 112 29 0 0
0 1 100 55 1 1
0 1 61 39 1 1
0 1 6 25 1 0
0 1 118 18 1 3
0 1 125 51 0 1
0 1 10 50 0 1
0 1 63 16 1 0
0 1 0 46 0 2
0 1 106 35 0 3
0 1 52 58 0 3
0 1 22 45 0 2
0 1 16 47 1 0
0 1 40 12 0 0
0 1 90 38 1 1
0 1 91 8 0 1
0 1 2 31 1 3
0 1 129 51 1 0
0 1 8 18 0 0
0 1 98 39 0 2
0 1 64 23 0 2
0 1 104 7 0 3
0 1 119 0 0 3
0 1 50 52 0 3
0 1 13 46 0 0
0 1 27 20 1 0
0 1 69 53 0 2
0 1 96 52 1 0
0 1 51 13 0 3
0 1 31 57 1 0
0 1 62 32 0 3
0 1 77 6 1 3
0 1 105 62 1 0
0 1 123 5 0 3
0 1 120 29 0 3
0 1 31 10 0 3
0 1 107 25 0 1
0 1 28 1 1 1
0 1 91 17 1 3
0 1 53 32 0 1
0 1 41 49 1 3
0 1 54 17 1 0
0 1 112 52 1 2
0 1 97 48 0 3
0 1 59 64 1 1
0 1 7 37 1 2
0 1 49 18 0 2
0 1 56 20 1 1
0 1 26 11 1 3
0 1 3 5 0 2
0 1 125 26 1 3
0 1 9 19 1 3
0 1 58 47 1 2
0 1 67 27 0 1
0 1 94 42 1 3
0 1 81 50 1 3
0 1 70 53 0 3
0 1 101 63 0 3
0 1 29 15 1 2
0 1 115 2 0 3
0 1 122 14 1 0
0 1 116 56 0 1
0 1 35 62 0 1
0 1 110 39 0 3
0 1 11 2 1 2
0 1 80 41 1 3
0 1 116 60 1 1
0 1 75 22 1 1
0 1 21 28 1 0
0 1 27 7 0 1
0 1 30 4 0 1
0 1 89 48 1 2
0 1 29 35 0 0
0 1 84 12 1 2
0 1 84 41 0 0
0 1 44 54 0 3
0 1 38 17 1 1
0 1 18 36 1 3
0 1 103 2 0 1
0 1 43 8 0 2
0 1 86 13 0 2
0 1 37 0 1 1
0 1 58 33 0 3
0 1 124 30 0 0
0 1 113 21 0 1
0 1 21 54 0 2
0 1 49 29 1 2
0 1 16 41 0 1
0 1 123 19 1 0
0 1 42 60 1 2
0 1 53 4 1 3
0 1 30 1 1 0
0 1 79 59 1 1
0 1 92 19 0 2
0 1 120 36 1 2
0 1 73 26 1 2
0 1 52 16 1 1
0 1 0 5 1 1
0 1 48 26 0 0
0 1 12 57 0 2
0 1 47 32 1 2
0 1 62 49 1 2
0 1 32 58 0 0
0 1 1 34 1 0
0 1 65 26 1 1
0 1 82 61 1 1
0 1 46 63 0 2
0 1 118 37 0 3
0 1 35 30 1 2
0 1 66 43 1 1
0 1 74 14 1 2
0 1 72 9 0 3
0 1 67 32 1 0
0 1 34 63 0 0
0 1 36 43 1 0
0 1 105 42 0 0
0 1 128 54 1 1
0 1 102 23 1 3
0 1 97 64 1 3
0 1 77 55 0 3
0 1 108 48 1 1
0 1 89 61 0 0
0 1 93 22 1 0
0 1 25 15 0 1
0 1 17 20 1 3
0 1 86 16 1 3
0 1 122 55 0 0
0 1 46 31 1 2
0 1 104 59 1 3
0 1 85 42 1 2
0 1 94 36 0 0
0 1 37 3 0 2
0 1 54 31 0 1
0 1 107 12 1 3
0 1 88 44 1 3
0 1 71 31 0 0
0 1 111 60 1 0
0 1 15 18 1 1
0 1 60 52 1 1
0 1 47 30 0 1
0 1 106 3 1 0
0 1 8 7 1 0
0 1 7 38 0 2
0 1 93 4 0 2
0 1 61 10 0 0
0 1 40 46 1 1
0 1 14 28 1 3
0 1 11 27 0 0
0 1 41 35 0 1
0 1 76 28 0 1
0 1 55 6 1 1
0 1 24 49 1 0
0 1 101 50 1 0
0 1 34 40 1 1
0 1 22 9 1 2
0 1 87 9 1 0
0 1 99 8 1 0
0 1 36 54 0 0
0 1 64 53 1 1
0 1 66 6 0 0
0 1 5 33 1 1
0 1 109 21 1 2
0 1 15 44 0 2
0 1 63 30 0 3
0 1 19 24 0 2
0 1 39 53 0 0
0 1 87 0 0 0
0 1 3 11 1 2
0 1 85 57 0 3
0 1 39 10 1 1
0 1 108 13 0 1
0 1 79 64 0 2
0 1 102 12 0 1
0 1 24 43 0 3
0 1 78 36 1 1
0 1 6 8 0 3
0 1 110 56 1 0
0 1 95 9 1 1
0 1 23 40 0 3
0 1 28 24 0 0
0 1 20 14 0 3
0 1 2 45 0 3
0 1 43 61 1 3
0 1 117 24 0 3
0 1 33 47 0 3
0 1 81 11 0 0
0 1 33 25 1 2
0 1 127 16 0 2
0 1 95 59 0 2
0 1 42 0 0 2
0 1 18 51 0 3
0 1 83 41 0 2
0 1 121 1 0 2
0 1 26 62 0 2
0 1 69 13 1 0
0 1 127 22 1 2
0 1 103 7 1 2
0 1 19 55 1 2
0 1 38 34 0 2
0 1 129 57 0 1
0 1 113 37 1 1
0 1 72 58 1 1
0 1 109 46 0 3
0 1 70 22 1 3
0 1 4 20 0 2
0 1 98 40 1 2
