0 1 40 33 0 3
0 1 5 23 1 3
0 1 22 26 1 1
0 1 104 5 0 0
0 1 44 48 1 1
0 1 75 61 0 0
0 1 111 12 1 3
0 1 63 7 0 3
0 1 39 24 0 0
0 1 81 13 1 1
0 1 70 30 0 1
0 1 22 12 0 0
0 1 104 63 1 1
0 1 46 37 1 3
0 1 83 40 1 3
0 1 30 10 1 1
0 1 43 20 0 1
0 1 72 39 1 2
0 1 79 27 1 1
0 1 49 0 0 1
0 1 126 41 0 2
0 1 123 5 0 1
0 1 8 26 0 3
0 1 51 4 1 0
0 1 47 21 1 3
0 1 85 55 0 0
0 1 7 8 0 3
0 1 53 10 1 2
0 1 81 6 0 0
0 1 9 57 0 2
0 1 14 3 0 3
0 1 63 28 1 1
0 1 114 25 1 3
0 1 66 9 0 1
0 1 57 14 0 3
0 1 101 25 1 0
0 1 98 2 0 1
0 1 56 15 0 0
0 1 12 57 0 1
0 1 95 58 0 2
0 1 42 39 1 1
0 1 91 46 0 2
0 1 31 19 1 2
0 1 101 40 0 2
0 1 0 16 0 1
0 1 120 28 0 2
0 1 6 42 0 2
0 1 94 53 1 1
0 1 97 29 1 3
0 1 41 49 0 1
0 1 77 37 0 1
0 1 35 42 0 0
0 1 85 18 1 1
0 1 65 44 1 2
0 1 6 59 1 3
0 1 25 58 0 3
0 1 80 53 0 2
0 1 88 20 1 0
0 1 121 31 0 0
0 1 83 34 0 2
0 1 127 42 0 1
0 1 109 31 0 3
0 1 4 48 0 3
0 1 50 47 0 3
0 1 17 0 1 3
0 1 37 22 0 1
0 1 118 35 0 1
0 1 79 27 0 2
0 1 77 62 1 2
0 1 122 43 1 1
0 1 11 3 1 0
0 1 2 16 0 2
0 1 66 10 1 0
0 1 108 61 0 2
0 1 41 22 1 0
0 1 120 45 1 1
0 1 55 60 1 2
0 1 112 34 1 0
0 1 38 47 0 2
0 1 118 9 1 2
0 1 1 41 1 0
0 1 111 4 0 2
0 1 4 25 1 2
0 1 70 32 1 2
0 1 74 17 0 1
0 1 28 61 0 3
0 1 100 54 1 3
0 1 30 52 0 0
0 1 36 50 0 1
0 1 115 59 0 2
0 1 96 49 1 2
0 1 69 7 0 2
0 1 67 51 1 3
0 1 33 56 1 1
0 1 9 36 1 0
0 1 84 15 0 3
0 1 15 1 1 2
0 1 47 56 0 3
0 1 122 52 0 1
0 1 12 64 1 3
0 1 24 21 1 0
0 1 26 18 1 3
0 1 128 24 0 2
0 1 23 22 0 3
0 1 89 64 0 0
0 1 105 30 0 2
0 1 128 23 1 0
0 1 50 27 1 3
0 1 108 14 1 1
0 1 62 63 0 2
0 1 74 11 1 2
0 1 114 35 0 3
0 1 124 58 1 1
0 1 84 1 1 0
0 1 18 59 0 0
0 1 68 24 1 1
0 1 32 64 0 2
0 1 21 15 0 1
0 1 43 43 1 0
0 1 45 10 1 3
0 1 98 33 1 2
0 1 80 18 1 0
0 1 92 60 1 0
0 1 59 43 0 2
0 1 88 45 0 0
0 1 73 1 0 1
0 1 29 17 0 2
0 1 116 32 0 3
0 1 2 62 1 1
0 1 100 13 0 3
0 1 78 38 0 2
0 1 109 12 1 1
0 1 20 9 1 3
0 1 40 14 1 0
0 1 107 44 1 1
0 1 58 56 0 2
0 1 1 45 0 3
0 1 21 29 1 0
0 1 54 37 0 2
0 1 117 11 0 3
0 1 13 47 1 0
0 1 3 2 0 2
0 1 39 16 1 0
0 1 29 50 1 3
0 1 75 29 1 1
0 1 113 60 0 1
0 1 90 37 0 0
0 1 7 28 1 0
0 1 126 21 1 1
0 1 95 5 1 2
0 1 16 52 0 3
0 1 99 62 1 0
0 1 116 3 1 2
0 1 10 18 0 2
0 1 60 7 1 1
0 1 119 23 1 1
0 1 53 50 0 2
0 1 8 8 1 2
0 1 68 45 0 2
0 1 129 19 0 0
0 1 20 41 0 1
0 1 62 17 1 3
0 1 87 34 0 3
0 1 17 50 0 0
0 1 121 11 1 0
0 1 27 39 1 3
0 1 37 44 1 0
0 1 23 48 1 0
0 1 89 4 1 3
0 1 51 12 0 2
0 1 45 36 0 1
0 1 13 40 0 0
0 1 10 36 1 2
0 1 19 57 0 3
0 1 94 54 0 0
0 1 82 62 1 3
0 1 34 31 1 2
0 1 90 38 1 0
0 1 106 8 0 0
0 1 52 53 0 3
0 1 106 6 1 3
0 1 123 46 1 3
0 1 38 55 1 2
0 1 48 57 0 0
0 1 127 13 1 0
0 1 48 55 1 3
0 1 99 30 0 0
0 1 15 20 0 2
0 1 32 51 1 2
0 1 24 35 0 0
0 1 64 46 0 0
0 1 86 61 0 1
0 1 86 1 1 3
0 1 93 20 1 3
0 1 82 34 0 1
0 1 52 26 1 2
0 1 119 25 0 1
0 1 96 19 0 3
0 1 91 15 1 2
0 1 61 53 1 0
0 1 103 38 0 1
0 1 71 60 0 3
0 1 97 14 0 2
0 1 69 44 1 3
0 1 92 4 0 1
0 1 58 6 1 2
0 1 44 49 0 3
0 1 31 23 0 2
0 1 102 40 0 1
0 1 27 33 0 1
0 1 35 63 1 0
0 1 125 52 0 2
0 1 26 3 0 1
0 1 34 59 0 1
0 1 76 64 0 1
0 1 14 35 1 2
0 1 55 51 0 0
0 1 60 39 0 0
0 1 64 2 1 0
0 1 102 19 1 1
0 1 110 22 1 2
0 1 11 42 0 3
0 1 57 43 1 3
0 1 115 47 1 1
0 1 72 28 0 3
0 1 19 63 1 3
0 1 76 41 1 3
0 1 112 29 0 2
0 1 54 6 1 1
0 1 65 16 0 3
0 1 107 31 0 1
0 1 110 48 0 2
0 1 125 54 1 1
0 1 105 0 1 2
