0 1 71 4 0 3
0 1 55 55 0 1
0 1 89 60 0 2
0 1 42 20 1 3
0 1 48 0 1 2
0 1 9 42 0 1
0 1 10 64 0 0
0 1 92 15 1 2
0 1 49 13 0 1
0 1 101 19 0 0
0 1 72 49 0 1
0 1 83 32 0 2
0 1 49 33 1 3
0 1 16 39 1 1
0 1 67 61 0 1
0 1 121 53 0 2
0 1 95 2 1 1
0 1 99 56 0 0
0 1 98 27 0 2
0 1 95 42 0 2
0 1 122 51 0 2
0 1 21 44 0 0
0 1 47 47 1 0
0 1 6 59 0 3
0 1 52 63 1 2
0 1 79 30 0 3
0 1 102 31 0 0
0 1 61 58 0 1
0 1 67 11 1 1
0 1 30 4 0 1
0 1 18 16 1 1
0 1 128 27 1 0
0 1 64 25 0 0
0 1 94 44 1 3
0 1 107 14 0 1
0 1 74 12 1 0
0 1 112 38 1 3
0 1 102 46 1 0
0 1 43 32 0 3
0 1 28 7 1 1
0 1 78 3 0 0
0 1 10 6 1 0
0 1 6 27 1 3
0 1 13 21 1 3
0 1 70 38 0 0
0 1 15 18 0 2
0 1 37 50 1 0
0 1 114 24 1 3
0 1 55 29 1 1
0 1 87 16 1 0
0 1 81 26 0 1
0 1 75 57 0 3
0 1 41 0 1 0
0 1 27 20 0 2
0 1 105 9 1 1
0 1 106 23 1 2
0 1 40 14 0 0
0 1 24 21 1 2
0 1 53 36 1 0
0 1 117 26 1 0
0 1 34 63 0 1
0 1 8 23 1 1
0 1 30 40 1 1
0 1 54 28 1 0
0 1 86 15 0 3
0 1 26 17 1 3
0 1 1 52 0 1
0 1 60 2 0 0
0 1 87 17 0 0
0 1 85 0 0 1
0 1 111 47 0 2
0 1 88 1 0 2
0 1 7 64 0 2
0 1 115 10 0 0
0 1 41 7 0 3
0 1 24 49 0 3
0 1 60 48 1 1
0 1 12 61 0 3
0 1 65 18 0 3
0 1 36 8 1 0
0 1 120 11 1 3
0 1 11 6 1 1
0 1 27 58 1 0
0 1 45 37 0 1
0 1 29 19 0 2
0 1 80 35 0 0
0 1 22 50 0 3
0 1 118 64 1 1
0 1 79 28 1 3
0 1 89 5 1 1
0 1 19 44 1 1
0 1 29 33 1 2
0 1 2 8 1 1
0 1 63 36 1 2
0 1 112 45 0 1
0 1 38 13 1 3
0 1 37 60 0 1
0 1 8 22 0 0
0 1 64 5 1 0
0 1 119 25 1 1
0 1 113 45 1 2
0 1 72 22 1 2
0 1 22 33 1 1
0 1 34 57 1 1
0 1 1 1 1 1
0 1 77 24 0 1
0 1 105 30 0 0
0 1 47 18 0 1
0 1 91 6 1 2
0 1 91 36 0 3
0 1 62 47 0 3
0 1 44 46 1 3
0 1 116 37 0 3
0 1 35 13 1 0
0 1 70 39 1 0
0 1 68 58 0 3
0 1 39 54 1 1
0 1 23 38 0 1
0 1 14 10 1 3
0 1 77 35 1 3
0 1 101 29 1 3
0 1 20 63 0 3
0 1 12 34 1 3
0 1 33 62 0 3
0 1 114 5 0 2
0 1 28 9 0 2
0 1 32 29 1 0
0 1 74 55 0 3
0 1 129 12 1 3
0 1 62 32 1 1
0 1 18 3 0 2
0 1 71 7 1 0
0 1 107 53 1 0
0 1 43 31 1 2
0 1 85 45 1 3
0 1 31 22 1 3
0 1 92 9 0 0
0 1 111 25 1 2
0 1 20 60 1 3
0 1 58 42 0 3
0 1 80 24 1 2
0 1 66 54 0 0
0 1 104 41 0 0
0 1 16 49 0 2
0 1 108 54 1 3
0 1 76 52 0 0
0 1 116 34 1 2
0 1 31 28 0 2
0 1 53 43 0 0
0 1 50 23 0 3
0 1 97 62 1 2
0 1 78 30 1 2
0 1 69 41 1 1
0 1 40 51 1 3
0 1 21 59 1 0
0 1 13 3 0 3
0 1 57 3 1 1
0 1 46 11 1 2
0 1 54 0 0 3
0 1 123 14 1 3
0 1 17 8 0 2
0 1 126 25 1 3
0 1 96 26 0 2
0 1 82 43 1 3
0 1 98 34 1 0
0 1 84 37 1 0
0 1 97 16 0 3
0 1 0 18 1 0
0 1 82 56 0 1
0 1 119 2 0 2
0 1 25 48 1 3
0 1 14 4 0 0
0 1 121 41 1 2
0 1 52 23 0 0
0 1 23 15 1 1
0 1 93 40 1 0
0 1 66 62 1 1
0 1 35 59 0 1
0 1 96 35 1 1
0 1 69 39 0 2
0 1 100 36 1 1
0 1 46 44 0 2
0 1 110 61 1 0
0 1 100 57 0 2
0 1 61 26 1 3
0 1 90 5 1 3
0 1 103 11 0 0
0 1 127 33 1 0
0 1 48 41 0 3
0 1 117 29 0 2
0 1 42 63 0 0
0 1 129 46 0 2
0 1 120 17 0 2
0 1 4 52 1 2
0 1 86 43 1 1
0 1 19 42 0 0
0 1 73 14 1 2
0 1 63 50 0 2
0 1 57 31 0 3
0 1 32 40 0 3
0 1 103 22 1 1
0 1 127 34 0 1
0 1 59 51 1 1
0 1 109 1 1 0
0 1 25 58 0 2
0 1 123 20 0 1
0 1 128 38 0 2
0 1 11 13 0 2
0 1 0 61 0 2
0 1 124 28 1 1
0 1 90 47 0 1
0 1 115 59 1 2
0 1 122 16 1 2
0 1 17 20 1 0
0 1 84 30 0 1
0 1 108 10 0 2
0 1 2 60 0 0
0 1 68 40 1 2
0 1 73 9 0 3
0 1 124 43 0 2
0 1 5 12 0 1
0 1 38 55 0 0
0 1 50 6 1 3
0 1 126 4 0 2
0 1 58 19 1 3
0 1 33 53 1 3
0 1 81 55 1 2
0 1 125 7 1 2
0 1 76 27 1 1
0 1 36 1 0 3
0 1 56 8 0 3
0 1 93 35 0 2
0 1 106 15 0 0
0 1 56 19 1 1
