0 1 113 44 0 1
0 1 8 27 0 0
0 1 93 12 0 3
0 1 107 57 1 0
0 1 50 20 0 0
0 1 15 58 1 2
0 1 61 9 0 3
0 1 21 41 0 3
0 1 92 53 1 0
0 1 65 51 0 1
0 1 100 45 0 2
0 1 121 15 1 0
0 1 102 14 1 0
0 1 0 19 1 0
0 1 55 5 1 2
0 1 69 55 0 3
0 1 106 22 1 3
0 1 129 15 1 3
0 1 86 63 0 3
0 1 98 64 1 1
0 1 22 43 0 2
0 1 32 7 0 0
0 1 18 56 1 3
0 1 80 21 0 1
0 1 69 4 1 0
0 1 126 29 1 3
0 1 90 50 0 0
0 1 29 10 1 2
0 1 78 33 0 2
0 1 74 64 0 3
0 1 12 2 0 1
0 1 2 25 1 2
0 1 33 63 0 2
0 1 20 17 1 0
0 1 6 30 0 2
0 1 71 40 1 3
0 1 76 16 1 1
0 1 117 34 1 2
0 1 108 30 1 1
0 1 9 32 1 0
0 1 110 9 0 2
0 1 94 54 0 1
0 1 10 26 1 0
0 1 19 62 0 3
0 1 14 24 1 3
0 1 62 34 1 0
0 1 125 38 0 0
0 1 5 39 0 3
0 1 41 50 1 1
0 1 9 22 0 2
0 1 97 17 1 1
0 1 92 19 0 1
0 1 112 58 1 3
0 1 67 36 0 2
0 1 44 36 0 0
0 1 53 61 1 1
0 1 106 52 0 2
0 1 127 52 1 3
0 1 95 31 1 0
0 1 121 37 0 2
0 1 1 9 1 0
0 1 88 35 0 0
0 1 84 20 1 2
0 1 96 22 1 1
0 1 95 59 0 0
0 1 73 42 1 3
0 1 34 45 0 3
0 1 78 61 1 0
0 1 115 15 0 1
0 1 77 23 0 2
0 1 64 12 1 0
0 1 4 11 1 2
0 1 115 49 1 2
0 1 47 1 0 2
0 1 87 3 1 0
0 1 105 32 1 1
0 1 38 55 1 2
0 1 99 3 0 1
0 1 123 37 0 0
0 1 28 35 1 2
0 1 129 8 0 0
0 1 79 6 1 2
0 1 51 62 1 1
0 1 128 28 0 3
0 1 15 56 0 2
0 1 18 18 0 3
0 1 105 6 0 0
0 1 52 57 0 3
0 1 103 60 1 2
0 1 46 60 1 1
0 1 36 13 0 0
0 1 27 5 1 1
0 1 24 4 1 1
0 1 59 19 0 3
0 1 23 51 1 2
0 1 11 43 1 3
0 1 21 49 1 1
0 1 85 10 0 3
0 1 109 12 1 2
0 1 41 0 0 2
0 1 10 43 0 0
0 1 45 25 0 0
0 1 75 31 0 3
0 1 113 8 1 3
0 1 118 40 1 2
0 1 28 18 0 1
0 1 89 41 0 1
0 1 124 33 0 1
0 1 22 46 1 3
0 1 26 27 1 1
0 1 79 51 0 0
0 1 77 57 1 1
0 1 76 2 0 3
0 1 90 16 1 0
0 1 29 36 0 3
0 1 30 7 1 3
0 1 49 60 1 3
0 1 37 48 1 0
0 1 63 21 0 0
0 1 46 59 0 3
0 1 83 0 0 3
0 1 122 32 1 3
0 1 111 48 1 3
0 1 117 28 0 1
0 1 39 62 0 2
0 1 40 45 1 0
0 1 70 42 0 2
0 1 17 49 0 0
0 1 42 5 1 3
0 1 93 33 1 3
0 1 14 37 0 1
0 1 44 14 1 2
0 1 120 56 1 1
0 1 87 46 0 1
0 1 36 0 1 0
0 1 37 54 0 3
0 1 48 19 0 2
0 1 74 10 1 1
0 1 6 63 1 0
0 1 33 53 1 3
0 1 8 53 1 1
0 1 97 27 0 3
0 1 114 40 0 1
0 1 123 61 1 3
0 1 85 8 1 2
0 1 54 55 0 0
0 1 101 35 1 1
0 1 66 32 1 2
0 1 67 24 1 2
0 1 7 14 1 1
0 1 58 15 1 2
0 1 81 59 0 1
0 1 75 39 1 0
0 1 100 47 1 3
0 1 61 29 1 1
0 1 4 44 0 2
0 1 96 50 0 3
0 1 107 39 0 2
0 1 128 7 1 2
0 1 43 13 0 2
0 1 73 52 0 1
0 1 50 21 1 2
0 1 64 41 0 2
0 1 83 38 1 2
0 1 84 45 0 1
0 1 112 38 0 3
0 1 55 0 0 1
0 1 30 8 0 1
0 1 126 17 0 3
0 1 53 7 0 1
0 1 40 58 0 1
0 1 70 1 1 0
0 1 82 23 0 3
0 1 48 4 1 3
0 1 0 11 0 1
0 1 3 43 0 1
0 1 71 3 0 3
0 1 42 48 0 1
0 1 102 22 0 0
0 1 13 48 0 2
0 1 25 23 1 1
0 1 108 59 0 2
0 1 91 25 1 3
0 1 101 18 0 2
0 1 82 28 1 2
0 1 124 38 1 1
0 1 38 42 0 0
0 1 51 5 0 0
0 1 1 49 0 3
0 1 12 64 1 2
0 1 65 34 1 1
0 1 62 12 0 1
0 1 23 14 0 3
0 1 13 42 1 1
0 1 116 47 1 1
0 1 60 58 0 0
0 1 120 26 0 1
0 1 58 46 0 2
0 1 57 31 1 1
0 1 116 28 0 0
0 1 25 23 0 0
0 1 80 1 1 1
0 1 52 6 1 3
0 1 32 13 1 3
0 1 86 30 1 0
0 1 88 35 1 3
0 1 110 41 1 0
0 1 2 16 0 3
0 1 98 27 0 2
0 1 66 44 0 3
0 1 19 26 1 3
0 1 118 30 0 3
0 1 31 31 1 2
0 1 35 13 1 1
0 1 35 60 0 0
0 1 72 20 0 1
0 1 16 11 1 3
0 1 47 10 1 0
0 1 17 63 1 1
0 1 104 17 1 2
0 1 56 2 1 0
0 1 91 24 0 0
0 1 49 29 0 2
0 1 114 46 1 0
0 1 43 16 1 2
0 1 81 57 1 2
0 1 99 64 1 0
0 1 54 47 1 2
0 1 59 51 1 3
0 1 72 11 1 0
0 1 89 50 1 2
0 1 7 40 0 0
0 1 111 2 0 2
0 1 39 36 1 1
