0 1 55 17 0 2
0 1 44 38 0 0
0 1 94 18 0 3
0 1 29 6 0 3
0 1 25 15 1 1
0 1 89 60 1 2
0 1 80 33 0 0
0 1 116 64 1 1
0 1 11 57 0 1
0 1 118 61 1 1
0 1 61 50 0 0
0 1 71 22 0 1
0 1 23 28 1 1
0 1 81 42 1 3
0 1 77 15 0 0
0 1 32 56 0 2
0 1 25 24 0 3
0 1 58 36 1 1
0 1 101 48 0 1
0 1 8 34 0 2
0 1 59 44 1 1
0 1 128 54 1 3
0 1 102 62 0 0
0 1 44 31 1 2
0 1 104 51 0 0
0 1 33 41 1 2
0 1 57 18 1 1
0 1 124 59 0 2
0 1 37 8 0 1
0 1 22 53 0 2
0 1 97 37 1 2
0 1 111 3 1 2
0 1 54 27 0 0
0 1 51 21 1 2
0 1 60 13 0 3
0 1 88 46 1 3
0 1 62 11 1 1
0 1 106 0 1 0
0 1 6 5 0 3
0 1 83 49 1 2
0 1 129 2 0 3
0 1 3 21 1 0
0 1 77 20 1 0
0 1 4 12 1 2
0 1 76 43 0 3
0 1 24 40 1 3
0 1 37 35 1 0
0 1 47 40 1 2
0 1 15 26 1 2
0 1 33 12 0 1
0 1 119 57 1 3
0 1 18 4 1 3
0 1 108 1 0 0
0 1 43 39 0 0
0 1 70 63 1 0
0 1 86 25 0 2
0 1 94 58 1 3
0 1 80 47 1 2
0 1 123 7 1 0
0 1 121 26 0 3
0 1 36 32 1 3
0 1 21 62 1 1
0 1 57 30 0 1
0 1 4 58 0 1
0 1 27 44 0 3
0 1 97 17 0 0
0 1 112 23 1 0
0 1 18 55 0 1
0 1 48 16 0 0
0 1 39 47 1 3
0 1 85 12 0 0
0 1 75 21 0 3
0 1 56 53 0 3
0 1 99 46 1 1
0 1 101 14 1 0
0 1 46 27 1 2
0 1 63 52 1 0
0 1 45 9 0 2
0 1 92 60 1 1
0 1 115 64 0 0
0 1 103 59 1 3
0 1 113 0 0 3
0 1 126 28 1 0
0 1 12 51 0 3
0 1 19 23 0 3
0 1 124 22 1 3
0 1 31 54 0 0
0 1 40 2 0 1
0 1 30 29 1 3
0 1 84 13 0 1
0 1 65 60 0 3
0 1 72 52 1 2
0 1 95 6 1 0
0 1 13 5 1 2
0 1 0 29 0 1
0 1 78 26 1 1
0 1 109 10 0 0
0 1 50 19 0 1
0 1 56 26 1 0
0 1 64 49 1 3
0 1 51 50 0 3
0 1 6 37 1 3
0 1 1 56 0 1
0 1 120 43 0 0
0 1 34 39 0 3
0 1 126 57 0 0
0 1 41 25 1 3
0 1 115 34 1 3
0 1 125 41 0 0
0 1 96 0 1 2
0 1 95 15 0 3
0 1 58 1 0 1
0 1 41 19 0 0
0 1 38 31 0 0
0 1 22 61 1 3
0 1 64 7 0 2
0 1 63 27 0 3
0 1 66 20 0 1
0 1 26 54 0 2
0 1 118 45 0 3
0 1 49 34 1 1
0 1 38 5 1 0
0 1 16 49 0 1
0 1 87 10 0 1
0 1 82 23 0 1
0 1 96 11 0 0
0 1 113 48 1 0
0 1 7 22 0 2
0 1 99 9 0 1
0 1 3 51 0 2
0 1 120 10 1 2
0 1 12 35 1 1
0 1 102 31 1 1
0 1 15 11 0 3
0 1 0 44 1 0
0 1 35 2 0 2
0 1 107 30 0 2
0 1 114 24 1 0
0 1 62 64 0 3
0 1 7 15 1 2
0 1 11 56 1 0
0 1 71 16 1 1
0 1 103 14 0 1
0 1 104 42 1 0
0 1 92 32 0 0
0 1 14 18 1 0
0 1 91 38 1 3
0 1 73 7 1 3
0 1 17 59 0 0
0 1 90 8 0 3
0 1 90 45 1 0
0 1 9 62 0 3
0 1 52 8 1 0
0 1 76 41 1 1
0 1 14 9 0 3
0 1 112 46 0 2
0 1 40 20 1 2
0 1 49 4 0 1
0 1 13 29 0 2
0 1 107 50 1 1
0 1 122 32 1 2
0 1 2 45 1 1
0 1 68 34 1 0
0 1 23 13 0 2
0 1 75 63 1 1
0 1 5 22 0 0
0 1 32 50 1 2
0 1 8 33 1 1
0 1 46 48 0 3
0 1 110 4 0 2
0 1 100 46 0 0
0 1 125 33 1 3
0 1 119 51 0 1
0 1 27 24 1 2
0 1 98 1 0 2
0 1 70 39 0 1
0 1 91 28 0 3
0 1 48 47 1 0
0 1 39 58 0 0
0 1 21 52 0 3
0 1 72 35 0 3
0 1 35 39 1 2
0 1 74 37 1 0
0 1 84 20 1 3
0 1 1 42 1 2
0 1 53 31 1 3
0 1 100 55 1 3
0 1 50 36 1 3
0 1 106 64 0 2
0 1 69 53 1 0
0 1 67 14 1 2
0 1 28 38 0 1
0 1 88 40 0 1
0 1 111 55 0 2
0 1 5 58 1 2
0 1 24 60 0 0
0 1 54 6 1 1
0 1 19 3 1 0
0 1 65 9 1 0
0 1 128 24 0 1
0 1 108 59 1 1
0 1 122 49 0 0
0 1 114 29 0 0
0 1 59 19 0 3
0 1 89 43 0 1
0 1 123 27 0 1
0 1 116 61 0 0
0 1 9 2 1 0
0 1 127 18 0 2
0 1 78 56 0 3
0 1 68 57 0 2
0 1 10 14 1 3
0 1 109 36 1 0
0 1 66 30 1 0
0 1 36 54 0 1
0 1 110 3 1 1
0 1 30 55 0 0
0 1 20 33 0 2
0 1 93 28 1 2
0 1 117 11 1 2
0 1 69 45 0 2
0 1 85 61 1 2
0 1 60 30 1 3
0 1 26 41 1 3
0 1 43 1 1 3
0 1 61 0 1 1
0 1 28 3 1 3
0 1 45 17 1 3
0 1 127 63 1 3
0 1 87 35 1 2
0 1 82 13 1 0
0 1 121 43 1 2
0 1 73 16 0 2
0 1 20 63 1 2
