0 1 88 60 0 2
0 1 107 32 1 1
0 1 117 49 0 1
0 1 106 29 0 2
0 1 65 28 1 0
0 1 49 53 0 2
0 1 79 3 0 1
0 1 71 48 0 0
0 1 107 45 0 2
0 1 53 42 1 2
0 1 121 13 1 0
0 1 23 56 1 1
0 1 75 21 0 2
0 1 113 62 0 3
0 1 18 33 1 1
0 1 27 6 1 0
0 1 54 44 0 0
0 1 18 59 0 3
0 1 85 61 0 3
0 1 80 16 1 3
0 1 38 22 0 1
0 1 104 52 1 0
0 1 69 58 1 2
0 1 40 64 0 0
0 1 110 31 1 2
0 1 67 5 1 1
0 1 106 10 1 1
0 1 41 27 1 0
0 1 20 34 0 1
0 1 37 3 0 0
0 1 63 39 0 0
0 1 28 14 0 1
0 1 112 4 1 3
0 1 72 50 0 0
0 1 48 47 0 3
0 1 21 23 1 1
0 1 119 63 0 3
0 1 122 51 0 2
0 1 8 54 1 3
0 1 60 48 1 1
0 1 72 63 1 0
0 1 55 18 1 3
0 1 2 20 1 0
0 1 123 38 1 3
0 1 21 19 0 1
0 1 90 29 1 0
0 1 81 58 0 3
0 1 105 14 1 0
0 1 118 49 1 0
0 1 115 11 1 3
0 1 19 30 0 0
0 1 108 57 0 0
0 1 114 37 0 0
0 1 87 26 0 2
0 1 7 43 0 0
0 1 44 41 0 0
0 1 125 36 1 1
0 1 29 56 0 2
0 1 75 28 1 2
0 1 91 58 0 1
0 1 28 15 1 1
0 1 110 32 0 0
0 1 103 50 0 2
0 1 22 57 1 3
0 1 10 27 0 2
0 1 73 24 0 0
0 1 84 40 1 2
0 1 126 25 0 1
0 1 31 19 1 2
0 1 100 47 0 2
0 1 69 42 0 1
0 1 123 20 0 2
0 1 82 9 0 3
0 1 95 21 1 1
0 1 124 18 1 1
0 1 33 15 1 2
0 1 12 25 0 0
0 1 55 9 0 2
0 1 89 46 0 3
0 1 129 6 1 3
0 1 40 7 1 2
0 1 51 41 1 1
0 1 6 30 0 1
0 1 32 7 0 0
0 1 99 12 1 0
0 1 62 64 0 3
0 1 102 53 1 1
0 1 0 31 1 0
0 1 30 1 0 1
0 1 59 28 0 1
0 1 3 53 0 0
0 1 100 26 1 3
0 1 57 55 1 1
0 1 24 45 1 0
0 1 66 1 0 3
0 1 44 20 1 1
0 1 128 10 1 0
0 1 105 54 0 2
0 1 47 61 0 1
0 1 99 0 0 0
0 1 17 1 1 0
0 1 15 54 0 1
0 1 70 48 0 2
0 1 61 5 0 0
0 1 12 8 1 1
0 1 13 40 0 3
0 1 129 13 0 2
0 1 78 35 0 0
0 1 2 40 0 1
0 1 24 54 0 0
0 1 104 43 0 1
0 1 53 18 0 0
0 1 26 2 1 2
0 1 112 44 0 3
0 1 46 16 0 0
0 1 37 37 1 2
0 1 65 7 0 3
0 1 26 4 0 1
0 1 5 39 1 3
0 1 85 0 1 2
0 1 31 36 0 3
0 1 101 57 1 1
0 1 50 59 1 2
0 1 39 11 0 1
0 1 94 51 0 1
0 1 77 60 0 0
0 1 118 52 0 3
0 1 11 3 0 2
0 1 42 63 1 1
0 1 50 62 0 2
0 1 17 12 0 1
0 1 122 17 1 0
0 1 63 55 1 0
0 1 90 2 0 1
0 1 25 34 0 2
0 1 43 16 0 1
0 1 27 52 0 2
0 1 108 35 1 2
0 1 89 25 1 3
0 1 81 46 1 1
0 1 113 0 1 1
0 1 111 38 1 1
0 1 57 11 0 0
0 1 6 55 1 2
0 1 10 12 1 2
0 1 103 29 1 1
0 1 52 37 0 1
0 1 96 64 0 2
0 1 96 2 1 3
0 1 59 43 1 2
0 1 95 8 0 3
0 1 86 28 0 3
0 1 29 60 1 1
0 1 16 14 1 2
0 1 56 17 0 3
0 1 4 52 1 1
0 1 46 63 1 2
0 1 49 4 1 2
0 1 25 25 1 2
0 1 76 0 1 3
0 1 74 26 0 1
0 1 3 61 1 2
0 1 54 1 1 2
0 1 80 59 0 1
0 1 76 38 0 2
0 1 45 4 0 0
0 1 38 19 1 0
0 1 45 44 1 2
0 1 66 24 1 2
0 1 93 9 1 1
0 1 34 58 0 0
0 1 1 42 0 0
0 1 116 51 0 0
0 1 36 47 1 0
0 1 127 2 0 0
0 1 39 27 1 3
0 1 115 24 0 3
0 1 120 31 1 1
0 1 97 33 0 0
0 1 64 45 1 3
0 1 14 5 0 2
0 1 19 34 1 0
0 1 56 22 1 2
0 1 83 13 1 3
0 1 79 23 1 3
0 1 98 15 0 3
0 1 58 33 1 3
0 1 51 43 0 3
0 1 48 22 1 3
0 1 71 26 1 0
0 1 82 8 1 2
0 1 16 57 0 2
0 1 34 56 1 0
0 1 15 32 1 3
0 1 116 23 1 0
0 1 13 33 1 2
0 1 68 47 1 1
0 1 84 36 0 2
0 1 77 40 1 0
0 1 101 14 0 3
0 1 124 30 0 3
0 1 92 39 0 2
0 1 30 48 1 3
0 1 67 56 0 3
0 1 127 51 1 3
0 1 64 50 0 3
0 1 87 21 1 3
0 1 41 32 0 2
0 1 91 35 1 3
0 1 60 22 0 0
0 1 8 17 0 1
0 1 126 13 1 1
0 1 9 60 1 3
0 1 109 34 0 3
0 1 1 18 1 2
0 1 117 21 1 0
0 1 97 6 1 2
0 1 32 9 1 0
0 1 61 49 1 2
0 1 35 36 1 0
0 1 11 7 1 1
0 1 78 46 1 2
0 1 88 41 1 3
0 1 70 23 1 2
0 1 94 46 1 0
0 1 111 5 0 3
0 1 4 35 0 1
0 1 5 64 0 1
0 1 74 44 1 1
0 1 102 37 0 3
0 1 20 16 1 2
0 1 121 20 0 3
0 1 36 55 0 3
0 1 43 3 1 3
