0 1 33 57 1 1
0 1 46 20 1 3
0 1 97 33 1 2
0 1 119 19 0 2
0 1 66 59 1 0
0 1 51 50 1 2
0 1 38 9 0 0
0 1 111 58 1 0
0 1 127 48 0 1
0 1 7 18 0 0
0 1 62 48 0 0
0 1 44 63 0 0
0 1 100 23 1 2
0 1 124 26 1 2
0 1 29 54 0 0
0 1 113 14 1 1
0 1 14 30 1 0
0 1 90 64 1 3
0 1 91 7 0 0
0 1 83 11 0 0
0 1 53 60 1 3
0 1 22 58 1 2
0 1 9 6 1 0
0 1 73 11 1 2
0 1 112 9 1 1
0 1 96 40 0 1
0 1 0 39 1 0
0 1 61 4 0 1
0 1 64 6 0 1
0 1 1 62 0 3
0 1 102 1 1 0
0 1 30 21 0 2
0 1 129 15 0 0
0 1 41 0 0 2
0 1 76 36 0 1
0 1 5 37 0 1
0 1 82 44 1 3
0 1 9 46 0 1
0 1 80 62 0 2
0 1 55 41 1 0
0 1 85 23 1 3
0 1 79 56 1 3
0 1 90 13 0 0
0 1 14 45 0 0
0 1 98 3 1 1
0 1 128 10 0 3
0 1 104 27 1 1
0 1 107 0 0 1
0 1 89 8 1 0
0 1 120 19 1 3
0 1 78 10 1 1
0 1 21 54 1 3
0 1 42 59 1 1
0 1 79 7 0 1
0 1 40 29 0 1
0 1 88 49 1 2
0 1 52 5 1 2
0 1 125 36 1 0
0 1 106 18 0 2
0 1 67 38 0 0
0 1 114 35 1 1
0 1 34 20 1 2
0 1 114 42 0 3
0 1 110 39 0 3
0 1 98 34 0 2
0 1 91 52 1 2
0 1 105 42 0 0
0 1 117 44 1 0
0 1 45 47 1 0
0 1 3 30 1 1
0 1 84 21 1 0
0 1 120 51 0 2
0 1 101 9 0 2
0 1 92 56 0 2
0 1 19 28 0 2
0 1 15 29 1 0
0 1 39 14 0 0
0 1 37 53 1 0
0 1 108 40 0 2
0 1 97 20 0 0
0 1 76 25 1 3
0 1 30 2 1 0
0 1 63 61 1 0
0 1 128 28 1 3
0 1 37 62 0 1
0 1 34 17 0 2
0 1 80 59 1 3
0 1 58 51 0 1
0 1 94 16 0 2
0 1 72 46 1 2
0 1 89 14 0 3
0 1 119 36 1 3
0 1 71 33 1 3
0 1 24 16 0 1
0 1 21 53 0 3
0 1 16 55 1 1
0 1 69 13 1 1
0 1 44 62 1 0
0 1 2 43 1 3
0 1 94 12 1 0
0 1 32 47 0 1
0 1 103 29 0 3
0 1 60 2 1 3
0 1 121 5 1 3
0 1 53 27 0 0
0 1 83 35 1 3
0 1 74 24 0 0
0 1 36 25 0 0
0 1 6 31 1 0
0 1 99 40 1 3
0 1 126 42 1 1
0 1 36 52 1 1
0 1 27 55 0 3
0 1 81 31 0 3
0 1 63 6 0 2
0 1 13 63 0 1
0 1 49 46 0 0
0 1 15 63 0 3
0 1 100 7 0 3
0 1 75 64 0 2
0 1 122 45 1 3
0 1 54 24 1 3
0 1 68 15 0 3
0 1 5 39 1 2
0 1 47 8 0 1
0 1 50 12 0 3
0 1 68 57 1 0
0 1 102 48 0 2
0 1 26 61 1 2
0 1 111 5 0 0
0 1 69 1 0 1
0 1 48 43 1 2
0 1 87 45 1 1
0 1 10 37 1 3
0 1 23 50 1 3
0 1 56 30 1 3
0 1 55 51 0 0
0 1 2 8 0 3
0 1 24 19 1 1
0 1 41 33 1 1
0 1 126 26 0 1
0 1 93 35 1 0
0 1 84 40 0 0
0 1 33 7 0 2
0 1 74 51 1 3
0 1 58 44 1 1
0 1 49 54 1 1
0 1 65 49 1 3
0 1 52 25 0 1
0 1 125 53 0 2
0 1 71 22 0 2
0 1 19 32 1 2
0 1 118 22 0 1
0 1 56 32 0 3
0 1 77 3 0 2
0 1 38 24 1 1
0 1 10 37 0 2
0 1 25 16 0 0
0 1 86 22 0 0
0 1 46 34 0 3
0 1 32 14 1 2
0 1 12 38 0 3
0 1 11 61 1 3
0 1 110 48 1 3
0 1 123 31 1 2
0 1 17 10 0 2
0 1 117 52 0 3
0 1 116 41 0 1
0 1 42 43 0 0
0 1 26 47 0 3
0 1 57 21 0 3
0 1 86 28 1 0
0 1 77 50 1 0
0 1 54 4 0 2
0 1 118 27 1 3
0 1 31 4 1 0
0 1 31 13 0 3
0 1 20 41 0 2
0 1 0 6 0 3
0 1 64 11 1 3
0 1 28 58 0 1
0 1 13 53 1 1
0 1 93 37 0 0
0 1 101 38 1 2
0 1 59 0 0 0
0 1 8 64 1 0
0 1 60 17 0 0
0 1 43 3 0 0
0 1 95 13 1 2
0 1 127 56 1 1
0 1 70 17 0 1
0 1 124 32 0 1
0 1 81 17 1 3
0 1 85 19 0 0
0 1 11 29 0 2
0 1 51 54 0 2
0 1 45 55 0 2
0 1 59 60 1 0
0 1 1 24 1 2
0 1 107 44 1 2
0 1 78 21 0 1
0 1 12 12 1 1
0 1 8 64 0 1
0 1 40 34 1 0
0 1 87 30 0 2
0 1 95 1 0 3
0 1 82 15 0 2
0 1 121 27 0 2
0 1 67 49 1 0
0 1 50 3 1 3
0 1 27 43 1 1
0 1 65 15 0 1
0 1 66 10 0 0
0 1 115 52 0 0
0 1 116 35 1 2
0 1 4 33 0 0
0 1 122 58 0 3
0 1 6 50 0 1
0 1 113 61 0 1
0 1 17 23 1 1
0 1 105 16 1 3
0 1 39 11 1 1
0 1 35 22 1 3
0 1 96 18 1 3
0 1 109 59 0 2
0 1 7 8 1 2
0 1 62 23 1 0
0 1 57 46 1 3
0 1 18 49 1 1
0 1 18 55 0 0
0 1 88 9 0 3
0 1 47 1 1 2
0 1 61 2 1 2
0 1 75 4 1 3
