0 1 105 63 0 3
0 1 84 2 1 2
0 1 87 29 0 2
0 1 119 42 1 2
0 1 9 56 1 2
0 1 117 47 1 0
0 1 37 50 0 2
0 1 100 6 1 0
0 1 63 14 1 2
0 1 30 35 1 0
0 1 93 58 1 2
0 1 54 24 1 1
0 1 106 35 1 1
0 1 53 62 1 1
0 1 20 32 1 0
0 1 3 46 0 1
0 1 7 23 1 1
0 1 127 15 0 2
0 1 77 49 1 0
0 1 49 13 0 1
0 1 50 51 1 1
0 1 58 42 0 1
0 1 115 45 0 1
0 1 39 49 0 3
0 1 48 30 0 3
0 1 91 52 0 3
0 1 52 1 1 2
0 1 110 18 0 3
0 1 47 47 0 2
0 1 122 7 0 3
0 1 51 57 1 3
0 1 68 22 1 0
0 1 27 27 0 3
0 1 102 52 0 2
0 1 102 54 1 0
0 1 8 26 0 0
0 1 53 37 0 3
0 1 30 10 0 3
0 1 19 8 0 0
0 1 121 21 1 2
0 1 7 33 0 0
0 1 66 41 1 2
0 1 44 47 0 3
0 1 106 34 0 0
0 1 18 15 0 1
0 1 126 4 0 3
0 1 77 0 0 0
0 1 66 38 0 1
0 1 63 12 0 3
0 1 116 44 1 3
0 1 23 23 1 2
0 1 42 44 1 0
0 1 70 24 1 3
0 1 64 19 0 1
0 1 16 45 1 3
0 1 64 21 1 0
0 1 25 28 1 2
0 1 83 25 1 1
0 1 1 19 1 3
0 1 43 3 0 0
0 1 38 53 1 0
0 1 54 60 0 0
0 1 17 61 1 2
0 1 28 59 1 1
0 1 57 16 0 0
0 1 16 3 0 3
0 1 112 11 0 0
0 1 108 27 0 0
0 1 36 3 1 2
0 1 51 17 0 0
0 1 21 34 1 1
0 1 111 9 1 1
0 1 125 14 1 0
0 1 89 31 1 1
0 1 2 12 0 0
0 1 61 41 0 0
0 1 2 32 1 1
0 1 1 26 0 1
0 1 61 51 1 2
0 1 107 22 0 3
0 1 10 46 0 2
0 1 69 43 0 2
0 1 85 4 1 1
0 1 5 64 1 0
0 1 125 33 0 1
0 1 76 14 1 3
0 1 122 28 1 0
0 1 128 2 1 1
0 1 11 9 1 3
0 1 70 40 0 0
0 1 117 37 0 1
0 1 20 36 0 1
0 1 98 25 0 0
0 1 95 46 1 3
0 1 3 48 1 1
0 1 34 5 0 1
0 1 55 10 0 2
0 1 113 4 1 2
0 1 15 50 0 0
0 1 105 57 1 0
0 1 32 39 1 2
0 1 110 20 1 3
0 1 14 29 1 1
0 1 10 43 1 1
0 1 47 20 1 0
0 1 35 39 1 1
0 1 78 60 0 3
0 1 45 2 0 3
0 1 44 18 1 2
0 1 39 16 1 1
0 1 60 62 0 2
0 1 49 58 1 0
0 1 86 55 0 3
0 1 107 13 1 3
0 1 37 23 1 3
0 1 25 17 0 2
0 1 73 55 0 1
0 1 26 53 0 1
0 1 120 54 0 2
0 1 116 41 0 3
0 1 103 11 1 3
0 1 27 29 1 3
0 1 12 37 1 0
0 1 13 0 1 1
0 1 62 8 1 1
0 1 90 25 1 3
0 1 17 56 0 3
0 1 87 32 1 2
0 1 118 26 1 2
0 1 73 22 1 1
0 1 22 61 1 1
0 1 23 41 0 1
0 1 104 0 1 2
0 1 115 38 1 3
0 1 129 26 0 3
0 1 119 20 0 2
0 1 80 43 0 3
0 1 43 50 1 1
0 1 0 3 0 1
0 1 101 11 0 2
0 1 8 60 1 1
0 1 41 48 1 0
0 1 114 36 0 0
0 1 96 63 1 0
0 1 48 28 1 1
0 1 126 31 1 0
0 1 33 52 0 0
0 1 52 14 0 1
0 1 109 2 0 0
0 1 55 61 1 0
0 1 90 31 0 2
0 1 88 33 1 3
0 1 113 53 0 3
0 1 59 15 1 3
0 1 67 39 0 0
0 1 9 40 0 2
0 1 32 55 0 2
0 1 71 18 1 1
0 1 14 38 0 0
0 1 4 30 1 1
0 1 84 42 0 3
0 1 109 0 1 3
0 1 108 4 1 0
0 1 92 64 0 1
0 1 4 10 0 0
0 1 28 5 0 3
0 1 0 21 1 1
0 1 41 49 0 2
0 1 83 51 0 0
0 1 56 31 0 3
0 1 128 6 0 1
0 1 12 34 0 3
0 1 101 54 1 1
0 1 24 57 0 1
0 1 74 9 1 0
0 1 127 17 1 3
0 1 65 44 1 1
0 1 38 35 0 3
0 1 104 1 0 1
0 1 65 59 0 3
0 1 21 13 0 0
0 1 11 6 0 3
0 1 31 63 0 2
0 1 80 1 1 3
0 1 95 27 0 2
0 1 99 37 0 2
0 1 59 16 0 2
0 1 100 30 0 2
0 1 81 16 0 3
0 1 29 24 0 2
0 1 36 24 0 0
0 1 86 23 1 0
0 1 22 20 0 1
0 1 91 48 1 3
0 1 94 21 1 3
0 1 124 25 0 2
0 1 94 22 0 2
0 1 114 7 1 2
0 1 6 5 1 0
0 1 93 35 0 2
0 1 33 32 1 3
0 1 97 8 1 3
0 1 60 60 1 2
0 1 18 59 1 2
0 1 72 29 0 0
0 1 58 33 1 2
0 1 15 56 1 0
0 1 69 45 1 2
0 1 46 64 1 2
0 1 67 44 1 2
0 1 68 51 0 3
0 1 118 46 0 0
0 1 82 28 1 3
0 1 121 43 0 0
0 1 75 30 1 0
0 1 62 12 0 1
0 1 50 36 0 3
0 1 29 40 1 3
0 1 75 47 0 1
0 1 74 7 0 0
0 1 79 63 1 1
0 1 103 53 0 2
0 1 57 58 1 3
0 1 46 19 0 0
0 1 45 42 1 0
0 1 26 50 1 3
0 1 42 34 0 2
0 1 112 56 1 1
0 1 99 48 1 2
0 1 96 13 0 2
0 1 120 40 1 1
0 1 24 5 1 2
0 1 82 6 0 2
0 1 88 59 0 0
