0 1 64 55 1 1
0 1 93 31 0 0
0 1 88 21 1 0
0 1 110 47 1 2
0 1 51 61 0 2
0 1 95 54 1 0
0 1 103 30 0 1
0 1 123 63 0 1
0 1 9 23 1 3
0 1 46 40 1 2
0 1 19 44 0 2
0 1 52 40 0 1
0 1 45 35 1 1
0 1 8 25 1 3
0 1 20 60 0 3
0 1 90 6 1 3
0 1 117 16 0 2
0 1 57 10 1 2
0 1 110 25 0 1
0 1 83 53 0 0
0 1 123 51 1 2
0 1 2 13 1 1
0 1 24 52 1 3
0 1 31 17 1 0
0 1 103 24 1 3
0 1 1 22 0 3
0 1 33 3 1 0
0 1 65 18 0 3
0 1 36 10 1 1
0 1 126 7 1 2
0 1 16 55 0 0
0 1 92 54 1 3
0 1 26 56 0 0
0 1 120 49 1 0
0 1 77 27 1 2
0 1 56 20 0 3
0 1 96 8 1 0
0 1 37 31 0 3
0 1 21 11 1 2
0 1 121 34 0 1
0 1 71 62 1 3
0 1 14 0 0 0
0 1 47 19 1 0
0 1 83 2 1 3
0 1 128 16 0 0
0 1 87 2 1 2
0 1 34 20 0 1
0 1 91 61 1 1
0 1 86 39 0 3
0 1 120 33 0 0
0 1 38 0 1 2
0 1 127 15 1 2
0 1 119 13 1 2
0 1 62 4 0 2
0 1 50 63 0 0
0 1 76 15 1 0
0 1 70 45 1 3
0 1 101 29 1 1
0 1 35 30 0 3
0 1 4 18 1 0
0 1 68 59 0 0
0 1 49 12 1 1
0 1 106 41 0 0
0 1 114 7 0 3
0 1 25 39 0 0
0 1 108 53 1 1
0 1 101 56 0 2
0 1 84 34 1 2
0 1 97 12 0 0
0 1 102 43 0 1
0 1 63 51 1 3
0 1 8 9 0 2
0 1 73 60 1 1
0 1 32 19 0 3
0 1 38 44 0 1
0 1 73 1 0 0
0 1 107 6 1 2
0 1 115 36 1 3
0 1 106 26 1 1
0 1 87 9 0 0
0 1 57 32 0 3
0 1 18 5 1 3
0 1 82 58 1 0
0 1 29 37 1 3
0 1 119 50 0 3
0 1 117 11 1 0
0 1 44 60 0 2
0 1 39 54 0 1
0 1 67 46 1 2
0 1 105 38 0 2
0 1 49 8 0 3
0 1 72 50 0 2
0 1 21 50 0 1
0 1 59 20 1 2
0 1 112 57 0 0
0 1 6 64 1 2
0 1 52 49 1 1
0 1 129 24 1 1
0 1 33 61 0 0
0 1 108 47 0 3
0 1 10 48 1 2
0 1 27 18 1 1
0 1 61 43 1 3
0 1 15 49 0 2
0 1 62 62 1 1
0 1 36 26 0 3
0 1 113 23 0 0
0 1 48 37 0 0
0 1 89 30 0 2
0 1 104 14 0 1
0 1 10 58 0 1
0 1 13 44 1 0
0 1 15 46 1 1
0 1 3 38 0 0
0 1 14 63 1 3
0 1 7 10 1 0
0 1 88 27 0 1
0 1 82 5 0 1
0 1 11 31 0 2
0 1 71 56 0 1
0 1 69 12 0 2
0 1 114 4 1 3
0 1 128 5 1 2
0 1 78 48 1 0
0 1 98 58 1 2
0 1 67 47 0 0
0 1 124 48 0 1
0 1 111 21 0 1
0 1 42 20 1 0
0 1 112 59 1 2
0 1 86 59 1 3
0 1 22 45 0 1
0 1 105 32 1 2
0 1 30 9 0 1
0 1 17 1 1 2
0 1 85 22 0 0
0 1 75 54 0 2
0 1 20 6 1 0
0 1 79 17 1 2
0 1 28 59 0 1
0 1 23 38 0 3
0 1 80 7 1 0
0 1 77 27 0 0
0 1 104 17 1 1
0 1 115 25 0 2
0 1 122 51 1 0
0 1 1 52 1 1
0 1 81 21 1 3
0 1 40 46 1 3
0 1 68 37 1 2
0 1 60 48 1 3
0 1 66 64 1 1
0 1 39 62 1 2
0 1 94 53 0 2
0 1 59 45 0 0
0 1 65 16 1 1
0 1 107 8 0 1
0 1 116 3 0 2
0 1 37 57 1 1
0 1 127 35 0 3
0 1 29 45 0 2
0 1 76 64 0 3
0 1 41 13 1 3
0 1 89 32 1 0
0 1 63 10 0 3
0 1 12 26 1 2
0 1 19 42 1 3
0 1 78 1 0 1
0 1 40 35 0 0
0 1 58 28 0 0
0 1 53 32 1 1
0 1 84 50 0 0
0 1 94 3 1 3
0 1 43 29 0 3
0 1 72 40 1 3
0 1 6 13 0 0
0 1 13 37 0 1
0 1 55 39 1 1
0 1 44 36 1 0
0 1 100 24 1 0
0 1 92 43 0 0
0 1 64 56 0 3
0 1 27 57 0 3
0 1 125 14 1 3
0 1 46 11 0 1
0 1 5 29 0 0
0 1 34 42 1 1
0 1 5 8 1 2
0 1 47 46 0 0
0 1 35 41 1 1
0 1 55 28 0 3
0 1 90 55 0 3
0 1 0 14 0 0
0 1 26 60 1 0
0 1 12 31 0 1
0 1 85 26 1 0
0 1 111 64 1 0
0 1 61 22 0 2
0 1 11 41 1 3
0 1 60 42 0 0
0 1 0 53 1 3
0 1 23 3 1 1
0 1 80 23 0 1
0 1 56 16 1 3
0 1 42 24 0 2
0 1 99 7 0 1
0 1 93 58 1 3
0 1 118 4 0 1
0 1 53 36 0 2
0 1 28 19 1 1
0 1 50 33 1 2
0 1 43 34 1 3
0 1 17 6 0 1
0 1 2 33 0 1
0 1 129 2 0 0
0 1 126 27 0 3
0 1 48 15 1 1
0 1 51 18 1 2
0 1 102 61 1 3
0 1 125 38 0 1
0 1 31 36 0 1
0 1 69 52 1 2
0 1 100 5 0 0
0 1 66 15 0 3
0 1 91 21 0 2
0 1 22 0 1 1
0 1 74 35 1 2
0 1 109 11 0 3
0 1 96 0 0 3
0 1 113 14 1 2
0 1 70 30 0 0
0 1 9 63 0 2
0 1 4 12 0 3
0 1 122 42 0 2
