0 1 27 43 1 1
0 1 120 6 0 0
0 1 10 62 0 0
0 1 107 35 0 1
0 1 118 37 1 1
0 1 64 60 1 1
0 1 80 16 0 0
0 1 120 24 1 2
0 1 22 20 0 0
0 1 38 50 1 3
0 1 72 17 0 0
0 1 15 37 0 0
0 1 101 15 1 0
0 1 82 22 1 2
0 1 73 36 0 2
0 1 67 19 0 1
0 1 16 26 1 0
0 1 93 48 0 3
0 1 64 47 0 0
0 1 60 63 1 3
0 1 109 4 0 1
0 1 88 42 1 1
0 1 114 32 1 1
0 1 60 64 0 0
0 1 39 30 1 3
0 1 98 23 0 1
0 1 59 49 1 0
0 1 19 53 1 0
0 1 50 29 0 0
0 1 52 43 0 2
0 1 36 54 1 3
0 1 90 11 0 0
0 1 54 52 1 1
0 1 53 35 1 0
0 1 44 51 1 1
0 1 118 37 0 3
0 1 113 38 1 3
0 1 88 0 0 2
0 1 126 63 0 0
0 1 57 37 1 2
0 1 98 21 1 2
0 1 91 27 1 2
0 1 50 7 1 0
0 1 29 59 0 1
0 1 78 43 0 3
0 1 102 41 0 2
0 1 17 20 0 2
0 1 12 64 0 1
0 1 123 45 0 1
0 1 14 4 0 2
0 1 20 12 1 2
0 1 77 62 1 3
0 1 128 29 0 1
0 1 33 25 0 0
0 1 53 18 0 2
0 1 5 27 0 1
0 1 55 13 1 2
0 1 58 55 1 2
0 1 78 31 1 3
0 1 110 57 0 0
0 1 91 61 0 2
0 1 71 33 1 1
0 1 26 47 1 1
0 1 57 45 0 0
0 1 115 63 1 1
0 1 119 9 0 2
0 1 1 31 1 1
0 1 101 5 0 3
0 1 35 4 1 0
0 1 103 12 1 3
0 1 74 27 1 3
0 1 107 56 1 1
0 1 73 22 1 3
0 1 116 5 1 2
0 1 76 44 0 2
0 1 47 49 0 2
0 1 19 16 0 1
0 1 16 30 0 0
0 1 70 23 0 0
0 1 129 40 1 1
0 1 70 56 1 0
0 1 76 3 1 1
0 1 75 21 0 0
0 1 96 26 1 1
0 1 21 34 0 2
0 1 67 0 1 3
0 1 0 10 1 3
0 1 38 15 0 2
0 1 121 54 0 0
0 1 0 2 0 1
0 1 24 16 1 2
0 1 112 1 1 2
0 1 68 46 0 2
0 1 11 14 0 2
0 1 62 50 0 0
0 1 110 8 1 2
0 1 41 10 1 0
0 1 68 50 1 1
0 1 8 39 1 2
0 1 51 60 1 3
0 1 13 59 1 3
0 1 58 55 0 0
0 1 42 17 0 2
0 1 39 11 0 2
0 1 111 14 1 3
0 1 106 38 0 0
0 1 15 12 1 1
0 1 49 61 0 1
0 1 89 58 1 3
0 1 9 59 1 0
0 1 4 33 0 3
0 1 119 57 1 3
0 1 31 17 1 3
0 1 56 1 0 1
0 1 126 8 1 0
0 1 46 28 0 0
0 1 129 48 0 1
0 1 82 42 0 0
0 1 36 11 0 1
0 1 18 39 1 0
0 1 117 51 0 3
0 1 45 45 1 2
0 1 122 40 1 2
0 1 123 20 1 1
0 1 95 47 0 2
0 1 124 55 1 1
0 1 46 21 1 3
0 1 25 13 0 1
0 1 7 18 0 3
0 1 21 8 1 3
0 1 116 3 0 3
0 1 25 38 1 2
0 1 69 30 1 2
0 1 29 41 1 0
0 1 85 1 0 0
0 1 35 9 0 1
0 1 3 40 0 0
0 1 92 25 1 2
0 1 52 24 1 3
0 1 128 31 1 0
0 1 4 58 1 0
0 1 81 28 1 3
0 1 6 14 1 0
0 1 104 60 0 2
0 1 11 19 1 3
0 1 59 53 0 2
0 1 41 44 0 1
0 1 12 57 1 2
0 1 115 9 0 0
0 1 65 2 1 3
0 1 44 23 0 2
0 1 105 34 1 0
0 1 18 6 0 1
0 1 100 49 0 1
0 1 100 25 1 3
0 1 83 45 0 3
0 1 75 28 1 1
0 1 95 13 1 3
0 1 26 36 0 0
0 1 6 62 0 2
0 1 17 8 1 1
0 1 86 33 0 0
0 1 33 27 1 0
0 1 90 6 1 3
0 1 27 3 0 0
0 1 65 51 0 0
0 1 102 52 1 3
0 1 40 22 1 1
0 1 23 64 1 3
0 1 114 48 0 0
0 1 37 44 1 0
0 1 106 18 1 1
0 1 24 2 0 0
0 1 77 35 0 3
0 1 72 7 1 2
0 1 87 55 1 3
0 1 81 34 0 3
0 1 62 24 1 0
0 1 96 56 0 3
0 1 30 11 0 3
0 1 80 0 1 0
0 1 43 46 0 0
0 1 49 58 1 1
0 1 83 13 1 0
0 1 108 15 0 3
0 1 54 60 0 0
0 1 99 40 0 3
0 1 111 10 0 2
0 1 94 32 1 3
0 1 84 61 0 0
0 1 48 51 0 2
0 1 84 46 1 1
0 1 48 26 1 3
0 1 23 43 0 0
0 1 97 18 0 0
0 1 74 31 0 2
0 1 34 23 1 3
0 1 127 7 0 1
0 1 8 10 0 1
0 1 20 34 0 1
0 1 14 61 1 3
0 1 66 1 0 3
0 1 56 39 1 3
0 1 28 2 0 2
0 1 42 54 1 2
0 1 34 39 0 1
0 1 71 64 0 2
0 1 37 32 0 2
0 1 1 14 0 1
0 1 69 53 0 1
0 1 63 44 0 3
0 1 47 36 1 1
0 1 9 19 0 0
0 1 45 25 0 1
0 1 28 29 1 3
0 1 127 6 1 2
0 1 66 42 1 3
0 1 109 29 1 2
0 1 51 22 0 0
0 1 122 56 0 2
0 1 40 20 0 3
0 1 113 41 0 3
0 1 79 4 1 3
0 1 92 16 0 3
0 1 2 19 0 2
0 1 124 52 0 0
0 1 61 5 1 1
0 1 93 17 1 1
0 1 121 53 1 3
0 1 32 50 1 2
0 1 85 36 1 3
0 1 117 21 1 1
0 1 99 57 1 1
0 1 125 47 0 3
