0 1 4 14 0 0
0 1 41 32 1 0
0 1 95 59 0 0
0 1 85 49 0 0
0 1 67 25 0 3
0 1 66 39 0 0
0 1 38 36 0 3
0 1 116 0 1 1
0 1 26 63 1 3
0 1 33 58 1 1
0 1 39 39 0 3
0 1 6 27 1 2
0 1 93 7 1 2
0 1 66 10 1 2
0 1 112 56 1 1
0 1 4 29 1 1
0 1 52 0 0 2
0 1 127 32 0 3
0 1 48 13 1 1
0 1 9 14 0 1
0 1 43 5 0 3
0 1 16 52 1 2
0 1 55 4 0 3
0 1 40 41 1 0
0 1 28 50 0 1
0 1 122 26 1 3
0 1 18 20 1 1
0 1 105 17 1 2
0 1 99 31 0 1
0 1 71 37 0 0
0 1 102 12 0 1
0 1 56 14 0 3
0 1 49 5 1 0
0 1 36 12 0 2
0 1 118 19 0 1
0 1 78 47 1 1
0 1 35 32 0 1
0 1 14 38 1 1
0 1 24 64 0 0
0 1 86 24 0 2
0 1 129 2 1 3
0 1 85 9 1 0
0 1 8 12 1 3
0 1 77 30 1 2
0 1 55 42 1 3
0 1 60 4 0 2
0 1 82 10 0 0
0 1 93 20 0 2
0 1 59 8 1 3
0 1 109 18 0 1
0 1 97 57 1 3
0 1 50 55 0 2
0 1 23 6 0 2
0 1 103 6 0 3
0 1 35 45 1 3
0 1 33 34 0 1
0 1 9 33 1 1
0 1 61 11 1 1
0 1 82 54 1 2
0 1 45 21 0 0
0 1 113 45 1 2
0 1 39 18 1 0
0 1 62 28 0 2
0 1 16 41 0 1
0 1 94 16 1 2
0 1 0 47 1 0
0 1 63 9 0 1
0 1 83 48 1 3
0 1 122 42 0 0
0 1 15 60 0 3
0 1 71 31 1 0
0 1 100 46 1 1
0 1 124 40 1 1
0 1 91 2 1 1
0 1 1 35 1 2
0 1 5 51 0 2
0 1 84 22 0 1
0 1 57 15 0 2
0 1 44 60 1 0
0 1 119 23 1 1
0 1 101 43 0 2
0 1 100 64 0 3
0 1 98 54 0 3
0 1 88 44 1 0
0 1 70 19 1 2
0 1 53 31 0 3
0 1 61 62 0 1
0 1 75 48 0 1
0 1 3 4 1 0
0 1 68 44 1 2
0 1 27 62 0 3
0 1 29 25 1 0
0 1 113 52 0 3
0 1 129 25 0 2
0 1 102 9 1 2
0 1 25 61 0 1
0 1 83 38 0 2
0 1 73 42 1 1
0 1 104 28 0 3
0 1 64 23 0 2
0 1 56 63 1 2
0 1 98 10 1 1
0 1 54 23 0 0
0 1 42 53 0 1
0 1 80 3 0 3
0 1 78 50 0 2
0 1 80 61 1 2
0 1 90 43 0 0
0 1 109 38 1 0
0 1 111 59 1 1
0 1 73 1 0 1
0 1 128 23 1 3
0 1 36 49 1 1
0 1 87 13 0 2
0 1 58 53 1 3
0 1 54 36 1 0
0 1 97 27 0 1
0 1 40 39 0 2
0 1 11 30 1 1
0 1 126 52 1 0
0 1 3 59 0 3
0 1 34 46 0 2
0 1 43 3 1 2
0 1 76 17 0 3
0 1 116 8 0 2
0 1 34 55 1 3
0 1 84 58 1 0
0 1 12 16 1 1
0 1 17 4 1 1
0 1 19 1 1 0
0 1 17 7 0 3
0 1 69 15 0 0
0 1 53 52 1 1
0 1 63 33 1 2
0 1 101 55 1 0
0 1 118 43 1 1
0 1 21 58 0 3
0 1 22 57 1 0
0 1 30 56 1 3
0 1 0 33 0 0
0 1 14 35 0 0
0 1 86 11 1 2
0 1 99 8 1 1
0 1 67 36 1 2
0 1 19 6 0 0
0 1 81 44 1 1
0 1 92 53 1 2
0 1 59 54 0 1
0 1 81 61 0 3
0 1 110 34 1 3
0 1 37 28 1 1
0 1 25 50 1 3
0 1 72 46 1 3
0 1 31 27 0 0
0 1 65 8 1 0
0 1 105 34 0 2
0 1 65 62 0 2
0 1 13 49 1 3
0 1 107 30 0 3
0 1 121 40 1 2
0 1 91 50 0 0
0 1 7 21 0 3
0 1 125 21 1 1
0 1 52 26 1 0
0 1 49 49 0 2
0 1 51 56 0 0
0 1 31 38 1 3
0 1 76 32 1 2
0 1 46 26 1 1
0 1 32 57 0 2
0 1 112 37 0 2
0 1 22 51 0 3
0 1 74 7 0 1
0 1 117 29 1 0
0 1 12 18 0 2
0 1 68 16 0 3
0 1 20 60 0 1
0 1 128 37 0 3
0 1 88 15 0 1
0 1 90 51 1 1
0 1 32 64 1 2
0 1 51 24 1 3
0 1 123 48 1 0
0 1 75 48 1 2
0 1 58 62 0 0
0 1 124 29 0 3
0 1 96 17 0 0
0 1 24 63 1 0
0 1 6 21 0 2
0 1 18 58 0 2
0 1 127 47 1 2
0 1 30 11 0 3
0 1 89 22 0 2
0 1 121 35 0 3
0 1 28 44 1 3
0 1 115 47 1 3
0 1 48 39 0 1
0 1 70 57 0 1
0 1 44 54 0 0
0 1 38 2 1 2
0 1 8 11 0 0
0 1 7 10 1 3
0 1 120 7 1 0
0 1 42 61 1 0
0 1 29 0 0 3
0 1 2 36 0 1
0 1 74 6 1 1
0 1 87 22 1 3
0 1 62 20 1 3
0 1 110 56 0 2
0 1 79 19 0 0
0 1 50 45 1 0
0 1 103 17 1 1
0 1 72 2 0 0
0 1 114 27 1 3
0 1 37 13 0 0
0 1 114 12 0 0
0 1 107 1 1 3
0 1 77 41 0 2
0 1 126 5 0 2
0 1 79 3 1 1
0 1 13 28 0 0
0 1 26 16 0 0
0 1 47 35 1 1
0 1 47 55 0 1
0 1 125 45 0 1
0 1 89 63 1 1
0 1 104 3 1 0
0 1 45 13 1 3
0 1 106 29 0 2
0 1 119 43 0 3
0 1 10 5 0 1
0 1 1 41 0 3
0 1 64 33 1 3
