0 1 5 2 1 2
0 1 19 42 1 1
0 1 102 60 1 3
0 1 65 30 0 1
0 1 72 40 0 2
0 1 37 7 0 2
0 1 122 19 1 2
0 1 49 23 1 1
0 1 36 5 1 1
0 1 119 18 0 1
0 1 17 27 0 1
0 1 66 33 0 1
0 1 14 34 0 0
0 1 126 64 1 0
0 1 56 55 0 3
0 1 26 0 0 1
0 1 88 17 0 2
0 1 85 25 1 3
0 1 98 53 1 0
0 1 6 56 0 0
0 1 81 10 0 3
0 1 18 4 1 3
0 1 122 60 0 1
0 1 73 14 0 3
0 1 110 40 0 0
0 1 93 1 0 2
0 1 103 6 0 3
0 1 53 41 1 1
0 1 63 21 1 3
0 1 91 57 0 0
0 1 48 52 0 3
0 1 117 19 1 3
0 1 84 11 0 3
0 1 124 42 1 3
0 1 42 63 1 3
0 1 119 31 1 0
0 1 44 17 1 3
0 1 9 56 1 2
0 1 14 28 1 1
0 1 35 6 0 2
0 1 73 10 1 2
0 1 57 24 1 3
0 1 10 47 1 1
0 1 0 35 1 1
0 1 107 37 1 1
0 1 88 7 1 0
0 1 121 59 0 1
0 1 46 22 1 2
0 1 77 16 0 3
0 1 71 36 1 2
0 1 116 15 1 2
0 1 100 61 1 3
0 1 36 50 0 1
0 1 30 62 0 3
0 1 100 29 0 1
0 1 27 43 1 1
0 1 49 53 0 3
0 1 15 37 1 3
0 1 56 49 1 3
0 1 120 46 1 1
0 1 28 34 1 2
0 1 2 41 1 0
0 1 96 48 0 1
0 1 7 44 1 2
0 1 112 24 0 1
0 1 123 3 0 1
0 1 29 45 1 2
0 1 95 20 0 1
0 1 17 44 1 0
0 1 58 9 1 0
0 1 129 26 1 3
0 1 97 8 1 3
0 1 124 13 0 3
0 1 32 54 1 3
0 1 12 48 0 0
0 1 39 51 1 3
0 1 108 59 1 3
0 1 0 36 0 1
0 1 46 25 0 1
0 1 67 49 1 2
0 1 64 2 0 3
0 1 38 56 1 1
0 1 118 28 0 0
0 1 99 8 0 2
0 1 50 21 1 1
0 1 42 30 0 2
0 1 44 29 0 3
0 1 72 15 1 0
0 1 90 51 0 1
0 1 105 63 1 1
0 1 40 61 0 0
0 1 86 47 1 3
0 1 59 8 0 1
0 1 85 18 0 2
0 1 3 12 1 0
0 1 116 33 0 2
0 1 30 1 1 3
0 1 61 60 1 2
0 1 18 63 0 2
0 1 41 28 1 3
0 1 50 35 0 3
0 1 1 16 0 1
0 1 57 39 0 0
0 1 76 39 1 1
0 1 83 38 1 1
0 1 43 55 0 0
0 1 24 46 0 3
0 1 3 10 0 1
0 1 74 10 1 0
0 1 53 3 0 3
0 1 80 12 0 1
0 1 79 26 0 1
0 1 40 58 1 1
0 1 1 0 1 0
0 1 7 23 0 3
0 1 99 54 1 0
0 1 109 57 0 2
0 1 65 27 1 3
0 1 101 50 0 0
0 1 107 43 0 3
0 1 112 52 1 2
0 1 52 5 0 3
0 1 4 37 0 0
0 1 82 14 0 0
0 1 64 40 1 3
0 1 75 55 1 1
0 1 120 3 0 2
0 1 62 20 0 2
0 1 8 33 0 0
0 1 31 42 0 2
0 1 32 38 0 2
0 1 33 57 0 1
0 1 123 41 1 2
0 1 84 7 1 3
0 1 4 32 1 3
0 1 92 61 0 2
0 1 38 41 0 3
0 1 104 21 1 0
0 1 113 47 0 2
0 1 127 7 1 1
0 1 118 58 1 0
0 1 77 48 1 3
0 1 47 53 1 1
0 1 80 20 1 0
0 1 83 12 0 3
0 1 92 17 1 1
0 1 89 32 0 0
0 1 104 34 0 1
0 1 68 49 0 1
0 1 70 39 0 2
0 1 55 54 1 1
0 1 98 33 0 3
0 1 35 13 1 1
0 1 95 15 1 3
0 1 97 31 0 2
0 1 54 25 0 2
0 1 45 64 1 1
0 1 13 29 0 0
0 1 121 21 1 2
0 1 90 43 1 2
0 1 21 11 1 0
0 1 108 36 0 3
0 1 111 25 1 0
0 1 25 4 1 1
0 1 11 30 1 0
0 1 86 23 0 2
0 1 23 45 1 1
0 1 76 27 0 2
0 1 114 17 1 0
0 1 127 39 0 3
0 1 105 9 0 2
0 1 110 11 1 2
0 1 106 35 0 2
0 1 20 26 0 0
0 1 9 9 0 3
0 1 74 42 0 0
0 1 62 62 1 2
0 1 128 9 1 1
0 1 29 14 0 1
0 1 10 2 0 0
0 1 125 38 1 0
0 1 16 64 1 2
0 1 75 45 0 3
0 1 12 24 1 2
0 1 87 40 1 1
0 1 96 0 1 2
0 1 69 23 1 0
0 1 91 38 1 3
0 1 47 13 0 2
0 1 125 22 0 3
0 1 2 31 0 1
0 1 28 4 0 0
0 1 78 19 1 1
0 1 81 44 1 3
0 1 126 18 0 3
0 1 31 60 1 0
0 1 58 37 0 2
0 1 37 58 1 3
0 1 25 59 0 2
0 1 71 55 0 2
0 1 24 62 1 0
0 1 129 20 0 3
0 1 27 0 0 3
0 1 54 50 1 3
0 1 8 52 1 1
0 1 22 56 0 3
0 1 43 5 1 2
0 1 34 53 1 2
0 1 61 44 0 1
0 1 94 14 1 2
0 1 5 6 0 1
0 1 51 22 1 1
0 1 55 29 0 2
0 1 45 1 0 0
0 1 78 34 0 3
0 1 79 24 1 0
0 1 60 31 0 3
0 1 19 16 0 2
0 1 94 12 0 2
0 1 6 52 1 0
0 1 41 4 0 2
0 1 66 18 1 0
0 1 15 19 0 0
0 1 106 62 1 1
0 1 26 63 1 0
0 1 33 13 1 0
0 1 21 58 0 2
0 1 93 51 1 2
0 1 22 45 1 0
0 1 60 28 1 2
0 1 16 46 0 0
0 1 59 32 1 1
0 1 113 43 1 0
0 1 117 51 0 0
