0 1 96 15 1 2
0 1 81 0 1 2
0 1 2 6 0 3
0 1 21 54 0 1
0 1 111 31 1 3
0 1 29 59 0 2
0 1 76 62 1 3
0 1 117 33 1 1
0 1 51 10 1 1
0 1 36 35 1 2
0 1 69 4 1 3
0 1 57 3 1 3
0 1 5 16 0 2
0 1 68 9 1 2
0 1 117 26 0 1
0 1 115 55 1 0
0 1 77 24 1 2
0 1 50 11 1 2
0 1 113 1 0 0
0 1 90 18 0 3
0 1 64 62 1 1
0 1 20 52 0 0
0 1 35 36 1 0
0 1 19 28 1 2
0 1 71 48 1 2
0 1 63 47 1 1
0 1 105 40 1 2
0 1 92 8 1 3
0 1 66 26 0 3
0 1 8 40 1 0
0 1 85 25 1 3
0 1 78 27 0 2
0 1 72 37 0 3
0 1 58 51 1 0
0 1 23 57 1 1
0 1 109 23 0 0
0 1 102 37 0 1
0 1 10 39 1 0
0 1 11 38 1 1
0 1 0 42 1 1
0 1 114 45 0 0
0 1 49 21 0 0
0 1 19 5 0 3
0 1 127 43 1 0
0 1 86 53 1 1
0 1 31 46 0 2
0 1 88 12 1 3
0 1 106 19 1 0
0 1 62 14 1 1
0 1 126 55 0 3
0 1 28 21 1 1
0 1 15 27 1 3
0 1 75 17 0 0
0 1 55 22 1 3
0 1 34 16 0 0
0 1 119 49 1 0
0 1 39 48 0 3
0 1 79 49 0 2
0 1 48 58 0 1
0 1 61 18 0 0
0 1 77 1 0 2
0 1 91 35 0 0
0 1 78 45 1 1
0 1 10 33 0 0
0 1 54 5 1 1
0 1 7 20 0 3
0 1 11 25 0 2
0 1 124 7 1 0
0 1 67 63 0 2
0 1 49 11 1 0
0 1 128 35 0 1
0 1 107 59 0 3
0 1 90 17 1 2
0 1 42 42 0 3
0 1 35 28 0 0
0 1 16 19 1 1
0 1 99 13 1 2
0 1 51 32 0 3
0 1 22 60 1 2
0 1 15 13 0 1
0 1 13 25 0 0
0 1 113 23 1 1
0 1 56 36 1 3
0 1 121 2 0 0
0 1 79 30 1 3
0 1 114 57 1 2
0 1 69 8 0 2
0 1 121 56 1 3
0 1 60 3 0 0
0 1 122 48 0 1
0 1 44 26 1 2
0 1 27 53 0 3
0 1 108 43 0 3
0 1 17 34 0 1
0 1 24 59 1 0
0 1 118 58 0 0
0 1 112 61 1 3
0 1 21 39 1 3
0 1 118 32 1 0
0 1 23 10 0 0
0 1 1 44 0 3
0 1 54 18 0 1
0 1 55 32 0 2
0 1 30 7 0 1
0 1 87 64 0 3
0 1 62 61 0 0
0 1 22 4 0 1
0 1 87 52 1 3
0 1 80 51 0 1
0 1 83 36 0 1
0 1 106 29 0 3
0 1 97 35 1 3
0 1 33 59 1 1
0 1 70 46 0 1
0 1 68 48 0 0
0 1 14 2 1 3
0 1 115 34 0 0
0 1 89 9 1 1
0 1 0 0 0 3
0 1 65 64 1 0
0 1 2 57 1 0
0 1 67 56 1 2
0 1 125 9 0 3
0 1 70 24 1 3
0 1 120 55 0 1
0 1 128 27 1 0
0 1 4 41 1 3
0 1 94 54 1 2
0 1 47 29 1 1
0 1 95 16 0 3
0 1 16 6 0 2
0 1 26 42 1 2
0 1 26 29 0 0
0 1 93 30 0 1
0 1 12 63 0 1
0 1 9 17 1 3
0 1 82 52 0 2
0 1 27 17 1 1
0 1 96 53 0 0
0 1 111 62 0 0
0 1 73 64 0 1
0 1 74 50 0 3
0 1 72 11 1 1
0 1 108 50 1 2
0 1 9 38 0 2
0 1 127 15 0 0
0 1 80 40 1 1
0 1 98 7 1 3
0 1 57 20 0 2
0 1 93 4 1 2
0 1 101 50 0 1
0 1 89 63 0 0
0 1 31 63 1 3
0 1 37 24 1 1
0 1 56 34 0 3
0 1 60 6 1 0
0 1 13 10 1 2
0 1 7 52 1 1
0 1 42 2 1 2
0 1 40 45 1 3
0 1 84 44 0 2
0 1 1 1 1 1
0 1 41 31 0 2
0 1 6 60 0 0
0 1 99 5 0 2
0 1 104 57 0 3
0 1 20 1 1 3
0 1 24 54 0 0
0 1 36 30 0 2
0 1 32 60 0 3
0 1 100 58 1 2
0 1 123 23 1 2
0 1 3 15 1 3
0 1 119 43 0 2
0 1 85 6 0 1
0 1 100 38 0 0
0 1 18 47 0 3
0 1 116 51 0 2
0 1 103 21 1 2
0 1 105 12 0 0
0 1 107 26 1 0
0 1 46 31 1 0
0 1 41 13 1 0
0 1 59 19 1 3
0 1 84 62 1 2
0 1 81 7 0 2
0 1 52 3 0 2
0 1 28 4 0 0
0 1 33 14 0 2
0 1 53 40 0 3
0 1 50 2 0 1
0 1 98 22 0 2
0 1 129 22 1 0
0 1 53 20 1 0
0 1 12 33 1 3
0 1 46 5 0 0
0 1 73 39 1 1
0 1 63 44 0 0
0 1 103 18 0 2
0 1 95 46 1 0
0 1 123 33 0 2
0 1 122 53 1 2
0 1 88 15 0 1
0 1 39 41 1 0
0 1 14 61 0 2
0 1 97 16 0 1
0 1 110 14 0 0
0 1 104 19 1 2
0 1 44 10 0 3
0 1 76 50 0 0
0 1 86 39 0 2
0 1 66 28 1 3
0 1 47 8 0 0
0 1 37 61 0 1
0 1 116 0 1 0
0 1 59 49 0 1
0 1 65 58 0 3
0 1 64 24 0 0
0 1 101 60 1 1
0 1 6 56 1 1
0 1 34 51 1 3
0 1 94 28 0 1
0 1 48 41 1 2
0 1 102 56 1 0
0 1 92 64 0 2
0 1 124 21 0 3
0 1 82 34 1 2
0 1 43 8 1 1
0 1 17 20 1 1
0 1 120 11 1 3
0 1 5 0 1 1
0 1 109 37 1 0
0 1 25 55 0 2
0 1 43 29 0 2
