0 1 81 51 1 2
0 1 82 46 1 3
0 1 30 29 1 2
0 1 122 17 1 1
0 1 4 0 1 2
0 1 107 55 1 2
0 1 30 62 0 2
0 1 97 3 1 3
0 1 89 61 0 1
0 1 68 43 0 3
0 1 1 10 1 0
0 1 64 20 1 0
0 1 24 11 1 3
0 1 105 52 1 3
0 1 97 59 0 2
0 1 26 63 0 1
0 1 66 21 1 3
0 1 78 59 1 1
0 1 126 19 1 0
0 1 93 61 0 0
0 1 0 47 0 0
0 1 121 16 0 1
0 1 42 22 0 2
0 1 58 49 0 3
0 1 79 5 1 3
0 1 95 62 1 0
0 1 27 13 1 0
0 1 125 4 0 3
0 1 110 39 0 2
0 1 17 2 0 3
0 1 74 30 0 2
0 1 71 20 0 2
0 1 124 41 1 3
0 1 21 26 0 0
0 1 15 17 1 2
0 1 106 31 1 3
0 1 101 53 1 2
0 1 54 6 0 2
0 1 77 50 1 2
0 1 101 1 0 2
0 1 58 46 1 2
0 1 89 40 1 3
0 1 15 41 0 2
0 1 87 18 1 0
0 1 128 11 0 1
0 1 67 12 1 1
0 1 31 7 0 0
0 1 108 35 0 0
0 1 88 24 0 3
0 1 49 23 0 2
0 1 79 7 0 1
0 1 78 15 0 0
0 1 123 38 0 1
0 1 85 34 1 3
0 1 75 8 1 3
0 1 36 33 1 2
0 1 47 9 0 1
0 1 18 1 0 3
0 1 60 56 0 0
0 1 118 16 1 2
0 1 43 32 0 3
0 1 99 40 0 2
0 1 43 42 1 2
0 1 35 47 0 3
0 1 70 37 1 3
0 1 86 42 1 1
0 1 116 18 0 3
0 1 93 45 1 1
0 1 118 13 0 1
0 1 111 56 0 1
0 1 40 58 0 0
0 1 54 29 1 1
0 1 129 12 1 0
0 1 53 64 1 3
0 1 72 19 1 1
0 1 51 48 0 2
0 1 81 22 0 0
0 1 10 25 1 1
0 1 3 48 0 1
0 1 125 27 1 3
0 1 50 39 1 1
0 1 33 32 1 0
0 1 20 23 1 1
0 1 87 37 0 1
0 1 128 8 1 2
0 1 107 45 0 3
0 1 26 28 1 1
0 1 8 41 1 1
0 1 123 30 1 1
0 1 1 54 0 0
0 1 36 9 0 3
0 1 117 3 1 0
0 1 63 30 0 0
0 1 103 36 1 0
0 1 47 34 1 1
0 1 64 58 0 1
0 1 70 36 0 1
0 1 5 36 0 2
0 1 33 21 0 2
0 1 38 5 1 0
0 1 55 57 1 0
0 1 114 58 1 3
0 1 34 32 0 2
0 1 18 24 1 0
0 1 108 24 1 2
0 1 112 43 0 2
0 1 37 41 0 0
0 1 71 54 1 3
0 1 76 44 1 0
0 1 112 33 1 3
0 1 60 56 1 3
0 1 0 63 1 0
0 1 46 64 1 0
0 1 92 25 1 3
0 1 129 26 0 2
0 1 13 53 0 3
0 1 84 42 1 0
0 1 119 50 0 3
0 1 31 0 1 1
0 1 48 44 1 3
0 1 80 63 1 3
0 1 109 50 0 0
0 1 59 44 0 1
0 1 7 39 0 3
0 1 91 18 0 1
0 1 46 27 0 0
0 1 4 45 0 0
0 1 37 52 1 0
0 1 114 61 0 3
0 1 88 25 1 2
0 1 99 35 1 3
0 1 83 6 1 3
0 1 95 10 0 3
0 1 119 14 1 0
0 1 115 13 0 2
0 1 94 8 1 0
0 1 100 14 0 1
0 1 61 15 0 2
0 1 34 38 1 3
0 1 109 21 1 1
0 1 92 27 0 1
0 1 83 46 0 1
0 1 120 16 1 0
0 1 27 2 0 0
0 1 84 51 0 0
0 1 61 3 1 2
0 1 23 40 1 0
0 1 22 55 1 3
0 1 94 10 0 1
0 1 62 47 1 2
0 1 121 7 1 2
0 1 77 35 0 2
0 1 5 60 1 3
0 1 14 20 1 3
0 1 25 5 1 2
0 1 103 48 0 0
0 1 104 59 1 3
0 1 12 15 0 1
0 1 69 62 1 3
0 1 9 55 1 0
0 1 113 31 1 2
0 1 12 17 1 0
0 1 44 51 1 3
0 1 124 4 0 1
0 1 90 38 0 2
0 1 73 60 0 0
0 1 102 22 0 3
0 1 28 54 0 1
0 1 3 40 1 1
0 1 20 5 0 1
0 1 39 22 0 1
0 1 39 12 1 2
0 1 76 52 0 1
0 1 19 2 0 2
0 1 90 34 1 0
0 1 14 26 0 3
0 1 25 1 0 1
0 1 32 57 0 1
0 1 22 31 0 0
0 1 67 49 0 1
0 1 66 4 0 2
0 1 16 28 0 0
0 1 72 6 0 0
0 1 48 4 0 0
0 1 96 18 0 2
0 1 7 35 1 1
0 1 45 54 0 2
0 1 98 14 0 3
0 1 59 46 1 0
0 1 11 16 0 3
0 1 13 11 1 0
0 1 62 28 0 2
0 1 82 39 0 0
0 1 40 37 1 0
0 1 111 51 1 1
0 1 2 28 0 3
0 1 73 20 1 1
0 1 113 58 0 2
0 1 65 13 1 3
0 1 24 29 0 3
0 1 110 53 1 1
0 1 35 37 1 2
0 1 17 23 1 0
0 1 32 6 1 1
0 1 38 23 0 3
0 1 55 2 0 1
0 1 49 8 1 1
0 1 80 1 0 0
0 1 122 61 0 2
0 1 56 17 0 3
0 1 45 43 1 1
0 1 56 55 1 1
0 1 53 36 0 3
0 1 6 0 1 0
0 1 57 11 1 2
0 1 115 27 1 2
0 1 44 32 0 1
0 1 23 3 0 1
0 1 68 14 1 2
0 1 10 10 0 2
0 1 85 63 0 2
0 1 120 49 0 2
0 1 51 30 1 3
0 1 91 50 1 1
0 1 41 15 0 3
0 1 98 62 1 1
0 1 50 38 0 0
0 1 28 64 1 1
0 1 65 34 0 2
0 1 116 57 1 2
0 1 21 60 1 2
0 1 102 42 1 3
0 1 41 49 1 0
0 1 69 43 0 0
