0 1 124 44 0 2
0 1 81 42 0 1
0 1 44 0 0 1
0 1 106 10 0 2
0 1 24 64 0 2
0 1 87 14 0 1
0 1 116 41 1 0
0 1 126 50 1 0
0 1 99 8 1 0
0 1 41 61 1 0
0 1 98 7 0 3
0 1 91 43 1 2
0 1 10 23 1 0
0 1 63 18 1 3
0 1 46 20 1 2
0 1 109 38 1 2
0 1 25 39 1 0
0 1 15 16 1 0
0 1 83 38 0 3
0 1 75 27 0 3
0 1 22 4 0 3
0 1 62 48 1 1
0 1 56 34 0 2
0 1 125 37 1 2
0 1 52 6 0 1
0 1 102 25 0 3
0 1 94 49 1 2
0 1 103 62 1 2
0 1 29 10 1 3
0 1 113 5 0 0
0 1 38 29 1 3
0 1 32 45 1 0
0 1 90 46 0 3
0 1 57 11 0 3
0 1 107 55 1 3
0 1 78 56 1 2
0 1 98 5 1 1
0 1 51 46 1 0
0 1 34 51 1 0
0 1 114 34 0 3
0 1 4 57 0 0
0 1 64 3 0 1
0 1 110 33 1 1
0 1 2 17 1 3
0 1 97 56 1 1
0 1 97 47 0 1
0 1 114 36 1 2
0 1 7 45 0 3
0 1 46 58 0 0
0 1 59 60 1 3
0 1 70 57 0 1
0 1 122 2 1 0
0 1 83 43 1 0
0 1 4 20 1 1
0 1 116 38 0 1
0 1 36 37 1 1
0 1 67 58 1 1
0 1 54 19 0 0
0 1 100 32 0 2
0 1 64 41 1 1
0 1 65 24 0 2
0 1 24 64 1 0
0 1 73 45 0 1
0 1 91 3 0 0
0 1 53 12 1 0
0 1 102 63 1 1
0 1 30 40 0 1
0 1 76 53 0 0
0 1 87 49 1 1
0 1 54 59 1 3
0 1 57 46 1 1
0 1 16 40 0 0
0 1 47 1 0 1
0 1 55 23 0 3
0 1 84 28 0 2
0 1 121 15 0 0
0 1 88 52 0 0
0 1 68 7 1 2
0 1 128 31 0 1
0 1 73 58 1 3
0 1 43 26 0 2
0 1 119 12 0 1
0 1 2 19 0 3
0 1 93 55 1 1
0 1 49 44 0 1
0 1 39 25 1 2
0 1 77 61 0 1
0 1 120 26 0 1
0 1 92 29 0 0
0 1 129 9 0 1
0 1 8 40 0 3
0 1 13 33 0 0
0 1 66 22 0 0
0 1 85 53 1 3
0 1 22 22 1 2
0 1 31 13 1 2
0 1 79 13 1 1
0 1 42 40 1 2
0 1 79 48 0 2
0 1 7 20 1 3
0 1 20 4 0 0
0 1 25 35 0 0
0 1 9 31 1 3
0 1 14 16 0 3
0 1 56 64 1 1
0 1 58 63 0 0
0 1 35 23 0 2
0 1 74 36 0 0
0 1 5 14 0 3
0 1 82 0 1 2
0 1 89 30 1 1
0 1 40 52 0 1
0 1 5 28 1 1
0 1 127 27 1 1
0 1 81 61 1 2
0 1 92 56 1 3
0 1 37 59 0 2
0 1 90 35 1 1
0 1 107 9 0 2
0 1 122 47 0 0
0 1 65 8 1 2
0 1 0 57 1 3
0 1 108 39 0 2
0 1 49 6 1 2
0 1 96 3 0 2
0 1 105 62 1 0
0 1 99 54 0 3
0 1 125 11 0 0
0 1 47 12 1 2
0 1 11 3 0 3
0 1 118 8 1 3
0 1 26 23 1 1
0 1 40 24 1 3
0 1 42 29 0 1
0 1 82 2 0 1
0 1 14 32 1 0
0 1 70 27 1 0
0 1 119 33 1 2
0 1 3 1 1 3
0 1 95 63 1 3
0 1 38 30 0 3
0 1 75 19 1 2
0 1 101 30 0 0
0 1 104 60 1 1
0 1 77 17 1 2
0 1 95 14 0 2
0 1 32 15 0 1
0 1 129 54 1 0
0 1 117 29 0 2
0 1 6 15 0 3
0 1 61 7 1 1
0 1 10 51 0 3
0 1 85 51 0 1
0 1 28 54 0 2
0 1 105 20 0 0
0 1 59 48 0 0
0 1 68 43 0 3
0 1 58 45 1 2
0 1 88 32 1 3
0 1 45 61 0 3
0 1 80 52 0 2
0 1 55 10 1 0
0 1 111 54 0 1
0 1 15 18 0 2
0 1 112 26 0 3
0 1 111 9 1 3
0 1 117 50 1 3
0 1 13 47 1 3
0 1 106 11 1 2
0 1 109 25 0 1
0 1 115 24 1 0
0 1 69 42 0 0
0 1 33 60 1 0
0 1 52 21 1 1
0 1 86 46 1 2
0 1 93 31 0 0
0 1 37 59 1 0
0 1 34 1 0 0
0 1 62 5 0 2
0 1 84 31 1 2
0 1 78 33 0 3
0 1 123 44 1 0
0 1 6 6 1 3
0 1 43 60 1 2
0 1 94 13 0 0
0 1 12 9 1 0
0 1 101 48 1 3
0 1 21 41 0 2
0 1 48 37 0 3
0 1 1 55 0 2
0 1 18 35 0 3
0 1 23 5 0 3
0 1 26 18 0 0
0 1 48 59 1 1
0 1 71 50 0 1
0 1 120 39 1 3
0 1 74 10 1 1
0 1 123 8 0 1
0 1 126 2 0 3
0 1 16 0 1 0
0 1 28 53 1 2
0 1 31 4 0 2
0 1 89 21 0 0
0 1 18 36 1 3
0 1 72 2 1 2
0 1 76 14 1 0
0 1 80 30 1 2
0 1 69 36 1 1
0 1 1 22 1 3
0 1 100 17 1 0
0 1 11 24 1 1
0 1 9 13 0 3
0 1 23 34 1 0
0 1 108 42 1 3
0 1 41 51 0 2
0 1 128 41 1 3
0 1 72 27 0 2
0 1 60 19 0 1
0 1 3 12 0 3
0 1 17 57 1 2
0 1 29 25 0 0
0 1 113 38 1 0
0 1 20 16 1 1
0 1 35 56 1 0
0 1 112 62 1 1
0 1 30 49 1 3
0 1 19 43 0 1
0 1 39 26 0 0
0 1 51 28 0 3
0 1 8 32 1 1
0 1 17 1 0 2
0 1 50 18 0 1
0 1 115 15 0 2
0 1 121 42 1 2
