0 1 79 18 1 1
0 1 43 12 1 3
0 1 36 61 1 3
0 1 20 58 1 0
0 1 126 6 0 1
0 1 90 37 1 2
0 1 38 31 0 3
0 1 73 16 1 2
0 1 35 39 0 3
0 1 77 35 0 1
0 1 79 25 0 1
0 1 48 10 0 0
0 1 73 23 0 0
0 1 83 6 1 0
0 1 66 64 1 2
0 1 62 8 0 1
0 1 106 3 1 2
0 1 40 30 0 3
0 1 23 1 0 3
0 1 82 56 1 0
0 1 117 47 1 2
0 1 63 39 0 2
0 1 69 44 0 0
0 1 86 34 0 0
0 1 110 27 0 1
0 1 111 17 1 1
0 1 104 40 0 0
0 1 13 26 0 1
0 1 7 19 1 3
0 1 107 9 0 0
0 1 31 52 0 0
0 1 93 21 0 0
0 1 70 51 0 1
0 1 21 54 1 2
0 1 64 0 1 0
0 1 124 47 0 3
0 1 118 20 1 2
0 1 44 24 0 0
0 1 86 35 1 2
0 1 115 38 1 0
0 1 2 2 1 3
0 1 37 48 1 2
0 1 60 20 0 0
0 1 64 7 0 1
0 1 117 49 0 1
0 1 46 52 1 2
0 1 122 38 1 3
0 1 98 27 1 0
0 1 10 46 1 2
0 1 99 2 0 1
0 1 84 39 0 1
0 1 109 22 0 0
0 1 51 59 1 2
0 1 114 43 0 1
0 1 16 45 1 0
0 1 102 5 1 2
0 1 59 4 0 2
0 1 75 50 1 0
0 1 30 10 1 2
0 1 105 29 1 0
0 1 1 13 1 2
0 1 68 63 1 3
0 1 129 55 0 2
0 1 89 9 0 3
0 1 39 29 1 2
0 1 12 37 0 3
0 1 28 45 1 2
0 1 61 32 1 1
0 1 104 49 1 0
0 1 88 10 0 1
0 1 35 34 1 2
0 1 41 48 1 3
0 1 78 23 1 1
0 1 33 41 1 1
0 1 69 53 1 0
0 1 124 21 1 1
0 1 9 36 0 2
0 1 44 33 1 2
0 1 23 51 1 0
0 1 28 25 0 3
0 1 72 14 1 2
0 1 114 42 1 0
0 1 70 57 1 2
0 1 94 4 1 1
0 1 6 31 1 2
0 1 25 15 1 2
0 1 17 32 1 3
0 1 66 12 0 2
0 1 74 13 1 3
0 1 51 13 0 0
0 1 74 45 0 1
0 1 45 24 0 1
0 1 4 3 0 0
0 1 38 58 1 3
0 1 29 4 0 3
0 1 68 63 0 1
0 1 11 60 0 1
0 1 39 55 0 3
0 1 101 30 1 0
0 1 128 64 0 1
0 1 29 50 1 2
0 1 18 56 0 3
0 1 95 11 1 0
0 1 24 46 0 3
0 1 71 61 1 0
0 1 85 0 0 2
0 1 22 29 0 1
0 1 49 26 1 3
0 1 116 51 0 3
0 1 62 55 1 0
0 1 1 2 0 0
0 1 14 14 1 0
0 1 56 9 0 2
0 1 80 11 1 3
0 1 129 62 1 2
0 1 24 35 1 3
0 1 34 19 0 1
0 1 11 44 1 3
0 1 41 54 0 1
0 1 103 8 0 2
0 1 55 5 0 3
0 1 21 22 0 2
0 1 17 4 0 0
0 1 5 31 0 1
0 1 127 17 1 2
0 1 85 16 1 0
0 1 127 50 0 1
0 1 97 62 0 1
0 1 52 7 1 0
0 1 53 17 1 3
0 1 103 33 1 1
0 1 12 22 1 3
0 1 3 48 0 0
0 1 30 7 0 3
0 1 87 57 1 3
0 1 115 60 0 3
0 1 82 40 0 1
0 1 2 19 0 2
0 1 113 28 1 0
0 1 32 27 0 2
0 1 36 64 0 3
0 1 19 40 1 2
0 1 97 62 1 3
0 1 109 53 1 2
0 1 106 53 0 1
0 1 48 61 1 1
0 1 15 28 0 1
0 1 27 49 0 2
0 1 92 0 0 1
0 1 83 37 0 1
0 1 123 8 1 0
0 1 98 21 0 2
0 1 118 38 0 2
0 1 91 22 0 1
0 1 49 6 0 3
0 1 78 18 0 3
0 1 119 12 1 0
0 1 91 1 1 1
0 1 61 46 0 1
0 1 123 39 0 0
0 1 43 15 0 1
0 1 37 59 0 1
0 1 121 18 0 0
0 1 31 59 1 3
0 1 46 60 0 2
0 1 10 41 0 3
0 1 101 52 0 3
0 1 94 63 0 0
0 1 67 1 0 2
0 1 102 14 0 3
0 1 14 43 0 2
0 1 13 32 1 0
0 1 8 43 1 0
0 1 110 16 1 3
0 1 40 11 1 1
0 1 59 18 1 2
0 1 60 24 1 3
0 1 125 32 0 2
0 1 57 34 0 1
0 1 89 26 1 2
0 1 120 6 0 2
0 1 90 8 0 3
0 1 96 5 0 1
0 1 112 20 1 1
0 1 107 47 1 0
0 1 47 38 0 1
0 1 77 30 1 2
0 1 7 44 0 1
0 1 45 41 1 2
0 1 80 58 0 1
0 1 27 33 1 3
0 1 119 54 0 0
0 1 34 42 1 2
0 1 54 20 1 3
0 1 26 59 0 0
0 1 58 12 1 1
0 1 33 48 0 1
0 1 16 30 0 1
0 1 3 5 1 0
0 1 54 62 0 0
0 1 105 25 0 0
0 1 128 21 1 3
0 1 121 44 1 2
0 1 65 16 0 1
0 1 113 28 0 2
0 1 6 57 0 1
0 1 20 35 0 0
0 1 26 42 1 3
0 1 81 31 1 0
0 1 99 36 1 3
0 1 120 47 1 1
0 1 63 15 1 0
0 1 87 11 0 2
0 1 100 50 0 3
0 1 0 0 0 3
0 1 88 56 1 1
0 1 25 9 0 1
0 1 32 36 1 1
0 1 65 14 1 1
0 1 100 17 1 0
0 1 8 41 0 0
0 1 126 3 1 3
0 1 84 7 1 2
0 1 53 54 0 3
0 1 108 34 0 3
0 1 57 10 1 3
0 1 92 58 1 2
0 1 95 40 0 3
0 1 96 3 1 1
0 1 9 23 1 3
0 1 22 61 1 2
0 1 4 2 1 2
0 1 72 60 0 0
0 1 50 33 1 0
