0 1 90 42 1 3
0 1 112 60 0 0
0 1 53 12 0 1
0 1 34 24 0 0
0 1 122 21 1 2
0 1 91 61 0 0
0 1 113 19 0 0
0 1 58 20 0 3
0 1 105 53 0 3
0 1 14 28 1 0
0 1 96 22 1 0
0 1 31 55 1 2
0 1 44 7 0 3
0 1 19 43 1 3
0 1 70 62 1 0
0 1 82 25 0 1
0 1 62 48 1 0
0 1 10 49 1 2
0 1 7 56 0 2
0 1 103 8 1 0
0 1 110 18 1 1
0 1 80 40 1 0
0 1 97 0 0 1
0 1 57 17 0 1
0 1 48 44 0 2
0 1 78 4 1 1
0 1 107 37 0 0
0 1 15 59 0 3
0 1 83 1 0 1
0 1 83 63 1 3
0 1 11 54 0 1
0 1 54 0 1 3
0 1 92 27 1 3
0 1 8 11 1 1
0 1 91 38 1 3
0 1 4 57 0 0
0 1 67 30 0 0
0 1 89 10 0 1
0 1 32 16 1 1
0 1 13 51 1 3
0 1 27 64 1 0
0 1 0 32 0 1
0 1 126 5 0 1
0 1 106 22 0 1
0 1 35 26 0 3
0 1 69 64 1 1
0 1 23 52 0 2
0 1 116 10 1 3
0 1 21 48 0 3
0 1 16 35 1 2
0 1 22 50 1 0
0 1 29 23 1 1
0 1 123 6 0 0
0 1 40 13 1 2
0 1 24 44 1 0
0 1 124 58 0 3
0 1 66 20 0 0
0 1 72 36 0 0
0 1 12 15 0 1
0 1 87 39 0 1
0 1 125 33 0 2
0 1 127 52 1 3
0 1 39 53 1 2
0 1 33 34 1 0
0 1 118 40 1 1
0 1 28 5 0 3
0 1 42 49 1 3
0 1 47 53 1 1
0 1 81 36 0 2
0 1 69 55 0 1
0 1 22 55 0 3
0 1 23 3 1 2
0 1 34 18 1 0
0 1 114 16 1 0
0 1 38 50 0 1
0 1 2 4 1 3
0 1 105 3 1 3
0 1 102 13 0 0
0 1 90 49 0 1
0 1 14 47 0 3
0 1 129 59 0 2
0 1 62 9 0 3
0 1 75 8 1 2
0 1 85 26 1 2
0 1 93 29 1 0
0 1 5 17 0 2
0 1 29 28 0 1
0 1 124 57 1 2
0 1 75 58 0 2
0 1 106 8 1 1
0 1 111 45 0 3
0 1 63 9 0 2
0 1 17 48 1 1
0 1 110 5 0 0
0 1 35 51 1 2
0 1 10 14 0 3
0 1 99 1 0 2
0 1 84 60 1 2
0 1 40 63 0 0
0 1 115 41 1 1
0 1 12 41 1 2
0 1 3 21 0 0
0 1 94 40 1 2
0 1 9 23 1 3
0 1 72 32 1 2
0 1 26 34 0 3
0 1 117 31 1 1
0 1 104 35 0 0
0 1 129 31 1 0
0 1 67 56 1 0
0 1 48 11 1 0
0 1 98 28 1 3
0 1 59 49 1 0
0 1 84 61 0 2
0 1 95 64 0 2
0 1 108 45 1 0
0 1 25 38 1 2
0 1 116 7 0 0
0 1 81 39 1 0
0 1 50 13 0 3
0 1 6 22 0 2
0 1 64 18 1 3
0 1 45 41 0 0
0 1 79 42 1 1
0 1 70 27 0 2
0 1 98 15 0 3
0 1 86 39 1 2
0 1 121 45 0 1
0 1 44 52 1 1
0 1 108 22 0 3
0 1 58 40 1 3
0 1 71 25 0 2
0 1 82 4 1 2
0 1 86 15 0 2
0 1 64 3 0 0
0 1 31 11 0 3
0 1 118 46 0 3
0 1 19 6 0 1
0 1 55 60 1 3
0 1 63 24 1 2
0 1 109 9 1 1
0 1 88 59 1 0
0 1 30 37 0 2
0 1 30 2 1 2
0 1 36 51 0 1
0 1 76 19 1 2
0 1 37 31 0 2
0 1 121 20 1 1
0 1 101 42 0 2
0 1 46 14 1 1
0 1 122 55 0 0
0 1 8 14 0 0
0 1 27 12 0 2
0 1 2 34 0 2
0 1 18 29 0 1
0 1 49 16 0 3
0 1 52 9 1 0
0 1 24 58 0 1
0 1 26 21 1 3
0 1 107 2 1 1
0 1 100 33 1 3
0 1 15 63 1 1
0 1 61 8 1 3
0 1 111 62 1 1
0 1 55 46 0 0
0 1 120 10 1 2
0 1 53 47 1 2
0 1 13 46 0 1
0 1 57 39 1 3
0 1 52 57 0 3
0 1 123 15 1 0
0 1 41 7 1 1
0 1 60 54 0 0
0 1 92 43 0 2
0 1 85 35 0 3
0 1 43 62 0 3
0 1 80 47 0 1
0 1 25 6 0 3
0 1 51 50 1 2
0 1 68 29 1 2
0 1 119 37 1 3
0 1 3 24 1 3
0 1 119 48 0 2
0 1 4 38 1 0
0 1 51 23 0 0
0 1 101 6 1 2
0 1 20 46 0 2
0 1 125 26 1 0
0 1 56 27 0 0
0 1 73 17 1 3
0 1 112 54 1 2
0 1 41 25 0 0
0 1 109 13 0 1
0 1 76 33 0 1
0 1 16 32 0 3
0 1 68 16 0 2
0 1 11 59 1 1
0 1 117 25 0 3
0 1 33 1 0 3
0 1 89 52 1 0
0 1 77 47 1 0
0 1 5 10 1 0
0 1 20 33 1 0
0 1 56 61 1 1
0 1 103 44 0 3
0 1 87 3 1 1
0 1 94 20 0 2
0 1 7 17 1 0
0 1 127 0 0 2
0 1 47 36 0 1
0 1 39 43 0 1
0 1 77 56 0 1
0 1 0 64 1 3
0 1 71 2 1 3
0 1 18 26 1 1
0 1 36 30 1 3
0 1 65 34 0 1
0 1 61 51 0 0
0 1 96 58 0 0
0 1 113 11 1 2
0 1 37 56 1 3
0 1 43 60 1 1
0 1 17 54 0 3
0 1 128 12 1 3
0 1 28 57 1 1
0 1 128 62 0 2
0 1 97 50 1 3
0 1 79 24 0 1
0 1 1 36 0 3
0 1 114 43 0 0
0 1 102 23 1 2
0 1 99 28 1 2
0 1 120 42 0 0
0 1 6 18 1 2
