0 1 18 11 0 1
0 1 9 54 0 2
0 1 107 1 1 1
0 1 13 27 0 3
0 1 129 59 1 0
0 1 77 29 0 2
0 1 89 1 0 2
0 1 67 20 1 1
0 1 54 43 1 1
0 1 81 23 1 0
0 1 125 43 1 3
0 1 0 62 1 3
0 1 28 16 0 0
0 1 78 39 0 2
0 1 114 41 0 3
0 1 110 38 1 1
0 1 127 35 0 2
0 1 97 17 1 1
0 1 55 42 1 2
0 1 129 40 0 3
0 1 30 42 0 1
0 1 7 51 0 1
0 1 70 15 1 2
0 1 108 2 1 1
0 1 68 22 1 2
0 1 97 32 0 3
0 1 74 20 0 0
0 1 75 55 0 2
0 1 116 28 0 3
0 1 116 13 1 0
0 1 81 57 0 2
0 1 74 30 1 3
0 1 84 12 1 1
0 1 121 48 0 2
0 1 56 7 1 2
0 1 35 58 1 2
0 1 37 10 0 1
0 1 32 26 0 2
0 1 119 53 0 0
0 1 80 45 0 3
0 1 15 52 0 0
0 1 56 24 0 2
0 1 93 57 0 1
0 1 75 51 1 2
0 1 52 6 1 3
0 1 117 42 1 0
0 1 79 46 1 3
0 1 6 5 1 0
0 1 113 49 0 0
0 1 73 56 0 0
0 1 124 31 0 0
0 1 24 45 1 1
0 1 36 10 0 0
0 1 126 19 1 0
0 1 5 21 0 3
0 1 0 47 0 1
0 1 61 34 0 2
0 1 2 55 0 0
0 1 49 62 1 2
0 1 46 63 0 0
0 1 57 37 0 2
0 1 15 48 1 1
0 1 99 50 0 2
0 1 113 47 1 0
0 1 77 53 1 3
0 1 20 44 0 0
0 1 47 61 1 1
0 1 83 7 1 3
0 1 94 4 0 0
0 1 76 9 0 2
0 1 79 33 0 3
0 1 63 55 1 3
0 1 19 25 1 0
0 1 71 46 1 1
0 1 73 61 1 0
0 1 68 9 0 3
0 1 108 18 0 1
0 1 112 63 0 1
0 1 30 14 1 2
0 1 28 38 1 3
0 1 72 50 0 1
0 1 101 33 0 1
0 1 119 32 1 1
0 1 25 0 0 0
0 1 8 56 1 1
0 1 66 64 1 0
0 1 40 29 0 0
0 1 24 62 0 1
0 1 54 33 0 0
0 1 26 8 1 2
0 1 65 54 1 0
0 1 45 5 1 2
0 1 10 40 1 2
0 1 100 35 1 1
0 1 7 26 1 3
0 1 26 64 0 2
0 1 6 15 0 0
0 1 41 53 0 1
0 1 22 32 0 0
0 1 3 25 0 1
0 1 42 44 0 3
0 1 29 22 0 0
0 1 92 4 1 1
0 1 20 18 1 2
0 1 64 23 0 3
0 1 109 16 1 3
0 1 31 31 1 2
0 1 76 0 1 2
0 1 94 19 1 1
0 1 103 58 1 1
0 1 31 41 0 0
0 1 63 20 0 3
0 1 43 39 0 1
0 1 4 22 0 1
0 1 85 56 1 3
0 1 55 42 0 3
0 1 8 18 0 3
0 1 67 6 0 2
0 1 123 63 0 3
0 1 2 3 1 3
0 1 58 15 1 3
0 1 105 24 1 3
0 1 23 60 1 3
0 1 46 13 1 2
0 1 58 27 0 2
0 1 90 14 1 0
0 1 48 30 0 2
0 1 65 41 0 1
0 1 105 36 0 1
0 1 89 32 1 2
0 1 34 26 1 1
0 1 87 52 0 1
0 1 125 2 0 0
0 1 12 60 1 0
0 1 53 39 1 0
0 1 49 15 0 1
0 1 122 31 1 1
0 1 115 28 0 2
0 1 88 37 0 3
0 1 61 17 1 2
0 1 14 14 0 1
0 1 127 60 1 2
0 1 86 34 1 1
0 1 44 16 1 2
0 1 91 3 0 1
0 1 33 17 0 0
0 1 52 11 0 2
0 1 44 58 0 3
0 1 96 26 0 0
0 1 69 25 0 3
0 1 41 3 1 2
0 1 95 50 1 0
0 1 62 49 0 1
0 1 16 37 1 1
0 1 123 36 1 3
0 1 100 54 0 3
0 1 124 35 1 0
0 1 11 37 0 0
0 1 14 50 1 3
0 1 27 61 1 2
0 1 71 64 0 1
0 1 11 13 1 3
0 1 70 53 0 2
0 1 17 40 1 0
0 1 29 45 1 2
0 1 66 9 0 0
0 1 39 12 0 3
0 1 59 61 0 3
0 1 23 21 0 1
0 1 91 43 1 2
0 1 36 41 1 2
0 1 102 9 0 1
0 1 69 31 1 3
0 1 128 0 0 1
0 1 35 49 0 2
0 1 120 6 0 1
0 1 40 12 1 2
0 1 84 44 0 2
0 1 88 57 1 0
0 1 82 8 1 3
0 1 48 13 1 1
0 1 64 43 1 0
0 1 85 3 0 0
0 1 118 34 0 3
0 1 83 33 0 2
0 1 37 19 1 2
0 1 106 58 1 0
0 1 38 18 1 0
0 1 111 11 0 3
0 1 98 59 1 1
0 1 4 52 1 3
0 1 25 4 1 3
0 1 96 62 1 0
0 1 19 21 0 2
0 1 128 51 1 3
0 1 50 23 1 1
0 1 47 36 0 0
0 1 121 38 1 2
0 1 50 12 0 0
0 1 86 27 0 0
0 1 33 14 1 3
0 1 117 54 0 1
0 1 101 5 1 3
0 1 99 29 1 1
0 1 39 4 1 2
0 1 122 21 0 0
0 1 42 7 1 1
0 1 112 19 1 3
0 1 60 63 0 2
0 1 104 0 1 3
0 1 120 7 1 0
0 1 115 2 1 3
0 1 118 57 1 3
0 1 98 49 0 3
0 1 59 28 1 0
0 1 1 46 0 0
0 1 60 1 1 3
0 1 34 24 0 0
0 1 32 34 1 0
0 1 21 17 1 3
0 1 21 2 0 2
0 1 51 8 1 1
0 1 16 20 0 2
0 1 38 47 0 3
0 1 103 52 0 2
0 1 87 10 1 2
0 1 109 59 0 2
0 1 62 35 1 3
0 1 1 30 1 1
0 1 111 48 1 0
0 1 53 47 0 2
0 1 107 22 0 3
0 1 13 28 1 1
0 1 82 46 0 2
