0 1 22 52 0 3
0 1 10 20 0 0
0 1 31 34 0 0
0 1 74 15 1 0
0 1 49 22 0 0
0 1 105 0 0 0
0 1 28 29 0 1
0 1 11 18 1 2
0 1 67 31 1 1
0 1 97 10 1 1
0 1 76 16 0 1
0 1 71 54 0 1
0 1 48 0 0 3
0 1 114 28 0 2
0 1 57 27 1 1
0 1 21 37 0 2
0 1 109 17 1 3
0 1 52 58 1 2
0 1 58 25 1 2
0 1 91 33 0 2
0 1 97 55 0 2
0 1 68 31 1 2
0 1 59 36 1 2
0 1 1 25 0 3
0 1 86 57 1 3
0 1 34 11 0 2
0 1 18 17 0 2
0 1 100 8 0 3
0 1 24 47 1 1
0 1 94 45 0 0
0 1 128 3 1 3
0 1 90 33 1 1
0 1 80 31 1 3
0 1 55 61 1 3
0 1 29 49 0 0
0 1 80 64 0 2
0 1 105 52 1 1
0 1 68 43 0 0
0 1 95 6 1 2
0 1 115 13 0 2
0 1 87 40 1 2
0 1 107 35 1 2
0 1 38 46 0 2
0 1 35 2 1 0
0 1 64 53 1 0
0 1 125 38 1 0
0 1 113 56 0 2
0 1 2 44 0 3
0 1 1 16 1 3
0 1 46 38 1 3
0 1 118 60 1 0
0 1 22 37 1 1
0 1 117 30 1 2
0 1 107 14 0 0
0 1 69 40 0 3
0 1 23 4 1 3
0 1 19 21 1 1
0 1 8 53 0 3
0 1 63 62 0 0
0 1 34 27 1 0
0 1 66 42 1 2
0 1 75 40 1 0
0 1 42 48 1 2
0 1 43 64 1 0
0 1 104 1 1 3
0 1 122 59 1 0
0 1 121 48 0 0
0 1 14 11 0 1
0 1 57 10 0 2
0 1 62 51 0 0
0 1 115 63 1 2
0 1 12 60 1 2
0 1 17 56 1 0
0 1 51 5 0 3
0 1 123 24 1 3
0 1 32 26 1 2
0 1 65 34 1 1
0 1 38 14 1 3
0 1 69 52 1 2
0 1 21 33 1 0
0 1 20 11 1 0
0 1 127 35 0 3
0 1 93 26 1 1
0 1 50 24 1 0
0 1 47 42 0 3
0 1 58 19 0 3
0 1 72 30 1 1
0 1 13 3 0 1
0 1 119 2 0 1
0 1 77 7 1 3
0 1 116 32 1 0
0 1 112 2 1 3
0 1 122 9 0 3
0 1 60 50 1 3
0 1 117 39 0 1
0 1 111 62 1 2
0 1 26 58 0 1
0 1 96 0 0 2
0 1 83 26 0 3
0 1 114 36 1 0
0 1 63 47 1 2
0 1 26 19 1 2
0 1 37 24 1 1
0 1 48 59 1 3
0 1 83 6 1 3
0 1 79 5 1 2
0 1 124 1 0 0
0 1 108 46 0 0
0 1 109 38 0 2
0 1 110 25 1 0
0 1 59 44 0 1
0 1 101 23 1 1
0 1 94 48 1 1
0 1 39 23 0 2
0 1 12 12 0 3
0 1 96 30 1 0
0 1 70 13 1 0
0 1 61 7 0 1
0 1 36 42 1 0
0 1 81 20 1 1
0 1 103 63 1 0
0 1 65 18 0 1
0 1 86 28 0 1
0 1 62 41 1 0
0 1 55 27 0 2
0 1 81 14 0 1
0 1 110 12 0 2
0 1 54 50 1 1
0 1 4 45 0 2
0 1 27 50 1 0
0 1 18 20 1 2
0 1 92 16 0 2
0 1 126 58 0 0
0 1 90 64 0 1
0 1 30 23 0 3
0 1 23 42 0 1
0 1 66 46 0 1
0 1 56 56 0 1
0 1 24 32 0 3
0 1 61 12 1 0
0 1 73 56 1 3
0 1 112 51 0 3
0 1 36 0 0 1
0 1 47 37 1 0
0 1 32 49 0 2
0 1 100 4 1 1
0 1 103 8 0 1
0 1 102 43 0 2
0 1 9 29 0 2
0 1 102 47 1 3
0 1 52 17 0 1
0 1 6 32 1 1
0 1 88 54 0 3
0 1 8 4 1 0
0 1 91 13 1 1
0 1 73 4 0 2
0 1 40 34 1 3
0 1 37 30 0 3
0 1 17 25 0 1
0 1 108 6 1 1
0 1 19 19 0 1
0 1 124 63 1 1
0 1 11 12 0 1
0 1 16 13 1 3
0 1 119 60 1 3
0 1 127 35 1 1
0 1 78 62 0 3
0 1 43 28 0 0
0 1 42 1 0 1
0 1 129 9 1 0
0 1 98 46 1 3
0 1 101 21 0 2
0 1 88 28 1 3
0 1 70 57 0 1
0 1 60 7 0 0
0 1 25 10 1 0
0 1 106 15 0 2
0 1 40 41 0 1
0 1 31 49 1 1
0 1 85 27 0 3
0 1 51 2 1 2
0 1 39 52 1 0
0 1 82 20 1 3
0 1 16 43 0 3
0 1 7 44 1 0
0 1 15 49 0 3
0 1 64 7 0 2
0 1 25 38 0 1
0 1 84 57 0 2
0 1 72 10 0 3
0 1 104 24 0 2
0 1 74 18 0 3
0 1 67 22 0 2
0 1 75 26 0 0
0 1 128 45 0 3
0 1 99 55 1 0
0 1 126 55 1 3
0 1 6 16 0 0
0 1 44 5 0 1
0 1 2 61 1 2
0 1 45 61 1 0
0 1 3 36 0 3
0 1 93 51 0 2
0 1 92 18 1 0
0 1 29 64 1 3
0 1 33 22 0 3
0 1 120 41 1 2
0 1 77 15 0 1
0 1 41 23 1 0
0 1 28 54 1 2
0 1 30 63 1 3
0 1 0 21 1 3
0 1 56 29 1 3
0 1 121 57 1 0
0 1 98 51 0 1
0 1 35 9 0 1
0 1 9 11 1 3
0 1 27 34 0 2
0 1 71 8 1 2
0 1 50 32 0 2
0 1 116 58 0 3
0 1 125 29 0 0
0 1 85 3 1 2
0 1 0 55 0 1
0 1 44 15 1 3
0 1 129 1 0 2
0 1 4 39 1 2
0 1 14 53 1 2
0 1 123 19 0 0
0 1 113 60 1 1
0 1 78 54 1 0
0 1 89 3 1 0
0 1 99 35 0 0
0 1 15 37 1 3
