0 1 87 16 0 0
0 1 54 62 0 2
0 1 112 0 0 3
0 1 83 48 1 0
0 1 36 12 1 2
0 1 120 35 0 2
0 1 128 18 0 3
0 1 106 34 1 2
0 1 95 9 1 2
0 1 23 23 0 2
0 1 53 19 1 1
0 1 116 19 0 0
0 1 64 28 0 1
0 1 90 31 0 1
0 1 93 49 0 1
0 1 10 46 0 0
0 1 43 30 0 1
0 1 17 23 1 0
0 1 112 11 1 2
0 1 56 61 0 2
0 1 34 1 0 3
0 1 111 26 0 1
0 1 58 60 1 1
0 1 26 55 0 1
0 1 106 33 0 0
0 1 104 29 1 2
0 1 1 50 0 0
0 1 56 16 1 3
0 1 40 13 1 3
0 1 117 41 0 0
0 1 84 21 1 2
0 1 65 36 0 0
0 1 47 44 1 2
0 1 41 2 1 1
0 1 71 15 0 3
0 1 52 60 1 2
0 1 120 27 1 2
0 1 75 41 0 3
0 1 42 37 1 1
0 1 74 26 0 3
0 1 31 43 1 2
0 1 97 54 0 0
0 1 58 57 0 0
0 1 102 6 1 3
0 1 127 63 0 0
0 1 22 62 1 1
0 1 73 61 1 0
0 1 14 57 1 2
0 1 80 28 0 0
0 1 126 18 0 0
0 1 62 39 1 2
0 1 114 47 0 2
0 1 113 14 1 2
0 1 118 3 1 2
0 1 21 26 0 0
0 1 47 51 0 3
0 1 23 64 1 1
0 1 100 4 0 0
0 1 45 32 0 1
0 1 45 20 1 1
0 1 39 9 1 0
0 1 87 53 1 3
0 1 75 61 1 1
0 1 122 46 0 1
0 1 61 30 1 0
0 1 37 58 1 3
0 1 80 8 1 0
0 1 7 53 1 1
0 1 95 45 0 1
0 1 8 54 1 3
0 1 116 51 1 0
0 1 49 12 0 3
0 1 128 59 1 3
0 1 129 44 0 0
0 1 97 36 1 1
0 1 101 10 1 0
0 1 3 27 1 3
0 1 107 64 1 0
0 1 24 17 1 2
0 1 64 50 1 2
0 1 38 48 0 2
0 1 53 11 0 1
0 1 114 7 1 0
0 1 34 22 1 3
0 1 31 62 0 0
0 1 88 6 0 1
0 1 35 38 1 1
0 1 67 52 0 0
0 1 101 60 0 3
0 1 33 59 0 2
0 1 77 34 1 0
0 1 5 23 1 3
0 1 25 42 1 2
0 1 0 46 1 2
0 1 127 13 1 1
0 1 119 48 0 1
0 1 82 63 1 2
0 1 94 58 0 2
0 1 2 59 1 1
0 1 51 5 1 1
0 1 55 14 0 3
0 1 11 24 0 2
0 1 33 39 1 1
0 1 30 6 0 2
0 1 3 47 0 1
0 1 11 38 1 3
0 1 79 47 1 3
0 1 22 50 0 3
0 1 63 12 0 0
0 1 125 29 0 3
0 1 12 17 1 3
0 1 86 37 0 2
0 1 67 25 1 1
0 1 50 45 0 0
0 1 46 55 0 2
0 1 70 19 0 2
0 1 105 34 1 3
0 1 103 45 0 3
0 1 85 4 0 3
0 1 68 2 0 0
0 1 21 44 1 3
0 1 125 22 1 1
0 1 19 21 1 3
0 1 20 1 1 0
0 1 77 2 0 2
0 1 44 57 1 3
0 1 24 64 0 2
0 1 12 0 0 1
0 1 109 6 1 0
0 1 65 9 1 1
0 1 1 36 1 2
0 1 117 40 1 3
0 1 86 51 1 2
0 1 37 30 0 2
0 1 51 56 0 3
0 1 48 52 1 2
0 1 28 21 1 0
0 1 9 38 1 2
0 1 7 4 0 2
0 1 83 25 0 3
0 1 61 50 0 1
0 1 54 39 1 0
0 1 78 37 1 3
0 1 123 58 1 1
0 1 92 45 1 2
0 1 18 5 0 3
0 1 29 33 1 3
0 1 4 60 0 0
0 1 99 63 1 3
0 1 0 32 0 0
0 1 82 2 0 3
0 1 121 8 0 2
0 1 108 35 0 1
0 1 92 10 0 2
0 1 63 49 1 2
0 1 111 44 1 1
0 1 118 9 0 3
0 1 71 56 1 0
0 1 69 43 0 0
0 1 113 49 0 3
0 1 100 33 1 2
0 1 68 28 1 2
0 1 98 51 1 1
0 1 72 40 1 1
0 1 62 10 0 3
0 1 29 35 0 0
0 1 9 18 0 2
0 1 123 42 0 0
0 1 81 26 1 2
0 1 41 41 0 2
0 1 96 15 0 0
0 1 18 37 1 0
0 1 96 13 1 2
0 1 10 42 1 1
0 1 27 56 1 1
0 1 124 22 0 0
0 1 13 13 0 0
0 1 39 49 0 0
0 1 129 38 1 0
0 1 55 55 1 0
0 1 88 31 1 0
0 1 8 59 0 0
0 1 60 48 1 3
0 1 104 17 0 0
0 1 98 3 0 3
0 1 15 62 0 3
0 1 26 7 1 1
0 1 110 47 0 0
0 1 70 24 1 0
0 1 14 7 0 3
0 1 89 29 1 0
0 1 5 43 0 3
0 1 124 22 1 2
0 1 60 39 0 3
0 1 52 54 0 2
0 1 49 20 1 0
0 1 42 0 0 2
0 1 17 46 0 3
0 1 57 27 1 0
0 1 57 0 0 0
0 1 50 53 1 2
0 1 32 14 1 1
0 1 16 32 0 3
0 1 6 25 1 2
0 1 115 8 1 3
0 1 32 18 0 1
0 1 76 20 0 3
0 1 40 16 0 2
0 1 46 63 1 1
0 1 90 64 1 3
0 1 89 3 0 0
0 1 2 31 0 3
0 1 79 56 0 2
0 1 4 61 1 3
0 1 66 17 1 1
0 1 44 36 0 3
0 1 91 10 1 1
0 1 27 40 0 0
0 1 102 11 0 0
0 1 93 28 1 3
0 1 35 3 0 1
0 1 30 33 1 1
0 1 16 19 1 3
0 1 108 4 1 1
0 1 122 29 1 1
0 1 25 15 0 2
0 1 94 24 1 3
0 1 38 54 1 1
0 1 36 31 0 2
0 1 119 32 1 2
0 1 73 23 0 1
0 1 91 52 0 1
0 1 74 34 1 1
0 1 48 42 0 3
