0 1 47 34 1 3
0 1 8 37 1 1
0 1 57 13 0 1
0 1 31 51 0 3
0 1 72 32 1 3
0 1 78 20 1 3
0 1 111 7 0 2
0 1 65 50 0 3
0 1 101 52 1 3
0 1 103 42 0 2
0 1 56 14 1 0
0 1 75 54 0 2
0 1 70 30 1 3
0 1 64 60 1 0
0 1 84 22 0 3
0 1 66 16 1 2
0 1 102 22 1 0
0 1 83 48 1 0
0 1 76 18 1 3
0 1 1 28 0 0
0 1 111 55 1 1
0 1 17 25 1 3
0 1 105 62 1 1
0 1 98 41 1 1
0 1 56 8 0 3
0 1 94 45 0 1
0 1 99 46 1 0
0 1 41 15 0 1
0 1 23 25 0 1
0 1 64 49 0 3
0 1 8 20 0 2
0 1 83 33 0 2
0 1 20 59 1 2
0 1 113 50 1 0
0 1 57 54 1 1
0 1 15 64 0 0
0 1 33 9 0 2
0 1 117 38 0 1
0 1 121 6 1 3
0 1 91 26 0 1
0 1 86 17 1 3
0 1 86 40 0 2
0 1 58 43 0 2
0 1 21 11 1 1
0 1 66 63 0 3
0 1 6 3 1 1
0 1 121 9 0 1
0 1 68 43 1 0
0 1 1 44 1 1
0 1 125 49 1 1
0 1 61 56 0 2
0 1 38 45 0 0
0 1 35 42 0 0
0 1 54 19 1 0
0 1 36 24 1 3
0 1 45 61 1 1
0 1 21 23 0 3
0 1 31 43 1 3
0 1 6 44 0 3
0 1 12 5 1 1
0 1 93 6 0 2
0 1 109 64 1 1
0 1 44 56 1 0
0 1 53 4 1 3
0 1 18 58 0 2
0 1 46 9 0 0
0 1 63 41 0 0
0 1 89 53 0 3
0 1 59 21 0 2
0 1 114 50 1 2
0 1 16 1 0 2
0 1 71 21 0 0
0 1 100 3 0 2
0 1 92 56 1 1
0 1 124 7 0 3
0 1 112 16 0 0
0 1 120 52 1 1
0 1 7 26 0 3
0 1 45 6 0 1
0 1 41 0 1 1
0 1 60 32 0 1
0 1 79 33 0 3
0 1 40 12 0 1
0 1 93 2 1 3
0 1 52 4 1 1
0 1 63 47 1 0
0 1 122 24 1 1
0 1 51 58 0 3
0 1 97 40 1 0
0 1 14 0 0 0
0 1 3 27 1 1
0 1 24 62 1 3
0 1 20 63 0 2
0 1 51 5 1 0
0 1 87 27 0 3
0 1 39 13 1 0
0 1 73 33 0 1
0 1 118 45 0 3
0 1 26 31 1 3
0 1 103 57 1 0
0 1 106 44 0 2
0 1 27 57 1 3
0 1 5 12 1 0
0 1 37 45 0 2
0 1 127 0 1 3
0 1 49 10 1 0
0 1 42 33 0 0
0 1 27 34 0 2
0 1 25 26 1 2
0 1 9 17 1 1
0 1 115 39 0 2
0 1 119 26 1 0
0 1 40 27 1 0
0 1 55 36 0 3
0 1 23 55 1 2
0 1 10 39 0 3
0 1 80 2 0 0
0 1 96 52 0 0
0 1 110 19 1 2
0 1 39 18 0 1
0 1 43 24 0 2
0 1 114 8 0 1
0 1 36 35 0 0
0 1 70 38 0 0
0 1 85 60 0 1
0 1 78 11 0 2
0 1 43 15 1 3
0 1 126 47 0 3
0 1 29 53 1 1
0 1 13 63 0 1
0 1 106 60 1 3
0 1 82 5 1 2
0 1 3 48 0 3
0 1 62 52 1 2
0 1 35 14 1 3
0 1 13 28 1 1
0 1 116 49 0 0
0 1 30 17 1 2
0 1 88 62 1 2
0 1 95 15 1 0
0 1 59 31 1 0
0 1 67 23 0 0
0 1 4 16 0 3
0 1 34 57 0 1
0 1 126 10 1 3
0 1 10 61 1 0
0 1 15 11 1 0
0 1 108 3 1 3
0 1 113 13 0 3
0 1 47 61 0 3
0 1 48 37 0 3
0 1 73 37 1 2
0 1 120 20 0 0
0 1 85 36 1 2
0 1 0 55 1 0
0 1 62 59 0 3
0 1 22 35 0 1
0 1 14 22 1 1
0 1 50 7 1 1
0 1 100 31 1 2
0 1 74 23 1 1
0 1 129 35 0 2
0 1 97 51 0 1
0 1 34 51 1 2
0 1 46 48 1 2
0 1 68 46 0 1
0 1 79 10 1 1
0 1 77 53 1 0
0 1 26 35 0 3
0 1 4 18 1 0
0 1 95 21 0 3
0 1 105 54 0 3
0 1 74 47 0 1
0 1 28 59 0 1
0 1 69 9 0 3
0 1 58 19 1 1
0 1 112 8 1 0
0 1 32 29 0 2
0 1 123 30 0 0
0 1 118 12 1 3
0 1 99 38 0 3
0 1 88 63 0 0
0 1 71 14 1 1
0 1 116 6 1 0
0 1 90 4 1 2
0 1 11 30 1 2
0 1 61 46 1 3
0 1 107 2 0 2
0 1 49 31 0 1
0 1 69 1 1 0
0 1 9 28 0 2
0 1 115 64 1 3
0 1 128 25 0 2
0 1 84 29 1 0
0 1 123 13 1 2
0 1 28 42 1 1
0 1 44 34 0 0
0 1 42 3 1 0
0 1 96 0 1 2
0 1 124 32 1 2
0 1 90 55 0 3
0 1 25 41 0 2
0 1 33 21 1 1
0 1 12 60 0 2
0 1 108 30 0 1
0 1 104 57 0 2
0 1 55 29 1 3
0 1 102 1 0 3
0 1 2 24 1 0
0 1 129 64 1 2
0 1 128 62 1 0
0 1 125 29 0 1
0 1 17 43 0 1
0 1 32 25 1 0
0 1 54 20 0 1
0 1 80 19 1 3
0 1 98 4 0 0
0 1 30 41 0 3
0 1 16 27 1 2
0 1 81 2 0 1
0 1 77 1 0 1
0 1 89 58 1 0
0 1 107 51 1 0
0 1 22 58 1 1
0 1 110 18 0 2
0 1 19 48 1 1
0 1 7 5 1 3
0 1 65 38 1 2
0 1 2 17 0 0
0 1 81 36 1 1
0 1 119 34 0 1
0 1 92 44 0 0
0 1 87 12 1 2
0 1 72 49 0 2
