0 1 57 39 0 3
0 1 2 36 0 0
0 1 29 4 0 1
0 1 96 41 1 3
0 1 64 24 1 2
0 1 74 30 0 2
0 1 7 16 1 0
0 1 125 22 1 2
0 1 116 38 1 3
0 1 40 14 0 1
0 1 35 19 0 2
0 1 28 3 1 1
0 1 26 57 1 2
0 1 17 40 1 0
0 1 59 21 1 3
0 1 10 13 0 1
0 1 101 37 0 1
0 1 118 43 0 3
0 1 60 48 0 3
0 1 19 29 1 2
0 1 16 36 1 1
0 1 113 15 1 0
0 1 112 43 1 1
0 1 109 14 0 3
0 1 95 42 0 2
0 1 76 29 0 3
0 1 26 18 0 1
0 1 14 49 1 3
0 1 110 60 0 0
0 1 32 34 0 1
0 1 75 5 1 2
0 1 81 62 0 2
0 1 63 56 1 2
0 1 120 53 1 3
0 1 71 27 0 2
0 1 8 6 1 0
0 1 0 46 1 2
0 1 112 2 0 3
0 1 39 57 0 1
0 1 105 61 0 0
0 1 93 50 0 3
0 1 41 34 0 0
0 1 2 61 1 3
0 1 12 38 0 2
0 1 70 9 1 0
0 1 18 35 1 2
0 1 11 7 0 0
0 1 82 20 1 3
0 1 18 55 0 0
0 1 55 39 0 1
0 1 114 54 1 3
0 1 24 19 1 0
0 1 104 11 1 1
0 1 28 26 0 2
0 1 126 6 0 2
0 1 117 58 0 3
0 1 62 40 0 1
0 1 35 58 1 1
0 1 6 50 0 0
0 1 19 37 0 0
0 1 44 18 0 0
0 1 65 27 0 0
0 1 128 45 1 2
0 1 77 2 0 1
0 1 0 21 0 0
0 1 36 31 0 0
0 1 16 35 0 0
0 1 84 52 1 3
0 1 43 17 0 1
0 1 102 32 1 1
0 1 126 24 1 1
0 1 52 20 0 0
0 1 57 44 1 0
0 1 106 32 1 3
0 1 3 25 0 3
0 1 63 53 0 0
0 1 108 59 0 3
0 1 79 25 0 0
0 1 66 8 1 0
0 1 38 54 0 2
0 1 32 60 1 2
0 1 65 0 1 0
0 1 39 3 1 3
0 1 44 31 1 1
0 1 100 59 0 2
0 1 99 47 1 1
0 1 33 8 0 3
0 1 8 23 0 1
0 1 127 5 0 0
0 1 31 7 1 2
0 1 68 51 0 3
0 1 1 46 0 3
0 1 117 16 1 1
0 1 20 8 0 1
0 1 3 22 1 1
0 1 47 37 0 2
0 1 33 28 1 2
0 1 77 15 1 3
0 1 4 51 1 2
0 1 56 64 0 2
0 1 29 23 1 0
0 1 81 37 1 3
0 1 34 28 0 3
0 1 111 8 1 2
0 1 87 0 1 1
0 1 123 10 0 0
0 1 67 62 0 0
0 1 41 39 1 0
0 1 37 17 0 2
0 1 88 60 0 1
0 1 128 4 0 2
0 1 64 26 0 0
0 1 119 55 0 3
0 1 62 64 1 0
0 1 30 33 1 0
0 1 12 16 1 3
0 1 83 9 0 3
0 1 53 33 1 2
0 1 56 62 1 1
0 1 4 10 0 1
0 1 50 12 0 1
0 1 47 44 1 1
0 1 104 42 0 0
0 1 93 14 1 2
0 1 36 38 1 0
0 1 110 30 1 3
0 1 85 31 1 2
0 1 15 63 1 1
0 1 120 47 0 2
0 1 89 1 1 1
0 1 114 30 0 1
0 1 46 41 1 2
0 1 105 21 1 1
0 1 74 44 1 2
0 1 49 1 1 3
0 1 107 45 0 3
0 1 22 35 0 1
0 1 99 12 0 3
0 1 109 11 1 2
0 1 75 15 0 1
0 1 122 59 1 0
0 1 14 47 0 3
0 1 129 50 1 2
0 1 51 23 0 3
0 1 78 7 0 3
0 1 53 42 0 1
0 1 54 18 0 3
0 1 67 33 1 1
0 1 70 61 0 2
0 1 5 34 1 2
0 1 6 43 1 2
0 1 72 58 1 2
0 1 66 24 0 0
0 1 73 29 0 0
0 1 86 40 0 3
0 1 101 28 1 0
0 1 24 36 0 3
0 1 122 3 0 2
0 1 31 46 0 0
0 1 25 20 0 1
0 1 5 50 0 1
0 1 95 46 1 1
0 1 58 4 1 3
0 1 61 49 1 2
0 1 11 52 1 1
0 1 124 13 1 3
0 1 76 64 1 1
0 1 103 2 1 2
0 1 119 26 1 1
0 1 58 48 0 0
0 1 30 19 0 3
0 1 20 27 1 1
0 1 49 53 0 1
0 1 97 32 1 0
0 1 125 52 0 0
0 1 113 7 0 1
0 1 90 24 0 3
0 1 10 53 1 2
0 1 23 56 1 1
0 1 7 41 0 0
0 1 52 60 1 3
0 1 85 35 0 3
0 1 115 54 0 0
0 1 21 49 0 1
0 1 88 2 1 0
0 1 1 0 1 3
0 1 46 9 0 1
0 1 118 64 1 3
0 1 111 18 0 2
0 1 48 63 0 2
0 1 27 44 1 3
0 1 98 57 0 3
0 1 123 11 1 3
0 1 129 13 0 0
0 1 86 29 1 1
0 1 40 39 1 2
0 1 124 51 0 1
0 1 98 3 1 0
0 1 55 43 1 0
0 1 100 22 1 0
0 1 115 36 1 2
0 1 69 61 1 1
0 1 82 15 0 2
0 1 42 0 1 2
0 1 13 12 0 2
0 1 83 33 1 3
0 1 84 21 0 2
0 1 72 5 0 3
0 1 89 5 0 1
0 1 80 12 0 0
0 1 23 25 0 2
0 1 94 38 0 1
0 1 48 48 1 2
0 1 107 10 1 3
0 1 106 32 0 2
0 1 59 48 0 1
0 1 97 55 0 2
0 1 9 14 0 0
0 1 127 45 1 1
0 1 94 30 1 0
0 1 25 42 1 3
0 1 68 9 1 2
0 1 108 41 1 1
0 1 92 34 0 3
0 1 54 17 1 3
0 1 96 1 0 2
0 1 27 20 0 2
0 1 121 45 0 0
0 1 45 58 1 0
0 1 38 40 1 2
0 1 9 28 1 1
0 1 50 19 1 1
0 1 121 16 1 2
0 1 69 17 0 0
