0 1 49 51 1 2
0 1 71 48 1 3
0 1 125 39 0 2
0 1 87 29 1 3
0 1 7 20 1 0
0 1 70 17 1 2
0 1 31 7 0 1
0 1 4 0 0 3
0 1 45 5 0 3
0 1 1 52 1 1
0 1 64 52 0 2
0 1 81 18 0 3
0 1 62 38 1 2
0 1 107 0 0 2
0 1 13 14 1 0
0 1 8 45 1 1
0 1 105 44 0 1
0 1 77 24 0 2
0 1 23 31 0 2
0 1 85 24 1 3
0 1 116 3 0 2
0 1 21 27 0 2
0 1 120 59 0 2
0 1 20 56 0 3
0 1 50 56 0 1
0 1 50 58 1 1
0 1 114 62 1 1
0 1 124 6 0 0
0 1 61 10 1 3
0 1 27 25 0 1
0 1 101 34 0 2
0 1 76 11 0 3
0 1 14 54 1 2
0 1 46 34 0 1
0 1 100 12 0 2
0 1 77 61 1 3
0 1 35 47 1 1
0 1 112 19 0 3
0 1 119 57 1 0
0 1 127 50 0 3
0 1 66 5 1 0
0 1 100 37 1 3
0 1 72 32 1 3
0 1 121 30 0 1
0 1 119 34 0 3
0 1 89 22 0 3
0 1 7 41 0 0
0 1 110 60 1 3
0 1 40 9 1 3
0 1 80 37 1 2
0 1 51 55 0 0
0 1 57 22 1 1
0 1 88 64 1 3
0 1 115 40 1 1
0 1 123 1 1 2
0 1 79 46 1 1
0 1 87 29 0 2
0 1 22 35 0 3
0 1 33 63 0 1
0 1 45 33 1 0
0 1 92 23 0 3
0 1 52 27 0 1
0 1 94 39 0 3
0 1 97 53 1 2
0 1 11 14 1 1
0 1 58 35 1 2
0 1 59 15 0 3
0 1 110 50 0 1
0 1 73 64 0 0
0 1 67 42 0 2
0 1 37 42 0 0
0 1 53 17 0 0
0 1 101 30 1 2
0 1 118 49 0 1
0 1 106 12 0 1
0 1 102 57 0 1
0 1 117 37 0 0
0 1 65 23 1 0
0 1 11 35 0 0
0 1 4 1 1 1
0 1 47 44 0 0
0 1 37 55 1 1
0 1 123 38 0 0
0 1 98 10 1 2
0 1 70 56 0 2
0 1 124 4 1 1
0 1 26 63 0 0
0 1 75 33 0 2
0 1 39 60 1 0
0 1 71 26 0 1
0 1 1 49 0 2
0 1 69 55 1 2
0 1 86 41 1 3
0 1 93 26 0 2
0 1 90 16 0 2
0 1 82 11 0 1
0 1 91 58 0 3
0 1 68 28 1 0
0 1 93 5 1 1
0 1 48 61 0 1
0 1 14 44 0 2
0 1 80 19 0 2
0 1 25 40 1 3
0 1 83 17 0 3
0 1 13 20 0 1
0 1 65 62 0 2
0 1 58 8 0 0
0 1 22 18 1 1
0 1 114 2 0 1
0 1 35 53 0 1
0 1 106 32 1 2
0 1 52 48 1 2
0 1 113 36 1 1
0 1 9 2 1 0
0 1 2 25 1 3
0 1 30 54 1 0
0 1 60 63 1 2
0 1 10 46 1 2
0 1 63 27 1 0
0 1 25 48 0 0
0 1 82 61 1 2
0 1 104 47 1 3
0 1 98 56 0 0
0 1 126 1 1 3
0 1 115 19 0 0
0 1 66 13 0 2
0 1 9 57 0 3
0 1 28 31 0 1
0 1 31 9 1 0
0 1 113 20 0 2
0 1 56 43 0 2
0 1 15 63 0 3
0 1 122 7 0 0
0 1 36 47 0 0
0 1 32 36 0 3
0 1 69 45 0 2
0 1 112 28 1 3
0 1 60 10 0 1
0 1 86 54 0 3
0 1 88 24 0 0
0 1 102 21 1 1
0 1 104 39 0 1
0 1 18 51 0 3
0 1 17 57 0 2
0 1 8 8 0 3
0 1 38 8 1 1
0 1 23 51 1 0
0 1 121 24 1 1
0 1 57 61 0 0
0 1 72 40 0 2
0 1 33 38 1 3
0 1 97 4 0 3
0 1 81 1 1 0
0 1 94 32 1 0
0 1 62 59 0 0
0 1 20 9 1 1
0 1 12 11 1 0
0 1 56 12 1 3
0 1 34 49 1 0
0 1 105 16 1 3
0 1 117 13 1 3
0 1 19 11 0 2
0 1 84 30 0 3
0 1 54 54 0 1
0 1 83 26 1 3
0 1 16 6 1 2
0 1 99 62 0 0
0 1 128 4 1 2
0 1 41 60 0 2
0 1 64 22 1 2
0 1 116 53 1 0
0 1 42 25 1 2
0 1 74 28 1 2
0 1 120 31 1 0
0 1 84 46 1 3
0 1 32 22 1 0
0 1 122 50 1 2
0 1 126 17 0 1
0 1 111 52 1 3
0 1 17 13 1 0
0 1 6 43 1 1
0 1 55 42 1 3
0 1 68 15 0 1
0 1 29 3 1 0
0 1 10 37 0 1
0 1 92 58 1 2
0 1 118 45 1 3
0 1 28 49 1 3
0 1 99 55 1 3
0 1 16 41 0 2
0 1 24 29 0 1
0 1 127 3 1 3
0 1 111 2 0 2
0 1 129 43 1 0
0 1 40 16 0 0
0 1 48 20 1 3
0 1 0 59 0 3
0 1 96 53 0 3
0 1 15 44 1 3
0 1 61 13 0 1
0 1 95 33 0 3
0 1 27 64 1 2
0 1 54 21 1 0
0 1 34 15 0 2
0 1 129 36 0 0
0 1 89 9 1 2
0 1 125 52 1 0
0 1 43 7 0 3
0 1 42 48 0 1
0 1 91 23 1 1
0 1 47 26 1 0
0 1 78 0 0 1
0 1 55 40 0 0
0 1 12 18 0 0
0 1 108 6 1 3
0 1 74 39 0 0
0 1 85 27 0 3
0 1 5 10 0 0
0 1 96 4 1 0
0 1 51 32 1 1
0 1 24 50 1 0
0 1 78 14 1 3
0 1 59 28 1 1
0 1 107 64 1 1
0 1 79 2 0 3
0 1 109 23 0 2
0 1 38 12 0 0
0 1 44 35 1 1
0 1 103 45 1 0
0 1 3 31 0 3
0 1 43 18 1 2
0 1 29 58 0 0
0 1 67 5 1 2
0 1 49 42 0 1
