0 1 59 5 0 3
0 1 50 63 1 0
0 1 9 11 1 3
0 1 30 45 1 3
0 1 109 40 1 2
0 1 2 54 1 2
0 1 32 34 0 3
0 1 109 48 0 2
0 1 68 26 0 3
0 1 17 60 1 3
0 1 120 57 0 1
0 1 16 56 1 2
0 1 88 5 1 1
0 1 87 52 1 1
0 1 103 35 1 2
0 1 42 19 1 2
0 1 112 39 0 2
0 1 83 54 1 0
0 1 23 41 1 1
0 1 65 30 1 3
0 1 45 52 1 0
0 1 78 36 1 2
0 1 125 4 1 1
0 1 71 42 1 2
0 1 104 30 0 2
0 1 21 0 1 1
0 1 45 15 0 2
0 1 64 14 1 1
0 1 95 29 0 1
0 1 83 20 0 2
0 1 0 44 0 3
0 1 64 30 0 1
0 1 27 28 1 1
0 1 122 61 1 0
0 1 119 46 1 2
0 1 71 55 0 1
0 1 60 43 0 2
0 1 85 40 1 1
0 1 59 14 1 2
0 1 13 8 0 1
0 1 117 58 0 2
0 1 50 18 0 3
0 1 39 3 0 3
0 1 128 1 0 1
0 1 72 53 1 1
0 1 5 1 1 0
0 1 53 7 0 2
0 1 69 50 1 1
0 1 18 35 1 3
0 1 106 24 1 3
0 1 2 57 0 2
0 1 113 33 0 3
0 1 77 47 1 2
0 1 103 3 0 1
0 1 86 12 0 1
0 1 41 12 0 3
0 1 37 9 1 1
0 1 113 13 1 2
0 1 80 43 0 3
0 1 122 7 0 0
0 1 82 55 0 0
0 1 11 39 1 1
0 1 94 17 1 0
0 1 22 50 0 3
0 1 87 64 0 0
0 1 48 45 1 1
0 1 18 29 0 0
0 1 129 31 1 1
0 1 26 21 1 3
0 1 82 21 1 0
0 1 73 50 0 2
0 1 3 16 1 2
0 1 35 13 0 3
0 1 107 62 0 0
0 1 1 11 0 1
0 1 47 2 0 0
0 1 44 19 1 1
0 1 56 17 1 3
0 1 19 53 0 2
0 1 6 38 1 2
0 1 14 2 1 3
0 1 28 47 1 0
0 1 101 49 1 0
0 1 55 36 1 3
0 1 32 22 1 0
0 1 117 39 1 0
0 1 11 59 0 0
0 1 101 32 0 2
0 1 120 27 1 0
0 1 15 23 1 1
0 1 9 20 0 1
0 1 70 0 0 2
0 1 79 61 0 2
0 1 95 23 1 3
0 1 66 41 0 3
0 1 108 27 1 3
0 1 89 44 0 2
0 1 30 62 0 2
0 1 54 27 1 1
0 1 68 47 1 3
0 1 3 9 0 2
0 1 41 31 1 3
0 1 81 62 0 1
0 1 111 6 0 3
0 1 25 24 0 1
0 1 63 18 1 2
0 1 100 25 1 3
0 1 5 60 0 1
0 1 51 5 0 2
0 1 58 37 1 0
0 1 123 22 0 1
0 1 23 6 0 2
0 1 26 38 0 1
0 1 7 14 1 0
0 1 43 32 0 3
0 1 12 10 0 1
0 1 97 51 0 3
0 1 74 32 1 1
0 1 99 56 0 3
0 1 65 49 0 3
0 1 38 37 1 1
0 1 21 60 0 2
0 1 60 3 1 0
0 1 100 64 0 2
0 1 92 38 0 0
0 1 108 48 0 3
0 1 44 46 0 3
0 1 54 28 0 3
0 1 58 15 0 0
0 1 28 44 0 0
0 1 29 63 1 2
0 1 7 45 0 0
0 1 36 13 1 1
0 1 37 51 0 1
0 1 57 4 1 3
0 1 67 22 0 2
0 1 76 7 0 3
0 1 124 31 1 2
0 1 63 6 0 1
0 1 90 42 0 1
0 1 107 14 1 3
0 1 10 12 1 0
0 1 77 23 0 0
0 1 35 25 1 2
0 1 119 20 0 0
0 1 27 4 0 2
0 1 85 64 0 1
0 1 96 7 1 1
0 1 12 53 1 3
0 1 72 36 0 1
0 1 126 33 1 2
0 1 8 52 1 3
0 1 104 54 1 1
0 1 34 41 0 2
0 1 106 0 0 3
0 1 110 57 0 0
0 1 4 55 0 3
0 1 86 28 1 2
0 1 75 34 0 1
0 1 92 33 1 1
0 1 125 63 0 3
0 1 105 32 0 0
0 1 46 49 0 1
0 1 16 61 0 3
0 1 38 50 0 0
0 1 33 16 1 1
0 1 48 56 0 1
0 1 40 37 1 2
0 1 114 57 0 3
0 1 94 46 0 1
0 1 56 10 0 3
0 1 31 18 0 1
0 1 24 42 0 0
0 1 116 35 0 1
0 1 79 60 1 0
0 1 22 41 1 0
0 1 39 15 1 3
0 1 129 56 0 0
0 1 90 8 1 2
0 1 80 11 1 0
0 1 4 9 1 3
0 1 14 34 0 0
0 1 102 51 1 2
0 1 102 23 0 2
0 1 62 10 0 2
0 1 61 4 1 0
0 1 78 46 0 0
0 1 93 3 0 2
0 1 75 38 1 3
0 1 126 42 0 3
0 1 66 0 1 0
0 1 6 58 0 3
0 1 114 25 1 0
0 1 17 16 0 3
0 1 88 12 0 2
0 1 47 24 1 2
0 1 31 8 1 3
0 1 121 43 0 1
0 1 99 19 1 3
0 1 116 31 1 0
0 1 115 17 1 1
0 1 91 25 0 1
0 1 93 21 1 1
0 1 1 40 1 0
0 1 42 28 0 0
0 1 36 9 0 0
0 1 91 58 1 0
0 1 57 39 0 3
0 1 118 24 1 0
0 1 19 1 1 2
0 1 84 61 0 1
0 1 111 16 1 0
0 1 8 30 0 0
0 1 127 59 0 1
0 1 112 21 1 2
0 1 33 45 0 2
0 1 76 1 1 3
0 1 29 63 0 1
0 1 49 2 1 2
0 1 52 2 0 1
0 1 105 49 1 2
0 1 115 10 0 0
0 1 69 26 0 1
0 1 55 40 0 3
0 1 13 29 1 2
0 1 53 59 1 2
0 1 40 59 0 3
0 1 74 33 0 0
0 1 96 17 0 2
0 1 49 6 0 0
0 1 123 18 1 0
0 1 124 29 0 3
0 1 70 19 1 0
0 1 10 47 0 1
