0 1 129 46 1 1
0 1 98 60 0 0
0 1 70 27 0 1
0 1 31 17 0 0
0 1 107 6 0 1
0 1 14 28 0 3
0 1 111 25 1 0
0 1 44 33 0 0
0 1 37 36 1 2
0 1 27 2 1 2
0 1 59 5 1 1
0 1 71 40 1 1
0 1 0 53 0 3
0 1 49 32 1 2
0 1 57 2 1 1
0 1 56 18 0 1
0 1 102 21 1 2
0 1 62 39 0 2
0 1 55 8 0 3
0 1 105 22 0 1
0 1 120 13 0 3
0 1 41 55 0 1
0 1 26 64 1 1
0 1 19 63 1 2
0 1 5 48 0 3
0 1 81 2 0 3
0 1 15 57 1 0
0 1 7 3 0 0
0 1 32 54 0 0
0 1 0 29 1 1
0 1 121 12 1 2
0 1 6 52 0 1
0 1 64 23 1 3
0 1 79 62 1 3
0 1 48 59 1 0
0 1 99 24 1 2
0 1 112 14 0 2
0 1 63 4 1 2
0 1 89 15 1 1
0 1 25 16 0 1
0 1 114 34 0 2
0 1 97 9 1 2
0 1 18 16 1 3
0 1 66 35 1 3
0 1 113 47 1 2
0 1 52 29 1 3
0 1 1 42 0 2
0 1 86 51 1 3
0 1 54 53 0 2
0 1 1 3 1 2
0 1 87 37 1 3
0 1 50 26 0 0
0 1 11 7 0 1
0 1 16 42 0 0
0 1 103 36 0 1
0 1 10 28 1 1
0 1 112 47 1 1
0 1 95 11 1 1
0 1 46 5 0 3
0 1 96 1 0 0
0 1 4 5 0 2
0 1 12 30 1 3
0 1 100 55 1 2
0 1 104 50 1 3
0 1 92 13 0 1
0 1 115 53 0 1
0 1 88 60 0 2
0 1 76 50 1 0
0 1 60 16 1 2
0 1 129 54 0 1
0 1 105 10 1 1
0 1 26 52 0 3
0 1 13 11 0 0
0 1 88 22 1 0
0 1 93 9 0 1
0 1 39 49 0 1
0 1 8 40 1 3
0 1 116 19 1 3
0 1 83 43 0 0
0 1 23 64 1 3
0 1 117 25 1 1
0 1 107 32 1 1
0 1 15 33 0 1
0 1 38 0 0 0
0 1 53 18 1 0
0 1 35 15 1 0
0 1 115 31 1 0
0 1 124 38 1 1
0 1 21 25 0 2
0 1 76 27 0 2
0 1 47 4 1 3
0 1 75 12 0 1
0 1 69 27 1 0
0 1 85 62 0 1
0 1 38 30 1 1
0 1 68 6 1 2
0 1 66 38 0 0
0 1 16 37 1 0
0 1 89 43 0 3
0 1 128 23 0 0
0 1 117 10 0 2
0 1 72 41 0 0
0 1 80 32 1 3
0 1 106 36 0 3
0 1 93 45 1 2
0 1 108 61 1 2
0 1 80 57 0 1
0 1 99 51 0 0
0 1 42 31 1 1
0 1 33 39 1 1
0 1 45 64 1 2
0 1 42 26 0 3
0 1 78 61 0 3
0 1 60 24 0 0
0 1 67 63 1 0
0 1 34 45 1 0
0 1 98 50 1 2
0 1 20 20 1 3
0 1 109 59 1 2
0 1 53 14 0 0
0 1 73 41 0 3
0 1 67 45 0 1
0 1 77 62 0 0
0 1 40 63 0 1
0 1 49 20 0 2
0 1 55 35 1 2
0 1 116 4 0 0
0 1 122 19 0 1
0 1 37 11 0 2
0 1 39 21 1 0
0 1 95 38 0 3
0 1 78 1 1 1
0 1 4 61 1 1
0 1 75 60 1 1
0 1 111 41 0 1
0 1 108 53 0 0
0 1 29 61 1 0
0 1 61 51 0 2
0 1 2 26 1 2
0 1 13 0 1 1
0 1 91 46 1 0
0 1 68 10 0 3
0 1 110 17 0 1
0 1 65 32 1 0
0 1 22 56 0 3
0 1 96 37 1 1
0 1 25 0 1 3
0 1 120 59 1 3
0 1 32 49 1 3
0 1 94 2 0 0
0 1 118 1 0 2
0 1 81 44 1 2
0 1 127 58 1 0
0 1 8 46 0 2
0 1 110 22 1 2
0 1 48 57 0 3
0 1 87 19 0 0
0 1 41 19 1 2
0 1 90 44 1 3
0 1 3 48 0 0
0 1 12 12 0 0
0 1 63 36 0 0
0 1 84 24 1 1
0 1 58 43 1 2
0 1 31 22 1 3
0 1 51 7 0 0
0 1 18 37 0 2
0 1 86 39 0 0
0 1 11 13 1 2
0 1 122 24 1 3
0 1 19 34 0 0
0 1 59 45 0 3
0 1 101 48 0 2
0 1 40 26 1 1
0 1 3 30 1 2
0 1 119 10 0 0
0 1 14 0 1 2
0 1 65 28 0 0
0 1 77 14 1 3
0 1 127 7 0 3
0 1 73 42 1 1
0 1 100 21 0 1
0 1 51 44 1 1
0 1 124 44 0 0
0 1 101 54 1 2
0 1 70 9 1 3
0 1 74 54 0 3
0 1 10 33 0 3
0 1 92 25 1 3
0 1 72 18 1 3
0 1 24 34 0 3
0 1 7 59 1 1
0 1 118 47 1 0
0 1 47 56 0 2
0 1 28 56 0 1
0 1 43 35 0 1
0 1 102 63 0 3
0 1 21 31 1 2
0 1 34 52 0 0
0 1 128 58 1 3
0 1 121 17 0 2
0 1 6 51 1 1
0 1 104 35 0 0
0 1 85 14 1 1
0 1 71 58 0 2
0 1 69 55 0 0
0 1 9 49 1 2
0 1 5 28 1 2
0 1 56 20 1 0
0 1 64 34 0 1
0 1 43 20 1 1
0 1 29 8 0 1
0 1 20 4 0 1
0 1 33 17 0 3
0 1 82 57 1 2
0 1 50 11 1 3
0 1 17 15 1 3
0 1 123 40 1 0
0 1 125 21 0 3
0 1 114 49 1 0
0 1 109 3 0 1
0 1 126 8 0 2
0 1 82 43 0 1
0 1 30 62 0 2
0 1 106 30 1 0
0 1 54 64 1 0
0 1 62 8 1 0
0 1 103 50 1 1
0 1 36 12 0 3
0 1 36 39 1 3
0 1 123 29 0 0
0 1 35 16 0 0
0 1 94 38 1 2
0 1 90 15 0 2
