0 1 11 43 0 0
0 1 110 56 0 0
0 1 94 28 0 0
0 1 73 33 0 0
0 1 53 9 1 0
0 1 77 15 1 2
0 1 33 51 0 2
0 1 38 58 1 2
0 1 67 50 0 3
0 1 97 13 1 0
0 1 21 41 0 3
0 1 54 48 1 1
0 1 52 23 1 0
0 1 36 27 0 3
0 1 40 45 1 3
0 1 19 2 0 1
0 1 24 13 0 3
0 1 0 26 1 0
0 1 9 14 0 1
0 1 103 2 1 2
0 1 1 7 0 3
0 1 47 3 0 1
0 1 129 46 0 0
0 1 120 50 1 2
0 1 80 35 0 1
0 1 22 33 1 1
0 1 30 10 1 1
0 1 2 38 0 3
0 1 96 61 0 1
0 1 69 8 1 1
0 1 49 12 0 1
0 1 69 20 0 1
0 1 75 5 0 2
0 1 43 55 1 0
0 1 19 18 1 0
0 1 93 62 0 1
0 1 8 16 1 0
0 1 81 39 1 1
0 1 70 64 1 2
0 1 34 24 1 1
0 1 38 55 0 2
0 1 30 4 0 3
0 1 76 59 0 0
0 1 125 64 1 3
0 1 81 53 0 3
0 1 13 57 1 1
0 1 87 30 1 3
0 1 15 21 0 1
0 1 16 54 0 2
0 1 14 26 1 2
0 1 98 8 0 0
0 1 33 7 1 1
0 1 55 19 0 2
0 1 96 61 1 2
0 1 92 38 0 0
0 1 17 42 1 1
0 1 13 36 0 1
0 1 127 21 0 3
0 1 102 15 1 0
0 1 31 52 0 1
0 1 5 63 1 1
0 1 58 44 1 1
0 1 110 54 1 3
0 1 39 47 0 1
0 1 49 60 1 1
0 1 106 11 0 2
0 1 122 29 1 0
0 1 72 57 0 2
0 1 74 16 1 1
0 1 122 31 0 0
0 1 25 13 0 2
0 1 109 22 1 0
0 1 23 43 1 2
0 1 82 36 0 3
0 1 18 19 0 1
0 1 68 27 1 0
0 1 103 36 0 0
0 1 55 53 1 1
0 1 26 0 0 0
0 1 68 3 0 2
0 1 63 18 0 1
0 1 95 4 0 1
0 1 57 23 1 3
0 1 70 17 0 1
0 1 1 27 1 1
0 1 25 29 1 1
0 1 35 35 0 3
0 1 56 47 0 0
0 1 5 49 0 1
0 1 39 1 1 0
0 1 20 6 0 0
0 1 113 0 1 2
0 1 76 34 1 1
0 1 107 8 0 2
0 1 41 22 1 2
0 1 128 40 0 2
0 1 54 22 0 1
0 1 9 32 1 2
0 1 104 25 1 3
0 1 12 49 1 3
0 1 105 26 1 1
0 1 10 61 1 0
0 1 125 29 0 2
0 1 24 15 1 1
0 1 36 33 1 3
0 1 15 20 1 0
0 1 116 24 1 0
0 1 82 51 1 0
0 1 6 39 1 0
0 1 104 17 0 3
0 1 66 17 0 2
0 1 108 19 1 3
0 1 117 58 0 1
0 1 91 37 0 3
0 1 67 10 1 2
0 1 37 34 0 2
0 1 79 37 1 2
0 1 119 43 0 1
0 1 115 63 1 3
0 1 118 13 1 1
0 1 46 52 0 0
0 1 44 11 1 1
0 1 126 41 0 0
0 1 89 38 1 1
0 1 34 12 0 3
0 1 17 39 0 3
0 1 112 37 0 0
0 1 64 7 1 0
0 1 128 42 1 0
0 1 59 1 1 2
0 1 41 5 0 3
0 1 87 5 0 1
0 1 50 47 0 3
0 1 90 20 0 3
0 1 102 25 0 2
0 1 10 51 0 1
0 1 12 48 0 2
0 1 105 2 0 3
0 1 78 49 0 0
0 1 51 56 0 2
0 1 29 4 0 0
0 1 61 44 0 3
0 1 94 6 1 3
0 1 62 40 1 1
0 1 4 60 0 0
0 1 97 57 0 0
0 1 48 59 0 2
0 1 74 8 0 3
0 1 124 42 0 2
0 1 98 30 1 0
0 1 16 31 1 1
0 1 79 59 0 3
0 1 118 60 0 2
0 1 64 11 0 0
0 1 100 45 0 0
0 1 3 0 1 1
0 1 57 46 0 3
0 1 47 53 1 0
0 1 7 21 0 2
0 1 56 1 1 3
0 1 0 62 0 2
0 1 27 18 0 2
0 1 89 32 0 3
0 1 111 52 0 3
0 1 83 35 1 2
0 1 32 45 1 1
0 1 85 3 0 3
0 1 111 63 1 2
0 1 18 23 1 1
0 1 29 2 1 0
0 1 75 64 1 0
0 1 83 4 0 2
0 1 58 48 0 0
0 1 21 17 1 0
0 1 101 24 1 2
0 1 26 7 1 2
0 1 123 29 1 3
0 1 123 14 0 2
0 1 20 62 1 3
0 1 60 45 0 2
0 1 73 10 1 0
0 1 117 14 1 3
0 1 7 6 1 2
0 1 116 1 0 1
0 1 27 61 1 3
0 1 8 55 0 3
0 1 60 57 1 3
0 1 121 31 0 2
0 1 91 40 1 3
0 1 71 28 0 2
0 1 65 56 0 1
0 1 85 5 1 0
0 1 71 12 1 2
0 1 126 54 1 0
0 1 129 41 1 1
0 1 86 50 0 1
0 1 72 25 1 0
0 1 53 59 0 1
0 1 37 28 1 1
0 1 59 64 0 1
0 1 86 37 1 1
0 1 99 42 0 3
0 1 88 15 0 3
0 1 93 30 1 2
0 1 120 49 0 2
0 1 52 48 0 3
0 1 106 46 1 1
0 1 43 36 0 2
0 1 44 44 0 0
0 1 46 34 1 0
0 1 109 28 0 3
0 1 28 11 0 3
0 1 63 21 1 0
0 1 114 32 1 0
0 1 3 3 0 0
0 1 62 19 0 0
0 1 45 62 1 0
0 1 127 51 1 3
0 1 11 30 1 1
0 1 32 38 0 2
0 1 99 39 1 2
0 1 31 16 1 3
0 1 88 18 1 3
0 1 2 23 1 2
0 1 45 10 0 3
0 1 22 6 0 1
0 1 114 0 0 3
0 1 61 63 1 0
0 1 65 47 1 2
0 1 35 22 1 3
0 1 77 9 0 2
0 1 50 52 1 2
0 1 23 24 0 3
0 1 107 27 1 2
