0 1 41 14 1 0
0 1 63 6 0 1
0 1 116 36 0 3
0 1 128 17 1 1
0 1 18 30 1 3
0 1 117 61 0 2
0 1 15 60 0 3
0 1 55 2 1 3
0 1 56 52 1 0
0 1 40 3 1 2
0 1 67 50 1 1
0 1 45 47 1 0
0 1 114 33 1 1
0 1 44 37 0 1
0 1 57 48 1 1
0 1 51 42 0 3
0 1 17 17 1 3
0 1 99 10 1 2
0 1 101 59 1 3
0 1 126 29 0 0
0 1 54 20 1 1
0 1 52 45 1 3
0 1 121 19 1 0
0 1 82 24 1 3
0 1 114 56 0 1
0 1 111 0 0 0
0 1 26 18 1 0
0 1 78 40 0 0
0 1 21 46 1 2
0 1 119 43 1 0
0 1 19 31 1 3
0 1 88 44 1 3
0 1 83 11 1 3
0 1 46 30 0 2
0 1 38 27 1 1
0 1 98 62 0 1
0 1 110 23 1 3
0 1 30 35 0 0
0 1 64 53 0 0
0 1 37 27 1 3
0 1 60 38 1 2
0 1 11 52 0 2
0 1 115 8 0 3
0 1 39 32 1 1
0 1 103 64 1 0
0 1 58 28 0 0
0 1 91 9 1 1
0 1 110 4 0 0
0 1 68 42 0 0
0 1 9 10 0 3
0 1 16 1 1 0
0 1 73 34 0 3
0 1 127 64 1 3
0 1 89 47 1 2
0 1 47 61 1 1
0 1 42 54 0 0
0 1 54 57 0 0
0 1 10 5 0 3
0 1 13 16 1 3
0 1 3 33 1 3
0 1 33 7 0 1
0 1 65 49 1 0
0 1 77 40 1 2
0 1 96 13 1 2
0 1 105 31 1 2
0 1 41 29 0 2
0 1 107 39 1 2
0 1 8 0 0 2
0 1 96 7 0 3
0 1 43 58 0 2
0 1 22 8 0 1
0 1 129 48 0 2
0 1 93 18 0 2
0 1 20 19 1 3
0 1 90 15 1 3
0 1 64 24 1 1
0 1 92 37 1 2
0 1 35 36 0 0
0 1 33 13 1 3
0 1 94 5 0 2
0 1 97 12 1 2
0 1 118 10 0 1
0 1 36 15 0 0
0 1 32 20 0 2
0 1 87 38 0 1
0 1 5 43 1 1
0 1 72 44 0 2
0 1 123 52 1 1
0 1 0 21 1 3
0 1 122 15 1 1
0 1 112 12 0 1
0 1 4 23 0 0
0 1 34 12 1 0
0 1 123 44 0 0
0 1 104 26 0 3
0 1 127 4 0 3
0 1 38 41 0 3
0 1 11 64 1 1
0 1 24 63 1 3
0 1 63 56 1 0
0 1 129 59 1 0
0 1 97 55 0 0
0 1 92 63 0 1
0 1 13 9 0 3
0 1 81 53 0 2
0 1 56 3 0 3
0 1 125 31 0 1
0 1 49 51 1 0
0 1 7 22 0 3
0 1 122 51 0 2
0 1 89 20 0 3
0 1 39 1 0 1
0 1 9 47 1 1
0 1 15 25 1 2
0 1 88 17 0 2
0 1 117 36 1 2
0 1 68 55 1 2
0 1 67 41 0 0
0 1 84 60 1 0
0 1 108 28 1 3
0 1 70 1 0 3
0 1 120 36 0 1
0 1 106 7 1 0
0 1 124 58 0 0
0 1 74 49 1 3
0 1 108 26 0 0
0 1 46 33 1 0
0 1 23 57 1 3
0 1 104 24 1 0
0 1 69 4 1 2
0 1 78 6 1 0
0 1 62 29 1 3
0 1 17 30 0 0
0 1 65 54 0 2
0 1 86 3 0 1
0 1 25 35 1 2
0 1 71 61 0 0
0 1 80 28 0 2
0 1 101 62 0 0
0 1 118 47 1 3
0 1 119 23 0 2
0 1 125 50 1 0
0 1 26 0 0 1
0 1 3 43 0 3
0 1 106 8 0 0
0 1 69 28 0 1
0 1 5 14 0 1
0 1 87 60 1 2
0 1 113 60 1 1
0 1 37 11 0 2
0 1 111 21 1 0
0 1 95 14 1 3
0 1 109 22 1 2
0 1 42 63 1 2
0 1 23 18 0 1
0 1 81 40 1 3
0 1 28 34 0 2
0 1 8 2 1 0
0 1 93 57 1 2
0 1 112 27 1 0
0 1 18 25 0 1
0 1 120 51 1 1
0 1 1 53 1 3
0 1 61 7 1 2
0 1 102 16 1 1
0 1 53 25 1 3
0 1 71 35 1 3
0 1 79 42 0 1
0 1 75 32 0 2
0 1 100 46 0 0
0 1 107 26 0 2
0 1 59 59 1 2
0 1 7 61 1 3
0 1 14 58 1 3
0 1 84 48 0 3
0 1 86 21 1 2
0 1 29 55 1 3
0 1 20 32 0 0
0 1 103 46 0 1
0 1 53 50 0 3
0 1 76 38 1 0
0 1 48 25 1 0
0 1 2 16 1 0
0 1 115 41 1 2
0 1 128 19 0 2
0 1 74 9 0 0
0 1 77 32 0 3
0 1 52 6 0 3
0 1 12 34 1 1
0 1 35 39 1 3
0 1 45 64 0 2
0 1 36 55 1 1
0 1 85 53 0 1
0 1 0 45 0 0
0 1 1 20 0 0
0 1 82 62 0 2
0 1 40 39 0 0
0 1 90 21 0 1
0 1 14 19 0 1
0 1 76 58 0 1
0 1 43 11 1 1
0 1 126 6 1 2
0 1 50 48 0 0
0 1 30 23 1 1
0 1 21 13 0 0
0 1 105 5 0 0
0 1 75 35 1 1
0 1 79 51 1 3
0 1 85 8 1 2
0 1 72 38 1 3
0 1 124 44 1 1
0 1 25 22 0 0
0 1 28 57 1 1
0 1 31 10 1 0
0 1 50 45 1 1
0 1 73 15 1 2
0 1 10 49 1 2
0 1 2 1 0 2
0 1 6 12 1 3
0 1 47 42 0 2
0 1 100 5 1 1
0 1 19 13 0 1
0 1 66 31 0 0
0 1 102 50 0 2
0 1 24 33 0 2
0 1 4 54 1 3
0 1 116 40 1 1
0 1 62 26 0 1
0 1 32 27 1 2
0 1 16 54 0 1
0 1 27 4 1 1
0 1 121 56 0 3
0 1 99 37 0 0
0 1 58 18 1 3
