0 1 17 60 1 1
0 1 98 36 1 3
0 1 94 52 0 3
0 1 64 37 0 1
0 1 121 1 1 2
0 1 33 19 1 2
0 1 4 43 0 2
0 1 93 31 0 0
0 1 77 62 0 0
0 1 83 20 1 2
0 1 129 8 0 3
0 1 5 44 0 3
0 1 6 18 0 1
0 1 27 26 1 1
0 1 21 39 1 1
0 1 58 48 1 2
0 1 47 51 0 2
0 1 127 49 1 2
0 1 41 10 1 1
0 1 86 16 1 3
0 1 62 3 1 1
0 1 80 43 1 1
0 1 108 30 1 3
0 1 75 59 1 1
0 1 0 50 0 0
0 1 21 42 0 1
0 1 83 35 0 3
0 1 51 38 0 3
0 1 105 15 1 2
0 1 90 41 0 0
0 1 66 5 1 0
0 1 2 40 0 2
0 1 69 6 0 1
0 1 25 61 1 1
0 1 14 56 1 0
0 1 109 9 0 0
0 1 65 28 1 1
0 1 78 53 0 1
0 1 63 59 0 0
0 1 57 25 1 0
0 1 9 34 1 1
0 1 106 45 1 3
0 1 56 57 0 2
0 1 87 47 1 0
0 1 119 22 1 0
0 1 87 2 0 0
0 1 48 50 0 1
0 1 73 58 1 3
0 1 36 44 0 2
0 1 8 27 0 0
0 1 122 13 1 0
0 1 109 50 1 3
0 1 79 54 1 1
0 1 97 64 1 1
0 1 96 10 0 3
0 1 124 29 0 1
0 1 45 56 0 3
0 1 75 3 0 2
0 1 44 17 0 2
0 1 123 30 1 1
0 1 72 23 0 3
0 1 118 37 0 2
0 1 8 14 1 1
0 1 33 43 0 3
0 1 7 19 1 3
0 1 117 21 0 1
0 1 50 3 1 3
0 1 58 21 0 2
0 1 5 7 1 3
0 1 4 46 1 2
0 1 35 24 0 2
0 1 115 63 0 0
0 1 26 39 0 3
0 1 91 22 1 3
0 1 35 23 1 2
0 1 85 55 0 3
0 1 101 57 1 0
0 1 30 46 0 3
0 1 92 27 0 1
0 1 128 54 0 3
0 1 1 0 1 0
0 1 80 19 0 0
0 1 18 4 0 0
0 1 46 20 1 1
0 1 44 11 1 1
0 1 112 35 0 1
0 1 19 32 0 3
0 1 56 10 1 0
0 1 54 15 0 0
0 1 37 64 0 0
0 1 47 52 1 2
0 1 52 33 1 3
0 1 6 57 1 1
0 1 125 50 0 2
0 1 85 45 1 2
0 1 103 7 1 1
0 1 125 22 1 2
0 1 79 12 0 2
0 1 84 17 0 0
0 1 34 13 0 2
0 1 126 49 1 0
0 1 20 11 0 0
0 1 55 15 0 3
0 1 13 42 1 3
0 1 11 0 1 2
0 1 23 12 0 1
0 1 57 25 0 2
0 1 117 9 1 3
0 1 30 59 1 3
0 1 55 59 1 2
0 1 70 63 1 2
0 1 61 38 0 1
0 1 22 62 0 2
0 1 43 8 1 1
0 1 53 24 0 3
0 1 32 45 1 0
0 1 71 7 0 0
0 1 113 34 0 0
0 1 23 28 1 2
0 1 10 14 1 3
0 1 100 10 0 2
0 1 89 8 1 0
0 1 52 24 0 1
0 1 22 53 1 2
0 1 102 32 0 0
0 1 61 44 1 0
0 1 99 55 1 2
0 1 123 60 0 0
0 1 126 33 0 2
0 1 60 40 0 0
0 1 127 47 0 3
0 1 88 61 1 0
0 1 100 27 1 2
0 1 129 0 1 3
0 1 12 28 1 0
0 1 19 16 1 1
0 1 53 6 1 0
0 1 38 15 1 1
0 1 74 4 1 1
0 1 73 61 0 2
0 1 7 26 0 3
0 1 2 5 1 1
0 1 1 32 0 1
0 1 103 42 0 2
0 1 34 24 1 0
0 1 115 11 1 2
0 1 59 51 1 0
0 1 76 21 0 3
0 1 26 52 1 0
0 1 107 37 0 3
0 1 40 25 1 3
0 1 96 36 1 1
0 1 36 35 1 2
0 1 60 23 1 0
0 1 102 26 1 2
0 1 27 18 0 0
0 1 40 39 0 2
0 1 112 5 1 2
0 1 86 2 0 3
0 1 67 19 0 1
0 1 3 63 1 1
0 1 91 60 0 2
0 1 37 28 1 3
0 1 108 41 0 1
0 1 17 20 0 0
0 1 45 29 1 2
0 1 41 35 0 0
0 1 95 58 0 2
0 1 81 14 1 0
0 1 111 4 1 2
0 1 121 63 0 3
0 1 3 62 0 3
0 1 119 40 0 3
0 1 120 8 0 2
0 1 104 30 1 0
0 1 101 6 0 3
0 1 29 55 0 1
0 1 76 58 1 0
0 1 67 52 1 1
0 1 110 25 0 1
0 1 128 56 1 2
0 1 14 27 0 3
0 1 92 34 1 3
0 1 107 2 1 1
0 1 104 1 0 3
0 1 24 23 0 1
0 1 12 47 0 2
0 1 81 45 0 1
0 1 97 5 0 3
0 1 65 16 0 2
0 1 31 53 1 0
0 1 63 48 1 0
0 1 95 57 1 3
0 1 105 40 0 1
0 1 78 61 1 3
0 1 89 13 0 3
0 1 94 6 1 2
0 1 120 33 1 1
0 1 29 17 1 3
0 1 99 53 0 3
0 1 93 18 1 3
0 1 32 56 0 1
0 1 113 18 1 2
0 1 84 1 1 1
0 1 88 36 0 2
0 1 82 21 0 0
0 1 10 42 0 0
0 1 42 41 1 2
0 1 110 54 1 0
0 1 42 51 0 1
0 1 71 39 1 0
0 1 74 32 0 2
0 1 70 31 0 2
0 1 0 44 1 1
0 1 49 33 0 0
0 1 20 54 1 2
0 1 68 34 0 2
0 1 39 9 0 1
0 1 28 38 1 0
0 1 68 48 1 1
0 1 31 7 0 2
0 1 50 51 0 3
0 1 116 4 1 3
0 1 59 31 0 1
0 1 118 2 1 2
0 1 114 37 1 0
0 1 64 47 1 1
0 1 122 49 0 3
0 1 46 36 0 0
0 1 90 64 1 3
0 1 39 30 1 2
0 1 28 29 0 0
0 1 25 31 0 3
0 1 16 46 0 0
