0 1 26 53 0 2
0 1 18 18 1 0
0 1 16 5 1 1
0 1 125 1 1 1
0 1 87 15 0 2
0 1 94 3 1 0
0 1 126 8 1 1
0 1 118 0 1 0
0 1 81 34 0 2
0 1 63 23 1 2
0 1 60 5 1 0
0 1 30 30 1 1
0 1 107 46 1 2
0 1 126 12 0 1
0 1 121 56 0 0
0 1 124 61 1 1
0 1 62 38 0 0
0 1 19 31 0 3
0 1 14 28 0 0
0 1 72 57 1 0
0 1 101 17 0 1
0 1 113 33 1 1
0 1 97 41 0 3
0 1 128 59 1 0
0 1 15 13 1 3
0 1 56 52 0 1
0 1 74 63 1 3
0 1 61 35 1 2
0 1 51 10 0 3
0 1 73 11 1 0
0 1 11 17 0 3
0 1 57 48 1 0
0 1 52 9 1 3
0 1 17 6 1 0
0 1 0 7 1 3
0 1 119 45 1 0
0 1 43 21 1 0
0 1 54 19 0 1
0 1 8 51 1 2
0 1 58 61 1 3
0 1 120 37 0 3
0 1 89 14 1 0
0 1 19 27 1 0
0 1 3 60 0 3
0 1 25 30 1 0
0 1 27 1 1 3
0 1 109 2 1 3
0 1 106 24 1 2
0 1 49 58 0 3
0 1 15 26 0 0
0 1 83 3 0 1
0 1 104 55 0 1
0 1 91 52 0 0
0 1 23 61 0 2
0 1 102 48 0 1
0 1 71 23 1 3
0 1 48 62 0 3
0 1 128 45 0 1
0 1 95 42 1 3
0 1 65 58 1 0
0 1 63 22 0 2
0 1 9 55 0 0
0 1 80 22 0 3
0 1 129 47 0 3
0 1 24 41 1 0
0 1 80 60 1 0
0 1 5 6 0 1
0 1 39 14 1 3
0 1 122 7 0 0
0 1 74 62 0 1
0 1 125 21 0 3
0 1 9 51 1 0
0 1 93 44 1 1
0 1 64 32 1 3
0 1 33 39 1 0
0 1 101 49 1 3
0 1 98 4 1 2
0 1 95 33 0 3
0 1 2 64 0 0
0 1 103 25 0 0
0 1 86 28 1 3
0 1 4 52 0 2
0 1 14 9 1 0
0 1 5 29 1 1
0 1 38 29 1 0
0 1 127 16 1 1
0 1 40 0 1 3
0 1 36 63 0 2
0 1 82 20 1 3
0 1 53 18 0 2
0 1 99 43 1 2
0 1 25 15 0 0
0 1 45 32 0 2
0 1 76 37 1 0
0 1 122 21 1 2
0 1 58 19 0 2
0 1 69 46 0 0
0 1 34 44 1 3
0 1 23 49 1 0
0 1 37 64 1 1
0 1 38 31 0 1
0 1 85 8 0 2
0 1 115 14 0 1
0 1 26 11 1 2
0 1 24 47 0 2
0 1 103 11 1 1
0 1 92 26 1 2
0 1 92 40 0 2
0 1 79 25 1 2
0 1 51 7 1 1
0 1 116 23 0 0
0 1 115 35 1 0
0 1 35 53 1 3
0 1 66 25 1 1
0 1 17 25 0 3
0 1 47 17 1 0
0 1 42 63 1 1
0 1 11 22 1 0
0 1 82 7 0 2
0 1 83 38 1 2
0 1 113 47 0 1
0 1 48 2 1 1
0 1 13 49 1 1
0 1 121 20 1 1
0 1 46 13 1 1
0 1 70 43 1 1
0 1 96 50 1 1
0 1 68 51 0 1
0 1 6 35 0 3
0 1 36 20 1 0
0 1 86 33 0 0
0 1 100 39 0 2
0 1 70 42 0 2
0 1 8 9 0 1
0 1 120 55 1 2
0 1 108 51 0 3
0 1 10 12 1 3
0 1 29 27 1 2
0 1 91 16 1 3
0 1 93 55 0 3
0 1 34 16 0 2
0 1 84 10 0 2
0 1 87 20 1 2
0 1 69 53 1 1
0 1 117 42 1 0
0 1 100 24 1 0
0 1 67 49 1 2
0 1 76 54 0 3
0 1 118 60 0 2
0 1 114 54 1 1
0 1 29 14 0 2
0 1 32 28 1 1
0 1 20 5 0 2
0 1 10 62 0 2
0 1 123 1 0 2
0 1 52 29 0 2
0 1 77 44 0 2
0 1 94 3 0 2
0 1 65 48 0 2
0 1 67 61 0 0
0 1 123 36 1 3
0 1 42 35 0 1
0 1 4 27 1 3
0 1 55 15 0 3
0 1 40 32 0 0
0 1 110 60 0 1
0 1 75 33 0 2
0 1 110 44 1 0
0 1 68 54 1 0
0 1 2 57 1 1
0 1 62 39 1 3
0 1 3 8 1 0
0 1 61 38 0 1
0 1 124 6 0 2
0 1 35 36 0 1
0 1 77 34 1 3
0 1 20 26 1 3
0 1 44 4 0 3
0 1 31 56 0 1
0 1 30 50 0 3
0 1 56 58 1 1
0 1 55 56 1 2
0 1 54 38 1 3
0 1 105 39 1 1
0 1 112 41 1 1
0 1 111 64 1 2
0 1 28 2 0 2
0 1 64 15 0 1
0 1 90 18 0 1
0 1 59 4 0 1
0 1 119 50 0 0
0 1 18 23 0 1
0 1 13 30 0 2
0 1 111 37 0 2
0 1 27 17 0 2
0 1 21 24 1 1
0 1 21 11 0 3
0 1 129 40 1 0
0 1 45 3 1 3
0 1 12 64 0 3
0 1 81 37 1 1
0 1 109 19 0 0
0 1 37 18 0 3
0 1 57 10 0 0
0 1 107 22 0 1
0 1 73 29 0 3
0 1 41 40 1 1
0 1 71 31 0 2
0 1 50 43 0 0
0 1 114 59 0 3
0 1 105 52 0 3
0 1 50 40 1 3
0 1 47 54 0 2
0 1 60 13 0 2
0 1 1 27 0 1
0 1 7 16 0 0
0 1 112 10 0 1
0 1 28 2 1 0
0 1 84 30 1 3
0 1 78 59 1 1
0 1 88 53 0 0
0 1 22 19 1 3
0 1 89 46 0 1
0 1 59 57 1 3
0 1 44 46 1 3
0 1 88 34 1 1
0 1 32 12 0 0
0 1 78 4 0 0
0 1 0 36 0 2
0 1 66 31 0 0
0 1 127 63 0 0
0 1 43 8 0 3
0 1 6 32 1 1
0 1 75 48 1 3
