0 1 120 41 0 0
0 1 110 58 0 3
0 1 64 57 1 0
0 1 9 38 1 3
0 1 44 30 1 3
0 1 68 58 1 0
0 1 78 3 1 3
0 1 16 2 0 2
0 1 116 53 0 2
0 1 102 43 0 0
0 1 129 52 0 1
0 1 24 48 0 2
0 1 128 8 0 2
0 1 62 12 0 1
0 1 105 15 0 3
0 1 124 40 0 0
0 1 73 17 1 1
0 1 75 21 0 2
0 1 81 34 0 2
0 1 101 29 1 1
0 1 14 7 1 3
0 1 31 35 0 1
0 1 80 64 0 2
0 1 119 42 0 3
0 1 109 10 0 2
0 1 48 3 1 2
0 1 22 12 0 2
0 1 8 27 0 1
0 1 40 0 1 2
0 1 87 5 1 2
0 1 100 28 1 2
0 1 47 10 0 3
0 1 24 62 1 3
0 1 49 39 0 0
0 1 17 18 0 3
0 1 129 19 1 1
0 1 27 62 0 2
0 1 89 51 0 2
0 1 88 9 1 0
0 1 122 26 0 2
0 1 32 54 0 3
0 1 95 5 0 3
0 1 59 55 1 0
0 1 2 34 1 1
0 1 44 11 0 1
0 1 68 9 0 1
0 1 23 41 1 3
0 1 36 45 1 2
0 1 30 48 1 0
0 1 123 54 1 0
0 1 26 20 1 2
0 1 33 61 0 3
0 1 107 60 1 2
0 1 50 23 1 0
0 1 84 10 1 1
0 1 82 47 0 0
0 1 7 64 1 3
0 1 111 11 1 2
0 1 70 4 1 1
0 1 42 37 1 1
0 1 38 13 0 1
0 1 110 16 1 2
0 1 99 59 0 2
0 1 74 44 0 0
0 1 3 19 1 3
0 1 38 46 1 2
0 1 80 32 1 0
0 1 112 14 0 3
0 1 90 5 1 1
0 1 94 45 1 3
0 1 63 47 0 2
0 1 127 44 0 3
0 1 79 6 0 0
0 1 79 27 1 0
0 1 70 2 0 0
0 1 113 17 1 0
0 1 85 44 0 2
0 1 0 23 1 1
0 1 59 60 0 1
0 1 96 29 0 3
0 1 96 18 1 0
0 1 53 16 1 0
0 1 63 1 1 3
0 1 45 50 1 0
0 1 100 32 0 1
0 1 10 36 0 0
0 1 15 36 0 3
0 1 57 14 0 1
0 1 58 11 1 0
0 1 56 20 1 1
0 1 103 38 0 1
0 1 112 59 1 3
0 1 126 25 0 1
0 1 108 50 0 3
0 1 72 26 0 1
0 1 16 51 1 3
0 1 11 40 0 3
0 1 31 7 1 1
0 1 20 56 1 3
0 1 25 4 0 2
0 1 78 62 0 1
0 1 14 13 0 2
0 1 13 21 0 0
0 1 21 1 0 2
0 1 56 49 0 2
0 1 101 32 0 3
0 1 60 43 0 3
0 1 18 45 1 1
0 1 97 52 1 2
0 1 75 64 1 0
0 1 17 14 1 2
0 1 47 41 1 2
0 1 39 22 1 3
0 1 83 21 0 1
0 1 92 48 1 3
0 1 50 20 0 3
0 1 32 29 1 2
0 1 43 8 1 0
0 1 43 12 0 0
0 1 118 33 0 1
0 1 11 32 1 2
0 1 98 47 0 3
0 1 1 25 0 0
0 1 1 42 1 0
0 1 6 1 1 0
0 1 71 55 0 1
0 1 113 15 0 1
0 1 23 7 0 2
0 1 91 27 1 2
0 1 83 24 1 1
0 1 125 8 1 3
0 1 127 20 1 0
0 1 116 61 1 0
0 1 118 35 1 2
0 1 103 30 1 2
0 1 94 63 0 3
0 1 19 15 0 2
0 1 40 5 0 0
0 1 12 55 0 3
0 1 61 53 1 3
0 1 122 49 1 0
0 1 104 52 1 3
0 1 77 19 0 0
0 1 77 31 1 1
0 1 18 45 0 0
0 1 124 33 1 2
0 1 28 6 0 1
0 1 5 64 0 1
0 1 52 53 1 1
0 1 81 43 1 2
0 1 42 57 0 2
0 1 5 48 1 1
0 1 119 15 1 0
0 1 61 31 0 0
0 1 60 13 1 3
0 1 4 54 1 2
0 1 86 56 0 1
0 1 93 56 0 0
0 1 115 39 0 2
0 1 41 24 0 0
0 1 114 37 1 0
0 1 66 40 0 1
0 1 48 59 0 0
0 1 99 50 1 1
0 1 29 51 0 0
0 1 6 61 0 2
0 1 55 25 0 3
0 1 95 4 1 3
0 1 117 34 0 3
0 1 105 31 1 3
0 1 97 24 0 2
0 1 76 10 0 0
0 1 104 3 0 1
0 1 34 18 0 2
0 1 126 33 1 0
0 1 106 49 0 1
0 1 27 6 1 3
0 1 89 16 1 1
0 1 54 21 1 3
0 1 8 46 1 0
0 1 62 63 1 0
0 1 15 23 1 3
0 1 88 61 0 1
0 1 26 38 0 2
0 1 49 58 1 1
0 1 107 35 0 0
0 1 108 30 1 0
0 1 33 46 1 1
0 1 57 11 1 3
0 1 39 9 0 3
0 1 22 43 1 1
0 1 111 2 0 1
0 1 90 57 0 3
0 1 65 47 1 1
0 1 82 53 1 0
0 1 25 34 1 0
0 1 3 36 0 2
0 1 67 16 0 3
0 1 74 28 1 0
0 1 35 4 1 0
0 1 93 59 1 1
0 1 7 0 0 3
0 1 71 19 1 2
0 1 46 63 0 1
0 1 55 22 1 0
0 1 87 28 0 1
0 1 65 22 0 1
0 1 72 12 1 3
0 1 45 9 0 2
0 1 106 23 1 2
0 1 64 60 0 0
0 1 92 63 0 2
0 1 37 54 0 1
0 1 13 50 1 2
0 1 51 8 0 1
0 1 128 26 1 3
0 1 2 0 0 0
0 1 69 38 1 0
0 1 36 39 0 3
0 1 73 31 0 2
0 1 58 7 0 0
0 1 117 24 1 3
0 1 35 37 0 2
0 1 69 17 0 3
0 1 109 13 1 0
0 1 0 0 0 1
0 1 29 25 1 2
0 1 120 49 1 3
0 1 53 18 0 1
0 1 54 6 0 2
0 1 86 51 1 1
0 1 20 3 0 0
0 1 121 22 1 2
0 1 41 33 1 3
