0 1 30 26 1 2
0 1 105 45 1 2
0 1 37 42 1 2
0 1 4 23 0 1
0 1 113 26 0 3
0 1 0 12 1 0
0 1 123 16 1 3
0 1 57 0 0 1
0 1 3 19 0 2
0 1 102 47 0 0
0 1 46 20 0 1
0 1 45 51 0 0
0 1 48 13 1 0
0 1 96 23 0 3
0 1 94 24 1 3
0 1 67 59 1 3
0 1 68 24 1 0
0 1 44 7 1 1
0 1 119 50 0 3
0 1 107 48 0 3
0 1 26 15 1 1
0 1 74 44 1 0
0 1 2 55 1 1
0 1 79 3 0 3
0 1 122 12 0 2
0 1 33 27 0 0
0 1 128 16 1 1
0 1 38 5 1 2
0 1 109 31 0 2
0 1 42 60 0 0
0 1 41 59 0 0
0 1 57 14 1 0
0 1 24 3 0 2
0 1 19 62 1 2
0 1 6 9 0 0
0 1 59 30 0 1
0 1 106 54 0 2
0 1 13 56 0 0
0 1 71 38 0 3
0 1 70 46 1 1
0 1 22 41 0 2
0 1 80 28 1 3
0 1 32 36 1 3
0 1 82 18 1 1
0 1 80 22 0 2
0 1 116 21 1 3
0 1 100 53 0 3
0 1 97 10 1 3
0 1 24 64 1 2
0 1 98 18 1 2
0 1 101 37 0 3
0 1 125 35 0 1
0 1 81 46 1 2
0 1 48 28 0 2
0 1 68 57 0 1
0 1 60 33 1 0
0 1 62 29 1 0
0 1 49 4 0 2
0 1 89 56 0 1
0 1 25 45 1 1
0 1 120 37 1 0
0 1 28 47 1 1
0 1 18 35 0 0
0 1 64 17 1 1
0 1 50 6 1 3
0 1 35 61 0 3
0 1 85 57 0 3
0 1 2 18 0 0
0 1 6 1 1 3
0 1 118 9 0 2
0 1 119 31 1 1
0 1 10 35 0 2
0 1 129 34 1 3
0 1 77 59 1 1
0 1 109 32 1 3
0 1 127 33 0 2
0 1 43 62 0 1
0 1 104 17 1 0
0 1 1 10 0 2
0 1 111 5 0 3
0 1 72 19 0 1
0 1 63 60 0 3
0 1 128 51 0 3
0 1 87 46 1 0
0 1 66 58 1 0
0 1 54 55 0 3
0 1 76 48 1 0
0 1 91 38 0 2
0 1 83 2 1 2
0 1 61 27 1 1
0 1 88 7 1 3
0 1 9 53 0 0
0 1 12 58 1 3
0 1 98 14 0 3
0 1 31 43 1 3
0 1 118 39 1 1
0 1 83 6 0 0
0 1 73 50 0 2
0 1 99 0 0 0
0 1 30 64 0 1
0 1 28 36 0 1
0 1 114 2 0 0
0 1 93 54 0 1
0 1 27 44 1 2
0 1 113 63 1 0
0 1 11 45 0 3
0 1 35 64 1 0
0 1 75 49 1 2
0 1 11 25 1 0
0 1 122 20 1 2
0 1 73 1 1 0
0 1 116 51 0 2
0 1 53 52 0 3
0 1 104 58 0 1
0 1 117 6 0 2
0 1 52 20 1 3
0 1 15 25 0 2
0 1 87 63 0 2
0 1 43 34 1 1
0 1 110 0 1 3
0 1 51 52 0 0
0 1 92 38 1 0
0 1 69 3 0 0
0 1 100 21 1 2
0 1 97 21 0 0
0 1 42 34 1 2
0 1 81 11 0 2
0 1 114 15 1 0
0 1 44 48 0 1
0 1 108 49 0 0
0 1 71 32 1 1
0 1 88 29 0 2
0 1 70 14 0 1
0 1 37 35 0 3
0 1 127 2 1 1
0 1 54 17 1 3
0 1 46 11 1 3
0 1 23 32 0 2
0 1 129 43 0 2
0 1 8 40 0 0
0 1 34 50 1 1
0 1 89 42 1 1
0 1 65 18 1 3
0 1 91 30 1 0
0 1 12 60 0 2
0 1 21 1 0 1
0 1 36 10 1 0
0 1 53 9 1 3
0 1 20 5 1 1
0 1 86 41 1 1
0 1 105 30 0 3
0 1 38 25 0 3
0 1 27 22 0 1
0 1 65 13 0 2
0 1 82 39 0 2
0 1 14 48 0 2
0 1 67 33 0 3
0 1 108 63 1 3
0 1 49 30 1 2
0 1 40 22 0 3
0 1 55 23 1 2
0 1 36 63 0 1
0 1 107 39 1 3
0 1 106 7 1 2
0 1 0 37 0 2
0 1 8 28 1 1
0 1 47 17 1 2
0 1 26 28 0 0
0 1 13 62 1 3
0 1 121 15 1 3
0 1 41 29 1 1
0 1 39 56 0 3
0 1 22 25 1 1
0 1 7 8 1 1
0 1 101 53 1 1
0 1 95 32 1 0
0 1 72 7 1 0
0 1 96 12 1 1
0 1 93 43 1 1
0 1 115 27 0 2
0 1 29 40 1 1
0 1 47 4 0 0
0 1 40 61 1 2
0 1 10 26 1 0
0 1 5 61 1 1
0 1 45 19 1 3
0 1 99 23 1 0
0 1 121 56 0 2
0 1 56 37 0 1
0 1 94 1 0 2
0 1 102 27 1 3
0 1 111 14 1 2
0 1 125 61 1 0
0 1 31 8 0 2
0 1 74 24 0 2
0 1 4 47 1 2
0 1 85 55 1 2
0 1 23 8 1 3
0 1 62 26 0 1
0 1 64 4 0 3
0 1 51 50 1 0
0 1 75 46 0 3
0 1 79 41 1 3
0 1 124 44 0 1
0 1 63 16 1 2
0 1 58 59 1 2
0 1 117 49 1 1
0 1 34 54 0 0
0 1 32 29 0 3
0 1 95 31 0 3
0 1 21 13 1 1
0 1 78 55 0 0
0 1 16 3 1 1
0 1 56 49 1 3
0 1 90 52 0 1
0 1 61 57 0 0
0 1 52 2 0 3
0 1 17 64 0 3
0 1 126 53 1 2
0 1 120 40 0 2
0 1 123 19 0 0
0 1 90 42 1 0
0 1 16 4 0 1
0 1 59 38 1 1
0 1 20 60 0 1
0 1 5 31 0 0
0 1 66 45 0 0
0 1 19 39 0 0
0 1 39 13 1 3
0 1 86 44 0 3
0 1 103 42 0 3
0 1 69 51 1 1
0 1 14 36 1 2
0 1 112 15 1 2
