0 1 126 23 1 3
0 1 98 2 1 2
0 1 94 57 1 0
0 1 39 44 1 2
0 1 99 4 1 2
0 1 73 29 0 0
0 1 119 29 0 2
0 1 1 63 1 3
0 1 36 11 1 1
0 1 106 4 0 3
0 1 67 35 0 2
0 1 61 30 1 2
0 1 2 13 1 2
0 1 89 48 1 0
0 1 18 8 0 2
0 1 56 14 0 2
0 1 82 15 0 3
0 1 101 8 0 0
0 1 102 64 1 2
0 1 92 37 0 0
0 1 84 22 0 0
0 1 110 47 1 3
0 1 68 36 0 3
0 1 93 50 1 0
0 1 108 54 1 3
0 1 107 61 1 1
0 1 88 3 1 3
0 1 59 7 0 1
0 1 15 6 1 2
0 1 32 28 1 2
0 1 120 31 0 0
0 1 106 24 1 3
0 1 10 20 0 1
0 1 45 28 1 0
0 1 125 21 0 2
0 1 119 1 1 3
0 1 108 37 0 2
0 1 30 35 1 3
0 1 129 27 1 2
0 1 74 41 1 2
0 1 82 50 1 1
0 1 66 22 0 2
0 1 24 38 0 3
0 1 105 25 0 1
0 1 87 19 0 0
0 1 84 13 1 1
0 1 23 59 0 1
0 1 19 1 1 2
0 1 116 30 0 1
0 1 49 12 1 2
0 1 26 15 0 1
0 1 111 28 1 1
0 1 90 23 0 0
0 1 25 32 1 0
0 1 118 52 1 2
0 1 51 15 1 2
0 1 47 12 0 1
0 1 85 21 0 1
0 1 104 0 0 1
0 1 97 6 1 0
0 1 71 46 0 2
0 1 4 25 0 2
0 1 19 61 0 0
0 1 45 16 0 2
0 1 38 18 1 2
0 1 38 62 0 3
0 1 72 20 0 2
0 1 7 45 0 2
0 1 126 53 0 0
0 1 33 60 0 1
0 1 85 34 1 3
0 1 78 44 0 1
0 1 43 34 1 0
0 1 40 53 0 2
0 1 54 10 1 1
0 1 70 60 1 0
0 1 80 56 1 1
0 1 124 54 1 1
0 1 96 22 1 3
0 1 35 2 1 1
0 1 98 24 0 1
0 1 34 42 0 1
0 1 9 51 0 1
0 1 69 26 0 1
0 1 1 26 0 2
0 1 11 57 1 1
0 1 123 27 0 3
0 1 40 9 1 0
0 1 55 33 0 0
0 1 3 53 0 3
0 1 71 18 1 1
0 1 114 58 0 0
0 1 12 4 1 0
0 1 44 26 0 3
0 1 16 40 0 2
0 1 125 55 1 2
0 1 113 43 0 3
0 1 16 39 1 2
0 1 103 41 0 1
0 1 28 55 1 0
0 1 42 43 0 1
0 1 56 13 1 3
0 1 14 42 1 2
0 1 104 3 1 0
0 1 49 51 0 3
0 1 17 56 0 3
0 1 73 32 1 2
0 1 29 46 0 3
0 1 43 50 0 3
0 1 62 61 0 2
0 1 81 45 0 3
0 1 27 60 1 3
0 1 129 31 0 2
0 1 115 49 1 0
0 1 62 5 1 3
0 1 115 52 0 0
0 1 122 9 1 2
0 1 113 21 1 3
0 1 86 7 1 3
0 1 80 40 0 1
0 1 100 6 0 1
0 1 127 30 1 3
0 1 8 36 0 0
0 1 41 48 0 2
0 1 31 16 1 0
0 1 41 64 1 0
0 1 75 11 0 2
0 1 46 25 1 3
0 1 97 2 0 0
0 1 59 20 1 3
0 1 3 14 1 1
0 1 110 44 0 3
0 1 79 23 1 1
0 1 20 37 1 3
0 1 70 11 0 0
0 1 68 59 1 2
0 1 22 13 1 0
0 1 93 39 0 3
0 1 72 38 1 1
0 1 31 32 0 3
0 1 12 9 0 1
0 1 7 47 1 1
0 1 114 47 1 0
0 1 111 36 0 1
0 1 76 45 1 0
0 1 92 42 1 0
0 1 0 24 0 0
0 1 30 10 0 3
0 1 50 19 1 2
0 1 63 56 0 0
0 1 9 58 1 3
0 1 2 54 0 0
0 1 76 33 0 3
0 1 64 30 0 0
0 1 58 58 0 1
0 1 91 14 0 3
0 1 117 20 1 0
0 1 42 39 1 1
0 1 46 27 0 1
0 1 20 0 0 2
0 1 95 48 1 1
0 1 86 51 0 0
0 1 118 7 0 2
0 1 57 24 1 2
0 1 18 52 1 3
0 1 54 17 0 2
0 1 64 41 1 0
0 1 79 48 0 3
0 1 25 31 0 1
0 1 122 29 0 3
0 1 13 43 0 2
0 1 17 46 1 0
0 1 52 62 0 0
0 1 121 34 1 1
0 1 44 35 1 0
0 1 91 63 1 2
0 1 53 57 1 2
0 1 77 17 0 3
0 1 74 17 0 1
0 1 37 43 0 0
0 1 52 1 1 0
0 1 88 34 0 2
0 1 29 7 1 0
0 1 67 55 1 3
0 1 11 5 0 0
0 1 127 40 0 3
0 1 66 19 1 1
0 1 6 37 1 1
0 1 61 35 0 1
0 1 57 21 0 0
0 1 50 33 0 1
0 1 37 49 1 2
0 1 6 0 0 0
0 1 103 39 1 0
0 1 21 28 0 3
0 1 112 3 0 2
0 1 83 5 1 2
0 1 14 41 0 3
0 1 5 61 1 3
0 1 60 10 1 0
0 1 102 64 0 1
0 1 75 54 1 2
0 1 5 9 0 3
0 1 112 1 1 1
0 1 63 59 1 3
0 1 128 22 1 1
0 1 39 51 0 2
0 1 8 27 1 0
0 1 123 10 1 2
0 1 117 46 0 1
0 1 105 52 1 1
0 1 90 47 1 2
0 1 128 0 0 3
0 1 32 42 0 3
0 1 101 49 1 1
0 1 87 58 1 2
0 1 116 11 1 3
0 1 51 50 0 2
0 1 4 63 1 1
0 1 65 40 1 0
0 1 94 16 0 1
0 1 15 25 0 0
0 1 35 32 0 1
0 1 107 14 0 0
0 1 21 44 1 0
0 1 24 60 1 2
0 1 95 63 0 0
0 1 81 62 1 2
0 1 100 45 1 1
0 1 58 19 1 3
0 1 13 59 1 0
0 1 34 12 1 0
0 1 36 62 0 1
0 1 27 18 0 3
