0 1 107 35 1 3
0 1 108 54 0 3
0 1 128 50 1 3
0 1 68 27 0 3
0 1 87 61 0 1
0 1 39 45 0 1
0 1 50 0 1 0
0 1 0 22 0 2
0 1 8 57 1 0
0 1 109 5 0 3
0 1 40 59 1 2
0 1 31 43 1 1
0 1 91 1 1 3
0 1 37 38 1 1
0 1 43 14 1 0
0 1 120 15 1 0
0 1 35 37 1 2
0 1 99 56 0 2
0 1 77 33 0 1
0 1 56 21 0 0
0 1 1 58 1 2
0 1 43 23 0 1
0 1 32 55 1 2
0 1 4 18 0 1
0 1 124 48 1 3
0 1 85 55 0 3
0 1 92 44 1 0
0 1 103 9 0 2
0 1 116 8 1 3
0 1 105 52 0 3
0 1 91 8 0 1
0 1 17 62 1 0
0 1 126 12 0 0
0 1 42 60 0 0
0 1 96 32 0 3
0 1 18 26 0 1
0 1 108 39 1 1
0 1 78 13 0 3
0 1 1 17 0 0
0 1 109 0 1 1
0 1 77 57 1 3
0 1 54 2 0 2
0 1 52 55 1 0
0 1 105 36 1 3
0 1 6 4 0 1
0 1 36 30 0 3
0 1 32 19 0 3
0 1 72 22 1 1
0 1 84 1 1 2
0 1 117 49 0 3
0 1 70 62 1 2
0 1 63 24 1 0
0 1 125 31 1 3
0 1 102 20 1 2
0 1 59 41 1 2
0 1 122 25 1 2
0 1 0 3 1 3
0 1 71 35 1 0
0 1 48 6 1 3
0 1 55 60 0 1
0 1 11 37 0 0
0 1 5 4 1 0
0 1 102 56 0 0
0 1 61 11 0 2
0 1 53 46 0 3
0 1 90 44 1 2
0 1 110 61 0 2
0 1 107 50 0 1
0 1 117 6 1 0
0 1 67 60 1 2
0 1 66 29 0 0
0 1 123 16 1 2
0 1 58 48 0 2
0 1 60 54 0 0
0 1 56 30 1 0
0 1 92 41 0 0
0 1 39 42 1 2
0 1 20 11 0 0
0 1 73 45 1 0
0 1 93 7 0 0
0 1 20 7 1 3
0 1 50 14 0 3
0 1 14 38 1 2
0 1 13 12 1 1
0 1 95 28 0 2
0 1 54 62 1 1
0 1 75 2 0 0
0 1 21 52 0 1
0 1 24 36 0 1
0 1 52 31 0 0
0 1 127 32 1 2
0 1 15 39 0 3
0 1 9 53 1 1
0 1 46 53 0 3
0 1 7 19 0 0
0 1 16 46 1 0
0 1 64 40 1 3
0 1 74 3 0 1
0 1 119 44 1 1
0 1 45 10 1 2
0 1 119 1 0 1
0 1 89 47 1 3
0 1 114 13 1 2
0 1 66 53 1 2
0 1 62 45 1 2
0 1 106 50 0 2
0 1 86 10 1 3
0 1 76 34 0 3
0 1 22 51 0 3
0 1 3 2 1 1
0 1 26 18 1 2
0 1 44 16 0 3
0 1 123 21 0 2
0 1 122 63 0 2
0 1 79 5 0 1
0 1 121 50 1 0
0 1 81 54 1 1
0 1 12 2 1 3
0 1 121 29 0 1
0 1 113 43 1 3
0 1 98 19 1 1
0 1 99 49 1 2
0 1 94 31 0 2
0 1 120 1 0 0
0 1 62 23 0 2
0 1 28 31 1 1
0 1 41 40 1 0
0 1 24 42 1 1
0 1 15 7 1 2
0 1 40 15 0 2
0 1 55 11 1 3
0 1 53 58 1 1
0 1 89 26 0 2
0 1 104 51 1 0
0 1 31 57 0 2
0 1 61 22 1 0
0 1 30 30 1 2
0 1 13 48 0 1
0 1 75 8 1 0
0 1 112 16 1 0
0 1 73 39 0 2
0 1 25 63 0 0
0 1 19 20 0 0
0 1 38 42 1 3
0 1 51 28 1 0
0 1 35 20 0 1
0 1 100 64 1 2
0 1 115 0 1 2
0 1 85 4 1 2
0 1 23 32 1 0
0 1 70 9 0 1
0 1 14 23 0 0
0 1 83 5 0 2
0 1 65 41 1 3
0 1 10 25 1 0
0 1 113 47 0 2
0 1 115 47 0 1
0 1 25 52 1 0
0 1 57 33 0 0
0 1 58 40 1 2
0 1 82 28 0 1
0 1 112 45 0 3
0 1 87 38 1 0
0 1 33 20 1 3
0 1 3 36 0 0
0 1 16 25 0 1
0 1 34 61 1 3
0 1 4 62 1 3
0 1 125 55 0 1
0 1 82 58 1 3
0 1 97 35 0 1
0 1 29 12 0 3
0 1 98 41 0 1
0 1 83 9 1 0
0 1 65 26 0 3
0 1 79 53 1 0
0 1 34 17 0 1
0 1 116 49 0 1
0 1 101 27 1 0
0 1 6 64 1 1
0 1 27 10 0 1
0 1 49 38 1 3
0 1 111 36 1 2
0 1 129 51 0 2
0 1 8 59 0 3
0 1 106 57 1 1
0 1 47 46 1 1
0 1 48 11 0 1
0 1 93 29 1 2
0 1 37 27 0 1
0 1 22 12 1 2
0 1 114 30 0 1
0 1 88 56 1 3
0 1 118 33 1 2
0 1 128 34 0 0
0 1 72 34 0 2
0 1 69 39 0 0
0 1 81 63 0 3
0 1 12 29 0 3
0 1 104 37 0 1
0 1 94 59 1 0
0 1 76 17 1 3
0 1 45 27 0 2
0 1 2 40 1 1
0 1 111 6 0 2
0 1 9 34 0 1
0 1 96 60 1 3
0 1 67 16 0 1
0 1 80 21 1 1
0 1 7 24 1 2
0 1 11 24 1 1
0 1 103 3 1 2
0 1 71 43 0 0
0 1 118 0 0 3
0 1 41 18 0 3
0 1 51 33 0 3
0 1 110 47 1 0
0 1 21 15 1 1
0 1 27 3 1 0
0 1 88 64 0 3
0 1 100 43 0 2
0 1 63 14 0 2
0 1 44 13 1 0
0 1 10 5 0 0
0 1 86 56 0 1
0 1 18 8 1 2
0 1 33 19 0 2
0 1 84 54 0 2
0 1 57 61 1 0
0 1 127 26 0 0
0 1 59 28 0 3
0 1 69 10 1 0
0 1 2 49 0 0
0 1 80 46 0 2
