0 1 94 10 1 1
0 1 36 38 1 3
0 1 96 34 1 0
0 1 49 63 0 0
0 1 82 40 0 2
0 1 19 56 1 0
0 1 117 21 0 1
0 1 17 61 1 0
0 1 95 35 0 2
0 1 37 15 1 1
0 1 121 49 0 0
0 1 110 19 0 2
0 1 23 25 1 3
0 1 72 18 0 0
0 1 114 52 0 1
0 1 10 50 0 1
0 1 0 33 1 3
0 1 88 6 0 2
0 1 18 8 1 1
0 1 4 45 0 1
0 1 21 28 1 3
0 1 112 42 1 1
0 1 0 34 0 1
0 1 128 41 0 3
0 1 33 51 1 3
0 1 107 17 0 3
0 1 14 23 1 0
0 1 111 36 0 0
0 1 26 28 0 0
0 1 82 30 1 2
0 1 77 39 1 3
0 1 81 60 1 1
0 1 55 9 1 1
0 1 16 41 1 0
0 1 127 25 0 2
0 1 70 2 1 3
0 1 87 63 1 2
0 1 75 43 0 2
0 1 43 42 0 3
0 1 108 51 1 0
0 1 68 11 0 1
0 1 14 1 0 2
0 1 98 8 0 2
0 1 116 4 1 1
0 1 7 3 1 3
0 1 41 22 0 0
0 1 92 31 1 2
0 1 112 53 0 1
0 1 3 16 0 3
0 1 101 24 0 1
0 1 45 27 1 0
0 1 71 23 0 1
0 1 67 26 1 3
0 1 103 54 0 2
0 1 88 63 1 3
0 1 25 32 0 0
0 1 109 0 1 3
0 1 50 36 0 2
0 1 100 20 1 3
0 1 12 42 0 2
0 1 118 31 1 0
0 1 106 58 0 2
0 1 10 36 1 3
0 1 69 7 1 2
0 1 45 22 0 3
0 1 27 60 0 0
0 1 53 47 1 2
0 1 1 13 1 3
0 1 61 40 1 0
0 1 126 5 1 3
0 1 59 26 0 2
0 1 20 43 0 1
0 1 51 61 1 3
0 1 4 60 1 2
0 1 2 0 1 1
0 1 29 15 0 2
0 1 85 19 0 1
0 1 74 49 0 3
0 1 123 56 0 1
0 1 58 29 0 3
0 1 56 21 0 2
0 1 120 57 0 0
0 1 92 14 0 0
0 1 59 55 1 1
0 1 27 8 1 3
0 1 113 13 0 1
0 1 35 64 1 2
0 1 30 1 0 0
0 1 51 6 0 3
0 1 42 12 1 1
0 1 22 48 1 1
0 1 49 10 1 2
0 1 101 54 1 1
0 1 79 59 1 2
0 1 42 14 0 1
0 1 87 37 0 2
0 1 60 23 0 2
0 1 66 64 0 1
0 1 39 18 1 3
0 1 52 46 0 1
0 1 9 25 0 1
0 1 52 38 1 2
0 1 20 4 1 0
0 1 57 52 0 3
0 1 105 58 0 0
0 1 62 9 1 3
0 1 46 5 0 2
0 1 116 62 0 0
0 1 13 44 1 2
0 1 37 32 0 3
0 1 83 59 1 3
0 1 115 35 0 1
0 1 121 59 1 0
0 1 107 12 1 2
0 1 99 37 0 1
0 1 26 33 1 2
0 1 38 26 1 1
0 1 18 9 0 2
0 1 7 44 0 0
0 1 54 16 0 2
0 1 118 34 0 2
0 1 117 51 1 2
0 1 100 11 0 2
0 1 50 2 1 2
0 1 97 30 0 1
0 1 34 40 1 3
0 1 40 16 1 0
0 1 47 44 0 1
0 1 44 1 0 3
0 1 31 48 0 0
0 1 73 53 0 0
0 1 90 33 1 0
0 1 12 61 1 1
0 1 102 2 0 1
0 1 63 57 1 3
0 1 48 30 0 0
0 1 61 60 0 3
0 1 64 8 1 0
0 1 55 15 0 0
0 1 114 39 1 1
0 1 93 14 0 2
0 1 28 24 0 0
0 1 38 3 0 0
0 1 56 42 1 0
0 1 35 3 0 1
0 1 98 56 1 3
0 1 11 11 1 3
0 1 74 21 1 3
0 1 78 27 0 2
0 1 126 6 0 0
0 1 29 56 1 2
0 1 122 57 0 1
0 1 84 17 0 2
0 1 58 47 1 0
0 1 81 12 0 3
0 1 41 37 1 3
0 1 40 20 0 0
0 1 22 18 0 2
0 1 104 62 1 2
0 1 21 54 0 0
0 1 6 49 0 2
0 1 47 58 1 3
0 1 122 32 1 2
0 1 80 7 0 1
0 1 119 50 1 0
0 1 65 27 1 3
0 1 31 39 1 2
0 1 75 38 1 0
0 1 34 31 0 1
0 1 102 7 1 0
0 1 124 50 1 3
0 1 94 55 0 3
0 1 95 43 1 0
0 1 28 19 1 0
0 1 128 11 1 0
0 1 2 5 0 1
0 1 68 61 1 2
0 1 62 46 0 2
0 1 83 48 0 2
0 1 91 55 1 0
0 1 85 19 1 3
0 1 115 10 1 3
0 1 108 45 0 0
0 1 5 46 1 0
0 1 96 37 0 0
0 1 70 9 0 0
0 1 48 24 1 3
0 1 103 45 1 3
0 1 8 17 1 1
0 1 66 1 1 1
0 1 110 48 1 3
0 1 60 52 1 0
0 1 17 41 0 2
0 1 5 24 0 2
0 1 79 13 0 0
0 1 78 6 1 1
0 1 89 64 0 0
0 1 64 53 0 2
0 1 90 53 0 3
0 1 76 28 1 2
0 1 84 58 1 1
0 1 57 35 1 0
0 1 120 63 1 1
0 1 67 15 0 3
0 1 39 32 0 1
0 1 77 29 0 0
0 1 89 17 1 0
0 1 125 29 1 2
0 1 109 45 0 2
0 1 8 22 0 2
0 1 97 38 1 1
0 1 19 57 0 2
0 1 13 50 0 2
0 1 44 62 1 3
0 1 11 47 0 3
0 1 91 44 0 3
0 1 24 30 0 3
0 1 1 4 0 3
0 1 80 0 1 0
0 1 69 55 0 2
0 1 25 21 1 0
0 1 76 13 0 2
0 1 33 0 0 2
0 1 127 20 1 1
0 1 53 12 0 0
0 1 125 34 0 3
0 1 124 43 0 3
0 1 119 29 0 1
0 1 106 22 1 1
0 1 46 41 1 1
0 1 72 39 1 0
0 1 63 46 0 3
0 1 104 35 0 3
0 1 54 7 1 3
