0 1 21 22 0 3
0 1 40 24 0 0
0 1 129 27 1 1
0 1 112 8 1 0
0 1 57 21 0 0
0 1 0 59 1 2
0 1 46 22 1 2
0 1 119 51 0 2
0 1 121 62 1 3
0 1 112 7 0 0
0 1 109 47 1 3
0 1 81 41 1 0
0 1 24 33 1 1
0 1 62 23 1 2
0 1 107 46 0 1
0 1 37 40 1 1
0 1 95 44 1 3
0 1 44 60 1 3
0 1 90 53 1 0
0 1 44 61 0 3
0 1 77 10 1 3
0 1 22 13 0 1
0 1 119 8 1 2
0 1 70 56 0 3
0 1 47 12 0 0
0 1 89 39 1 1
0 1 96 32 0 1
0 1 99 56 0 2
0 1 70 13 1 3
0 1 19 33 0 2
0 1 73 45 0 2
0 1 64 34 0 3
0 1 31 27 0 2
0 1 80 1 0 2
0 1 61 4 1 0
0 1 48 19 0 2
0 1 67 16 0 3
0 1 16 33 0 3
0 1 54 30 1 3
0 1 114 49 0 1
0 1 33 27 0 3
0 1 24 40 0 2
0 1 128 52 1 3
0 1 3 16 0 2
0 1 74 54 1 0
0 1 32 25 0 2
0 1 28 5 0 2
0 1 6 5 0 3
0 1 94 1 1 1
0 1 105 31 0 1
0 1 63 29 1 2
0 1 63 55 0 0
0 1 39 63 1 3
0 1 73 45 1 0
0 1 48 3 1 1
0 1 28 9 1 0
0 1 116 2 0 2
0 1 59 60 1 0
0 1 79 55 1 1
0 1 15 2 1 3
0 1 106 44 1 0
0 1 55 12 1 3
0 1 85 6 1 3
0 1 68 38 0 1
0 1 88 6 1 1
0 1 121 7 0 3
0 1 125 57 1 3
0 1 114 3 1 3
0 1 66 36 0 3
0 1 104 14 1 0
0 1 124 54 1 2
0 1 127 35 1 3
0 1 115 40 1 3
0 1 2 35 0 1
0 1 79 64 0 3
0 1 65 37 0 0
0 1 118 9 0 1
0 1 7 53 1 2
0 1 51 64 0 2
0 1 103 20 1 2
0 1 106 18 0 2
0 1 55 0 0 3
0 1 30 26 0 1
0 1 117 2 0 0
0 1 91 39 1 0
0 1 83 32 0 0
0 1 31 17 1 1
0 1 27 1 1 0
0 1 34 0 1 0
0 1 43 11 1 3
0 1 8 59 1 0
0 1 94 30 0 1
0 1 68 18 1 0
0 1 97 27 1 0
0 1 98 19 1 3
0 1 58 15 0 0
0 1 62 23 0 1
0 1 122 26 1 0
0 1 18 25 1 3
0 1 25 45 0 1
0 1 38 54 1 3
0 1 45 57 1 1
0 1 53 28 0 2
0 1 4 49 1 0
0 1 13 14 0 1
0 1 118 28 1 3
0 1 104 48 0 1
0 1 14 42 1 0
0 1 86 21 0 2
0 1 22 34 1 2
0 1 76 55 1 2
0 1 72 38 1 3
0 1 59 50 0 3
0 1 80 4 1 1
0 1 87 10 0 2
0 1 46 43 0 2
0 1 102 63 0 0
0 1 111 31 1 2
0 1 14 47 0 1
0 1 117 37 1 3
0 1 82 62 0 1
0 1 65 20 1 0
0 1 2 32 1 3
0 1 98 14 0 3
0 1 4 51 0 3
0 1 67 55 1 3
0 1 20 48 1 2
0 1 10 24 0 3
0 1 5 42 0 1
0 1 1 54 1 1
0 1 93 24 1 2
0 1 97 10 0 0
0 1 13 49 1 2
0 1 25 39 1 2
0 1 34 39 0 3
0 1 69 16 1 0
0 1 43 15 0 2
0 1 8 5 0 0
0 1 30 17 1 2
0 1 123 35 0 2
0 1 113 34 0 1
0 1 17 22 1 1
0 1 109 53 0 1
0 1 36 24 1 1
0 1 89 28 0 1
0 1 49 17 1 0
0 1 51 46 1 2
0 1 123 46 1 0
0 1 110 18 1 1
0 1 81 41 0 1
0 1 7 40 0 0
0 1 90 12 0 2
0 1 111 10 0 1
0 1 83 56 1 1
0 1 58 42 1 3
0 1 96 44 1 1
0 1 92 29 1 3
0 1 37 61 0 0
0 1 92 4 0 3
0 1 21 50 1 1
0 1 102 29 1 1
0 1 78 60 1 1
0 1 9 28 0 0
0 1 11 3 1 0
0 1 78 43 0 1
0 1 108 6 0 0
0 1 95 7 0 1
0 1 122 57 0 2
0 1 50 9 1 2
0 1 82 23 1 3
0 1 116 20 1 3
0 1 110 37 0 1
0 1 38 38 0 2
0 1 115 52 0 1
0 1 41 41 0 2
0 1 72 13 0 2
0 1 42 41 0 3
0 1 50 30 0 0
0 1 60 33 0 0
0 1 91 36 0 0
0 1 49 15 0 3
0 1 75 43 1 3
0 1 101 0 0 1
0 1 126 11 0 0
0 1 93 9 0 3
0 1 120 47 0 2
0 1 124 34 0 0
0 1 40 26 1 3
0 1 52 25 0 0
0 1 69 58 0 3
0 1 17 59 0 3
0 1 33 2 1 1
0 1 74 8 0 3
0 1 35 21 1 3
0 1 6 64 1 1
0 1 66 0 1 2
0 1 41 30 1 2
0 1 3 46 1 3
0 1 19 62 1 0
0 1 60 11 1 1
0 1 76 22 0 0
0 1 39 59 0 1
0 1 61 63 0 1
0 1 64 19 1 0
0 1 99 16 1 1
0 1 56 48 1 3
0 1 11 3 0 2
0 1 57 20 1 1
0 1 100 62 1 2
0 1 103 49 0 3
0 1 77 48 0 0
0 1 1 58 0 2
0 1 10 50 1 2
0 1 127 14 0 2
0 1 45 29 0 0
0 1 88 38 0 0
0 1 75 58 0 1
0 1 15 50 0 0
0 1 84 4 0 2
0 1 120 21 1 1
0 1 53 52 1 2
0 1 105 45 1 3
0 1 26 25 0 1
0 1 128 58 0 0
0 1 9 5 1 1
0 1 71 56 0 0
0 1 36 7 0 2
0 1 12 8 1 1
0 1 23 23 1 0
0 1 107 12 1 1
0 1 26 47 1 0
0 1 52 35 1 0
0 1 5 36 1 1
0 1 32 57 1 0
