0 1 88 8 0 2
0 1 121 13 0 0
0 1 104 53 1 3
0 1 23 23 0 2
0 1 59 51 1 0
0 1 15 54 0 1
0 1 14 7 1 1
0 1 32 63 0 2
0 1 43 16 1 3
0 1 122 29 0 0
0 1 65 27 0 1
0 1 89 30 0 3
0 1 46 2 1 2
0 1 4 58 1 2
0 1 62 21 1 2
0 1 109 1 0 1
0 1 55 19 0 3
0 1 86 34 0 1
0 1 0 44 1 3
0 1 83 40 0 1
0 1 101 1 0 3
0 1 110 31 0 2
0 1 43 19 0 2
0 1 80 21 1 3
0 1 119 55 0 0
0 1 118 6 1 2
0 1 126 43 1 3
0 1 34 47 1 0
0 1 1 56 0 1
0 1 69 57 1 0
0 1 44 58 1 1
0 1 51 15 1 2
0 1 64 21 0 1
0 1 25 42 0 3
0 1 20 17 0 1
0 1 30 24 0 3
0 1 105 61 0 2
0 1 67 60 1 3
0 1 83 51 1 2
0 1 73 59 0 1
0 1 62 5 0 3
0 1 98 32 1 2
0 1 36 52 1 1
0 1 37 35 1 1
0 1 50 10 0 0
0 1 70 4 0 3
0 1 3 9 1 2
0 1 41 55 1 3
0 1 18 14 0 0
0 1 101 36 1 2
0 1 61 39 1 1
0 1 18 0 1 1
0 1 105 12 1 2
0 1 35 26 1 1
0 1 128 41 0 2
0 1 56 38 1 3
0 1 123 12 1 1
0 1 113 18 1 0
0 1 48 43 1 1
0 1 15 37 1 3
0 1 58 56 1 3
0 1 98 11 0 3
0 1 102 64 0 0
0 1 100 45 1 1
0 1 33 50 1 2
0 1 109 20 1 1
0 1 34 7 0 2
0 1 118 18 0 3
0 1 96 49 0 1
0 1 94 25 1 3
0 1 39 33 1 1
0 1 7 6 1 1
0 1 113 28 0 0
0 1 27 28 0 1
0 1 49 46 0 3
0 1 79 58 1 0
0 1 102 32 1 0
0 1 116 17 1 3
0 1 20 62 1 1
0 1 71 63 0 1
0 1 75 37 0 1
0 1 9 0 0 3
0 1 72 15 0 0
0 1 92 59 1 2
0 1 51 38 0 2
0 1 13 36 1 3
0 1 107 46 1 0
0 1 124 27 1 3
0 1 104 42 0 2
0 1 85 22 1 0
0 1 93 9 0 1
0 1 38 57 0 3
0 1 93 25 1 1
0 1 5 4 1 1
0 1 23 61 1 1
0 1 32 8 1 3
0 1 52 46 0 2
0 1 2 13 0 2
0 1 54 64 1 3
0 1 112 14 0 2
0 1 92 24 0 2
0 1 85 22 0 2
0 1 68 5 1 0
0 1 81 4 1 0
0 1 36 48 0 3
0 1 37 62 0 2
0 1 5 53 0 1
0 1 96 2 1 3
0 1 63 56 0 2
0 1 69 49 0 3
0 1 108 26 1 0
0 1 114 50 1 3
0 1 16 23 1 1
0 1 42 45 1 2
0 1 116 48 0 0
0 1 2 11 1 1
0 1 42 35 0 0
0 1 53 44 1 2
0 1 0 17 0 2
0 1 73 20 1 2
0 1 33 6 0 0
0 1 30 38 1 0
0 1 80 59 0 0
0 1 47 2 1 0
0 1 77 3 0 1
0 1 91 10 1 1
0 1 110 5 1 1
0 1 24 49 1 2
0 1 12 42 0 0
0 1 74 15 0 3
0 1 75 34 1 0
0 1 1 64 1 2
0 1 21 25 1 0
0 1 44 1 0 0
0 1 120 22 1 3
0 1 95 1 0 2
0 1 47 16 0 1
0 1 24 40 0 2
0 1 97 29 0 2
0 1 11 23 1 0
0 1 114 39 0 3
0 1 17 9 0 3
0 1 17 8 1 1
0 1 78 18 1 2
0 1 95 34 1 3
0 1 28 26 1 3
0 1 82 28 1 3
0 1 103 13 0 1
0 1 9 36 1 0
0 1 129 11 1 2
0 1 53 56 0 0
0 1 78 60 0 1
0 1 100 57 0 2
0 1 27 24 1 0
0 1 60 12 1 0
0 1 45 45 1 0
0 1 91 63 0 3
0 1 25 61 1 3
0 1 127 25 0 2
0 1 125 62 0 3
0 1 13 20 0 3
0 1 126 11 0 0
0 1 106 12 1 3
0 1 16 38 0 1
0 1 12 41 1 3
0 1 108 30 0 0
0 1 64 32 1 3
0 1 107 3 0 0
0 1 79 51 0 3
0 1 61 39 0 2
0 1 8 48 1 1
0 1 112 31 1 0
0 1 63 19 1 1
0 1 45 33 0 3
0 1 119 37 1 2
0 1 111 21 1 0
0 1 120 52 0 3
0 1 57 47 1 1
0 1 50 23 1 3
0 1 94 30 0 2
0 1 76 50 1 1
0 1 77 54 1 0
0 1 35 7 0 0
0 1 28 31 0 1
0 1 41 44 0 1
0 1 31 13 0 3
0 1 117 35 1 2
0 1 127 17 1 0
0 1 84 55 0 1
0 1 54 14 0 3
0 1 87 10 1 3
0 1 128 52 1 2
0 1 26 51 1 1
0 1 56 32 0 1
0 1 31 33 1 0
0 1 38 52 1 0
0 1 29 62 0 0
0 1 52 0 1 2
0 1 22 3 1 2
0 1 99 43 0 2
0 1 71 40 1 0
0 1 66 47 0 3
0 1 10 6 0 3
0 1 97 33 1 2
0 1 7 54 0 3
0 1 66 42 1 1
0 1 46 41 0 1
0 1 67 27 0 0
0 1 19 39 0 0
0 1 115 4 1 2
0 1 89 58 1 3
0 1 90 47 1 2
0 1 14 0 0 0
0 1 59 3 0 3
0 1 82 10 0 2
0 1 60 50 0 0
0 1 115 20 0 0
0 1 22 2 0 1
0 1 111 34 0 2
0 1 58 60 0 0
0 1 84 31 1 3
0 1 106 46 0 1
0 1 129 18 0 1
0 1 48 43 0 0
0 1 125 44 1 0
0 1 29 16 1 0
0 1 8 53 0 2
0 1 65 61 1 0
0 1 117 40 0 3
0 1 55 22 1 1
0 1 3 24 0 1
0 1 39 27 0 2
0 1 6 41 0 0
0 1 123 64 0 1
