0 1 96 47 0 0
0 1 121 55 0 1
0 1 56 36 0 2
0 1 24 11 1 0
0 1 59 35 1 3
0 1 87 60 1 0
0 1 51 57 1 3
0 1 122 31 0 0
0 1 127 7 0 0
0 1 60 35 1 1
0 1 109 3 0 2
0 1 44 52 0 3
0 1 104 57 1 1
0 1 38 59 1 1
0 1 9 2 1 1
0 1 43 26 1 2
0 1 89 41 1 2
0 1 97 27 1 3
0 1 81 60 0 1
0 1 113 36 1 0
0 1 70 1 0 2
0 1 6 57 0 0
0 1 27 51 0 0
0 1 82 5 0 3
0 1 40 45 1 1
0 1 13 37 1 2
0 1 23 58 1 0
0 1 4 16 1 2
0 1 2 63 0 3
0 1 120 14 0 0
0 1 100 28 1 0
0 1 58 20 0 3
0 1 33 19 0 1
0 1 56 56 1 3
0 1 112 52 1 1
0 1 8 39 0 3
0 1 119 1 1 3
0 1 124 46 0 2
0 1 90 26 0 1
0 1 100 40 0 1
0 1 76 46 1 3
0 1 87 48 0 0
0 1 22 18 1 3
0 1 71 13 0 3
0 1 39 12 1 2
0 1 103 29 1 2
0 1 10 22 0 3
0 1 0 2 1 0
0 1 16 2 1 2
0 1 1 49 0 1
0 1 27 27 1 1
0 1 101 0 0 1
0 1 118 63 0 0
0 1 86 53 0 0
0 1 127 61 1 3
0 1 94 22 0 2
0 1 23 56 0 1
0 1 125 5 1 1
0 1 69 63 1 2
0 1 50 61 1 1
0 1 18 30 1 3
0 1 36 38 0 0
0 1 34 13 1 1
0 1 55 47 1 2
0 1 101 29 1 0
0 1 49 38 1 3
0 1 123 32 0 0
0 1 24 20 0 0
0 1 30 21 1 0
0 1 107 51 0 3
0 1 85 6 0 0
0 1 18 27 0 0
0 1 99 34 1 3
0 1 48 36 1 3
0 1 48 41 0 3
0 1 72 49 0 2
0 1 57 64 0 3
0 1 15 21 0 3
0 1 41 39 0 2
0 1 105 48 0 1
0 1 123 44 1 2
0 1 120 16 1 0
0 1 39 12 0 0
0 1 83 51 1 2
0 1 62 49 1 3
0 1 84 28 1 2
0 1 14 30 1 0
0 1 57 47 1 3
0 1 86 25 1 2
0 1 124 9 1 0
0 1 47 63 1 1
0 1 113 43 0 2
0 1 12 37 0 3
0 1 11 34 1 2
0 1 20 9 1 1
0 1 3 32 1 1
0 1 76 46 0 1
0 1 84 7 0 3
0 1 102 1 1 0
0 1 91 30 0 2
0 1 91 15 1 2
0 1 40 49 0 0
0 1 102 54 0 0
0 1 11 50 0 3
0 1 53 14 0 1
0 1 35 31 1 3
0 1 105 40 1 0
0 1 78 59 0 3
0 1 93 21 1 1
0 1 36 23 1 3
0 1 12 30 1 1
0 1 2 53 1 1
0 1 20 64 0 0
0 1 25 32 1 3
0 1 79 58 0 1
0 1 63 29 0 1
0 1 63 28 1 1
0 1 21 15 1 1
0 1 82 19 1 0
0 1 66 35 0 2
0 1 49 61 0 2
0 1 16 11 0 1
0 1 13 16 0 3
0 1 73 18 0 1
0 1 6 3 1 1
0 1 42 43 0 0
0 1 67 55 1 2
0 1 15 41 1 0
0 1 114 41 0 1
0 1 38 48 0 3
0 1 65 62 0 1
0 1 1 14 1 3
0 1 9 8 0 1
0 1 37 50 1 1
0 1 28 4 0 2
0 1 54 17 0 0
0 1 75 17 0 2
0 1 118 0 1 2
0 1 111 10 1 2
0 1 119 24 0 2
0 1 17 23 1 1
0 1 29 42 0 2
0 1 110 52 1 2
0 1 35 10 0 3
0 1 88 16 0 1
0 1 98 62 1 3
0 1 42 27 1 2
0 1 93 25 0 1
0 1 46 33 1 3
0 1 19 8 1 3
0 1 22 15 0 3
0 1 89 18 0 0
0 1 25 62 0 0
0 1 111 33 0 1
0 1 58 56 1 0
0 1 128 45 1 2
0 1 121 5 1 0
0 1 66 24 1 0
0 1 53 3 1 3
0 1 33 64 1 2
0 1 96 26 1 0
0 1 64 55 0 3
0 1 77 29 1 3
0 1 126 62 1 2
0 1 115 33 0 0
0 1 106 25 1 0
0 1 94 31 1 1
0 1 32 43 0 3
0 1 103 45 0 0
0 1 52 48 0 2
0 1 52 22 1 1
0 1 115 54 1 1
0 1 28 39 1 0
0 1 8 11 1 2
0 1 46 44 0 3
0 1 7 24 1 1
0 1 128 40 0 3
0 1 43 7 0 2
0 1 62 59 0 2
0 1 32 3 1 0
0 1 68 44 1 1
0 1 55 38 0 2
0 1 21 46 0 0
0 1 116 20 0 1
0 1 69 35 0 0
0 1 98 10 0 0
0 1 99 54 0 2
0 1 67 31 0 2
0 1 79 4 1 0
0 1 117 0 0 0
0 1 110 42 0 3
0 1 92 42 1 0
0 1 126 58 0 3
0 1 77 5 0 2
0 1 117 19 1 2
0 1 80 21 0 2
0 1 54 10 1 1
0 1 74 12 0 3
0 1 104 22 0 0
0 1 95 60 0 2
0 1 97 54 0 3
0 1 5 8 1 2
0 1 10 23 1 0
0 1 19 24 0 3
0 1 83 37 0 1
0 1 73 51 1 1
0 1 74 28 1 3
0 1 31 4 0 1
0 1 116 47 1 1
0 1 72 39 1 1
0 1 81 12 1 1
0 1 34 9 0 3
0 1 30 53 0 3
0 1 122 40 1 2
0 1 45 52 1 0
0 1 61 42 0 1
0 1 108 14 0 2
0 1 59 44 0 0
0 1 7 13 0 0
0 1 129 34 1 1
0 1 65 6 1 3
0 1 37 56 0 2
0 1 125 17 0 3
0 1 4 55 0 0
0 1 129 25 0 3
0 1 64 58 1 2
0 1 70 60 1 3
0 1 3 50 0 0
0 1 107 18 1 2
0 1 109 43 1 1
0 1 88 23 1 2
0 1 14 37 0 0
0 1 0 0 0 3
0 1 114 8 1 0
