0 1 64 64 1 0
0 1 29 17 1 2
0 1 113 50 0 0
0 1 127 64 1 2
0 1 22 49 1 1
0 1 123 6 0 2
0 1 54 28 1 3
0 1 69 45 1 2
0 1 35 1 0 0
0 1 34 25 0 0
0 1 28 17 0 1
0 1 14 8 0 3
0 1 39 32 1 1
0 1 66 63 0 0
0 1 101 20 1 3
0 1 126 14 1 2
0 1 40 18 1 1
0 1 124 58 1 2
0 1 26 56 0 3
0 1 57 29 0 0
0 1 119 5 0 0
0 1 34 55 1 3
0 1 114 35 1 1
0 1 107 58 1 1
0 1 125 41 1 1
0 1 24 24 1 2
0 1 41 47 1 2
0 1 6 57 1 0
0 1 120 37 1 1
0 1 4 55 1 0
0 1 116 3 0 2
0 1 27 42 1 1
0 1 21 43 0 0
0 1 47 40 0 2
0 1 89 5 0 2
0 1 75 10 1 3
0 1 1 40 0 0
0 1 87 14 0 3
0 1 25 7 0 1
0 1 65 58 1 0
0 1 103 35 0 0
0 1 104 46 1 3
0 1 78 21 1 2
0 1 77 60 1 3
0 1 79 23 1 0
0 1 11 39 0 0
0 1 106 22 1 0
0 1 93 54 0 0
0 1 32 6 1 3
0 1 77 17 0 3
0 1 62 7 0 2
0 1 69 20 0 0
0 1 109 11 1 1
0 1 38 54 0 2
0 1 82 0 0 0
0 1 22 16 0 3
0 1 113 15 1 2
0 1 83 25 1 3
0 1 129 13 1 2
0 1 47 63 1 2
0 1 35 31 1 3
0 1 81 52 1 3
0 1 122 53 0 2
0 1 128 45 0 0
0 1 3 33 1 2
0 1 17 26 1 1
0 1 63 57 0 3
0 1 32 27 0 0
0 1 65 30 0 3
0 1 116 37 1 0
0 1 12 10 1 0
0 1 29 2 0 0
0 1 67 9 0 0
0 1 117 28 1 2
0 1 86 35 1 3
0 1 0 18 1 3
0 1 85 5 0 3
0 1 40 59 0 1
0 1 79 15 0 1
0 1 128 42 1 2
0 1 126 13 0 0
0 1 68 53 0 3
0 1 5 3 1 0
0 1 114 21 0 0
0 1 1 19 1 2
0 1 87 36 1 1
0 1 66 2 1 1
0 1 5 23 0 1
0 1 49 62 0 3
0 1 17 1 0 1
0 1 81 38 0 2
0 1 56 51 0 2
0 1 38 4 1 2
0 1 67 43 1 1
0 1 92 39 1 3
0 1 20 33 1 3
0 1 42 34 0 3
0 1 91 12 1 2
0 1 16 61 1 1
0 1 60 49 0 0
0 1 112 29 1 1
0 1 76 51 1 0
0 1 84 31 1 2
0 1 30 36 0 0
0 1 94 32 0 0
0 1 97 44 0 3
0 1 36 26 0 0
0 1 95 40 1 1
0 1 107 59 0 0
0 1 118 48 0 0
0 1 102 54 1 3
0 1 55 62 1 1
0 1 92 61 0 3
0 1 119 28 1 1
0 1 7 60 1 1
0 1 63 4 1 1
0 1 8 27 1 1
0 1 9 38 1 0
0 1 100 0 0 3
0 1 54 5 0 1
0 1 110 26 0 2
0 1 45 0 1 2
0 1 37 35 0 2
0 1 37 29 1 3
0 1 97 25 1 1
0 1 51 2 1 3
0 1 120 11 0 3
0 1 23 24 1 1
0 1 46 10 0 2
0 1 108 47 1 1
0 1 49 51 1 3
0 1 106 9 0 1
0 1 48 48 0 1
0 1 25 37 1 2
0 1 52 39 1 2
0 1 117 30 0 0
0 1 4 12 0 3
0 1 50 4 0 3
0 1 43 26 1 3
0 1 74 34 1 1
0 1 85 59 1 3
0 1 42 44 1 1
0 1 84 27 0 3
0 1 33 20 0 1
0 1 59 52 0 0
0 1 15 55 0 1
0 1 18 3 0 1
0 1 78 57 0 1
0 1 8 46 0 0
0 1 71 22 1 2
0 1 80 49 1 2
0 1 94 36 1 2
0 1 46 32 1 2
0 1 52 19 0 0
0 1 51 3 0 3
0 1 90 13 0 3
0 1 15 47 1 0
0 1 100 52 1 1
0 1 57 10 1 1
0 1 6 21 0 1
0 1 20 64 0 1
0 1 50 31 1 0
0 1 58 1 0 3
0 1 103 63 1 3
0 1 59 7 1 3
0 1 102 55 0 2
0 1 2 28 1 0
0 1 58 61 1 2
0 1 64 30 0 1
0 1 101 43 0 3
0 1 30 51 1 1
0 1 99 60 0 2
0 1 91 46 0 2
0 1 10 64 0 3
0 1 2 53 0 0
0 1 62 23 1 3
0 1 13 56 0 2
0 1 61 19 0 3
0 1 11 8 1 0
0 1 123 34 1 0
0 1 109 18 0 0
0 1 72 22 1 1
0 1 31 57 1 2
0 1 98 6 1 1
0 1 111 61 0 0
0 1 43 11 0 2
0 1 90 50 1 1
0 1 12 58 0 3
0 1 110 17 1 0
0 1 39 43 0 2
0 1 122 12 1 0
0 1 115 50 1 2
0 1 48 42 1 3
0 1 10 56 1 1
0 1 44 46 0 1
0 1 18 1 1 2
0 1 80 40 0 3
0 1 53 38 1 3
0 1 13 48 1 2
0 1 71 11 0 0
0 1 33 21 1 3
0 1 27 53 0 1
0 1 44 41 1 3
0 1 108 25 0 2
0 1 112 31 0 1
0 1 26 60 1 0
0 1 31 8 0 2
0 1 118 62 1 2
0 1 28 24 1 3
0 1 93 47 1 3
0 1 16 50 0 3
0 1 3 4 0 0
0 1 95 36 0 3
0 1 104 39 0 1
0 1 55 29 0 2
0 1 105 23 0 2
0 1 82 14 1 1
0 1 70 44 1 0
0 1 121 12 0 1
0 1 88 15 1 0
0 1 21 14 1 0
0 1 99 48 1 3
0 1 72 0 0 1
0 1 89 16 1 2
0 1 7 41 0 2
0 1 86 63 0 1
0 1 0 13 0 1
0 1 96 9 1 2
0 1 83 15 0 3
0 1 75 56 0 0
0 1 73 42 0 0
0 1 24 37 0 3
0 1 121 38 1 1
0 1 96 45 0 3
