0 1 7 53 0 0
0 1 18 36 0 2
0 1 126 22 1 1
0 1 41 29 0 1
0 1 87 23 0 3
0 1 127 21 1 3
0 1 95 44 1 2
0 1 28 26 1 2
0 1 88 42 1 1
0 1 63 31 0 2
0 1 101 15 0 2
0 1 128 8 1 0
0 1 116 6 1 0
0 1 55 7 0 1
0 1 12 21 0 1
0 1 3 28 1 3
0 1 56 31 0 0
0 1 119 45 0 2
0 1 75 16 1 3
0 1 10 38 1 2
0 1 33 26 0 0
0 1 59 43 0 3
0 1 129 64 0 3
0 1 113 47 1 0
0 1 51 9 0 3
0 1 120 0 1 3
0 1 3 47 0 2
0 1 11 27 0 1
0 1 58 23 1 1
0 1 20 55 0 1
0 1 22 5 0 2
0 1 65 34 0 2
0 1 120 13 0 1
0 1 69 40 0 1
0 1 31 14 0 3
0 1 82 52 0 3
0 1 97 61 0 0
0 1 56 2 1 0
0 1 77 54 1 0
0 1 87 55 1 3
0 1 99 56 0 1
0 1 105 35 1 1
0 1 42 15 1 3
0 1 78 46 0 1
0 1 1 50 0 1
0 1 47 0 1 2
0 1 104 24 0 3
0 1 26 11 1 2
0 1 80 57 1 0
0 1 7 59 1 2
0 1 128 20 0 2
0 1 52 35 0 2
0 1 40 46 0 3
0 1 22 3 1 2
0 1 74 19 0 2
0 1 16 12 1 3
0 1 63 5 1 1
0 1 116 28 0 1
0 1 60 60 1 2
0 1 106 32 0 1
0 1 110 52 0 0
0 1 98 55 0 2
0 1 45 13 1 0
0 1 26 41 0 3
0 1 48 63 0 2
0 1 23 33 1 1
0 1 14 53 1 1
0 1 68 46 0 2
0 1 12 17 1 0
0 1 15 37 0 3
0 1 110 19 1 1
0 1 32 4 0 2
0 1 43 25 0 0
0 1 86 48 1 1
0 1 21 1 0 2
0 1 102 30 0 2
0 1 72 33 1 0
0 1 30 31 1 3
0 1 15 30 1 3
0 1 85 38 0 3
0 1 125 12 0 1
0 1 72 37 0 0
0 1 20 24 1 2
0 1 94 32 0 3
0 1 27 63 0 3
0 1 34 22 0 0
0 1 115 62 0 1
0 1 82 6 1 2
0 1 71 42 1 3
0 1 70 2 0 3
0 1 126 9 0 0
0 1 52 0 1 0
0 1 96 34 0 0
0 1 109 58 0 0
0 1 84 45 1 1
0 1 75 29 0 2
0 1 9 53 0 3
0 1 51 44 1 1
0 1 59 14 1 1
0 1 124 4 0 3
0 1 91 0 1 1
0 1 58 11 0 0
0 1 114 39 0 3
0 1 80 59 0 0
0 1 35 63 0 1
0 1 67 40 1 3
0 1 44 8 1 3
0 1 33 49 1 0
0 1 112 30 1 1
0 1 40 48 1 3
0 1 66 10 1 3
0 1 106 15 1 0
0 1 127 43 0 0
0 1 61 27 0 2
0 1 25 55 1 0
0 1 107 1 1 1
0 1 19 41 1 1
0 1 109 33 1 3
0 1 0 7 1 0
0 1 25 47 0 1
0 1 79 29 1 0
0 1 17 8 0 1
0 1 122 34 0 3
0 1 39 58 0 2
0 1 102 35 1 3
0 1 93 27 0 0
0 1 96 49 1 3
0 1 74 3 1 3
0 1 24 39 0 2
0 1 54 41 0 0
0 1 129 36 1 1
0 1 89 25 0 1
0 1 125 60 1 1
0 1 2 41 1 2
0 1 85 9 1 1
0 1 100 7 1 3
0 1 114 26 1 1
0 1 100 30 0 0
0 1 27 10 1 2
0 1 119 61 1 1
0 1 90 52 0 2
0 1 37 64 0 0
0 1 93 23 1 0
0 1 2 48 0 2
0 1 62 58 0 3
0 1 90 43 1 2
0 1 46 56 1 0
0 1 122 28 1 0
0 1 30 3 0 1
0 1 1 24 1 0
0 1 39 11 1 3
0 1 73 60 0 3
0 1 28 62 0 2
0 1 35 22 1 3
0 1 118 14 0 2
0 1 45 2 0 2
0 1 31 20 1 1
0 1 55 36 1 3
0 1 19 25 0 2
0 1 69 44 1 0
0 1 6 48 1 0
0 1 38 54 0 2
0 1 104 16 1 2
0 1 5 51 1 2
0 1 46 57 0 2
0 1 117 60 1 0
0 1 81 1 1 0
0 1 41 9 1 2
0 1 17 51 1 3
0 1 57 19 0 3
0 1 32 20 1 0
0 1 67 14 0 0
0 1 29 12 0 2
0 1 76 4 1 0
0 1 38 18 1 1
0 1 24 50 1 3
0 1 108 18 0 2
0 1 47 21 0 0
0 1 88 34 0 1
0 1 94 59 1 3
0 1 123 22 1 2
0 1 95 13 0 3
0 1 99 46 1 0
0 1 111 64 0 2
0 1 92 57 0 1
0 1 98 64 1 1
0 1 61 27 1 3
0 1 123 51 0 1
0 1 23 7 0 2
0 1 4 16 0 1
0 1 13 37 1 1
0 1 65 32 1 2
0 1 21 15 1 1
0 1 8 17 0 1
0 1 60 56 0 3
0 1 10 29 0 3
0 1 112 58 0 1
0 1 66 42 0 0
0 1 84 49 0 1
0 1 14 16 0 0
0 1 113 38 0 1
0 1 50 50 0 2
0 1 53 1 1 3
0 1 111 21 1 2
0 1 62 11 1 1
0 1 121 38 1 0
0 1 9 2 1 1
0 1 36 39 0 0
0 1 16 52 0 1
0 1 121 51 0 0
0 1 36 33 1 2
0 1 49 54 1 1
0 1 43 39 1 1
0 1 81 20 0 3
0 1 92 43 1 1
0 1 76 50 0 0
0 1 64 4 1 1
0 1 64 25 0 3
0 1 78 18 1 3
0 1 89 47 1 3
0 1 79 5 0 3
0 1 73 17 1 2
0 1 101 56 1 2
0 1 8 45 1 0
0 1 108 61 1 2
0 1 83 45 1 3
0 1 37 37 1 2
0 1 57 36 1 0
0 1 117 17 0 3
0 1 4 62 1 0
0 1 29 18 1 0
0 1 107 8 0 2
0 1 34 19 1 0
0 1 77 10 0 0
