0 1 42 10 1 0
0 1 122 27 0 0
0 1 7 31 0 0
0 1 61 57 1 1
0 1 88 64 0 2
0 1 49 23 0 0
0 1 108 21 0 2
0 1 67 38 0 0
0 1 62 28 1 0
0 1 120 43 1 0
0 1 30 1 0 1
0 1 69 41 1 2
0 1 123 61 1 0
0 1 79 54 0 0
0 1 25 55 0 1
0 1 36 48 0 3
0 1 12 12 1 1
0 1 50 24 0 1
0 1 112 51 0 1
0 1 65 15 1 3
0 1 57 33 0 0
0 1 97 47 0 3
0 1 3 45 1 2
0 1 117 39 0 1
0 1 13 22 1 1
0 1 77 58 0 1
0 1 90 44 1 0
0 1 90 3 0 3
0 1 59 17 0 0
0 1 127 58 0 3
0 1 96 25 0 0
0 1 98 34 0 0
0 1 102 54 0 3
0 1 1 59 0 1
0 1 8 30 0 1
0 1 71 16 1 2
0 1 100 56 0 1
0 1 23 57 0 3
0 1 17 33 1 3
0 1 91 36 0 0
0 1 124 50 0 2
0 1 93 22 0 0
0 1 58 32 1 3
0 1 5 20 1 2
0 1 33 9 0 2
0 1 129 49 0 2
0 1 4 60 1 1
0 1 54 19 1 0
0 1 120 62 0 1
0 1 80 18 0 0
0 1 92 9 1 1
0 1 103 2 1 0
0 1 121 26 0 0
0 1 57 38 1 2
0 1 128 16 1 1
0 1 123 46 0 3
0 1 106 11 0 1
0 1 38 37 0 1
0 1 47 38 1 1
0 1 63 48 1 2
0 1 104 35 0 3
0 1 33 47 1 0
0 1 14 63 1 0
0 1 45 34 1 3
0 1 87 60 1 3
0 1 40 12 0 3
0 1 116 29 1 1
0 1 105 14 1 1
0 1 68 37 1 0
0 1 74 16 1 3
0 1 91 13 1 1
0 1 34 18 0 2
0 1 81 14 0 0
0 1 49 19 1 2
0 1 18 5 1 2
0 1 111 56 1 0
0 1 107 4 1 0
0 1 81 52 1 2
0 1 84 29 0 0
0 1 98 5 1 3
0 1 48 2 0 2
0 1 9 17 1 3
0 1 126 45 1 3
0 1 99 20 0 0
0 1 46 47 0 1
0 1 67 53 1 3
0 1 76 15 1 0
0 1 17 15 0 2
0 1 103 28 0 1
0 1 82 8 1 0
0 1 119 53 1 1
0 1 112 13 1 0
0 1 24 46 1 2
0 1 22 41 0 3
0 1 72 9 1 3
0 1 41 21 1 1
0 1 64 24 0 3
0 1 15 31 1 2
0 1 86 43 0 2
0 1 87 6 0 1
0 1 37 28 1 2
0 1 64 42 1 2
0 1 70 8 0 1
0 1 36 40 1 2
0 1 95 8 0 3
0 1 60 4 1 3
0 1 117 62 1 2
0 1 73 63 1 2
0 1 26 48 1 0
0 1 38 54 1 1
0 1 66 40 0 1
0 1 35 64 0 0
0 1 0 23 0 2
0 1 3 7 0 0
0 1 60 34 0 1
0 1 0 25 1 3
0 1 109 49 1 0
0 1 54 36 0 1
0 1 129 35 1 1
0 1 20 10 0 3
0 1 71 50 0 3
0 1 75 30 1 2
0 1 94 52 1 1
0 1 100 8 1 2
0 1 89 59 0 3
0 1 28 21 1 3
0 1 47 42 0 0
0 1 62 25 0 1
0 1 116 57 0 0
0 1 122 26 1 1
0 1 42 13 0 3
0 1 109 27 0 1
0 1 39 62 1 0
0 1 10 13 0 2
0 1 11 12 0 2
0 1 125 44 0 1
0 1 30 39 1 3
0 1 31 17 1 2
0 1 32 7 1 2
0 1 78 59 1 0
0 1 53 39 0 0
0 1 84 61 1 3
0 1 92 0 0 2
0 1 19 6 0 2
0 1 56 55 1 2
0 1 115 11 0 2
0 1 74 32 0 0
0 1 37 46 0 0
0 1 29 49 1 1
0 1 24 0 0 3
0 1 6 26 0 2
0 1 16 9 1 0
0 1 82 43 0 1
0 1 66 5 1 1
0 1 51 31 1 3
0 1 83 33 1 2
0 1 13 58 0 0
0 1 27 10 0 2
0 1 110 64 0 3
0 1 70 53 1 2
0 1 76 3 0 0
0 1 56 43 0 3
0 1 10 3 1 2
0 1 114 4 1 2
0 1 118 19 0 1
0 1 20 33 1 1
0 1 127 0 1 1
0 1 5 18 0 3
0 1 99 64 1 1
0 1 104 51 1 0
0 1 14 56 0 3
0 1 108 45 1 0
0 1 43 50 1 0
0 1 110 12 1 0
0 1 21 55 0 0
0 1 34 62 1 3
0 1 25 15 1 1
0 1 61 1 0 2
0 1 88 2 1 1
0 1 52 60 0 0
0 1 118 23 1 1
0 1 95 51 1 3
0 1 23 24 1 0
0 1 75 35 0 0
0 1 1 29 1 3
0 1 73 36 0 2
0 1 39 11 0 3
0 1 124 4 1 1
0 1 115 38 1 3
0 1 8 37 1 3
0 1 15 41 0 0
0 1 107 52 0 0
0 1 77 40 1 3
0 1 7 46 1 1
0 1 102 40 1 0
0 1 113 26 0 3
0 1 28 23 0 3
0 1 58 49 0 3
0 1 26 7 0 1
0 1 69 21 0 0
0 1 22 63 1 3
0 1 96 14 1 2
0 1 53 1 1 0
0 1 128 61 0 1
0 1 85 32 1 1
0 1 65 6 0 3
0 1 106 29 1 2
0 1 101 48 1 1
0 1 83 30 0 3
0 1 29 63 0 1
0 1 113 44 1 3
0 1 11 19 1 3
0 1 2 31 1 1
0 1 19 27 1 2
0 1 46 34 1 2
0 1 111 20 0 1
0 1 12 30 0 0
0 1 52 6 1 0
0 1 89 42 1 1
0 1 126 61 0 2
0 1 41 14 0 3
0 1 86 2 1 3
0 1 80 22 1 3
0 1 121 42 1 3
0 1 16 51 0 2
0 1 40 5 1 0
0 1 63 58 0 2
0 1 18 28 0 3
0 1 97 1 1 3
0 1 119 22 0 2
0 1 31 37 0 2
0 1 44 25 0 2
0 1 114 10 0 1
0 1 4 47 0 2
