0 1 126 35 1 2
0 1 57 17 0 3
0 1 13 33 1 3
0 1 35 17 1 1
0 1 55 61 1 3
0 1 96 63 0 0
0 1 59 0 0 3
0 1 70 23 0 2
0 1 25 51 0 0
0 1 49 32 0 0
0 1 12 58 1 3
0 1 50 61 0 1
0 1 76 41 1 3
0 1 2 50 0 3
0 1 93 39 1 1
0 1 21 6 0 1
0 1 52 5 1 0
0 1 117 25 1 2
0 1 110 25 1 0
0 1 103 62 1 2
0 1 113 10 0 0
0 1 8 60 1 3
0 1 115 45 0 1
0 1 60 28 1 1
0 1 16 62 0 1
0 1 122 41 1 1
0 1 40 59 1 0
0 1 124 45 0 0
0 1 94 29 1 2
0 1 111 57 0 3
0 1 79 22 1 0
0 1 126 9 0 0
0 1 30 38 0 2
0 1 107 52 1 3
0 1 41 56 0 2
0 1 25 10 1 3
0 1 75 27 1 3
0 1 64 7 0 1
0 1 51 47 0 3
0 1 109 46 1 0
0 1 9 16 1 1
0 1 5 48 0 2
0 1 22 26 0 0
0 1 24 18 1 2
0 1 125 36 1 2
0 1 54 12 1 3
0 1 29 4 1 1
0 1 91 11 0 1
0 1 28 31 1 0
0 1 16 53 1 2
0 1 87 43 0 1
0 1 74 63 0 2
0 1 63 7 1 2
0 1 74 40 1 3
0 1 119 30 0 3
0 1 65 37 0 3
0 1 103 64 0 0
0 1 84 34 0 2
0 1 58 12 0 0
0 1 64 1 1 3
0 1 69 8 1 0
0 1 21 2 1 2
0 1 37 4 1 2
0 1 53 22 0 3
0 1 6 24 1 1
0 1 76 52 0 0
0 1 93 31 0 1
0 1 118 33 0 2
0 1 80 42 0 1
0 1 45 58 0 2
0 1 113 5 1 1
0 1 115 44 1 0
0 1 68 22 0 1
0 1 71 3 1 3
0 1 90 36 0 1
0 1 69 49 0 0
0 1 82 35 0 3
0 1 46 28 0 2
0 1 0 47 1 1
0 1 114 39 0 3
0 1 102 40 1 1
0 1 71 27 0 1
0 1 68 1 1 1
0 1 120 58 1 0
0 1 18 30 1 2
0 1 23 13 0 2
0 1 112 55 0 3
0 1 108 46 1 3
0 1 81 2 1 3
0 1 27 19 1 1
0 1 89 20 0 0
0 1 86 8 1 2
0 1 20 37 1 1
0 1 121 14 1 0
0 1 29 9 0 1
0 1 33 34 1 0
0 1 88 54 0 0
0 1 15 16 0 3
0 1 39 59 1 1
0 1 3 62 0 0
0 1 7 48 1 1
0 1 118 11 1 3
0 1 104 26 0 2
0 1 18 15 0 0
0 1 2 24 1 3
0 1 108 50 0 0
0 1 127 54 1 3
0 1 101 6 0 0
0 1 111 60 1 0
0 1 112 38 1 3
0 1 10 14 0 2
0 1 45 6 1 3
0 1 72 56 1 3
0 1 19 15 0 2
0 1 9 55 0 0
0 1 31 4 1 0
0 1 1 57 0 0
0 1 52 13 0 0
0 1 121 9 0 3
0 1 11 23 0 1
0 1 127 56 0 0
0 1 102 32 0 1
0 1 34 41 0 2
0 1 27 64 0 3
0 1 119 16 1 0
0 1 7 32 0 2
0 1 47 47 0 0
0 1 5 46 1 2
0 1 42 38 1 0
0 1 19 19 1 2
0 1 78 40 0 0
0 1 38 49 0 2
0 1 56 61 0 2
0 1 99 30 1 0
0 1 75 44 0 3
0 1 24 42 0 2
0 1 90 59 1 2
0 1 124 62 1 3
0 1 79 15 0 3
0 1 57 35 1 1
0 1 78 37 1 2
0 1 44 44 1 2
0 1 94 17 0 0
0 1 30 7 1 0
0 1 85 53 0 0
0 1 40 9 0 2
0 1 34 42 1 0
0 1 15 44 1 1
0 1 31 25 0 3
0 1 14 51 0 3
0 1 120 52 0 1
0 1 70 2 1 1
0 1 92 27 0 0
0 1 66 53 0 3
0 1 89 0 1 0
0 1 128 36 1 0
0 1 77 10 1 2
0 1 12 1 0 2
0 1 99 48 0 3
0 1 37 43 0 0
0 1 39 55 0 1
0 1 35 29 0 3
0 1 109 18 0 1
0 1 123 23 0 3
0 1 59 21 1 1
0 1 26 56 1 1
0 1 62 16 1 2
0 1 95 24 1 2
0 1 32 31 1 2
0 1 88 25 1 1
0 1 110 12 0 1
0 1 116 34 1 3
0 1 22 28 1 3
0 1 84 23 1 0
0 1 36 0 1 1
0 1 14 21 1 0
0 1 86 31 0 3
0 1 87 18 1 3
0 1 98 29 0 0
0 1 11 11 1 0
0 1 85 40 1 2
0 1 17 49 1 1
0 1 51 14 1 1
0 1 32 3 0 0
0 1 61 47 0 2
0 1 6 8 0 3
0 1 23 20 1 1
0 1 104 22 1 2
0 1 26 28 0 0
0 1 20 43 0 3
0 1 73 26 0 1
0 1 82 38 1 1
0 1 92 5 1 3
0 1 117 27 0 2
0 1 125 45 0 3
0 1 97 64 1 2
0 1 10 14 1 3
0 1 53 13 1 1
0 1 33 24 0 0
0 1 13 2 0 0
0 1 95 12 0 2
0 1 114 13 1 3
0 1 1 3 1 1
0 1 80 49 1 3
0 1 116 42 0 3
0 1 106 34 1 1
0 1 28 54 0 2
0 1 67 57 1 1
0 1 97 15 0 1
0 1 47 50 1 2
0 1 50 53 1 1
0 1 41 21 1 2
0 1 49 30 1 1
0 1 48 60 0 1
0 1 4 59 0 3
0 1 122 3 0 2
0 1 8 54 0 1
0 1 91 45 1 2
0 1 98 52 1 2
0 1 77 60 0 2
0 1 17 50 0 1
0 1 100 51 0 2
0 1 61 63 1 1
0 1 67 48 0 0
0 1 63 33 0 1
0 1 42 32 0 3
0 1 4 4 1 3
0 1 3 1 1 0
0 1 36 43 0 2
0 1 38 46 1 1
0 1 65 39 1 2
0 1 123 51 1 1
0 1 56 20 1 3
0 1 100 33 1 0
