0 1 34 64 0 1
0 1 108 61 0 2
0 1 36 8 1 3
0 1 67 58 0 1
0 1 98 26 0 2
0 1 69 6 0 3
0 1 77 12 0 3
0 1 86 32 1 2
0 1 32 11 1 0
0 1 126 3 1 0
0 1 53 24 0 2
0 1 83 17 1 0
0 1 114 2 1 0
0 1 26 11 0 3
0 1 123 20 0 1
0 1 101 59 0 2
0 1 91 47 0 1
0 1 20 18 1 2
0 1 58 22 0 3
0 1 68 52 0 1
0 1 64 16 0 2
0 1 6 55 1 1
0 1 129 38 0 2
0 1 41 12 0 2
0 1 89 39 1 3
0 1 35 64 0 3
0 1 22 3 1 3
0 1 24 2 0 2
0 1 76 1 0 1
0 1 63 42 0 1
0 1 70 5 0 3
0 1 64 15 1 3
0 1 21 40 0 1
0 1 60 0 0 1
0 1 79 41 1 2
0 1 123 31 1 0
0 1 38 51 1 3
0 1 37 62 0 3
0 1 121 60 0 2
0 1 41 20 1 0
0 1 75 13 0 3
0 1 2 8 1 0
0 1 8 48 1 0
0 1 104 26 1 3
0 1 14 18 0 0
0 1 115 38 1 1
0 1 104 63 0 3
0 1 80 25 0 0
0 1 12 21 1 3
0 1 40 2 1 1
0 1 1 27 1 2
0 1 113 36 1 2
0 1 10 49 0 1
0 1 73 50 0 0
0 1 36 23 0 0
0 1 62 27 0 3
0 1 124 40 1 0
0 1 30 43 0 3
0 1 95 56 0 2
0 1 100 23 1 2
0 1 7 14 0 1
0 1 7 31 1 1
0 1 120 34 1 3
0 1 52 32 1 0
0 1 78 19 0 2
0 1 55 33 1 2
0 1 109 35 0 3
0 1 125 56 0 0
0 1 56 46 1 2
0 1 74 54 0 1
0 1 69 42 1 2
0 1 114 58 0 0
0 1 101 29 1 3
0 1 82 25 0 1
0 1 89 39 0 2
0 1 99 59 1 0
0 1 95 54 1 3
0 1 37 51 1 2
0 1 84 44 0 1
0 1 111 34 1 0
0 1 16 36 1 0
0 1 121 43 1 2
0 1 24 3 1 1
0 1 103 35 1 0
0 1 94 46 0 3
0 1 12 7 0 1
0 1 67 4 1 0
0 1 49 7 1 2
0 1 81 5 0 0
0 1 87 28 1 2
0 1 107 53 1 0
0 1 20 14 0 2
0 1 45 20 1 2
0 1 102 10 1 2
0 1 107 55 0 0
0 1 17 53 1 1
0 1 40 4 0 2
0 1 42 30 1 1
0 1 25 25 1 2
0 1 26 62 1 1
0 1 22 1 0 3
0 1 51 49 0 2
0 1 27 22 0 1
0 1 98 45 1 1
0 1 116 60 0 0
0 1 61 15 1 2
0 1 118 57 1 2
0 1 11 57 1 0
0 1 56 37 0 3
0 1 106 44 1 0
0 1 38 54 0 2
0 1 97 52 1 0
0 1 65 53 0 2
0 1 6 48 0 3
0 1 119 41 1 0
0 1 43 35 0 1
0 1 115 16 0 0
0 1 17 31 0 2
0 1 85 22 0 2
0 1 63 13 1 0
0 1 3 9 1 2
0 1 19 8 0 2
0 1 105 42 1 3
0 1 90 61 1 0
0 1 82 33 1 1
0 1 109 63 1 0
0 1 48 21 1 0
0 1 105 44 0 2
0 1 15 6 1 2
0 1 68 37 1 1
0 1 57 26 1 0
0 1 117 17 0 3
0 1 75 19 1 3
0 1 39 11 1 2
0 1 44 33 0 0
0 1 85 43 1 0
0 1 49 26 0 1
0 1 127 10 0 3
0 1 35 10 1 1
0 1 112 29 1 2
0 1 112 0 0 2
0 1 128 22 1 0
0 1 30 45 1 0
0 1 16 48 0 2
0 1 129 9 1 1
0 1 0 55 1 2
0 1 4 55 1 3
0 1 55 61 0 3
0 1 23 28 0 1
0 1 34 30 1 0
0 1 93 16 0 3
0 1 48 21 0 2
0 1 108 49 1 3
0 1 28 58 1 3
0 1 128 52 0 2
0 1 47 0 1 3
0 1 111 20 0 3
0 1 91 14 1 0
0 1 18 15 0 0
0 1 29 6 0 1
0 1 32 45 0 2
0 1 65 3 1 2
0 1 10 1 1 2
0 1 96 9 1 0
0 1 9 41 0 1
0 1 33 24 0 1
0 1 62 63 1 1
0 1 116 34 1 1
0 1 19 29 1 0
0 1 43 19 1 0
0 1 96 12 0 1
0 1 58 51 1 0
0 1 54 5 1 1
0 1 84 30 1 2
0 1 72 36 1 1
0 1 1 14 0 3
0 1 93 18 1 3
0 1 73 13 1 2
0 1 122 33 0 3
0 1 39 60 0 3
0 1 31 27 1 1
0 1 88 40 0 2
0 1 80 56 1 1
0 1 46 34 0 2
0 1 33 23 1 1
0 1 54 5 0 2
0 1 124 58 0 2
0 1 0 50 0 1
0 1 52 43 0 1
0 1 72 16 0 1
0 1 99 17 0 2
0 1 21 62 1 0
0 1 103 38 0 3
0 1 5 24 1 0
0 1 60 46 1 0
0 1 9 28 1 0
0 1 70 64 1 0
0 1 15 62 0 2
0 1 27 52 1 3
0 1 46 53 1 3
0 1 110 40 0 3
0 1 47 0 0 0
0 1 66 51 1 1
0 1 42 44 0 3
0 1 53 32 1 1
0 1 87 39 0 0
0 1 71 31 1 3
0 1 83 47 0 0
0 1 59 9 1 3
0 1 77 10 1 0
0 1 74 57 1 1
0 1 50 64 1 2
0 1 8 13 0 1
0 1 81 56 1 3
0 1 11 4 0 3
0 1 31 61 0 1
0 1 13 28 1 3
0 1 76 46 1 1
0 1 25 47 0 3
0 1 102 39 0 1
0 1 94 11 1 1
0 1 120 60 0 1
0 1 13 24 0 3
0 1 57 37 0 2
0 1 88 57 1 3
0 1 29 8 1 1
0 1 28 50 0 3
0 1 78 21 1 1
0 1 127 15 1 1
0 1 2 32 0 3
0 1 122 41 1 3
0 1 18 37 1 0
0 1 51 59 1 3
0 1 110 18 1 1
