0 1 94 63 1 2
0 1 114 33 0 2
0 1 70 10 1 2
0 1 80 56 0 3
0 1 111 32 1 2
0 1 6 63 0 0
0 1 5 24 0 3
0 1 20 54 1 2
0 1 14 2 1 2
0 1 10 0 0 1
0 1 119 42 1 0
0 1 8 55 0 2
0 1 32 36 1 2
0 1 58 32 1 1
0 1 63 9 1 2
0 1 25 35 0 2
0 1 121 5 1 0
0 1 116 29 1 3
0 1 27 8 0 1
0 1 35 51 1 0
0 1 118 1 1 1
0 1 89 12 0 3
0 1 89 53 1 2
0 1 109 8 0 3
0 1 99 39 0 3
0 1 58 11 0 1
0 1 43 25 1 2
0 1 5 23 1 1
0 1 60 45 1 3
0 1 12 34 0 3
0 1 96 62 0 0
0 1 51 55 0 3
0 1 44 6 0 2
0 1 50 30 1 0
0 1 42 51 0 2
0 1 52 4 1 1
0 1 26 26 1 2
0 1 74 14 1 0
0 1 30 5 1 3
0 1 10 15 1 2
0 1 27 62 1 2
0 1 17 26 0 3
0 1 84 19 0 0
0 1 49 2 1 3
0 1 101 49 1 1
0 1 59 46 0 1
0 1 7 41 1 1
0 1 79 3 0 1
0 1 40 20 0 0
0 1 99 37 1 2
0 1 71 44 0 1
0 1 56 57 1 1
0 1 6 45 1 0
0 1 96 50 1 0
0 1 3 57 1 3
0 1 57 6 1 0
0 1 46 19 1 2
0 1 51 7 1 0
0 1 8 54 1 0
0 1 40 12 1 1
0 1 94 59 0 0
0 1 110 27 0 1
0 1 128 11 1 3
0 1 18 30 1 1
0 1 30 52 0 0
0 1 117 10 1 0
0 1 45 23 1 0
0 1 97 63 1 3
0 1 48 25 1 0
0 1 55 47 1 3
0 1 28 52 0 2
0 1 41 38 0 2
0 1 116 14 0 3
0 1 77 16 1 2
0 1 129 9 0 3
0 1 79 7 1 2
0 1 118 31 0 1
0 1 75 22 1 2
0 1 121 17 0 2
0 1 86 58 0 0
0 1 95 7 1 3
0 1 24 44 1 0
0 1 122 38 0 3
0 1 62 43 0 3
0 1 103 8 0 2
0 1 98 21 1 1
0 1 76 18 1 1
0 1 73 6 0 1
0 1 1 36 1 0
0 1 60 20 0 1
0 1 122 27 1 3
0 1 48 24 0 1
0 1 126 48 1 3
0 1 22 46 0 3
0 1 31 54 1 1
0 1 39 22 0 3
0 1 125 49 1 2
0 1 19 34 1 1
0 1 75 42 0 3
0 1 3 25 0 1
0 1 104 21 1 0
0 1 72 37 0 3
0 1 44 4 1 3
0 1 108 61 1 0
0 1 24 47 0 2
0 1 124 61 1 2
0 1 113 51 0 1
0 1 113 48 1 0
0 1 65 60 1 0
0 1 107 59 0 1
0 1 35 61 0 1
0 1 37 56 1 1
0 1 64 53 0 1
0 1 90 50 0 1
0 1 66 62 1 3
0 1 43 24 0 0
0 1 115 18 0 2
0 1 23 35 0 1
0 1 45 39 0 1
0 1 68 64 0 3
0 1 12 20 1 2
0 1 64 21 1 3
0 1 9 16 1 3
0 1 4 28 0 0
0 1 98 12 0 0
0 1 73 48 1 1
0 1 74 41 0 3
0 1 108 0 0 0
0 1 16 46 1 0
0 1 88 45 0 1
0 1 22 28 1 1
0 1 86 50 1 2
0 1 106 21 1 2
0 1 95 27 0 0
0 1 69 3 1 3
0 1 41 56 1 0
0 1 61 7 1 1
0 1 20 31 0 2
0 1 109 64 1 2
0 1 111 17 0 3
0 1 106 20 0 3
0 1 32 40 0 3
0 1 14 39 0 2
0 1 53 26 0 0
0 1 127 58 0 3
0 1 87 9 0 0
0 1 91 2 1 0
0 1 25 1 1 2
0 1 38 18 0 0
0 1 33 33 1 0
0 1 90 37 1 0
0 1 81 12 0 2
0 1 67 34 0 2
0 1 4 31 1 3
0 1 77 47 0 1
0 1 117 1 0 3
0 1 36 64 0 0
0 1 37 33 0 1
0 1 102 19 0 3
0 1 1 40 0 0
0 1 56 13 0 1
0 1 34 35 0 0
0 1 72 0 1 2
0 1 0 29 0 0
0 1 71 3 1 2
0 1 2 59 1 2
0 1 85 11 1 0
0 1 13 41 1 2
0 1 120 29 0 2
0 1 13 15 0 1
0 1 47 16 1 1
0 1 102 61 1 3
0 1 68 10 1 1
0 1 9 44 0 2
0 1 55 53 0 0
0 1 91 59 0 3
0 1 105 42 0 1
0 1 39 62 1 1
0 1 85 55 0 0
0 1 82 40 0 2
0 1 104 47 0 0
0 1 128 28 0 2
0 1 21 55 0 1
0 1 54 60 1 3
0 1 80 23 1 3
0 1 63 17 0 0
0 1 0 38 1 0
0 1 62 14 1 1
0 1 11 57 0 2
0 1 112 18 1 3
0 1 69 22 0 0
0 1 114 22 1 1
0 1 76 43 0 1
0 1 82 13 1 3
0 1 115 54 1 3
0 1 17 48 1 2
0 1 16 53 0 3
0 1 28 32 1 3
0 1 126 60 0 2
0 1 33 11 0 2
0 1 7 33 0 3
0 1 15 45 0 2
0 1 100 31 0 0
0 1 129 29 1 1
0 1 19 13 0 2
0 1 100 19 1 1
0 1 101 14 0 2
0 1 84 43 1 2
0 1 110 5 1 1
0 1 120 1 1 0
0 1 66 44 0 3
0 1 31 57 0 0
0 1 53 30 1 3
0 1 93 4 0 0
0 1 67 26 1 1
0 1 103 0 1 3
0 1 38 52 1 3
0 1 112 49 0 0
0 1 78 28 1 3
0 1 59 37 1 1
0 1 83 5 0 2
0 1 127 40 1 1
0 1 2 30 0 2
0 1 93 46 1 2
0 1 119 15 0 0
0 1 88 52 1 1
0 1 11 41 1 0
0 1 21 17 1 1
0 1 83 50 1 3
0 1 29 25 1 3
0 1 123 15 0 3
0 1 124 58 0 1
0 1 123 64 1 1
0 1 81 63 1 1
