0 1 54 42 0 0
0 1 97 55 1 0
0 1 104 39 1 0
0 1 62 3 1 3
0 1 14 43 1 2
0 1 77 39 1 3
0 1 24 1 0 0
0 1 115 0 1 0
0 1 68 48 0 3
0 1 65 46 0 2
0 1 63 25 0 0
0 1 129 5 1 3
0 1 64 35 0 1
0 1 91 57 0 0
0 1 91 56 1 1
0 1 56 3 0 1
0 1 51 52 0 2
0 1 35 2 1 3
0 1 61 47 0 0
0 1 88 10 0 3
0 1 118 33 1 1
0 1 42 4 0 0
0 1 11 45 0 3
0 1 75 28 1 2
0 1 34 44 0 2
0 1 17 23 1 2
0 1 34 18 1 1
0 1 83 30 1 1
0 1 0 9 0 2
0 1 116 59 0 3
0 1 104 51 0 3
0 1 4 26 1 3
0 1 29 13 0 1
0 1 96 12 0 3
0 1 113 36 1 0
0 1 78 21 1 2
0 1 105 49 1 2
0 1 59 1 0 2
0 1 3 11 0 0
0 1 19 6 1 2
0 1 78 63 0 1
0 1 1 21 1 3
0 1 102 15 1 3
0 1 110 19 1 1
0 1 76 52 0 3
0 1 127 34 1 2
0 1 110 37 0 3
0 1 74 35 0 0
0 1 68 10 1 0
0 1 46 33 1 0
0 1 47 50 0 3
0 1 40 22 0 2
0 1 49 1 1 3
0 1 69 61 1 0
0 1 115 64 0 0
0 1 41 27 0 2
0 1 86 22 1 0
0 1 94 55 1 3
0 1 70 29 1 3
0 1 31 29 0 1
0 1 9 43 0 0
0 1 65 8 1 2
0 1 123 5 0 2
0 1 27 11 1 3
0 1 79 54 1 0
0 1 88 31 1 2
0 1 73 42 1 2
0 1 39 62 0 1
0 1 71 28 0 3
0 1 124 6 1 3
0 1 87 47 1 2
0 1 47 51 1 0
0 1 56 50 1 1
0 1 97 37 0 0
0 1 28 46 0 0
0 1 31 58 1 0
0 1 0 18 1 0
0 1 12 25 1 1
0 1 25 53 1 1
0 1 5 16 0 3
0 1 125 9 0 0
0 1 10 36 1 3
0 1 10 60 0 2
0 1 28 27 1 1
0 1 80 12 0 2
0 1 18 8 0 0
0 1 18 2 1 2
0 1 15 38 0 2
0 1 67 20 0 1
0 1 127 35 0 2
0 1 101 56 1 2
0 1 9 62 1 2
0 1 121 14 1 3
0 1 85 16 0 2
0 1 8 17 1 3
0 1 55 57 1 3
0 1 21 41 1 1
0 1 21 23 0 1
0 1 42 57 1 2
0 1 40 23 1 0
0 1 26 50 0 0
0 1 63 60 1 1
0 1 66 19 0 2
0 1 45 7 0 2
0 1 60 3 0 2
0 1 70 43 0 1
0 1 73 13 0 3
0 1 24 38 1 3
0 1 13 24 0 0
0 1 111 63 0 3
0 1 108 31 1 1
0 1 74 9 1 3
0 1 106 40 0 3
0 1 71 2 1 0
0 1 14 24 0 3
0 1 77 53 0 2
0 1 38 22 1 3
0 1 82 17 1 1
0 1 12 7 0 1
0 1 83 56 0 0
0 1 84 31 1 3
0 1 107 30 1 0
0 1 113 34 0 3
0 1 92 49 0 3
0 1 33 49 0 0
0 1 89 15 1 0
0 1 90 29 1 0
0 1 120 27 1 3
0 1 36 20 1 2
0 1 118 18 0 3
0 1 98 56 1 3
0 1 103 20 1 0
0 1 53 51 1 2
0 1 27 15 0 1
0 1 23 37 1 1
0 1 128 26 1 0
0 1 93 53 1 0
0 1 45 47 1 3
0 1 44 61 0 2
0 1 125 59 1 1
0 1 90 5 0 0
0 1 109 32 0 0
0 1 7 17 0 2
0 1 126 32 1 3
0 1 57 58 1 2
0 1 112 44 0 3
0 1 79 14 0 0
0 1 5 12 1 0
0 1 106 61 1 1
0 1 95 39 1 1
0 1 101 41 0 3
0 1 32 48 1 1
0 1 108 60 0 3
0 1 95 35 0 3
0 1 57 30 0 2
0 1 20 19 1 3
0 1 25 20 0 3
0 1 8 62 0 3
0 1 128 26 0 1
0 1 13 54 1 2
0 1 80 28 1 1
0 1 52 52 0 0
0 1 122 40 1 2
0 1 43 40 0 0
0 1 69 42 0 1
0 1 54 49 1 1
0 1 2 52 0 1
0 1 114 64 0 3
0 1 20 44 0 0
0 1 43 6 1 1
0 1 75 14 0 1
0 1 129 54 0 3
0 1 23 4 0 1
0 1 100 39 0 2
0 1 6 21 1 1
0 1 81 26 1 2
0 1 122 37 0 2
0 1 117 16 1 0
0 1 86 51 0 1
0 1 103 32 0 2
0 1 109 36 1 2
0 1 100 22 1 1
0 1 17 38 0 1
0 1 72 15 1 2
0 1 85 40 1 1
0 1 62 55 0 2
0 1 81 7 0 3
0 1 105 36 0 1
0 1 58 34 0 1
0 1 4 43 0 3
0 1 99 8 0 1
0 1 61 0 1 2
0 1 112 41 1 0
0 1 67 30 1 3
0 1 22 42 0 3
0 1 98 55 0 1
0 1 60 13 1 0
0 1 126 33 0 3
0 1 46 63 0 0
0 1 84 0 0 3
0 1 116 58 1 1
0 1 64 24 1 1
0 1 121 8 0 3
0 1 53 48 0 2
0 1 107 29 0 2
0 1 92 64 1 2
0 1 37 32 1 1
0 1 29 59 1 2
0 1 102 14 0 2
0 1 39 60 1 0
0 1 37 27 0 0
0 1 93 11 0 1
0 1 76 62 1 0
0 1 1 53 0 3
0 1 58 46 1 1
0 1 41 13 1 2
0 1 26 18 1 2
0 1 16 64 0 1
0 1 99 48 1 0
0 1 33 34 1 0
0 1 114 2 1 1
0 1 50 54 1 1
0 1 52 23 1 3
0 1 44 0 1 1
0 1 55 50 0 2
0 1 30 45 0 2
0 1 50 12 0 1
0 1 124 46 0 3
0 1 72 21 0 0
0 1 19 7 0 0
0 1 89 25 0 3
0 1 117 17 0 0
0 1 6 5 0 1
0 1 49 10 0 2
