0 1 97 64 1 0
0 1 24 16 1 3
0 1 28 26 0 2
0 1 19 15 0 1
0 1 24 58 0 2
0 1 53 45 0 3
0 1 57 37 1 0
0 1 109 17 1 1
0 1 95 31 1 1
0 1 104 20 0 3
0 1 54 9 1 2
0 1 65 45 1 1
0 1 26 55 0 2
0 1 13 50 1 1
0 1 48 1 0 1
0 1 23 6 0 3
0 1 88 44 0 3
0 1 85 18 0 3
0 1 49 56 1 3
0 1 57 48 0 2
0 1 22 29 1 2
0 1 66 32 0 1
0 1 100 37 0 1
0 1 4 7 1 1
0 1 81 59 1 3
0 1 82 5 1 1
0 1 90 11 1 3
0 1 80 62 0 2
0 1 124 42 0 2
0 1 28 8 1 1
0 1 118 58 1 0
0 1 117 1 0 3
0 1 3 53 0 2
0 1 79 31 1 0
0 1 35 12 0 1
0 1 91 34 0 1
0 1 89 63 1 3
0 1 12 39 0 2
0 1 58 15 0 3
0 1 60 0 1 3
0 1 76 34 1 0
0 1 120 23 0 1
0 1 98 52 0 1
0 1 38 42 1 1
0 1 40 18 1 0
0 1 87 27 0 1
0 1 20 61 1 3
0 1 62 54 1 3
0 1 124 15 1 2
0 1 44 8 1 2
0 1 35 13 1 1
0 1 83 29 0 3
0 1 122 14 0 2
0 1 125 4 1 0
0 1 66 56 1 2
0 1 19 49 1 3
0 1 54 9 0 3
0 1 123 44 1 2
0 1 96 11 0 1
0 1 103 46 0 1
0 1 16 25 0 1
0 1 78 40 0 0
0 1 77 63 1 1
0 1 127 24 1 2
0 1 83 47 1 3
0 1 33 57 0 2
0 1 75 23 1 3
0 1 110 29 1 0
0 1 121 13 1 3
0 1 53 49 1 2
0 1 78 3 1 2
0 1 82 43 0 1
0 1 91 7 1 2
0 1 109 43 0 0
0 1 106 39 0 0
0 1 125 35 0 3
0 1 67 54 1 2
0 1 113 6 1 0
0 1 108 35 0 0
0 1 37 21 0 1
0 1 94 3 0 0
0 1 90 53 0 1
0 1 51 24 0 0
0 1 107 27 0 2
0 1 84 22 1 1
0 1 16 41 1 2
0 1 38 59 0 2
0 1 20 11 0 2
0 1 84 2 0 0
0 1 96 21 1 3
0 1 71 64 1 3
0 1 36 38 0 2
0 1 115 38 1 0
0 1 102 37 0 3
0 1 114 28 0 0
0 1 40 41 0 0
0 1 105 55 1 3
0 1 116 0 1 2
0 1 8 60 0 3
0 1 86 10 1 0
0 1 1 19 0 2
0 1 51 16 1 0
0 1 43 47 1 1
0 1 46 30 0 3
0 1 42 36 1 1
0 1 108 51 1 1
0 1 98 26 1 3
0 1 9 44 1 1
0 1 63 33 0 0
0 1 79 14 0 1
0 1 2 17 1 2
0 1 114 31 1 2
0 1 0 34 0 2
0 1 0 40 1 3
0 1 68 64 1 1
0 1 37 9 1 0
0 1 23 36 1 0
0 1 127 30 0 2
0 1 25 24 0 1
0 1 56 41 0 3
0 1 111 16 1 1
0 1 102 27 1 0
0 1 18 52 1 0
0 1 129 19 0 1
0 1 81 10 0 3
0 1 112 1 1 0
0 1 44 43 0 3
0 1 80 62 1 0
0 1 74 60 1 1
0 1 14 48 0 1
0 1 117 17 1 0
0 1 6 5 1 0
0 1 31 60 1 2
0 1 32 57 0 0
0 1 11 3 1 3
0 1 15 32 1 3
0 1 89 61 0 2
0 1 17 40 1 1
0 1 101 48 0 0
0 1 11 7 0 3
0 1 22 46 0 3
0 1 119 28 0 1
0 1 126 6 1 1
0 1 116 18 0 1
0 1 18 62 0 3
0 1 26 20 1 0
0 1 94 38 1 3
0 1 59 10 1 1
0 1 27 22 1 0
0 1 36 51 1 0
0 1 48 53 1 0
0 1 70 6 1 2
0 1 69 57 1 3
0 1 55 55 1 0
0 1 107 50 1 2
0 1 122 26 1 1
0 1 119 1 1 2
0 1 52 13 0 2
0 1 67 35 0 1
0 1 10 49 1 1
0 1 72 31 0 3
0 1 59 39 0 1
0 1 70 11 0 0
0 1 45 41 0 1
0 1 129 32 1 2
0 1 101 52 1 3
0 1 50 45 0 0
0 1 103 14 1 0
0 1 74 27 0 3
0 1 99 47 1 0
0 1 7 12 1 0
0 1 3 42 1 3
0 1 121 20 0 1
0 1 93 5 1 2
0 1 99 8 0 0
0 1 64 50 1 0
0 1 10 17 0 3
0 1 34 22 1 3
0 1 68 0 0 0
0 1 64 56 0 0
0 1 9 25 0 0
0 1 30 46 1 0
0 1 6 4 0 2
0 1 34 2 0 3
0 1 7 19 0 0
0 1 2 14 0 3
0 1 41 36 1 3
0 1 27 58 0 1
0 1 29 10 1 2
0 1 126 50 0 3
0 1 111 12 0 3
0 1 120 38 1 1
0 1 105 30 0 1
0 1 30 15 0 0
0 1 128 33 0 2
0 1 128 36 1 2
0 1 39 63 1 0
0 1 112 54 0 1
0 1 118 4 0 3
0 1 104 45 1 2
0 1 31 58 0 3
0 1 1 24 1 3
0 1 4 51 0 2
0 1 39 4 0 1
0 1 92 25 1 3
0 1 46 61 1 0
0 1 17 39 0 3
0 1 113 33 0 3
0 1 43 18 0 2
0 1 29 21 0 2
0 1 41 28 0 2
0 1 45 25 1 2
0 1 47 13 0 0
0 1 60 29 0 1
0 1 100 54 1 0
0 1 14 32 1 0
0 1 61 40 0 2
0 1 63 52 1 2
0 1 92 8 0 3
0 1 93 19 0 3
0 1 87 3 1 1
0 1 13 33 0 1
0 1 52 49 1 0
0 1 55 28 0 3
0 1 73 23 1 2
0 1 33 37 1 2
0 1 123 59 0 0
0 1 72 9 1 1
0 1 85 2 1 1
0 1 47 26 1 0
0 1 49 42 0 0
0 1 65 61 0 1
0 1 88 35 1 2
0 1 75 48 0 3
