0 1 11 9 0 0
0 1 121 41 0 1
0 1 88 38 0 2
0 1 58 44 0 2
0 1 127 25 0 3
0 1 73 55 1 3
0 1 92 48 1 2
0 1 69 28 1 1
0 1 43 5 0 3
0 1 101 36 0 2
0 1 101 1 1 3
0 1 60 18 0 2
0 1 123 51 0 2
0 1 128 25 1 1
0 1 22 47 0 1
0 1 37 15 0 1
0 1 9 64 0 2
0 1 5 54 1 1
0 1 112 26 1 1
0 1 56 27 0 1
0 1 73 2 0 0
0 1 59 62 0 1
0 1 100 40 0 0
0 1 54 52 0 2
0 1 66 4 1 0
0 1 33 1 0 2
0 1 51 43 1 1
0 1 91 49 0 1
0 1 80 45 1 0
0 1 126 31 1 0
0 1 46 0 1 0
0 1 24 14 0 2
0 1 103 2 0 1
0 1 45 10 1 1
0 1 0 7 0 1
0 1 59 4 1 2
0 1 46 31 0 3
0 1 129 29 1 1
0 1 19 13 1 0
0 1 50 36 1 1
0 1 123 46 1 3
0 1 114 24 0 0
0 1 74 16 0 3
0 1 97 21 0 3
0 1 118 14 0 1
0 1 106 47 0 2
0 1 91 42 1 0
0 1 127 29 1 2
0 1 64 3 1 0
0 1 30 30 0 3
0 1 120 48 1 0
0 1 38 0 0 2
0 1 97 51 1 0
0 1 99 6 1 1
0 1 63 17 1 3
0 1 67 44 1 1
0 1 93 22 1 3
0 1 38 43 1 2
0 1 49 2 0 2
0 1 67 20 0 1
0 1 28 17 1 1
0 1 50 32 0 2
0 1 42 60 0 3
0 1 122 33 0 3
0 1 51 20 0 0
0 1 52 49 1 0
0 1 111 9 0 2
0 1 49 42 1 3
0 1 125 52 1 0
0 1 124 19 1 3
0 1 75 60 1 0
0 1 36 34 1 2
0 1 106 35 1 3
0 1 53 8 1 3
0 1 27 56 0 1
0 1 78 37 1 2
0 1 9 35 1 2
0 1 94 7 0 2
0 1 4 34 1 1
0 1 109 58 0 0
0 1 18 62 0 3
0 1 64 39 0 2
0 1 44 52 1 1
0 1 84 38 0 0
0 1 110 46 1 2
0 1 110 18 0 3
0 1 99 53 0 1
0 1 8 9 0 1
0 1 8 3 1 2
0 1 10 57 0 0
0 1 43 37 1 1
0 1 86 31 1 2
0 1 87 27 1 2
0 1 76 63 0 0
0 1 45 39 0 1
0 1 113 50 1 1
0 1 27 22 1 2
0 1 113 21 0 2
0 1 86 50 0 0
0 1 32 53 1 2
0 1 34 23 0 3
0 1 92 13 0 3
0 1 68 54 1 3
0 1 23 12 0 1
0 1 16 57 0 2
0 1 13 42 0 1
0 1 100 57 1 1
0 1 98 10 0 2
0 1 21 8 0 1
0 1 52 40 0 3
0 1 70 14 0 3
0 1 102 16 0 1
0 1 89 34 0 0
0 1 33 8 1 0
0 1 17 4 0 1
0 1 121 39 1 0
0 1 72 19 1 1
0 1 25 61 0 2
0 1 12 55 0 2
0 1 78 20 0 2
0 1 79 26 0 2
0 1 87 1 0 1
0 1 26 53 0 3
0 1 31 30 1 2
0 1 65 43 1 3
0 1 124 51 0 3
0 1 125 33 0 2
0 1 32 6 0 3
0 1 18 49 1 2
0 1 3 56 1 3
0 1 48 11 0 2
0 1 16 15 1 0
0 1 57 50 1 3
0 1 58 54 1 0
0 1 2 61 1 1
0 1 120 61 0 3
0 1 126 30 0 0
0 1 95 64 1 1
0 1 15 46 1 1
0 1 128 44 0 3
0 1 84 22 1 1
0 1 81 58 1 2
0 1 23 6 1 0
0 1 55 19 1 2
0 1 115 32 1 3
0 1 96 63 0 2
0 1 108 41 1 2
0 1 11 23 1 0
0 1 114 24 1 1
0 1 69 29 0 0
0 1 10 0 1 3
0 1 6 59 1 3
0 1 104 48 0 3
0 1 72 36 0 3
0 1 7 40 1 1
0 1 74 27 1 3
0 1 102 30 1 1
0 1 79 42 1 2
0 1 83 48 1 1
0 1 85 24 1 3
0 1 68 27 0 0
0 1 13 41 1 0
0 1 62 11 1 0
0 1 90 3 0 3
0 1 47 55 0 1
0 1 39 60 0 1
0 1 117 37 0 0
0 1 4 25 0 0
0 1 34 17 1 2
0 1 117 51 1 1
0 1 63 32 0 0
0 1 116 11 0 3
0 1 17 52 1 3
0 1 115 5 0 0
0 1 55 8 0 2
0 1 6 0 0 1
0 1 105 33 0 1
0 1 28 21 0 1
0 1 40 59 0 0
0 1 82 37 0 3
0 1 93 31 0 1
0 1 48 12 1 3
0 1 82 55 1 0
0 1 24 62 1 0
0 1 42 7 1 0
0 1 88 58 1 3
0 1 12 26 1 3
0 1 35 60 0 2
0 1 76 59 1 2
0 1 85 44 0 0
0 1 3 26 0 0
0 1 105 61 1 0
0 1 22 59 1 1
0 1 90 57 1 3
0 1 20 38 0 3
0 1 37 32 1 1
0 1 15 45 0 2
0 1 109 35 1 1
0 1 98 63 1 1
0 1 71 56 0 0
0 1 0 43 1 0
0 1 5 5 0 2
0 1 118 18 1 1
0 1 108 28 0 2
0 1 129 45 0 3
0 1 112 47 0 0
0 1 56 28 1 3
0 1 57 46 0 0
0 1 40 16 1 0
0 1 95 16 0 2
0 1 111 6 1 2
0 1 71 63 1 3
0 1 80 29 0 3
0 1 26 49 1 3
0 1 25 15 1 3
0 1 20 33 1 0
0 1 103 34 1 3
0 1 107 12 0 0
0 1 104 14 1 0
0 1 39 28 1 0
0 1 119 21 1 0
0 1 35 40 1 2
0 1 70 64 1 0
0 1 41 56 1 2
0 1 107 19 1 0
0 1 41 20 0 3
0 1 77 10 0 3
0 1 53 50 0 2
0 1 61 25 1 2
0 1 1 23 0 2
0 1 14 64 1 3
0 1 77 13 1 2
0 1 14 22 0 0
0 1 81 35 0 0
