0 1 46 56 1 0
0 1 83 32 0 1
0 1 23 33 1 0
0 1 126 4 1 2
0 1 75 52 1 1
0 1 31 61 1 2
0 1 2 25 0 2
0 1 76 13 1 2
0 1 46 1 0 2
0 1 73 19 0 3
0 1 54 9 0 0
0 1 100 20 0 0
0 1 125 37 0 1
0 1 86 16 1 0
0 1 112 41 0 3
0 1 37 35 0 3
0 1 110 49 0 3
0 1 12 40 1 3
0 1 83 7 1 1
0 1 31 23 0 2
0 1 120 36 0 1
0 1 119 60 1 0
0 1 53 29 1 2
0 1 128 11 0 0
0 1 120 6 1 1
0 1 56 10 0 0
0 1 4 37 0 0
0 1 1 62 1 0
0 1 37 19 1 2
0 1 77 44 0 2
0 1 63 21 1 0
0 1 92 31 0 2
0 1 100 48 1 2
0 1 56 47 1 0
0 1 34 38 1 0
0 1 118 53 1 2
0 1 99 50 1 2
0 1 14 17 0 3
0 1 72 2 0 1
0 1 26 46 1 0
0 1 38 22 0 3
0 1 35 18 1 3
0 1 4 24 1 0
0 1 30 3 0 0
0 1 88 59 1 1
0 1 26 58 0 2
0 1 49 42 1 0
0 1 107 0 0 0
0 1 116 56 1 1
0 1 36 44 1 3
0 1 27 11 0 3
0 1 52 57 0 0
0 1 38 31 1 1
0 1 97 15 0 0
0 1 90 14 0 1
0 1 41 50 1 3
0 1 124 13 1 3
0 1 40 33 1 3
0 1 79 46 0 1
0 1 67 55 0 2
0 1 3 35 1 2
0 1 79 63 1 0
0 1 80 39 0 1
0 1 43 5 0 1
0 1 34 51 0 0
0 1 24 34 1 3
0 1 11 23 0 1
0 1 18 54 0 0
0 1 68 58 0 3
0 1 15 8 1 1
0 1 67 7 1 0
0 1 114 28 1 2
0 1 112 36 1 2
0 1 36 27 0 0
0 1 106 20 1 3
0 1 54 12 1 3
0 1 60 6 1 2
0 1 81 59 1 0
0 1 96 5 0 3
0 1 88 27 0 3
0 1 124 15 0 1
0 1 109 64 1 1
0 1 6 61 1 3
0 1 85 29 1 1
0 1 86 45 0 2
0 1 51 48 1 3
0 1 90 45 1 1
0 1 115 64 1 0
0 1 103 28 1 3
0 1 25 9 0 2
0 1 91 7 1 2
0 1 119 43 0 1
0 1 64 52 0 0
0 1 70 30 1 3
0 1 13 32 0 3
0 1 111 2 1 3
0 1 70 58 0 1
0 1 82 11 0 2
0 1 128 48 1 0
0 1 47 43 1 3
0 1 98 14 0 2
0 1 102 62 0 2
0 1 122 15 0 3
0 1 115 10 0 1
0 1 113 25 1 3
0 1 63 4 0 3
0 1 125 55 1 1
0 1 24 31 0 3
0 1 44 1 1 1
0 1 65 40 1 1
0 1 28 36 1 3
0 1 3 44 0 1
0 1 48 19 1 0
0 1 127 38 0 1
0 1 72 8 1 0
0 1 75 45 0 3
0 1 101 26 0 2
0 1 89 55 1 3
0 1 105 35 0 1
0 1 74 24 0 2
0 1 65 60 0 1
0 1 117 17 1 0
0 1 50 51 0 1
0 1 58 57 1 3
0 1 7 23 1 3
0 1 84 46 1 2
0 1 28 34 0 1
0 1 105 63 1 3
0 1 110 5 1 0
0 1 96 38 1 3
0 1 20 38 1 2
0 1 33 41 0 1
0 1 89 22 0 0
0 1 123 12 0 1
0 1 53 8 0 2
0 1 81 60 0 3
0 1 39 26 1 0
0 1 45 13 1 0
0 1 39 22 0 2
0 1 93 21 1 2
0 1 87 1 0 3
0 1 129 37 0 3
0 1 41 62 0 1
0 1 42 18 1 0
0 1 108 0 1 3
0 1 16 4 0 1
0 1 126 50 0 1
0 1 64 47 1 2
0 1 32 53 1 1
0 1 117 12 0 0
0 1 22 9 1 1
0 1 99 51 0 3
0 1 29 52 1 2
0 1 30 43 1 2
0 1 47 41 0 0
0 1 19 40 1 2
0 1 18 47 1 3
0 1 1 31 0 0
0 1 49 53 0 0
0 1 55 59 0 3
0 1 42 57 0 2
0 1 66 62 0 3
0 1 85 10 0 3
0 1 14 33 1 1
0 1 80 49 1 0
0 1 62 14 0 0
0 1 61 59 0 2
0 1 50 64 1 2
0 1 9 12 0 2
0 1 10 6 1 3
0 1 108 17 0 1
0 1 57 60 1 2
0 1 7 29 0 3
0 1 12 61 0 0
0 1 113 4 0 0
0 1 78 56 1 2
0 1 87 34 1 0
0 1 116 10 0 2
0 1 2 3 1 1
0 1 91 42 0 1
0 1 84 25 0 0
0 1 33 30 1 0
0 1 22 63 0 2
0 1 21 3 1 3
0 1 10 36 0 0
0 1 62 28 1 0
0 1 48 44 0 0
0 1 6 24 0 3
0 1 0 20 0 2
0 1 40 11 0 1
0 1 118 35 0 0
0 1 17 26 0 1
0 1 106 63 0 1
0 1 104 32 1 0
0 1 121 27 1 1
0 1 27 54 1 3
0 1 73 39 1 3
0 1 94 49 1 2
0 1 61 54 1 1
0 1 52 46 1 3
0 1 78 64 0 3
0 1 66 25 1 1
0 1 60 39 0 2
0 1 102 37 1 2
0 1 95 22 0 1
0 1 92 26 1 3
0 1 32 21 0 3
0 1 16 16 1 1
0 1 68 0 1 1
0 1 107 32 1 2
0 1 8 21 0 1
0 1 11 18 1 1
0 1 55 43 1 0
0 1 69 39 1 0
0 1 71 45 0 0
0 1 43 9 1 3
0 1 121 54 0 2
0 1 97 1 1 0
0 1 127 42 1 2
0 1 35 53 0 3
0 1 95 51 1 2
0 1 104 24 0 1
0 1 0 48 1 1
0 1 15 13 0 1
0 1 8 52 1 3
0 1 82 50 1 0
0 1 103 16 0 2
0 1 59 30 0 1
0 1 19 14 0 3
0 1 13 2 1 2
0 1 25 15 1 2
0 1 98 2 1 0
0 1 23 30 0 2
0 1 74 40 1 0
