0 1 29 44 1 2
0 1 78 31 0 3
0 1 4 30 0 3
0 1 61 5 1 3
0 1 27 43 1 1
0 1 90 52 1 1
0 1 122 38 0 3
0 1 42 49 0 1
0 1 31 34 1 0
0 1 47 48 0 1
0 1 50 62 1 0
0 1 58 23 0 2
0 1 74 57 1 0
0 1 18 37 0 2
0 1 69 59 0 0
0 1 35 42 1 2
0 1 1 28 1 3
0 1 39 37 0 3
0 1 79 18 0 3
0 1 8 33 0 2
0 1 91 27 1 3
0 1 51 0 0 3
0 1 61 29 0 3
0 1 90 2 0 0
0 1 2 19 0 0
0 1 50 59 0 2
0 1 19 27 1 2
0 1 27 60 0 3
0 1 91 56 0 0
0 1 48 3 0 1
0 1 13 61 1 0
0 1 38 12 1 0
0 1 99 5 1 1
0 1 5 11 0 2
0 1 93 1 0 3
0 1 96 7 0 0
0 1 108 41 0 3
0 1 105 50 1 3
0 1 112 3 0 3
0 1 83 21 0 1
0 1 95 64 1 3
0 1 29 28 0 2
0 1 41 9 0 3
0 1 17 54 1 1
0 1 14 49 1 2
0 1 65 22 1 2
0 1 109 17 1 3
0 1 84 26 0 0
0 1 33 56 0 3
0 1 127 18 0 1
0 1 110 28 0 1
0 1 56 6 0 1
0 1 10 24 1 2
0 1 51 10 1 1
0 1 53 4 1 2
0 1 89 53 1 0
0 1 69 7 1 2
0 1 70 8 0 0
0 1 81 32 1 0
0 1 124 33 1 3
0 1 36 46 1 2
0 1 83 35 1 0
0 1 54 55 0 3
0 1 18 8 1 2
0 1 80 54 0 0
0 1 60 32 0 1
0 1 114 39 1 1
0 1 129 46 1 0
0 1 17 41 0 0
0 1 64 34 0 2
0 1 104 53 1 3
0 1 120 25 1 3
0 1 33 8 1 3
0 1 9 64 1 1
0 1 40 20 1 0
0 1 85 28 0 0
0 1 44 35 1 3
0 1 62 10 0 3
0 1 117 15 1 2
0 1 84 48 1 0
0 1 97 50 1 1
0 1 112 60 1 2
0 1 24 50 1 2
0 1 45 32 0 2
0 1 121 63 0 2
0 1 49 51 1 3
0 1 8 47 1 0
0 1 107 47 0 1
0 1 45 17 1 0
0 1 64 11 1 0
0 1 34 12 0 2
0 1 94 24 0 1
0 1 57 51 0 1
0 1 58 44 1 0
0 1 102 14 1 1
0 1 1 30 0 2
0 1 67 57 0 2
0 1 80 31 1 2
0 1 105 14 0 3
0 1 103 18 1 0
0 1 118 4 1 3
0 1 79 45 1 0
0 1 56 61 1 1
0 1 16 9 1 1
0 1 113 21 1 2
0 1 72 19 1 3
0 1 59 45 0 1
0 1 100 64 0 0
0 1 119 25 1 2
0 1 102 60 0 1
0 1 115 25 0 0
0 1 66 13 0 1
0 1 92 55 1 2
0 1 42 52 1 0
0 1 20 40 1 1
0 1 44 55 0 0
0 1 124 29 0 1
0 1 52 52 0 3
0 1 73 26 1 2
0 1 76 16 0 2
0 1 123 0 1 0
0 1 99 40 0 0
0 1 94 17 1 2
0 1 15 13 0 2
0 1 101 5 0 0
0 1 10 42 0 0
0 1 88 5 0 2
0 1 32 19 0 2
0 1 55 63 1 0
0 1 89 41 0 2
0 1 120 58 0 0
0 1 95 39 0 3
0 1 25 38 1 1
0 1 71 22 0 1
0 1 32 10 1 0
0 1 43 33 1 0
0 1 43 7 0 1
0 1 60 59 1 3
0 1 70 35 1 1
0 1 116 1 0 2
0 1 12 44 1 1
0 1 4 58 1 2
0 1 47 32 1 3
0 1 12 53 0 1
0 1 16 58 0 3
0 1 23 23 1 3
0 1 68 36 0 0
0 1 35 63 0 3
0 1 20 54 0 2
0 1 28 36 0 1
0 1 78 24 1 3
0 1 68 0 1 1
0 1 37 20 1 3
0 1 5 25 1 1
0 1 26 39 1 2
0 1 73 37 0 0
0 1 7 19 1 1
0 1 40 31 0 1
0 1 110 51 1 0
0 1 65 21 0 3
0 1 62 49 1 0
0 1 115 62 1 2
0 1 111 15 0 3
0 1 127 34 1 1
0 1 126 61 0 3
0 1 87 26 1 3
0 1 117 20 0 1
0 1 46 3 0 0
0 1 93 22 1 3
0 1 100 15 1 0
0 1 106 48 0 2
0 1 6 48 0 3
0 1 98 43 0 3
0 1 41 55 1 1
0 1 39 9 1 2
0 1 49 62 0 1
0 1 109 8 0 1
0 1 113 30 0 1
0 1 114 16 0 1
0 1 3 13 1 0
0 1 88 40 1 2
0 1 25 51 0 2
0 1 75 47 0 3
0 1 46 58 1 1
0 1 128 17 0 1
0 1 9 10 0 2
0 1 77 0 1 2
0 1 104 3 0 2
0 1 118 64 0 2
0 1 30 9 1 0
0 1 119 60 0 0
0 1 28 47 1 2
0 1 77 41 0 1
0 1 108 61 1 2
0 1 34 40 1 3
0 1 26 34 0 3
0 1 37 6 0 0
0 1 6 57 1 3
0 1 31 42 0 1
0 1 0 45 0 2
0 1 59 18 1 2
0 1 129 16 0 0
0 1 63 43 0 2
0 1 107 46 1 1
0 1 123 23 0 1
0 1 86 27 0 0
0 1 122 20 1 2
0 1 71 56 1 1
0 1 54 35 1 2
0 1 101 12 1 3
0 1 67 2 1 1
0 1 72 43 0 0
0 1 19 4 0 1
0 1 21 2 1 3
0 1 21 39 0 0
0 1 92 45 0 3
0 1 13 2 0 2
0 1 38 36 0 2
0 1 81 11 0 1
0 1 3 33 0 1
0 1 82 27 0 1
0 1 97 26 0 1
0 1 2 24 1 0
0 1 57 22 1 0
0 1 23 52 0 2
0 1 66 49 1 3
0 1 125 29 0 2
0 1 82 14 1 2
0 1 55 38 0 2
0 1 24 12 0 1
0 1 103 31 0 0
0 1 128 37 1 1
0 1 11 44 0 3
0 1 96 1 1 1
