0 1 106 21 1 2
0 1 6 52 0 2
0 1 55 29 1 1
0 1 47 55 1 2
0 1 17 50 0 3
0 1 10 53 0 0
0 1 41 32 1 0
0 1 70 1 0 1
0 1 37 0 0 0
0 1 54 4 1 3
0 1 11 16 1 3
0 1 14 49 1 2
0 1 20 61 0 2
0 1 44 48 1 0
0 1 47 22 0 0
0 1 42 45 0 0
0 1 86 44 1 2
0 1 17 52 1 3
0 1 58 9 0 2
0 1 96 25 1 3
0 1 96 34 0 1
0 1 123 31 1 2
0 1 7 17 1 0
0 1 64 60 1 1
0 1 105 41 0 3
0 1 120 38 1 0
0 1 55 27 0 2
0 1 34 26 1 1
0 1 29 14 0 3
0 1 80 28 0 1
0 1 108 6 1 1
0 1 95 47 0 0
0 1 40 40 1 3
0 1 117 14 0 1
0 1 31 48 0 1
0 1 103 4 0 2
0 1 83 50 1 1
0 1 57 46 1 0
0 1 92 54 0 1
0 1 91 0 0 1
0 1 78 50 1 2
0 1 57 10 0 3
0 1 88 19 0 3
0 1 22 56 1 0
0 1 16 43 1 3
0 1 35 5 1 0
0 1 19 5 0 2
0 1 27 38 0 1
0 1 112 7 0 1
0 1 11 8 0 3
0 1 65 57 1 0
0 1 89 3 0 0
0 1 118 8 0 1
0 1 126 60 1 3
0 1 74 24 1 3
0 1 15 62 1 3
0 1 42 30 1 0
0 1 91 24 1 2
0 1 109 42 0 0
0 1 46 61 0 1
0 1 14 5 0 3
0 1 39 22 0 1
0 1 30 45 0 2
0 1 56 2 0 0
0 1 63 8 1 0
0 1 35 35 0 0
0 1 33 47 0 2
0 1 69 36 0 3
0 1 22 28 0 0
0 1 23 64 1 3
0 1 33 41 1 0
0 1 28 27 0 3
0 1 105 51 1 2
0 1 34 63 0 2
0 1 49 20 0 3
0 1 27 53 1 3
0 1 107 9 0 0
0 1 51 46 0 3
0 1 5 64 1 0
0 1 123 62 0 0
0 1 84 36 0 1
0 1 62 19 1 0
0 1 66 39 0 0
0 1 79 1 0 2
0 1 65 19 0 2
0 1 59 10 0 0
0 1 19 26 1 2
0 1 82 60 0 0
0 1 53 11 1 0
0 1 8 37 1 0
0 1 4 33 0 2
0 1 126 18 0 3
0 1 43 18 0 1
0 1 92 60 1 2
0 1 9 58 0 2
0 1 61 21 0 1
0 1 110 23 1 3
0 1 56 63 1 1
0 1 73 33 1 0
0 1 98 12 0 2
0 1 26 21 1 0
0 1 81 3 1 2
0 1 64 25 0 1
0 1 2 11 0 1
0 1 30 23 1 2
0 1 58 22 1 3
0 1 121 16 0 2
0 1 18 12 0 0
0 1 90 2 0 2
0 1 52 43 0 1
0 1 125 54 0 2
0 1 50 28 0 2
0 1 80 40 1 1
0 1 114 15 1 1
0 1 99 31 1 1
0 1 68 17 1 2
0 1 60 26 1 0
0 1 21 36 1 2
0 1 93 35 0 2
0 1 124 39 1 3
0 1 2 17 1 3
0 1 76 0 0 3
0 1 40 27 0 1
0 1 93 41 1 2
0 1 88 37 1 1
0 1 29 45 1 1
0 1 124 62 0 1
0 1 83 14 0 2
0 1 113 57 1 2
0 1 12 59 1 2
0 1 97 49 0 1
0 1 107 53 1 2
0 1 115 45 0 3
0 1 101 42 0 2
0 1 13 55 1 1
0 1 102 48 1 2
0 1 41 43 0 0
0 1 45 29 0 0
0 1 100 6 1 3
0 1 51 52 1 0
0 1 84 25 1 2
0 1 129 58 0 1
0 1 39 51 1 0
0 1 8 30 0 1
0 1 98 13 1 0
0 1 69 23 1 1
0 1 12 24 0 1
0 1 94 51 0 1
0 1 127 9 0 1
0 1 20 35 1 3
0 1 120 9 0 3
0 1 111 29 0 3
0 1 100 13 0 1
0 1 61 20 1 1
0 1 0 12 1 1
0 1 9 59 1 3
0 1 104 47 1 3
0 1 18 10 1 2
0 1 76 16 1 1
0 1 38 6 1 2
0 1 3 13 1 3
0 1 75 34 1 0
0 1 68 36 0 0
0 1 82 54 1 3
0 1 87 32 1 3
0 1 94 42 1 1
0 1 50 44 1 0
0 1 62 1 0 3
0 1 77 31 1 0
0 1 5 30 0 3
0 1 108 41 0 1
0 1 28 56 1 2
0 1 89 7 1 0
0 1 85 39 1 2
0 1 31 0 1 2
0 1 52 15 1 2
0 1 75 13 0 2
0 1 97 46 1 2
0 1 67 49 1 0
0 1 113 4 0 0
0 1 63 35 0 1
0 1 21 32 0 1
0 1 0 58 0 3
0 1 127 34 1 3
0 1 101 33 1 3
0 1 67 20 0 0
0 1 111 2 1 3
0 1 46 20 1 2
0 1 122 59 0 0
0 1 66 18 1 2
0 1 1 38 0 2
0 1 26 19 0 1
0 1 13 31 0 3
0 1 36 23 0 0
0 1 37 44 1 3
0 1 103 2 1 1
0 1 71 25 0 0
0 1 25 7 1 3
0 1 72 46 0 1
0 1 49 3 1 3
0 1 60 28 0 3
0 1 119 15 0 3
0 1 4 44 1 1
0 1 16 10 0 1
0 1 43 61 1 3
0 1 116 24 0 0
0 1 54 14 0 0
0 1 114 34 0 2
0 1 85 51 0 3
0 1 73 40 0 2
0 1 72 21 1 3
0 1 129 43 1 2
0 1 116 47 1 1
0 1 125 61 1 0
0 1 25 54 0 0
0 1 87 16 0 0
0 1 71 55 1 0
0 1 109 48 1 3
0 1 106 18 0 0
0 1 77 17 0 1
0 1 78 63 0 3
0 1 10 40 1 0
0 1 45 3 1 1
0 1 122 57 1 3
0 1 115 57 1 1
0 1 59 6 1 0
0 1 48 56 0 3
0 1 36 64 1 2
0 1 48 37 1 2
0 1 117 64 1 1
0 1 24 12 0 3
0 1 6 22 1 2
0 1 32 11 0 3
0 1 99 5 0 1
