0 1 85 23 1 0
0 1 76 27 1 0
0 1 26 32 0 0
0 1 11 0 0 0
0 1 10 29 0 2
0 1 7 56 0 3
0 1 87 47 0 3
0 1 112 40 0 1
0 1 119 41 0 2
0 1 20 51 1 2
0 1 21 60 1 1
0 1 115 51 1 1
0 1 48 6 0 2
0 1 6 17 0 1
0 1 5 59 0 0
0 1 37 53 0 3
0 1 14 11 0 2
0 1 12 2 1 1
0 1 62 25 0 3
0 1 121 12 0 2
0 1 126 48 0 0
0 1 2 24 0 2
0 1 98 29 1 1
0 1 32 22 1 2
0 1 128 13 0 3
0 1 17 35 0 3
0 1 105 64 1 1
0 1 11 50 1 1
0 1 84 13 0 2
0 1 104 54 1 0
0 1 6 28 1 1
0 1 113 12 1 3
0 1 90 19 1 0
0 1 58 6 0 1
0 1 42 10 1 3
0 1 121 14 1 3
0 1 122 1 1 0
0 1 95 53 0 0
0 1 66 62 0 1
0 1 86 60 0 2
0 1 50 14 0 0
0 1 4 5 1 3
0 1 108 1 1 2
0 1 83 3 0 1
0 1 53 56 1 0
0 1 29 16 0 0
0 1 25 26 0 2
0 1 3 16 1 2
0 1 0 39 1 0
0 1 113 42 0 2
0 1 55 32 0 1
0 1 96 52 0 3
0 1 83 34 1 2
0 1 9 37 0 0
0 1 123 26 1 3
0 1 69 58 0 3
0 1 89 44 0 3
0 1 103 45 1 1
0 1 124 61 1 3
0 1 126 50 1 3
0 1 120 7 0 0
0 1 21 15 0 2
0 1 114 48 1 1
0 1 70 58 0 1
0 1 25 4 1 3
0 1 46 36 1 1
0 1 86 15 1 3
0 1 65 57 1 1
0 1 24 21 1 3
0 1 36 49 0 3
0 1 89 20 1 1
0 1 94 44 0 0
0 1 125 24 0 1
0 1 48 10 1 0
0 1 115 22 0 1
0 1 122 38 0 1
0 1 16 8 0 1
0 1 80 59 0 1
0 1 34 8 0 0
0 1 31 31 0 1
0 1 80 47 1 2
0 1 85 36 0 2
0 1 42 54 0 2
0 1 1 30 0 1
0 1 104 14 0 1
0 1 58 8 1 3
0 1 110 38 0 2
0 1 19 21 0 0
0 1 74 5 0 0
0 1 92 19 1 2
0 1 73 43 0 1
0 1 35 18 1 2
0 1 23 9 0 2
0 1 114 8 0 2
0 1 69 46 1 3
0 1 61 49 0 2
0 1 76 42 0 1
0 1 107 63 0 3
0 1 95 22 1 3
0 1 19 21 1 1
0 1 70 3 1 0
0 1 10 34 1 0
0 1 38 55 0 3
0 1 129 9 1 0
0 1 30 17 1 3
0 1 13 23 0 1
0 1 31 34 1 3
0 1 81 38 0 0
0 1 46 40 0 0
0 1 119 44 1 1
0 1 39 18 1 1
0 1 108 1 0 3
0 1 43 43 0 3
0 1 47 25 1 0
0 1 100 33 0 2
0 1 74 23 1 2
0 1 40 45 0 2
0 1 91 64 1 2
0 1 73 2 1 3
0 1 72 45 0 0
0 1 53 16 0 1
0 1 28 56 1 2
0 1 107 37 1 1
0 1 49 52 0 2
0 1 103 20 0 3
0 1 98 64 0 0
0 1 88 2 0 2
0 1 129 35 0 1
0 1 39 28 0 3
0 1 56 38 0 3
0 1 43 12 1 1
0 1 17 30 1 0
0 1 94 3 1 2
0 1 124 54 0 3
0 1 26 24 1 3
0 1 82 7 0 2
0 1 9 30 1 2
0 1 44 36 1 3
0 1 55 9 1 3
0 1 33 5 1 1
0 1 79 53 0 1
0 1 82 27 1 3
0 1 4 43 0 2
0 1 102 62 0 3
0 1 3 48 0 2
0 1 34 49 1 0
0 1 105 6 0 3
0 1 102 35 1 2
0 1 54 47 1 1
0 1 16 57 1 0
0 1 5 17 1 2
0 1 64 26 1 0
0 1 84 23 1 3
0 1 41 4 1 2
0 1 8 5 0 2
0 1 65 32 0 3
0 1 52 14 1 2
0 1 27 29 0 3
0 1 109 35 1 0
0 1 14 24 1 0
0 1 71 10 0 1
0 1 97 33 1 0
0 1 112 55 1 2
0 1 24 37 0 3
0 1 22 31 0 2
0 1 106 61 0 2
0 1 2 40 1 3
0 1 1 4 1 1
0 1 87 59 1 2
0 1 110 42 1 3
0 1 54 42 0 0
0 1 56 11 1 0
0 1 90 33 0 1
0 1 64 55 0 1
0 1 99 13 1 1
0 1 68 63 1 2
0 1 60 15 0 0
0 1 66 28 1 2
0 1 116 34 0 1
0 1 67 46 0 1
0 1 81 48 1 3
0 1 45 60 1 0
0 1 101 63 0 1
0 1 59 59 0 3
0 1 77 15 0 1
0 1 59 46 1 2
0 1 93 20 1 2
0 1 63 39 1 1
0 1 118 56 1 1
0 1 72 58 1 2
0 1 79 64 1 3
0 1 92 3 0 3
0 1 97 39 0 3
0 1 22 41 1 3
0 1 100 18 1 0
0 1 0 27 0 1
0 1 91 58 0 0
0 1 44 11 0 1
0 1 29 62 1 2
0 1 51 52 1 1
0 1 38 50 1 0
0 1 118 36 0 0
0 1 18 41 0 0
0 1 37 61 1 0
0 1 49 4 1 0
0 1 88 13 1 0
0 1 30 43 0 0
0 1 57 60 1 3
0 1 27 27 1 2
0 1 127 44 0 2
0 1 77 46 1 0
0 1 128 19 1 3
0 1 62 39 1 2
0 1 101 7 1 1
0 1 15 2 1 0
0 1 109 16 0 3
0 1 75 49 1 1
0 1 23 55 1 0
0 1 13 10 1 2
0 1 99 57 0 3
0 1 120 47 1 0
0 1 32 37 0 2
0 1 20 25 0 1
0 1 28 51 0 3
0 1 123 31 0 3
0 1 45 57 0 2
0 1 60 7 1 3
0 1 68 20 0 0
0 1 12 0 0 3
0 1 18 63 1 0
0 1 8 11 1 3
0 1 116 22 1 0
0 1 67 12 1 0
0 1 125 0 1 1
