0 1 42 61 1 3
0 1 15 14 0 3
0 1 122 18 0 2
0 1 62 30 1 1
0 1 28 2 0 0
0 1 10 26 0 2
0 1 4 57 1 2
0 1 123 34 0 2
0 1 30 10 1 0
0 1 25 24 0 1
0 1 104 29 1 1
0 1 74 38 1 1
0 1 90 62 1 1
0 1 29 55 0 2
0 1 0 14 0 2
0 1 119 36 1 0
0 1 28 43 1 1
0 1 128 1 0 0
0 1 111 56 0 2
0 1 115 21 0 0
0 1 18 46 1 2
0 1 48 22 1 3
0 1 7 64 1 3
0 1 77 59 0 0
0 1 3 16 0 2
0 1 5 8 0 3
0 1 114 43 1 3
0 1 44 63 0 0
0 1 72 35 0 0
0 1 88 47 0 1
0 1 110 60 0 1
0 1 9 34 1 0
0 1 98 25 1 3
0 1 62 27 0 1
0 1 14 24 0 0
0 1 115 36 1 3
0 1 118 17 1 2
0 1 46 54 0 1
0 1 77 4 1 1
0 1 93 48 1 1
0 1 112 4 1 2
0 1 91 45 1 3
0 1 20 19 1 1
0 1 32 53 0 3
0 1 31 44 1 0
0 1 79 57 1 1
0 1 23 6 1 3
0 1 83 8 0 0
0 1 54 41 0 0
0 1 119 13 0 3
0 1 52 58 1 1
0 1 120 33 0 2
0 1 85 28 0 0
0 1 122 58 1 3
0 1 81 56 1 3
0 1 47 4 1 3
0 1 127 42 0 1
0 1 113 23 1 3
0 1 35 23 1 2
0 1 85 31 1 0
0 1 24 11 1 3
0 1 94 51 0 2
0 1 16 51 1 3
0 1 53 24 0 2
0 1 96 10 1 3
0 1 31 20 0 2
0 1 57 45 1 2
0 1 26 2 1 1
0 1 87 5 0 3
0 1 73 52 0 0
0 1 106 0 1 0
0 1 84 30 0 2
0 1 52 21 0 2
0 1 123 2 1 2
0 1 127 25 1 1
0 1 61 53 0 0
0 1 34 53 0 2
0 1 6 48 1 3
0 1 93 16 0 3
0 1 89 15 1 2
0 1 121 38 0 3
0 1 48 6 0 2
0 1 8 11 0 0
0 1 50 38 1 2
0 1 105 12 0 1
0 1 126 61 1 1
0 1 43 3 0 1
0 1 53 9 1 0
0 1 82 40 0 0
0 1 1 45 0 0
0 1 19 13 1 2
0 1 55 57 0 0
0 1 55 1 1 3
0 1 6 37 0 2
0 1 18 20 0 1
0 1 21 51 1 1
0 1 124 22 1 2
0 1 99 9 1 1
0 1 39 40 1 3
0 1 116 12 1 2
0 1 74 7 0 3
0 1 107 40 1 2
0 1 30 32 0 0
0 1 65 39 1 2
0 1 46 49 1 1
0 1 125 64 0 1
0 1 103 48 0 0
0 1 33 44 0 2
0 1 92 29 1 3
0 1 82 46 1 0
0 1 65 8 0 2
0 1 29 35 1 1
0 1 102 50 0 2
0 1 41 12 1 3
0 1 23 0 0 3
0 1 78 28 1 1
0 1 63 55 1 1
0 1 97 19 0 2
0 1 21 11 0 2
0 1 12 60 1 3
0 1 9 5 0 1
0 1 78 63 0 3
0 1 128 41 1 3
0 1 80 23 0 1
0 1 20 59 0 3
0 1 76 18 1 1
0 1 102 22 1 0
0 1 1 32 1 1
0 1 0 33 1 0
0 1 35 46 0 3
0 1 68 28 1 2
0 1 129 36 1 2
0 1 106 60 0 2
0 1 120 37 1 1
0 1 2 34 0 1
0 1 64 7 1 1
0 1 13 31 1 1
0 1 66 18 1 3
0 1 13 31 0 3
0 1 34 29 1 0
0 1 86 52 1 2
0 1 27 25 0 0
0 1 63 14 0 0
0 1 45 56 0 1
0 1 101 14 1 1
0 1 17 49 0 2
0 1 4 11 0 1
0 1 92 44 0 1
0 1 109 3 0 3
0 1 15 63 1 1
0 1 47 58 0 2
0 1 68 39 0 3
0 1 8 20 1 0
0 1 40 27 1 3
0 1 25 42 1 2
0 1 96 27 0 2
0 1 107 64 0 2
0 1 57 52 0 1
0 1 90 49 0 3
0 1 80 60 1 0
0 1 69 54 1 0
0 1 64 5 0 2
0 1 49 50 1 1
0 1 60 16 1 0
0 1 89 47 0 0
0 1 11 3 1 0
0 1 38 33 0 3
0 1 7 39 0 0
0 1 60 17 0 1
0 1 95 17 0 0
0 1 129 7 0 0
0 1 24 53 0 1
0 1 101 13 0 0
0 1 5 58 1 0
0 1 38 61 1 2
0 1 98 54 0 2
0 1 39 44 0 3
0 1 49 61 0 0
0 1 84 15 1 0
0 1 44 10 1 2
0 1 32 40 1 1
0 1 17 59 1 1
0 1 69 33 0 1
0 1 99 19 0 3
0 1 37 16 1 1
0 1 59 50 0 0
0 1 116 55 0 3
0 1 110 34 1 3
0 1 67 21 1 1
0 1 117 39 0 1
0 1 126 42 0 3
0 1 33 47 1 3
0 1 3 36 1 1
0 1 114 41 0 2
0 1 10 30 1 0
0 1 58 0 1 1
0 1 61 19 1 0
0 1 100 35 0 2
0 1 83 26 1 0
0 1 36 55 1 0
0 1 43 62 1 0
0 1 104 5 0 0
0 1 117 57 1 3
0 1 42 37 0 0
0 1 51 8 1 1
0 1 108 6 0 0
0 1 2 45 1 1
0 1 59 23 1 0
0 1 73 31 1 2
0 1 75 30 0 3
0 1 54 17 1 3
0 1 100 51 1 0
0 1 103 54 1 3
0 1 118 42 0 0
0 1 121 28 1 3
0 1 45 13 1 1
0 1 22 46 0 1
0 1 86 35 0 3
0 1 71 56 1 0
0 1 22 26 1 1
0 1 105 47 1 2
0 1 81 1 0 1
0 1 14 52 1 3
0 1 41 43 0 2
0 1 111 21 1 3
0 1 91 10 0 1
0 1 94 59 1 2
0 1 76 9 0 3
0 1 16 15 0 1
0 1 88 12 1 0
0 1 51 62 0 2
0 1 66 32 0 3
0 1 70 38 0 0
0 1 11 27 0 0
