0 1 60 1 0 3
0 1 45 31 0 1
0 1 25 14 0 2
0 1 70 52 1 1
0 1 3 17 1 3
0 1 29 61 1 2
0 1 121 0 1 2
0 1 6 19 0 3
0 1 25 8 1 1
0 1 92 12 1 3
0 1 79 59 0 0
0 1 31 41 1 0
0 1 83 21 1 1
0 1 89 47 0 0
0 1 109 3 0 2
0 1 113 27 1 3
0 1 44 55 1 1
0 1 95 23 0 0
0 1 73 36 1 2
0 1 96 19 0 2
0 1 81 60 1 1
0 1 102 7 0 0
0 1 101 48 0 3
0 1 94 42 1 2
0 1 119 34 0 2
0 1 36 16 1 2
0 1 78 30 1 0
0 1 128 54 0 1
0 1 116 32 1 0
0 1 76 4 1 1
0 1 36 9 0 0
0 1 44 53 0 3
0 1 69 42 0 3
0 1 66 20 0 0
0 1 9 28 1 2
0 1 21 37 0 1
0 1 75 35 0 3
0 1 122 24 0 1
0 1 99 36 1 0
0 1 81 44 0 1
0 1 10 20 0 2
0 1 57 61 1 3
0 1 126 44 1 0
0 1 92 43 0 3
0 1 2 18 0 2
0 1 59 10 1 2
0 1 124 5 0 1
0 1 51 38 0 3
0 1 94 36 0 1
0 1 18 39 1 2
0 1 52 46 0 0
0 1 82 57 0 0
0 1 88 43 0 0
0 1 103 2 1 0
0 1 49 6 0 1
0 1 5 8 1 0
0 1 105 15 0 0
0 1 72 33 1 2
0 1 127 25 0 3
0 1 77 21 0 2
0 1 4 63 0 0
0 1 49 26 1 0
0 1 22 48 0 2
0 1 43 10 1 3
0 1 71 46 0 3
0 1 37 57 1 1
0 1 53 18 1 3
0 1 80 59 1 3
0 1 19 49 1 1
0 1 117 38 1 2
0 1 5 25 0 1
0 1 1 41 1 2
0 1 93 40 0 0
0 1 52 30 1 1
0 1 87 11 0 0
0 1 17 13 0 0
0 1 129 39 1 0
0 1 71 17 1 1
0 1 41 34 0 0
0 1 80 50 0 1
0 1 90 63 1 1
0 1 56 64 1 2
0 1 114 32 0 3
0 1 38 8 0 3
0 1 117 62 0 0
0 1 91 0 1 0
0 1 87 45 1 0
0 1 105 48 1 0
0 1 98 62 1 2
0 1 14 35 0 2
0 1 112 53 0 2
0 1 37 54 0 2
0 1 55 40 1 2
0 1 85 39 1 1
0 1 26 14 1 0
0 1 12 26 1 1
0 1 13 50 0 0
0 1 2 52 1 3
0 1 11 5 0 0
0 1 39 15 0 1
0 1 48 33 1 1
0 1 97 28 0 1
0 1 91 0 0 1
0 1 88 4 1 2
0 1 100 31 1 3
0 1 54 28 1 3
0 1 33 58 1 2
0 1 4 22 1 0
0 1 85 6 0 2
0 1 83 56 0 3
0 1 16 24 0 0
0 1 90 45 0 1
0 1 3 4 0 0
0 1 58 5 1 2
0 1 65 2 0 2
0 1 32 12 0 1
0 1 123 19 1 0
0 1 46 11 0 1
0 1 15 29 0 1
0 1 70 37 0 3
0 1 0 43 1 2
0 1 124 55 1 2
0 1 42 7 0 2
0 1 127 27 1 0
0 1 1 16 0 3
0 1 74 3 1 1
0 1 97 16 1 0
0 1 57 51 0 2
0 1 106 13 1 2
0 1 61 51 1 0
0 1 86 58 0 1
0 1 123 40 0 3
0 1 7 3 0 3
0 1 8 55 1 3
0 1 96 61 1 1
0 1 129 24 0 2
0 1 18 64 0 3
0 1 41 42 1 1
0 1 93 45 1 2
0 1 99 41 0 3
0 1 23 11 1 2
0 1 118 2 0 3
0 1 27 56 1 1
0 1 89 47 1 3
0 1 60 29 1 2
0 1 59 26 0 3
0 1 24 56 1 0
0 1 53 9 0 2
0 1 20 31 1 0
0 1 16 32 1 1
0 1 95 29 1 3
0 1 74 19 0 1
0 1 112 0 1 3
0 1 84 1 1 2
0 1 68 25 1 0
0 1 40 60 1 2
0 1 121 53 0 1
0 1 12 51 0 1
0 1 120 18 1 0
0 1 122 63 1 2
0 1 35 44 1 2
0 1 58 15 0 2
0 1 110 64 0 1
0 1 125 52 1 0
0 1 116 23 0 2
0 1 73 54 0 3
0 1 111 47 0 1
0 1 34 35 1 1
0 1 64 53 0 0
0 1 55 1 0 1
0 1 108 33 1 3
0 1 63 59 0 1
0 1 48 28 0 0
0 1 106 4 0 3
0 1 30 57 0 3
0 1 76 29 0 0
0 1 10 3 1 0
0 1 21 45 1 3
0 1 47 46 0 1
0 1 72 6 0 0
0 1 115 47 0 2
0 1 19 23 0 1
0 1 102 10 1 0
0 1 14 50 1 3
0 1 45 17 1 2
0 1 28 17 1 0
0 1 86 41 1 1
0 1 31 46 0 2
0 1 114 13 1 1
0 1 98 55 0 0
0 1 32 6 1 3
0 1 39 34 1 3
0 1 67 22 0 3
0 1 67 26 1 2
0 1 56 5 0 3
0 1 84 62 0 1
0 1 24 11 0 3
0 1 50 27 0 1
0 1 79 60 1 0
0 1 118 34 1 1
0 1 111 23 1 3
0 1 61 58 0 0
0 1 40 14 0 3
0 1 108 24 0 3
0 1 107 37 0 2
0 1 126 49 0 3
0 1 128 8 1 2
0 1 42 15 1 3
0 1 115 1 1 0
0 1 103 20 0 3
0 1 119 39 1 3
0 1 33 51 0 3
0 1 113 21 0 3
0 1 109 61 1 0
0 1 63 25 1 2
0 1 0 59 0 2
0 1 69 22 1 1
0 1 51 60 1 3
0 1 23 43 0 1
0 1 34 30 0 2
0 1 77 48 1 1
0 1 28 49 0 2
0 1 64 31 1 2
0 1 100 18 0 1
0 1 68 10 0 1
0 1 8 7 0 1
0 1 75 12 1 2
0 1 22 58 1 3
0 1 47 20 1 1
0 1 78 40 0 1
0 1 46 14 1 1
0 1 17 63 1 3
0 1 50 50 1 2
0 1 110 35 1 0
