0 1 44 41 1 2
0 1 72 15 1 2
0 1 34 21 0 2
0 1 99 1 0 2
0 1 48 39 1 3
0 1 114 10 1 2
0 1 116 19 1 2
0 1 52 34 1 2
0 1 99 61 1 0
0 1 63 51 1 3
0 1 25 43 1 1
0 1 101 13 0 3
0 1 86 14 1 0
0 1 53 17 1 3
0 1 68 18 0 2
0 1 81 57 0 3
0 1 24 25 0 1
0 1 118 14 1 2
0 1 82 59 0 1
0 1 93 57 0 2
0 1 9 4 0 3
0 1 92 56 0 3
0 1 120 63 0 3
0 1 19 13 0 1
0 1 46 12 1 0
0 1 123 7 0 3
0 1 128 56 1 2
0 1 126 53 1 1
0 1 87 62 0 3
0 1 35 43 0 2
0 1 56 28 0 2
0 1 100 48 1 3
0 1 36 9 0 0
0 1 104 44 1 2
0 1 4 6 0 1
0 1 41 5 1 1
0 1 81 22 1 1
0 1 34 19 1 3
0 1 20 31 0 3
0 1 6 54 1 3
0 1 96 40 1 2
0 1 78 64 0 1
0 1 117 21 0 1
0 1 40 34 1 3
0 1 71 37 0 0
0 1 91 8 0 2
0 1 29 45 0 0
0 1 116 26 0 1
0 1 112 58 1 3
0 1 90 29 0 2
0 1 70 52 1 1
0 1 75 49 0 3
0 1 74 25 0 3
0 1 77 46 0 0
0 1 28 31 1 0
0 1 17 3 1 3
0 1 125 19 0 1
0 1 42 27 1 3
0 1 98 45 0 2
0 1 85 21 0 3
0 1 95 12 1 3
0 1 66 18 1 1
0 1 41 63 0 2
0 1 79 35 1 3
0 1 80 62 0 0
0 1 111 50 1 2
0 1 18 28 1 3
0 1 108 40 0 0
0 1 123 5 1 2
0 1 54 33 1 2
0 1 8 1 0 3
0 1 10 39 0 1
0 1 102 16 0 2
0 1 16 11 1 3
0 1 65 9 0 2
0 1 39 44 1 3
0 1 38 36 0 2
0 1 89 24 0 1
0 1 43 50 1 0
0 1 37 8 1 3
0 1 88 11 1 0
0 1 67 23 1 0
0 1 56 21 1 0
0 1 101 32 1 0
0 1 104 58 0 1
0 1 102 15 1 1
0 1 103 33 0 1
0 1 27 38 0 3
0 1 47 6 0 0
0 1 73 35 1 1
0 1 110 0 1 1
0 1 11 32 1 1
0 1 12 12 1 2
0 1 70 40 0 3
0 1 61 10 1 1
0 1 66 20 0 1
0 1 108 17 1 2
0 1 30 15 0 3
0 1 14 2 0 2
0 1 106 2 0 1
0 1 21 37 1 3
0 1 83 41 0 3
0 1 18 28 0 0
0 1 0 61 1 3
0 1 45 52 0 0
0 1 1 30 1 3
0 1 31 7 0 0
0 1 83 59 1 3
0 1 57 48 1 2
0 1 46 20 0 2
0 1 23 64 0 3
0 1 105 60 1 2
0 1 16 39 0 2
0 1 111 49 0 2
0 1 77 42 1 0
0 1 33 3 1 0
0 1 119 30 0 2
0 1 64 44 1 1
0 1 129 51 0 2
0 1 118 23 0 2
0 1 106 13 1 2
0 1 14 29 1 3
0 1 68 55 1 2
0 1 32 24 0 3
0 1 35 4 1 1
0 1 90 28 1 1
0 1 71 42 1 3
0 1 7 64 1 0
0 1 73 38 0 0
0 1 119 46 1 1
0 1 94 55 0 1
0 1 59 11 1 2
0 1 7 47 0 3
0 1 105 49 0 0
0 1 96 6 0 3
0 1 29 44 1 0
0 1 49 27 1 1
0 1 19 26 1 3
0 1 8 12 1 1
0 1 49 27 0 2
0 1 115 41 1 0
0 1 48 54 0 0
0 1 57 48 0 1
0 1 98 63 1 1
0 1 91 46 1 3
0 1 121 17 1 1
0 1 126 23 0 1
0 1 52 14 0 1
0 1 93 3 1 1
0 1 39 4 0 0
0 1 11 51 0 0
0 1 1 37 0 2
0 1 3 60 1 0
0 1 2 2 0 0
0 1 32 49 1 1
0 1 62 42 1 2
0 1 47 34 1 0
0 1 121 38 0 1
0 1 74 16 1 1
0 1 127 0 1 3
0 1 128 56 0 1
0 1 86 26 0 2
0 1 122 0 0 2
0 1 4 35 1 0
0 1 3 58 0 0
0 1 113 36 0 0
0 1 38 9 1 3
0 1 82 20 1 3
0 1 112 55 0 3
0 1 6 47 0 0
0 1 33 54 0 1
0 1 37 61 0 1
0 1 5 59 0 0
0 1 76 4 0 2
0 1 124 23 0 3
0 1 45 53 1 0
0 1 43 5 0 3
0 1 64 43 0 0
0 1 97 64 1 2
0 1 25 45 0 3
0 1 28 36 0 1
0 1 107 62 0 2
0 1 12 16 0 3
0 1 114 47 0 1
0 1 75 25 1 2
0 1 127 40 0 1
0 1 2 10 1 0
0 1 50 57 1 1
0 1 20 50 1 3
0 1 109 22 0 2
0 1 54 10 0 3
0 1 110 29 0 0
0 1 15 18 1 0
0 1 22 7 1 1
0 1 31 31 1 1
0 1 95 7 0 2
0 1 63 0 0 0
0 1 50 1 0 1
0 1 17 52 0 3
0 1 58 22 1 0
0 1 60 56 1 0
0 1 55 37 0 1
0 1 129 52 1 2
0 1 120 22 1 3
0 1 124 39 1 0
0 1 26 53 0 3
0 1 72 8 0 1
0 1 55 1 1 0
0 1 125 20 1 0
0 1 24 30 1 0
0 1 22 34 0 1
0 1 23 15 1 0
0 1 42 62 0 1
0 1 10 26 1 0
0 1 9 47 1 2
0 1 36 6 1 2
0 1 94 11 1 1
0 1 69 25 0 0
0 1 13 9 1 1
0 1 15 42 0 1
0 1 107 58 1 2
0 1 84 33 0 0
0 1 26 35 1 2
0 1 61 8 0 0
0 1 51 32 0 2
0 1 13 16 0 0
0 1 65 59 1 2
0 1 122 27 1 0
0 1 53 17 0 0
0 1 92 36 1 3
0 1 69 38 1 2
0 1 67 24 0 2
0 1 58 60 0 3
0 1 89 51 1 1
