0 1 93 63 1 1
0 1 117 1 0 3
0 1 17 9 0 0
0 1 53 58 1 1
0 1 106 5 0 0
0 1 67 16 0 3
0 1 123 6 0 3
0 1 21 32 1 0
0 1 76 48 1 1
0 1 97 28 0 2
0 1 12 23 1 0
0 1 107 42 0 3
0 1 57 31 1 2
0 1 27 60 1 3
0 1 66 41 1 0
0 1 111 26 1 2
0 1 85 53 1 3
0 1 35 0 1 0
0 1 40 50 0 3
0 1 65 15 0 0
0 1 3 18 0 0
0 1 79 25 1 3
0 1 57 54 0 2
0 1 44 16 1 1
0 1 18 37 0 0
0 1 118 61 1 2
0 1 56 24 0 0
0 1 36 2 0 1
0 1 32 35 1 1
0 1 30 61 0 0
0 1 34 56 1 0
0 1 3 54 1 1
0 1 121 64 0 1
0 1 90 7 1 0
0 1 39 14 1 2
0 1 47 42 1 1
0 1 24 38 0 1
0 1 102 12 1 3
0 1 58 52 1 0
0 1 120 51 0 0
0 1 38 36 1 1
0 1 56 55 1 0
0 1 1 39 1 1
0 1 45 18 1 2
0 1 25 33 1 3
0 1 32 49 0 1
0 1 20 45 1 1
0 1 34 10 0 1
0 1 22 33 1 0
0 1 52 41 1 2
0 1 126 47 0 0
0 1 90 46 0 2
0 1 68 49 1 2
0 1 4 44 1 2
0 1 104 59 0 3
0 1 112 36 0 0
0 1 64 12 1 0
0 1 89 13 1 3
0 1 124 1 0 2
0 1 98 59 0 1
0 1 63 35 1 3
0 1 104 53 1 0
0 1 102 43 0 3
0 1 49 25 0 0
0 1 129 8 1 1
0 1 0 22 1 3
0 1 99 5 0 1
0 1 93 29 0 2
0 1 23 17 0 1
0 1 29 46 0 3
0 1 101 43 1 1
0 1 33 32 0 3
0 1 19 63 1 3
0 1 59 2 0 2
0 1 105 38 1 2
0 1 22 45 0 2
0 1 43 21 1 0
0 1 81 3 1 1
0 1 44 11 0 0
0 1 91 26 0 0
0 1 31 27 0 0
0 1 52 34 0 3
0 1 38 40 0 0
0 1 2 30 0 3
0 1 103 52 1 3
0 1 16 21 1 3
0 1 119 19 1 2
0 1 88 12 1 2
0 1 127 28 0 3
0 1 45 57 0 1
0 1 116 9 1 3
0 1 85 57 0 3
0 1 110 22 0 2
0 1 91 44 1 1
0 1 31 7 1 3
0 1 18 9 1 2
0 1 79 62 0 1
0 1 99 60 1 2
0 1 100 48 0 0
0 1 126 7 1 2
0 1 51 60 1 0
0 1 24 55 1 1
0 1 94 19 0 0
0 1 11 58 0 3
0 1 25 0 0 1
0 1 29 4 1 0
0 1 49 62 1 0
0 1 69 13 0 2
0 1 48 62 1 2
0 1 73 13 0 0
0 1 33 50 1 1
0 1 20 53 0 2
0 1 27 14 0 0
0 1 72 37 1 2
0 1 106 22 1 1
0 1 108 55 1 3
0 1 40 1 1 0
0 1 69 52 1 2
0 1 71 20 1 2
0 1 43 0 0 3
0 1 73 63 1 0
0 1 7 19 1 1
0 1 116 8 0 0
0 1 8 11 0 1
0 1 21 6 0 2
0 1 82 42 0 2
0 1 10 45 0 0
0 1 36 27 1 2
0 1 83 40 1 2
0 1 5 31 1 0
0 1 127 30 1 1
0 1 50 43 0 2
0 1 7 48 0 2
0 1 62 38 0 3
0 1 46 50 0 2
0 1 122 58 0 2
0 1 6 17 1 2
0 1 13 21 1 2
0 1 5 46 0 0
0 1 92 15 0 2
0 1 120 36 1 3
0 1 111 26 0 1
0 1 100 10 1 3
0 1 86 5 1 2
0 1 41 38 1 0
0 1 9 34 1 1
0 1 47 17 0 3
0 1 54 27 0 3
0 1 15 47 0 2
0 1 95 63 1 2
0 1 62 35 1 2
0 1 75 2 0 0
0 1 67 57 1 0
0 1 78 39 0 0
0 1 124 22 1 0
0 1 109 29 1 3
0 1 125 59 1 0
0 1 87 8 0 2
0 1 88 44 0 3
0 1 12 25 0 2
0 1 10 4 1 3
0 1 46 11 1 2
0 1 6 27 0 1
0 1 114 33 1 2
0 1 26 14 1 1
0 1 89 23 0 2
0 1 60 29 1 1
0 1 77 15 1 3
0 1 94 52 1 1
0 1 14 51 0 2
0 1 76 20 0 1
0 1 122 56 1 1
0 1 92 32 1 1
0 1 4 3 0 3
0 1 113 36 0 2
0 1 98 57 1 2
0 1 64 16 0 0
0 1 15 64 1 0
0 1 41 6 0 0
0 1 103 30 0 2
0 1 60 41 0 1
0 1 77 28 0 1
0 1 35 3 0 2
0 1 65 40 1 1
0 1 50 2 1 3
0 1 117 23 1 1
0 1 39 61 0 3
0 1 13 4 0 2
0 1 80 11 0 3
0 1 55 51 0 1
0 1 78 46 1 1
0 1 84 18 0 3
0 1 128 34 0 0
0 1 48 1 0 1
0 1 101 37 0 1
0 1 42 6 0 1
0 1 86 24 0 3
0 1 115 33 1 1
0 1 114 4 0 1
0 1 30 40 1 3
0 1 75 54 1 3
0 1 61 43 0 0
0 1 37 31 1 1
0 1 125 56 0 3
0 1 54 25 1 1
0 1 71 39 0 3
0 1 118 58 0 0
0 1 2 17 1 0
0 1 9 39 0 2
0 1 0 10 0 2
0 1 115 42 0 0
0 1 55 49 1 3
0 1 108 7 0 1
0 1 42 60 1 1
0 1 119 54 0 0
0 1 123 34 1 2
0 1 70 64 1 2
0 1 105 9 0 1
0 1 121 23 1 3
0 1 58 45 0 3
0 1 17 35 1 0
0 1 51 59 0 2
0 1 66 24 0 2
0 1 70 5 0 3
0 1 97 32 1 2
0 1 74 15 0 1
0 1 11 21 1 1
0 1 107 20 1 0
0 1 53 41 0 3
0 1 68 53 0 1
0 1 8 56 1 2
0 1 74 3 1 0
0 1 82 10 1 0
0 1 110 49 1 0
