0 1 70 11 0 2
0 1 106 4 1 1
0 1 112 35 0 0
0 1 85 62 1 0
0 1 66 29 1 2
0 1 48 38 1 0
0 1 113 31 1 2
0 1 16 25 1 0
0 1 4 0 0 1
0 1 125 18 1 3
0 1 105 31 1 1
0 1 78 16 0 2
0 1 100 15 1 2
0 1 53 30 1 0
0 1 128 19 1 1
0 1 13 12 0 2
0 1 121 55 0 0
0 1 43 61 1 0
0 1 50 26 0 0
0 1 83 17 0 3
0 1 38 52 0 1
0 1 81 6 0 1
0 1 86 5 0 1
0 1 64 28 1 2
0 1 43 21 0 1
0 1 9 59 1 2
0 1 3 51 0 1
0 1 21 57 1 2
0 1 71 0 1 0
0 1 111 44 0 1
0 1 108 53 0 1
0 1 101 41 0 3
0 1 101 40 1 2
0 1 17 63 1 2
0 1 87 64 0 2
0 1 2 45 0 2
0 1 51 27 1 3
0 1 53 52 0 0
0 1 117 13 0 2
0 1 50 50 1 1
0 1 60 47 1 3
0 1 7 26 1 2
0 1 61 51 0 2
0 1 56 2 0 1
0 1 104 23 0 0
0 1 46 48 1 2
0 1 128 33 0 1
0 1 25 60 1 1
0 1 116 44 0 0
0 1 23 58 1 2
0 1 127 62 1 2
0 1 54 1 0 2
0 1 45 9 0 1
0 1 41 22 0 1
0 1 93 37 1 1
0 1 74 48 1 0
0 1 54 2 1 2
0 1 17 53 0 2
0 1 28 64 1 0
0 1 29 24 0 1
0 1 6 34 1 2
0 1 104 36 1 2
0 1 99 49 1 3
0 1 14 34 0 3
0 1 11 42 1 0
0 1 65 40 0 0
0 1 92 7 0 0
0 1 20 29 1 3
0 1 119 39 0 0
0 1 118 21 1 2
0 1 103 23 0 3
0 1 109 36 0 3
0 1 103 32 1 1
0 1 52 45 1 0
0 1 77 47 0 1
0 1 38 13 1 0
0 1 30 11 1 3
0 1 0 49 1 2
0 1 68 24 0 0
0 1 97 14 1 2
0 1 55 27 0 0
0 1 109 46 1 3
0 1 84 56 1 1
0 1 34 59 1 3
0 1 27 57 1 1
0 1 13 17 1 0
0 1 8 63 0 3
0 1 87 54 1 2
0 1 95 43 1 3
0 1 115 49 0 0
0 1 23 32 0 0
0 1 29 54 1 3
0 1 123 35 1 2
0 1 11 57 0 0
0 1 96 8 1 2
0 1 42 22 1 2
0 1 59 6 0 2
0 1 47 60 0 2
0 1 116 6 1 0
0 1 86 50 1 2
0 1 52 24 0 2
0 1 64 54 0 1
0 1 89 3 1 0
0 1 5 41 1 1
0 1 85 56 0 0
0 1 115 45 1 1
0 1 94 50 0 3
0 1 67 12 1 3
0 1 126 37 1 0
0 1 124 14 0 3
0 1 89 12 0 1
0 1 125 1 0 3
0 1 0 25 0 3
0 1 72 47 1 0
0 1 123 39 0 1
0 1 79 2 0 3
0 1 88 64 0 1
0 1 118 55 0 3
0 1 31 33 0 3
0 1 110 36 0 0
0 1 49 53 0 3
0 1 30 10 0 2
0 1 110 43 1 1
0 1 12 23 1 2
0 1 36 4 1 3
0 1 126 7 0 1
0 1 48 16 0 1
0 1 102 50 0 0
0 1 106 25 0 2
0 1 111 12 1 0
0 1 120 46 0 1
0 1 33 58 1 1
0 1 95 5 0 3
0 1 21 39 0 3
0 1 81 10 1 3
0 1 63 9 0 3
0 1 60 55 0 1
0 1 15 22 0 3
0 1 22 56 1 2
0 1 92 60 1 0
0 1 59 52 1 2
0 1 65 42 1 1
0 1 84 38 0 3
0 1 68 21 1 3
0 1 100 44 0 3
0 1 44 30 0 2
0 1 12 1 0 1
0 1 51 58 0 0
0 1 6 0 0 3
0 1 122 16 0 3
0 1 75 61 0 2
0 1 66 7 0 2
0 1 19 30 1 1
0 1 57 11 1 1
0 1 55 28 1 0
0 1 91 13 0 1
0 1 45 18 1 0
0 1 37 32 0 3
0 1 76 10 0 1
0 1 41 33 1 2
0 1 47 20 1 1
0 1 73 15 0 0
0 1 35 18 1 1
0 1 112 61 1 1
0 1 108 20 1 3
0 1 44 60 1 3
0 1 20 45 0 3
0 1 32 16 0 0
0 1 94 41 1 2
0 1 119 63 1 1
0 1 57 14 0 1
0 1 27 62 0 1
0 1 33 5 0 2
0 1 24 44 1 2
0 1 76 27 1 1
0 1 26 51 0 0
0 1 46 22 0 0
0 1 39 59 1 0
0 1 80 26 0 3
0 1 75 19 1 0
0 1 4 2 1 0
0 1 79 6 1 3
0 1 35 4 0 2
0 1 1 20 0 0
0 1 37 1 1 0
0 1 58 39 0 2
0 1 8 8 1 0
0 1 107 53 0 0
0 1 10 34 0 1
0 1 73 41 1 0
0 1 90 47 1 2
0 1 3 54 1 0
0 1 58 23 1 1
0 1 70 42 1 3
0 1 117 24 1 3
0 1 77 32 1 2
0 1 26 13 1 3
0 1 49 27 1 2
0 1 18 48 1 3
0 1 36 56 0 3
0 1 34 8 0 3
0 1 15 17 1 2
0 1 56 28 1 1
0 1 99 37 0 2
0 1 98 40 1 3
0 1 22 3 0 1
0 1 74 31 0 0
0 1 98 46 0 0
0 1 114 52 1 3
0 1 113 14 0 0
0 1 67 29 0 0
0 1 80 57 1 3
0 1 107 11 1 0
0 1 61 3 1 3
0 1 14 63 1 0
0 1 18 43 0 0
0 1 19 34 0 0
0 1 120 28 1 3
0 1 88 8 1 1
0 1 129 19 0 3
0 1 1 7 1 3
0 1 69 38 1 1
0 1 2 46 1 2
0 1 97 49 0 1
0 1 40 36 1 1
0 1 24 18 0 2
0 1 7 61 0 3
0 1 10 4 1 0
0 1 16 37 0 3
0 1 28 26 0 1
0 1 42 21 0 0
0 1 69 64 0 3
0 1 62 35 0 1
0 1 127 9 0 0
