0 1 32 2 1 1
0 1 23 6 0 2
0 1 84 16 0 0
0 1 68 43 0 2
0 1 7 29 0 1
0 1 84 60 1 2
0 1 69 63 0 2
0 1 25 7 1 2
0 1 66 56 1 0
0 1 62 56 0 3
0 1 70 52 0 0
0 1 17 30 1 1
0 1 36 5 0 0
0 1 41 9 0 1
0 1 56 21 0 0
0 1 31 14 1 3
0 1 22 33 1 2
0 1 25 57 0 1
0 1 100 28 1 3
0 1 43 55 1 2
0 1 61 53 1 3
0 1 14 38 1 0
0 1 24 24 1 2
0 1 81 61 0 1
0 1 114 26 1 3
0 1 54 11 1 0
0 1 127 38 0 3
0 1 22 19 0 1
0 1 94 8 1 1
0 1 125 43 0 0
0 1 91 51 1 1
0 1 82 18 0 3
0 1 93 16 0 2
0 1 33 58 0 2
0 1 86 47 0 0
0 1 101 40 0 1
0 1 60 44 1 0
0 1 73 54 1 2
0 1 40 52 0 2
0 1 87 46 0 3
0 1 122 9 0 3
0 1 107 62 0 0
0 1 49 30 1 0
0 1 67 64 1 3
0 1 54 11 0 3
0 1 64 59 0 1
0 1 57 3 0 1
0 1 79 58 0 0
0 1 106 36 0 2
0 1 13 15 0 3
0 1 86 20 1 1
0 1 109 12 1 1
0 1 19 51 0 0
0 1 34 47 1 1
0 1 94 1 0 3
0 1 1 11 0 2
0 1 121 32 1 2
0 1 111 41 0 0
0 1 72 37 0 3
0 1 73 17 0 2
0 1 117 64 0 1
0 1 76 18 0 1
0 1 103 14 0 1
0 1 2 37 0 0
0 1 15 39 0 0
0 1 51 32 1 1
0 1 77 18 0 0
0 1 9 4 1 3
0 1 1 19 1 2
0 1 118 63 1 1
0 1 5 10 0 3
0 1 129 44 0 2
0 1 68 27 1 3
0 1 14 38 0 1
0 1 87 48 1 3
0 1 123 0 1 2
0 1 80 4 1 0
0 1 47 62 0 3
0 1 0 28 0 0
0 1 52 45 1 3
0 1 121 2 0 3
0 1 92 22 1 1
0 1 109 53 0 1
0 1 63 46 0 1
0 1 59 24 0 0
0 1 15 61 1 2
0 1 31 35 0 3
0 1 37 25 1 0
0 1 5 31 1 1
0 1 113 34 0 1
0 1 93 23 1 2
0 1 50 3 0 2
0 1 9 39 0 1
0 1 110 22 1 2
0 1 20 29 0 3
0 1 4 50 0 2
0 1 125 6 1 0
0 1 44 28 0 2
0 1 29 49 0 0
0 1 28 49 0 1
0 1 104 35 1 0
0 1 104 13 0 3
0 1 8 1 1 1
0 1 47 18 1 2
0 1 105 46 0 2
0 1 48 12 1 2
0 1 105 5 1 2
0 1 52 2 0 0
0 1 97 21 0 2
0 1 30 8 1 2
0 1 21 15 0 1
0 1 88 10 0 0
0 1 127 34 1 0
0 1 48 40 0 3
0 1 36 35 1 1
0 1 42 33 0 0
0 1 67 41 0 2
0 1 83 26 1 0
0 1 119 5 1 3
0 1 53 49 0 2
0 1 39 17 0 0
0 1 85 42 0 1
0 1 40 7 1 0
0 1 35 60 1 0
0 1 34 52 0 3
0 1 90 31 0 2
0 1 112 63 1 3
0 1 53 40 1 2
0 1 113 62 1 2
0 1 69 8 1 3
0 1 124 55 0 1
0 1 129 0 1 3
0 1 4 19 1 0
0 1 35 21 0 3
0 1 91 31 0 3
0 1 122 44 1 3
0 1 99 23 1 0
0 1 112 12 0 0
0 1 20 14 1 0
0 1 3 3 1 3
0 1 88 56 1 2
0 1 98 15 1 2
0 1 72 54 1 1
0 1 119 60 0 1
0 1 19 13 1 0
0 1 96 53 1 0
0 1 3 59 0 2
0 1 126 48 0 0
0 1 114 27 0 0
0 1 62 25 1 2
0 1 45 38 1 2
0 1 26 36 0 3
0 1 38 50 0 3
0 1 118 17 0 3
0 1 101 61 1 0
0 1 75 32 0 3
0 1 111 42 1 0
0 1 124 54 1 3
0 1 12 20 0 2
0 1 116 45 1 2
0 1 120 7 0 1
0 1 71 58 1 1
0 1 99 39 0 3
0 1 115 41 0 3
0 1 97 9 1 2
0 1 74 27 1 2
0 1 108 64 0 0
0 1 51 33 0 3
0 1 16 33 0 1
0 1 65 4 0 1
0 1 75 6 1 1
0 1 66 16 0 1
0 1 74 48 0 2
0 1 116 37 0 2
0 1 76 59 1 0
0 1 58 47 1 3
0 1 12 43 1 1
0 1 24 57 0 2
0 1 10 25 1 3
0 1 37 26 0 2
0 1 27 23 0 1
0 1 98 50 0 1
0 1 128 51 0 2
0 1 55 49 0 3
0 1 41 10 1 2
0 1 8 24 0 3
0 1 50 24 1 1
0 1 11 41 1 1
0 1 60 29 0 2
0 1 81 0 1 1
0 1 29 51 1 3
0 1 39 42 1 2
0 1 28 29 1 0
0 1 42 20 1 0
0 1 16 14 1 2
0 1 61 0 0 0
0 1 96 22 0 0
0 1 126 10 1 1
0 1 70 11 1 1
0 1 80 7 0 3
0 1 63 34 1 3
0 1 71 55 0 0
0 1 33 60 1 3
0 1 55 36 1 1
0 1 6 39 1 2
0 1 102 6 1 3
0 1 82 46 1 0
0 1 78 30 0 3
0 1 123 9 0 0
0 1 46 40 0 0
0 1 59 12 1 3
0 1 78 37 1 1
0 1 89 21 0 1
0 1 43 34 0 2
0 1 64 13 1 2
0 1 30 2 0 2
0 1 110 1 0 2
0 1 56 13 1 1
0 1 58 53 0 2
0 1 21 57 1 3
0 1 107 45 1 0
0 1 2 32 1 0
0 1 23 50 1 0
0 1 10 58 0 3
0 1 45 4 0 2
0 1 18 25 1 1
0 1 92 15 0 0
0 1 108 45 1 1
0 1 17 16 0 3
0 1 18 42 0 3
0 1 26 63 1 0
0 1 32 48 0 1
0 1 49 1 0 0
0 1 120 64 1 2
