0 1 92 9 0 2
0 1 79 20 0 3
0 1 0 47 1 1
0 1 60 23 1 3
0 1 51 49 0 0
0 1 36 62 1 2
0 1 73 28 0 3
0 1 55 35 0 0
0 1 64 25 1 0
0 1 23 52 0 2
0 1 12 22 1 1
0 1 118 4 1 2
0 1 122 36 0 0
0 1 106 48 1 0
0 1 22 6 0 0
0 1 25 4 0 0
0 1 25 11 1 1
0 1 7 51 1 3
0 1 125 2 1 3
0 1 22 18 1 1
0 1 33 0 1 3
0 1 12 40 0 3
0 1 102 64 0 1
0 1 31 12 0 1
0 1 73 13 1 0
0 1 113 32 0 2
0 1 18 40 1 2
0 1 123 41 1 1
0 1 24 33 0 0
0 1 76 10 0 2
0 1 124 63 1 0
0 1 21 8 1 2
0 1 79 45 1 0
0 1 34 16 1 1
0 1 6 50 1 0
0 1 109 26 1 3
0 1 44 39 1 2
0 1 38 34 0 0
0 1 19 29 0 0
0 1 0 19 0 1
0 1 48 33 0 2
0 1 32 35 1 3
0 1 116 23 1 0
0 1 50 30 1 1
0 1 103 37 1 2
0 1 28 16 1 3
0 1 57 8 0 0
0 1 52 2 1 1
0 1 15 1 0 0
0 1 27 60 0 1
0 1 4 4 0 1
0 1 46 16 1 2
0 1 95 22 1 0
0 1 44 15 0 0
0 1 101 41 0 0
0 1 77 53 0 2
0 1 14 11 1 0
0 1 99 43 1 1
0 1 10 9 0 3
0 1 3 24 1 3
0 1 92 31 1 2
0 1 82 42 1 0
0 1 7 5 0 3
0 1 88 17 1 2
0 1 121 43 0 2
0 1 50 21 0 3
0 1 19 14 1 0
0 1 26 6 1 1
0 1 84 55 0 1
0 1 127 36 1 1
0 1 33 56 0 0
0 1 78 28 1 1
0 1 98 15 1 2
0 1 89 10 1 0
0 1 37 44 0 2
0 1 101 19 1 0
0 1 85 64 1 0
0 1 94 59 1 2
0 1 5 7 0 3
0 1 128 55 0 3
0 1 59 17 1 1
0 1 115 9 1 1
0 1 30 12 1 2
0 1 2 21 1 0
0 1 97 49 0 3
0 1 78 37 0 1
0 1 5 62 1 3
0 1 23 10 1 1
0 1 51 47 1 0
0 1 96 46 1 0
0 1 74 35 1 2
0 1 41 20 0 0
0 1 43 31 1 1
0 1 82 50 0 3
0 1 36 0 0 0
0 1 63 57 0 1
0 1 106 21 0 1
0 1 47 41 0 3
0 1 75 7 1 1
0 1 47 61 1 1
0 1 118 38 0 2
0 1 98 10 0 3
0 1 40 58 0 2
0 1 57 3 1 3
0 1 126 61 0 0
0 1 35 14 1 1
0 1 125 0 0 2
0 1 88 54 0 1
0 1 54 52 1 1
0 1 39 34 1 3
0 1 39 14 0 2
0 1 15 54 1 2
0 1 26 13 0 3
0 1 17 39 1 3
0 1 35 25 0 1
0 1 69 22 0 3
0 1 124 42 0 3
0 1 114 60 0 3
0 1 29 40 0 1
0 1 72 30 1 3
0 1 117 31 1 0
0 1 65 60 1 0
0 1 32 59 0 3
0 1 95 2 0 2
0 1 16 58 0 1
0 1 49 34 1 1
0 1 20 39 0 0
0 1 127 42 0 1
0 1 41 52 1 0
0 1 11 5 1 1
0 1 10 57 1 0
0 1 103 57 0 2
0 1 107 63 0 2
0 1 81 25 0 2
0 1 94 54 0 0
0 1 45 23 1 1
0 1 64 47 0 3
0 1 71 1 1 1
0 1 54 8 0 1
0 1 84 26 1 2
0 1 52 46 0 2
0 1 105 43 0 0
0 1 112 38 1 0
0 1 67 58 1 3
0 1 9 12 0 3
0 1 99 32 0 0
0 1 80 9 0 0
0 1 90 45 1 3
0 1 37 51 1 2
0 1 20 27 1 3
0 1 105 33 1 1
0 1 91 44 0 3
0 1 29 18 1 2
0 1 34 56 0 3
0 1 122 51 1 1
0 1 49 61 0 3
0 1 24 61 1 2
0 1 104 49 0 1
0 1 104 13 1 2
0 1 111 53 0 3
0 1 113 56 1 1
0 1 56 3 0 0
0 1 119 24 1 2
0 1 111 62 1 0
0 1 14 53 0 0
0 1 83 37 0 3
0 1 119 35 0 1
0 1 116 36 0 2
0 1 102 46 1 3
0 1 72 19 0 2
0 1 123 25 0 3
0 1 128 17 1 0
0 1 121 23 1 2
0 1 67 15 0 1
0 1 87 32 1 3
0 1 100 7 1 0
0 1 58 64 0 3
0 1 129 5 1 2
0 1 16 45 1 1
0 1 75 7 0 2
0 1 55 50 1 1
0 1 117 11 0 3
0 1 87 41 0 2
0 1 110 55 1 0
0 1 58 18 1 0
0 1 114 11 1 2
0 1 115 30 0 2
0 1 11 45 0 2
0 1 4 3 1 1
0 1 63 26 1 0
0 1 42 27 1 1
0 1 120 39 0 1
0 1 1 29 1 3
0 1 65 24 0 0
0 1 48 28 1 2
0 1 80 38 1 3
0 1 96 1 0 3
0 1 70 22 1 2
0 1 45 53 0 1
0 1 109 46 0 1
0 1 83 58 1 0
0 1 110 56 0 2
0 1 129 27 0 0
0 1 90 47 0 2
0 1 68 24 0 1
0 1 59 1 0 2
0 1 71 51 0 0
0 1 69 60 1 2
0 1 100 6 0 3
0 1 93 31 1 3
0 1 70 40 0 0
0 1 62 6 0 2
0 1 27 28 1 0
0 1 61 30 0 0
0 1 43 20 0 2
0 1 8 63 1 1
0 1 86 5 0 0
0 1 77 36 1 3
0 1 31 48 1 3
0 1 1 48 0 2
0 1 112 13 0 1
0 1 53 52 1 3
0 1 126 15 1 3
0 1 38 54 1 3
0 1 17 27 0 2
0 1 91 3 1 2
0 1 30 49 0 2
0 1 6 42 0 2
0 1 61 21 1 2
0 1 42 57 0 3
0 1 66 4 1 3
0 1 56 43 1 3
0 1 60 34 0 2
0 1 62 19 1 3
