0 1 79 55 0 2
0 1 66 16 1 0
0 1 13 3 1 3
0 1 107 38 1 0
0 1 36 21 0 1
0 1 114 42 0 2
0 1 55 34 1 3
0 1 45 23 0 1
0 1 89 22 0 0
0 1 9 1 0 3
0 1 80 8 1 0
0 1 53 47 1 2
0 1 54 44 0 0
0 1 122 62 1 0
0 1 108 11 0 1
0 1 50 24 1 0
0 1 126 43 1 0
0 1 83 11 0 0
0 1 82 41 0 2
0 1 74 59 0 1
0 1 11 18 1 2
0 1 68 6 1 1
0 1 32 52 0 1
0 1 76 61 1 0
0 1 63 9 1 0
0 1 121 14 0 2
0 1 44 31 1 0
0 1 40 45 0 1
0 1 109 20 0 1
0 1 123 2 0 0
0 1 104 48 0 2
0 1 128 15 0 1
0 1 95 58 0 0
0 1 65 27 1 2
0 1 42 47 1 3
0 1 38 30 1 1
0 1 121 4 1 2
0 1 18 39 0 1
0 1 82 5 1 0
0 1 78 34 0 1
0 1 62 49 1 1
0 1 49 0 0 1
0 1 1 19 1 2
0 1 41 29 0 0
0 1 46 32 0 3
0 1 15 12 0 0
0 1 119 32 0 1
0 1 3 14 0 1
0 1 0 7 1 1
0 1 8 13 0 0
0 1 125 48 1 3
0 1 88 10 0 0
0 1 52 58 1 1
0 1 58 63 1 2
0 1 81 57 0 0
0 1 127 57 0 3
0 1 59 40 0 1
0 1 126 38 0 1
0 1 108 23 1 2
0 1 102 7 1 3
0 1 51 16 1 3
0 1 60 37 1 2
0 1 120 33 1 2
0 1 51 39 0 3
0 1 116 24 0 3
0 1 42 3 0 2
0 1 129 29 0 3
0 1 7 41 1 3
0 1 30 45 1 3
0 1 47 5 0 2
0 1 78 4 1 1
0 1 27 63 1 0
0 1 20 39 1 0
0 1 91 56 0 3
0 1 13 64 0 3
0 1 116 27 1 3
0 1 37 10 0 1
0 1 9 8 1 3
0 1 34 17 1 0
0 1 66 26 0 3
0 1 87 25 0 1
0 1 99 53 0 0
0 1 12 21 1 3
0 1 37 28 1 1
0 1 125 25 0 2
0 1 70 13 1 2
0 1 27 1 0 1
0 1 92 30 0 0
0 1 96 58 1 3
0 1 24 42 0 3
0 1 101 61 1 3
0 1 25 55 0 3
0 1 0 15 0 3
0 1 32 37 1 1
0 1 85 60 0 3
0 1 95 64 1 2
0 1 23 22 0 3
0 1 48 9 0 3
0 1 16 43 0 2
0 1 3 1 1 0
0 1 75 56 0 2
0 1 101 52 0 2
0 1 61 43 1 3
0 1 122 25 0 0
0 1 113 46 1 3
0 1 56 49 0 3
0 1 86 45 1 2
0 1 76 52 0 0
0 1 123 26 1 2
0 1 12 18 0 3
0 1 53 48 0 1
0 1 106 32 1 2
0 1 102 26 0 0
0 1 1 54 0 0
0 1 57 27 1 1
0 1 127 12 1 1
0 1 81 18 1 1
0 1 75 8 1 2
0 1 45 46 1 2
0 1 55 31 0 1
0 1 18 54 1 3
0 1 26 22 1 1
0 1 84 33 1 3
0 1 70 49 0 2
0 1 109 56 1 0
0 1 4 23 0 0
0 1 49 12 1 2
0 1 97 59 0 2
0 1 29 36 0 2
0 1 87 15 1 2
0 1 115 51 0 1
0 1 38 28 0 0
0 1 30 20 0 3
0 1 73 0 1 2
0 1 71 36 0 1
0 1 8 4 1 3
0 1 14 7 1 0
0 1 44 62 0 3
0 1 39 47 0 0
0 1 84 53 0 2
0 1 23 54 1 2
0 1 54 19 1 1
0 1 21 64 0 0
0 1 6 10 1 2
0 1 2 2 0 3
0 1 118 36 0 3
0 1 60 21 0 0
0 1 34 15 0 0
0 1 26 28 0 2
0 1 28 12 0 3
0 1 20 32 0 0
0 1 103 62 0 1
0 1 68 48 0 0
0 1 29 17 1 1
0 1 5 3 1 0
0 1 35 33 0 0
0 1 72 44 0 1
0 1 72 17 1 3
0 1 90 53 0 1
0 1 58 40 0 3
0 1 59 34 1 0
0 1 104 37 1 0
0 1 96 52 0 3
0 1 43 2 1 1
0 1 31 6 0 0
0 1 118 13 1 1
0 1 110 30 0 2
0 1 56 6 1 3
0 1 114 29 1 2
0 1 39 59 1 0
0 1 128 0 1 0
0 1 21 57 1 1
0 1 16 53 1 3
0 1 61 14 0 0
0 1 2 51 1 0
0 1 62 38 0 2
0 1 28 44 1 3
0 1 111 9 0 1
0 1 110 24 1 2
0 1 94 37 1 3
0 1 65 64 0 1
0 1 31 19 1 3
0 1 35 50 1 3
0 1 103 60 1 0
0 1 85 20 1 2
0 1 33 62 0 2
0 1 71 50 1 0
0 1 43 35 0 3
0 1 46 60 1 1
0 1 79 40 1 2
0 1 77 40 0 0
0 1 120 16 0 2
0 1 57 41 0 1
0 1 15 35 1 1
0 1 22 5 0 3
0 1 64 60 0 2
0 1 19 19 0 0
0 1 73 49 0 0
0 1 115 63 1 3
0 1 98 9 0 2
0 1 92 57 1 2
0 1 93 41 1 0
0 1 119 50 1 1
0 1 94 47 0 1
0 1 117 50 0 2
0 1 77 11 1 3
0 1 33 55 1 0
0 1 4 36 1 0
0 1 74 39 1 2
0 1 100 17 1 2
0 1 112 46 1 0
0 1 7 2 0 2
0 1 50 34 0 2
0 1 10 14 0 3
0 1 117 58 1 2
0 1 124 35 0 2
0 1 69 29 0 1
0 1 112 51 0 3
0 1 105 10 0 3
0 1 97 61 1 2
0 1 64 45 1 0
0 1 24 33 1 1
0 1 14 20 0 0
0 1 6 22 0 2
0 1 25 35 1 0
0 1 67 25 1 3
0 1 36 13 1 3
0 1 52 11 0 2
0 1 10 54 1 1
0 1 129 0 1 3
0 1 113 4 0 0
0 1 47 59 1 3
0 1 105 55 1 1
0 1 63 42 0 0
