0 1 21 28 0 1
0 1 31 8 1 0
0 1 32 56 0 3
0 1 35 6 1 3
0 1 11 58 1 1
0 1 101 15 0 3
0 1 27 38 1 3
0 1 56 37 0 0
0 1 43 40 0 3
0 1 44 32 0 1
0 1 110 29 0 3
0 1 96 26 0 2
0 1 42 32 0 3
0 1 34 1 1 0
0 1 101 3 1 2
0 1 88 24 0 0
0 1 82 24 1 3
0 1 48 31 0 0
0 1 67 48 0 1
0 1 126 34 0 2
0 1 49 45 1 3
0 1 19 13 0 2
0 1 79 7 0 0
0 1 91 20 1 3
0 1 82 47 0 3
0 1 97 51 0 3
0 1 110 39 1 3
0 1 49 44 0 1
0 1 54 12 1 2
0 1 112 9 1 1
0 1 0 35 1 0
0 1 84 7 0 2
0 1 86 6 0 0
0 1 70 53 1 1
0 1 108 61 1 0
0 1 129 35 0 3
0 1 107 18 1 3
0 1 83 22 1 2
0 1 2 14 0 1
0 1 38 36 0 1
0 1 5 37 1 3
0 1 32 4 1 0
0 1 7 63 1 1
0 1 69 6 1 1
0 1 99 30 1 0
0 1 14 44 1 3
0 1 63 19 0 0
0 1 122 64 1 2
0 1 78 55 0 2
0 1 103 25 1 2
0 1 60 41 1 1
0 1 8 19 1 3
0 1 56 54 1 3
0 1 67 21 1 1
0 1 61 52 1 1
0 1 60 34 0 0
0 1 6 11 1 2
0 1 97 64 1 3
0 1 70 26 0 1
0 1 39 14 0 3
0 1 4 63 0 3
0 1 69 14 0 2
0 1 96 45 1 0
0 1 16 36 0 3
0 1 75 10 1 2
0 1 40 18 1 0
0 1 45 56 0 0
0 1 29 38 0 1
0 1 18 42 1 1
0 1 53 27 1 3
0 1 109 49 0 0
0 1 41 47 1 1
0 1 9 21 1 2
0 1 81 54 1 2
0 1 25 16 1 1
0 1 77 33 1 2
0 1 111 24 1 2
0 1 80 43 0 1
0 1 22 23 0 1
0 1 10 18 0 1
0 1 114 12 0 0
0 1 115 33 0 0
0 1 100 61 0 3
0 1 105 12 0 1
0 1 116 49 1 2
0 1 119 62 1 0
0 1 128 50 1 0
0 1 102 59 0 1
0 1 34 11 0 0
0 1 50 4 0 1
0 1 66 13 0 1
0 1 86 60 1 3
0 1 114 5 1 3
0 1 94 0 0 3
0 1 53 17 0 2
0 1 98 31 0 3
0 1 84 62 1 2
0 1 121 53 1 3
0 1 31 15 0 2
0 1 17 1 0 3
0 1 120 34 0 3
0 1 8 26 0 0
0 1 118 17 1 1
0 1 107 50 0 3
0 1 42 7 1 1
0 1 36 28 1 2
0 1 71 46 0 0
0 1 91 8 0 3
0 1 13 58 1 2
0 1 89 20 0 1
0 1 105 5 1 1
0 1 26 25 0 1
0 1 92 39 1 1
0 1 39 15 1 1
0 1 125 41 0 2
0 1 30 63 1 2
0 1 93 59 1 3
0 1 78 31 1 1
0 1 23 36 0 0
0 1 122 43 0 2
0 1 41 22 0 1
0 1 26 23 1 2
0 1 72 2 1 1
0 1 88 10 1 0
0 1 116 55 0 1
0 1 79 6 1 2
0 1 74 33 1 1
0 1 85 51 1 0
0 1 58 30 0 3
0 1 18 38 0 2
0 1 47 53 0 2
0 1 2 46 1 1
0 1 66 0 1 0
0 1 64 28 0 3
0 1 112 17 0 3
0 1 29 17 1 0
0 1 20 57 1 3
0 1 127 62 1 3
0 1 120 2 1 2
0 1 121 48 0 0
0 1 80 23 1 3
0 1 36 57 0 0
0 1 71 29 1 2
0 1 23 14 1 0
0 1 48 1 1 1
0 1 123 8 0 1
0 1 68 52 1 3
0 1 27 52 0 2
0 1 68 60 0 2
0 1 55 13 1 0
0 1 5 16 0 3
0 1 22 2 1 0
0 1 24 20 0 2
0 1 14 37 0 1
0 1 13 5 0 0
0 1 73 30 1 1
0 1 81 58 0 3
0 1 104 8 1 2
0 1 74 54 0 1
0 1 117 4 0 3
0 1 104 40 0 2
0 1 46 31 0 2
0 1 65 60 1 0
0 1 30 46 0 3
0 1 33 9 1 2
0 1 90 53 0 0
0 1 47 44 1 2
0 1 106 59 1 0
0 1 28 39 1 2
0 1 72 64 0 1
0 1 76 56 0 2
0 1 45 57 1 2
0 1 11 43 0 3
0 1 59 51 1 1
0 1 126 20 1 0
0 1 89 48 1 2
0 1 62 42 1 2
0 1 77 61 0 2
0 1 75 3 0 3
0 1 52 50 0 1
0 1 4 10 1 1
0 1 1 42 1 3
0 1 65 55 0 3
0 1 59 9 0 0
0 1 83 28 0 0
0 1 21 25 1 3
0 1 6 46 0 2
0 1 35 33 0 3
0 1 92 61 0 1
0 1 90 29 1 1
0 1 100 45 1 2
0 1 119 27 0 1
0 1 16 51 1 2
0 1 123 44 1 0
0 1 52 16 1 0
0 1 106 12 0 3
0 1 118 18 0 2
0 1 55 38 0 0
0 1 7 49 0 1
0 1 37 59 1 2
0 1 64 15 1 0
0 1 93 41 0 0
0 1 63 27 1 0
0 1 87 0 1 2
0 1 61 47 0 2
0 1 117 55 1 0
0 1 15 3 0 0
0 1 124 29 0 0
0 1 127 19 0 1
0 1 3 4 1 2
0 1 15 22 1 3
0 1 58 11 1 3
0 1 73 2 0 3
0 1 115 35 1 1
0 1 37 56 0 1
0 1 124 32 1 2
0 1 98 39 1 0
0 1 113 21 0 3
0 1 103 62 0 1
0 1 113 42 1 0
0 1 40 27 0 2
0 1 12 48 1 3
0 1 51 1 1 2
0 1 51 11 0 1
0 1 62 50 0 2
0 1 108 40 0 0
0 1 109 54 1 0
0 1 95 37 1 2
0 1 57 58 1 0
0 1 10 45 1 1
0 1 25 60 0 1
0 1 33 19 0 2
0 1 94 40 1 1
0 1 9 21 0 0
