0 1 60 19 1 3
0 1 79 27 0 2
0 1 35 13 0 2
0 1 6 49 0 0
0 1 7 10 1 2
0 1 115 56 1 2
0 1 95 38 1 0
0 1 63 57 0 0
0 1 119 3 1 0
0 1 41 13 1 3
0 1 7 34 0 2
0 1 27 8 1 1
0 1 5 59 1 0
0 1 48 64 0 3
0 1 109 42 1 2
0 1 20 52 1 3
0 1 93 22 0 3
0 1 109 7 0 1
0 1 68 60 1 3
0 1 120 21 1 2
0 1 82 63 1 3
0 1 75 1 1 3
0 1 85 16 0 0
0 1 19 33 0 1
0 1 80 44 0 1
0 1 53 54 0 1
0 1 88 25 0 0
0 1 69 5 0 3
0 1 6 36 1 3
0 1 112 15 0 3
0 1 83 51 0 2
0 1 121 39 1 1
0 1 44 35 0 3
0 1 28 62 1 2
0 1 89 36 1 0
0 1 51 56 0 3
0 1 128 28 1 0
0 1 61 46 0 0
0 1 34 12 1 3
0 1 16 31 1 0
0 1 55 30 0 2
0 1 37 37 1 3
0 1 70 58 1 0
0 1 2 20 1 2
0 1 42 12 0 2
0 1 75 46 0 1
0 1 36 53 0 0
0 1 24 23 0 3
0 1 102 55 0 3
0 1 116 14 1 3
0 1 77 54 0 3
0 1 61 17 1 0
0 1 63 18 1 0
0 1 21 32 1 2
0 1 46 45 0 1
0 1 90 40 1 2
0 1 0 34 1 3
0 1 86 7 1 2
0 1 25 5 1 2
0 1 1 58 1 2
0 1 14 61 0 2
0 1 48 39 1 2
0 1 69 41 1 1
0 1 3 1 0 2
0 1 125 20 0 0
0 1 81 17 1 3
0 1 76 51 0 3
0 1 92 2 1 2
0 1 110 24 1 0
0 1 98 43 1 0
0 1 40 62 0 3
0 1 14 25 1 2
0 1 42 37 1 0
0 1 99 26 1 3
0 1 85 57 1 3
0 1 74 50 1 3
0 1 84 17 0 1
0 1 124 57 1 2
0 1 103 4 0 0
0 1 92 41 0 3
0 1 76 27 1 1
0 1 79 3 1 1
0 1 97 29 1 0
0 1 29 0 0 1
0 1 50 37 1 1
0 1 126 33 0 3
0 1 4 48 0 2
0 1 36 31 1 2
0 1 47 22 0 0
0 1 74 1 0 1
0 1 78 43 1 1
0 1 70 1 0 0
0 1 49 0 0 3
0 1 44 22 1 2
0 1 12 48 1 0
0 1 10 24 1 1
0 1 57 20 1 3
0 1 96 23 1 2
0 1 21 2 0 3
0 1 127 49 0 2
0 1 112 34 1 0
0 1 110 9 0 3
0 1 123 30 1 3
0 1 126 19 1 0
0 1 23 18 0 1
0 1 22 56 0 0
0 1 118 57 1 1
0 1 18 16 1 2
0 1 26 48 0 3
0 1 22 62 1 1
0 1 10 14 0 1
0 1 82 52 0 2
0 1 115 53 0 1
0 1 55 26 1 2
0 1 107 11 1 3
0 1 34 50 0 2
0 1 15 5 0 1
0 1 129 60 1 1
0 1 40 42 1 1
0 1 17 7 1 3
0 1 111 8 1 3
0 1 122 44 0 3
0 1 11 38 0 3
0 1 90 32 0 3
0 1 111 6 0 1
0 1 9 21 1 1
0 1 108 35 0 0
0 1 116 11 0 2
0 1 47 53 1 2
0 1 16 52 0 0
0 1 41 30 0 0
0 1 62 34 0 1
0 1 80 9 1 0
0 1 123 6 0 2
0 1 101 45 1 2
0 1 105 49 0 3
0 1 96 6 0 3
0 1 67 0 1 2
0 1 100 47 1 1
0 1 118 28 0 2
0 1 104 55 0 2
0 1 117 36 0 1
0 1 59 10 1 0
0 1 117 41 1 2
0 1 60 23 0 1
0 1 94 10 1 3
0 1 65 20 0 1
0 1 88 13 1 1
0 1 114 29 1 3
0 1 120 29 0 2
0 1 45 8 0 2
0 1 119 59 0 3
0 1 81 47 0 3
0 1 72 16 1 3
0 1 5 27 0 0
0 1 107 9 0 2
0 1 101 55 0 0
0 1 11 47 1 2
0 1 58 50 1 1
0 1 91 45 1 0
0 1 27 12 0 1
0 1 25 51 0 0
0 1 28 26 0 0
0 1 105 3 1 3
0 1 4 63 1 2
0 1 26 28 1 1
0 1 37 14 0 2
0 1 50 19 0 2
0 1 114 61 0 3
0 1 15 15 1 2
0 1 59 4 0 3
0 1 39 43 1 2
0 1 113 48 0 1
0 1 106 33 1 2
0 1 66 50 1 0
0 1 97 2 0 0
0 1 38 23 0 0
0 1 94 58 0 1
0 1 84 64 1 2
0 1 1 64 0 0
0 1 71 32 0 0
0 1 113 40 1 1
0 1 57 54 0 2
0 1 125 42 1 0
0 1 38 44 1 0
0 1 121 11 0 0
0 1 58 24 0 3
0 1 71 32 1 1
0 1 3 60 1 0
0 1 128 35 0 2
0 1 45 46 1 3
0 1 17 5 0 0
0 1 32 15 0 0
0 1 51 3 1 2
0 1 52 47 0 0
0 1 12 46 0 2
0 1 9 35 0 1
0 1 98 62 0 0
0 1 103 36 1 2
0 1 99 41 0 0
0 1 31 4 1 2
0 1 33 59 1 2
0 1 30 31 1 1
0 1 56 56 1 1
0 1 13 0 0 0
0 1 66 9 0 1
0 1 124 51 0 1
0 1 31 29 0 1
0 1 30 30 0 1
0 1 8 21 0 3
0 1 18 38 0 1
0 1 83 15 1 1
0 1 8 24 1 2
0 1 33 45 0 3
0 1 78 60 0 2
0 1 68 13 0 0
0 1 62 39 1 3
0 1 106 28 0 3
0 1 43 22 0 1
0 1 73 19 0 1
0 1 65 42 1 3
0 1 129 25 0 3
0 1 2 33 0 0
0 1 32 18 1 3
0 1 93 63 1 1
0 1 64 55 1 1
0 1 91 40 0 0
0 1 0 44 0 2
0 1 39 2 0 1
0 1 100 25 0 1
0 1 52 59 1 1
0 1 87 52 0 1
0 1 56 40 0 3
0 1 49 21 1 0
