0 1 71 38 0 0
0 1 5 15 1 0
0 1 29 57 1 3
0 1 57 17 1 2
0 1 75 59 0 0
0 1 24 20 1 0
0 1 45 45 0 1
0 1 46 50 1 3
0 1 106 4 0 3
0 1 35 25 0 3
0 1 61 53 0 2
0 1 15 18 1 0
0 1 74 2 0 1
0 1 82 63 1 2
0 1 81 2 0 3
0 1 123 9 0 3
0 1 119 35 1 3
0 1 3 46 1 1
0 1 62 23 1 3
0 1 7 52 1 3
0 1 98 52 1 2
0 1 32 55 0 0
0 1 22 25 0 1
0 1 122 3 1 1
0 1 63 40 0 1
0 1 95 33 0 0
0 1 38 11 1 1
0 1 70 27 0 2
0 1 50 18 0 3
0 1 13 54 0 0
0 1 91 48 0 1
0 1 41 51 1 3
0 1 14 25 0 2
0 1 55 8 1 3
0 1 41 14 0 3
0 1 84 26 1 3
0 1 36 56 0 3
0 1 105 16 0 2
0 1 126 8 0 0
0 1 109 23 0 1
0 1 116 27 0 1
0 1 30 21 0 3
0 1 0 12 1 3
0 1 20 34 1 2
0 1 78 6 1 2
0 1 56 41 1 1
0 1 69 30 1 0
0 1 33 56 1 1
0 1 103 34 1 0
0 1 127 28 1 3
0 1 113 24 1 1
0 1 67 16 1 1
0 1 93 25 0 0
0 1 19 43 0 2
0 1 121 21 0 2
0 1 50 60 1 3
0 1 52 56 1 2
0 1 4 45 1 0
0 1 48 47 1 2
0 1 56 7 0 1
0 1 12 36 1 3
0 1 67 64 0 0
0 1 37 49 1 3
0 1 77 5 0 3
0 1 44 7 1 3
0 1 53 36 1 0
0 1 18 1 0 3
0 1 42 15 0 2
0 1 9 62 0 1
0 1 43 17 1 3
0 1 49 53 1 3
0 1 0 31 0 2
0 1 117 19 1 1
0 1 120 58 1 3
0 1 34 22 0 1
0 1 110 11 1 2
0 1 49 26 0 0
0 1 47 41 0 3
0 1 105 22 1 2
0 1 93 49 1 1
0 1 114 4 0 2
0 1 80 43 1 3
0 1 75 64 1 1
0 1 76 10 0 1
0 1 118 48 0 2
0 1 54 21 1 0
0 1 109 3 1 3
0 1 66 13 0 2
0 1 73 31 0 0
0 1 87 40 1 3
0 1 122 29 0 0
0 1 38 46 0 0
0 1 24 30 0 1
0 1 128 58 0 1
0 1 31 60 0 2
0 1 124 42 0 3
0 1 96 35 1 0
0 1 83 44 0 1
0 1 70 9 1 1
0 1 126 3 1 2
0 1 85 32 1 2
0 1 79 59 0 3
0 1 28 10 1 2
0 1 111 63 1 1
0 1 60 24 1 3
0 1 65 37 0 1
0 1 1 61 0 0
0 1 42 13 1 0
0 1 104 33 0 3
0 1 102 55 0 2
0 1 110 0 0 3
0 1 87 2 0 2
0 1 51 11 0 0
0 1 100 0 1 1
0 1 97 37 0 0
0 1 11 7 0 2
0 1 115 1 0 0
0 1 30 48 1 0
0 1 114 32 1 1
0 1 12 12 0 2
0 1 72 64 1 3
0 1 115 47 1 0
0 1 15 27 0 0
0 1 64 17 0 0
0 1 36 53 1 1
0 1 82 5 0 2
0 1 90 36 0 1
0 1 94 61 0 3
0 1 6 6 0 0
0 1 28 38 0 1
0 1 25 19 1 2
0 1 129 62 0 0
0 1 85 64 0 2
0 1 9 44 1 2
0 1 77 51 1 1
0 1 17 14 0 2
0 1 112 61 0 2
0 1 14 13 1 1
0 1 89 28 1 1
0 1 26 33 0 1
0 1 57 16 0 3
0 1 4 24 0 2
0 1 10 0 0 0
0 1 68 49 0 2
0 1 2 54 0 1
0 1 88 9 1 0
0 1 45 50 1 1
0 1 123 41 1 0
0 1 118 34 1 3
0 1 25 38 0 3
0 1 129 42 1 0
0 1 86 39 1 2
0 1 108 5 0 0
0 1 120 20 0 3
0 1 97 57 1 1
0 1 69 30 0 3
0 1 11 4 1 0
0 1 5 57 0 0
0 1 46 19 0 3
0 1 91 45 1 3
0 1 27 15 1 3
0 1 107 12 0 0
0 1 54 59 0 2
0 1 84 21 0 1
0 1 92 39 0 0
0 1 21 29 0 2
0 1 20 47 0 1
0 1 19 8 1 1
0 1 83 29 1 1
0 1 100 40 0 2
0 1 102 14 1 1
0 1 37 31 0 1
0 1 90 8 1 2
0 1 104 3 1 0
0 1 32 63 1 0
0 1 78 46 0 3
0 1 44 16 0 0
0 1 29 35 0 2
0 1 2 7 1 0
0 1 18 60 1 0
0 1 58 42 0 2
0 1 16 17 0 1
0 1 33 60 0 1
0 1 3 6 0 3
0 1 40 50 0 0
0 1 6 38 1 2
0 1 112 32 1 0
0 1 59 18 1 2
0 1 61 4 1 1
0 1 101 43 1 0
0 1 40 45 1 2
0 1 51 62 1 2
0 1 8 37 0 2
0 1 8 62 1 3
0 1 113 49 0 0
0 1 16 26 1 1
0 1 121 52 1 0
0 1 99 58 0 0
0 1 94 1 1 1
0 1 106 26 1 2
0 1 39 27 0 3
0 1 79 51 1 2
0 1 107 63 1 3
0 1 47 54 1 2
0 1 53 53 0 0
0 1 10 31 1 3
0 1 117 10 0 0
0 1 65 18 1 1
0 1 99 55 1 1
0 1 128 41 1 2
0 1 111 32 0 3
0 1 39 33 1 2
0 1 58 54 1 3
0 1 96 28 0 2
0 1 124 35 1 1
0 1 1 37 1 3
0 1 98 5 0 1
0 1 88 57 0 2
0 1 116 30 1 2
0 1 81 22 1 3
0 1 86 1 0 2
0 1 23 50 0 2
0 1 119 39 0 3
0 1 23 23 1 2
0 1 125 51 0 0
0 1 34 29 1 3
0 1 108 44 1 0
0 1 60 0 0 2
0 1 43 47 0 3
0 1 31 9 1 2
0 1 89 46 0 2
0 1 21 11 1 3
0 1 127 24 0 0
0 1 76 40 1 0
