0 1 55 58 1 0
0 1 53 8 1 2
0 1 24 34 0 2
0 1 127 35 0 1
0 1 40 18 0 0
0 1 107 41 1 0
0 1 99 1 0 3
0 1 104 14 1 0
0 1 61 37 0 1
0 1 92 13 1 3
0 1 26 9 1 3
0 1 25 12 1 1
0 1 117 49 1 1
0 1 22 46 1 3
0 1 129 2 0 1
0 1 113 41 1 1
0 1 63 11 0 2
0 1 32 1 1 0
0 1 76 0 1 2
0 1 114 59 1 0
0 1 26 17 0 2
0 1 16 25 1 0
0 1 67 15 1 1
0 1 9 52 0 2
0 1 64 39 0 2
0 1 100 40 0 3
0 1 28 47 0 0
0 1 46 23 1 0
0 1 86 12 1 2
0 1 50 16 0 2
0 1 73 45 0 3
0 1 103 60 0 1
0 1 82 63 1 0
0 1 107 13 0 1
0 1 33 43 0 2
0 1 18 52 0 0
0 1 68 61 1 3
0 1 34 38 0 3
0 1 128 54 1 2
0 1 111 50 1 0
0 1 119 20 0 1
0 1 89 58 1 2
0 1 93 53 0 0
0 1 48 61 0 2
0 1 55 21 0 3
0 1 28 48 1 3
0 1 1 48 0 1
0 1 73 64 1 1
0 1 27 57 1 3
0 1 39 28 1 3
0 1 89 61 0 1
0 1 22 18 0 2
0 1 126 29 1 3
0 1 71 33 0 0
0 1 88 64 1 0
0 1 103 62 1 0
0 1 76 42 0 0
0 1 31 3 0 2
0 1 102 26 1 3
0 1 1 38 1 1
0 1 62 10 1 2
0 1 108 60 1 0
0 1 128 34 0 1
0 1 101 6 0 0
0 1 100 31 1 3
0 1 7 27 0 0
0 1 25 17 0 1
0 1 121 43 0 0
0 1 13 44 1 3
0 1 24 33 1 2
0 1 20 15 0 0
0 1 38 55 0 0
0 1 31 46 1 0
0 1 84 39 0 1
0 1 67 17 0 3
0 1 62 30 0 2
0 1 45 9 1 2
0 1 42 49 0 2
0 1 63 36 1 2
0 1 90 40 1 1
0 1 14 54 1 3
0 1 58 3 1 1
0 1 94 4 0 3
0 1 29 53 0 1
0 1 34 31 1 2
0 1 93 20 1 3
0 1 83 23 1 3
0 1 52 8 0 0
0 1 72 19 1 2
0 1 70 59 0 1
0 1 119 22 1 2
0 1 49 0 0 3
0 1 51 57 0 1
0 1 111 61 0 0
0 1 12 2 0 2
0 1 71 55 1 3
0 1 65 11 1 0
0 1 56 24 1 1
0 1 49 37 1 2
0 1 125 6 1 2
0 1 124 22 0 1
0 1 36 7 0 3
0 1 3 59 0 2
0 1 53 32 0 3
0 1 56 50 0 3
0 1 11 41 0 2
0 1 35 62 1 2
0 1 21 4 0 1
0 1 122 22 1 3
0 1 66 7 0 1
0 1 122 24 0 2
0 1 115 16 1 3
0 1 80 26 1 1
0 1 127 57 1 0
0 1 51 36 1 1
0 1 32 33 0 3
0 1 23 13 1 0
0 1 98 8 1 1
0 1 81 19 1 1
0 1 97 40 1 2
0 1 0 5 1 3
0 1 54 56 0 2
0 1 80 38 0 0
0 1 17 56 1 0
0 1 112 63 0 2
0 1 91 51 1 2
0 1 79 30 1 0
0 1 44 32 1 1
0 1 81 22 0 0
0 1 54 14 1 1
0 1 95 27 0 3
0 1 78 4 1 2
0 1 19 9 0 0
0 1 60 48 0 2
0 1 112 47 1 1
0 1 2 16 0 0
0 1 79 62 0 3
0 1 123 6 1 1
0 1 5 64 0 3
0 1 98 19 0 3
0 1 46 60 0 3
0 1 41 15 1 3
0 1 13 15 0 2
0 1 58 53 0 2
0 1 68 43 0 1
0 1 19 11 1 1
0 1 117 51 0 0
0 1 118 2 1 0
0 1 125 46 0 1
0 1 75 37 1 0
0 1 6 1 1 2
0 1 121 52 1 1
0 1 50 51 1 3
0 1 4 25 1 3
0 1 36 50 1 2
0 1 70 36 1 0
0 1 29 60 1 2
0 1 11 13 1 2
0 1 45 32 0 0
0 1 75 10 0 1
0 1 77 52 0 3
0 1 108 42 0 1
0 1 109 35 0 0
0 1 64 2 1 3
0 1 124 10 1 0
0 1 37 28 0 1
0 1 57 38 1 2
0 1 57 5 0 2
0 1 114 27 0 2
0 1 48 12 1 0
0 1 27 34 0 3
0 1 42 29 1 0
0 1 15 44 0 2
0 1 0 31 0 1
0 1 101 20 1 2
0 1 88 30 0 3
0 1 106 24 0 3
0 1 44 55 0 1
0 1 84 46 1 2
0 1 78 29 0 2
0 1 65 42 0 3
0 1 8 58 0 3
0 1 2 39 1 0
0 1 92 48 0 0
0 1 72 0 0 1
0 1 21 45 1 0
0 1 3 49 1 0
0 1 110 0 0 0
0 1 94 3 1 0
0 1 6 21 0 0
0 1 47 29 1 1
0 1 18 28 1 0
0 1 120 18 0 1
0 1 115 56 0 3
0 1 4 18 0 3
0 1 9 14 1 2
0 1 106 35 1 2
0 1 66 4 1 0
0 1 17 10 0 3
0 1 97 57 0 2
0 1 33 45 1 2
0 1 43 42 1 2
0 1 14 45 0 1
0 1 38 51 1 1
0 1 15 63 1 3
0 1 47 7 0 2
0 1 77 54 1 0
0 1 85 6 0 3
0 1 110 56 1 1
0 1 104 26 0 2
0 1 59 5 1 1
0 1 60 44 1 0
0 1 23 16 0 1
0 1 116 23 0 1
0 1 99 44 1 1
0 1 118 8 0 3
0 1 35 41 0 3
0 1 126 32 0 2
0 1 120 14 1 3
0 1 39 62 0 1
0 1 90 21 0 2
0 1 105 63 1 1
0 1 96 37 1 3
0 1 61 59 1 3
0 1 129 11 1 3
0 1 113 17 0 0
0 1 16 27 0 1
0 1 95 40 1 0
0 1 102 12 0 3
0 1 109 19 1 0
0 1 12 7 1 0
0 1 116 20 1 0
0 1 86 24 0 0
0 1 91 26 0 0
