0 1 59 7 1 3
0 1 122 30 1 0
0 1 64 12 0 3
0 1 8 5 1 2
0 1 60 46 0 0
0 1 115 15 1 2
0 1 18 18 1 3
0 1 128 51 1 3
0 1 6 35 1 2
0 1 41 22 0 3
0 1 48 50 0 1
0 1 25 39 0 2
0 1 21 3 0 3
0 1 112 54 1 1
0 1 78 5 1 3
0 1 68 36 0 3
0 1 20 21 1 3
0 1 34 34 1 2
0 1 41 38 1 1
0 1 28 26 0 3
0 1 127 48 0 1
0 1 51 45 0 3
0 1 39 49 0 1
0 1 35 37 0 2
0 1 44 29 1 2
0 1 60 15 1 1
0 1 106 47 0 1
0 1 88 8 1 3
0 1 38 63 0 0
0 1 18 2 0 0
0 1 0 31 0 1
0 1 108 55 0 1
0 1 126 23 1 0
0 1 125 27 0 2
0 1 20 8 0 0
0 1 61 47 0 0
0 1 107 60 0 2
0 1 57 57 1 1
0 1 70 48 1 2
0 1 89 38 0 0
0 1 1 31 0 2
0 1 92 36 1 1
0 1 30 3 0 1
0 1 33 54 1 0
0 1 113 25 0 1
0 1 14 23 0 3
0 1 108 20 1 1
0 1 81 29 1 1
0 1 78 45 0 2
0 1 42 42 0 2
0 1 105 58 1 1
0 1 79 32 1 2
0 1 14 21 1 0
0 1 9 7 0 1
0 1 84 6 0 1
0 1 58 34 0 3
0 1 10 32 1 0
0 1 11 1 1 2
0 1 101 14 0 2
0 1 67 1 0 0
0 1 77 53 1 3
0 1 123 50 1 3
0 1 120 19 0 2
0 1 17 63 1 3
0 1 70 41 0 3
0 1 46 64 1 0
0 1 42 42 1 1
0 1 21 9 1 2
0 1 82 61 1 1
0 1 38 41 1 0
0 1 81 62 0 3
0 1 37 10 1 0
0 1 121 51 0 0
0 1 92 60 0 1
0 1 6 43 0 1
0 1 76 54 0 2
0 1 91 30 1 1
0 1 113 56 1 1
0 1 12 30 1 3
0 1 2 53 1 1
0 1 103 59 1 2
0 1 27 33 1 2
0 1 77 49 0 3
0 1 71 28 1 0
0 1 22 61 0 0
0 1 106 59 1 3
0 1 83 12 1 0
0 1 114 55 0 2
0 1 68 1 1 1
0 1 110 52 0 0
0 1 53 43 1 0
0 1 129 10 0 3
0 1 89 57 1 3
0 1 28 37 1 0
0 1 90 19 0 1
0 1 100 1 0 3
0 1 57 32 0 1
0 1 97 14 0 1
0 1 11 4 0 0
0 1 51 59 1 1
0 1 0 24 1 3
0 1 52 56 1 2
0 1 87 64 0 2
0 1 1 40 1 0
0 1 73 28 0 2
0 1 102 16 1 2
0 1 49 6 1 2
0 1 34 25 0 2
0 1 123 0 0 2
0 1 69 36 1 2
0 1 94 22 1 2
0 1 65 53 1 2
0 1 7 31 1 0
0 1 93 2 1 3
0 1 125 17 1 0
0 1 118 22 1 0
0 1 91 58 0 2
0 1 27 62 0 0
0 1 36 52 0 1
0 1 8 29 0 0
0 1 100 4 1 1
0 1 99 47 0 2
0 1 103 12 0 1
0 1 85 53 0 0
0 1 62 19 0 0
0 1 118 33 0 1
0 1 26 55 1 3
0 1 44 39 0 1
0 1 71 26 0 0
0 1 45 56 0 0
0 1 56 45 0 0
0 1 80 39 0 0
0 1 5 64 0 3
0 1 66 11 0 1
0 1 54 20 0 0
0 1 7 27 0 3
0 1 121 16 1 1
0 1 97 57 1 0
0 1 87 38 1 3
0 1 9 51 1 1
0 1 29 24 1 2
0 1 3 6 1 0
0 1 30 46 1 3
0 1 72 57 1 2
0 1 90 15 1 3
0 1 116 52 1 3
0 1 4 46 0 1
0 1 129 35 1 1
0 1 74 35 1 3
0 1 72 7 0 0
0 1 35 2 1 2
0 1 49 33 0 3
0 1 117 13 1 2
0 1 109 24 0 1
0 1 37 44 0 2
0 1 127 25 1 0
0 1 62 5 1 0
0 1 66 21 1 2
0 1 16 44 1 0
0 1 95 61 0 2
0 1 111 44 0 1
0 1 15 21 0 1
0 1 104 49 0 2
0 1 119 17 1 3
0 1 114 7 1 2
0 1 5 3 1 0
0 1 50 26 1 1
0 1 82 18 0 2
0 1 104 41 1 2
0 1 99 28 1 1
0 1 74 11 0 0
0 1 115 9 0 3
0 1 33 43 0 2
0 1 83 4 0 2
0 1 112 62 0 1
0 1 105 64 0 1
0 1 110 18 1 0
0 1 54 20 1 2
0 1 53 63 0 1
0 1 32 50 0 2
0 1 12 15 0 0
0 1 24 40 1 2
0 1 31 43 1 3
0 1 31 48 0 3
0 1 3 54 0 3
0 1 86 60 1 3
0 1 124 16 0 3
0 1 79 41 0 1
0 1 120 34 1 1
0 1 55 59 0 0
0 1 94 27 0 0
0 1 93 40 0 3
0 1 4 47 1 3
0 1 39 56 1 3
0 1 67 0 1 0
0 1 36 58 1 0
0 1 124 20 1 3
0 1 50 8 0 2
0 1 73 2 1 1
0 1 102 0 0 1
0 1 16 4 0 3
0 1 75 45 0 1
0 1 19 9 0 1
0 1 64 30 1 2
0 1 40 23 1 2
0 1 85 24 1 0
0 1 2 31 0 3
0 1 126 48 0 0
0 1 128 13 0 1
0 1 101 35 1 0
0 1 96 50 0 0
0 1 111 33 1 0
0 1 29 40 0 1
0 1 61 14 1 3
0 1 122 19 0 3
0 1 52 34 0 0
0 1 116 55 0 0
0 1 23 10 0 2
0 1 13 63 0 2
0 1 32 28 1 3
0 1 47 5 0 1
0 1 96 16 1 0
0 1 47 8 1 1
0 1 98 29 0 3
0 1 40 58 0 3
0 1 86 18 0 1
0 1 117 13 0 0
0 1 76 23 1 1
0 1 107 37 1 3
0 1 15 25 1 3
0 1 23 6 1 3
0 1 55 17 1 2
0 1 119 17 0 1
0 1 46 26 0 2
