0 1 31 51 1 3
0 1 76 5 1 3
0 1 119 37 1 1
0 1 101 18 0 1
0 1 19 56 1 2
0 1 129 24 0 1
0 1 32 30 0 3
0 1 118 12 1 1
0 1 45 28 1 1
0 1 25 60 1 3
0 1 29 49 0 0
0 1 1 4 0 3
0 1 11 29 0 3
0 1 57 52 1 2
0 1 50 59 0 3
0 1 52 46 1 0
0 1 61 64 1 1
0 1 24 34 0 2
0 1 8 41 0 0
0 1 10 53 0 3
0 1 56 34 0 3
0 1 8 15 1 2
0 1 60 37 1 2
0 1 102 22 1 3
0 1 65 12 0 3
0 1 53 48 1 1
0 1 63 0 1 2
0 1 26 9 1 2
0 1 101 26 1 0
0 1 22 53 0 1
0 1 94 17 0 3
0 1 30 11 0 1
0 1 70 38 0 0
0 1 3 27 0 0
0 1 74 18 1 3
0 1 97 12 1 0
0 1 126 19 0 2
0 1 83 13 1 0
0 1 120 24 1 2
0 1 125 13 0 3
0 1 80 58 1 0
0 1 64 52 1 1
0 1 51 7 1 2
0 1 78 19 1 1
0 1 78 14 0 0
0 1 87 57 1 0
0 1 16 20 0 2
0 1 55 54 1 3
0 1 71 57 1 1
0 1 35 2 1 3
0 1 63 43 0 0
0 1 75 33 1 1
0 1 9 41 0 1
0 1 15 62 1 3
0 1 61 25 0 0
0 1 66 43 1 2
0 1 106 40 0 3
0 1 60 16 0 0
0 1 42 35 1 2
0 1 13 35 1 0
0 1 41 29 0 0
0 1 27 3 1 2
0 1 82 23 1 2
0 1 15 50 0 1
0 1 54 27 0 1
0 1 69 10 1 2
0 1 128 3 0 3
0 1 6 46 1 2
0 1 68 2 1 2
0 1 118 1 0 2
0 1 38 38 1 1
0 1 69 36 0 2
0 1 73 7 0 1
0 1 116 54 0 2
0 1 30 11 1 0
0 1 7 31 1 3
0 1 3 61 1 2
0 1 98 60 0 2
0 1 90 38 1 3
0 1 29 23 1 1
0 1 114 32 0 1
0 1 102 30 0 2
0 1 80 49 0 3
0 1 67 6 1 3
0 1 123 48 1 0
0 1 86 37 1 0
0 1 81 44 1 2
0 1 95 41 1 2
0 1 89 63 1 2
0 1 71 32 0 0
0 1 59 30 0 1
0 1 86 5 0 2
0 1 103 62 0 1
0 1 5 9 1 1
0 1 109 19 1 0
0 1 17 29 1 1
0 1 91 4 1 2
0 1 25 23 0 3
0 1 95 8 0 2
0 1 0 59 0 1
0 1 113 31 0 2
0 1 53 47 0 1
0 1 115 27 0 2
0 1 2 49 0 2
0 1 39 47 0 0
0 1 9 56 1 0
0 1 120 64 0 3
0 1 40 51 1 1
0 1 44 55 0 3
0 1 114 37 1 3
0 1 105 42 0 1
0 1 122 36 1 3
0 1 103 50 1 2
0 1 116 21 1 1
0 1 113 39 1 0
0 1 54 45 1 3
0 1 125 17 1 1
0 1 0 29 1 2
0 1 12 6 1 0
0 1 55 17 0 2
0 1 124 26 1 2
0 1 109 7 0 0
0 1 14 64 1 0
0 1 104 10 0 1
0 1 18 15 1 1
0 1 110 1 0 1
0 1 106 47 1 2
0 1 100 21 1 3
0 1 88 26 1 3
0 1 121 44 0 1
0 1 91 9 0 3
0 1 33 1 1 3
0 1 88 26 0 1
0 1 28 32 0 2
0 1 23 39 1 3
0 1 48 38 1 2
0 1 96 8 1 0
0 1 85 60 1 0
0 1 27 28 0 0
0 1 26 47 0 3
0 1 65 40 1 1
0 1 126 55 1 1
0 1 41 42 1 2
0 1 70 5 1 1
0 1 13 44 0 3
0 1 75 63 0 0
0 1 21 36 1 0
0 1 96 8 0 3
0 1 37 14 0 2
0 1 11 61 1 0
0 1 81 0 0 3
0 1 111 57 0 3
0 1 24 16 1 2
0 1 72 56 0 3
0 1 108 6 1 2
0 1 2 17 1 0
0 1 20 20 0 0
0 1 51 14 0 3
0 1 128 59 1 2
0 1 44 40 1 0
0 1 36 28 0 3
0 1 98 22 1 1
0 1 73 21 1 2
0 1 72 62 1 2
0 1 1 58 1 3
0 1 12 25 0 2
0 1 104 45 1 1
0 1 89 10 0 0
0 1 84 33 0 3
0 1 37 20 1 1
0 1 105 36 1 1
0 1 52 30 0 0
0 1 4 22 1 0
0 1 112 31 1 1
0 1 92 4 1 0
0 1 99 48 1 3
0 1 92 62 0 0
0 1 68 42 0 3
0 1 85 8 0 1
0 1 77 33 0 2
0 1 23 32 0 3
0 1 48 20 0 3
0 1 45 64 0 2
0 1 31 54 0 1
0 1 17 18 0 0
0 1 108 46 0 3
0 1 43 44 0 0
0 1 110 4 1 1
0 1 34 7 0 3
0 1 42 51 0 0
0 1 107 16 1 1
0 1 62 2 0 1
0 1 46 55 0 2
0 1 127 60 1 1
0 1 64 61 0 1
0 1 119 25 0 3
0 1 58 9 0 0
0 1 83 3 0 0
0 1 47 41 1 3
0 1 90 15 0 3
0 1 10 54 1 0
0 1 84 33 1 0
0 1 117 11 1 2
0 1 32 43 1 3
0 1 34 52 1 0
0 1 33 40 0 2
0 1 99 13 0 1
0 1 7 23 0 0
0 1 111 11 1 3
0 1 19 0 0 1
0 1 22 49 1 1
0 1 93 35 1 1
0 1 115 39 1 2
0 1 47 42 0 0
0 1 36 22 1 2
0 1 74 24 0 3
0 1 87 58 0 2
0 1 59 50 1 0
0 1 57 63 0 1
0 1 6 34 0 0
0 1 127 57 0 2
0 1 4 2 0 0
0 1 14 16 0 3
0 1 18 24 0 0
0 1 129 19 1 3
0 1 67 48 0 2
0 1 49 21 1 0
0 1 40 58 0 1
0 1 124 6 0 1
0 1 93 14 0 1
0 1 123 5 0 0
0 1 21 27 0 3
0 1 79 63 1 3
0 1 39 15 1 0
