0 1 111 21 0 1
0 1 16 13 0 3
0 1 14 2 0 3
0 1 104 62 1 0
0 1 10 7 1 1
0 1 107 20 0 2
0 1 16 39 1 2
0 1 85 27 0 1
0 1 111 48 1 0
0 1 44 61 1 0
0 1 37 49 1 2
0 1 48 26 0 2
0 1 11 9 1 0
0 1 119 4 0 1
0 1 24 60 1 3
0 1 90 4 1 2
0 1 63 14 0 0
0 1 122 60 1 2
0 1 23 64 0 1
0 1 116 44 1 1
0 1 0 24 0 2
0 1 17 15 1 3
0 1 103 52 0 0
0 1 100 38 1 2
0 1 83 47 0 3
0 1 94 31 1 2
0 1 52 11 1 3
0 1 62 37 0 3
0 1 109 6 1 3
0 1 30 5 0 3
0 1 7 28 0 1
0 1 15 1 0 3
0 1 96 23 0 1
0 1 38 50 1 3
0 1 117 39 1 3
0 1 72 54 0 3
0 1 41 43 0 1
0 1 123 29 0 1
0 1 6 51 0 3
0 1 33 59 0 2
0 1 120 19 1 0
0 1 50 46 0 1
0 1 97 51 1 0
0 1 72 54 1 1
0 1 70 59 1 1
0 1 117 17 0 2
0 1 21 13 1 2
0 1 79 0 0 3
0 1 13 28 0 0
0 1 97 57 0 2
0 1 68 56 1 2
0 1 25 7 1 2
0 1 106 32 0 2
0 1 58 23 0 2
0 1 88 18 0 3
0 1 32 34 1 0
0 1 58 21 1 2
0 1 45 36 0 1
0 1 46 38 1 3
0 1 71 12 0 1
0 1 40 18 0 2
0 1 91 32 1 3
0 1 41 53 1 2
0 1 107 26 1 1
0 1 89 51 1 2
0 1 60 58 0 2
0 1 17 57 0 1
0 1 125 33 0 0
0 1 96 35 1 3
0 1 124 43 1 0
0 1 55 8 1 2
0 1 27 50 0 2
0 1 19 10 0 1
0 1 29 63 0 1
0 1 83 42 1 0
0 1 99 29 1 2
0 1 91 24 0 1
0 1 19 30 1 0
0 1 85 27 1 2
0 1 61 62 1 3
0 1 82 2 1 2
0 1 105 25 1 0
0 1 10 2 0 1
0 1 60 47 1 1
0 1 35 34 0 3
0 1 102 6 1 2
0 1 3 37 0 0
0 1 116 46 0 2
0 1 123 0 1 0
0 1 50 22 1 2
0 1 40 48 1 1
0 1 129 36 0 0
0 1 39 41 1 3
0 1 47 64 0 0
0 1 43 45 1 3
0 1 124 49 0 3
0 1 126 56 1 1
0 1 9 15 0 2
0 1 9 31 1 1
0 1 74 59 1 3
0 1 46 10 0 0
0 1 73 1 0 1
0 1 42 14 0 1
0 1 42 47 1 0
0 1 108 30 1 1
0 1 52 14 0 3
0 1 14 53 1 0
0 1 73 55 1 0
0 1 75 59 0 0
0 1 64 30 1 2
0 1 55 55 0 2
0 1 2 58 0 3
0 1 56 27 0 0
0 1 128 17 0 1
0 1 25 44 0 0
0 1 114 45 0 0
0 1 65 40 0 2
0 1 54 64 0 2
0 1 120 63 0 0
0 1 80 35 1 0
0 1 1 28 0 3
0 1 94 39 0 0
0 1 99 9 0 1
0 1 24 20 0 1
0 1 4 38 0 1
0 1 27 43 1 2
0 1 39 12 0 2
0 1 12 32 1 0
0 1 114 3 1 1
0 1 89 1 0 2
0 1 34 11 0 0
0 1 84 20 1 0
0 1 34 24 1 0
0 1 70 55 0 1
0 1 103 21 1 3
0 1 68 37 0 2
0 1 78 9 0 3
0 1 44 7 0 3
0 1 125 33 1 2
0 1 115 38 0 0
0 1 88 42 1 3
0 1 128 52 1 2
0 1 71 22 1 0
0 1 118 31 1 0
0 1 48 15 1 0
0 1 61 9 0 2
0 1 66 22 1 1
0 1 47 53 1 1
0 1 49 40 1 3
0 1 105 26 0 3
0 1 15 56 1 0
0 1 30 60 1 1
0 1 43 5 0 0
0 1 56 57 1 3
0 1 108 63 0 2
0 1 11 25 0 2
0 1 81 36 0 2
0 1 36 3 0 0
0 1 31 40 1 1
0 1 67 8 0 1
0 1 87 35 1 2
0 1 78 6 1 0
0 1 54 29 1 3
0 1 93 8 1 0
0 1 129 16 1 1
0 1 86 0 0 1
0 1 22 48 1 3
0 1 121 32 0 1
0 1 67 51 1 1
0 1 32 17 0 0
0 1 104 10 0 2
0 1 28 45 0 2
0 1 69 52 0 1
0 1 33 62 1 2
0 1 77 19 1 2
0 1 84 33 0 3
0 1 119 41 1 2
0 1 80 13 0 1
0 1 5 34 1 1
0 1 126 42 0 1
0 1 112 3 1 2
0 1 82 16 0 3
0 1 20 10 1 3
0 1 79 5 1 1
0 1 45 11 1 1
0 1 113 34 1 2
0 1 49 16 0 2
0 1 92 44 1 3
0 1 98 45 0 1
0 1 59 49 1 0
0 1 110 23 1 0
0 1 37 41 0 1
0 1 51 61 0 3
0 1 57 54 0 2
0 1 1 26 1 0
0 1 35 4 1 0
0 1 4 46 1 0
0 1 21 3 0 3
0 1 18 17 1 3
0 1 22 12 0 3
0 1 76 42 0 2
0 1 64 39 0 1
0 1 106 12 1 0
0 1 26 25 1 3
0 1 121 15 1 1
0 1 28 58 1 0
0 1 87 19 0 3
0 1 100 23 0 3
0 1 23 64 1 3
0 1 112 35 0 1
0 1 6 52 1 3
0 1 13 18 1 1
0 1 8 6 1 1
0 1 69 50 1 0
0 1 29 49 1 1
0 1 102 11 0 2
0 1 53 2 1 0
0 1 90 57 0 0
0 1 77 29 0 0
0 1 113 8 0 3
0 1 118 43 0 3
0 1 51 54 1 0
0 1 2 41 1 0
0 1 7 47 1 2
0 1 3 40 1 0
0 1 81 62 1 1
0 1 36 61 1 1
0 1 62 28 1 2
0 1 95 14 1 2
0 1 38 21 0 0
0 1 101 36 1 3
0 1 93 4 0 3
0 1 92 46 0 3
0 1 5 44 0 2
