0 1 84 26 1 0
0 1 102 44 0 3
0 1 7 49 0 1
0 1 27 60 1 0
0 1 125 5 0 3
0 1 79 45 0 2
0 1 72 13 1 2
0 1 60 20 1 2
0 1 129 46 1 2
0 1 96 28 1 0
0 1 78 32 0 3
0 1 75 37 1 3
0 1 25 57 1 3
0 1 17 25 1 3
0 1 29 24 0 3
0 1 43 32 0 0
0 1 102 27 1 3
0 1 28 35 1 1
0 1 106 15 1 0
0 1 58 38 1 3
0 1 78 59 1 1
0 1 95 62 1 0
0 1 65 8 0 0
0 1 3 19 1 3
0 1 25 33 0 1
0 1 129 1 0 3
0 1 20 33 0 2
0 1 1 16 1 1
0 1 53 21 0 3
0 1 126 59 0 3
0 1 109 17 1 1
0 1 12 47 1 0
0 1 113 54 1 0
0 1 83 5 0 0
0 1 59 27 1 0
0 1 44 48 0 1
0 1 128 42 1 1
0 1 45 0 0 0
0 1 55 61 1 2
0 1 1 26 0 1
0 1 44 4 1 3
0 1 86 43 1 0
0 1 127 61 1 3
0 1 6 64 0 1
0 1 61 31 0 0
0 1 66 51 1 2
0 1 33 3 1 1
0 1 24 3 1 2
0 1 98 2 1 0
0 1 9 54 0 3
0 1 5 11 1 0
0 1 71 53 1 3
0 1 59 9 0 0
0 1 96 21 0 2
0 1 38 18 0 1
0 1 112 42 1 3
0 1 90 12 1 2
0 1 88 9 1 3
0 1 97 57 0 1
0 1 16 34 0 2
0 1 122 25 0 1
0 1 16 22 1 0
0 1 30 37 1 1
0 1 82 60 1 1
0 1 4 56 1 2
0 1 37 52 0 3
0 1 54 45 1 3
0 1 36 43 1 3
0 1 120 21 1 1
0 1 34 39 1 3
0 1 121 63 1 3
0 1 10 20 1 1
0 1 122 37 1 0
0 1 109 62 0 3
0 1 103 41 1 1
0 1 26 7 1 3
0 1 51 10 0 1
0 1 115 20 1 0
0 1 110 22 0 2
0 1 86 29 0 1
0 1 13 47 1 3
0 1 126 29 1 2
0 1 51 0 1 3
0 1 69 16 1 0
0 1 118 51 1 0
0 1 31 58 0 3
0 1 57 52 0 1
0 1 18 55 0 2
0 1 117 35 1 0
0 1 87 23 0 1
0 1 22 43 1 2
0 1 84 50 0 3
0 1 74 58 0 2
0 1 82 40 0 0
0 1 46 23 1 2
0 1 72 30 0 2
0 1 56 4 1 0
0 1 70 39 1 0
0 1 116 15 0 2
0 1 117 13 0 1
0 1 47 7 1 0
0 1 111 14 0 2
0 1 42 49 0 3
0 1 19 33 1 0
0 1 49 23 1 0
0 1 62 63 0 1
0 1 35 41 0 2
0 1 105 38 0 2
0 1 20 62 1 2
0 1 76 41 1 3
0 1 42 8 1 1
0 1 125 64 1 3
0 1 95 37 0 2
0 1 28 62 0 1
0 1 97 36 1 0
0 1 111 1 1 1
0 1 32 30 0 0
0 1 108 22 0 1
0 1 27 19 0 2
0 1 120 32 0 2
0 1 121 7 0 1
0 1 118 18 0 3
0 1 108 43 1 1
0 1 123 59 0 0
0 1 55 10 0 3
0 1 9 36 1 1
0 1 37 32 1 1
0 1 40 24 0 1
0 1 74 11 1 2
0 1 49 27 0 2
0 1 79 0 1 1
0 1 35 13 1 0
0 1 81 20 0 3
0 1 75 17 0 0
0 1 103 52 0 0
0 1 33 34 0 1
0 1 114 19 0 1
0 1 112 6 0 2
0 1 106 15 0 3
0 1 46 28 0 1
0 1 2 1 0 2
0 1 34 12 0 0
0 1 107 30 1 3
0 1 7 44 1 0
0 1 123 15 1 1
0 1 11 26 1 3
0 1 0 17 1 2
0 1 89 60 0 2
0 1 50 14 0 3
0 1 88 23 0 3
0 1 4 64 0 2
0 1 43 10 1 0
0 1 77 55 1 0
0 1 119 50 1 0
0 1 87 47 1 1
0 1 52 48 1 2
0 1 53 47 1 2
0 1 105 19 1 0
0 1 64 4 1 2
0 1 50 24 1 0
0 1 48 53 1 2
0 1 36 55 0 3
0 1 15 46 1 0
0 1 104 14 1 1
0 1 15 17 0 3
0 1 8 54 1 1
0 1 24 13 0 3
0 1 57 48 1 3
0 1 80 2 1 3
0 1 23 11 0 3
0 1 80 34 0 0
0 1 32 56 1 3
0 1 2 12 1 3
0 1 52 56 0 1
0 1 124 28 1 2
0 1 19 9 0 1
0 1 38 8 1 2
0 1 119 7 0 2
0 1 31 39 1 2
0 1 76 59 0 2
0 1 83 58 1 0
0 1 6 45 1 1
0 1 104 6 0 0
0 1 26 50 0 2
0 1 64 31 0 3
0 1 73 46 0 1
0 1 116 53 1 1
0 1 81 44 1 1
0 1 56 42 0 0
0 1 127 63 0 0
0 1 17 29 0 3
0 1 23 35 1 3
0 1 94 21 1 0
0 1 92 57 0 0
0 1 128 49 0 0
0 1 21 3 1 0
0 1 21 25 0 2
0 1 47 42 0 2
0 1 13 54 0 2
0 1 5 30 0 1
0 1 62 40 1 2
0 1 30 26 0 2
0 1 48 40 0 1
0 1 70 57 0 2
0 1 91 63 0 2
0 1 92 6 1 3
0 1 41 56 1 0
0 1 93 51 1 1
0 1 68 36 1 2
0 1 99 61 0 1
0 1 110 39 1 1
0 1 69 18 0 0
0 1 71 18 0 2
0 1 68 28 0 3
0 1 93 3 0 3
0 1 90 2 0 1
0 1 41 40 0 3
0 1 63 10 1 2
0 1 14 16 1 2
0 1 11 1 0 0
0 1 39 27 1 1
0 1 99 0 1 2
0 1 14 53 0 0
0 1 100 4 0 1
0 1 18 38 1 1
0 1 94 16 0 3
0 1 89 14 1 0
0 1 54 31 0 1
0 1 101 2 0 2
0 1 10 12 0 1
0 1 0 24 0 2
0 1 22 22 0 3
0 1 85 33 1 3
0 1 8 48 0 0
