0 1 82 21 1 0
0 1 63 23 0 3
0 1 33 15 0 2
0 1 26 50 1 0
0 1 102 43 1 0
0 1 12 25 1 1
0 1 112 48 0 3
0 1 44 46 1 1
0 1 99 2 0 3
0 1 71 31 0 1
0 1 96 61 0 3
0 1 19 18 0 2
0 1 96 13 1 2
0 1 55 55 0 3
0 1 34 19 0 3
0 1 88 36 0 0
0 1 114 49 0 3
0 1 47 58 1 1
0 1 111 5 1 2
0 1 68 41 0 0
0 1 42 3 0 0
0 1 90 31 0 2
0 1 44 10 0 0
0 1 110 34 1 2
0 1 86 16 1 0
0 1 11 12 1 2
0 1 61 25 1 0
0 1 78 56 0 0
0 1 28 20 1 1
0 1 38 54 1 0
0 1 105 8 1 1
0 1 89 38 1 2
0 1 43 53 0 0
0 1 105 52 0 2
0 1 66 38 0 1
0 1 100 30 0 1
0 1 88 18 1 0
0 1 69 17 0 2
0 1 119 64 0 0
0 1 118 13 0 3
0 1 75 57 1 3
0 1 101 63 0 2
0 1 16 47 0 3
0 1 36 1 1 1
0 1 56 6 1 0
0 1 34 39 1 3
0 1 93 62 1 0
0 1 83 21 1 2
0 1 47 14 0 3
0 1 50 61 0 0
0 1 27 34 0 3
0 1 59 37 0 1
0 1 20 63 0 3
0 1 87 26 0 0
0 1 36 50 0 3
0 1 83 42 0 0
0 1 101 11 1 2
0 1 109 4 0 0
0 1 10 24 0 1
0 1 127 28 0 2
0 1 77 43 0 3
0 1 104 33 0 2
0 1 38 52 0 3
0 1 74 5 0 0
0 1 53 8 0 0
0 1 122 51 1 1
0 1 21 24 0 3
0 1 30 62 1 2
0 1 40 54 1 3
0 1 113 18 1 1
0 1 8 55 1 0
0 1 31 7 0 0
0 1 92 9 0 0
0 1 68 20 1 0
0 1 107 58 0 3
0 1 45 57 1 2
0 1 90 17 1 3
0 1 35 53 0 3
0 1 65 28 1 3
0 1 52 22 1 1
0 1 109 35 1 1
0 1 97 40 0 1
0 1 49 7 1 2
0 1 67 6 1 3
0 1 81 60 0 1
0 1 85 51 1 0
0 1 128 35 1 0
0 1 91 44 0 3
0 1 127 39 1 1
0 1 75 41 0 3
0 1 48 47 0 2
0 1 78 23 1 0
0 1 30 32 0 1
0 1 27 39 1 2
0 1 72 10 1 3
0 1 51 24 0 0
0 1 22 0 0 0
0 1 53 40 1 3
0 1 62 40 0 0
0 1 79 11 1 3
0 1 64 34 1 0
0 1 9 3 0 1
0 1 76 10 1 1
0 1 0 8 1 2
0 1 60 57 0 0
0 1 43 64 1 1
0 1 25 7 0 3
0 1 123 45 0 2
0 1 57 44 1 1
0 1 80 51 0 2
0 1 84 54 0 1
0 1 114 0 1 3
0 1 65 19 0 1
0 1 54 28 1 1
0 1 117 26 0 1
0 1 13 15 1 1
0 1 122 45 0 0
0 1 129 36 1 3
0 1 124 63 1 0
0 1 104 56 1 1
0 1 120 46 0 2
0 1 89 14 0 1
0 1 49 14 0 0
0 1 58 43 1 1
0 1 126 20 1 3
0 1 82 32 0 3
0 1 121 41 1 2
0 1 106 29 1 2
0 1 108 6 0 2
0 1 115 29 1 3
0 1 70 35 1 2
0 1 57 47 0 1
0 1 87 41 1 1
0 1 98 1 1 2
0 1 60 16 1 3
0 1 7 20 0 2
0 1 71 22 1 3
0 1 24 24 1 2
0 1 1 33 1 1
0 1 37 38 0 3
0 1 106 26 0 2
0 1 113 49 0 2
0 1 5 12 0 1
0 1 69 44 1 2
0 1 39 7 0 1
0 1 50 4 1 1
0 1 115 43 0 2
0 1 80 52 1 0
0 1 58 9 0 3
0 1 116 37 1 3
0 1 28 49 0 1
0 1 40 2 0 1
0 1 29 37 0 0
0 1 117 5 1 1
0 1 72 25 0 3
0 1 110 3 0 2
0 1 125 48 0 2
0 1 45 10 0 2
0 1 6 32 0 0
0 1 77 15 1 3
0 1 10 49 1 0
0 1 107 27 1 1
0 1 55 58 1 2
0 1 25 6 1 1
0 1 79 42 0 2
0 1 46 31 0 3
0 1 100 46 1 0
0 1 6 27 1 0
0 1 94 17 1 1
0 1 15 4 1 2
0 1 99 60 1 2
0 1 95 61 0 1
0 1 17 8 1 3
0 1 129 16 0 2
0 1 86 23 0 2
0 1 39 30 1 3
0 1 4 18 0 3
0 1 24 56 0 2
0 1 26 48 0 0
0 1 23 60 0 3
0 1 41 59 1 0
0 1 11 42 0 1
0 1 61 33 0 0
0 1 94 31 0 0
0 1 3 9 0 2
0 1 16 59 1 1
0 1 51 50 1 1
0 1 29 37 1 2
0 1 19 27 1 3
0 1 9 14 1 2
0 1 18 54 1 2
0 1 52 30 0 0
0 1 66 53 1 1
0 1 48 56 1 3
0 1 126 29 0 1
0 1 20 55 1 2
0 1 33 22 1 2
0 1 102 19 0 2
0 1 17 62 0 3
0 1 63 61 1 2
0 1 12 42 0 3
0 1 4 59 1 2
0 1 119 12 1 0
0 1 120 62 1 1
0 1 123 38 1 0
0 1 108 13 1 1
0 1 35 3 1 3
0 1 98 53 0 2
0 1 46 2 1 0
0 1 125 46 1 3
0 1 37 45 1 3
0 1 85 21 0 1
0 1 59 52 1 1
0 1 32 1 0 0
0 1 121 47 0 0
0 1 124 64 0 3
0 1 103 27 0 2
0 1 70 51 0 3
0 1 62 64 1 2
0 1 31 35 1 3
0 1 14 11 0 0
0 1 23 36 1 2
0 1 13 60 0 0
0 1 84 36 1 1
0 1 0 57 0 1
0 1 111 15 0 0
0 1 54 40 0 2
0 1 2 58 1 0
0 1 116 23 0 1
0 1 5 19 1 0
0 1 32 48 1 1
0 1 76 29 0 0
0 1 7 50 1 2
0 1 18 55 0 1
