0 1 78 51 0 1
0 1 40 28 0 2
0 1 119 38 0 2
0 1 117 12 1 2
0 1 55 52 1 3
0 1 10 37 1 0
0 1 26 5 0 0
0 1 66 22 0 0
0 1 71 24 1 2
0 1 27 26 1 1
0 1 57 50 1 3
0 1 16 35 0 2
0 1 53 9 0 0
0 1 79 13 0 1
0 1 75 55 0 2
0 1 107 31 0 2
0 1 5 49 0 0
0 1 61 15 0 3
0 1 95 30 0 0
0 1 1 56 1 0
0 1 86 25 1 0
0 1 90 40 0 2
0 1 19 39 1 1
0 1 96 6 0 0
0 1 65 0 1 1
0 1 89 10 0 1
0 1 56 44 1 3
0 1 2 11 1 3
0 1 95 3 1 1
0 1 93 36 0 0
0 1 129 47 0 2
0 1 4 34 0 3
0 1 104 50 0 0
0 1 12 18 1 2
0 1 121 57 1 0
0 1 59 19 1 2
0 1 77 7 0 2
0 1 51 17 1 3
0 1 123 6 1 2
0 1 100 43 0 1
0 1 91 25 1 2
0 1 58 29 0 2
0 1 57 45 0 2
0 1 88 25 1 3
0 1 21 14 1 1
0 1 37 60 0 2
0 1 124 64 1 0
0 1 67 53 0 2
0 1 81 33 0 2
0 1 100 55 1 0
0 1 112 53 0 0
0 1 102 55 1 1
0 1 13 21 1 2
0 1 60 63 0 2
0 1 84 59 1 3
0 1 110 20 1 3
0 1 20 18 0 1
0 1 55 1 0 0
0 1 94 7 0 0
0 1 49 41 1 3
0 1 126 52 0 2
0 1 31 9 0 2
0 1 129 28 1 3
0 1 41 19 0 1
0 1 121 4 0 0
0 1 118 43 0 0
0 1 84 61 0 1
0 1 73 49 0 2
0 1 52 23 0 1
0 1 115 12 0 3
0 1 40 23 1 2
0 1 28 63 0 3
0 1 26 18 1 3
0 1 4 28 1 1
0 1 59 44 0 2
0 1 64 27 1 2
0 1 5 59 1 0
0 1 47 2 0 1
0 1 114 62 1 3
0 1 89 10 1 3
0 1 88 0 0 2
0 1 56 46 0 1
0 1 47 30 1 1
0 1 33 16 1 2
0 1 74 31 1 1
0 1 66 35 1 3
0 1 71 21 0 3
0 1 11 1 1 3
0 1 127 42 0 1
0 1 67 4 1 2
0 1 127 58 1 2
0 1 14 27 1 0
0 1 114 20 0 2
0 1 120 13 1 0
0 1 42 36 0 1
0 1 31 11 1 2
0 1 1 59 0 1
0 1 58 62 1 2
0 1 83 40 1 0
0 1 76 32 0 0
0 1 64 64 0 3
0 1 48 15 1 1
0 1 87 46 0 2
0 1 34 37 0 2
0 1 9 54 1 0
0 1 123 51 0 0
0 1 16 45 1 3
0 1 72 17 0 0
0 1 20 16 1 3
0 1 10 32 0 2
0 1 6 57 0 3
0 1 52 45 1 1
0 1 18 50 0 1
0 1 126 47 1 3
0 1 30 37 1 3
0 1 19 46 0 0
0 1 34 3 1 3
0 1 105 41 0 1
0 1 103 32 1 1
0 1 38 64 0 1
0 1 7 5 0 2
0 1 32 33 1 1
0 1 63 57 0 2
0 1 70 12 0 0
0 1 62 49 0 3
0 1 25 37 0 1
0 1 99 38 1 1
0 1 15 3 1 2
0 1 43 31 0 3
0 1 96 38 1 0
0 1 22 29 1 0
0 1 9 44 0 1
0 1 32 22 0 2
0 1 21 30 0 2
0 1 91 24 0 3
0 1 115 1 1 2
0 1 125 42 1 2
0 1 46 57 1 1
0 1 97 12 0 1
0 1 60 58 1 3
0 1 92 41 0 2
0 1 68 29 0 3
0 1 97 56 1 2
0 1 73 42 1 0
0 1 110 52 0 1
0 1 109 5 0 1
0 1 106 17 1 2
0 1 44 48 0 2
0 1 11 48 0 3
0 1 113 9 1 1
0 1 33 25 0 1
0 1 124 58 0 1
0 1 92 33 1 3
0 1 128 1 1 1
0 1 79 34 1 2
0 1 53 26 1 2
0 1 77 60 1 3
0 1 24 15 0 0
0 1 13 5 0 3
0 1 80 24 0 1
0 1 37 32 1 3
0 1 122 10 1 0
0 1 45 0 1 0
0 1 42 39 1 0
0 1 6 51 1 3
0 1 120 51 0 2
0 1 78 53 1 3
0 1 105 40 1 3
0 1 98 49 0 1
0 1 118 39 1 2
0 1 70 19 1 0
0 1 45 7 0 1
0 1 51 2 0 0
0 1 38 8 1 3
0 1 17 23 0 3
0 1 3 33 1 0
0 1 102 44 0 0
0 1 50 47 1 0
0 1 108 6 0 1
0 1 44 61 1 3
0 1 82 63 1 0
0 1 94 54 1 2
0 1 49 18 0 0
0 1 69 58 0 0
0 1 117 14 0 2
0 1 24 62 1 0
0 1 36 56 1 3
0 1 104 53 1 1
0 1 93 22 1 3
0 1 41 2 1 3
0 1 85 14 0 3
0 1 29 13 0 2
0 1 62 26 1 0
0 1 61 48 1 0
0 1 87 27 1 1
0 1 17 45 1 0
0 1 15 43 0 2
0 1 106 2 0 2
0 1 72 39 1 3
0 1 82 36 0 2
0 1 27 42 0 3
0 1 76 28 1 0
0 1 22 30 0 3
0 1 0 35 1 1
0 1 85 20 1 0
0 1 18 15 1 2
0 1 108 56 1 1
0 1 43 14 1 0
0 1 86 35 0 0
0 1 35 6 0 3
0 1 39 21 0 0
0 1 7 60 1 1
0 1 83 41 0 0
0 1 39 24 1 0
0 1 25 50 1 2
0 1 14 8 0 2
0 1 35 61 1 2
0 1 101 64 1 2
0 1 65 11 0 0
0 1 29 21 1 1
0 1 23 54 1 1
0 1 119 3 1 0
0 1 80 46 1 3
0 1 111 43 0 3
0 1 12 29 0 1
0 1 99 63 0 1
0 1 112 23 1 0
0 1 54 54 1 3
0 1 98 8 1 0
0 1 36 19 0 3
0 1 28 4 1 1
0 1 103 34 0 0
0 1 8 55 0 3
0 1 125 8 0 1
