0 1 52 25 1 2
0 1 82 6 0 2
0 1 90 34 1 1
0 1 53 63 0 0
0 1 80 2 1 0
0 1 54 7 0 0
0 1 43 5 0 2
0 1 74 51 1 2
0 1 117 24 1 1
0 1 47 11 1 2
0 1 34 55 1 1
0 1 86 54 1 2
0 1 32 32 1 1
0 1 16 39 0 0
0 1 124 11 1 3
0 1 23 59 1 3
0 1 69 15 1 2
0 1 19 50 0 0
0 1 1 19 1 3
0 1 87 24 0 2
0 1 28 48 0 2
0 1 43 35 1 1
0 1 24 33 1 1
0 1 101 29 0 0
0 1 115 43 1 3
0 1 100 31 1 1
0 1 35 46 0 3
0 1 109 1 0 1
0 1 22 49 0 1
0 1 94 45 0 2
0 1 8 31 1 3
0 1 17 20 1 0
0 1 77 17 0 3
0 1 44 9 0 2
0 1 115 62 0 2
0 1 47 58 0 3
0 1 78 38 1 1
0 1 14 6 0 0
0 1 126 26 0 3
0 1 69 13 0 0
0 1 78 57 0 1
0 1 55 50 1 2
0 1 90 21 0 1
0 1 116 41 1 2
0 1 13 27 1 2
0 1 72 23 0 1
0 1 16 52 1 1
0 1 39 33 0 2
0 1 92 26 0 1
0 1 114 36 1 2
0 1 67 40 0 0
0 1 65 54 1 1
0 1 15 18 0 2
0 1 86 37 0 3
0 1 108 6 0 1
0 1 97 37 0 1
0 1 18 40 0 2
0 1 128 3 1 1
0 1 58 15 0 3
0 1 7 22 0 3
0 1 120 34 1 3
0 1 57 13 1 1
0 1 62 16 1 1
0 1 48 64 1 3
0 1 110 13 1 3
0 1 95 12 1 1
0 1 108 44 1 2
0 1 35 56 1 1
0 1 14 61 1 2
0 1 87 47 1 1
0 1 38 1 0 3
0 1 118 17 0 0
0 1 41 46 0 0
0 1 11 0 0 0
0 1 10 41 1 1
0 1 50 39 1 3
0 1 60 52 1 0
0 1 27 21 1 0
0 1 104 0 0 1
0 1 85 64 0 0
0 1 80 9 0 3
0 1 32 28 0 0
0 1 59 2 1 3
0 1 31 63 1 3
0 1 27 53 0 2
0 1 0 61 1 0
0 1 88 58 0 0
0 1 129 51 0 3
0 1 44 48 1 0
0 1 17 36 0 3
0 1 36 27 0 3
0 1 81 42 1 1
0 1 120 59 0 0
0 1 66 8 1 0
0 1 4 38 1 2
0 1 20 23 0 0
0 1 96 14 1 1
0 1 46 51 0 1
0 1 75 47 0 3
0 1 91 60 0 3
0 1 81 6 0 3
0 1 10 3 0 0
0 1 15 5 1 0
0 1 91 44 1 0
0 1 89 4 1 2
0 1 113 30 1 2
0 1 25 42 0 3
0 1 122 25 0 0
0 1 30 32 0 2
0 1 40 8 0 2
0 1 55 10 0 0
0 1 71 0 0 2
0 1 77 12 1 0
0 1 104 40 1 3
0 1 101 10 1 2
0 1 41 41 1 0
0 1 3 4 0 3
0 1 5 53 1 0
0 1 100 2 0 2
0 1 49 59 0 1
0 1 46 35 1 0
0 1 50 29 0 3
0 1 12 60 1 2
0 1 119 42 0 2
0 1 19 42 1 0
0 1 42 5 1 3
0 1 45 38 1 0
0 1 40 64 1 1
0 1 57 60 0 0
0 1 9 20 1 3
0 1 96 13 0 2
0 1 56 50 1 1
0 1 95 30 0 0
0 1 121 24 0 0
0 1 23 36 0 1
0 1 37 14 1 0
0 1 84 7 1 3
0 1 58 28 1 1
0 1 116 18 0 3
0 1 123 11 1 0
0 1 22 9 1 0
0 1 20 19 1 2
0 1 119 44 1 3
0 1 51 21 1 2
0 1 97 16 1 0
0 1 122 61 1 3
0 1 103 39 1 2
0 1 105 3 1 3
0 1 26 57 0 3
0 1 36 28 1 2
0 1 117 31 0 0
0 1 74 14 0 3
0 1 25 25 1 3
0 1 39 46 1 2
0 1 5 15 0 1
0 1 63 22 0 2
0 1 53 54 1 0
0 1 33 18 1 1
0 1 8 58 0 1
0 1 76 52 0 2
0 1 6 29 0 2
0 1 123 37 0 2
0 1 21 5 1 1
0 1 79 53 1 3
0 1 67 43 1 1
0 1 1 1 0 2
0 1 94 56 1 2
0 1 11 47 1 2
0 1 7 16 1 2
0 1 18 23 1 3
0 1 49 58 1 2
0 1 98 7 1 2
0 1 127 56 1 3
0 1 66 38 0 3
0 1 48 26 0 0
0 1 79 10 0 3
0 1 84 37 0 0
0 1 127 17 0 2
0 1 65 7 0 1
0 1 21 12 0 3
0 1 73 30 1 1
0 1 83 43 1 2
0 1 73 19 0 0
0 1 107 20 0 2
0 1 88 2 1 1
0 1 63 50 1 3
0 1 61 49 0 0
0 1 59 18 0 0
0 1 105 22 0 0
0 1 4 33 0 3
0 1 28 8 1 1
0 1 0 32 0 3
0 1 76 4 1 0
0 1 70 27 0 1
0 1 52 34 0 0
0 1 42 48 0 1
0 1 2 45 1 3
0 1 2 45 0 0
0 1 103 35 0 3
0 1 85 40 1 1
0 1 68 32 0 0
0 1 129 4 1 1
0 1 106 57 1 2
0 1 125 62 1 0
0 1 128 22 0 1
0 1 126 0 1 3
0 1 33 54 0 3
0 1 106 20 0 1
0 1 60 55 0 2
0 1 12 55 0 3
0 1 64 23 1 2
0 1 45 51 0 0
0 1 71 36 1 0
0 1 111 63 1 2
0 1 13 3 0 2
0 1 72 35 1 2
0 1 112 16 1 3
0 1 93 41 0 3
0 1 114 10 0 1
0 1 83 31 0 2
0 1 93 49 1 3
0 1 9 62 0 3
0 1 68 39 1 1
0 1 118 48 1 3
0 1 3 59 1 2
0 1 38 64 1 2
0 1 37 8 0 3
0 1 121 15 1 0
0 1 51 52 0 3
0 1 29 60 0 1
0 1 62 21 0 3
0 1 29 57 1 0
0 1 111 63 0 1
0 1 99 47 1 0
