0 1 78 17 1 3
0 1 69 54 1 1
0 1 8 13 1 0
0 1 38 52 0 3
0 1 40 51 1 3
0 1 6 60 1 1
0 1 9 46 0 3
0 1 38 24 1 3
0 1 101 60 1 0
0 1 77 1 0 3
0 1 105 41 0 0
0 1 0 16 0 1
0 1 17 5 0 3
0 1 15 4 0 1
0 1 47 2 0 0
0 1 92 45 1 2
0 1 53 21 1 0
0 1 74 31 1 3
0 1 44 12 0 2
0 1 20 2 1 1
0 1 1 16 0 0
0 1 105 37 1 0
0 1 100 49 0 0
0 1 40 10 0 0
0 1 97 47 0 0
0 1 73 24 0 1
0 1 93 25 1 0
0 1 69 33 0 3
0 1 96 37 0 2
0 1 36 11 1 3
0 1 41 26 1 1
0 1 26 42 0 1
0 1 46 22 1 3
0 1 104 29 1 1
0 1 94 15 1 1
0 1 100 18 1 0
0 1 78 32 0 0
0 1 90 16 1 2
0 1 21 34 0 2
0 1 44 55 1 3
0 1 39 36 1 1
0 1 124 12 1 3
0 1 35 21 0 2
0 1 125 58 1 0
0 1 12 42 1 2
0 1 48 44 1 3
0 1 18 3 0 3
0 1 109 32 1 1
0 1 82 61 1 0
0 1 3 63 1 1
0 1 65 14 1 1
0 1 29 55 1 2
0 1 10 49 0 3
0 1 12 35 0 0
0 1 51 9 1 1
0 1 46 48 0 2
0 1 7 27 0 2
0 1 76 26 0 0
0 1 59 1 0 2
0 1 55 34 1 3
0 1 31 50 0 2
0 1 118 19 0 1
0 1 110 30 1 0
0 1 55 2 0 3
0 1 34 34 0 1
0 1 106 9 1 0
0 1 61 42 1 0
0 1 56 2 1 2
0 1 70 17 0 2
0 1 23 5 1 1
0 1 30 40 1 3
0 1 86 61 0 3
0 1 93 6 0 0
0 1 24 57 1 2
0 1 48 62 0 0
0 1 76 39 1 3
0 1 21 50 1 0
0 1 58 24 1 0
0 1 39 14 0 3
0 1 22 59 0 2
0 1 112 42 0 3
0 1 64 33 1 0
0 1 62 13 0 1
0 1 116 46 0 0
0 1 49 53 0 3
0 1 19 23 1 2
0 1 20 43 0 3
0 1 121 64 0 3
0 1 110 38 0 2
0 1 27 19 0 3
0 1 54 4 1 2
0 1 14 59 0 1
0 1 57 57 1 0
0 1 1 63 1 2
0 1 4 20 0 3
0 1 90 8 0 0
0 1 26 50 1 1
0 1 58 40 0 1
0 1 51 20 0 2
0 1 45 54 0 0
0 1 121 12 1 0
0 1 85 62 1 3
0 1 114 53 1 2
0 1 36 38 0 3
0 1 84 35 1 1
0 1 13 40 1 0
0 1 9 47 1 1
0 1 103 25 0 3
0 1 11 55 0 1
0 1 14 6 1 2
0 1 95 29 0 0
0 1 111 51 1 1
0 1 103 41 1 3
0 1 84 8 0 1
0 1 18 31 1 2
0 1 115 26 0 2
0 1 56 53 0 0
0 1 8 64 0 0
0 1 52 39 0 1
0 1 59 3 1 2
0 1 43 45 1 1
0 1 13 28 0 0
0 1 99 4 1 0
0 1 54 22 0 2
0 1 70 21 1 1
0 1 10 15 1 2
0 1 5 9 0 3
0 1 80 28 0 1
0 1 72 11 0 0
0 1 126 62 0 2
0 1 32 58 0 3
0 1 111 19 0 2
0 1 99 27 0 3
0 1 88 56 1 0
0 1 88 45 0 0
0 1 50 23 0 1
0 1 129 26 1 3
0 1 117 56 1 2
0 1 127 1 0 0
0 1 63 47 1 3
0 1 64 7 0 3
0 1 97 54 1 3
0 1 126 31 1 1
0 1 114 3 0 1
0 1 31 18 1 3
0 1 47 7 1 2
0 1 41 29 0 3
0 1 52 59 1 3
0 1 42 44 1 1
0 1 127 52 1 2
0 1 66 60 0 3
0 1 113 61 0 2
0 1 115 58 1 1
0 1 86 23 1 3
0 1 116 9 1 2
0 1 83 8 1 3
0 1 2 44 0 0
0 1 117 32 0 2
0 1 75 28 0 2
0 1 120 51 0 0
0 1 49 62 1 1
0 1 123 38 0 1
0 1 61 35 0 3
0 1 75 11 1 2
0 1 33 25 0 2
0 1 71 15 0 3
0 1 53 0 0 1
0 1 102 0 0 0
0 1 28 1 0 1
0 1 81 56 0 1
0 1 92 63 0 3
0 1 66 10 1 3
0 1 25 48 1 1
0 1 60 18 1 2
0 1 95 30 1 2
0 1 83 7 0 1
0 1 74 22 0 1
0 1 65 39 0 2
0 1 82 43 0 0
0 1 85 30 0 1
0 1 27 61 1 1
0 1 108 46 0 2
0 1 87 15 0 0
0 1 50 49 1 1
0 1 81 13 1 2
0 1 108 52 1 0
0 1 79 23 0 0
0 1 119 20 0 1
0 1 4 33 1 2
0 1 17 24 1 2
0 1 71 14 1 0
0 1 94 52 0 1
0 1 113 41 1 2
0 1 107 8 0 2
0 1 35 33 1 1
0 1 77 17 1 1
0 1 80 45 1 3
0 1 129 10 0 2
0 1 15 34 1 0
0 1 30 35 0 2
0 1 107 64 1 2
0 1 98 29 0 2
0 1 32 57 1 3
0 1 7 6 1 3
0 1 33 0 1 2
0 1 25 7 0 0
0 1 34 41 1 1
0 1 125 14 0 2
0 1 2 50 1 3
0 1 68 39 1 0
0 1 112 43 1 2
0 1 6 37 0 1
0 1 67 28 0 3
0 1 28 54 1 2
0 1 11 55 1 0
0 1 22 36 1 3
0 1 89 43 0 1
0 1 16 27 1 1
0 1 68 57 0 1
0 1 57 58 0 2
0 1 91 47 0 2
0 1 37 36 0 0
0 1 87 27 1 0
0 1 98 64 1 1
0 1 60 49 0 2
0 1 16 48 0 3
0 1 29 37 0 3
0 1 106 56 0 3
0 1 73 22 1 0
0 1 19 53 0 1
0 1 89 59 1 0
0 1 104 44 0 2
0 1 91 60 1 2
0 1 72 51 1 2
