0 1 62 47 0 2
0 1 42 55 0 2
0 1 11 52 1 0
0 1 11 63 0 1
0 1 77 49 0 3
0 1 46 43 1 0
0 1 5 53 0 0
0 1 36 4 1 1
0 1 71 0 0 3
0 1 108 27 0 1
0 1 99 39 1 2
0 1 76 64 1 3
0 1 72 33 1 2
0 1 116 12 1 2
0 1 2 20 0 2
0 1 82 42 1 3
0 1 31 58 1 0
0 1 59 19 1 1
0 1 78 57 1 0
0 1 128 60 0 0
0 1 17 59 1 0
0 1 97 21 1 3
0 1 103 34 1 0
0 1 84 61 0 0
0 1 60 25 1 2
0 1 33 31 0 2
0 1 61 16 0 0
0 1 6 24 1 2
0 1 70 50 1 2
0 1 38 51 1 2
0 1 37 36 0 1
0 1 42 7 1 1
0 1 116 60 0 2
0 1 88 32 0 0
0 1 40 13 1 3
0 1 129 1 0 0
0 1 6 54 0 1
0 1 104 6 1 0
0 1 115 26 1 3
0 1 26 54 1 3
0 1 96 64 0 1
0 1 53 3 0 1
0 1 21 21 0 2
0 1 2 14 1 0
0 1 39 30 0 1
0 1 105 20 1 0
0 1 105 0 0 1
0 1 50 26 0 0
0 1 15 7 0 2
0 1 106 22 0 0
0 1 45 49 1 1
0 1 19 30 1 0
0 1 7 30 1 2
0 1 58 42 0 2
0 1 112 29 0 0
0 1 16 46 0 0
0 1 8 5 0 3
0 1 67 31 0 1
0 1 118 56 0 2
0 1 109 62 1 3
0 1 64 48 0 2
0 1 122 9 0 2
0 1 56 33 1 1
0 1 51 35 0 2
0 1 79 54 0 2
0 1 27 32 1 1
0 1 126 25 1 0
0 1 12 19 0 0
0 1 120 28 0 2
0 1 73 8 0 2
0 1 44 52 0 3
0 1 22 2 1 2
0 1 113 44 1 2
0 1 97 64 0 2
0 1 106 56 1 0
0 1 100 22 1 2
0 1 91 46 0 3
0 1 19 62 0 1
0 1 121 14 0 1
0 1 96 43 1 3
0 1 122 45 1 2
0 1 1 10 0 2
0 1 108 29 1 1
0 1 103 9 0 1
0 1 101 18 1 1
0 1 127 47 0 0
0 1 111 8 0 1
0 1 86 48 0 1
0 1 90 39 0 1
0 1 70 5 0 0
0 1 93 15 0 2
0 1 119 28 1 0
0 1 89 48 1 3
0 1 71 50 1 1
0 1 43 37 0 3
0 1 12 58 1 3
0 1 20 11 1 2
0 1 0 1 1 1
0 1 114 38 1 0
0 1 78 27 0 3
0 1 68 63 1 3
0 1 23 32 0 3
0 1 58 40 1 1
0 1 29 34 1 2
0 1 62 14 1 2
0 1 48 17 1 2
0 1 64 54 1 0
0 1 85 56 1 3
0 1 50 41 1 2
0 1 3 15 1 0
0 1 81 3 0 0
0 1 56 12 0 0
0 1 52 18 0 0
0 1 14 57 1 1
0 1 75 15 0 3
0 1 47 37 0 0
0 1 92 29 0 2
0 1 102 34 0 1
0 1 30 38 1 1
0 1 32 35 1 3
0 1 76 51 0 3
0 1 114 23 0 3
0 1 67 36 1 3
0 1 95 45 0 1
0 1 84 9 1 3
0 1 23 2 1 0
0 1 18 52 0 1
0 1 124 55 1 3
0 1 110 46 0 2
0 1 120 13 1 1
0 1 10 23 0 2
0 1 46 59 0 1
0 1 54 39 0 0
0 1 98 6 0 2
0 1 119 11 0 0
0 1 111 4 1 0
0 1 17 1 0 2
0 1 53 42 1 0
0 1 35 5 0 2
0 1 75 6 1 3
0 1 61 17 1 1
0 1 102 37 1 1
0 1 92 10 1 0
0 1 80 0 1 0
0 1 77 3 1 2
0 1 66 61 0 1
0 1 7 36 0 0
0 1 112 35 1 1
0 1 79 40 1 2
0 1 99 44 0 1
0 1 41 22 1 3
0 1 81 12 1 3
0 1 68 53 0 3
0 1 28 38 0 3
0 1 15 46 1 1
0 1 80 60 0 3
0 1 88 27 1 0
0 1 3 59 0 2
0 1 128 58 1 2
0 1 121 48 1 0
0 1 127 50 1 0
0 1 87 4 0 2
0 1 69 25 0 3
0 1 4 36 0 2
0 1 9 26 0 1
0 1 66 45 1 0
0 1 5 24 1 0
0 1 87 62 1 0
0 1 35 60 1 1
0 1 83 44 0 0
0 1 83 55 1 0
0 1 28 22 1 1
0 1 115 41 0 1
0 1 91 53 1 2
0 1 13 24 1 3
0 1 32 43 0 2
0 1 57 19 1 3
0 1 124 49 0 0
0 1 57 34 0 3
0 1 29 31 0 0
0 1 65 2 0 3
0 1 63 57 1 3
0 1 39 14 1 3
0 1 129 8 1 0
0 1 126 57 0 2
0 1 95 10 1 1
0 1 86 51 1 0
0 1 125 30 0 3
0 1 109 24 0 1
0 1 20 16 0 1
0 1 123 63 1 0
0 1 74 11 1 1
0 1 44 16 1 3
0 1 107 13 1 2
0 1 14 61 0 2
0 1 41 47 0 1
0 1 107 13 0 0
0 1 93 41 1 0
0 1 22 10 0 3
0 1 113 37 0 2
0 1 38 61 0 3
0 1 55 52 0 2
0 1 45 26 0 2
0 1 13 17 0 0
0 1 94 38 0 2
0 1 98 55 1 1
0 1 37 23 1 0
0 1 25 27 0 2
0 1 4 45 1 3
0 1 89 7 0 3
0 1 82 33 0 3
0 1 51 62 1 2
0 1 26 42 0 1
0 1 54 20 1 3
0 1 9 15 1 1
0 1 34 51 0 1
0 1 104 47 0 3
0 1 55 1 1 3
0 1 52 41 1 3
0 1 24 16 0 2
0 1 18 64 1 0
0 1 65 9 1 0
0 1 30 11 0 3
0 1 8 53 1 1
0 1 47 18 1 3
0 1 123 23 0 1
0 1 43 20 1 1
0 1 49 21 1 1
0 1 48 18 0 2
0 1 72 63 0 2
0 1 117 12 1 1
0 1 117 44 0 3
0 1 1 58 1 1
0 1 21 8 1 3
