0 1 35 25 1 2
0 1 92 4 0 3
0 1 72 36 1 3
0 1 50 2 1 1
0 1 113 35 0 2
0 1 49 10 1 1
0 1 37 28 0 1
0 1 7 57 1 2
0 1 41 41 0 0
0 1 18 28 1 0
0 1 34 64 0 1
0 1 109 52 1 3
0 1 2 15 0 3
0 1 18 26 0 1
0 1 129 50 0 1
0 1 25 11 0 0
0 1 0 42 0 0
0 1 120 17 0 2
0 1 5 62 1 1
0 1 83 30 1 3
0 1 70 45 1 3
0 1 8 0 1 3
0 1 79 10 0 2
0 1 109 58 0 0
0 1 16 3 0 0
0 1 86 64 1 0
0 1 79 40 1 3
0 1 92 4 1 2
0 1 9 21 0 1
0 1 63 5 0 1
0 1 30 16 0 1
0 1 26 20 1 1
0 1 74 57 0 1
0 1 33 52 1 0
0 1 128 46 0 0
0 1 110 23 1 0
0 1 32 56 1 2
0 1 16 51 1 0
0 1 55 63 1 0
0 1 3 44 0 1
0 1 111 53 1 1
0 1 102 25 0 1
0 1 122 22 1 2
0 1 57 15 0 0
0 1 68 55 0 3
0 1 111 34 0 1
0 1 95 24 0 0
0 1 48 33 1 2
0 1 51 49 1 3
0 1 2 24 1 3
0 1 54 63 0 2
0 1 88 5 1 3
0 1 47 32 0 3
0 1 15 44 0 2
0 1 98 43 1 2
0 1 31 59 1 3
0 1 0 60 1 2
0 1 15 13 1 1
0 1 115 31 1 2
0 1 27 37 1 1
0 1 75 18 1 3
0 1 103 20 0 2
0 1 123 19 0 0
0 1 52 16 1 3
0 1 96 11 0 1
0 1 78 37 0 0
0 1 107 27 0 2
0 1 117 48 0 2
0 1 39 13 1 3
0 1 98 18 0 0
0 1 71 58 1 2
0 1 90 7 1 0
0 1 116 54 0 3
0 1 70 29 0 2
0 1 13 36 0 0
0 1 77 52 1 2
0 1 101 38 1 3
0 1 13 55 1 2
0 1 103 4 1 1
0 1 122 39 0 0
0 1 53 50 1 0
0 1 67 32 1 1
0 1 69 60 1 3
0 1 91 37 0 2
0 1 87 12 1 2
0 1 86 9 0 0
0 1 1 45 1 1
0 1 24 8 1 2
0 1 94 49 1 2
0 1 49 12 0 3
0 1 110 9 0 1
0 1 119 58 0 3
0 1 114 6 1 1
0 1 41 14 1 3
0 1 89 28 1 2
0 1 43 1 1 2
0 1 17 47 0 0
0 1 27 34 0 3
0 1 20 2 1 2
0 1 107 7 1 1
0 1 108 54 0 1
0 1 14 30 0 1
0 1 125 41 1 3
0 1 5 0 0 2
0 1 42 39 0 2
0 1 62 35 1 1
0 1 33 38 0 0
0 1 65 3 0 2
0 1 97 57 1 3
0 1 75 27 0 0
0 1 105 19 0 2
0 1 23 13 0 0
0 1 40 8 1 1
0 1 12 53 1 0
0 1 66 61 0 3
0 1 48 63 0 3
0 1 8 51 0 2
0 1 59 33 1 1
0 1 29 13 0 2
0 1 11 1 1 3
0 1 29 24 1 1
0 1 52 26 0 0
0 1 61 62 1 3
0 1 100 61 0 1
0 1 38 62 1 2
0 1 66 50 1 2
0 1 43 27 0 3
0 1 101 9 0 3
0 1 31 51 0 1
0 1 126 35 0 3
0 1 73 3 1 1
0 1 113 47 1 2
0 1 12 32 0 2
0 1 112 11 1 3
0 1 117 8 1 3
0 1 4 38 1 1
0 1 69 20 0 0
0 1 4 29 0 0
0 1 105 46 1 2
0 1 11 6 0 2
0 1 25 23 1 2
0 1 84 56 0 1
0 1 19 2 0 0
0 1 112 40 0 1
0 1 45 16 0 0
0 1 6 23 1 3
0 1 20 12 0 1
0 1 104 38 0 2
0 1 60 1 1 1
0 1 42 48 1 0
0 1 81 17 0 0
0 1 85 17 0 3
0 1 104 15 1 2
0 1 106 52 1 1
0 1 99 5 0 2
0 1 126 20 1 3
0 1 85 53 1 3
0 1 21 18 0 1
0 1 102 46 1 3
0 1 90 42 0 2
0 1 106 6 0 3
0 1 28 56 1 3
0 1 21 2 1 3
0 1 58 44 1 0
0 1 71 17 0 1
0 1 40 34 0 2
0 1 60 61 0 2
0 1 30 10 1 0
0 1 61 36 0 2
0 1 84 23 1 1
0 1 83 7 0 2
0 1 65 44 1 3
0 1 58 58 0 1
0 1 56 48 1 3
0 1 128 47 1 3
0 1 68 26 1 2
0 1 129 42 1 1
0 1 82 16 1 2
0 1 64 63 1 1
0 1 1 43 0 0
0 1 96 60 1 0
0 1 77 45 0 0
0 1 26 14 0 2
0 1 97 43 0 1
0 1 115 21 0 0
0 1 7 31 0 0
0 1 121 36 1 1
0 1 118 10 1 3
0 1 51 59 0 2
0 1 56 41 0 1
0 1 76 19 1 1
0 1 89 39 0 1
0 1 87 64 0 2
0 1 99 61 1 0
0 1 47 19 1 3
0 1 93 31 1 1
0 1 38 0 0 1
0 1 119 9 1 2
0 1 125 18 0 2
0 1 88 35 0 0
0 1 118 40 0 0
0 1 63 46 1 1
0 1 123 59 1 0
0 1 45 55 1 1
0 1 44 40 0 2
0 1 53 22 0 3
0 1 62 7 0 3
0 1 81 14 1 0
0 1 67 54 0 0
0 1 116 56 1 0
0 1 46 51 0 3
0 1 76 12 0 0
0 1 74 26 1 3
0 1 28 21 0 2
0 1 93 4 0 0
0 1 95 24 1 2
0 1 64 11 0 2
0 1 44 22 1 1
0 1 10 49 1 0
0 1 39 25 0 0
0 1 36 28 0 3
0 1 24 29 0 3
0 1 108 60 1 1
0 1 19 30 1 0
0 1 100 31 1 3
0 1 46 33 1 3
0 1 121 62 0 0
0 1 57 64 1 3
0 1 9 0 1 0
0 1 35 32 0 0
0 1 78 6 1 0
0 1 3 14 1 1
0 1 6 59 0 1
0 1 50 33 0 0
