0 1 94 8 1 2
0 1 114 44 1 2
0 1 121 1 0 1
0 1 22 48 1 1
0 1 92 6 0 2
0 1 56 5 0 2
0 1 123 36 0 1
0 1 95 29 1 1
0 1 7 54 1 3
0 1 12 37 1 3
0 1 127 15 0 0
0 1 16 46 1 3
0 1 115 14 1 0
0 1 2 35 1 3
0 1 79 9 1 0
0 1 59 32 1 3
0 1 78 52 1 1
0 1 95 48 0 2
0 1 97 8 1 3
0 1 34 38 1 2
0 1 113 7 1 1
0 1 1 3 0 1
0 1 34 32 0 0
0 1 45 20 1 2
0 1 4 19 1 0
0 1 2 60 0 0
0 1 75 62 1 3
0 1 29 58 0 3
0 1 23 16 1 1
0 1 108 30 1 1
0 1 28 14 0 3
0 1 19 11 1 1
0 1 12 37 0 1
0 1 3 29 0 0
0 1 117 59 1 3
0 1 59 7 0 0
0 1 101 55 1 3
0 1 88 2 0 0
0 1 42 41 0 0
0 1 112 18 1 2
0 1 31 53 0 1
0 1 119 41 0 2
0 1 43 62 1 2
0 1 72 24 0 2
0 1 37 45 0 0
0 1 121 17 1 0
0 1 90 46 1 1
0 1 69 44 0 1
0 1 81 25 0 3
0 1 87 63 1 2
0 1 8 43 0 2
0 1 107 9 0 2
0 1 45 14 0 2
0 1 124 19 0 3
0 1 89 24 0 0
0 1 84 56 1 1
0 1 14 42 1 3
0 1 129 8 0 0
0 1 4 61 0 1
0 1 89 22 1 2
0 1 36 31 0 0
0 1 73 57 1 3
0 1 127 0 1 1
0 1 80 64 1 1
0 1 47 9 0 3
0 1 66 21 0 3
0 1 9 8 0 1
0 1 20 40 0 3
0 1 111 4 1 2
0 1 55 16 1 0
0 1 16 29 0 2
0 1 99 23 1 3
0 1 115 12 0 0
0 1 38 0 1 0
0 1 40 26 0 2
0 1 104 39 0 2
0 1 119 28 1 1
0 1 72 30 1 0
0 1 49 6 1 1
0 1 69 56 1 0
0 1 57 47 0 1
0 1 88 25 1 1
0 1 93 12 1 3
0 1 48 6 1 0
0 1 123 33 1 1
0 1 78 43 0 1
0 1 5 27 0 1
0 1 50 24 1 1
0 1 111 35 0 1
0 1 129 27 1 2
0 1 3 59 1 0
0 1 71 53 1 2
0 1 93 11 0 3
0 1 1 50 1 0
0 1 83 34 1 0
0 1 76 1 1 2
0 1 6 58 1 2
0 1 116 51 0 2
0 1 60 60 1 1
0 1 102 13 0 2
0 1 80 49 0 1
0 1 122 61 0 3
0 1 77 1 0 0
0 1 14 45 0 3
0 1 39 40 1 2
0 1 51 42 0 0
0 1 76 31 0 2
0 1 25 39 1 1
0 1 24 63 1 0
0 1 100 28 0 3
0 1 10 5 0 0
0 1 22 57 0 1
0 1 62 12 1 1
0 1 28 10 1 0
0 1 56 39 1 3
0 1 25 58 0 1
0 1 84 53 0 3
0 1 8 46 1 0
0 1 33 37 1 0
0 1 103 45 1 2
0 1 10 49 1 0
0 1 58 0 0 3
0 1 114 34 0 2
0 1 68 18 0 3
0 1 54 36 0 2
0 1 85 9 0 1
0 1 18 62 0 1
0 1 110 33 0 0
0 1 20 40 1 0
0 1 105 60 1 2
0 1 15 2 1 1
0 1 32 42 0 2
0 1 109 6 1 3
0 1 68 55 1 1
0 1 128 47 1 0
0 1 44 31 0 1
0 1 96 26 0 0
0 1 51 59 1 1
0 1 55 10 0 2
0 1 99 49 0 2
0 1 82 47 1 3
0 1 42 20 1 1
0 1 120 52 1 0
0 1 58 49 1 3
0 1 30 32 1 1
0 1 36 43 1 3
0 1 83 46 0 2
0 1 32 35 1 0
0 1 74 57 0 2
0 1 7 20 0 3
0 1 52 1 1 3
0 1 47 50 1 3
0 1 15 36 0 0
0 1 79 23 0 2
0 1 109 25 0 2
0 1 23 15 0 3
0 1 54 3 1 2
0 1 41 38 0 1
0 1 117 27 0 0
0 1 50 26 0 3
0 1 81 22 1 0
0 1 60 61 0 2
0 1 102 26 1 1
0 1 26 18 0 1
0 1 74 64 1 0
0 1 91 50 1 1
0 1 65 22 1 1
0 1 65 25 0 0
0 1 62 44 0 3
0 1 63 31 1 3
0 1 17 32 0 2
0 1 30 48 0 3
0 1 122 4 1 1
0 1 64 21 1 0
0 1 19 18 0 0
0 1 52 51 0 3
0 1 27 12 0 2
0 1 21 28 0 0
0 1 0 34 0 3
0 1 97 21 0 2
0 1 75 15 0 2
0 1 96 64 1 2
0 1 21 55 1 0
0 1 125 52 1 3
0 1 110 51 1 0
0 1 124 63 1 3
0 1 106 13 1 0
0 1 91 13 0 3
0 1 17 17 1 1
0 1 37 4 1 3
0 1 44 19 1 2
0 1 48 42 0 1
0 1 73 14 0 1
0 1 112 56 0 2
0 1 35 11 0 2
0 1 41 41 1 3
0 1 53 63 0 1
0 1 85 7 1 3
0 1 126 51 0 1
0 1 33 10 0 1
0 1 98 28 1 2
0 1 5 33 1 2
0 1 13 54 0 2
0 1 118 33 0 3
0 1 92 47 1 2
0 1 126 52 1 2
0 1 31 13 1 1
0 1 86 27 0 3
0 1 86 16 1 2
0 1 118 4 1 0
0 1 77 61 1 0
0 1 64 21 0 1
0 1 70 39 1 0
0 1 120 17 0 2
0 1 11 15 0 1
0 1 125 54 0 1
0 1 94 5 0 3
0 1 46 23 1 0
0 1 98 0 0 2
0 1 107 2 1 3
0 1 103 7 0 2
0 1 61 19 0 1
0 1 82 23 0 1
0 1 67 5 0 1
0 1 18 3 1 3
0 1 39 56 0 3
0 1 6 57 0 0
0 1 87 30 0 3
0 1 49 53 0 0
0 1 63 34 0 1
0 1 40 41 1 1
0 1 9 38 1 0
0 1 105 2 0 2
0 1 101 29 0 3
