0 1 91 53 0 0
0 1 0 9 1 2
0 1 122 31 1 2
0 1 36 25 0 3
0 1 126 23 0 1
0 1 5 20 1 1
0 1 125 9 1 3
0 1 71 54 1 2
0 1 119 56 1 2
0 1 35 24 0 1
0 1 120 35 0 1
0 1 78 61 0 1
0 1 70 33 0 2
0 1 78 36 1 0
0 1 8 28 0 2
0 1 32 59 1 1
0 1 11 1 0 0
0 1 19 64 1 3
0 1 124 10 0 1
0 1 65 44 0 2
0 1 112 41 0 1
0 1 42 30 1 0
0 1 126 6 1 0
0 1 8 43 1 3
0 1 81 62 1 3
0 1 62 50 1 3
0 1 123 32 0 1
0 1 68 47 1 3
0 1 20 57 0 1
0 1 28 46 0 3
0 1 63 19 1 0
0 1 116 7 0 0
0 1 129 60 0 0
0 1 107 58 1 1
0 1 73 0 1 3
0 1 31 5 1 2
0 1 21 16 0 0
0 1 82 20 0 2
0 1 67 13 1 2
0 1 111 3 1 2
0 1 127 6 0 2
0 1 104 58 0 2
0 1 61 45 1 3
0 1 54 63 1 0
0 1 51 4 1 0
0 1 124 12 1 1
0 1 109 21 0 1
0 1 60 49 0 0
0 1 49 0 0 2
0 1 32 11 0 2
0 1 116 18 1 2
0 1 1 40 0 2
0 1 69 1 0 3
0 1 46 46 0 2
0 1 106 23 1 2
0 1 81 40 0 3
0 1 41 34 1 0
0 1 18 37 0 2
0 1 97 8 1 2
0 1 39 13 1 1
0 1 26 51 1 3
0 1 91 22 1 3
0 1 33 53 0 3
0 1 93 42 0 3
0 1 0 38 0 3
0 1 77 19 0 1
0 1 63 17 0 2
0 1 87 42 1 0
0 1 35 50 1 1
0 1 88 54 0 3
0 1 128 25 0 1
0 1 127 35 1 0
0 1 93 30 1 1
0 1 50 57 0 2
0 1 48 15 1 3
0 1 12 47 0 0
0 1 42 2 0 0
0 1 18 4 1 3
0 1 70 0 1 0
0 1 61 7 0 2
0 1 112 45 1 0
0 1 74 18 0 1
0 1 50 46 1 0
0 1 19 49 0 3
0 1 80 41 0 2
0 1 108 26 0 1
0 1 10 17 1 0
0 1 52 14 0 2
0 1 37 49 0 2
0 1 109 29 1 2
0 1 105 27 0 0
0 1 104 55 1 1
0 1 102 51 1 1
0 1 39 44 0 1
0 1 82 44 1 0
0 1 41 15 0 0
0 1 96 39 0 1
0 1 47 9 0 1
0 1 15 58 1 3
0 1 17 48 0 3
0 1 52 25 1 2
0 1 17 14 1 0
0 1 5 62 0 1
0 1 128 7 1 3
0 1 67 64 0 2
0 1 102 5 0 1
0 1 24 52 1 1
0 1 66 10 1 2
0 1 51 62 0 2
0 1 30 28 0 3
0 1 2 35 1 3
0 1 84 56 1 1
0 1 58 4 0 2
0 1 76 22 1 2
0 1 87 10 0 3
0 1 103 61 0 2
0 1 54 62 0 0
0 1 92 43 0 2
0 1 66 16 0 2
0 1 98 60 1 3
0 1 129 0 1 1
0 1 59 42 1 1
0 1 36 51 1 0
0 1 6 48 1 2
0 1 14 64 0 1
0 1 89 34 1 1
0 1 56 7 0 1
0 1 86 19 1 2
0 1 101 50 0 0
0 1 62 12 0 0
0 1 118 30 0 2
0 1 121 31 0 0
0 1 16 11 0 1
0 1 13 49 1 1
0 1 117 59 1 2
0 1 34 32 0 2
0 1 120 63 1 2
0 1 122 2 0 2
0 1 79 2 1 1
0 1 20 59 1 0
0 1 37 38 1 2
0 1 23 48 1 0
0 1 107 60 0 1
0 1 29 20 1 0
0 1 22 12 1 2
0 1 55 54 0 0
0 1 27 13 0 0
0 1 83 31 1 3
0 1 33 27 1 3
0 1 57 36 1 3
0 1 45 1 0 2
0 1 94 10 1 0
0 1 111 43 0 1
0 1 60 39 1 2
0 1 40 29 0 3
0 1 47 24 1 0
0 1 75 33 1 0
0 1 117 47 0 2
0 1 118 55 1 2
0 1 76 45 0 2
0 1 55 47 1 1
0 1 57 43 0 0
0 1 26 17 0 3
0 1 68 11 0 0
0 1 24 27 0 1
0 1 11 34 1 2
0 1 125 18 0 3
0 1 100 29 0 1
0 1 22 37 0 1
0 1 106 54 0 1
0 1 29 28 0 1
0 1 88 15 1 2
0 1 95 21 0 0
0 1 3 56 0 3
0 1 45 38 1 0
0 1 72 3 0 1
0 1 44 57 0 0
0 1 115 33 0 1
0 1 90 61 1 0
0 1 53 31 0 1
0 1 44 58 1 0
0 1 86 29 0 0
0 1 98 42 0 2
0 1 79 44 0 3
0 1 69 23 1 3
0 1 15 20 0 3
0 1 96 3 1 3
0 1 121 32 1 3
0 1 58 38 1 1
0 1 25 24 1 2
0 1 103 26 1 0
0 1 94 55 0 0
0 1 83 17 0 1
0 1 16 33 1 3
0 1 38 3 0 0
0 1 12 24 1 3
0 1 85 14 0 3
0 1 7 40 0 1
0 1 72 6 1 3
0 1 90 39 0 3
0 1 113 8 1 0
0 1 27 36 1 1
0 1 46 19 1 3
0 1 34 26 1 2
0 1 4 28 0 0
0 1 13 2 0 3
0 1 110 16 1 1
0 1 43 23 0 0
0 1 100 25 1 0
0 1 77 22 1 0
0 1 99 39 1 0
0 1 30 1 1 1
0 1 10 14 0 1
0 1 92 21 1 2
0 1 110 5 0 3
0 1 49 45 1 1
0 1 115 15 1 1
0 1 80 5 1 0
0 1 105 55 1 3
0 1 4 18 1 0
0 1 64 26 0 3
0 1 59 4 0 1
0 1 9 32 1 0
0 1 21 36 1 2
0 1 108 52 1 3
0 1 71 11 0 3
0 1 114 46 0 1
0 1 101 8 1 1
0 1 56 41 1 0
0 1 85 56 1 0
0 1 73 40 0 0
0 1 65 53 1 2
0 1 9 52 0 2
0 1 40 50 1 2
