0 1 64 62 0 3
0 1 55 4 0 2
0 1 58 8 1 2
0 1 101 19 1 0
0 1 4 18 1 0
0 1 3 50 1 3
0 1 80 59 0 0
0 1 91 59 1 2
0 1 78 10 1 3
0 1 24 43 0 2
0 1 63 9 0 3
0 1 124 50 1 2
0 1 33 28 0 1
0 1 38 38 0 1
0 1 48 64 0 3
0 1 27 29 0 3
0 1 3 48 0 1
0 1 98 20 1 1
0 1 39 51 0 3
0 1 55 55 1 1
0 1 41 40 0 3
0 1 44 58 1 3
0 1 115 47 0 3
0 1 32 60 0 0
0 1 1 61 1 2
0 1 85 10 0 2
0 1 68 38 1 0
0 1 97 63 1 1
0 1 129 45 1 1
0 1 15 53 0 2
0 1 6 30 1 3
0 1 120 34 1 1
0 1 95 21 0 1
0 1 121 17 0 1
0 1 46 17 1 3
0 1 74 5 0 0
0 1 21 57 0 0
0 1 25 32 0 0
0 1 68 24 0 0
0 1 81 16 1 3
0 1 8 22 1 3
0 1 47 63 0 3
0 1 51 46 1 0
0 1 103 25 1 3
0 1 88 21 0 3
0 1 38 35 1 2
0 1 11 20 0 0
0 1 110 12 0 2
0 1 14 18 1 2
0 1 125 5 0 2
0 1 11 16 1 1
0 1 94 55 1 2
0 1 102 31 1 0
0 1 105 60 0 1
0 1 116 44 1 0
0 1 35 54 0 1
0 1 22 32 0 3
0 1 13 39 0 0
0 1 72 33 0 0
0 1 93 25 1 0
0 1 2 27 1 3
0 1 117 38 0 2
0 1 122 53 0 0
0 1 31 11 0 2
0 1 24 43 1 0
0 1 52 7 0 3
0 1 77 13 1 3
0 1 127 49 0 0
0 1 111 42 1 2
0 1 59 51 0 2
0 1 4 52 0 3
0 1 117 33 1 3
0 1 79 56 1 1
0 1 75 15 0 2
0 1 103 40 0 1
0 1 84 34 1 3
0 1 95 6 1 1
0 1 65 28 1 3
0 1 59 11 1 1
0 1 119 41 1 1
0 1 30 31 1 2
0 1 40 29 0 2
0 1 90 64 1 2
0 1 73 3 0 2
0 1 19 2 0 2
0 1 18 45 1 0
0 1 48 62 1 0
0 1 75 9 1 2
0 1 124 7 0 2
0 1 66 27 1 0
0 1 7 46 1 1
0 1 127 3 1 0
0 1 83 61 1 0
0 1 46 25 0 2
0 1 20 39 0 2
0 1 76 8 1 3
0 1 20 1 1 2
0 1 105 45 1 2
0 1 87 22 0 1
0 1 114 36 0 2
0 1 49 16 0 2
0 1 97 24 0 3
0 1 30 23 0 2
0 1 118 15 1 1
0 1 88 36 1 3
0 1 102 22 0 2
0 1 77 26 0 3
0 1 114 47 1 2
0 1 98 30 0 2
0 1 33 57 1 2
0 1 63 42 1 0
0 1 17 44 0 2
0 1 9 23 1 3
0 1 0 63 1 0
0 1 100 56 0 2
0 1 51 29 0 1
0 1 71 49 0 3
0 1 104 54 0 0
0 1 29 30 0 1
0 1 89 4 0 3
0 1 73 3 1 1
0 1 41 14 1 2
0 1 1 48 0 0
0 1 27 5 1 3
0 1 9 26 0 0
0 1 19 61 1 3
0 1 92 12 1 3
0 1 111 18 0 3
0 1 106 28 0 0
0 1 90 47 0 1
0 1 123 12 0 0
0 1 96 58 1 0
0 1 22 41 1 0
0 1 43 11 1 3
0 1 78 5 0 1
0 1 108 57 0 1
0 1 83 6 0 3
0 1 36 26 0 2
0 1 17 6 1 2
0 1 37 50 1 0
0 1 84 7 0 0
0 1 61 6 0 0
0 1 129 51 0 1
0 1 5 0 1 2
0 1 18 44 0 3
0 1 34 1 0 1
0 1 87 21 1 0
0 1 16 39 1 1
0 1 5 58 0 2
0 1 25 17 1 0
0 1 93 11 0 0
0 1 80 35 1 3
0 1 49 19 1 2
0 1 50 14 0 0
0 1 109 58 1 1
0 1 6 41 0 3
0 1 123 36 1 1
0 1 50 36 1 0
0 1 67 49 0 2
0 1 2 13 0 0
0 1 39 14 1 3
0 1 85 37 1 0
0 1 69 40 0 0
0 1 100 38 1 3
0 1 53 10 0 0
0 1 37 30 0 0
0 1 65 45 0 3
0 1 10 42 1 3
0 1 45 62 1 2
0 1 31 0 1 3
0 1 110 27 1 1
0 1 91 52 0 0
0 1 116 31 0 1
0 1 81 46 0 2
0 1 21 37 1 3
0 1 56 2 0 3
0 1 82 48 1 3
0 1 12 0 1 1
0 1 60 13 1 1
0 1 128 64 1 0
0 1 86 60 0 3
0 1 23 15 1 3
0 1 47 33 1 2
0 1 126 54 1 2
0 1 58 34 0 0
0 1 26 26 1 1
0 1 12 37 0 2
0 1 13 23 1 0
0 1 43 32 0 2
0 1 112 22 0 0
0 1 96 8 0 1
0 1 106 13 1 2
0 1 71 55 1 3
0 1 99 8 0 0
0 1 42 0 0 0
0 1 126 16 0 0
0 1 128 4 0 0
0 1 28 37 0 1
0 1 94 24 0 2
0 1 10 9 0 0
0 1 109 53 0 3
0 1 62 20 1 3
0 1 44 40 0 2
0 1 99 52 1 1
0 1 62 1 0 0
0 1 32 34 1 2
0 1 23 24 0 1
0 1 54 28 1 2
0 1 0 9 0 1
0 1 8 51 0 0
0 1 69 35 1 1
0 1 101 56 0 0
0 1 70 57 0 3
0 1 115 2 1 1
0 1 74 42 1 1
0 1 57 12 1 1
0 1 26 3 0 3
0 1 42 59 1 3
0 1 67 53 1 1
0 1 40 43 1 3
0 1 107 2 0 0
0 1 28 47 1 0
0 1 64 25 1 1
0 1 120 1 0 3
0 1 15 48 1 2
0 1 52 33 1 1
0 1 54 39 0 3
0 1 113 54 0 3
0 1 112 19 1 1
0 1 79 31 0 3
0 1 36 20 1 2
0 1 35 55 1 0
0 1 56 18 1 1
0 1 29 29 1 0
