0 1 86 64 1 1
0 1 18 56 0 3
0 1 74 22 1 0
0 1 116 6 1 3
0 1 84 60 1 1
0 1 3 63 1 3
0 1 67 62 1 2
0 1 16 54 0 3
0 1 87 34 1 3
0 1 80 43 0 3
0 1 105 3 0 0
0 1 31 39 0 2
0 1 26 19 1 1
0 1 74 57 0 3
0 1 98 27 0 1
0 1 91 61 1 3
0 1 87 51 0 1
0 1 73 59 1 0
0 1 28 37 0 2
0 1 114 58 1 2
0 1 99 28 0 0
0 1 71 4 0 2
0 1 32 26 1 0
0 1 113 16 0 0
0 1 51 7 0 3
0 1 16 10 1 0
0 1 1 32 1 3
0 1 103 35 1 0
0 1 107 55 1 1
0 1 64 40 1 2
0 1 79 58 0 3
0 1 24 14 1 0
0 1 89 23 0 2
0 1 65 49 0 2
0 1 60 47 1 3
0 1 105 9 1 1
0 1 32 38 0 1
0 1 114 36 0 3
0 1 83 46 1 2
0 1 12 1 1 3
0 1 93 13 1 3
0 1 67 62 0 0
0 1 63 8 0 3
0 1 28 16 1 2
0 1 36 53 0 0
0 1 12 25 0 0
0 1 5 17 1 2
0 1 9 18 1 2
0 1 81 44 1 2
0 1 96 10 1 1
0 1 106 59 1 2
0 1 14 31 1 1
0 1 41 51 1 0
0 1 19 44 1 0
0 1 109 48 0 0
0 1 86 8 0 0
0 1 52 52 1 1
0 1 39 28 1 3
0 1 90 31 1 2
0 1 21 12 0 2
0 1 20 30 0 2
0 1 3 15 0 0
0 1 48 0 0 3
0 1 128 26 0 2
0 1 75 35 1 2
0 1 110 22 1 3
0 1 88 3 0 3
0 1 25 34 1 0
0 1 47 58 0 0
0 1 39 63 0 0
0 1 35 48 1 2
0 1 48 20 1 0
0 1 45 38 1 3
0 1 47 27 1 2
0 1 49 5 1 1
0 1 97 40 1 3
0 1 22 2 1 3
0 1 90 7 0 2
0 1 6 46 0 3
0 1 55 52 1 2
0 1 100 24 1 3
0 1 72 25 1 3
0 1 66 16 1 3
0 1 92 21 0 3
0 1 76 39 1 1
0 1 77 53 1 2
0 1 36 11 1 1
0 1 91 0 0 2
0 1 61 48 0 1
0 1 7 49 0 1
0 1 94 47 0 1
0 1 21 13 1 0
0 1 62 45 0 1
0 1 96 6 0 1
0 1 78 29 1 2
0 1 38 41 0 1
0 1 52 5 0 2
0 1 124 24 0 2
0 1 49 32 0 1
0 1 13 9 0 3
0 1 112 11 0 0
0 1 118 33 0 2
0 1 75 21 0 2
0 1 10 7 0 1
0 1 59 54 0 0
0 1 50 18 1 1
0 1 42 64 0 2
0 1 56 3 1 2
0 1 54 30 1 0
0 1 104 25 0 2
0 1 66 14 0 2
0 1 127 43 1 1
0 1 84 55 0 3
0 1 113 62 1 3
0 1 50 39 0 3
0 1 120 14 1 1
0 1 107 46 0 1
0 1 65 36 1 1
0 1 20 41 1 3
0 1 99 49 1 3
0 1 119 23 1 3
0 1 62 23 1 1
0 1 63 33 1 1
0 1 0 10 1 2
0 1 124 35 1 3
0 1 95 48 1 3
0 1 4 34 1 2
0 1 102 29 0 3
0 1 40 26 0 3
0 1 18 57 1 1
0 1 72 61 0 2
0 1 73 63 0 1
0 1 31 36 1 0
0 1 128 26 1 1
0 1 58 60 1 3
0 1 25 7 0 0
0 1 97 28 0 1
0 1 30 28 0 2
0 1 126 8 0 2
0 1 123 6 1 2
0 1 115 1 0 0
0 1 129 45 0 0
0 1 46 42 0 3
0 1 43 33 1 3
0 1 19 9 0 2
0 1 71 15 1 1
0 1 69 13 0 2
0 1 79 64 1 0
0 1 60 51 0 3
0 1 2 6 0 0
0 1 125 1 0 2
0 1 111 20 0 2
0 1 120 5 0 3
0 1 42 59 1 3
0 1 15 41 0 0
0 1 80 12 1 3
0 1 68 55 0 0
0 1 70 17 0 1
0 1 109 42 1 1
0 1 56 37 0 0
0 1 14 10 0 3
0 1 17 50 0 3
0 1 112 12 1 1
0 1 40 21 1 0
0 1 53 56 1 2
0 1 26 31 0 3
0 1 82 5 0 0
0 1 8 50 1 0
0 1 34 40 1 0
0 1 110 56 0 1
0 1 51 29 1 0
0 1 92 2 1 1
0 1 27 38 1 0
0 1 125 18 1 3
0 1 17 34 1 1
0 1 29 19 0 2
0 1 108 60 0 0
0 1 102 53 1 1
0 1 44 38 1 2
0 1 119 42 0 2
0 1 44 32 0 0
0 1 33 18 0 0
0 1 27 25 0 1
0 1 35 22 0 1
0 1 22 15 0 3
0 1 2 23 1 0
0 1 23 2 0 0
0 1 127 13 0 1
0 1 98 37 1 1
0 1 70 0 1 1
0 1 95 14 0 3
0 1 122 43 1 2
0 1 46 27 1 0
0 1 53 9 0 0
0 1 117 46 1 0
0 1 11 17 0 0
0 1 57 30 1 3
0 1 85 0 1 0
0 1 121 55 1 2
0 1 64 15 0 2
0 1 122 45 0 3
0 1 83 20 0 1
0 1 118 64 1 3
0 1 34 31 0 0
0 1 55 29 0 1
0 1 111 44 1 3
0 1 45 61 0 1
0 1 38 53 1 3
0 1 13 50 1 1
0 1 24 21 0 1
0 1 29 63 1 2
0 1 129 41 1 2
0 1 15 19 1 3
0 1 8 24 0 0
0 1 93 39 0 0
0 1 81 4 0 3
0 1 89 16 1 1
0 1 37 3 0 1
0 1 68 30 1 1
0 1 106 35 0 1
0 1 37 27 1 3
0 1 54 54 0 2
0 1 101 44 0 1
0 1 77 49 0 0
0 1 33 11 1 2
0 1 82 57 1 0
0 1 85 51 0 2
0 1 100 19 0 0
0 1 76 4 0 0
0 1 108 56 1 0
0 1 103 52 0 3
0 1 58 47 0 0
0 1 41 62 0 1
0 1 43 33 0 0
