0 1 46 47 0 3
0 1 101 41 0 1
0 1 51 26 1 3
0 1 75 53 0 2
0 1 83 22 0 3
0 1 86 19 0 4
0 1 80 9 1 2
0 1 26 37 1 3
0 1 43 37 1 2
0 1 15 35 1 3
0 1 60 26 0 0
0 1 79 28 0 3
0 1 117 18 0 2
0 1 66 18 0 3
0 1 7 13 0 3
0 1 34 39 1 4
0 1 129 20 1 0
0 1 135 0 1 3
0 1 53 34 1 2
0 1 134 8 1 4
0 1 138 21 0 4
0 1 133 34 1 3
0 1 124 33 0 4
0 1 116 10 1 4
0 1 18 51 1 0
0 1 45 5 0 0
0 1 21 16 0 1
0 1 95 17 1 3
0 1 10 30 1 3
0 1 2 52 1 3
0 1 17 2 0 0
0 1 126 30 1 1
0 1 21 31 1 2
0 1 113 1 1 3
0 1 66 8 1 2
0 1 59 54 1 1
0 1 98 40 1 1
0 1 81 41 0 2
0 1 72 49 1 4
0 1 89 43 1 3
0 1 100 42 1 2
0 1 121 45 0 0
0 1 55 48 1 3
0 1 1 38 1 1
0 1 128 27 0 2
0 1 111 31 0 3
0 1 16 36 0 3
0 1 67 29 0 4
0 1 41 46 1 0
0 1 137 16 0 0
0 1 139 3 1 0
0 1 30 41 0 4
0 1 82 3 0 3
0 1 1 32 0 0
0 1 76 47 0 0
0 1 62 14 1 3
0 1 29 51 1 2
0 1 67 45 1 4
0 1 22 38 0 4
0 1 0 44 0 4
0 1 69 29 1 2
0 1 42 37 0 1
0 1 14 36 1 0
0 1 4 21 0 1
0 1 85 23 1 1
0 1 16 35 1 1
0 1 38 52 0 4
0 1 57 28 1 4
0 1 6 6 1 3
0 1 37 23 1 0
0 1 60 34 1 0
0 1 2 12 0 1
0 1 64 24 0 4
0 1 73 11 0 1
0 1 47 50 1 2
0 1 3 14 1 0
0 1 106 53 1 3
0 1 4 25 1 2
0 1 108 4 1 1
0 1 32 53 0 4
0 1 135 3 0 2
0 1 136 7 0 2
0 1 94 19 1 2
0 1 59 22 0 1
0 1 23 10 1 0
0 1 89 32 0 4
0 1 93 44 0 1
0 1 8 33 1 3
0 1 41 43 0 2
0 1 56 55 0 2
0 1 134 5 0 3
0 1 58 4 0 2
0 1 7 55 1 4
0 1 99 39 0 3
0 1 84 50 1 1
0 1 139 8 0 3
0 1 49 7 0 3
0 1 10 43 0 4
0 1 108 11 0 3
0 1 28 24 1 3
0 1 77 40 1 3
0 1 64 6 1 0
0 1 14 24 0 2
0 1 120 26 0 4
0 1 29 31 0 4
0 1 65 9 1 4
0 1 50 20 0 4
0 1 42 2 1 2
0 1 77 54 0 0
0 1 34 35 0 2
0 1 6 26 0 1
0 1 3 19 0 1
0 1 68 39 1 0
0 1 125 46 1 2
0 1 97 17 0 4
0 1 131 29 0 1
0 1 112 46 1 1
0 1 85 4 0 4
0 1 71 1 1 2
0 1 48 48 0 2
0 1 136 21 1 3
0 1 132 47 1 1
0 1 88 30 1 0
0 1 74 27 0 4
0 1 25 2 1 1
0 1 8 36 0 4
0 1 65 49 0 2
0 1 43 30 0 2
0 1 54 38 0 2
0 1 45 10 1 3
0 1 133 3 0 4
0 1 27 48 1 1
0 1 109 22 0 4
0 1 119 46 0 4
0 1 95 25 0 3
0 1 130 0 0 4
0 1 103 13 1 4
0 1 86 16 1 3
0 1 40 29 1 0
0 1 94 14 0 1
0 1 40 47 0 2
0 1 115 23 1 3
0 1 11 28 0 2
0 1 53 20 0 1
0 1 20 54 1 3
0 1 102 42 1 0
0 1 79 11 1 4
0 1 39 46 1 3
0 1 91 44 0 0
0 1 113 49 0 3
0 1 47 12 0 0
0 1 100 9 0 1
0 1 127 32 0 2
0 1 124 53 1 0
0 1 123 0 0 1
0 1 105 1 0 4
0 1 107 18 1 0
0 1 75 35 1 0
0 1 15 2 0 4
0 1 105 54 1 4
0 1 115 42 0 1
0 1 70 55 0 3
0 1 31 26 1 2
0 1 37 5 0 4
0 1 61 50 0 3
0 1 72 17 0 0
0 1 27 15 0 0
0 1 13 28 1 0
0 1 129 33 0 1
0 1 92 24 0 1
0 1 110 8 0 1
0 1 104 38 0 3
0 1 118 23 0 2
0 1 138 37 1 0
0 1 19 19 0 0
0 1 81 7 1 1
0 1 5 44 0 3
0 1 78 51 1 3
0 1 52 49 1 0
0 1 120 25 1 4
0 1 131 27 1 1
0 1 51 12 0 4
0 1 101 0 1 2
0 1 116 32 0 3
0 1 31 50 0 0
0 1 36 20 1 2
0 1 130 39 1 2
0 1 11 5 1 1
0 1 22 17 1 1
0 1 87 15 1 3
0 1 55 13 0 0
0 1 112 10 0 1
0 1 96 14 0 4
0 1 90 52 1 0
0 1 88 51 0 1
0 1 110 24 1 0
0 1 61 21 1 2
0 1 83 33 1 2
0 1 121 44 1 2
0 1 109 9 1 3
0 1 98 39 0 1
0 1 111 55 1 1
0 1 56 22 1 2
0 1 122 52 1 1
0 1 76 41 1 0
0 1 12 40 0 2
0 1 17 11 1 0
0 1 26 16 0 2
0 1 35 40 1 4
0 1 20 27 0 3
0 1 23 23 0 4
0 1 80 31 0 0
0 1 35 8 0 0
0 1 99 14 1 2
0 1 127 12 1 3
0 1 125 55 0 0
0 1 123 48 1 0
0 1 92 33 1 0
0 1 49 34 1 1
0 1 119 13 1 2
0 1 25 6 0 2
0 1 74 13 1 1
0 1 103 12 0 2
0 1 33 22 1 0
0 1 13 18 0 1
0 1 57 37 0 4
0 1 24 38 0 0
0 1 5 1 1 1
0 1 44 41 0 3
0 1 90 52 0 2
0 1 106 7 0 4
0 1 70 45 1 3
0 1 87 9 0 0
0 1 48 18 1 4
0 1 114 1 1 0
0 1 128 11 1 2
0 1 73 6 1 1
0 1 117 5 1 2
0 1 102 51 0 4
0 1 9 40 0 0
0 1 0 25 1 1
0 1 71 21 0 0
0 1 114 42 0 4
0 1 107 32 0 1
0 1 18 29 0 3
0 1 126 3 0 1
0 1 9 45 1 2
0 1 104 43 1 0
0 1 68 45 0 1
0 1 96 15 1 1
0 1 93 16 1 4
0 1 12 2 1 3
