0 1 47 24 0 3
0 1 120 30 1 0
0 1 21 18 0 3
0 1 6 18 0 2
0 1 117 46 1 3
0 1 28 30 0 4
0 1 14 9 0 4
0 1 77 14 1 0
0 1 127 2 1 0
0 1 111 9 0 2
0 1 47 10 1 2
0 1 38 44 1 1
0 1 135 26 1 1
0 1 32 13 0 0
0 1 98 34 1 4
0 1 40 50 0 4
0 1 21 28 1 1
0 1 76 0 1 3
0 1 39 52 0 0
0 1 132 38 1 3
0 1 138 13 1 2
0 1 55 2 1 2
0 1 7 33 0 4
0 1 71 17 0 3
0 1 101 51 1 1
0 1 61 6 1 2
0 1 99 26 1 0
0 1 18 35 0 2
0 1 30 41 1 3
0 1 67 47 1 4
0 1 57 54 0 1
0 1 2 55 0 0
0 1 126 46 0 2
0 1 93 25 1 4
0 1 129 12 1 4
0 1 59 27 1 3
0 1 42 8 0 4
0 1 120 55 0 4
0 1 31 19 0 1
0 1 28 6 1 1
0 1 60 49 0 1
0 1 7 17 1 2
0 1 109 25 0 1
0 1 115 39 1 0
0 1 102 12 0 1
0 1 60 23 1 1
0 1 107 4 0 2
0 1 31 26 1 2
0 1 93 37 0 2
0 1 78 42 0 0
0 1 101 32 0 2
0 1 0 31 0 4
0 1 20 29 1 3
0 1 46 26 1 4
0 1 2 44 1 2
0 1 8 51 1 4
0 1 81 45 1 3
0 1 128 0 1 4
0 1 56 40 1 3
0 1 112 43 0 3
0 1 16 0 1 2
0 1 44 54 0 0
0 1 37 25 0 2
0 1 22 51 1 0
0 1 23 37 0 3
0 1 81 26 0 3
0 1 46 55 0 1
0 1 29 13 0 3
0 1 125 11 1 4
0 1 132 31 0 0
0 1 0 20 1 2
0 1 123 19 0 3
0 1 100 21 1 0
0 1 108 53 0 2
0 1 36 8 1 1
0 1 4 38 1 2
0 1 80 7 1 3
0 1 91 42 1 1
0 1 119 4 1 4
0 1 40 15 1 0
0 1 50 33 0 1
0 1 24 48 1 0
0 1 65 21 1 3
0 1 84 47 1 3
0 1 26 3 0 4
0 1 79 10 0 3
0 1 75 38 1 4
0 1 10 1 1 2
0 1 29 5 1 1
0 1 32 35 1 1
0 1 68 27 1 4
0 1 85 30 0 3
0 1 35 16 1 2
0 1 72 43 1 1
0 1 33 49 1 3
0 1 118 11 1 1
0 1 8 3 0 0
0 1 69 53 1 4
0 1 18 15 1 1
0 1 53 22 0 2
0 1 96 37 1 4
0 1 129 34 0 3
0 1 39 48 1 1
0 1 103 4 1 3
0 1 3 17 1 0
0 1 54 52 0 4
0 1 9 40 1 2
0 1 98 39 0 2
0 1 51 24 0 4
0 1 5 19 1 4
0 1 44 23 1 4
0 1 86 14 1 2
0 1 72 48 0 3
0 1 10 34 0 1
0 1 109 16 1 4
0 1 34 14 0 1
0 1 89 3 0 1
0 1 119 28 0 4
0 1 70 34 1 0
0 1 69 11 0 3
0 1 13 15 1 2
0 1 36 52 0 3
0 1 77 46 0 0
0 1 137 12 0 0
0 1 105 29 0 4
0 1 52 37 0 1
0 1 73 16 1 0
0 1 74 23 0 3
0 1 110 20 1 1
0 1 97 9 0 0
0 1 65 42 0 3
0 1 106 28 0 0
0 1 104 53 0 3
0 1 17 31 1 1
0 1 108 46 1 1
0 1 57 41 1 0
0 1 43 37 0 0
0 1 27 32 1 0
0 1 83 47 0 1
0 1 25 41 0 4
0 1 11 36 1 4
0 1 130 33 0 2
0 1 96 45 0 0
0 1 58 44 0 0
0 1 1 47 1 0
0 1 59 17 0 1
0 1 1 11 0 2
0 1 70 39 0 3
0 1 83 54 1 3
0 1 86 44 0 3
0 1 91 6 0 4
0 1 20 3 0 3
0 1 19 5 0 3
0 1 38 55 0 2
0 1 54 15 1 4
0 1 64 29 0 1
0 1 12 45 1 1
0 1 35 7 0 4
0 1 92 1 1 3
0 1 53 11 1 0
0 1 12 50 0 0
0 1 139 24 0 1
0 1 19 12 1 2
0 1 14 32 1 4
0 1 134 35 0 0
0 1 78 16 1 3
0 1 100 27 0 0
0 1 73 38 0 0
0 1 3 28 0 2
0 1 62 38 1 1
0 1 95 24 1 0
0 1 88 43 0 2
0 1 84 48 0 4
0 1 80 21 0 2
0 1 41 33 0 0
0 1 30 6 0 3
0 1 66 20 1 3
0 1 17 49 0 2
0 1 37 45 1 2
0 1 113 51 1 2
0 1 74 30 1 2
0 1 85 52 1 1
0 1 67 40 0 1
0 1 64 12 1 3
0 1 4 22 0 0
0 1 134 17 1 4
0 1 27 16 0 1
0 1 111 52 1 2
0 1 94 40 0 4
0 1 104 25 1 0
0 1 112 36 1 1
0 1 89 50 1 1
0 1 34 48 1 2
0 1 58 10 1 0
0 1 82 2 0 1
0 1 90 53 0 1
0 1 48 0 1 1
0 1 115 1 0 0
0 1 88 36 1 3
0 1 90 46 1 4
0 1 45 9 0 1
0 1 107 21 1 4
0 1 76 54 0 4
0 1 116 20 1 4
0 1 61 15 0 3
0 1 133 45 0 4
0 1 23 24 1 2
0 1 66 9 0 3
0 1 116 6 0 0
0 1 48 41 0 1
0 1 136 50 1 2
0 1 121 36 0 0
0 1 137 23 1 0
0 1 45 19 1 2
0 1 49 5 1 0
0 1 11 30 0 1
0 1 122 49 0 0
0 1 49 29 0 0
0 1 97 14 1 4
0 1 25 44 1 4
0 1 110 20 0 0
0 1 87 18 1 4
0 1 16 40 0 0
0 1 41 7 1 2
0 1 50 1 1 1
0 1 114 31 0 2
0 1 114 43 1 0
0 1 42 42 1 4
0 1 103 10 0 4
0 1 71 29 1 2
0 1 106 50 1 3
0 1 82 42 1 2
0 1 6 5 1 2
0 1 127 14 0 3
0 1 63 0 1 0
0 1 122 1 1 4
0 1 5 35 0 3
0 1 13 25 0 3
0 1 87 43 0 4
0 1 131 4 0 0
0 1 126 8 1 2
0 1 9 53 0 0
0 1 22 18 0 0
0 1 51 22 1 4
0 1 92 47 0 2
0 1 118 33 0 3
0 1 135 8 0 3
0 1 56 32 0 1
0 1 62 13 0 4
0 1 79 22 1 3
0 1 68 13 0 1
0 1 52 18 1 1
