0 1 5 32 0 4
0 1 35 34 0 1
0 1 71 26 0 1
0 1 131 38 0 1
0 1 39 28 0 3
0 1 52 46 0 0
0 1 26 49 0 1
0 1 90 16 1 0
0 1 74 5 1 1
0 1 24 2 1 1
0 1 7 22 0 2
0 1 11 27 1 4
0 1 68 52 1 0
0 1 84 18 0 0
0 1 92 50 0 2
0 1 95 5 0 2
0 1 33 21 0 1
0 1 134 52 0 3
0 1 109 37 1 2
0 1 20 33 1 3
0 1 28 43 1 4
0 1 128 29 1 0
0 1 139 53 1 0
0 1 2 32 0 3
0 1 122 16 0 3
0 1 62 37 0 4
0 1 133 44 0 2
0 1 112 5 1 3
0 1 34 39 0 4
0 1 66 10 1 4
0 1 27 8 0 0
0 1 18 49 1 3
0 1 106 28 1 0
0 1 96 9 0 2
0 1 124 17 0 1
0 1 15 42 1 2
0 1 15 4 0 1
0 1 74 22 0 4
0 1 97 55 0 2
0 1 100 13 1 2
0 1 10 44 1 1
0 1 89 26 1 0
0 1 76 13 0 4
0 1 107 36 0 0
0 1 25 41 1 0
0 1 88 39 0 1
0 1 31 54 0 3
0 1 80 25 1 0
0 1 59 38 0 3
0 1 6 3 1 2
0 1 2 46 1 3
0 1 81 43 1 2
0 1 58 33 0 0
0 1 126 0 0 4
0 1 92 46 1 4
0 1 118 13 0 3
0 1 82 23 0 0
0 1 36 32 1 1
0 1 73 21 1 3
0 1 40 29 1 2
0 1 44 52 0 4
0 1 87 8 0 1
0 1 32 12 0 1
0 1 91 19 0 1
0 1 132 47 0 0
0 1 75 26 0 2
0 1 114 1 1 3
0 1 101 15 1 4
0 1 131 11 1 0
0 1 107 6 1 4
0 1 82 45 1 3
0 1 83 14 1 1
0 1 110 23 0 2
0 1 93 2 1 2
0 1 49 55 1 0
0 1 125 14 1 0
0 1 137 41 0 1
0 1 57 55 1 4
0 1 115 35 1 1
0 1 62 50 1 0
0 1 57 45 0 1
0 1 78 9 1 4
0 1 13 39 0 3
0 1 119 18 1 2
0 1 77 45 0 2
0 1 76 0 1 3
0 1 97 12 1 4
0 1 72 14 1 3
0 1 64 45 1 0
0 1 65 4 1 2
0 1 113 24 1 0
0 1 87 18 1 1
0 1 0 25 0 2
0 1 56 21 1 2
0 1 11 53 0 1
0 1 61 19 1 3
0 1 84 39 1 2
0 1 95 6 1 3
0 1 53 27 0 2
0 1 50 48 0 2
0 1 114 50 0 1
0 1 59 17 1 4
0 1 17 10 1 0
0 1 49 1 0 4
0 1 104 46 1 1
0 1 19 50 0 3
0 1 18 7 0 0
0 1 129 7 1 3
0 1 79 12 0 3
0 1 35 40 1 3
0 1 135 40 0 4
0 1 133 42 1 0
0 1 75 9 1 3
0 1 64 1 0 1
0 1 135 19 1 2
0 1 36 30 0 2
0 1 110 16 1 1
0 1 51 30 1 4
0 1 130 47 0 4
0 1 34 38 1 2
0 1 138 31 0 2
0 1 14 34 0 2
0 1 37 52 1 1
0 1 31 33 1 2
0 1 102 48 0 3
0 1 136 24 1 2
0 1 102 36 1 4
0 1 45 31 0 1
0 1 99 41 1 4
0 1 4 15 1 0
0 1 54 42 0 4
0 1 52 51 1 4
0 1 103 54 1 0
0 1 8 37 0 3
0 1 21 53 0 4
0 1 9 36 0 3
0 1 117 24 0 1
0 1 39 0 1 1
0 1 60 35 0 4
0 1 9 9 1 1
0 1 60 5 1 0
0 1 19 28 1 4
0 1 32 51 1 2
0 1 1 16 1 2
0 1 29 29 0 4
0 1 111 51 0 0
0 1 38 10 0 3
0 1 63 44 1 3
0 1 103 25 0 3
0 1 58 15 1 1
0 1 23 30 0 0
0 1 27 1 1 2
0 1 96 17 1 2
0 1 7 44 1 4
0 1 21 23 1 3
0 1 128 11 0 3
0 1 56 4 0 4
0 1 127 31 1 4
0 1 46 12 0 0
0 1 3 43 0 0
0 1 124 11 1 1
0 1 47 24 1 4
0 1 100 8 0 2
0 1 122 36 1 1
0 1 20 31 0 3
0 1 40 8 0 4
0 1 70 7 0 2
0 1 88 47 1 2
0 1 86 18 0 3
0 1 47 42 0 3
0 1 41 0 0 2
0 1 89 53 0 3
0 1 68 22 0 1
0 1 50 34 1 3
0 1 48 43 1 3
0 1 55 34 0 0
0 1 98 8 0 3
0 1 48 30 0 3
0 1 111 2 1 3
0 1 10 45 0 4
0 1 24 2 0 4
0 1 85 3 0 1
0 1 45 28 1 2
0 1 108 52 1 2
0 1 118 38 1 4
0 1 120 55 1 3
0 1 125 25 0 1
0 1 37 5 0 4
0 1 12 26 0 4
0 1 78 14 0 4
0 1 43 46 1 2
0 1 121 0 1 0
0 1 80 10 0 1
0 1 54 2 1 0
0 1 63 54 0 4
0 1 126 51 1 3
0 1 61 40 0 1
0 1 66 22 0 0
0 1 46 41 1 2
0 1 17 15 0 3
0 1 5 22 1 3
0 1 94 6 1 2
0 1 12 11 1 2
0 1 72 11 0 4
0 1 44 17 1 0
0 1 79 37 1 1
0 1 81 20 0 0
0 1 30 27 1 1
0 1 108 29 0 1
0 1 23 35 1 2
0 1 26 51 1 1
0 1 55 48 1 1
0 1 94 10 0 2
0 1 6 3 0 4
0 1 25 3 0 0
0 1 70 14 1 2
0 1 123 3 1 3
0 1 116 19 1 0
0 1 51 38 0 0
0 1 90 23 0 1
0 1 71 7 1 1
0 1 8 48 1 0
0 1 132 28 1 1
0 1 22 31 0 0
0 1 13 41 1 3
0 1 138 35 1 3
0 1 38 40 1 0
0 1 123 6 0 0
0 1 0 39 1 0
0 1 16 43 1 1
0 1 16 50 0 4
0 1 137 49 1 2
0 1 85 21 1 4
0 1 101 9 0 0
0 1 105 34 0 4
0 1 98 1 1 0
0 1 129 16 0 4
0 1 67 33 0 4
0 1 14 54 1 2
0 1 139 20 0 3
0 1 104 24 0 3
0 1 130 25 1 4
0 1 65 42 0 1
0 1 42 17 1 3
0 1 67 27 1 0
0 1 41 20 1 1
0 1 121 44 0 0
0 1 134 7 1 4
0 1 109 20 0 2
0 1 93 13 0 0
0 1 105 18 1 4
0 1 4 13 0 1
