0 1 115 45 0 4
0 1 52 8 0 2
0 1 52 46 1 4
0 1 117 4 0 0
0 1 118 34 0 4
0 1 60 41 1 2
0 1 61 34 0 1
0 1 107 43 0 4
0 1 45 16 1 0
0 1 77 37 0 2
0 1 40 1 1 3
0 1 43 40 0 2
0 1 69 44 1 3
0 1 84 31 1 3
0 1 97 5 0 0
0 1 46 33 1 4
0 1 123 55 0 3
0 1 22 14 1 0
0 1 69 37 0 1
0 1 29 4 1 3
0 1 79 6 0 2
0 1 80 12 0 0
0 1 2 26 0 4
0 1 63 31 0 0
0 1 81 49 0 0
0 1 83 15 1 4
0 1 28 28 1 2
0 1 41 3 1 4
0 1 5 46 1 0
0 1 35 53 0 4
0 1 67 41 1 1
0 1 135 11 0 4
0 1 51 20 1 0
0 1 28 33 0 2
0 1 129 32 0 4
0 1 64 2 1 4
0 1 51 9 0 2
0 1 46 37 0 0
0 1 70 45 1 2
0 1 126 44 0 0
0 1 16 49 1 1
0 1 96 8 0 1
0 1 4 12 0 1
0 1 108 51 1 0
0 1 121 9 1 4
0 1 37 19 0 4
0 1 15 52 0 3
0 1 63 20 1 2
0 1 43 1 1 0
0 1 39 48 0 3
0 1 49 27 0 3
0 1 124 34 0 3
0 1 122 38 1 3
0 1 83 29 0 4
0 1 10 25 1 1
0 1 106 36 0 4
0 1 4 6 1 4
0 1 35 50 1 1
0 1 23 30 0 2
0 1 38 50 0 3
0 1 123 19 1 0
0 1 86 13 0 4
0 1 90 22 1 2
0 1 78 42 1 4
0 1 27 15 0 0
0 1 7 22 0 4
0 1 32 54 1 4
0 1 103 0 1 1
0 1 57 42 1 2
0 1 33 7 0 0
0 1 50 17 1 1
0 1 36 47 0 4
0 1 71 10 1 1
0 1 120 16 1 3
0 1 116 53 0 0
0 1 106 32 1 1
0 1 102 12 0 3
0 1 88 2 0 3
0 1 23 36 1 1
0 1 112 3 0 0
0 1 44 40 0 0
0 1 30 24 0 0
0 1 129 44 1 2
0 1 24 40 0 3
0 1 39 8 1 0
0 1 130 31 0 1
0 1 22 52 0 4
0 1 105 20 1 4
0 1 82 51 0 3
0 1 75 39 1 0
0 1 76 29 0 1
0 1 110 27 1 4
0 1 130 3 1 1
0 1 110 18 0 1
0 1 21 43 0 2
0 1 17 30 0 0
0 1 21 23 1 0
0 1 73 52 0 0
0 1 68 48 0 4
0 1 86 13 1 0
0 1 74 23 0 4
0 1 99 50 0 0
0 1 64 50 0 4
0 1 73 1 1 2
0 1 120 0 0 2
0 1 16 54 0 0
0 1 80 14 1 3
0 1 47 48 0 2
0 1 136 55 0 4
0 1 94 36 1 0
0 1 135 38 1 1
0 1 10 21 0 1
0 1 87 26 1 0
0 1 87 49 0 3
0 1 68 44 1 1
0 1 137 15 1 3
0 1 132 11 0 3
0 1 113 18 0 4
0 1 125 43 1 1
0 1 12 5 1 3
0 1 93 29 0 2
0 1 97 55 1 2
0 1 13 18 1 0
0 1 0 21 1 4
0 1 31 42 1 0
0 1 5 7 0 2
0 1 88 10 1 2
0 1 3 25 0 3
0 1 42 17 1 3
0 1 119 35 0 3
0 1 2 3 1 3
0 1 44 24 1 1
0 1 36 29 1 3
0 1 104 54 1 3
0 1 9 52 1 2
0 1 82 35 1 2
0 1 60 51 0 4
0 1 93 32 1 3
0 1 131 16 1 2
0 1 7 39 1 2
0 1 77 25 1 2
0 1 74 18 1 3
0 1 8 4 1 4
0 1 113 8 1 4
0 1 119 29 1 0
0 1 102 6 1 1
0 1 105 28 0 0
0 1 26 23 0 2
0 1 66 34 1 2
0 1 61 15 1 1
0 1 127 41 1 4
0 1 17 43 1 0
0 1 139 48 1 0
0 1 72 24 1 2
0 1 49 23 1 3
0 1 91 14 1 2
0 1 76 9 1 0
0 1 72 24 0 3
0 1 45 28 0 1
0 1 25 2 1 2
0 1 114 22 1 1
0 1 121 28 0 3
0 1 114 13 0 3
0 1 47 6 1 0
0 1 19 46 1 2
0 1 111 27 0 1
0 1 9 17 0 4
0 1 59 46 1 1
0 1 37 33 1 1
0 1 95 34 0 0
0 1 81 0 1 0
0 1 70 49 0 2
0 1 128 35 1 1
0 1 134 54 0 2
0 1 138 36 0 3
0 1 8 26 0 1
0 1 100 17 1 0
0 1 118 25 1 4
0 1 89 11 0 1
0 1 104 53 0 3
0 1 11 55 0 1
0 1 128 26 0 2
0 1 53 38 1 4
0 1 55 47 1 3
0 1 14 11 0 2
0 1 34 36 0 2
0 1 1 51 1 2
0 1 1 10 0 0
0 1 15 2 1 1
0 1 117 9 1 1
0 1 24 55 1 0
0 1 139 10 0 3
0 1 26 19 1 1
0 1 125 5 0 2
0 1 6 2 1 0
0 1 103 22 0 3
0 1 58 31 1 4
0 1 116 8 1 3
0 1 40 33 0 0
0 1 101 35 1 0
0 1 98 21 1 2
0 1 62 53 0 1
0 1 30 54 1 1
0 1 92 47 1 1
0 1 42 24 0 4
0 1 109 5 1 1
0 1 53 16 0 4
0 1 66 27 0 2
0 1 56 32 1 2
0 1 29 52 0 1
0 1 101 40 0 4
0 1 115 37 1 3
0 1 112 32 1 0
0 1 85 21 1 0
0 1 109 13 0 2
0 1 75 27 0 0
0 1 134 41 1 3
0 1 95 39 1 3
0 1 33 10 1 4
0 1 18 7 1 4
0 1 137 0 0 3
0 1 32 42 0 3
0 1 71 30 0 3
0 1 41 20 0 3
0 1 65 15 0 2
0 1 55 17 0 2
0 1 90 19 0 2
0 1 99 22 1 0
0 1 100 20 0 1
0 1 0 25 0 0
0 1 133 16 0 1
0 1 84 43 0 3
0 1 62 38 1 0
0 1 31 12 0 2
0 1 133 6 1 3
0 1 18 14 0 1
0 1 50 47 0 0
0 1 34 19 1 3
0 1 92 9 0 3
0 1 20 7 0 3
0 1 12 45 0 1
0 1 108 40 0 1
0 1 25 18 0 2
0 1 122 39 0 4
0 1 111 30 1 4
0 1 138 45 1 0
0 1 3 7 1 1
0 1 127 21 0 3
0 1 131 4 0 1
0 1 58 11 0 0
0 1 96 4 1 2
0 1 20 46 1 3
