0 1 73 53 0 2
0 1 65 23 1 1
0 1 61 30 1 0
0 1 26 50 1 3
0 1 57 15 1 1
0 1 7 52 1 0
0 1 12 16 0 4
0 1 36 25 1 3
0 1 9 3 1 1
0 1 50 37 1 3
0 1 111 5 1 3
0 1 76 2 0 0
0 1 110 36 1 4
0 1 104 27 0 4
0 1 54 19 1 2
0 1 94 6 0 2
0 1 82 37 1 1
0 1 24 29 1 0
0 1 3 0 0 4
0 1 78 4 1 2
0 1 14 51 0 2
0 1 25 33 1 3
0 1 74 28 1 3
0 1 135 44 1 2
0 1 40 27 0 1
0 1 21 9 1 1
0 1 83 49 0 4
0 1 46 5 0 4
0 1 139 42 0 2
0 1 108 7 1 3
0 1 10 21 0 1
0 1 30 3 1 2
0 1 56 15 0 2
0 1 19 52 1 2
0 1 115 55 0 1
0 1 67 40 0 1
0 1 105 45 1 2
0 1 13 24 0 2
0 1 77 34 0 4
0 1 71 11 0 4
0 1 54 33 0 0
0 1 31 45 1 4
0 1 6 26 1 1
0 1 14 41 1 4
0 1 99 5 1 2
0 1 91 43 1 3
0 1 84 47 1 0
0 1 8 25 0 4
0 1 71 39 1 3
0 1 81 18 1 0
0 1 4 46 1 1
0 1 38 1 0 3
0 1 117 49 1 1
0 1 102 38 1 3
0 1 103 17 1 2
0 1 138 31 0 2
0 1 23 2 0 3
0 1 33 50 0 4
0 1 53 9 1 0
0 1 102 0 0 2
0 1 106 11 1 2
0 1 98 27 0 0
0 1 40 8 1 1
0 1 108 19 0 0
0 1 133 17 0 1
0 1 15 28 0 2
0 1 125 35 0 1
0 1 124 12 0 1
0 1 85 4 1 3
0 1 117 21 0 0
0 1 75 14 0 3
0 1 86 12 1 4
0 1 35 12 0 0
0 1 82 46 0 3
0 1 58 20 0 1
0 1 76 5 1 0
0 1 1 44 0 3
0 1 66 35 0 2
0 1 66 54 1 0
0 1 32 32 1 4
0 1 0 35 1 0
0 1 75 42 1 0
0 1 69 7 1 1
0 1 93 55 0 3
0 1 123 5 0 1
0 1 59 10 0 3
0 1 34 45 0 3
0 1 124 18 1 2
0 1 136 36 1 0
0 1 20 32 0 1
0 1 33 33 1 2
0 1 130 1 1 4
0 1 45 18 1 1
0 1 97 48 1 0
0 1 19 42 0 3
0 1 87 8 0 2
0 1 137 38 0 2
0 1 114 42 1 1
0 1 118 40 1 0
0 1 72 24 0 0
0 1 126 29 1 2
0 1 28 26 1 3
0 1 34 45 1 1
0 1 64 28 1 0
0 1 104 53 1 4
0 1 18 39 1 1
0 1 114 14 0 1
0 1 45 13 0 1
0 1 79 1 0 0
0 1 64 15 0 3
0 1 44 47 0 4
0 1 58 22 1 3
0 1 26 6 0 4
0 1 137 11 1 0
0 1 116 29 1 4
0 1 90 40 1 4
0 1 107 49 0 3
0 1 23 22 1 0
0 1 122 26 0 4
0 1 80 38 1 4
0 1 70 17 1 3
0 1 65 3 0 0
0 1 105 7 0 4
0 1 121 48 0 4
0 1 0 53 0 1
0 1 113 20 0 0
0 1 11 31 0 3
0 1 68 0 1 1
0 1 41 41 0 0
0 1 118 43 0 2
0 1 49 46 0 2
0 1 133 8 1 0
0 1 87 13 1 3
0 1 37 6 0 0
0 1 38 17 1 4
0 1 127 27 1 3
0 1 52 37 0 2
0 1 63 48 1 2
0 1 99 34 0 3
0 1 119 47 1 3
0 1 53 50 0 1
0 1 22 45 1 0
0 1 51 38 0 1
0 1 134 51 0 0
0 1 132 36 0 1
0 1 59 49 1 2
0 1 131 4 1 1
0 1 68 41 0 1
0 1 138 24 1 4
0 1 69 8 0 3
0 1 21 30 0 3
0 1 27 36 0 2
0 1 73 34 1 2
0 1 62 14 1 0
0 1 89 35 0 3
0 1 56 55 1 4
0 1 116 43 0 1
0 1 48 51 1 1
0 1 92 1 1 2
0 1 70 4 0 0
0 1 129 7 0 0
0 1 101 47 0 2
0 1 39 55 1 0
0 1 81 47 0 1
0 1 115 9 1 3
0 1 119 25 0 1
0 1 84 44 0 4
0 1 50 22 0 4
0 1 47 13 1 4
0 1 3 37 1 4
0 1 60 23 1 4
0 1 52 11 1 3
0 1 20 54 1 3
0 1 89 34 1 0
0 1 7 31 0 1
0 1 78 10 0 4
0 1 41 13 1 2
0 1 16 12 0 3
0 1 88 32 0 3
0 1 100 18 0 3
0 1 96 6 0 1
0 1 120 18 0 4
0 1 2 21 1 2
0 1 28 20 0 3
0 1 92 46 0 4
0 1 85 48 0 3
0 1 10 50 1 2
0 1 36 51 0 3
0 1 113 32 1 0
0 1 121 21 1 4
0 1 4 0 0 0
0 1 136 24 0 3
0 1 123 11 1 1
0 1 95 54 0 1
0 1 6 53 0 0
0 1 12 29 1 1
0 1 86 2 0 2
0 1 96 52 1 3
0 1 37 52 1 4
0 1 112 10 0 2
0 1 29 16 1 0
0 1 122 3 1 4
0 1 55 55 1 2
0 1 51 36 1 3
0 1 16 14 1 2
0 1 135 42 0 4
0 1 57 10 0 1
0 1 91 39 0 0
0 1 42 7 1 2
0 1 100 54 1 4
0 1 17 9 0 4
0 1 22 44 0 0
0 1 109 25 0 0
0 1 120 19 1 1
0 1 126 22 0 1
0 1 47 32 0 2
0 1 74 15 0 4
0 1 112 33 1 4
0 1 90 30 0 4
0 1 5 23 1 2
0 1 1 30 1 1
0 1 8 54 1 2
0 1 93 28 1 4
0 1 39 10 0 0
0 1 110 31 0 0
0 1 103 2 0 1
0 1 109 16 1 1
0 1 128 29 1 3
0 1 48 2 0 4
0 1 107 3 1 3
0 1 111 40 0 2
0 1 134 40 1 3
0 1 61 26 0 2
0 1 72 23 1 0
0 1 127 20 0 4
0 1 43 31 1 4
0 1 25 28 0 1
0 1 31 43 0 4
0 1 125 22 1 2
0 1 17 50 1 0
0 1 13 38 1 0
0 1 42 48 0 1
0 1 35 41 1 3
0 1 9 44 0 1
0 1 49 34 1 1
0 1 67 12 1 2
0 1 77 16 1 2
0 1 44 15 1 0
0 1 30 39 0 4
0 1 139 35 1 4
0 1 131 52 0 1
0 1 27 19 1 4
