0 1 6 43 1 2
0 1 77 10 1 1
0 1 27 4 0 0
0 1 29 12 1 4
0 1 130 1 0 2
0 1 138 35 0 2
0 1 22 26 0 3
0 1 120 46 1 4
0 1 128 30 1 4
0 1 90 7 1 0
0 1 91 16 1 1
0 1 65 29 1 0
0 1 97 41 0 0
0 1 63 53 1 4
0 1 127 36 1 0
0 1 111 2 0 4
0 1 122 10 1 4
0 1 49 55 0 2
0 1 67 4 1 1
0 1 85 25 0 3
0 1 97 9 1 4
0 1 89 31 1 2
0 1 117 5 0 3
0 1 1 8 1 4
0 1 129 13 1 0
0 1 85 31 1 0
0 1 41 32 0 4
0 1 71 40 0 4
0 1 95 28 0 0
0 1 129 0 0 4
0 1 48 4 1 3
0 1 20 11 0 3
0 1 96 48 1 2
0 1 66 24 0 1
0 1 102 44 1 2
0 1 40 14 0 1
0 1 17 36 1 2
0 1 93 37 1 4
0 1 113 13 1 2
0 1 7 35 1 0
0 1 107 52 1 0
0 1 70 3 1 2
0 1 81 37 1 0
0 1 59 29 1 3
0 1 33 27 1 1
0 1 26 7 1 2
0 1 78 6 0 3
0 1 23 33 0 2
0 1 23 13 1 4
0 1 21 45 0 0
0 1 66 7 1 3
0 1 20 37 1 1
0 1 49 24 1 4
0 1 32 34 0 0
0 1 89 42 0 0
0 1 114 34 0 4
0 1 64 40 0 0
0 1 5 22 1 1
0 1 121 40 0 2
0 1 105 20 1 0
0 1 73 16 1 3
0 1 126 1 1 4
0 1 80 39 0 2
0 1 46 14 1 3
0 1 37 37 0 3
0 1 39 21 0 4
0 1 75 12 0 1
0 1 92 28 1 4
0 1 34 47 1 2
0 1 14 49 0 4
0 1 47 4 0 2
0 1 133 17 1 0
0 1 21 0 1 1
0 1 136 13 0 3
0 1 92 41 0 1
0 1 59 39 0 0
0 1 91 51 0 3
0 1 43 25 0 0
0 1 54 32 1 0
0 1 56 23 1 3
0 1 98 2 0 0
0 1 135 53 1 0
0 1 54 18 0 4
0 1 82 20 0 2
0 1 71 43 1 1
0 1 127 8 0 1
0 1 1 17 0 4
0 1 93 5 0 0
0 1 108 1 0 1
0 1 88 32 0 3
0 1 45 1 1 0
0 1 15 19 0 3
0 1 99 44 0 3
0 1 26 42 0 3
0 1 58 50 1 2
0 1 60 18 1 3
0 1 90 18 0 2
0 1 55 6 1 4
0 1 82 34 1 3
0 1 116 22 1 4
0 1 69 51 1 0
0 1 51 51 0 2
0 1 5 12 0 3
0 1 3 0 1 2
0 1 106 46 1 3
0 1 120 51 0 1
0 1 53 12 0 0
0 1 78 17 1 3
0 1 60 52 0 3
0 1 11 49 1 2
0 1 128 19 0 0
0 1 40 23 1 0
0 1 131 15 1 2
0 1 134 44 1 1
0 1 17 23 0 4
0 1 27 48 1 0
0 1 57 42 1 1
0 1 132 47 0 4
0 1 38 22 0 2
0 1 52 35 1 1
0 1 35 43 1 3
0 1 124 22 0 0
0 1 104 11 0 2
0 1 100 24 1 3
0 1 68 55 0 0
0 1 111 50 1 4
0 1 39 27 1 2
0 1 44 21 0 2
0 1 103 46 1 0
0 1 48 26 0 4
0 1 36 15 1 0
0 1 36 52 0 1
0 1 131 47 0 0
0 1 31 5 0 4
0 1 24 54 0 2
0 1 114 27 1 4
0 1 88 3 1 1
0 1 70 17 0 1
0 1 103 8 0 0
0 1 94 41 1 3
0 1 15 14 1 0
0 1 12 0 1 0
0 1 112 39 1 3
0 1 132 28 1 3
0 1 32 2 1 2
0 1 87 9 0 3
0 1 69 45 0 3
0 1 124 39 1 4
0 1 42 50 1 3
0 1 0 42 0 4
0 1 62 33 1 0
0 1 30 16 0 2
0 1 2 38 1 0
0 1 133 52 0 4
0 1 137 6 1 1
0 1 28 33 1 4
0 1 43 30 1 3
0 1 9 38 0 4
0 1 108 45 1 4
0 1 50 29 1 4
0 1 130 48 1 1
0 1 68 15 1 4
0 1 31 44 1 0
0 1 125 25 1 2
0 1 73 28 0 2
0 1 61 26 0 1
0 1 83 31 0 3
0 1 8 18 0 1
0 1 29 11 0 4
0 1 11 8 0 2
0 1 16 23 0 2
0 1 13 41 1 2
0 1 76 7 0 4
0 1 34 15 0 1
0 1 46 19 0 4
0 1 101 35 0 4
0 1 135 54 0 3
0 1 118 14 1 2
0 1 79 3 1 3
0 1 64 16 1 4
0 1 139 34 1 1
0 1 6 23 0 1
0 1 104 5 1 2
0 1 80 10 1 2
0 1 136 9 1 1
0 1 19 29 0 2
0 1 105 55 0 3
0 1 115 2 0 3
0 1 19 30 1 2
0 1 14 36 1 4
0 1 83 36 1 1
0 1 86 19 0 2
0 1 126 21 0 1
0 1 72 38 1 1
0 1 25 55 0 1
0 1 42 26 0 2
0 1 75 48 1 3
0 1 76 6 1 2
0 1 41 10 1 3
0 1 118 31 0 1
0 1 98 3 1 4
0 1 72 40 0 1
0 1 102 3 0 0
0 1 119 38 1 2
0 1 8 12 1 2
0 1 53 46 1 1
0 1 4 47 1 1
0 1 63 9 0 2
0 1 18 51 0 4
0 1 125 45 0 2
0 1 55 14 0 4
0 1 2 52 0 2
0 1 22 18 1 0
0 1 13 34 0 2
0 1 10 26 0 0
0 1 9 37 1 2
0 1 110 49 1 0
0 1 121 48 1 4
0 1 77 5 0 1
0 1 119 20 0 4
0 1 51 16 1 0
0 1 7 25 0 4
0 1 94 11 0 1
0 1 117 30 1 0
0 1 18 49 1 1
0 1 16 9 1 0
0 1 4 45 0 1
0 1 74 36 1 3
0 1 112 8 0 3
0 1 35 21 0 3
0 1 84 32 0 1
0 1 106 0 0 3
0 1 137 39 0 1
0 1 99 4 1 4
0 1 113 50 0 0
0 1 38 28 1 1
0 1 67 20 0 1
0 1 50 11 0 0
0 1 139 54 0 4
0 1 79 10 0 0
0 1 109 46 1 2
0 1 47 1 1 3
0 1 44 43 1 0
0 1 100 49 0 3
0 1 134 53 0 1
0 1 109 24 0 0
0 1 28 21 0 0
0 1 95 35 1 3
0 1 81 22 0 3
0 1 0 53 1 3
0 1 58 50 0 1
0 1 110 32 0 2
