0 1 15 52 1 4
0 1 118 14 0 2
0 1 22 19 0 2
0 1 131 4 1 2
0 1 76 16 0 2
0 1 100 6 1 2
0 1 119 11 0 1
0 1 127 26 1 0
0 1 11 16 1 0
0 1 97 28 1 4
0 1 103 21 1 1
0 1 115 33 0 2
0 1 45 50 1 3
0 1 66 7 0 3
0 1 2 18 0 4
0 1 28 23 0 3
0 1 105 44 0 0
0 1 1 37 1 1
0 1 26 38 0 2
0 1 34 10 0 2
0 1 41 39 0 1
0 1 96 19 0 0
0 1 56 49 0 2
0 1 116 43 0 4
0 1 99 3 1 3
0 1 70 11 0 3
0 1 84 17 1 1
0 1 34 35 1 4
0 1 47 2 0 2
0 1 123 42 1 4
0 1 115 24 1 0
0 1 40 32 1 1
0 1 51 30 0 3
0 1 104 52 1 0
0 1 50 43 1 2
0 1 86 10 0 1
0 1 120 25 1 4
0 1 55 36 1 1
0 1 68 53 0 1
0 1 93 21 0 0
0 1 13 42 1 3
0 1 28 23 1 4
0 1 130 20 0 0
0 1 83 41 1 4
0 1 112 25 0 0
0 1 133 32 0 0
0 1 5 13 0 2
0 1 69 48 0 3
0 1 49 15 1 0
0 1 33 49 0 0
0 1 87 5 1 0
0 1 126 45 1 1
0 1 85 27 0 1
0 1 6 40 0 0
0 1 125 35 0 1
0 1 0 55 0 2
0 1 21 42 1 2
0 1 77 8 1 1
0 1 94 12 0 2
0 1 120 34 0 0
0 1 102 18 1 3
0 1 88 7 0 4
0 1 59 8 0 3
0 1 24 44 0 1
0 1 109 31 1 0
0 1 84 5 0 1
0 1 50 9 0 2
0 1 92 54 0 2
0 1 57 0 1 3
0 1 135 13 1 3
0 1 0 12 1 3
0 1 124 1 1 4
0 1 54 3 1 2
0 1 113 55 1 3
0 1 73 16 0 4
0 1 104 46 0 4
0 1 9 24 1 1
0 1 17 2 1 1
0 1 27 20 1 4
0 1 32 4 0 4
0 1 82 14 1 0
0 1 72 17 0 0
0 1 30 10 1 3
0 1 35 9 0 3
0 1 65 34 0 3
0 1 29 37 1 2
0 1 7 10 0 0
0 1 8 6 0 3
0 1 94 1 1 0
0 1 136 12 0 1
0 1 75 38 1 3
0 1 74 14 1 1
0 1 14 41 1 1
0 1 95 50 0 0
0 1 64 32 1 4
0 1 41 27 1 3
0 1 76 15 1 4
0 1 114 24 1 3
0 1 63 23 1 2
0 1 111 21 1 4
0 1 21 38 0 0
0 1 48 22 1 1
0 1 131 46 0 1
0 1 22 29 1 2
0 1 43 26 0 4
0 1 71 45 1 3
0 1 23 40 1 3
0 1 26 49 1 1
0 1 128 20 1 2
0 1 107 39 1 3
0 1 61 34 1 2
0 1 14 29 0 0
0 1 128 28 0 0
0 1 91 43 1 1
0 1 6 48 1 0
0 1 72 27 1 0
0 1 12 23 0 0
0 1 57 30 0 2
0 1 29 11 0 4
0 1 75 2 0 3
0 1 46 41 1 2
0 1 93 5 1 4
0 1 135 39 0 0
0 1 71 1 0 2
0 1 108 31 1 2
0 1 110 36 0 4
0 1 112 32 1 2
0 1 53 6 0 1
0 1 20 19 1 1
0 1 98 55 0 0
0 1 52 35 0 0
0 1 97 47 0 1
0 1 86 1 1 3
0 1 18 30 1 4
0 1 47 22 1 4
0 1 101 15 1 1
0 1 2 48 1 2
0 1 107 44 0 2
0 1 117 20 1 1
0 1 8 43 1 3
0 1 25 28 0 3
0 1 19 5 1 2
0 1 117 52 0 2
0 1 79 12 1 4
0 1 106 13 0 0
0 1 11 51 0 4
0 1 1 54 0 4
0 1 87 9 0 0
0 1 59 29 1 4
0 1 46 19 0 3
0 1 39 53 0 4
0 1 15 0 0 2
0 1 33 17 1 2
0 1 53 0 1 4
0 1 17 26 0 2
0 1 63 22 0 2
0 1 58 2 1 4
0 1 61 7 0 0
0 1 36 40 1 2
0 1 48 33 0 3
0 1 139 28 0 2
0 1 80 4 0 1
0 1 100 21 0 2
0 1 19 18 0 2
0 1 58 36 0 3
0 1 38 51 1 0
0 1 42 44 1 3
0 1 67 42 0 0
0 1 136 54 1 0
0 1 10 26 0 3
0 1 24 16 1 3
0 1 3 47 1 4
0 1 10 35 1 2
0 1 39 55 1 1
0 1 67 50 1 2
0 1 126 9 0 4
0 1 138 33 0 4
0 1 78 41 1 3
0 1 36 47 0 3
0 1 30 22 0 3
0 1 81 33 0 0
0 1 32 7 1 2
0 1 121 18 0 1
0 1 118 51 1 2
0 1 119 49 1 4
0 1 13 31 0 1
0 1 110 53 1 2
0 1 78 29 0 3
0 1 9 28 0 1
0 1 91 13 0 1
0 1 123 17 0 4
0 1 5 17 1 3
0 1 4 6 0 4
0 1 101 40 0 1
0 1 38 41 0 0
0 1 80 38 1 1
0 1 20 51 0 1
0 1 62 8 1 0
0 1 129 55 1 4
0 1 44 30 1 1
0 1 122 6 1 0
0 1 35 25 1 2
0 1 113 25 0 3
0 1 25 27 1 2
0 1 89 52 0 1
0 1 18 39 0 4
0 1 137 42 1 1
0 1 121 34 1 1
0 1 27 36 0 0
0 1 69 33 1 1
0 1 129 9 0 1
0 1 16 30 0 0
0 1 99 18 0 0
0 1 114 50 0 4
0 1 92 2 1 0
0 1 31 27 0 4
0 1 60 45 0 0
0 1 31 8 1 4
0 1 116 49 1 3
0 1 62 46 0 2
0 1 23 54 0 1
0 1 52 52 1 3
0 1 138 35 1 3
0 1 95 25 1 1
0 1 103 48 0 1
0 1 134 46 0 3
0 1 54 45 0 2
0 1 74 24 0 2
0 1 124 37 0 4
0 1 56 4 1 0
0 1 82 53 0 0
0 1 102 8 0 2
0 1 49 4 0 3
0 1 111 1 0 1
0 1 77 48 0 4
0 1 65 40 1 4
0 1 70 14 1 4
0 1 109 0 0 1
0 1 45 37 0 0
0 1 90 45 0 4
0 1 37 34 0 4
0 1 132 37 0 3
0 1 132 43 1 0
0 1 130 3 1 0
0 1 85 54 1 3
0 1 68 12 1 0
0 1 64 51 0 3
0 1 83 20 0 3
0 1 127 23 0 1
0 1 122 14 0 3
0 1 134 24 1 4
0 1 66 15 1 2
