0 1 105 12 1 3
0 1 7 24 1 0
0 1 49 30 0 0
0 1 116 3 1 1
0 1 1 25 1 4
0 1 61 7 0 3
0 1 66 53 0 0
0 1 128 29 0 1
0 1 117 27 0 2
0 1 13 6 0 1
0 1 45 6 0 3
0 1 62 33 1 0
0 1 117 48 1 1
0 1 81 28 0 2
0 1 127 21 1 2
0 1 24 0 0 2
0 1 2 11 1 2
0 1 12 21 1 3
0 1 130 36 0 3
0 1 110 49 1 3
0 1 70 31 1 1
0 1 48 10 0 0
0 1 107 12 0 1
0 1 56 14 0 0
0 1 62 49 0 2
0 1 136 39 0 1
0 1 51 46 1 3
0 1 15 7 1 2
0 1 109 24 1 2
0 1 19 22 1 3
0 1 11 5 1 4
0 1 80 40 0 2
0 1 24 34 1 4
0 1 111 55 0 0
0 1 130 35 1 1
0 1 64 54 1 2
0 1 30 3 1 2
0 1 41 35 0 3
0 1 80 40 1 4
0 1 19 35 0 4
0 1 125 16 0 2
0 1 25 43 1 2
0 1 108 15 1 3
0 1 88 1 1 3
0 1 18 55 0 4
0 1 110 7 0 1
0 1 119 10 0 3
0 1 29 37 1 1
0 1 10 9 0 0
0 1 120 2 0 2
0 1 131 45 0 1
0 1 77 41 0 1
0 1 3 22 0 4
0 1 95 34 1 0
0 1 17 4 0 4
0 1 13 32 1 4
0 1 79 13 0 3
0 1 107 39 1 3
0 1 97 22 1 2
0 1 65 47 0 4
0 1 30 26 0 3
0 1 44 49 0 4
0 1 34 23 1 3
0 1 139 50 1 4
0 1 75 24 0 3
0 1 20 50 0 3
0 1 135 16 1 3
0 1 87 29 1 0
0 1 101 18 0 4
0 1 100 49 0 0
0 1 76 19 0 2
0 1 129 45 0 3
0 1 28 9 0 4
0 1 4 38 0 1
0 1 50 11 0 3
0 1 57 30 0 2
0 1 55 46 1 2
0 1 84 26 0 1
0 1 69 52 1 2
0 1 138 3 0 0
0 1 20 53 1 2
0 1 67 44 0 4
0 1 42 33 1 2
0 1 104 47 1 2
0 1 100 20 1 1
0 1 108 27 0 0
0 1 81 33 1 3
0 1 37 17 1 2
0 1 92 0 0 1
0 1 14 7 1 4
0 1 73 25 1 3
0 1 6 13 1 0
0 1 103 52 1 0
0 1 59 1 0 0
0 1 126 26 0 0
0 1 132 12 0 4
0 1 93 6 1 0
0 1 112 44 1 3
0 1 123 36 1 1
0 1 54 52 0 1
0 1 118 44 1 0
0 1 33 37 1 3
0 1 31 0 1 0
0 1 33 35 0 2
0 1 124 16 1 0
0 1 52 10 0 2
0 1 0 45 1 4
0 1 47 8 0 4
0 1 41 52 1 3
0 1 32 18 0 1
0 1 138 20 1 3
0 1 116 51 0 2
0 1 26 38 1 4
0 1 92 30 1 3
0 1 46 14 1 4
0 1 135 4 0 1
0 1 61 36 1 0
0 1 9 20 1 0
0 1 7 28 0 4
0 1 75 2 1 4
0 1 82 30 0 1
0 1 134 31 1 3
0 1 0 54 0 0
0 1 17 17 1 4
0 1 11 23 0 4
0 1 133 9 1 3
0 1 65 27 1 3
0 1 103 48 0 2
0 1 133 38 0 0
0 1 40 32 0 1
0 1 96 23 1 2
0 1 127 42 0 3
0 1 105 46 0 1
0 1 4 32 1 3
0 1 98 21 1 0
0 1 42 51 0 1
0 1 8 33 0 1
0 1 16 0 0 3
0 1 136 19 1 3
0 1 79 18 1 0
0 1 31 49 0 1
0 1 97 26 0 2
0 1 83 28 0 0
0 1 85 25 1 0
0 1 102 2 0 1
0 1 82 40 1 0
0 1 25 42 0 2
0 1 38 5 0 2
0 1 36 6 0 2
0 1 93 41 0 0
0 1 26 44 0 2
0 1 94 1 1 4
0 1 71 41 1 2
0 1 23 5 0 3
0 1 40 43 1 4
0 1 12 42 0 4
0 1 77 6 1 4
0 1 95 15 0 1
0 1 74 2 1 3
0 1 121 15 1 2
0 1 102 11 1 1
0 1 137 29 1 4
0 1 35 8 0 1
0 1 55 2 0 0
0 1 16 16 1 1
0 1 44 3 1 3
0 1 10 0 1 4
0 1 88 43 0 0
0 1 78 45 1 2
0 1 90 46 1 4
0 1 58 14 1 3
0 1 63 18 0 3
0 1 29 43 0 1
0 1 126 34 1 1
0 1 60 4 1 3
0 1 63 38 1 3
0 1 115 17 0 0
0 1 106 51 1 3
0 1 114 39 1 2
0 1 122 19 1 4
0 1 45 38 1 2
0 1 106 50 0 1
0 1 43 39 0 4
0 1 23 14 1 1
0 1 134 22 0 1
0 1 5 21 0 4
0 1 22 36 0 4
0 1 89 16 0 4
0 1 99 47 0 1
0 1 43 52 1 4
0 1 89 48 1 4
0 1 68 13 1 1
0 1 48 4 1 0
0 1 128 11 1 4
0 1 28 54 1 3
0 1 50 24 1 4
0 1 91 23 1 1
0 1 59 24 1 1
0 1 96 34 0 2
0 1 109 17 0 3
0 1 53 23 0 0
0 1 83 20 1 2
0 1 27 22 0 0
0 1 36 10 1 4
0 1 86 55 0 2
0 1 49 54 1 1
0 1 73 48 0 3
0 1 132 50 1 0
0 1 27 36 1 2
0 1 69 19 0 1
0 1 122 30 0 4
0 1 86 10 1 1
0 1 53 4 1 2
0 1 119 9 1 1
0 1 37 20 0 4
0 1 64 25 0 1
0 1 39 39 0 0
0 1 114 31 0 0
0 1 84 13 1 4
0 1 60 37 0 4
0 1 34 11 0 0
0 1 22 34 1 3
0 1 6 17 0 1
0 1 101 55 1 3
0 1 113 55 1 1
0 1 129 32 1 2
0 1 94 25 0 2
0 1 15 12 0 0
0 1 5 27 1 4
0 1 121 35 0 0
0 1 104 14 0 2
0 1 74 47 0 3
0 1 98 45 0 0
0 1 2 32 0 0
0 1 8 12 1 2
0 1 32 28 1 1
0 1 76 9 1 2
0 1 14 31 0 4
0 1 118 48 0 0
0 1 137 3 0 4
0 1 125 40 1 3
0 1 1 46 0 0
0 1 38 8 1 2
0 1 52 51 1 4
0 1 78 37 0 0
0 1 87 41 0 3
0 1 46 18 0 2
0 1 58 53 0 4
0 1 9 41 0 4
0 1 91 29 0 3
0 1 56 42 1 1
0 1 35 40 1 1
