0 1 42 53 0 2
0 1 20 26 0 2
0 1 60 15 1 3
0 1 137 8 0 0
0 1 86 2 0 4
0 1 81 34 1 3
0 1 87 12 0 0
0 1 89 0 1 0
0 1 16 38 0 0
0 1 13 8 0 4
0 1 71 44 0 2
0 1 101 6 1 1
0 1 59 4 1 2
0 1 78 54 0 2
0 1 137 37 1 2
0 1 112 24 0 4
0 1 41 32 1 1
0 1 129 27 1 1
0 1 88 49 1 0
0 1 62 28 0 4
0 1 113 50 0 2
0 1 12 21 1 0
0 1 72 51 1 3
0 1 128 26 0 0
0 1 118 19 1 2
0 1 52 40 1 2
0 1 52 9 0 1
0 1 53 20 0 2
0 1 84 14 1 0
0 1 45 23 1 1
0 1 110 31 0 3
0 1 138 30 1 1
0 1 86 52 1 1
0 1 93 7 0 0
0 1 130 2 1 0
0 1 50 47 1 1
0 1 69 31 0 2
0 1 133 4 1 3
0 1 97 3 1 1
0 1 44 17 0 1
0 1 47 52 1 3
0 1 98 28 0 2
0 1 58 11 0 0
0 1 28 42 1 0
0 1 132 11 1 1
0 1 114 45 1 0
0 1 139 33 1 1
0 1 26 28 1 1
0 1 61 3 0 4
0 1 69 10 1 4
0 1 9 18 0 4
0 1 76 42 0 2
0 1 83 42 0 4
0 1 5 29 0 3
0 1 5 20 1 3
0 1 7 33 1 2
0 1 60 27 0 2
0 1 37 55 1 3
0 1 40 1 0 0
0 1 23 19 1 0
0 1 33 29 1 1
0 1 134 19 0 1
0 1 80 32 1 4
0 1 111 38 1 4
0 1 106 48 1 0
0 1 29 32 0 2
0 1 73 55 0 0
0 1 30 48 0 2
0 1 43 44 1 0
0 1 4 43 1 3
0 1 19 27 1 3
0 1 115 0 1 1
0 1 133 46 0 4
0 1 135 10 0 1
0 1 10 13 1 4
0 1 1 5 0 0
0 1 117 24 0 3
0 1 70 43 0 2
0 1 51 41 1 2
0 1 7 36 0 0
0 1 57 9 0 0
0 1 89 25 0 1
0 1 9 49 1 4
0 1 123 12 1 2
0 1 78 16 1 2
0 1 100 47 0 2
0 1 95 10 0 0
0 1 92 53 1 3
0 1 51 38 0 2
0 1 46 18 0 3
0 1 63 21 1 4
0 1 0 14 0 2
0 1 54 4 0 1
0 1 109 25 0 0
0 1 1 30 1 0
0 1 34 13 1 3
0 1 113 24 1 2
0 1 8 35 0 0
0 1 99 29 1 0
0 1 49 9 0 2
0 1 132 39 0 2
0 1 88 37 0 1
0 1 2 25 0 3
0 1 77 22 1 1
0 1 17 38 0 3
0 1 15 14 1 4
0 1 99 7 0 3
0 1 27 33 0 4
0 1 91 36 1 3
0 1 98 23 1 2
0 1 127 46 1 2
0 1 108 21 1 2
0 1 13 17 1 3
0 1 124 15 0 0
0 1 96 50 1 3
0 1 71 19 1 4
0 1 125 33 1 0
0 1 43 46 0 3
0 1 120 1 0 3
0 1 72 16 0 1
0 1 121 51 1 1
0 1 93 15 1 1
0 1 114 11 0 2
0 1 80 17 0 2
0 1 95 9 1 3
0 1 17 6 1 0
0 1 47 37 0 3
0 1 28 2 0 3
0 1 58 40 1 0
0 1 65 41 1 1
0 1 36 52 0 4
0 1 104 2 0 1
0 1 120 16 1 3
0 1 116 44 0 4
0 1 37 25 0 2
0 1 62 49 1 3
0 1 61 45 1 2
0 1 44 34 1 1
0 1 76 26 1 3
0 1 67 39 0 1
0 1 119 53 1 4
0 1 73 1 1 4
0 1 105 43 0 0
0 1 110 1 1 2
0 1 63 51 0 2
0 1 75 36 1 2
0 1 96 22 0 3
0 1 129 22 0 2
0 1 20 12 1 1
0 1 39 44 1 1
0 1 125 54 0 1
0 1 31 48 0 4
0 1 77 18 0 1
0 1 22 7 0 2
0 1 11 4 1 4
0 1 119 51 0 0
0 1 38 24 1 0
0 1 38 35 0 3
0 1 54 52 1 2
0 1 46 48 1 1
0 1 3 13 0 0
0 1 108 46 0 1
0 1 85 5 0 2
0 1 55 5 1 1
0 1 85 10 1 2
0 1 8 3 1 2
0 1 42 31 1 1
0 1 35 48 1 3
0 1 68 30 1 3
0 1 30 20 1 4
0 1 6 45 1 1
0 1 123 52 0 0
0 1 117 55 1 4
0 1 36 13 1 1
0 1 21 50 1 0
0 1 103 44 1 3
0 1 127 23 0 3
0 1 23 20 0 0
0 1 49 22 1 4
0 1 134 47 1 3
0 1 27 23 1 4
0 1 131 49 1 1
0 1 24 11 0 3
0 1 104 15 1 4
0 1 122 43 0 1
0 1 39 16 0 4
0 1 32 40 1 4
0 1 94 23 0 0
0 1 48 53 0 0
0 1 50 18 0 2
0 1 25 41 1 0
0 1 18 55 0 2
0 1 116 16 1 0
0 1 90 50 0 1
0 1 130 37 0 0
0 1 74 5 0 3
0 1 56 14 1 1
0 1 100 36 1 4
0 1 106 38 0 1
0 1 66 17 1 4
0 1 97 29 0 4
0 1 128 31 1 0
0 1 81 22 0 0
0 1 90 46 1 0
0 1 126 29 1 2
0 1 102 32 0 0
0 1 33 26 0 1
0 1 32 8 0 3
0 1 18 37 1 4
0 1 35 6 0 4
0 1 136 24 0 1
0 1 53 30 1 4
0 1 107 54 1 4
0 1 56 2 0 2
0 1 45 54 0 0
0 1 25 35 0 4
0 1 16 41 1 3
0 1 102 41 1 4
0 1 64 27 1 4
0 1 84 10 0 3
0 1 75 40 0 1
0 1 92 3 0 3
0 1 57 12 1 3
0 1 82 35 0 2
0 1 4 20 0 1
0 1 111 0 0 4
0 1 124 28 1 0
0 1 22 25 1 4
0 1 64 6 0 3
0 1 14 40 0 3
0 1 131 31 0 4
0 1 6 18 0 0
0 1 70 8 1 2
0 1 24 17 1 0
0 1 79 34 1 0
0 1 15 4 0 0
0 1 135 36 1 1
0 1 12 34 0 4
0 1 112 15 1 2
0 1 83 21 1 3
0 1 29 39 1 4
0 1 34 0 0 2
0 1 26 11 0 4
0 1 67 42 1 3
0 1 14 32 1 3
0 1 82 7 1 1
0 1 126 26 0 4
0 1 68 39 0 0
0 1 107 45 0 3
0 1 122 19 1 3
0 1 138 49 0 2
0 1 136 43 1 4
