0 1 120 10 0 4
0 1 29 31 1 0
0 1 86 7 0 4
0 1 45 41 0 0
0 1 62 19 0 2
0 1 102 24 1 3
0 1 29 53 0 0
0 1 66 32 0 2
0 1 117 46 0 0
0 1 63 49 1 3
0 1 102 42 0 2
0 1 126 52 1 2
0 1 80 41 0 4
0 1 119 38 0 1
0 1 100 37 1 3
0 1 139 17 0 2
0 1 24 23 1 2
0 1 56 48 0 0
0 1 45 4 1 0
0 1 19 29 0 1
0 1 71 42 0 0
0 1 60 49 1 2
0 1 125 0 0 1
0 1 48 22 1 3
0 1 7 23 0 3
0 1 72 16 1 4
0 1 87 23 0 1
0 1 54 39 1 2
0 1 51 28 0 4
0 1 40 55 1 2
0 1 95 50 0 4
0 1 44 8 0 3
0 1 74 11 1 1
0 1 99 12 0 3
0 1 55 26 1 1
0 1 57 14 0 0
0 1 27 36 0 4
0 1 89 0 1 4
0 1 123 19 1 1
0 1 136 34 1 0
0 1 31 3 0 2
0 1 68 44 0 3
0 1 34 51 1 1
0 1 83 6 1 2
0 1 76 10 1 1
0 1 138 11 0 2
0 1 37 15 1 3
0 1 106 54 0 4
0 1 93 31 1 1
0 1 95 31 1 3
0 1 130 18 1 0
0 1 89 37 0 1
0 1 138 11 1 3
0 1 131 35 1 2
0 1 128 27 0 4
0 1 105 45 0 1
0 1 6 37 0 0
0 1 53 53 0 3
0 1 108 53 1 2
0 1 43 14 1 2
0 1 109 31 1 2
0 1 72 4 0 1
0 1 88 47 1 2
0 1 124 44 0 2
0 1 33 25 0 3
0 1 77 18 0 1
0 1 107 20 0 0
0 1 36 36 1 2
0 1 22 43 0 4
0 1 17 33 0 4
0 1 42 27 0 1
0 1 118 30 1 4
0 1 3 45 1 2
0 1 21 42 1 3
0 1 56 48 1 2
0 1 114 4 1 4
0 1 9 16 0 0
0 1 127 13 0 4
0 1 75 9 0 2
0 1 21 33 0 1
0 1 59 2 1 4
0 1 96 28 1 2
0 1 52 55 1 0
0 1 129 55 1 4
0 1 64 20 1 1
0 1 5 1 1 4
0 1 117 0 1 0
0 1 64 43 0 3
0 1 114 9 0 1
0 1 14 35 1 0
0 1 46 13 0 3
0 1 49 50 1 2
0 1 94 38 0 4
0 1 38 39 0 0
0 1 133 35 0 4
0 1 73 33 0 2
0 1 35 8 0 0
0 1 50 12 1 2
0 1 61 13 1 2
0 1 57 40 1 1
0 1 131 27 0 2
0 1 17 17 1 4
0 1 104 10 0 3
0 1 50 46 0 1
0 1 20 6 0 0
0 1 65 16 0 2
0 1 103 6 1 3
0 1 67 5 1 1
0 1 38 1 1 3
0 1 58 29 0 3
0 1 35 26 1 4
0 1 13 30 0 3
0 1 26 51 1 3
0 1 96 6 0 1
0 1 106 38 1 0
0 1 5 24 0 4
0 1 82 52 1 4
0 1 44 15 1 1
0 1 94 13 1 1
0 1 53 26 1 3
0 1 113 40 1 4
0 1 105 2 1 0
0 1 124 32 1 4
0 1 15 36 1 3
0 1 2 49 1 0
0 1 91 32 0 3
0 1 77 46 1 2
0 1 16 12 0 4
0 1 81 34 0 3
0 1 70 30 0 2
0 1 125 8 1 2
0 1 37 37 0 2
0 1 80 21 1 1
0 1 51 54 1 2
0 1 55 17 0 1
0 1 4 54 1 0
0 1 8 33 0 0
0 1 84 18 1 3
0 1 20 10 1 2
0 1 13 49 1 4
0 1 137 21 1 3
0 1 15 32 0 1
0 1 19 44 1 1
0 1 129 12 0 1
0 1 54 41 0 3
0 1 110 41 1 1
0 1 130 7 0 2
0 1 113 54 0 1
0 1 76 7 0 1
0 1 0 31 0 4
0 1 82 45 0 0
0 1 10 0 0 3
0 1 90 18 1 4
0 1 25 9 0 0
0 1 36 22 0 4
0 1 43 48 0 3
0 1 103 47 0 3
0 1 41 27 0 0
0 1 110 51 0 4
0 1 74 25 0 0
0 1 69 2 1 3
0 1 126 20 0 4
0 1 65 47 1 1
0 1 22 26 1 0
0 1 121 5 0 4
0 1 30 21 0 2
0 1 134 1 1 1
0 1 98 29 1 2
0 1 99 50 1 0
0 1 100 45 0 4
0 1 24 40 0 3
0 1 58 22 1 2
0 1 34 41 0 2
0 1 49 3 0 3
0 1 28 13 0 0
0 1 86 46 1 3
0 1 18 1 1 2
0 1 97 28 1 3
0 1 33 11 1 0
0 1 112 54 1 3
0 1 32 7 1 0
0 1 11 9 1 3
0 1 133 3 1 1
0 1 97 36 0 0
0 1 39 19 1 3
0 1 8 39 1 3
0 1 63 38 0 2
0 1 84 19 0 4
0 1 121 32 1 0
0 1 0 23 1 4
0 1 47 14 1 4
0 1 3 5 0 3
0 1 41 40 1 2
0 1 120 8 1 1
0 1 25 46 1 4
0 1 108 0 0 2
0 1 52 42 0 4
0 1 23 4 1 3
0 1 6 43 1 1
0 1 1 34 0 1
0 1 85 3 0 4
0 1 92 9 0 4
0 1 79 8 0 4
0 1 78 53 1 1
0 1 42 50 1 3
0 1 83 22 0 1
0 1 81 24 1 2
0 1 11 22 0 0
0 1 59 2 0 1
0 1 28 43 1 2
0 1 2 42 0 1
0 1 85 17 1 3
0 1 88 33 0 3
0 1 111 45 1 3
0 1 71 21 1 4
0 1 116 17 1 0
0 1 92 37 1 4
0 1 98 51 0 0
0 1 7 15 1 2
0 1 1 55 1 1
0 1 4 53 0 4
0 1 16 47 1 0
0 1 132 47 1 4
0 1 30 14 1 3
0 1 69 19 0 0
0 1 18 29 0 0
0 1 134 40 0 0
0 1 127 26 1 2
0 1 31 48 1 4
0 1 79 44 1 0
0 1 91 52 1 3
0 1 66 20 1 2
0 1 104 55 1 3
0 1 32 14 0 1
0 1 9 15 1 0
0 1 93 30 0 0
0 1 61 2 0 2
0 1 112 29 0 4
0 1 68 39 1 1
0 1 109 28 0 0
0 1 62 25 1 1
0 1 10 50 1 1
0 1 137 16 0 3
0 1 48 34 0 2
0 1 27 12 1 0
0 1 70 34 1 4
0 1 123 3 0 0
0 1 122 6 0 4
0 1 73 20 1 3
0 1 47 52 0 1
0 1 135 30 1 1
0 1 75 52 1 0
