0 1 70 10 1 1
0 1 59 50 0 3
0 1 102 41 1 0
0 1 97 26 0 4
0 1 50 43 0 1
0 1 112 7 1 0
0 1 75 53 1 1
0 1 1 51 0 4
0 1 101 35 1 0
0 1 59 54 1 3
0 1 55 5 1 3
0 1 22 6 0 4
0 1 70 1 0 1
0 1 117 14 0 3
0 1 60 34 0 4
0 1 49 41 1 3
0 1 5 7 0 2
0 1 51 8 0 0
0 1 65 37 0 2
0 1 23 49 1 4
0 1 29 16 1 3
0 1 91 40 1 0
0 1 90 45 1 0
0 1 8 34 1 0
0 1 69 14 1 1
0 1 135 28 0 0
0 1 104 30 1 2
0 1 72 10 0 0
0 1 117 25 1 3
0 1 4 3 0 2
0 1 111 29 1 0
0 1 126 6 1 0
0 1 88 49 0 0
0 1 74 54 1 4
0 1 53 4 1 3
0 1 35 38 0 0
0 1 46 43 0 2
0 1 137 2 0 2
0 1 46 28 1 4
0 1 134 7 1 4
0 1 49 29 0 1
0 1 139 11 0 0
0 1 84 42 0 1
0 1 24 0 1 3
0 1 15 24 0 0
0 1 96 50 0 0
0 1 130 4 1 2
0 1 39 5 0 4
0 1 129 53 0 4
0 1 105 40 1 4
0 1 7 14 0 4
0 1 82 33 0 4
0 1 66 16 0 0
0 1 106 1 1 4
0 1 6 39 0 0
0 1 40 43 0 4
0 1 6 27 1 1
0 1 54 22 0 2
0 1 120 54 1 1
0 1 3 21 1 3
0 1 86 9 0 0
0 1 57 23 0 4
0 1 57 55 1 3
0 1 92 32 0 0
0 1 21 8 0 1
0 1 3 50 0 4
0 1 130 31 0 2
0 1 124 48 1 1
0 1 95 38 0 2
0 1 109 46 0 4
0 1 28 9 1 3
0 1 134 3 0 1
0 1 133 49 1 3
0 1 11 41 0 2
0 1 7 17 1 2
0 1 107 25 0 1
0 1 115 23 1 0
0 1 110 46 1 1
0 1 78 19 0 3
0 1 77 0 1 1
0 1 54 11 1 1
0 1 42 37 1 0
0 1 104 3 0 3
0 1 20 1 1 0
0 1 93 36 1 2
0 1 17 15 1 3
0 1 108 6 1 1
0 1 120 1 0 3
0 1 97 54 1 2
0 1 103 52 0 1
0 1 83 13 0 4
0 1 113 12 1 1
0 1 79 55 1 2
0 1 121 39 0 1
0 1 15 29 1 3
0 1 99 39 1 2
0 1 75 45 0 1
0 1 25 53 1 3
0 1 26 34 1 1
0 1 47 5 1 1
0 1 102 11 0 2
0 1 48 42 1 2
0 1 56 19 0 1
0 1 33 41 0 4
0 1 110 35 0 4
0 1 123 49 0 1
0 1 19 36 0 4
0 1 96 4 1 0
0 1 1 18 1 0
0 1 83 44 1 1
0 1 14 27 1 0
0 1 25 38 0 4
0 1 36 19 0 2
0 1 56 15 1 4
0 1 36 52 1 3
0 1 118 33 0 1
0 1 121 48 1 3
0 1 73 4 0 4
0 1 127 20 0 1
0 1 43 53 1 0
0 1 112 33 0 2
0 1 122 18 1 3
0 1 114 2 1 4
0 1 51 48 1 0
0 1 107 22 1 4
0 1 68 10 0 4
0 1 14 12 0 3
0 1 114 23 0 1
0 1 113 47 0 4
0 1 119 13 1 0
0 1 47 29 0 4
0 1 81 22 0 1
0 1 2 0 0 2
0 1 40 45 1 4
0 1 138 21 1 1
0 1 34 13 1 1
0 1 99 20 0 0
0 1 44 44 1 4
0 1 41 18 0 2
0 1 45 0 0 4
0 1 45 31 1 4
0 1 31 22 1 0
0 1 128 32 0 2
0 1 93 21 0 0
0 1 44 26 0 3
0 1 81 43 1 3
0 1 61 12 0 0
0 1 34 31 0 0
0 1 67 33 1 3
0 1 139 12 1 4
0 1 89 28 0 3
0 1 50 46 1 0
0 1 103 40 1 2
0 1 58 17 0 0
0 1 13 35 0 2
0 1 80 38 0 1
0 1 68 51 1 0
0 1 16 51 0 3
0 1 31 24 0 3
0 1 132 47 1 2
0 1 41 42 1 4
0 1 29 36 0 3
0 1 67 32 0 3
0 1 100 40 0 3
0 1 109 15 1 2
0 1 131 23 0 2
0 1 64 24 1 2
0 1 35 11 1 3
0 1 72 27 1 3
0 1 17 52 0 0
0 1 65 28 1 1
0 1 98 42 1 3
0 1 27 31 0 3
0 1 37 45 0 3
0 1 78 44 1 3
0 1 48 1 0 2
0 1 95 24 1 1
0 1 123 37 1 3
0 1 74 27 0 4
0 1 21 50 1 1
0 1 63 16 1 4
0 1 2 52 1 4
0 1 125 18 0 1
0 1 122 19 0 4
0 1 10 19 1 0
0 1 13 9 1 4
0 1 22 21 1 4
0 1 9 28 1 2
0 1 132 37 0 1
0 1 71 37 0 4
0 1 85 36 1 1
0 1 86 20 1 3
0 1 18 34 1 3
0 1 131 14 1 2
0 1 32 50 1 2
0 1 89 4 1 1
0 1 79 55 0 4
0 1 69 52 0 2
0 1 119 2 0 1
0 1 85 29 0 2
0 1 64 26 0 1
0 1 91 26 0 2
0 1 8 18 0 4
0 1 111 15 0 1
0 1 60 31 1 1
0 1 76 5 1 2
0 1 26 48 0 2
0 1 127 55 1 0
0 1 71 0 1 0
0 1 11 35 1 1
0 1 4 39 1 3
0 1 53 39 0 4
0 1 38 17 1 1
0 1 33 21 1 2
0 1 88 46 1 2
0 1 28 17 0 4
0 1 19 20 1 2
0 1 66 53 1 2
0 1 135 47 1 1
0 1 58 25 1 2
0 1 62 13 1 3
0 1 18 10 0 2
0 1 108 44 0 0
0 1 138 2 0 3
0 1 90 35 0 3
0 1 23 11 0 4
0 1 106 32 0 4
0 1 5 30 1 1
0 1 30 30 0 3
0 1 133 10 0 3
0 1 84 25 1 4
0 1 30 33 1 0
0 1 94 47 1 0
0 1 37 25 1 0
0 1 20 30 0 0
0 1 61 38 1 3
0 1 126 26 0 0
0 1 42 8 0 4
0 1 129 20 1 4
0 1 124 9 0 2
0 1 38 27 0 2
0 1 9 47 0 3
0 1 0 36 0 0
0 1 116 51 1 1
0 1 101 44 0 2
0 1 128 24 1 4
0 1 39 12 1 2
0 1 62 48 0 4
0 1 27 23 1 3
0 1 136 6 1 2
0 1 105 34 0 2
0 1 100 32 1 1
