0 1 21 33 0 0
0 1 37 4 0 3
0 1 35 8 0 0
0 1 115 52 0 1
0 1 71 7 1 1
0 1 46 17 1 1
0 1 100 15 1 1
0 1 114 10 1 0
0 1 108 5 0 4
0 1 67 21 0 0
0 1 68 35 1 4
0 1 80 37 0 4
0 1 103 23 0 4
0 1 12 38 0 0
0 1 130 16 0 1
0 1 48 40 0 0
0 1 31 31 1 1
0 1 91 45 1 2
0 1 135 21 1 3
0 1 104 39 1 4
0 1 120 46 1 2
0 1 48 44 1 3
0 1 98 44 1 1
0 1 97 6 1 3
0 1 93 47 1 1
0 1 79 11 0 3
0 1 27 25 0 2
0 1 61 47 1 0
0 1 54 35 0 0
0 1 122 20 0 1
0 1 50 9 1 3
0 1 128 51 0 2
0 1 124 37 0 2
0 1 28 16 1 2
0 1 78 29 0 0
0 1 90 53 0 0
0 1 33 12 1 1
0 1 92 24 0 3
0 1 77 14 1 0
0 1 123 8 0 2
0 1 133 11 0 4
0 1 105 29 0 4
0 1 30 42 1 1
0 1 47 40 0 4
0 1 99 18 1 4
0 1 43 37 1 3
0 1 125 9 0 2
0 1 104 39 0 1
0 1 60 14 1 2
0 1 30 32 0 0
0 1 57 34 1 2
0 1 137 41 0 3
0 1 68 52 0 0
0 1 85 39 1 2
0 1 59 22 1 0
0 1 92 4 1 2
0 1 51 33 1 2
0 1 105 6 1 1
0 1 59 55 0 1
0 1 64 36 0 4
0 1 8 24 1 0
0 1 121 28 0 0
0 1 11 1 1 1
0 1 123 41 1 1
0 1 23 43 0 4
0 1 27 8 1 1
0 1 36 48 1 4
0 1 38 51 1 3
0 1 76 7 1 4
0 1 6 38 1 1
0 1 134 53 1 1
0 1 82 10 0 4
0 1 139 49 1 2
0 1 29 27 0 4
0 1 1 20 0 0
0 1 102 7 1 3
0 1 38 32 0 3
0 1 14 0 1 4
0 1 13 26 0 2
0 1 4 36 0 3
0 1 87 24 0 1
0 1 73 21 1 1
0 1 50 55 0 3
0 1 128 3 1 1
0 1 15 54 1 1
0 1 85 45 0 1
0 1 135 13 0 1
0 1 43 50 0 3
0 1 90 30 1 4
0 1 96 19 0 4
0 1 88 49 0 1
0 1 67 23 1 0
0 1 132 38 1 3
0 1 62 34 1 1
0 1 114 55 0 4
0 1 56 2 0 1
0 1 101 46 1 3
0 1 25 43 1 0
0 1 108 15 1 2
0 1 133 27 1 0
0 1 0 3 1 2
0 1 13 11 1 2
0 1 91 4 0 0
0 1 82 25 1 4
0 1 101 28 0 2
0 1 72 9 1 0
0 1 66 50 1 0
0 1 94 30 0 1
0 1 118 54 0 4
0 1 117 29 1 1
0 1 21 4 1 4
0 1 71 2 0 4
0 1 63 15 0 4
0 1 35 31 1 4
0 1 54 7 1 0
0 1 34 18 1 1
0 1 81 48 0 3
0 1 117 17 0 4
0 1 51 6 0 2
0 1 131 29 1 2
0 1 22 50 0 1
0 1 95 20 1 3
0 1 137 31 1 0
0 1 9 1 1 3
0 1 18 40 1 3
0 1 132 54 0 2
0 1 40 51 0 1
0 1 138 26 0 3
0 1 36 10 0 2
0 1 74 24 1 4
0 1 97 35 0 1
0 1 61 19 0 0
0 1 19 2 1 0
0 1 65 43 1 3
0 1 122 38 1 2
0 1 119 32 1 4
0 1 113 19 1 2
0 1 20 28 0 3
0 1 45 52 1 3
0 1 116 43 0 1
0 1 121 48 1 2
0 1 83 53 1 4
0 1 86 34 1 3
0 1 109 14 0 3
0 1 116 52 1 4
0 1 46 13 0 3
0 1 94 5 1 2
0 1 138 22 1 1
0 1 41 32 0 2
0 1 126 6 0 0
0 1 32 23 1 3
0 1 7 19 1 1
0 1 102 33 0 1
0 1 2 47 0 3
0 1 69 46 1 1
0 1 125 22 1 2
0 1 19 3 0 4
0 1 23 48 1 0
0 1 24 0 1 1
0 1 28 27 0 1
0 1 107 14 0 1
0 1 63 36 1 0
0 1 110 12 0 0
0 1 64 13 1 2
0 1 106 46 1 0
0 1 16 26 0 1
0 1 77 25 0 0
0 1 9 11 0 1
0 1 84 10 1 3
0 1 69 41 0 2
0 1 39 17 0 0
0 1 24 7 0 2
0 1 3 1 1 0
0 1 58 3 0 3
0 1 25 2 0 3
0 1 126 5 1 0
0 1 93 40 0 2
0 1 1 42 1 3
0 1 75 16 0 0
0 1 109 25 1 1
0 1 47 2 1 2
0 1 111 19 0 3
0 1 129 28 1 4
0 1 26 45 0 3
0 1 112 20 0 2
0 1 22 13 1 0
0 1 55 51 1 0
0 1 31 3 0 0
0 1 41 5 1 3
0 1 106 49 0 3
0 1 53 32 0 1
0 1 56 26 1 4
0 1 115 48 1 1
0 1 55 42 0 4
0 1 14 30 0 0
0 1 110 41 1 4
0 1 130 0 1 0
0 1 136 31 0 3
0 1 17 21 0 2
0 1 89 18 0 2
0 1 58 45 1 4
0 1 129 39 0 3
0 1 52 1 0 4
0 1 62 50 0 2
0 1 80 15 1 3
0 1 65 49 0 0
0 1 11 15 0 0
0 1 88 28 1 1
0 1 60 36 0 1
0 1 20 37 1 1
0 1 75 21 1 4
0 1 3 8 0 4
0 1 136 55 1 2
0 1 10 6 0 4
0 1 99 54 0 3
0 1 29 22 1 3
0 1 83 34 0 0
0 1 131 10 0 1
0 1 5 51 1 4
0 1 124 30 1 3
0 1 113 37 0 0
0 1 76 9 0 4
0 1 10 16 1 4
0 1 44 40 1 1
0 1 119 50 0 4
0 1 70 24 1 2
0 1 26 4 1 1
0 1 78 33 1 3
0 1 111 44 1 0
0 1 134 1 0 2
0 1 87 35 1 2
0 1 66 46 0 4
0 1 103 5 1 1
0 1 15 0 0 2
0 1 42 23 0 2
0 1 5 38 0 4
0 1 6 44 0 2
0 1 95 42 0 0
0 1 49 55 1 0
0 1 112 12 1 2
0 1 53 20 1 4
0 1 79 52 1 2
0 1 49 17 0 3
0 1 127 18 0 3
0 1 127 14 1 4
0 1 42 16 1 3
0 1 44 30 0 2
0 1 18 12 0 4
0 1 32 17 0 2
0 1 57 9 0 1
0 1 118 29 1 3
0 1 4 33 1 4
