0 1 88 18 0 1
0 1 4 29 0 0
0 1 81 23 1 2
0 1 124 41 0 3
0 1 24 54 1 3
0 1 96 7 1 0
0 1 12 11 0 1
0 1 18 20 0 2
0 1 136 39 0 2
0 1 56 13 1 4
0 1 22 40 0 1
0 1 126 10 0 0
0 1 138 45 0 3
0 1 1 5 1 1
0 1 106 38 0 2
0 1 121 23 1 4
0 1 78 3 1 1
0 1 62 45 1 4
0 1 64 19 1 0
0 1 53 11 1 4
0 1 20 13 0 3
0 1 97 53 1 2
0 1 105 42 0 0
0 1 10 31 0 0
0 1 129 24 0 0
0 1 55 39 1 4
0 1 107 33 1 1
0 1 52 49 0 4
0 1 19 36 0 4
0 1 37 28 1 4
0 1 101 0 0 2
0 1 13 29 0 4
0 1 42 46 1 4
0 1 11 18 1 0
0 1 5 2 1 0
0 1 54 46 1 3
0 1 28 28 0 3
0 1 112 25 0 0
0 1 86 12 1 2
0 1 35 4 0 4
0 1 91 46 0 1
0 1 112 8 1 1
0 1 111 27 0 2
0 1 29 30 0 4
0 1 121 14 0 3
0 1 55 16 0 2
0 1 41 24 0 4
0 1 139 8 1 4
0 1 50 6 1 2
0 1 133 44 1 3
0 1 46 3 1 4
0 1 18 55 1 1
0 1 27 22 1 2
0 1 87 25 0 1
0 1 98 52 1 3
0 1 137 32 0 2
0 1 100 27 1 0
0 1 45 41 0 2
0 1 63 8 0 3
0 1 21 43 1 0
0 1 83 51 1 4
0 1 77 33 0 2
0 1 2 51 0 3
0 1 65 35 0 1
0 1 128 14 1 1
0 1 24 20 0 1
0 1 104 36 1 1
0 1 2 15 1 0
0 1 23 30 0 2
0 1 48 7 0 1
0 1 111 15 1 2
0 1 82 37 1 2
0 1 75 34 1 1
0 1 114 0 1 3
0 1 20 3 1 0
0 1 81 1 0 0
0 1 115 20 0 3
0 1 120 49 1 2
0 1 76 17 0 0
0 1 22 6 1 1
0 1 68 19 0 2
0 1 129 54 1 2
0 1 36 48 0 3
0 1 127 9 1 0
0 1 52 44 1 2
0 1 90 4 1 2
0 1 110 10 1 2
0 1 62 12 0 0
0 1 137 18 1 3
0 1 61 47 0 4
0 1 113 50 0 0
0 1 85 55 1 3
0 1 26 2 1 3
0 1 34 18 1 2
0 1 29 5 1 0
0 1 97 50 0 4
0 1 118 55 0 0
0 1 123 32 0 4
0 1 133 26 0 3
0 1 122 11 1 0
0 1 72 23 1 3
0 1 108 42 1 3
0 1 136 43 1 3
0 1 80 1 1 4
0 1 68 49 1 3
0 1 79 35 1 4
0 1 6 52 0 2
0 1 9 21 1 2
0 1 41 19 1 1
0 1 0 32 0 0
0 1 6 30 1 1
0 1 122 45 0 1
0 1 94 14 0 2
0 1 4 12 1 4
0 1 13 48 1 1
0 1 67 33 0 4
0 1 116 53 1 1
0 1 57 38 1 4
0 1 39 19 0 4
0 1 27 31 0 1
0 1 43 22 1 3
0 1 30 31 1 3
0 1 36 42 1 4
0 1 119 4 1 1
0 1 100 25 0 4
0 1 89 41 0 1
0 1 79 1 0 2
0 1 50 47 0 2
0 1 5 55 0 4
0 1 21 40 0 3
0 1 119 14 0 0
0 1 113 52 1 4
0 1 66 2 0 2
0 1 26 1 0 3
0 1 126 22 1 4
0 1 38 24 0 1
0 1 116 34 0 3
0 1 130 43 0 1
0 1 103 26 0 4
0 1 61 34 1 2
0 1 40 54 0 4
0 1 106 41 1 4
0 1 49 35 0 0
0 1 9 37 0 4
0 1 108 27 0 3
0 1 35 11 1 3
0 1 19 9 1 3
0 1 16 36 0 0
0 1 131 30 0 0
0 1 11 52 0 0
0 1 102 6 1 4
0 1 128 42 0 2
0 1 8 26 1 1
0 1 139 9 0 1
0 1 15 15 0 4
0 1 103 37 1 1
0 1 109 13 1 2
0 1 67 21 1 0
0 1 99 7 1 4
0 1 132 29 1 2
0 1 37 44 0 0
0 1 70 5 0 4
0 1 125 43 0 4
0 1 74 18 0 4
0 1 44 0 0 0
0 1 28 8 1 0
0 1 58 48 0 0
0 1 3 39 0 1
0 1 10 39 1 3
0 1 60 16 1 0
0 1 59 9 1 4
0 1 30 12 0 1
0 1 131 13 1 0
0 1 44 39 1 0
0 1 84 10 1 3
0 1 47 5 0 3
0 1 43 33 0 0
0 1 12 26 1 0
0 1 48 44 1 1
0 1 3 50 1 3
0 1 66 24 1 2
0 1 105 37 1 0
0 1 23 21 1 3
0 1 92 46 0 2
0 1 57 32 0 3
0 1 123 52 1 1
0 1 25 53 0 3
0 1 117 22 1 1
0 1 85 45 0 0
0 1 127 15 0 1
0 1 33 17 0 1
0 1 32 50 1 2
0 1 45 0 1 4
0 1 77 16 1 1
0 1 80 50 0 1
0 1 31 41 0 0
0 1 92 4 1 3
0 1 74 36 1 3
0 1 135 44 1 4
0 1 32 3 0 3
0 1 101 40 1 4
0 1 49 17 1 2
0 1 115 51 1 0
0 1 78 38 0 1
0 1 95 5 1 2
0 1 117 16 0 3
0 1 69 10 1 4
0 1 63 34 1 4
0 1 58 40 1 0
0 1 96 27 0 1
0 1 76 38 1 0
0 1 17 42 0 1
0 1 75 47 0 0
0 1 124 47 1 1
0 1 73 21 1 4
0 1 17 17 1 4
0 1 8 55 0 2
0 1 86 23 0 0
0 1 95 48 0 4
0 1 89 12 1 3
0 1 130 11 1 2
0 1 46 51 0 1
0 1 118 26 1 2
0 1 110 2 0 1
0 1 104 21 0 1
0 1 59 7 0 3
0 1 109 37 0 3
0 1 14 49 1 0
0 1 25 53 1 4
0 1 125 29 1 1
0 1 7 22 1 0
0 1 94 25 1 2
0 1 99 54 0 1
0 1 0 31 1 2
0 1 40 33 1 3
0 1 54 25 0 3
0 1 56 32 0 1
0 1 88 28 1 1
0 1 93 9 0 2
0 1 39 30 1 3
0 1 70 0 1 1
0 1 69 23 0 1
0 1 42 46 0 0
0 1 7 6 0 3
0 1 72 36 0 2
0 1 73 28 0 0
0 1 47 17 1 3
0 1 16 16 1 4
0 1 114 20 0 4
0 1 134 15 1 3
0 1 65 47 1 3
0 1 90 1 0 1
