0 1 42 30 1 0
0 1 70 26 1 3
0 1 14 24 1 4
0 1 34 0 0 4
0 1 108 47 1 3
0 1 102 6 1 3
0 1 96 33 1 1
0 1 21 50 1 2
0 1 136 11 1 4
0 1 107 24 1 0
0 1 122 30 1 1
0 1 33 15 1 1
0 1 90 16 0 4
0 1 82 15 0 3
0 1 91 5 0 1
0 1 92 20 1 4
0 1 15 51 0 2
0 1 96 17 0 0
0 1 73 36 0 1
0 1 11 8 1 3
0 1 42 14 0 4
0 1 110 17 1 1
0 1 74 12 0 4
0 1 32 31 1 2
0 1 50 14 0 0
0 1 27 24 1 2
0 1 117 35 1 1
0 1 106 3 1 4
0 1 125 38 0 2
0 1 49 23 1 3
0 1 48 54 0 4
0 1 47 46 0 0
0 1 124 1 0 1
0 1 138 43 0 4
0 1 118 42 1 2
0 1 97 22 0 2
0 1 124 47 1 2
0 1 46 44 1 1
0 1 56 38 0 0
0 1 23 33 1 0
0 1 74 46 1 4
0 1 37 4 1 0
0 1 39 4 0 4
0 1 36 2 0 1
0 1 130 16 1 2
0 1 115 53 0 3
0 1 110 3 0 2
0 1 114 55 0 0
0 1 121 36 1 4
0 1 88 50 1 0
0 1 4 10 1 3
0 1 125 27 1 1
0 1 118 25 0 0
0 1 68 48 0 1
0 1 108 30 0 2
0 1 3 41 1 3
0 1 22 28 1 1
0 1 133 20 0 1
0 1 69 33 0 3
0 1 63 21 1 2
0 1 19 48 0 2
0 1 66 51 0 3
0 1 11 41 0 0
0 1 6 49 1 4
0 1 9 39 0 1
0 1 98 33 1 4
0 1 72 29 0 0
0 1 137 37 1 4
0 1 128 6 1 2
0 1 80 48 1 3
0 1 79 32 0 0
0 1 120 42 0 4
0 1 26 47 1 0
0 1 38 40 0 1
0 1 59 38 1 1
0 1 33 9 0 2
0 1 18 49 0 2
0 1 16 18 1 1
0 1 76 0 1 0
0 1 126 11 1 1
0 1 81 34 1 4
0 1 1 53 1 0
0 1 128 26 0 2
0 1 77 5 1 4
0 1 139 29 0 2
0 1 134 6 0 1
0 1 102 25 0 4
0 1 43 34 1 3
0 1 101 47 0 1
0 1 82 5 1 2
0 1 72 2 1 2
0 1 86 45 1 2
0 1 101 9 1 0
0 1 8 32 0 3
0 1 111 55 0 3
0 1 87 45 1 0
0 1 95 41 1 1
0 1 65 13 0 1
0 1 57 43 1 0
0 1 64 20 0 0
0 1 75 1 0 0
0 1 20 18 0 3
0 1 16 8 0 2
0 1 97 34 1 0
0 1 28 7 0 4
0 1 3 19 0 1
0 1 84 42 1 1
0 1 46 3 0 3
0 1 134 19 1 3
0 1 69 45 1 3
0 1 109 1 0 4
0 1 44 22 1 4
0 1 139 21 1 0
0 1 94 54 1 2
0 1 126 49 0 3
0 1 22 49 0 1
0 1 55 12 0 1
0 1 45 51 0 1
0 1 4 52 0 3
0 1 119 31 1 4
0 1 54 39 0 0
0 1 104 46 0 1
0 1 25 27 1 2
0 1 129 52 1 2
0 1 34 14 1 2
0 1 52 19 0 4
0 1 52 13 1 3
0 1 51 4 1 3
0 1 135 52 0 0
0 1 25 10 0 4
0 1 67 2 0 3
0 1 133 7 1 0
0 1 85 55 0 4
0 1 127 10 1 0
0 1 111 8 1 4
0 1 62 45 1 4
0 1 100 20 1 3
0 1 24 23 0 1
0 1 94 9 0 1
0 1 116 43 1 1
0 1 48 44 1 4
0 1 0 12 0 0
0 1 21 36 0 3
0 1 50 35 1 4
0 1 28 25 1 2
0 1 79 18 1 2
0 1 15 32 1 4
0 1 55 23 1 2
0 1 85 38 1 3
0 1 119 28 0 2
0 1 61 17 0 2
0 1 138 23 1 0
0 1 63 40 0 2
0 1 137 5 0 3
0 1 83 2 0 0
0 1 120 13 1 4
0 1 127 28 0 4
0 1 62 26 0 4
0 1 41 19 0 0
0 1 37 27 0 3
0 1 10 26 1 1
0 1 56 7 1 1
0 1 19 14 1 1
0 1 115 46 1 2
0 1 12 18 1 4
0 1 78 41 1 2
0 1 98 50 0 1
0 1 131 52 1 1
0 1 90 7 1 3
0 1 67 6 1 0
0 1 51 35 0 3
0 1 91 13 1 0
0 1 31 53 0 2
0 1 20 8 1 0
0 1 92 6 0 4
0 1 68 10 1 1
0 1 7 17 1 4
0 1 89 36 1 0
0 1 64 51 1 4
0 1 105 30 1 3
0 1 135 12 1 3
0 1 61 25 1 3
0 1 99 55 1 2
0 1 35 36 1 2
0 1 30 35 1 0
0 1 77 54 0 0
0 1 136 5 0 0
0 1 0 4 1 2
0 1 13 18 0 0
0 1 24 31 1 0
0 1 113 2 1 4
0 1 17 44 0 3
0 1 40 7 1 2
0 1 1 22 0 0
0 1 107 19 0 2
0 1 81 17 0 3
0 1 47 37 1 0
0 1 2 54 1 3
0 1 66 21 1 1
0 1 100 8 0 1
0 1 131 51 0 0
0 1 75 16 1 0
0 1 23 44 0 2
0 1 18 40 1 3
0 1 29 33 0 2
0 1 106 53 0 1
0 1 84 9 0 3
0 1 41 48 1 0
0 1 112 21 0 4
0 1 53 11 0 2
0 1 117 1 0 3
0 1 60 50 1 3
0 1 76 11 0 3
0 1 35 43 0 2
0 1 123 37 1 1
0 1 54 50 1 4
0 1 31 15 1 4
0 1 130 54 0 1
0 1 45 23 1 4
0 1 6 25 0 1
0 1 93 38 1 4
0 1 17 22 1 1
0 1 40 37 0 2
0 1 14 29 0 1
0 1 49 24 0 3
0 1 9 29 1 3
0 1 104 32 1 1
0 1 132 13 0 2
0 1 73 45 1 1
0 1 58 48 0 4
0 1 59 40 0 0
0 1 39 55 1 1
0 1 5 0 0 3
0 1 132 27 1 4
0 1 129 35 0 2
0 1 113 0 0 1
0 1 121 15 0 2
0 1 58 22 1 3
0 1 29 52 1 4
0 1 71 16 1 1
0 1 114 26 1 0
0 1 70 34 0 1
0 1 112 39 1 2
0 1 53 30 1 4
0 1 38 39 1 4
0 1 57 40 0 4
0 1 116 28 0 0
0 1 89 29 0 4
0 1 105 42 0 3
0 1 7 3 0 1
0 1 30 47 0 4
0 1 44 11 0 0
