0 1 2 25 0 3
0 1 67 21 1 0
0 1 78 14 0 1
0 1 12 51 0 2
0 1 65 6 1 2
0 1 98 13 1 1
0 1 22 38 0 1
0 1 82 26 0 1
0 1 128 35 0 3
0 1 114 28 1 0
0 1 117 29 1 2
0 1 91 36 1 2
0 1 75 44 1 0
0 1 113 31 0 3
0 1 126 28 1 4
0 1 74 41 0 1
0 1 118 7 1 0
0 1 108 47 1 3
0 1 79 0 0 0
0 1 101 7 1 2
0 1 83 18 1 2
0 1 50 51 1 4
0 1 121 11 0 0
0 1 75 15 0 3
0 1 105 47 0 1
0 1 53 5 1 1
0 1 7 53 1 3
0 1 130 21 1 2
0 1 133 22 0 4
0 1 116 48 0 1
0 1 115 16 0 1
0 1 88 14 0 4
0 1 13 5 1 2
0 1 81 46 0 2
0 1 40 41 1 0
0 1 34 4 1 1
0 1 63 38 1 4
0 1 45 0 0 4
0 1 84 30 1 2
0 1 80 26 0 2
0 1 21 39 0 1
0 1 119 9 1 0
0 1 110 1 1 0
0 1 11 12 1 0
0 1 14 10 1 0
0 1 6 54 0 3
0 1 38 33 0 3
0 1 69 27 1 2
0 1 94 45 0 4
0 1 59 40 0 3
0 1 86 45 1 2
0 1 78 24 1 4
0 1 4 38 0 0
0 1 47 52 1 2
0 1 49 29 1 3
0 1 125 13 1 2
0 1 27 20 0 1
0 1 17 41 1 2
0 1 136 2 1 2
0 1 50 49 0 3
0 1 69 40 0 0
0 1 56 17 1 2
0 1 84 2 0 3
0 1 44 15 0 0
0 1 38 48 1 0
0 1 106 25 1 4
0 1 99 24 0 2
0 1 96 2 0 4
0 1 104 19 0 4
0 1 40 43 0 2
0 1 15 0 1 3
0 1 139 25 0 1
0 1 90 33 0 0
0 1 41 23 0 4
0 1 68 43 1 4
0 1 106 52 0 0
0 1 52 3 1 1
0 1 123 7 1 1
0 1 28 55 1 1
0 1 117 4 0 0
0 1 53 34 0 1
0 1 39 55 1 3
0 1 32 35 1 1
0 1 118 27 0 4
0 1 101 46 0 1
0 1 103 2 0 0
0 1 121 32 1 2
0 1 64 22 1 2
0 1 64 37 0 1
0 1 135 9 1 1
0 1 55 16 0 0
0 1 26 23 0 0
0 1 130 31 0 2
0 1 34 50 0 3
0 1 52 30 0 1
0 1 28 19 0 1
0 1 105 30 1 0
0 1 51 42 1 4
0 1 17 50 0 0
0 1 10 52 0 4
0 1 1 3 1 0
0 1 21 29 1 1
0 1 82 8 1 1
0 1 59 6 1 4
0 1 91 29 0 0
0 1 9 22 0 0
0 1 72 20 1 2
0 1 136 7 0 4
0 1 138 37 0 0
0 1 81 46 1 4
0 1 8 1 1 3
0 1 9 8 1 3
0 1 112 26 1 3
0 1 29 45 0 0
0 1 10 37 1 2
0 1 76 24 1 0
0 1 132 11 0 4
0 1 22 8 1 4
0 1 43 5 1 0
0 1 126 12 0 3
0 1 114 40 0 2
0 1 16 18 0 4
0 1 96 31 1 1
0 1 46 50 0 2
0 1 97 49 0 0
0 1 137 17 1 4
0 1 37 43 1 1
0 1 27 49 1 2
0 1 85 18 1 1
0 1 24 36 0 0
0 1 71 45 0 1
0 1 42 19 0 2
0 1 0 31 0 0
0 1 113 22 1 3
0 1 67 53 0 1
0 1 103 42 1 0
0 1 79 42 1 1
0 1 116 3 1 4
0 1 109 20 0 3
0 1 4 32 1 0
0 1 129 28 0 1
0 1 131 9 0 2
0 1 61 44 1 4
0 1 133 18 1 0
0 1 39 40 0 1
0 1 66 6 0 0
0 1 129 0 1 1
0 1 0 43 1 3
0 1 29 55 1 0
0 1 48 44 0 3
0 1 87 11 1 2
0 1 100 38 1 3
0 1 76 42 0 2
0 1 30 35 1 4
0 1 57 3 0 2
0 1 14 36 0 3
0 1 18 21 1 1
0 1 70 39 0 0
0 1 74 13 1 4
0 1 54 5 1 4
0 1 99 51 1 3
0 1 48 49 1 1
0 1 95 47 0 0
0 1 134 54 0 4
0 1 8 48 0 2
0 1 111 39 0 2
0 1 65 51 0 1
0 1 89 23 1 2
0 1 68 16 0 3
0 1 45 20 1 4
0 1 51 34 0 0
0 1 110 9 0 4
0 1 86 12 0 4
0 1 42 45 1 3
0 1 70 14 1 0
0 1 36 53 0 4
0 1 60 16 1 2
0 1 54 47 0 4
0 1 49 10 0 2
0 1 18 53 0 2
0 1 90 27 1 1
0 1 80 53 1 0
0 1 47 43 0 0
0 1 139 35 1 0
0 1 35 17 1 0
0 1 3 33 1 1
0 1 112 14 0 3
0 1 77 23 1 3
0 1 46 24 1 3
0 1 5 28 0 2
0 1 73 9 0 3
0 1 102 5 1 3
0 1 127 48 1 4
0 1 25 11 1 1
0 1 92 4 0 2
0 1 119 1 0 4
0 1 89 1 0 2
0 1 122 32 0 1
0 1 131 25 1 2
0 1 3 7 0 3
0 1 33 55 0 2
0 1 71 54 1 2
0 1 115 27 1 0
0 1 134 41 1 4
0 1 83 26 0 4
0 1 95 41 1 3
0 1 98 15 0 2
0 1 138 17 1 3
0 1 12 15 1 1
0 1 26 33 1 4
0 1 63 27 0 3
0 1 66 20 1 0
0 1 94 23 1 1
0 1 33 12 1 2
0 1 127 52 0 3
0 1 124 6 1 1
0 1 107 4 0 3
0 1 58 36 1 1
0 1 23 50 0 4
0 1 56 13 0 0
0 1 13 11 0 3
0 1 125 25 0 0
0 1 73 39 1 4
0 1 72 2 0 1
0 1 19 37 1 4
0 1 102 30 0 3
0 1 43 55 0 4
0 1 85 40 0 4
0 1 109 38 1 2
0 1 77 19 0 3
0 1 15 31 0 4
0 1 61 24 0 1
0 1 124 8 0 0
0 1 35 44 0 1
0 1 23 30 1 4
0 1 20 54 1 0
0 1 11 50 0 1
0 1 100 52 0 1
0 1 120 32 1 4
0 1 16 46 1 3
0 1 19 51 0 0
0 1 92 33 1 2
0 1 32 44 0 2
0 1 25 10 0 4
0 1 30 21 0 4
0 1 5 34 1 4
0 1 41 39 1 3
0 1 37 34 0 2
0 1 107 14 1 2
0 1 31 35 0 2
0 1 1 26 0 0
0 1 62 10 1 1
