0 1 85 49 1 0
0 1 35 31 1 1
0 1 72 19 0 0
0 1 134 18 1 1
0 1 82 7 0 0
0 1 5 35 1 1
0 1 4 8 1 2
0 1 86 16 0 1
0 1 99 52 0 4
0 1 46 17 1 1
0 1 113 2 1 3
0 1 58 43 1 3
0 1 117 39 1 3
0 1 26 10 0 1
0 1 129 12 1 0
0 1 51 44 0 3
0 1 22 27 1 1
0 1 124 53 1 2
0 1 59 4 1 0
0 1 107 13 1 2
0 1 86 11 1 0
0 1 28 38 1 1
0 1 8 35 0 2
0 1 9 7 1 1
0 1 83 29 0 2
0 1 129 28 0 4
0 1 68 54 1 1
0 1 37 5 1 1
0 1 98 22 1 4
0 1 138 44 1 4
0 1 119 20 0 2
0 1 10 43 0 1
0 1 45 45 1 1
0 1 2 29 1 1
0 1 71 1 0 1
0 1 38 30 1 0
0 1 34 24 0 4
0 1 48 3 1 2
0 1 34 55 1 3
0 1 92 26 0 3
0 1 68 18 0 0
0 1 84 9 0 0
0 1 105 20 1 1
0 1 11 10 0 3
0 1 30 20 0 4
0 1 17 7 0 2
0 1 19 15 0 3
0 1 105 23 0 0
0 1 139 25 1 4
0 1 84 40 1 3
0 1 132 16 1 0
0 1 108 22 0 1
0 1 103 12 1 2
0 1 102 34 0 2
0 1 106 11 0 4
0 1 85 25 0 2
0 1 30 34 1 3
0 1 100 47 1 0
0 1 91 2 1 2
0 1 90 21 0 2
0 1 52 47 1 3
0 1 132 3 0 3
0 1 13 13 0 3
0 1 33 33 1 2
0 1 115 4 0 1
0 1 6 24 0 3
0 1 135 25 1 3
0 1 80 53 1 0
0 1 139 51 0 3
0 1 55 38 1 4
0 1 25 50 0 2
0 1 44 54 0 4
0 1 138 51 0 1
0 1 89 46 0 2
0 1 75 46 0 4
0 1 80 7 0 4
0 1 122 48 0 3
0 1 19 31 1 3
0 1 37 42 0 0
0 1 49 28 1 1
0 1 76 39 1 1
0 1 114 32 0 0
0 1 23 19 1 4
0 1 60 18 0 3
0 1 1 23 0 4
0 1 66 16 0 3
0 1 50 15 1 0
0 1 120 23 0 1
0 1 88 37 0 1
0 1 131 21 0 0
0 1 119 43 1 4
0 1 62 30 0 1
0 1 111 45 1 0
0 1 134 27 0 2
0 1 54 26 1 4
0 1 64 41 0 3
0 1 56 3 1 4
0 1 20 0 1 4
0 1 78 24 0 1
0 1 100 36 0 1
0 1 43 6 0 0
0 1 136 19 1 2
0 1 18 6 0 2
0 1 7 27 0 0
0 1 6 4 1 3
0 1 40 23 0 3
0 1 72 6 1 3
0 1 41 30 0 2
0 1 79 42 0 3
0 1 81 0 1 2
0 1 27 6 1 4
0 1 101 43 0 0
0 1 107 49 0 2
0 1 70 40 0 1
0 1 74 1 1 0
0 1 112 12 0 3
0 1 17 50 1 4
0 1 133 42 1 1
0 1 108 9 1 4
0 1 98 45 0 3
0 1 136 16 0 4
0 1 53 8 1 1
0 1 113 1 0 3
0 1 13 18 1 2
0 1 31 17 0 2
0 1 54 14 0 0
0 1 97 19 1 1
0 1 24 6 1 1
0 1 77 44 0 1
0 1 93 4 1 2
0 1 97 36 0 2
0 1 12 32 1 4
0 1 4 55 0 1
0 1 18 11 1 2
0 1 7 38 1 0
0 1 106 9 1 3
0 1 126 15 1 4
0 1 51 53 1 1
0 1 42 40 1 0
0 1 16 12 0 4
0 1 45 21 0 4
0 1 120 26 1 2
0 1 14 28 1 2
0 1 87 41 0 4
0 1 79 53 1 3
0 1 104 3 1 0
0 1 3 33 1 1
0 1 127 39 1 2
0 1 123 15 1 2
0 1 20 52 0 1
0 1 110 33 0 3
0 1 118 14 1 1
0 1 55 13 0 0
0 1 8 34 1 0
0 1 64 47 1 4
0 1 128 42 0 4
0 1 121 46 0 0
0 1 0 50 1 1
0 1 15 37 1 2
0 1 21 51 0 0
0 1 53 55 0 4
0 1 32 48 0 0
0 1 76 39 0 0
0 1 63 54 0 0
0 1 61 35 0 0
0 1 67 44 0 2
0 1 77 55 1 0
0 1 36 1 0 4
0 1 57 38 0 2
0 1 65 11 1 1
0 1 89 29 1 4
0 1 125 20 0 0
0 1 71 5 1 4
0 1 14 23 0 2
0 1 28 48 0 4
0 1 88 49 1 1
0 1 92 52 1 3
0 1 124 55 0 2
0 1 40 28 1 0
0 1 128 41 1 1
0 1 104 13 0 1
0 1 42 45 0 4
0 1 38 21 0 1
0 1 44 29 1 0
0 1 33 26 0 1
0 1 110 47 1 1
0 1 127 14 0 3
0 1 24 7 0 3
0 1 133 34 0 1
0 1 10 48 1 2
0 1 49 8 0 4
0 1 83 9 1 1
0 1 125 50 1 3
0 1 48 5 0 2
0 1 58 4 0 4
0 1 16 27 1 3
0 1 94 22 1 3
0 1 27 13 0 4
0 1 95 17 1 4
0 1 66 40 1 4
0 1 62 33 1 0
0 1 123 43 0 2
0 1 116 31 0 4
0 1 93 26 0 0
0 1 9 45 0 2
0 1 26 8 1 3
0 1 112 46 1 3
0 1 23 49 0 3
0 1 39 32 0 3
0 1 31 30 1 3
0 1 87 28 1 3
0 1 131 1 1 2
0 1 69 9 1 2
0 1 130 50 1 0
0 1 73 35 0 4
0 1 122 19 1 3
0 1 22 18 0 4
0 1 135 46 0 1
0 1 137 36 0 3
0 1 90 48 1 1
0 1 57 34 1 4
0 1 29 17 1 0
0 1 56 31 0 2
0 1 63 37 1 3
0 1 109 10 1 2
0 1 2 51 0 4
0 1 115 24 1 0
0 1 116 3 1 1
0 1 69 36 0 4
0 1 109 51 0 2
0 1 102 32 1 2
0 1 126 36 0 0
0 1 70 30 1 4
0 1 50 10 0 0
0 1 74 29 0 3
0 1 39 0 1 0
0 1 47 41 1 2
0 1 67 31 1 0
0 1 95 52 0 2
0 1 60 0 1 1
0 1 3 22 0 0
0 1 46 38 0 3
0 1 0 54 0 2
0 1 96 32 1 1
0 1 73 25 1 0
0 1 111 44 0 0
0 1 101 5 1 0
0 1 36 2 1 0
0 1 94 27 0 4
0 1 29 5 0 3
0 1 91 12 0 1
0 1 52 39 0 4
