0 1 19 8 1 1
0 1 72 12 0 0
0 1 33 0 1 2
0 1 114 45 0 3
0 1 25 23 0 2
0 1 80 17 1 3
0 1 104 18 0 2
0 1 56 52 0 3
0 1 7 40 0 0
0 1 11 16 1 1
0 1 102 26 1 3
0 1 34 21 1 2
0 1 81 4 0 4
0 1 96 27 0 4
0 1 125 3 0 1
0 1 79 24 0 1
0 1 73 42 0 4
0 1 90 5 0 2
0 1 84 20 1 3
0 1 87 4 1 1
0 1 35 37 1 4
0 1 42 5 1 4
0 1 139 21 1 4
0 1 82 47 0 4
0 1 121 29 1 3
0 1 76 28 0 3
0 1 92 9 1 4
0 1 31 43 1 4
0 1 130 7 1 1
0 1 55 16 0 2
0 1 71 33 0 1
0 1 66 17 0 1
0 1 133 43 0 1
0 1 95 42 0 1
0 1 113 32 0 0
0 1 13 41 1 1
0 1 17 34 0 3
0 1 81 55 1 1
0 1 54 30 1 2
0 1 84 50 0 4
0 1 2 40 0 1
0 1 27 13 1 1
0 1 39 46 1 1
0 1 71 44 1 2
0 1 115 44 1 4
0 1 129 35 0 0
0 1 18 30 0 3
0 1 38 28 0 1
0 1 40 22 1 0
0 1 132 14 0 1
0 1 16 38 0 3
0 1 82 55 1 4
0 1 8 1 1 2
0 1 45 34 0 2
0 1 106 49 1 4
0 1 88 14 0 3
0 1 44 19 1 2
0 1 89 43 1 0
0 1 37 36 0 1
0 1 50 12 0 4
0 1 76 34 1 0
0 1 21 45 1 0
0 1 97 15 1 2
0 1 60 29 1 0
0 1 113 2 1 0
0 1 93 51 1 3
0 1 69 33 1 0
0 1 3 44 0 3
0 1 107 25 1 2
0 1 4 20 1 2
0 1 63 26 0 2
0 1 80 37 0 0
0 1 46 51 0 4
0 1 26 19 0 0
0 1 63 46 1 2
0 1 4 6 0 2
0 1 34 52 0 4
0 1 87 54 0 0
0 1 26 28 1 4
0 1 49 50 1 1
0 1 62 8 0 2
0 1 111 36 1 0
0 1 132 48 1 3
0 1 89 25 0 0
0 1 119 46 1 3
0 1 69 47 0 2
0 1 14 19 0 1
0 1 72 2 1 3
0 1 3 10 1 1
0 1 74 13 1 3
0 1 94 45 1 1
0 1 86 31 1 0
0 1 124 9 0 2
0 1 126 51 0 2
0 1 107 53 0 2
0 1 126 11 1 4
0 1 7 42 1 2
0 1 0 3 0 4
0 1 127 38 0 1
0 1 135 13 1 4
0 1 97 5 0 3
0 1 101 17 1 0
0 1 108 10 0 4
0 1 91 54 0 1
0 1 56 1 1 1
0 1 9 38 0 4
0 1 122 15 0 4
0 1 78 50 0 2
0 1 58 40 0 4
0 1 44 31 0 2
0 1 29 22 0 3
0 1 39 35 0 1
0 1 101 10 0 0
0 1 53 25 1 3
0 1 93 16 0 4
0 1 59 27 0 0
0 1 122 36 1 3
0 1 5 21 0 0
0 1 135 8 0 3
0 1 123 16 1 0
0 1 138 24 0 0
0 1 16 24 1 3
0 1 52 31 1 1
0 1 106 41 0 4
0 1 32 39 0 3
0 1 53 39 0 4
0 1 110 23 0 4
0 1 33 20 0 0
0 1 91 5 1 1
0 1 30 38 0 0
0 1 70 54 1 2
0 1 17 52 1 0
0 1 51 2 1 1
0 1 125 11 1 2
0 1 99 39 1 2
0 1 121 11 0 1
0 1 105 12 0 3
0 1 64 12 1 2
0 1 57 39 1 0
0 1 134 53 0 1
0 1 46 36 1 4
0 1 40 40 0 2
0 1 55 1 1 4
0 1 129 24 1 4
0 1 77 6 1 0
0 1 58 26 1 1
0 1 94 41 0 0
0 1 29 54 1 3
0 1 61 30 0 4
0 1 47 25 0 1
0 1 116 52 1 2
0 1 64 53 0 0
0 1 133 31 1 3
0 1 119 32 0 3
0 1 85 21 1 3
0 1 98 27 1 3
0 1 1 1 0 3
0 1 43 35 1 4
0 1 45 0 1 3
0 1 131 54 1 4
0 1 67 48 0 2
0 1 67 52 1 1
0 1 86 13 0 0
0 1 102 15 0 0
0 1 18 18 1 0
0 1 68 5 0 0
0 1 54 23 0 0
0 1 30 29 1 2
0 1 24 18 1 3
0 1 13 0 0 1
0 1 49 33 0 4
0 1 66 27 1 1
0 1 48 51 1 0
0 1 61 46 1 0
0 1 98 34 0 1
0 1 25 36 1 2
0 1 47 19 1 4
0 1 24 8 0 0
0 1 43 9 0 3
0 1 6 49 0 3
0 1 42 41 0 2
0 1 22 9 1 0
0 1 92 14 0 4
0 1 139 15 0 3
0 1 110 6 1 4
0 1 108 9 1 1
0 1 99 28 0 2
0 1 114 16 1 3
0 1 2 44 1 0
0 1 88 29 1 4
0 1 65 46 0 4
0 1 41 45 1 2
0 1 115 35 0 2
0 1 14 50 1 3
0 1 120 45 1 4
0 1 78 30 1 1
0 1 57 53 0 3
0 1 75 4 0 2
0 1 1 14 1 0
0 1 22 42 0 0
0 1 15 11 0 0
0 1 85 0 0 0
0 1 60 11 0 3
0 1 137 13 1 2
0 1 131 23 0 1
0 1 74 32 0 1
0 1 128 14 0 2
0 1 75 6 1 3
0 1 65 40 1 3
0 1 12 18 1 4
0 1 104 25 1 4
0 1 21 7 0 3
0 1 100 41 0 3
0 1 12 31 0 4
0 1 10 4 1 3
0 1 36 10 0 2
0 1 123 22 0 1
0 1 79 7 1 2
0 1 124 27 1 2
0 1 5 39 1 1
0 1 11 55 0 2
0 1 28 3 1 3
0 1 105 26 1 0
0 1 103 0 0 4
0 1 8 32 0 4
0 1 120 10 0 3
0 1 27 43 0 2
0 1 83 20 1 4
0 1 37 37 1 3
0 1 109 29 1 1
0 1 36 3 1 2
0 1 100 47 1 0
0 1 136 7 0 4
0 1 118 26 1 4
0 1 83 24 0 2
0 1 35 44 0 1
0 1 0 2 1 2
0 1 116 50 0 0
0 1 50 51 1 1
0 1 68 47 1 3
0 1 23 20 0 1
0 1 112 21 1 1
0 1 95 33 1 2
0 1 112 33 0 3
0 1 127 38 1 2
0 1 109 42 0 3
0 1 6 8 1 4
0 1 59 17 1 4
0 1 70 49 0 1
0 1 10 28 0 0
0 1 96 48 1 4
0 1 51 47 0 1
