0 1 66 49 1 4
0 1 35 18 1 2
0 1 77 11 0 2
0 1 44 33 1 3
0 1 86 40 1 2
0 1 87 0 0 3
0 1 50 26 0 3
0 1 28 47 1 3
0 1 63 52 0 1
0 1 38 37 0 4
0 1 95 48 0 3
0 1 23 52 1 3
0 1 54 5 0 4
0 1 71 49 1 0
0 1 120 24 1 1
0 1 102 48 1 2
0 1 5 1 0 2
0 1 111 12 0 0
0 1 115 0 1 0
0 1 24 21 0 3
0 1 67 5 0 2
0 1 136 34 0 2
0 1 125 29 0 1
0 1 139 6 1 3
0 1 24 53 1 0
0 1 19 16 1 2
0 1 27 19 1 0
0 1 60 13 0 4
0 1 68 35 1 2
0 1 18 40 1 0
0 1 26 32 0 2
0 1 33 16 0 0
0 1 104 39 1 3
0 1 44 32 0 0
0 1 130 42 1 0
0 1 53 6 0 1
0 1 87 20 1 3
0 1 48 10 0 2
0 1 76 7 0 1
0 1 10 26 0 2
0 1 99 29 0 0
0 1 117 45 1 4
0 1 97 55 0 0
0 1 18 53 0 4
0 1 56 34 1 3
0 1 119 38 1 4
0 1 86 55 0 1
0 1 72 12 1 4
0 1 134 32 0 4
0 1 132 4 1 0
0 1 70 27 1 0
0 1 88 25 1 2
0 1 89 30 1 4
0 1 63 14 1 4
0 1 130 9 0 0
0 1 92 3 1 0
0 1 36 26 0 1
0 1 90 30 1 2
0 1 23 15 0 1
0 1 33 45 1 2
0 1 6 37 0 2
0 1 116 40 0 1
0 1 80 36 0 0
0 1 55 37 1 1
0 1 71 36 0 3
0 1 136 11 1 3
0 1 80 22 1 4
0 1 28 51 0 0
0 1 79 47 0 2
0 1 50 43 1 1
0 1 83 28 0 0
0 1 74 44 0 0
0 1 62 23 0 0
0 1 25 33 1 1
0 1 129 8 1 2
0 1 94 35 1 3
0 1 47 33 1 2
0 1 59 50 0 4
0 1 52 3 1 1
0 1 75 2 0 3
0 1 16 24 1 3
0 1 126 46 1 0
0 1 93 15 1 4
0 1 110 38 0 2
0 1 93 13 0 3
0 1 47 17 0 1
0 1 52 3 0 4
0 1 98 9 1 2
0 1 76 18 1 1
0 1 67 20 1 1
0 1 73 21 1 4
0 1 137 11 1 0
0 1 106 35 0 4
0 1 43 24 1 4
0 1 30 42 0 1
0 1 57 31 0 1
0 1 88 52 0 4
0 1 109 23 0 4
0 1 74 12 1 2
0 1 135 18 1 0
0 1 135 13 0 0
0 1 1 17 0 4
0 1 32 41 1 0
0 1 82 49 0 2
0 1 65 46 1 3
0 1 8 0 1 1
0 1 100 50 1 2
0 1 53 2 1 1
0 1 61 14 1 1
0 1 90 20 0 0
0 1 125 26 1 4
0 1 41 36 1 1
0 1 51 3 1 3
0 1 103 21 1 2
0 1 92 54 0 3
0 1 46 6 0 2
0 1 113 51 1 2
0 1 69 17 0 3
0 1 21 53 1 3
0 1 110 52 1 0
0 1 128 5 0 0
0 1 138 41 1 4
0 1 35 54 0 4
0 1 9 25 0 1
0 1 48 2 1 4
0 1 77 55 1 2
0 1 30 21 1 0
0 1 41 48 0 4
0 1 5 4 1 3
0 1 112 42 1 3
0 1 78 4 1 2
0 1 75 15 1 3
0 1 19 37 0 0
0 1 73 51 0 1
0 1 70 25 0 4
0 1 58 47 1 1
0 1 14 32 0 3
0 1 120 54 0 0
0 1 64 9 1 1
0 1 12 41 1 2
0 1 15 18 1 3
0 1 57 17 1 0
0 1 14 31 1 2
0 1 127 8 0 0
0 1 101 43 0 4
0 1 131 28 1 1
0 1 112 23 0 2
0 1 29 25 1 3
0 1 107 2 0 2
0 1 7 34 1 1
0 1 124 28 1 4
0 1 84 14 1 2
0 1 2 50 0 1
0 1 62 31 1 4
0 1 20 17 1 2
0 1 97 30 1 3
0 1 34 0 1 2
0 1 72 27 0 3
0 1 2 23 1 3
0 1 96 43 0 0
0 1 137 7 0 2
0 1 96 45 1 1
0 1 83 30 1 0
0 1 118 24 0 0
0 1 104 19 0 2
0 1 66 4 0 4
0 1 131 29 0 4
0 1 37 29 0 3
0 1 114 1 0 0
0 1 3 16 1 3
0 1 54 44 1 4
0 1 128 44 1 2
0 1 39 48 1 1
0 1 6 35 1 1
0 1 102 19 0 3
0 1 89 51 0 3
0 1 16 8 0 3
0 1 133 55 1 4
0 1 138 19 0 1
0 1 4 39 1 0
0 1 31 4 0 1
0 1 31 28 1 3
0 1 108 10 1 3
0 1 0 22 1 2
0 1 139 14 0 3
0 1 127 41 1 1
0 1 39 3 0 2
0 1 1 20 1 4
0 1 78 53 0 2
0 1 132 9 0 3
0 1 45 9 0 4
0 1 109 46 1 2
0 1 11 49 0 1
0 1 34 33 0 0
0 1 126 32 0 1
0 1 49 50 1 0
0 1 37 40 1 4
0 1 115 31 0 3
0 1 49 1 0 4
0 1 122 11 0 1
0 1 17 16 1 1
0 1 91 12 1 1
0 1 81 11 1 4
0 1 38 38 1 3
0 1 100 12 0 3
0 1 8 54 0 2
0 1 119 15 0 0
0 1 84 6 0 0
0 1 85 46 1 4
0 1 134 16 1 4
0 1 59 1 1 1
0 1 36 18 1 4
0 1 4 22 0 3
0 1 101 52 1 2
0 1 0 19 0 4
0 1 118 27 1 1
0 1 26 36 1 4
0 1 107 29 1 2
0 1 40 42 0 2
0 1 123 41 0 3
0 1 12 7 0 0
0 1 94 35 0 0
0 1 32 42 0 4
0 1 123 43 1 2
0 1 116 8 1 4
0 1 106 25 1 0
0 1 81 5 0 3
0 1 55 7 0 3
0 1 117 15 0 2
0 1 9 39 1 2
0 1 103 34 0 0
0 1 68 1 0 3
0 1 29 13 0 1
0 1 108 22 0 1
0 1 27 8 0 1
0 1 40 30 1 1
0 1 121 23 0 1
0 1 17 55 0 3
0 1 43 51 0 4
0 1 113 53 0 1
0 1 64 10 0 0
0 1 46 45 1 3
0 1 91 49 0 3
0 1 10 10 1 1
0 1 13 39 1 1
0 1 121 38 1 1
0 1 69 6 1 4
0 1 22 13 1 2
0 1 105 37 0 3
0 1 111 22 1 0
0 1 7 7 0 4
0 1 13 54 0 1
