0 1 38 4 1 3
0 1 85 24 1 1
0 1 62 13 1 4
0 1 47 32 1 2
0 1 14 8 1 2
0 1 61 39 0 1
0 1 123 7 1 2
0 1 17 10 0 3
0 1 4 30 0 4
0 1 61 16 1 2
0 1 86 3 1 3
0 1 29 31 0 0
0 1 73 15 0 2
0 1 75 29 0 1
0 1 18 21 1 2
0 1 76 8 0 1
0 1 56 48 1 1
0 1 78 26 0 1
0 1 22 49 1 4
0 1 96 41 1 2
0 1 72 14 0 2
0 1 14 50 0 4
0 1 119 33 1 2
0 1 111 12 1 0
0 1 127 22 0 1
0 1 13 40 0 1
0 1 18 40 0 2
0 1 39 1 0 1
0 1 26 20 0 2
0 1 132 2 0 4
0 1 76 45 1 1
0 1 90 48 1 0
0 1 10 31 0 1
0 1 12 53 0 0
0 1 16 36 1 0
0 1 67 11 1 4
0 1 79 5 1 2
0 1 42 55 0 4
0 1 68 25 1 4
0 1 59 38 0 2
0 1 139 9 0 4
0 1 130 51 1 3
0 1 50 21 0 0
0 1 136 37 0 1
0 1 12 0 1 3
0 1 46 24 0 0
0 1 101 55 1 3
0 1 117 2 1 1
0 1 30 51 1 4
0 1 87 17 0 4
0 1 123 42 0 2
0 1 66 41 0 4
0 1 13 5 1 0
0 1 2 53 0 2
0 1 110 10 0 1
0 1 19 44 1 2
0 1 55 32 1 0
0 1 65 36 1 4
0 1 126 17 0 1
0 1 112 47 0 4
0 1 70 28 0 2
0 1 69 0 1 4
0 1 1 27 1 4
0 1 6 37 0 3
0 1 29 34 1 3
0 1 0 16 0 1
0 1 8 54 1 1
0 1 118 6 1 2
0 1 126 30 1 3
0 1 128 14 1 1
0 1 7 18 1 1
0 1 90 29 0 4
0 1 104 14 1 3
0 1 105 17 0 0
0 1 64 6 1 1
0 1 77 25 1 3
0 1 24 52 1 4
0 1 8 45 0 0
0 1 4 43 1 1
0 1 19 15 0 0
0 1 38 51 0 0
0 1 64 23 0 3
0 1 121 0 1 0
0 1 133 46 1 3
0 1 74 4 0 4
0 1 65 39 0 3
0 1 137 12 1 2
0 1 5 3 0 2
0 1 72 38 1 0
0 1 27 35 1 0
0 1 79 26 0 2
0 1 109 36 0 2
0 1 83 55 1 1
0 1 25 6 0 0
0 1 92 54 1 2
0 1 81 27 1 0
0 1 24 19 0 2
0 1 115 9 0 3
0 1 66 27 1 3
0 1 21 34 0 2
0 1 10 38 1 3
0 1 82 11 0 2
0 1 127 16 1 3
0 1 124 28 0 0
0 1 107 2 1 3
0 1 106 42 1 3
0 1 54 29 1 2
0 1 88 34 1 1
0 1 103 47 1 1
0 1 32 44 0 4
0 1 28 31 1 3
0 1 46 24 1 4
0 1 133 22 0 4
0 1 112 22 1 3
0 1 53 13 1 2
0 1 35 52 0 2
0 1 111 7 0 3
0 1 41 32 1 3
0 1 86 9 0 1
0 1 15 48 1 4
0 1 124 46 1 1
0 1 121 33 0 4
0 1 35 4 1 2
0 1 122 2 0 2
0 1 118 33 0 0
0 1 57 43 1 3
0 1 80 18 0 0
0 1 44 53 0 1
0 1 68 53 0 3
0 1 94 42 1 4
0 1 63 18 0 3
0 1 89 34 0 4
0 1 28 35 0 2
0 1 102 19 1 4
0 1 138 46 1 4
0 1 11 37 1 2
0 1 30 26 0 4
0 1 71 11 1 3
0 1 52 49 0 0
0 1 125 4 1 0
0 1 41 22 0 0
0 1 33 15 1 1
0 1 113 25 1 2
0 1 36 9 0 0
0 1 100 33 1 3
0 1 15 36 0 1
0 1 77 20 0 0
0 1 9 1 0 4
0 1 32 32 1 4
0 1 92 29 0 0
0 1 36 41 1 3
0 1 135 21 1 4
0 1 95 37 0 4
0 1 93 13 0 3
0 1 62 8 0 4
0 1 48 11 1 0
0 1 97 33 1 1
0 1 120 7 0 4
0 1 60 46 0 2
0 1 129 19 0 0
0 1 20 44 1 3
0 1 37 40 1 4
0 1 0 50 1 2
0 1 117 1 0 3
0 1 108 52 1 1
0 1 137 30 0 2
0 1 134 45 0 2
0 1 139 23 1 4
0 1 45 39 1 0
0 1 58 45 1 3
0 1 57 14 0 0
0 1 115 30 1 0
0 1 47 42 0 0
0 1 85 50 0 0
0 1 50 12 1 3
0 1 31 3 0 4
0 1 131 35 1 4
0 1 42 27 1 2
0 1 125 20 0 4
0 1 71 28 0 3
0 1 134 3 1 0
0 1 87 5 1 3
0 1 135 52 0 0
0 1 21 38 1 4
0 1 9 16 1 0
0 1 31 20 1 1
0 1 93 42 1 1
0 1 99 10 0 4
0 1 69 19 0 1
0 1 81 48 0 3
0 1 100 50 0 1
0 1 107 9 0 2
0 1 99 8 1 0
0 1 37 40 0 0
0 1 131 41 0 0
0 1 110 55 1 2
0 1 63 35 1 3
0 1 45 29 0 3
0 1 88 35 0 1
0 1 119 39 0 2
0 1 114 51 1 2
0 1 20 36 0 3
0 1 11 28 0 4
0 1 34 16 1 4
0 1 43 54 1 3
0 1 105 46 1 0
0 1 26 17 1 3
0 1 129 13 1 0
0 1 2 6 1 3
0 1 122 30 1 1
0 1 84 47 1 0
0 1 84 50 0 3
0 1 23 7 0 1
0 1 55 44 0 1
0 1 91 25 0 1
0 1 138 47 0 2
0 1 59 0 1 2
0 1 48 49 0 3
0 1 83 48 0 2
0 1 58 55 0 0
0 1 132 19 1 3
0 1 49 38 1 1
0 1 51 54 1 4
0 1 78 14 1 4
0 1 60 15 1 4
0 1 17 26 1 0
0 1 116 23 1 2
0 1 113 37 0 0
0 1 136 24 1 3
0 1 43 34 0 0
0 1 16 0 0 1
0 1 27 43 0 0
0 1 97 13 0 1
0 1 75 40 1 3
0 1 3 20 0 3
0 1 39 10 1 0
0 1 101 18 0 4
0 1 54 21 0 1
0 1 106 8 0 3
0 1 52 17 1 2
0 1 33 39 0 4
0 1 74 31 1 2
0 1 103 26 0 3
0 1 89 47 1 3
0 1 3 7 1 0
0 1 7 11 0 1
0 1 73 10 1 2
0 1 95 41 1 1
0 1 23 15 1 3
0 1 25 24 1 2
0 1 5 1 1 2
0 1 98 51 1 1
