0 1 133 29 0 1
0 1 125 47 0 1
0 1 94 53 1 1
0 1 106 5 1 0
0 1 41 46 0 1
0 1 112 39 0 1
0 1 112 19 1 3
0 1 116 49 0 2
0 1 118 5 1 3
0 1 102 40 1 2
0 1 45 18 1 3
0 1 67 21 1 4
0 1 25 27 0 0
0 1 79 21 1 0
0 1 126 45 0 0
0 1 62 33 0 0
0 1 34 53 0 0
0 1 44 32 1 3
0 1 27 29 1 0
0 1 138 16 1 1
0 1 6 4 1 3
0 1 134 33 0 4
0 1 85 20 0 1
0 1 40 40 1 1
0 1 24 2 1 3
0 1 80 39 1 0
0 1 49 16 0 3
0 1 76 43 1 2
0 1 56 25 0 2
0 1 43 4 1 0
0 1 57 35 1 4
0 1 137 29 0 2
0 1 53 8 1 1
0 1 94 4 0 1
0 1 48 32 1 2
0 1 127 22 0 2
0 1 20 46 1 3
0 1 96 2 0 1
0 1 120 42 1 1
0 1 13 28 0 3
0 1 115 2 1 4
0 1 138 41 0 2
0 1 8 45 1 3
0 1 136 45 1 2
0 1 54 28 1 2
0 1 35 31 0 0
0 1 114 17 1 4
0 1 30 42 1 0
0 1 124 24 1 4
0 1 33 50 1 4
0 1 78 51 0 4
0 1 73 13 0 4
0 1 0 38 1 1
0 1 7 54 0 2
0 1 27 54 0 4
0 1 69 14 0 3
0 1 74 55 1 3
0 1 3 55 1 0
0 1 13 6 1 1
0 1 98 14 1 2
0 1 31 11 0 4
0 1 11 36 1 3
0 1 91 6 0 2
0 1 107 1 0 4
0 1 116 23 1 0
0 1 111 14 1 0
0 1 90 38 1 2
0 1 132 45 1 4
0 1 139 37 1 1
0 1 113 28 1 0
0 1 123 33 0 2
0 1 19 9 0 0
0 1 137 34 1 3
0 1 83 10 1 3
0 1 1 47 0 4
0 1 115 49 0 1
0 1 139 40 0 0
0 1 40 15 0 0
0 1 39 30 0 1
0 1 35 25 1 4
0 1 99 13 1 2
0 1 127 51 1 2
0 1 23 2 1 2
0 1 130 44 1 1
0 1 55 22 0 3
0 1 90 53 0 4
0 1 29 49 1 0
0 1 34 33 1 1
0 1 52 29 0 3
0 1 135 17 1 0
0 1 60 25 0 3
0 1 37 10 1 2
0 1 5 38 0 0
0 1 7 28 1 4
0 1 89 6 0 0
0 1 82 31 1 2
0 1 104 14 0 4
0 1 1 15 1 4
0 1 101 46 1 4
0 1 32 54 0 0
0 1 58 52 0 2
0 1 97 3 0 1
0 1 24 50 0 2
0 1 52 51 1 0
0 1 84 6 0 4
0 1 21 16 1 4
0 1 66 28 0 1
0 1 117 1 1 3
0 1 42 3 1 2
0 1 109 55 0 4
0 1 66 53 1 2
0 1 48 37 0 4
0 1 96 34 1 2
0 1 119 40 0 4
0 1 22 27 0 1
0 1 68 23 0 2
0 1 51 7 1 3
0 1 4 54 0 1
0 1 2 3 1 0
0 1 17 48 0 0
0 1 3 35 0 3
0 1 99 50 0 0
0 1 10 12 1 2
0 1 135 38 0 3
0 1 134 49 1 4
0 1 101 0 0 1
0 1 98 27 0 2
0 1 31 12 1 3
0 1 19 21 1 1
0 1 18 13 0 3
0 1 84 24 1 3
0 1 23 26 0 2
0 1 11 37 0 3
0 1 65 35 1 0
0 1 41 41 1 4
0 1 26 36 1 2
0 1 64 43 1 0
0 1 42 8 0 0
0 1 103 9 0 1
0 1 4 23 1 3
0 1 14 13 1 0
0 1 113 23 0 4
0 1 20 15 0 2
0 1 6 24 0 2
0 1 100 6 0 3
0 1 108 7 1 0
0 1 79 1 0 0
0 1 89 22 1 0
0 1 2 52 0 1
0 1 122 11 0 2
0 1 93 26 0 4
0 1 50 33 1 3
0 1 49 8 1 2
0 1 78 48 1 1
0 1 46 1 0 2
0 1 121 45 1 1
0 1 82 3 0 3
0 1 71 9 1 4
0 1 105 55 1 1
0 1 110 20 1 4
0 1 32 0 1 3
0 1 56 5 1 4
0 1 91 42 1 2
0 1 37 47 0 0
0 1 120 17 0 3
0 1 5 42 1 3
0 1 67 8 0 4
0 1 69 11 1 1
0 1 122 43 1 4
0 1 110 18 0 2
0 1 62 0 1 0
0 1 83 25 0 1
0 1 80 18 0 4
0 1 68 18 1 1
0 1 106 51 0 1
0 1 87 27 0 4
0 1 53 26 0 1
0 1 104 20 1 0
0 1 60 8 1 3
0 1 108 52 0 0
0 1 76 11 0 3
0 1 92 36 1 4
0 1 47 42 0 4
0 1 124 7 0 4
0 1 117 22 0 4
0 1 43 19 0 1
0 1 39 43 1 1
0 1 125 31 1 4
0 1 128 21 1 3
0 1 95 52 0 3
0 1 55 4 1 4
0 1 119 44 1 4
0 1 9 20 1 2
0 1 77 22 1 1
0 1 47 46 1 2
0 1 14 49 0 3
0 1 81 32 1 4
0 1 38 54 0 3
0 1 29 44 0 0
0 1 58 19 1 4
0 1 70 26 0 0
0 1 93 39 1 2
0 1 71 12 0 0
0 1 81 24 0 1
0 1 128 12 0 4
0 1 15 17 0 1
0 1 17 15 1 3
0 1 131 26 1 3
0 1 61 47 0 2
0 1 88 50 1 3
0 1 92 2 0 0
0 1 28 36 0 1
0 1 10 50 0 1
0 1 50 41 0 1
0 1 65 43 0 3
0 1 85 44 1 3
0 1 30 0 0 4
0 1 70 19 1 0
0 1 97 25 1 0
0 1 73 30 1 2
0 1 74 7 0 2
0 1 118 35 0 2
0 1 87 37 1 0
0 1 75 48 1 4
0 1 54 52 0 4
0 1 121 16 0 2
0 1 59 37 1 2
0 1 0 39 0 3
0 1 109 34 1 0
0 1 86 14 1 1
0 1 9 32 0 0
0 1 133 53 1 3
0 1 46 9 1 3
0 1 51 12 0 1
0 1 77 1 0 1
0 1 26 15 0 1
0 1 63 47 0 3
0 1 38 34 1 1
0 1 64 18 0 0
0 1 28 5 1 2
0 1 88 32 0 1
0 1 36 23 0 1
0 1 130 10 0 0
0 1 75 41 0 0
0 1 72 24 0 0
0 1 44 30 0 0
0 1 15 16 1 0
0 1 36 19 1 2
0 1 57 21 0 2
0 1 126 34 1 4
0 1 45 0 0 2
0 1 22 48 1 3
