0 1 36 9 1 1
0 1 77 27 1 2
0 1 65 27 1 4
0 1 85 52 1 4
0 1 50 36 0 2
0 1 2 55 1 4
0 1 24 55 1 1
0 1 34 15 0 2
0 1 73 22 0 2
0 1 39 49 1 2
0 1 38 51 0 0
0 1 129 18 0 1
0 1 43 46 0 0
0 1 14 23 0 1
0 1 45 38 0 4
0 1 37 19 0 0
0 1 58 21 1 1
0 1 10 54 1 2
0 1 16 33 0 4
0 1 94 30 1 3
0 1 87 35 1 1
0 1 40 47 1 4
0 1 33 41 0 0
0 1 17 39 0 4
0 1 106 18 0 2
0 1 124 24 1 0
0 1 132 32 0 0
0 1 1 9 0 0
0 1 62 12 0 3
0 1 18 20 1 3
0 1 125 53 1 1
0 1 121 4 0 2
0 1 120 39 0 3
0 1 45 2 1 3
0 1 40 53 0 3
0 1 135 52 0 2
0 1 108 50 0 3
0 1 131 46 0 3
0 1 59 35 0 2
0 1 14 2 1 1
0 1 111 50 0 1
0 1 37 37 1 2
0 1 71 30 0 4
0 1 23 6 0 2
0 1 0 26 1 1
0 1 114 38 1 2
0 1 32 28 0 4
0 1 10 11 0 3
0 1 94 51 0 3
0 1 138 47 1 0
0 1 91 42 0 3
0 1 26 17 1 0
0 1 88 0 0 3
0 1 2 5 0 2
0 1 36 11 0 0
0 1 41 17 0 2
0 1 27 19 1 2
0 1 68 8 1 2
0 1 104 41 0 2
0 1 103 6 1 0
0 1 93 33 0 3
0 1 92 48 0 2
0 1 5 49 0 1
0 1 117 48 0 0
0 1 121 31 1 1
0 1 47 28 1 0
0 1 137 13 0 4
0 1 100 21 1 3
0 1 17 16 1 0
0 1 133 15 1 3
0 1 54 0 1 2
0 1 61 55 1 3
0 1 31 49 0 3
0 1 56 0 1 4
0 1 114 23 0 4
0 1 113 55 1 0
0 1 29 28 1 1
0 1 31 45 1 4
0 1 49 46 0 1
0 1 83 32 0 4
0 1 109 5 0 1
0 1 139 24 1 4
0 1 82 10 0 3
0 1 9 25 0 2
0 1 103 40 0 3
0 1 81 2 1 4
0 1 13 1 1 4
0 1 130 20 1 1
0 1 110 43 1 2
0 1 124 48 0 1
0 1 57 12 0 0
0 1 98 29 0 2
0 1 74 9 0 2
0 1 22 25 1 0
0 1 20 44 1 0
0 1 21 53 0 0
0 1 21 36 1 4
0 1 92 6 1 3
0 1 79 19 0 3
0 1 105 31 1 2
0 1 39 3 0 1
0 1 119 43 0 3
0 1 80 3 0 4
0 1 48 9 0 4
0 1 115 27 1 0
0 1 34 31 1 0
0 1 28 29 1 1
0 1 44 52 1 3
0 1 13 36 0 1
0 1 50 7 1 0
0 1 9 25 1 1
0 1 49 26 1 3
0 1 84 7 1 4
0 1 46 54 0 0
0 1 24 29 0 0
0 1 4 38 1 1
0 1 104 22 1 0
0 1 63 7 1 1
0 1 54 17 0 4
0 1 52 43 1 4
0 1 115 31 0 4
0 1 109 10 1 4
0 1 70 34 1 4
0 1 107 33 1 2
0 1 66 4 1 3
0 1 87 54 0 3
0 1 33 13 1 2
0 1 126 10 1 2
0 1 139 5 0 3
0 1 102 14 0 2
0 1 55 0 0 0
0 1 82 42 1 1
0 1 84 12 0 4
0 1 52 21 0 2
0 1 53 8 0 3
0 1 101 13 1 0
0 1 41 54 1 1
0 1 118 26 1 2
0 1 70 3 0 3
0 1 51 44 1 3
0 1 76 12 0 1
0 1 5 43 1 0
0 1 83 24 1 1
0 1 112 46 1 2
0 1 97 3 0 2
0 1 25 16 0 3
0 1 61 1 0 1
0 1 123 20 1 2
0 1 122 35 1 3
0 1 69 42 0 2
0 1 120 11 1 4
0 1 97 4 1 0
0 1 12 51 0 4
0 1 15 18 1 0
0 1 118 40 0 0
0 1 106 27 1 1
0 1 35 32 1 2
0 1 88 1 1 2
0 1 107 17 0 3
0 1 42 45 0 3
0 1 48 34 1 2
0 1 99 16 1 2
0 1 100 28 0 3
0 1 72 52 1 1
0 1 8 1 0 3
0 1 74 9 1 3
0 1 30 2 1 2
0 1 99 34 0 3
0 1 105 50 0 2
0 1 35 23 0 0
0 1 126 3 0 0
0 1 112 8 0 1
0 1 91 37 1 4
0 1 64 51 1 1
0 1 130 37 0 0
0 1 86 7 1 2
0 1 11 28 1 2
0 1 95 29 0 4
0 1 78 40 0 1
0 1 125 34 0 1
0 1 3 21 1 0
0 1 58 8 0 4
0 1 135 16 1 1
0 1 67 44 1 2
0 1 19 5 1 4
0 1 134 14 0 1
0 1 98 49 1 4
0 1 95 5 1 0
0 1 137 44 1 1
0 1 81 19 0 1
0 1 93 42 1 4
0 1 56 32 0 3
0 1 138 36 0 0
0 1 6 16 1 4
0 1 131 39 1 0
0 1 62 20 1 4
0 1 26 15 0 4
0 1 29 23 0 2
0 1 113 4 0 1
0 1 30 25 0 3
0 1 7 6 0 4
0 1 129 7 1 3
0 1 0 38 0 0
0 1 111 47 1 1
0 1 116 22 0 1
0 1 1 44 1 4
0 1 116 33 1 1
0 1 60 54 0 4
0 1 89 27 1 3
0 1 123 55 0 2
0 1 96 15 1 1
0 1 59 2 1 0
0 1 72 39 0 2
0 1 66 17 0 1
0 1 22 8 0 0
0 1 55 4 1 4
0 1 27 48 0 3
0 1 75 45 1 1
0 1 19 14 0 4
0 1 75 18 0 4
0 1 25 22 1 4
0 1 71 23 1 3
0 1 85 15 0 0
0 1 42 19 1 4
0 1 43 13 1 3
0 1 11 30 0 0
0 1 44 42 0 0
0 1 128 29 1 3
0 1 76 41 1 1
0 1 51 41 0 3
0 1 46 13 1 1
0 1 4 39 0 1
0 1 65 53 0 4
0 1 20 47 0 2
0 1 67 45 0 2
0 1 3 48 0 4
0 1 7 37 1 1
0 1 32 46 1 4
0 1 90 18 1 3
0 1 16 6 1 1
0 1 133 45 0 0
0 1 77 14 0 3
0 1 57 11 1 1
0 1 23 10 1 0
0 1 78 35 1 4
0 1 79 1 1 0
0 1 136 31 1 3
0 1 28 32 0 1
0 1 47 41 0 4
0 1 15 20 0 0
0 1 136 24 0 3
0 1 64 30 0 1
