0 1 26 17 0 3
0 1 44 24 1 1
0 1 121 28 1 4
0 1 93 11 1 1
0 1 43 24 1 0
0 1 43 20 0 2
0 1 18 25 1 2
0 1 26 50 1 2
0 1 35 52 1 4
0 1 101 6 0 4
0 1 53 1 1 4
0 1 11 13 1 3
0 1 102 27 1 2
0 1 49 10 0 0
0 1 37 24 0 2
0 1 104 44 0 4
0 1 75 5 1 2
0 1 105 52 1 0
0 1 122 9 1 0
0 1 95 0 1 2
0 1 54 39 0 3
0 1 66 30 0 2
0 1 82 35 0 1
0 1 40 3 0 0
0 1 78 6 1 2
0 1 21 7 0 1
0 1 34 23 1 4
0 1 80 9 0 3
0 1 123 22 1 1
0 1 39 19 0 4
0 1 66 32 1 0
0 1 61 51 1 3
0 1 55 18 1 0
0 1 69 43 1 3
0 1 14 5 1 3
0 1 46 45 0 3
0 1 8 18 1 4
0 1 76 5 0 4
0 1 58 15 1 1
0 1 84 46 0 2
0 1 23 47 1 1
0 1 136 42 0 1
0 1 25 23 0 2
0 1 20 42 0 4
0 1 27 4 0 3
0 1 106 25 0 4
0 1 27 27 1 4
0 1 101 45 1 0
0 1 34 16 0 3
0 1 70 10 0 4
0 1 21 53 1 3
0 1 32 14 1 3
0 1 76 18 1 3
0 1 42 37 1 3
0 1 5 43 1 4
0 1 20 31 1 1
0 1 107 48 1 0
0 1 70 47 1 0
0 1 37 8 1 0
0 1 55 36 0 0
0 1 13 16 1 2
0 1 79 33 1 0
0 1 48 2 1 2
0 1 129 8 0 1
0 1 67 38 1 4
0 1 100 32 0 1
0 1 85 46 0 1
0 1 64 54 1 2
0 1 81 52 0 3
0 1 6 25 1 0
0 1 95 26 0 4
0 1 59 21 1 2
0 1 114 13 1 0
0 1 74 1 1 0
0 1 9 32 0 4
0 1 134 49 0 1
0 1 30 31 1 0
0 1 123 2 0 3
0 1 131 55 0 1
0 1 96 27 1 3
0 1 127 33 1 3
0 1 31 30 0 3
0 1 100 38 1 0
0 1 57 41 0 4
0 1 35 12 0 0
0 1 3 44 1 0
0 1 4 33 0 2
0 1 81 28 1 2
0 1 137 41 0 3
0 1 109 8 1 3
0 1 112 15 1 0
0 1 30 12 0 2
0 1 129 22 1 0
0 1 89 27 0 1
0 1 116 49 0 2
0 1 51 53 1 0
0 1 74 37 0 0
0 1 139 14 0 2
0 1 104 31 1 3
0 1 29 0 1 3
0 1 19 10 1 3
0 1 91 39 1 2
0 1 110 40 0 3
0 1 36 54 0 4
0 1 91 29 0 3
0 1 126 50 1 4
0 1 8 42 0 3
0 1 56 34 0 4
0 1 40 40 1 2
0 1 115 3 0 2
0 1 2 49 0 3
0 1 5 1 0 1
0 1 32 29 0 2
0 1 31 36 1 2
0 1 109 21 0 3
0 1 125 43 0 2
0 1 19 11 0 4
0 1 9 37 1 2
0 1 2 0 1 1
0 1 61 34 0 1
0 1 59 11 0 3
0 1 94 53 0 4
0 1 130 39 1 0
0 1 50 26 1 0
0 1 16 44 0 1
0 1 38 8 0 2
0 1 127 55 0 2
0 1 45 19 1 1
0 1 50 40 0 0
0 1 128 0 1 0
0 1 112 6 0 3
0 1 103 46 1 3
0 1 135 16 0 4
0 1 88 5 0 0
0 1 106 37 1 1
0 1 119 40 1 4
0 1 24 4 1 2
0 1 63 18 0 1
0 1 93 8 0 4
0 1 97 47 1 4
0 1 126 16 0 1
0 1 28 25 0 1
0 1 42 31 0 4
0 1 63 41 1 0
0 1 79 26 0 3
0 1 64 7 0 2
0 1 90 4 0 1
0 1 134 54 1 0
0 1 73 19 0 2
0 1 75 55 0 0
0 1 124 17 0 4
0 1 98 9 1 2
0 1 62 54 1 3
0 1 16 36 1 1
0 1 71 51 0 4
0 1 89 27 1 0
0 1 117 48 0 1
0 1 113 28 0 3
0 1 88 19 1 0
0 1 36 41 1 2
0 1 52 38 0 2
0 1 139 11 1 0
0 1 24 28 0 0
0 1 97 49 0 0
0 1 138 51 1 2
0 1 68 12 1 1
0 1 133 26 1 2
0 1 38 3 1 4
0 1 58 2 0 4
0 1 11 29 0 4
0 1 108 34 0 0
0 1 117 13 1 2
0 1 84 7 1 4
0 1 52 35 1 2
0 1 44 46 0 0
0 1 107 33 0 1
0 1 51 38 0 3
0 1 92 3 1 1
0 1 60 14 0 1
0 1 71 39 1 1
0 1 12 17 0 2
0 1 96 23 0 1
0 1 68 52 0 2
0 1 94 51 1 0
0 1 15 44 1 2
0 1 28 45 1 4
0 1 33 36 0 3
0 1 54 48 1 4
0 1 119 41 0 1
0 1 83 45 0 1
0 1 124 7 1 3
0 1 0 29 0 0
0 1 102 19 0 3
0 1 10 5 0 1
0 1 69 50 0 3
0 1 10 6 1 0
0 1 78 53 0 1
0 1 53 34 0 2
0 1 73 9 1 4
0 1 4 51 1 1
0 1 90 32 1 3
0 1 87 47 0 2
0 1 103 24 0 4
0 1 131 23 1 0
0 1 120 47 1 3
0 1 49 30 1 0
0 1 133 43 0 1
0 1 18 12 0 3
0 1 23 9 0 1
0 1 22 2 1 0
0 1 92 35 0 3
0 1 98 48 0 2
0 1 7 28 1 1
0 1 46 22 1 3
0 1 87 14 1 0
0 1 65 10 1 1
0 1 99 16 0 0
0 1 57 44 1 3
0 1 13 48 0 3
0 1 47 43 0 0
0 1 135 23 1 3
0 1 0 6 1 1
0 1 41 20 0 4
0 1 72 10 1 2
0 1 60 38 1 1
0 1 115 30 1 1
0 1 33 17 1 0
0 1 132 21 0 0
0 1 125 34 1 3
0 1 136 20 1 0
0 1 111 13 1 4
0 1 130 36 0 4
0 1 128 25 0 3
0 1 39 21 1 1
0 1 110 20 1 1
0 1 99 1 1 3
0 1 122 40 0 1
0 1 118 35 0 4
0 1 6 7 0 0
0 1 108 55 1 4
0 1 22 11 0 2
0 1 86 12 1 4
0 1 41 53 1 2
0 1 12 49 1 4
0 1 138 50 0 1
0 1 1 37 0 4
0 1 56 15 1 2
0 1 77 1 0 2
0 1 132 20 1 3
0 1 48 0 0 4
0 1 137 42 1 0
0 1 1 33 1 4
