0 1 43 7 1 1
0 1 66 6 0 0
0 1 64 24 0 2
0 1 59 44 1 1
0 1 76 21 0 3
0 1 68 16 0 1
0 1 83 23 1 1
0 1 86 31 0 4
0 1 112 53 0 2
0 1 58 26 1 4
0 1 89 27 1 2
0 1 118 11 0 4
0 1 12 10 0 1
0 1 32 39 0 1
0 1 73 48 1 4
0 1 35 1 0 1
0 1 78 31 1 1
0 1 70 21 0 2
0 1 19 16 0 0
0 1 88 37 1 0
0 1 82 22 0 2
0 1 88 33 0 2
0 1 50 23 0 3
0 1 10 46 1 0
0 1 60 24 0 1
0 1 122 18 1 3
0 1 60 53 1 3
0 1 127 3 0 1
0 1 18 40 1 1
0 1 29 50 1 0
0 1 119 33 0 0
0 1 46 35 1 2
0 1 28 52 0 0
0 1 7 11 0 2
0 1 131 8 0 0
0 1 21 44 0 3
0 1 111 46 1 2
0 1 53 2 1 4
0 1 85 20 1 0
0 1 41 38 0 0
0 1 9 45 1 1
0 1 68 2 1 3
0 1 64 17 1 1
0 1 6 49 0 1
0 1 71 8 1 1
0 1 47 54 0 4
0 1 37 55 0 2
0 1 62 0 0 3
0 1 136 21 1 0
0 1 85 20 0 3
0 1 14 2 1 2
0 1 45 18 0 1
0 1 56 43 1 3
0 1 45 19 1 0
0 1 42 0 1 1
0 1 62 30 1 4
0 1 0 9 1 3
0 1 110 1 1 0
0 1 69 7 1 2
0 1 55 14 0 3
0 1 73 15 0 0
0 1 113 10 1 2
0 1 54 25 1 0
0 1 15 22 1 4
0 1 130 50 0 4
0 1 117 32 0 1
0 1 97 26 1 3
0 1 61 49 0 4
0 1 117 13 1 1
0 1 36 4 0 2
0 1 20 47 1 3
0 1 16 4 0 3
0 1 90 52 0 4
0 1 124 42 1 3
0 1 118 30 1 0
0 1 100 42 1 4
0 1 116 24 0 4
0 1 133 3 1 2
0 1 4 12 0 4
0 1 132 48 1 3
0 1 81 12 0 2
0 1 4 32 1 2
0 1 126 33 1 4
0 1 42 29 0 0
0 1 39 39 0 0
0 1 20 20 0 4
0 1 65 27 1 3
0 1 48 34 1 3
0 1 123 9 1 4
0 1 90 29 1 4
0 1 125 6 0 3
0 1 10 41 0 3
0 1 14 5 0 3
0 1 37 19 1 2
0 1 98 25 0 4
0 1 79 3 0 4
0 1 40 16 1 3
0 1 108 30 0 1
0 1 97 7 0 0
0 1 107 25 0 1
0 1 87 55 0 3
0 1 114 28 0 3
0 1 124 6 0 4
0 1 46 44 0 0
0 1 2 41 1 0
0 1 128 38 0 1
0 1 55 42 1 2
0 1 7 55 1 4
0 1 122 47 0 0
0 1 5 25 0 3
0 1 51 51 0 4
0 1 28 11 1 1
0 1 53 26 0 2
0 1 50 14 1 0
0 1 41 25 1 2
0 1 137 52 1 2
0 1 80 40 0 2
0 1 105 52 1 1
0 1 132 21 0 1
0 1 75 15 0 1
0 1 26 19 0 1
0 1 65 32 0 3
0 1 9 35 0 1
0 1 100 49 0 0
0 1 40 17 0 3
0 1 67 10 1 3
0 1 3 18 0 4
0 1 115 50 0 3
0 1 17 36 1 4
0 1 17 36 0 2
0 1 125 45 1 0
0 1 130 43 1 1
0 1 104 53 1 1
0 1 106 35 1 4
0 1 0 55 0 1
0 1 89 37 0 1
0 1 31 18 0 0
0 1 33 43 1 4
0 1 104 22 0 3
0 1 22 10 0 4
0 1 136 28 0 1
0 1 57 31 1 0
0 1 109 42 1 0
0 1 95 29 1 1
0 1 72 19 0 3
0 1 109 30 0 2
0 1 58 38 0 4
0 1 44 4 0 1
0 1 95 26 0 0
0 1 134 5 0 0
0 1 99 39 0 2
0 1 6 54 1 1
0 1 23 10 0 0
0 1 51 9 1 2
0 1 135 47 0 2
0 1 56 0 0 2
0 1 86 8 1 4
0 1 135 3 1 3
0 1 82 23 1 2
0 1 25 31 1 2
0 1 84 5 1 1
0 1 52 44 1 4
0 1 77 13 1 0
0 1 92 46 1 4
0 1 31 28 1 0
0 1 5 33 1 1
0 1 139 15 1 3
0 1 48 17 0 0
0 1 34 1 0 3
0 1 63 27 1 1
0 1 38 22 0 1
0 1 99 51 1 3
0 1 61 15 1 2
0 1 74 11 0 3
0 1 24 30 1 3
0 1 11 26 0 1
0 1 13 2 0 1
0 1 77 40 0 3
0 1 91 47 1 4
0 1 96 23 0 0
0 1 12 0 1 4
0 1 83 1 0 4
0 1 120 53 1 4
0 1 24 27 0 0
0 1 96 50 1 1
0 1 94 40 1 0
0 1 126 39 0 3
0 1 47 41 1 2
0 1 106 3 0 0
0 1 34 0 1 0
0 1 102 42 1 1
0 1 78 54 0 0
0 1 66 48 1 0
0 1 98 14 1 1
0 1 115 8 1 3
0 1 11 5 1 4
0 1 33 34 0 1
0 1 84 16 0 2
0 1 30 38 1 3
0 1 134 16 1 4
0 1 138 12 1 0
0 1 92 36 0 0
0 1 137 7 0 4
0 1 72 48 1 1
0 1 131 52 1 3
0 1 110 33 0 3
0 1 138 31 0 3
0 1 63 13 0 4
0 1 21 14 1 2
0 1 101 51 0 1
0 1 71 35 0 3
0 1 59 12 0 1
0 1 129 43 1 2
0 1 93 34 0 2
0 1 25 4 0 0
0 1 43 18 0 2
0 1 30 20 0 1
0 1 93 43 1 0
0 1 121 15 0 4
0 1 49 8 0 2
0 1 101 9 1 0
0 1 105 28 0 4
0 1 127 19 1 4
0 1 76 53 1 0
0 1 123 6 0 1
0 1 35 49 1 3
0 1 120 24 0 0
0 1 91 54 0 2
0 1 139 7 0 3
0 1 67 23 0 4
0 1 114 17 1 2
0 1 103 40 0 4
0 1 111 45 0 3
0 1 26 46 1 1
0 1 38 50 1 2
0 1 18 13 0 3
0 1 13 20 1 2
0 1 3 44 1 2
0 1 129 45 0 4
0 1 23 51 1 2
0 1 119 41 1 1
0 1 36 5 1 2
0 1 44 37 1 4
0 1 54 37 0 3
0 1 74 17 1 4
0 1 69 4 0 4
0 1 79 24 1 3
0 1 57 27 0 4
0 1 1 2 0 0
0 1 8 55 1 0
0 1 32 54 1 3
0 1 102 34 0 4
