0 1 33 48 1 2
0 1 56 22 1 4
0 1 9 27 1 1
0 1 101 11 1 2
0 1 74 37 0 4
0 1 38 33 1 2
0 1 130 2 0 1
0 1 36 20 0 2
0 1 10 31 0 4
0 1 92 45 1 4
0 1 63 7 1 4
0 1 74 54 1 4
0 1 13 26 0 2
0 1 48 44 1 1
0 1 6 38 1 3
0 1 101 10 0 3
0 1 76 4 1 1
0 1 59 9 0 4
0 1 70 13 1 1
0 1 4 29 0 3
0 1 59 24 1 0
0 1 4 6 1 2
0 1 1 8 1 0
0 1 83 0 1 0
0 1 27 47 0 0
0 1 54 37 0 0
0 1 110 14 0 0
0 1 22 9 0 3
0 1 118 50 0 2
0 1 60 1 1 3
0 1 70 36 0 2
0 1 30 16 0 3
0 1 90 46 1 4
0 1 114 53 1 2
0 1 127 43 0 0
0 1 16 23 1 3
0 1 84 18 1 2
0 1 79 21 0 0
0 1 44 28 0 4
0 1 107 31 1 2
0 1 126 41 0 3
0 1 100 42 0 4
0 1 133 52 0 3
0 1 3 5 1 1
0 1 81 30 0 0
0 1 17 15 0 1
0 1 75 12 0 1
0 1 44 25 1 0
0 1 1 15 0 0
0 1 26 17 1 4
0 1 132 53 1 4
0 1 29 20 1 4
0 1 134 23 1 2
0 1 137 5 1 4
0 1 130 1 1 2
0 1 17 49 1 3
0 1 80 38 1 2
0 1 65 30 0 2
0 1 102 44 1 3
0 1 13 55 1 1
0 1 64 43 0 3
0 1 23 38 0 0
0 1 131 36 0 1
0 1 97 35 1 0
0 1 88 47 0 2
0 1 12 27 1 2
0 1 75 2 1 2
0 1 128 32 1 3
0 1 127 22 1 1
0 1 121 17 0 2
0 1 45 20 0 3
0 1 11 2 0 4
0 1 93 41 0 2
0 1 53 1 0 0
0 1 38 24 0 4
0 1 105 28 1 2
0 1 139 18 1 0
0 1 50 19 1 2
0 1 104 11 1 0
0 1 67 19 1 0
0 1 54 55 1 4
0 1 18 25 0 2
0 1 76 3 0 4
0 1 33 29 0 2
0 1 26 34 0 4
0 1 85 4 1 4
0 1 50 39 0 1
0 1 95 12 0 3
0 1 35 40 1 4
0 1 113 5 0 0
0 1 2 55 0 0
0 1 39 27 1 4
0 1 112 17 1 0
0 1 72 7 1 3
0 1 81 0 1 2
0 1 124 42 1 3
0 1 121 35 1 2
0 1 136 19 0 4
0 1 111 26 1 3
0 1 62 18 0 4
0 1 139 30 0 1
0 1 102 37 0 3
0 1 5 14 1 1
0 1 103 37 0 1
0 1 34 23 0 1
0 1 86 46 0 2
0 1 64 51 1 1
0 1 22 54 1 3
0 1 126 21 1 1
0 1 120 25 1 4
0 1 58 39 0 2
0 1 71 42 0 1
0 1 138 3 0 0
0 1 60 32 0 4
0 1 138 51 1 4
0 1 77 24 1 1
0 1 15 45 1 3
0 1 134 28 0 0
0 1 99 16 1 4
0 1 32 9 0 2
0 1 115 6 1 0
0 1 96 51 0 0
0 1 0 2 1 3
0 1 25 18 1 1
0 1 48 32 0 1
0 1 120 47 0 4
0 1 31 6 1 3
0 1 47 34 1 0
0 1 83 17 0 3
0 1 57 3 1 2
0 1 123 52 1 2
0 1 82 40 0 1
0 1 73 50 0 1
0 1 107 5 0 3
0 1 98 35 0 4
0 1 99 53 0 1
0 1 129 41 1 1
0 1 52 36 1 0
0 1 49 30 0 3
0 1 79 15 1 4
0 1 7 46 0 0
0 1 24 39 0 3
0 1 66 10 0 1
0 1 89 17 1 1
0 1 115 11 0 1
0 1 18 16 1 1
0 1 41 43 0 4
0 1 68 7 0 0
0 1 37 26 1 1
0 1 16 50 0 0
0 1 119 9 0 1
0 1 37 13 0 3
0 1 133 10 1 0
0 1 119 19 1 1
0 1 43 12 1 0
0 1 90 31 0 1
0 1 136 12 1 4
0 1 24 8 1 3
0 1 124 43 0 2
0 1 15 26 0 4
0 1 46 36 1 3
0 1 78 28 0 1
0 1 20 33 1 0
0 1 106 48 0 3
0 1 94 45 1 1
0 1 77 20 0 1
0 1 128 1 0 4
0 1 55 49 1 0
0 1 8 8 0 2
0 1 94 15 0 3
0 1 57 24 0 2
0 1 30 45 1 0
0 1 29 34 0 2
0 1 2 35 1 1
0 1 122 22 0 0
0 1 41 21 1 3
0 1 51 41 0 4
0 1 63 53 0 0
0 1 21 43 1 1
0 1 104 48 0 0
0 1 69 16 1 0
0 1 56 47 0 1
0 1 108 4 0 0
0 1 87 49 1 1
0 1 86 8 1 1
0 1 19 22 1 2
0 1 12 7 0 1
0 1 131 39 1 0
0 1 42 4 0 2
0 1 116 51 1 2
0 1 39 6 0 1
0 1 109 19 1 3
0 1 34 0 1 4
0 1 108 29 1 0
0 1 65 9 1 0
0 1 111 28 0 3
0 1 47 14 0 4
0 1 87 13 0 2
0 1 122 14 1 3
0 1 40 55 1 3
0 1 116 45 0 2
0 1 40 50 0 4
0 1 91 25 0 1
0 1 68 44 1 4
0 1 93 55 1 2
0 1 8 0 1 3
0 1 69 48 0 1
0 1 3 10 0 2
0 1 109 15 0 2
0 1 82 1 1 1
0 1 135 3 0 3
0 1 19 32 0 0
0 1 84 52 0 4
0 1 91 18 1 3
0 1 129 44 0 2
0 1 53 24 1 3
0 1 52 40 0 3
0 1 110 41 1 0
0 1 71 33 1 3
0 1 31 52 0 1
0 1 9 30 0 4
0 1 113 54 1 2
0 1 49 7 1 2
0 1 45 40 1 0
0 1 72 49 0 4
0 1 28 27 0 3
0 1 43 21 0 4
0 1 6 11 0 4
0 1 114 46 0 1
0 1 80 37 0 2
0 1 23 53 1 3
0 1 125 47 0 3
0 1 67 32 0 2
0 1 35 23 0 4
0 1 78 33 1 4
0 1 135 3 1 1
0 1 98 5 1 2
0 1 21 38 0 1
0 1 25 23 0 0
0 1 97 52 0 0
0 1 51 51 1 3
0 1 5 31 0 0
0 1 20 16 0 2
0 1 62 21 1 2
0 1 100 46 1 3
0 1 10 13 1 4
0 1 28 40 1 2
0 1 95 4 1 3
0 1 132 22 0 3
0 1 117 34 1 3
0 1 85 20 0 0
0 1 106 35 1 3
