0 1 137 42 0 0
0 1 139 52 0 3
0 1 77 22 1 0
0 1 38 18 1 1
0 1 17 6 0 1
0 1 129 49 1 4
0 1 115 40 1 3
0 1 108 26 1 4
0 1 139 47 1 3
0 1 127 9 0 2
0 1 117 50 1 1
0 1 16 33 0 2
0 1 60 0 1 1
0 1 98 3 0 1
0 1 30 14 0 2
0 1 106 24 0 0
0 1 13 49 1 1
0 1 136 44 0 2
0 1 77 29 0 2
0 1 51 34 1 2
0 1 55 34 0 1
0 1 100 17 1 3
0 1 25 1 0 3
0 1 126 15 1 2
0 1 98 36 1 4
0 1 105 8 1 2
0 1 118 43 0 3
0 1 47 45 0 3
0 1 3 25 1 3
0 1 101 33 0 3
0 1 122 53 1 1
0 1 1 5 0 3
0 1 74 15 1 3
0 1 52 51 0 3
0 1 84 48 1 1
0 1 8 36 0 1
0 1 44 30 1 2
0 1 133 7 1 2
0 1 138 6 1 4
0 1 40 40 1 4
0 1 26 20 0 4
0 1 35 12 1 4
0 1 37 23 0 3
0 1 96 21 0 2
0 1 110 29 1 3
0 1 55 53 1 4
0 1 75 14 1 3
0 1 18 38 0 2
0 1 134 31 0 4
0 1 54 10 1 4
0 1 65 45 0 2
0 1 16 0 1 0
0 1 48 24 0 1
0 1 50 50 1 2
0 1 76 19 1 0
0 1 108 38 0 3
0 1 104 43 0 4
0 1 21 46 1 3
0 1 53 19 0 1
0 1 137 9 1 4
0 1 30 39 1 4
0 1 15 32 1 1
0 1 67 35 1 2
0 1 86 44 0 4
0 1 116 28 0 4
0 1 45 42 1 2
0 1 35 23 0 0
0 1 29 51 0 4
0 1 34 44 0 3
0 1 124 16 1 1
0 1 4 25 0 1
0 1 51 14 0 0
0 1 6 41 0 2
0 1 66 12 0 0
0 1 80 27 0 0
0 1 107 3 0 4
0 1 61 36 1 3
0 1 119 47 0 2
0 1 0 34 0 3
0 1 74 1 0 1
0 1 21 16 0 0
0 1 24 52 1 4
0 1 34 7 1 4
0 1 101 54 1 3
0 1 70 48 1 0
0 1 111 38 1 4
0 1 91 4 1 1
0 1 128 17 1 2
0 1 52 21 1 0
0 1 113 37 1 2
0 1 4 11 1 3
0 1 9 46 1 1
0 1 46 26 1 2
0 1 32 12 1 2
0 1 136 43 1 0
0 1 60 13 0 2
0 1 12 51 0 0
0 1 121 37 1 3
0 1 1 25 1 4
0 1 119 9 1 3
0 1 44 47 0 0
0 1 65 25 1 2
0 1 28 28 0 0
0 1 93 20 1 1
0 1 99 18 1 3
0 1 124 16 0 3
0 1 59 55 0 2
0 1 90 1 1 0
0 1 69 4 1 0
0 1 10 19 1 3
0 1 132 2 1 3
0 1 79 47 1 1
0 1 37 15 1 0
0 1 54 29 0 0
0 1 69 50 0 0
0 1 13 23 0 4
0 1 89 52 0 0
0 1 64 40 1 1
0 1 24 32 0 0
0 1 27 26 0 0
0 1 64 54 0 4
0 1 46 5 0 1
0 1 87 45 1 1
0 1 81 0 0 2
0 1 41 55 1 0
0 1 63 30 0 3
0 1 9 11 0 0
0 1 128 28 0 2
0 1 112 22 1 1
0 1 125 31 0 3
0 1 41 35 0 0
0 1 103 49 1 3
0 1 57 22 0 2
0 1 57 35 1 3
0 1 105 31 0 0
0 1 71 20 1 0
0 1 7 10 1 2
0 1 62 32 1 2
0 1 94 41 0 4
0 1 97 27 1 2
0 1 8 17 1 0
0 1 123 2 1 2
0 1 6 7 1 1
0 1 18 42 1 4
0 1 86 52 1 1
0 1 28 18 1 2
0 1 138 32 0 4
0 1 33 30 1 0
0 1 14 51 0 2
0 1 85 39 0 1
0 1 78 14 0 4
0 1 75 12 0 1
0 1 58 49 1 0
0 1 122 20 0 2
0 1 59 13 1 3
0 1 111 34 0 4
0 1 84 21 0 1
0 1 56 10 1 1
0 1 58 16 0 4
0 1 83 39 0 2
0 1 134 31 1 2
0 1 116 42 1 1
0 1 92 55 1 1
0 1 135 12 0 3
0 1 53 2 1 1
0 1 19 39 0 0
0 1 49 4 1 3
0 1 114 13 0 0
0 1 39 41 1 0
0 1 49 15 0 4
0 1 19 38 1 0
0 1 31 19 0 2
0 1 100 46 0 4
0 1 62 28 0 3
0 1 14 35 1 1
0 1 61 3 0 0
0 1 115 4 0 4
0 1 72 44 0 0
0 1 90 55 0 4
0 1 10 45 0 0
0 1 73 8 0 1
0 1 23 50 1 4
0 1 11 34 1 0
0 1 38 37 0 1
0 1 113 36 0 2
0 1 73 11 1 2
0 1 15 9 0 0
0 1 129 17 0 4
0 1 102 53 1 2
0 1 120 53 1 0
0 1 22 27 0 1
0 1 87 29 0 1
0 1 106 6 1 0
0 1 76 41 0 1
0 1 47 6 1 3
0 1 2 5 0 2
0 1 92 52 0 2
0 1 123 15 0 1
0 1 43 8 1 3
0 1 91 23 0 2
0 1 93 13 0 4
0 1 89 51 1 1
0 1 130 46 0 0
0 1 95 5 0 4
0 1 103 36 0 0
0 1 20 2 0 0
0 1 94 32 1 3
0 1 81 39 1 3
0 1 68 54 1 2
0 1 3 27 0 3
0 1 88 21 0 3
0 1 132 28 0 1
0 1 99 14 0 1
0 1 131 26 1 3
0 1 56 43 0 1
0 1 23 6 0 2
0 1 107 48 1 3
0 1 25 37 1 0
0 1 82 24 1 2
0 1 114 41 1 3
0 1 66 33 1 1
0 1 109 1 0 2
0 1 5 33 0 4
0 1 109 48 1 2
0 1 36 27 0 4
0 1 112 18 0 4
0 1 7 10 0 3
0 1 31 9 1 1
0 1 83 25 1 0
0 1 17 24 1 4
0 1 48 40 1 2
0 1 121 2 0 4
0 1 70 23 0 1
0 1 118 53 1 3
0 1 135 33 1 0
0 1 45 20 0 3
0 1 127 35 1 4
0 1 39 7 0 3
0 1 97 13 0 1
0 1 42 11 1 4
0 1 133 54 0 0
0 1 5 40 1 0
0 1 42 16 0 2
0 1 20 7 1 0
0 1 2 24 1 3
0 1 27 54 1 1
0 1 40 46 0 2
0 1 131 4 0 2
0 1 95 49 1 2
0 1 29 0 1 4
0 1 104 22 1 4
0 1 110 8 0 4
