0 1 97 48 1 4
0 1 91 0 1 3
0 1 37 6 1 0
0 1 40 0 0 0
0 1 25 50 1 3
0 1 106 42 1 4
0 1 111 22 0 4
0 1 11 42 1 0
0 1 24 27 1 0
0 1 45 17 0 1
0 1 72 51 1 3
0 1 92 19 0 0
0 1 24 31 0 1
0 1 134 30 0 4
0 1 93 19 1 3
0 1 46 3 0 2
0 1 76 28 0 1
0 1 94 25 0 3
0 1 49 18 0 0
0 1 98 55 1 4
0 1 55 21 0 1
0 1 119 51 0 2
0 1 112 20 1 2
0 1 95 32 0 0
0 1 114 0 0 2
0 1 108 9 0 0
0 1 124 8 1 4
0 1 1 37 0 2
0 1 39 18 0 3
0 1 42 38 1 0
0 1 97 53 0 3
0 1 9 43 1 4
0 1 78 4 1 3
0 1 84 16 0 0
0 1 14 24 1 1
0 1 127 52 1 0
0 1 13 7 1 2
0 1 131 13 0 4
0 1 25 17 0 2
0 1 129 15 0 1
0 1 93 46 0 3
0 1 1 47 1 0
0 1 115 54 1 4
0 1 116 44 0 1
0 1 60 26 0 3
0 1 51 39 1 0
0 1 6 50 1 0
0 1 101 2 0 2
0 1 123 8 1 1
0 1 6 53 0 1
0 1 89 29 1 2
0 1 15 26 1 2
0 1 123 1 0 2
0 1 83 41 1 0
0 1 12 10 0 1
0 1 32 18 1 1
0 1 124 52 0 4
0 1 35 10 0 3
0 1 38 37 1 1
0 1 135 27 0 2
0 1 2 49 0 4
0 1 79 22 1 3
0 1 71 30 1 3
0 1 17 39 0 3
0 1 85 43 0 0
0 1 49 12 1 2
0 1 122 36 0 2
0 1 29 23 1 0
0 1 108 5 1 3
0 1 86 16 0 4
0 1 48 4 1 0
0 1 41 13 0 1
0 1 120 19 1 1
0 1 117 1 1 1
0 1 126 51 1 0
0 1 101 9 1 2
0 1 78 35 0 4
0 1 105 32 0 1
0 1 116 14 1 0
0 1 20 23 1 4
0 1 113 28 1 3
0 1 22 45 1 0
0 1 52 11 1 1
0 1 28 31 0 3
0 1 53 31 0 4
0 1 29 33 0 3
0 1 88 27 0 1
0 1 102 40 1 4
0 1 120 16 0 2
0 1 18 7 0 1
0 1 66 24 1 0
0 1 77 47 0 4
0 1 125 36 0 3
0 1 73 44 1 0
0 1 126 55 0 2
0 1 137 11 1 3
0 1 66 2 0 1
0 1 74 47 1 1
0 1 62 34 1 4
0 1 128 24 1 4
0 1 85 54 1 3
0 1 58 41 0 4
0 1 4 50 1 2
0 1 134 45 1 4
0 1 10 33 0 4
0 1 139 43 0 1
0 1 99 43 0 2
0 1 68 35 1 2
0 1 67 15 0 2
0 1 138 23 0 1
0 1 59 39 1 1
0 1 136 46 0 0
0 1 90 9 1 3
0 1 59 32 0 4
0 1 91 37 0 4
0 1 36 3 0 4
0 1 27 22 1 2
0 1 14 34 0 3
0 1 89 10 0 4
0 1 92 5 1 4
0 1 104 31 0 2
0 1 23 40 1 2
0 1 21 6 1 4
0 1 54 48 0 1
0 1 5 32 0 3
0 1 94 25 1 2
0 1 118 37 1 0
0 1 122 45 1 2
0 1 47 34 1 0
0 1 21 4 0 1
0 1 51 10 0 0
0 1 0 25 0 0
0 1 118 9 0 4
0 1 28 3 1 0
0 1 61 44 0 2
0 1 8 33 0 2
0 1 16 21 1 4
0 1 34 7 1 3
0 1 8 53 1 0
0 1 26 14 0 1
0 1 99 38 1 1
0 1 95 20 1 4
0 1 133 55 1 0
0 1 96 28 0 0
0 1 54 33 1 0
0 1 137 54 0 2
0 1 70 44 0 3
0 1 130 34 0 2
0 1 26 12 1 1
0 1 33 12 1 3
0 1 68 48 0 0
0 1 45 15 1 3
0 1 117 38 0 4
0 1 102 11 0 4
0 1 4 35 0 0
0 1 100 21 1 0
0 1 115 24 0 3
0 1 57 18 1 4
0 1 64 2 0 3
0 1 32 50 0 1
0 1 107 36 0 1
0 1 16 38 0 2
0 1 38 37 0 3
0 1 96 28 1 4
0 1 20 16 0 3
0 1 103 3 1 3
0 1 0 29 1 0
0 1 42 28 0 2
0 1 47 14 0 2
0 1 39 11 1 2
0 1 31 22 1 0
0 1 80 20 0 1
0 1 65 13 1 3
0 1 111 11 1 0
0 1 33 39 0 2
0 1 127 49 0 0
0 1 50 47 0 2
0 1 128 36 0 0
0 1 100 6 0 3
0 1 11 4 0 2
0 1 82 7 1 0
0 1 86 2 1 0
0 1 69 5 1 0
0 1 23 49 0 2
0 1 119 35 1 3
0 1 40 38 1 3
0 1 135 6 1 2
0 1 56 30 0 0
0 1 75 30 0 1
0 1 71 55 0 1
0 1 15 48 0 2
0 1 3 42 0 2
0 1 43 29 1 3
0 1 82 17 0 0
0 1 87 13 1 2
0 1 81 36 0 4
0 1 17 2 1 4
0 1 19 8 0 0
0 1 63 6 1 1
0 1 84 21 1 3
0 1 83 42 0 3
0 1 79 8 0 3
0 1 50 0 1 4
0 1 136 49 1 3
0 1 112 23 0 3
0 1 36 23 1 2
0 1 107 20 1 0
0 1 63 46 0 1
0 1 2 41 1 2
0 1 48 47 0 3
0 1 13 41 0 3
0 1 133 53 0 2
0 1 106 46 0 2
0 1 30 20 0 3
0 1 37 54 0 1
0 1 10 0 1 1
0 1 121 34 1 1
0 1 22 17 0 4
0 1 139 1 1 0
0 1 98 14 0 3
0 1 44 1 1 3
0 1 57 49 0 1
0 1 46 30 1 2
0 1 41 22 1 1
0 1 69 7 0 4
0 1 87 46 0 4
0 1 30 52 1 3
0 1 12 5 1 2
0 1 90 29 0 4
0 1 125 5 1 1
0 1 31 19 0 2
0 1 132 43 1 3
0 1 74 17 0 3
0 1 113 16 0 1
0 1 103 40 0 3
0 1 72 18 0 2
0 1 131 45 1 1
0 1 88 52 1 2
0 1 65 13 0 0
0 1 81 29 1 1
0 1 109 12 1 0
0 1 121 27 0 3
0 1 43 39 0 4
0 1 64 9 1 1
0 1 53 15 1 4
0 1 56 50 1 4
0 1 130 40 1 0
0 1 7 25 1 4
0 1 132 19 0 4
0 1 9 33 0 1
0 1 77 14 1 4
0 1 70 48 1 3
